20230730-113324-5379 00094 * StartViewChange (replica.cc:254):   [1] Starting view change for view 1
20230730-113324-5598 00094 * EnterView       (replica.cc:230):   [1] Entering new view 1
20230730-113327-0595 00094 * HandleRequestStateTransfer (replica.cc:753):   [1] Sending state transfer from <1,7083> to <1,7089>
20230730-113327-0596 00094 * HandleRequestStateTransfer (replica.cc:753):   [1] Sending state transfer from <1,7084> to <1,7089>
20230730-113327-0601 00094 * HandleRequestStateTransfer (replica.cc:753):   [1] Sending state transfer from <1,7086> to <1,7093>
20230730-113327-0604 00094 * HandleRequestStateTransfer (replica.cc:753):   [1] Sending state transfer from <1,7087> to <1,7096>
20230730-113327-0605 00094 * HandleRequestStateTransfer (replica.cc:753):   [1] Sending state transfer from <1,7088> to <1,7097>
20230730-113327-1725 00094 * HandleRequestStateTransfer (replica.cc:753):   [1] Sending state transfer from <1,8159> to <1,8161>
20230730-113327-1727 00094 * HandleRequestStateTransfer (replica.cc:753):   [1] Sending state transfer from <1,8160> to <1,8162>
20230730-113327-1728 00094 * HandleRequestStateTransfer (replica.cc:753):   [1] Sending state transfer from <1,8161> to <1,8162>
20230730-113327-2375 00094 * HandleRequestStateTransfer (replica.cc:753):   [1] Sending state transfer from <1,8753> to <1,8763>
20230730-113327-2376 00094 * HandleRequestStateTransfer (replica.cc:753):   [1] Sending state transfer from <1,8753> to <1,8764>
20230730-113327-2377 00094 * HandleRequestStateTransfer (replica.cc:753):   [1] Sending state transfer from <1,8755> to <1,8764>
20230730-113327-2378 00094 * HandleRequestStateTransfer (replica.cc:753):   [1] Sending state transfer from <1,8756> to <1,8764>
20230730-113327-2378 00094 * HandleRequestStateTransfer (replica.cc:753):   [1] Sending state transfer from <1,8755> to <1,8764>
20230730-113327-2380 00094 * HandleRequestStateTransfer (replica.cc:753):   [1] Sending state transfer from <1,8759> to <1,8764>
20230730-113327-2380 00094 * HandleRequestStateTransfer (replica.cc:753):   [1] Sending state transfer from <1,8756> to <1,8764>
20230730-113327-2381 00094 * SendMessageInternal (udptransport.cc:448): Sending large replication.vr.proto.StateTransferMessage message in 2 fragments
20230730-113327-2381 00094 * HandleRequestStateTransfer (replica.cc:753):   [1] Sending state transfer from <1,8760> to <1,8764>
20230730-113327-2382 00094 * HandleRequestStateTransfer (replica.cc:753):   [1] Sending state transfer from <1,8759> to <1,8764>
20230730-113327-2383 00094 * HandleRequestStateTransfer (replica.cc:753):   [1] Sending state transfer from <1,8761> to <1,8764>
20230730-113327-2384 00094 * HandleRequestStateTransfer (replica.cc:753):   [1] Sending state transfer from <1,8760> to <1,8764>
20230730-113327-2385 00094 * HandleRequestStateTransfer (replica.cc:753):   [1] Sending state transfer from <1,8761> to <1,8764>
20230730-113327-3203 00094 * HandleRequestStateTransfer (replica.cc:753):   [1] Sending state transfer from <1,9523> to <1,9536>
20230730-113327-3205 00094 * HandleRequestStateTransfer (replica.cc:753):   [1] Sending state transfer from <1,9525> to <1,9538>
20230730-113327-3207 00094 * HandleRequestStateTransfer (replica.cc:753):   [1] Sending state transfer from <1,9526> to <1,9540>
20230730-113327-3209 00094 * HandleRequestStateTransfer (replica.cc:753):   [1] Sending state transfer from <1,9527> to <1,9541>
20230730-113327-3209 00094 * SendMessageInternal (udptransport.cc:448): Sending large replication.vr.proto.StateTransferMessage message in 2 fragments
20230730-113327-3211 00094 * HandleRequestStateTransfer (replica.cc:753):   [1] Sending state transfer from <1,9528> to <1,9544>
20230730-113327-3213 00094 * HandleRequestStateTransfer (replica.cc:753):   [1] Sending state transfer from <1,9531> to <1,9544>
20230730-113327-3214 00094 * SendMessageInternal (udptransport.cc:448): Sending large replication.vr.proto.StateTransferMessage message in 2 fragments
20230730-113327-3217 00094 * HandleRequestStateTransfer (replica.cc:753):   [1] Sending state transfer from <1,9534> to <1,9548>
20230730-113327-3240 00094 * HandleRequestStateTransfer (replica.cc:753):   [1] Sending state transfer from <1,9558> to <1,9571>
20230730-113327-4863 00094 * HandleRequestStateTransfer (replica.cc:753):   [1] Sending state transfer from <1,11021> to <1,11024>
20230730-113327-4865 00094 * HandleRequestStateTransfer (replica.cc:753):   [1] Sending state transfer from <1,11021> to <1,11025>
20230730-113327-4866 00094 * HandleRequestStateTransfer (replica.cc:753):   [1] Sending state transfer from <1,11023> to <1,11025>
20230730-113327-4867 00094 * HandleRequestStateTransfer (replica.cc:753):   [1] Sending state transfer from <1,11024> to <1,11025>
20230730-113327-4868 00094 * HandleRequestStateTransfer (replica.cc:753):   [1] Sending state transfer from <1,11023> to <1,11025>
20230730-113327-4868 00094 * HandleRequestStateTransfer (replica.cc:753):   [1] Sending state transfer from <1,11024> to <1,11025>
20230730-113328-2327 00094 * HandleRequestStateTransfer (replica.cc:753):   [1] Sending state transfer from <1,16497> to <1,16534>
20230730-113328-2328 00094 * SendMessageInternal (udptransport.cc:448): Sending large replication.vr.proto.StateTransferMessage message in 2 fragments
20230730-113328-9010 00094 * HandleRequestStateTransfer (replica.cc:753):   [1] Sending state transfer from <1,22766> to <1,22766>
20230730-113329-4512 00094 * HandleRequestStateTransfer (replica.cc:753):   [1] Sending state transfer from <1,27290> to <1,27292>
20230730-113329-4514 00094 * HandleRequestStateTransfer (replica.cc:753):   [1] Sending state transfer from <1,27291> to <1,27293>
20230730-113329-4515 00094 * HandleRequestStateTransfer (replica.cc:753):   [1] Sending state transfer from <1,27292> to <1,27293>
20230730-113329-6107 00094 * HandleRequestStateTransfer (replica.cc:753):   [1] Sending state transfer from <1,28450> to <1,28450>
20230730-113329-6374 00094 * HandleRequestStateTransfer (replica.cc:753):   [1] Sending state transfer from <1,28661> to <1,28666>
20230730-113329-6375 00094 * HandleRequestStateTransfer (replica.cc:753):   [1] Sending state transfer from <1,28664> to <1,28667>
20230730-113329-6376 00094 * HandleRequestStateTransfer (replica.cc:753):   [1] Sending state transfer from <1,28665> to <1,28667>
20230730-113329-6377 00094 * HandleRequestStateTransfer (replica.cc:753):   [1] Sending state transfer from <1,28666> to <1,28667>
20230730-113331-6859 00094 * HandleRequest   (replica.cc:447):   [1] Received duplicate request; resending reply
20230730-113331-8065 00094 * HandleRequest   (replica.cc:447):   [1] Received duplicate request; resending reply
20230730-113336-5653 00094 * HandleRequest   (replica.cc:447):   [1] Received duplicate request; resending reply
20230730-113337-8987 00094 * HandleRequestStateTransfer (replica.cc:753):   [1] Sending state transfer from <1,50853> to <1,50853>
20230730-113338-5527 00094 * HandleRequestStateTransfer (replica.cc:753):   [1] Sending state transfer from <1,52591> to <1,52592>
20230730-113346-0651 00094 * HandleRequestStateTransfer (replica.cc:753):   [1] Sending state transfer from <1,70625> to <1,70626>
20230730-113350-0932 00094 * HandleRequest   (replica.cc:447):   [1] Received duplicate request; resending reply
20230730-113351-2643 00094 * HandleRequestStateTransfer (replica.cc:753):   [1] Sending state transfer from <1,81289> to <1,81289>
20230730-113353-7167 00094 * HandleRequest   (replica.cc:447):   [1] Received duplicate request; resending reply
20230730-113356-8026 00094 * HandleRequest   (replica.cc:447):   [1] Received duplicate request; resending reply
20230730-113359-0092 00094 * HandleRequest   (replica.cc:447):   [1] Received duplicate request; resending reply
20230730-113400-9792 00094 * HandleRequest   (replica.cc:447):   [1] Received duplicate request; resending reply
20230730-113401-0080 00094 * HandleRequest   (replica.cc:447):   [1] Received duplicate request; resending reply
20230730-113404-9925 00094 * HandleRequestStateTransfer (replica.cc:753):   [1] Sending state transfer from <1,106036> to <1,106037>
20230730-113408-4753 00094 * HandleRequestStateTransfer (replica.cc:753):   [1] Sending state transfer from <1,117921> to <1,117928>
20230730-113408-4755 00094 * HandleRequestStateTransfer (replica.cc:753):   [1] Sending state transfer from <1,117923> to <1,117929>
20230730-113408-4755 00094 * HandleRequestStateTransfer (replica.cc:753):   [1] Sending state transfer from <1,117924> to <1,117929>
20230730-113408-4757 00094 * HandleRequestStateTransfer (replica.cc:753):   [1] Sending state transfer from <1,117928> to <1,117929>
20230730-113408-5014 00094 * HandleRequestStateTransfer (replica.cc:753):   [1] Sending state transfer from <1,118146> to <1,118155>
20230730-113408-5018 00094 * HandleRequestStateTransfer (replica.cc:753):   [1] Sending state transfer from <1,118149> to <1,118156>
20230730-113408-5019 00094 * HandleRequestStateTransfer (replica.cc:753):   [1] Sending state transfer from <1,118150> to <1,118156>
20230730-113408-5021 00094 * HandleRequestStateTransfer (replica.cc:753):   [1] Sending state transfer from <1,118151> to <1,118156>
20230730-113408-5022 00094 * HandleRequestStateTransfer (replica.cc:753):   [1] Sending state transfer from <1,118152> to <1,118156>
20230730-113408-5024 00094 * HandleRequestStateTransfer (replica.cc:753):   [1] Sending state transfer from <1,118154> to <1,118156>
20230730-113408-5026 00094 * HandleRequestStateTransfer (replica.cc:753):   [1] Sending state transfer from <1,118155> to <1,118156>
20230730-113408-7509 00094 * HandleRequestStateTransfer (replica.cc:753):   [1] Sending state transfer from <1,120401> to <1,120412>
20230730-113408-7511 00094 * HandleRequestStateTransfer (replica.cc:753):   [1] Sending state transfer from <1,120402> to <1,120413>
20230730-113408-7512 00094 * HandleRequestStateTransfer (replica.cc:753):   [1] Sending state transfer from <1,120403> to <1,120413>
20230730-113408-7514 00094 * HandleRequestStateTransfer (replica.cc:753):   [1] Sending state transfer from <1,120406> to <1,120413>
20230730-113408-7515 00094 * HandleRequestStateTransfer (replica.cc:753):   [1] Sending state transfer from <1,120407> to <1,120413>
20230730-113408-7517 00094 * HandleRequestStateTransfer (replica.cc:753):   [1] Sending state transfer from <1,120408> to <1,120413>
20230730-113408-7517 00094 * HandleRequestStateTransfer (replica.cc:753):   [1] Sending state transfer from <1,120409> to <1,120413>
20230730-113408-7521 00094 * HandleRequestStateTransfer (replica.cc:753):   [1] Sending state transfer from <1,120412> to <1,120413>
20230730-113408-9102 00094 * HandleRequestStateTransfer (replica.cc:753):   [1] Sending state transfer from <1,122003> to <1,122011>
20230730-113408-9102 00094 * SendMessageInternal (udptransport.cc:448): Sending large replication.vr.proto.StateTransferMessage message in 2 fragments
20230730-113408-9105 00094 * HandleRequestStateTransfer (replica.cc:753):   [1] Sending state transfer from <1,122005> to <1,122012>
20230730-113408-9105 00094 * SendMessageInternal (udptransport.cc:448): Sending large replication.vr.proto.StateTransferMessage message in 2 fragments
20230730-113408-9106 00094 * HandleRequestStateTransfer (replica.cc:753):   [1] Sending state transfer from <1,122007> to <1,122012>
20230730-113408-9107 00094 * SendMessageInternal (udptransport.cc:448): Sending large replication.vr.proto.StateTransferMessage message in 2 fragments
20230730-113408-9109 00094 * HandleRequestStateTransfer (replica.cc:753):   [1] Sending state transfer from <1,122008> to <1,122012>
20230730-113408-9109 00094 * SendMessageInternal (udptransport.cc:448): Sending large replication.vr.proto.StateTransferMessage message in 2 fragments
20230730-113408-9110 00094 * HandleRequestStateTransfer (replica.cc:753):   [1] Sending state transfer from <1,122009> to <1,122012>
20230730-113408-9110 00094 * SendMessageInternal (udptransport.cc:448): Sending large replication.vr.proto.StateTransferMessage message in 2 fragments
20230730-113408-9111 00094 * HandleRequestStateTransfer (replica.cc:753):   [1] Sending state transfer from <1,122010> to <1,122012>
20230730-113408-9111 00094 * SendMessageInternal (udptransport.cc:448): Sending large replication.vr.proto.StateTransferMessage message in 2 fragments
20230730-113409-0933 00094 * HandleRequestStateTransfer (replica.cc:753):   [1] Sending state transfer from <1,123644> to <1,123652>
20230730-113409-0933 00094 * SendMessageInternal (udptransport.cc:448): Sending large replication.vr.proto.StateTransferMessage message in 2 fragments
20230730-113409-0935 00094 * HandleRequestStateTransfer (replica.cc:753):   [1] Sending state transfer from <1,123646> to <1,123653>
20230730-113409-0936 00094 * SendMessageInternal (udptransport.cc:448): Sending large replication.vr.proto.StateTransferMessage message in 2 fragments
20230730-113409-0937 00094 * HandleRequestStateTransfer (replica.cc:753):   [1] Sending state transfer from <1,123647> to <1,123653>
20230730-113409-0937 00094 * SendMessageInternal (udptransport.cc:448): Sending large replication.vr.proto.StateTransferMessage message in 2 fragments
20230730-113409-0938 00094 * HandleRequestStateTransfer (replica.cc:753):   [1] Sending state transfer from <1,123648> to <1,123653>
20230730-113409-0938 00094 * SendMessageInternal (udptransport.cc:448): Sending large replication.vr.proto.StateTransferMessage message in 2 fragments
20230730-113409-0940 00094 * HandleRequestStateTransfer (replica.cc:753):   [1] Sending state transfer from <1,123649> to <1,123653>
20230730-113409-0940 00094 * SendMessageInternal (udptransport.cc:448): Sending large replication.vr.proto.StateTransferMessage message in 2 fragments
20230730-113409-0942 00094 * HandleRequestStateTransfer (replica.cc:753):   [1] Sending state transfer from <1,123651> to <1,123653>
20230730-113409-0942 00094 * SendMessageInternal (udptransport.cc:448): Sending large replication.vr.proto.StateTransferMessage message in 2 fragments
20230730-113409-6254 00094 * HandleRequestStateTransfer (replica.cc:753):   [1] Sending state transfer from <1,127325> to <1,127330>
20230730-113409-6258 00094 * HandleRequestStateTransfer (replica.cc:753):   [1] Sending state transfer from <1,127326> to <1,127331>
20230730-113409-6259 00094 * HandleRequestStateTransfer (replica.cc:753):   [1] Sending state transfer from <1,127328> to <1,127331>
20230730-113409-6259 00094 * HandleRequestStateTransfer (replica.cc:753):   [1] Sending state transfer from <1,127329> to <1,127331>
20230730-113409-7122 00094 * HandleRequestStateTransfer (replica.cc:753):   [1] Sending state transfer from <1,128028> to <1,128031>
20230730-113409-7125 00094 * HandleRequestStateTransfer (replica.cc:753):   [1] Sending state transfer from <1,128031> to <1,128032>
20230730-113409-7426 00094 * HandleRequestStateTransfer (replica.cc:753):   [1] Sending state transfer from <1,128369> to <1,128370>
20230730-113409-7427 00094 * HandleRequestStateTransfer (replica.cc:753):   [1] Sending state transfer from <1,128370> to <1,128371>
20230730-113409-7685 00094 * HandleRequestStateTransfer (replica.cc:753):   [1] Sending state transfer from <1,128667> to <1,128669>
20230730-113409-7687 00094 * HandleRequestStateTransfer (replica.cc:753):   [1] Sending state transfer from <1,128668> to <1,128670>
20230730-113409-7688 00094 * HandleRequestStateTransfer (replica.cc:753):   [1] Sending state transfer from <1,128669> to <1,128670>
20230730-113409-7690 00094 * HandleRequestStateTransfer (replica.cc:753):   [1] Sending state transfer from <1,128670> to <1,128673>
20230730-113409-8044 00094 * HandleRequestStateTransfer (replica.cc:753):   [1] Sending state transfer from <1,129039> to <1,129041>
20230730-113409-8045 00094 * HandleRequestStateTransfer (replica.cc:753):   [1] Sending state transfer from <1,129040> to <1,129042>
20230730-113409-8568 00094 * HandleRequestStateTransfer (replica.cc:753):   [1] Sending state transfer from <1,129549> to <1,129555>
20230730-113409-8570 00094 * HandleRequestStateTransfer (replica.cc:753):   [1] Sending state transfer from <1,129551> to <1,129556>
20230730-113409-8572 00094 * HandleRequestStateTransfer (replica.cc:753):   [1] Sending state transfer from <1,129552> to <1,129556>
20230730-113409-8573 00094 * HandleRequestStateTransfer (replica.cc:753):   [1] Sending state transfer from <1,129554> to <1,129556>
20230730-113409-8574 00094 * HandleRequestStateTransfer (replica.cc:753):   [1] Sending state transfer from <1,129555> to <1,129556>
20230730-113410-1356 00094 * HandleRequestStateTransfer (replica.cc:753):   [1] Sending state transfer from <1,131000> to <1,131042>
20230730-113410-1476 00094 * SendMessageInternal (udptransport.cc:448): Sending large replication.vr.proto.StateTransferMessage message in 3 fragments
20230730-113410-1487 00094 * HandleRequestStateTransfer (replica.cc:753):   [1] Sending state transfer from <1,131042> to <1,131042>
20230730-113410-1488 00094 * SendMessageInternal (udptransport.cc:448): Sending large replication.vr.proto.StateTransferMessage message in 2 fragments
20230730-113410-4240 00094 * HandleRequestStateTransfer (replica.cc:753):   [1] Sending state transfer from <1,133448> to <1,133448>
20230730-113410-5351 00094 * HandleRequestStateTransfer (replica.cc:753):   [1] Sending state transfer from <1,134419> to <1,134421>
20230730-113410-5355 00094 * HandleRequestStateTransfer (replica.cc:753):   [1] Sending state transfer from <1,134420> to <1,134422>
20230730-113410-9942 00094 * HandleRequestStateTransfer (replica.cc:753):   [1] Sending state transfer from <1,136117> to <1,136118>
20230730-113410-9944 00094 * HandleRequestStateTransfer (replica.cc:753):   [1] Sending state transfer from <1,136118> to <1,136119>
20230730-113411-1129 00094 ! Prepare         (lockstore.cc:86):  Lots of prepared transactions! 101
20230730-113411-1130 00094 ! Prepare         (lockstore.cc:86):  Lots of prepared transactions! 101
20230730-113411-1131 00094 ! Prepare         (lockstore.cc:86):  Lots of prepared transactions! 101
20230730-113411-1132 00094 ! Prepare         (lockstore.cc:86):  Lots of prepared transactions! 101
20230730-113411-1132 00094 ! Prepare         (lockstore.cc:86):  Lots of prepared transactions! 101
20230730-113411-1133 00094 ! Prepare         (lockstore.cc:86):  Lots of prepared transactions! 101
20230730-113411-1134 00094 ! Prepare         (lockstore.cc:86):  Lots of prepared transactions! 101
20230730-113411-1134 00094 ! Prepare         (lockstore.cc:86):  Lots of prepared transactions! 101
20230730-113411-1135 00094 ! Prepare         (lockstore.cc:86):  Lots of prepared transactions! 101
20230730-113411-1135 00094 ! Prepare         (lockstore.cc:86):  Lots of prepared transactions! 101
20230730-113411-1136 00094 ! Prepare         (lockstore.cc:86):  Lots of prepared transactions! 101
20230730-113411-1137 00094 ! Prepare         (lockstore.cc:86):  Lots of prepared transactions! 101
20230730-113411-1137 00094 ! Prepare         (lockstore.cc:86):  Lots of prepared transactions! 101
20230730-113411-1138 00094 ! Prepare         (lockstore.cc:86):  Lots of prepared transactions! 101
20230730-113411-1139 00094 ! Prepare         (lockstore.cc:86):  Lots of prepared transactions! 101
20230730-113411-1140 00094 ! Prepare         (lockstore.cc:86):  Lots of prepared transactions! 101
20230730-113411-1141 00094 ! Prepare         (lockstore.cc:86):  Lots of prepared transactions! 101
20230730-113411-1141 00094 ! Prepare         (lockstore.cc:86):  Lots of prepared transactions! 101
20230730-113411-1142 00094 ! Prepare         (lockstore.cc:86):  Lots of prepared transactions! 101
20230730-113411-1143 00094 ! Prepare         (lockstore.cc:86):  Lots of prepared transactions! 101
20230730-113411-1143 00094 ! Prepare         (lockstore.cc:86):  Lots of prepared transactions! 101
20230730-113411-1144 00094 ! Prepare         (lockstore.cc:86):  Lots of prepared transactions! 101
20230730-113411-1145 00094 ! Prepare         (lockstore.cc:86):  Lots of prepared transactions! 101
20230730-113411-1146 00094 ! Prepare         (lockstore.cc:86):  Lots of prepared transactions! 101
20230730-113411-1146 00094 ! Prepare         (lockstore.cc:86):  Lots of prepared transactions! 101
20230730-113411-1147 00094 ! Prepare         (lockstore.cc:86):  Lots of prepared transactions! 101
20230730-113411-1148 00094 ! Prepare         (lockstore.cc:86):  Lots of prepared transactions! 101
20230730-113411-1148 00094 ! Prepare         (lockstore.cc:86):  Lots of prepared transactions! 101
20230730-113411-1149 00094 ! Prepare         (lockstore.cc:86):  Lots of prepared transactions! 101
20230730-113411-1149 00094 ! Prepare         (lockstore.cc:86):  Lots of prepared transactions! 101
20230730-113411-1150 00094 ! Prepare         (lockstore.cc:86):  Lots of prepared transactions! 101
20230730-113411-1151 00094 ! Prepare         (lockstore.cc:86):  Lots of prepared transactions! 101
20230730-113411-1151 00094 ! Prepare         (lockstore.cc:86):  Lots of prepared transactions! 101
20230730-113411-1152 00094 ! Prepare         (lockstore.cc:86):  Lots of prepared transactions! 101
20230730-113411-1153 00094 ! Prepare         (lockstore.cc:86):  Lots of prepared transactions! 101
20230730-113411-1153 00094 ! Prepare         (lockstore.cc:86):  Lots of prepared transactions! 101
20230730-113411-1584 00094 ! Prepare         (lockstore.cc:86):  Lots of prepared transactions! 101
20230730-113411-1585 00094 ! Prepare         (lockstore.cc:86):  Lots of prepared transactions! 101
20230730-113411-1586 00094 ! Prepare         (lockstore.cc:86):  Lots of prepared transactions! 101
20230730-113411-1587 00094 ! Prepare         (lockstore.cc:86):  Lots of prepared transactions! 101
20230730-113411-1588 00094 ! Prepare         (lockstore.cc:86):  Lots of prepared transactions! 101
20230730-113411-1588 00094 ! Prepare         (lockstore.cc:86):  Lots of prepared transactions! 101
20230730-113411-1589 00094 ! Prepare         (lockstore.cc:86):  Lots of prepared transactions! 101
20230730-113411-1590 00094 ! Prepare         (lockstore.cc:86):  Lots of prepared transactions! 101
20230730-113411-1590 00094 ! Prepare         (lockstore.cc:86):  Lots of prepared transactions! 102
20230730-113411-1591 00094 ! Prepare         (lockstore.cc:86):  Lots of prepared transactions! 102
20230730-113411-1592 00094 ! Prepare         (lockstore.cc:86):  Lots of prepared transactions! 102
20230730-113411-1593 00094 ! Prepare         (lockstore.cc:86):  Lots of prepared transactions! 102
20230730-113411-1593 00094 ! Prepare         (lockstore.cc:86):  Lots of prepared transactions! 102
20230730-113411-1594 00094 ! Prepare         (lockstore.cc:86):  Lots of prepared transactions! 102
20230730-113411-1595 00094 ! Prepare         (lockstore.cc:86):  Lots of prepared transactions! 102
20230730-113411-1596 00094 ! Prepare         (lockstore.cc:86):  Lots of prepared transactions! 102
20230730-113411-1596 00094 ! Prepare         (lockstore.cc:86):  Lots of prepared transactions! 102
20230730-113411-1597 00094 ! Prepare         (lockstore.cc:86):  Lots of prepared transactions! 102
20230730-113411-1598 00094 ! Prepare         (lockstore.cc:86):  Lots of prepared transactions! 102
20230730-113411-1599 00094 ! Prepare         (lockstore.cc:86):  Lots of prepared transactions! 102
20230730-113411-1599 00094 ! Prepare         (lockstore.cc:86):  Lots of prepared transactions! 102
20230730-113411-1600 00094 ! Prepare         (lockstore.cc:86):  Lots of prepared transactions! 102
20230730-113411-1601 00094 ! Prepare         (lockstore.cc:86):  Lots of prepared transactions! 102
20230730-113411-1601 00094 ! Prepare         (lockstore.cc:86):  Lots of prepared transactions! 102
20230730-113411-1602 00094 ! Prepare         (lockstore.cc:86):  Lots of prepared transactions! 102
20230730-113411-1602 00094 ! Prepare         (lockstore.cc:86):  Lots of prepared transactions! 102
20230730-113411-1603 00094 ! Prepare         (lockstore.cc:86):  Lots of prepared transactions! 102
20230730-113411-1604 00094 ! Prepare         (lockstore.cc:86):  Lots of prepared transactions! 102
20230730-113411-1604 00094 ! Prepare         (lockstore.cc:86):  Lots of prepared transactions! 102
20230730-113411-1605 00094 ! Prepare         (lockstore.cc:86):  Lots of prepared transactions! 102
20230730-113411-1606 00094 ! Prepare         (lockstore.cc:86):  Lots of prepared transactions! 102
20230730-113411-1607 00094 ! Prepare         (lockstore.cc:86):  Lots of prepared transactions! 102
20230730-113411-1608 00094 ! Prepare         (lockstore.cc:86):  Lots of prepared transactions! 102
20230730-113411-1609 00094 ! Prepare         (lockstore.cc:86):  Lots of prepared transactions! 102
20230730-113411-1609 00094 ! Prepare         (lockstore.cc:86):  Lots of prepared transactions! 102
20230730-113411-1610 00094 ! Prepare         (lockstore.cc:86):  Lots of prepared transactions! 102
20230730-113411-1610 00094 ! Prepare         (lockstore.cc:86):  Lots of prepared transactions! 102
20230730-113411-1611 00094 ! Prepare         (lockstore.cc:86):  Lots of prepared transactions! 102
20230730-113411-1612 00094 ! Prepare         (lockstore.cc:86):  Lots of prepared transactions! 102
20230730-113411-1613 00094 ! Prepare         (lockstore.cc:86):  Lots of prepared transactions! 102
20230730-113411-1614 00094 ! Prepare         (lockstore.cc:86):  Lots of prepared transactions! 102
20230730-113411-1614 00094 ! Prepare         (lockstore.cc:86):  Lots of prepared transactions! 102
20230730-113411-1615 00094 ! Prepare         (lockstore.cc:86):  Lots of prepared transactions! 102
20230730-113411-1616 00094 ! Prepare         (lockstore.cc:86):  Lots of prepared transactions! 102
20230730-113411-1616 00094 ! Prepare         (lockstore.cc:86):  Lots of prepared transactions! 102
20230730-113411-1617 00094 ! Prepare         (lockstore.cc:86):  Lots of prepared transactions! 102
20230730-113411-1618 00094 ! Prepare         (lockstore.cc:86):  Lots of prepared transactions! 102
20230730-113411-1618 00094 ! Prepare         (lockstore.cc:86):  Lots of prepared transactions! 102
20230730-113411-1619 00094 ! Prepare         (lockstore.cc:86):  Lots of prepared transactions! 102
20230730-113411-1620 00094 ! Prepare         (lockstore.cc:86):  Lots of prepared transactions! 102
20230730-113411-1621 00094 ! Prepare         (lockstore.cc:86):  Lots of prepared transactions! 102
20230730-113411-1621 00094 ! Prepare         (lockstore.cc:86):  Lots of prepared transactions! 102
20230730-113411-1622 00094 ! Prepare         (lockstore.cc:86):  Lots of prepared transactions! 102
20230730-113411-1623 00094 ! Prepare         (lockstore.cc:86):  Lots of prepared transactions! 102
20230730-113411-1623 00094 ! Prepare         (lockstore.cc:86):  Lots of prepared transactions! 102
20230730-113411-1624 00094 ! Prepare         (lockstore.cc:86):  Lots of prepared transactions! 102
20230730-113411-1625 00094 ! Prepare         (lockstore.cc:86):  Lots of prepared transactions! 102
20230730-113411-1625 00094 ! Prepare         (lockstore.cc:86):  Lots of prepared transactions! 102
20230730-113411-1626 00094 ! Prepare         (lockstore.cc:86):  Lots of prepared transactions! 102
20230730-113411-1627 00094 ! Prepare         (lockstore.cc:86):  Lots of prepared transactions! 102
20230730-113411-1627 00094 ! Prepare         (lockstore.cc:86):  Lots of prepared transactions! 102
20230730-113411-1628 00094 ! Prepare         (lockstore.cc:86):  Lots of prepared transactions! 102
20230730-113411-1629 00094 ! Prepare         (lockstore.cc:86):  Lots of prepared transactions! 102
20230730-113411-1629 00094 ! Prepare         (lockstore.cc:86):  Lots of prepared transactions! 102
20230730-113411-1630 00094 ! Prepare         (lockstore.cc:86):  Lots of prepared transactions! 102
20230730-113411-1631 00094 ! Prepare         (lockstore.cc:86):  Lots of prepared transactions! 102
20230730-113411-1632 00094 ! Prepare         (lockstore.cc:86):  Lots of prepared transactions! 102
20230730-113411-1633 00094 ! Prepare         (lockstore.cc:86):  Lots of prepared transactions! 102
20230730-113411-1634 00094 ! Prepare         (lockstore.cc:86):  Lots of prepared transactions! 102
20230730-113411-1635 00094 ! Prepare         (lockstore.cc:86):  Lots of prepared transactions! 102
20230730-113411-1635 00094 ! Prepare         (lockstore.cc:86):  Lots of prepared transactions! 102
20230730-113411-1636 00094 ! Prepare         (lockstore.cc:86):  Lots of prepared transactions! 102
20230730-113411-1637 00094 ! Prepare         (lockstore.cc:86):  Lots of prepared transactions! 102
20230730-113411-1638 00094 ! Prepare         (lockstore.cc:86):  Lots of prepared transactions! 102
20230730-113411-1641 00094 ! Prepare         (lockstore.cc:86):  Lots of prepared transactions! 102
20230730-113411-1641 00094 ! Prepare         (lockstore.cc:86):  Lots of prepared transactions! 102
20230730-113411-1642 00094 ! Prepare         (lockstore.cc:86):  Lots of prepared transactions! 102
20230730-113411-1643 00094 ! Prepare         (lockstore.cc:86):  Lots of prepared transactions! 102
20230730-113411-1644 00094 ! Prepare         (lockstore.cc:86):  Lots of prepared transactions! 102
20230730-113411-1645 00094 ! Prepare         (lockstore.cc:86):  Lots of prepared transactions! 102
20230730-113411-1646 00094 ! Prepare         (lockstore.cc:86):  Lots of prepared transactions! 102
20230730-113411-1647 00094 ! Prepare         (lockstore.cc:86):  Lots of prepared transactions! 102
20230730-113411-1648 00094 ! Prepare         (lockstore.cc:86):  Lots of prepared transactions! 102
20230730-113411-1648 00094 ! Prepare         (lockstore.cc:86):  Lots of prepared transactions! 102
20230730-113411-1649 00094 ! Prepare         (lockstore.cc:86):  Lots of prepared transactions! 102
20230730-113411-1650 00094 ! Prepare         (lockstore.cc:86):  Lots of prepared transactions! 102
20230730-113411-1651 00094 ! Prepare         (lockstore.cc:86):  Lots of prepared transactions! 102
20230730-113411-1651 00094 ! Prepare         (lockstore.cc:86):  Lots of prepared transactions! 102
20230730-113411-1652 00094 ! Prepare         (lockstore.cc:86):  Lots of prepared transactions! 102
20230730-113411-1653 00094 ! Prepare         (lockstore.cc:86):  Lots of prepared transactions! 102
20230730-113411-1654 00094 ! Prepare         (lockstore.cc:86):  Lots of prepared transactions! 102
20230730-113411-1654 00094 ! Prepare         (lockstore.cc:86):  Lots of prepared transactions! 102
20230730-113411-1655 00094 ! Prepare         (lockstore.cc:86):  Lots of prepared transactions! 102
20230730-113411-1656 00094 ! Prepare         (lockstore.cc:86):  Lots of prepared transactions! 102
20230730-113411-1658 00094 ! Prepare         (lockstore.cc:86):  Lots of prepared transactions! 102
20230730-113411-1658 00094 ! Prepare         (lockstore.cc:86):  Lots of prepared transactions! 102
20230730-113411-1659 00094 ! Prepare         (lockstore.cc:86):  Lots of prepared transactions! 102
20230730-113411-1660 00094 ! Prepare         (lockstore.cc:86):  Lots of prepared transactions! 102
20230730-113411-1661 00094 ! Prepare         (lockstore.cc:86):  Lots of prepared transactions! 102
20230730-113411-1662 00094 ! Prepare         (lockstore.cc:86):  Lots of prepared transactions! 102
20230730-113411-1662 00094 ! Prepare         (lockstore.cc:86):  Lots of prepared transactions! 102
20230730-113411-1663 00094 ! Prepare         (lockstore.cc:86):  Lots of prepared transactions! 102
20230730-113411-1663 00094 ! Prepare         (lockstore.cc:86):  Lots of prepared transactions! 102
20230730-113411-1665 00094 ! Prepare         (lockstore.cc:86):  Lots of prepared transactions! 102
20230730-113411-1665 00094 ! Prepare         (lockstore.cc:86):  Lots of prepared transactions! 102
20230730-113411-1666 00094 ! Prepare         (lockstore.cc:86):  Lots of prepared transactions! 103
20230730-113411-1667 00094 ! Prepare         (lockstore.cc:86):  Lots of prepared transactions! 103
20230730-113411-1667 00094 ! Prepare         (lockstore.cc:86):  Lots of prepared transactions! 103
20230730-113411-1668 00094 ! Prepare         (lockstore.cc:86):  Lots of prepared transactions! 103
20230730-113411-1669 00094 ! Prepare         (lockstore.cc:86):  Lots of prepared transactions! 103
20230730-113411-1669 00094 ! Prepare         (lockstore.cc:86):  Lots of prepared transactions! 103
20230730-113411-1670 00094 ! Prepare         (lockstore.cc:86):  Lots of prepared transactions! 103
20230730-113411-1671 00094 ! Prepare         (lockstore.cc:86):  Lots of prepared transactions! 103
20230730-113411-1672 00094 ! Prepare         (lockstore.cc:86):  Lots of prepared transactions! 103
20230730-113411-1673 00094 ! Prepare         (lockstore.cc:86):  Lots of prepared transactions! 103
20230730-113411-1674 00094 ! Prepare         (lockstore.cc:86):  Lots of prepared transactions! 103
20230730-113411-1674 00094 ! Prepare         (lockstore.cc:86):  Lots of prepared transactions! 103
20230730-113411-1675 00094 ! Prepare         (lockstore.cc:86):  Lots of prepared transactions! 103
20230730-113411-1675 00094 ! Prepare         (lockstore.cc:86):  Lots of prepared transactions! 102
20230730-113411-1676 00094 ! Prepare         (lockstore.cc:86):  Lots of prepared transactions! 102
20230730-113411-1676 00094 ! Prepare         (lockstore.cc:86):  Lots of prepared transactions! 102
20230730-113411-1677 00094 ! Prepare         (lockstore.cc:86):  Lots of prepared transactions! 102
20230730-113411-1678 00094 ! Prepare         (lockstore.cc:86):  Lots of prepared transactions! 102
20230730-113411-1679 00094 ! Prepare         (lockstore.cc:86):  Lots of prepared transactions! 102
20230730-113411-1680 00094 ! Prepare         (lockstore.cc:86):  Lots of prepared transactions! 102
20230730-113411-1681 00094 ! Prepare         (lockstore.cc:86):  Lots of prepared transactions! 102
20230730-113411-1681 00094 ! Prepare         (lockstore.cc:86):  Lots of prepared transactions! 102
20230730-113411-1682 00094 ! Prepare         (lockstore.cc:86):  Lots of prepared transactions! 102
20230730-113411-1682 00094 ! Prepare         (lockstore.cc:86):  Lots of prepared transactions! 102
20230730-113411-1683 00094 ! Prepare         (lockstore.cc:86):  Lots of prepared transactions! 102
20230730-113411-1683 00094 ! Prepare         (lockstore.cc:86):  Lots of prepared transactions! 102
20230730-113411-1684 00094 ! Prepare         (lockstore.cc:86):  Lots of prepared transactions! 102
20230730-113411-1684 00094 ! Prepare         (lockstore.cc:86):  Lots of prepared transactions! 102
20230730-113411-1685 00094 ! Prepare         (lockstore.cc:86):  Lots of prepared transactions! 102
20230730-113411-1685 00094 ! Prepare         (lockstore.cc:86):  Lots of prepared transactions! 102
20230730-113411-1686 00094 ! Prepare         (lockstore.cc:86):  Lots of prepared transactions! 102
20230730-113411-1687 00094 ! Prepare         (lockstore.cc:86):  Lots of prepared transactions! 102
20230730-113411-1687 00094 ! Prepare         (lockstore.cc:86):  Lots of prepared transactions! 102
20230730-113411-1688 00094 ! Prepare         (lockstore.cc:86):  Lots of prepared transactions! 102
20230730-113411-1689 00094 ! Prepare         (lockstore.cc:86):  Lots of prepared transactions! 102
20230730-113411-1689 00094 ! Prepare         (lockstore.cc:86):  Lots of prepared transactions! 102
20230730-113411-1690 00094 ! Prepare         (lockstore.cc:86):  Lots of prepared transactions! 102
20230730-113411-1691 00094 ! Prepare         (lockstore.cc:86):  Lots of prepared transactions! 102
20230730-113411-1692 00094 ! Prepare         (lockstore.cc:86):  Lots of prepared transactions! 102
20230730-113411-1692 00094 ! Prepare         (lockstore.cc:86):  Lots of prepared transactions! 103
20230730-113411-1693 00094 ! Prepare         (lockstore.cc:86):  Lots of prepared transactions! 103
20230730-113411-1694 00094 ! Prepare         (lockstore.cc:86):  Lots of prepared transactions! 103
20230730-113411-1694 00094 ! Prepare         (lockstore.cc:86):  Lots of prepared transactions! 103
20230730-113411-1695 00094 ! Prepare         (lockstore.cc:86):  Lots of prepared transactions! 103
20230730-113411-1696 00094 ! Prepare         (lockstore.cc:86):  Lots of prepared transactions! 103
20230730-113411-1697 00094 ! Prepare         (lockstore.cc:86):  Lots of prepared transactions! 102
20230730-113411-1698 00094 ! Prepare         (lockstore.cc:86):  Lots of prepared transactions! 102
20230730-113411-1698 00094 ! Prepare         (lockstore.cc:86):  Lots of prepared transactions! 102
20230730-113411-1699 00094 ! Prepare         (lockstore.cc:86):  Lots of prepared transactions! 102
20230730-113411-1699 00094 ! Prepare         (lockstore.cc:86):  Lots of prepared transactions! 102
20230730-113411-1700 00094 ! Prepare         (lockstore.cc:86):  Lots of prepared transactions! 102
20230730-113411-1701 00094 ! Prepare         (lockstore.cc:86):  Lots of prepared transactions! 102
20230730-113411-1701 00094 ! Prepare         (lockstore.cc:86):  Lots of prepared transactions! 102
20230730-113411-1702 00094 ! Prepare         (lockstore.cc:86):  Lots of prepared transactions! 102
20230730-113411-1703 00094 ! Prepare         (lockstore.cc:86):  Lots of prepared transactions! 102
20230730-113411-1703 00094 ! Prepare         (lockstore.cc:86):  Lots of prepared transactions! 102
20230730-113411-1704 00094 ! Prepare         (lockstore.cc:86):  Lots of prepared transactions! 102
20230730-113411-1704 00094 ! Prepare         (lockstore.cc:86):  Lots of prepared transactions! 102
20230730-113411-1705 00094 ! Prepare         (lockstore.cc:86):  Lots of prepared transactions! 102
20230730-113411-1705 00094 ! Prepare         (lockstore.cc:86):  Lots of prepared transactions! 102
20230730-113411-1706 00094 ! Prepare         (lockstore.cc:86):  Lots of prepared transactions! 102
20230730-113411-1706 00094 ! Prepare         (lockstore.cc:86):  Lots of prepared transactions! 102
20230730-113411-1707 00094 ! Prepare         (lockstore.cc:86):  Lots of prepared transactions! 102
20230730-113411-1708 00094 ! Prepare         (lockstore.cc:86):  Lots of prepared transactions! 102
20230730-113411-1708 00094 ! Prepare         (lockstore.cc:86):  Lots of prepared transactions! 102
20230730-113411-1709 00094 ! Prepare         (lockstore.cc:86):  Lots of prepared transactions! 102
20230730-113411-1710 00094 ! Prepare         (lockstore.cc:86):  Lots of prepared transactions! 102
20230730-113411-1711 00094 ! Prepare         (lockstore.cc:86):  Lots of prepared transactions! 102
20230730-113411-1711 00094 ! Prepare         (lockstore.cc:86):  Lots of prepared transactions! 102
20230730-113411-1712 00094 ! Prepare         (lockstore.cc:86):  Lots of prepared transactions! 102
20230730-113411-1712 00094 ! Prepare         (lockstore.cc:86):  Lots of prepared transactions! 102
20230730-113411-1713 00094 ! Prepare         (lockstore.cc:86):  Lots of prepared transactions! 102
20230730-113411-1714 00094 ! Prepare         (lockstore.cc:86):  Lots of prepared transactions! 102
20230730-113411-1715 00094 ! Prepare         (lockstore.cc:86):  Lots of prepared transactions! 102
20230730-113411-1716 00094 ! Prepare         (lockstore.cc:86):  Lots of prepared transactions! 102
20230730-113411-1716 00094 ! Prepare         (lockstore.cc:86):  Lots of prepared transactions! 102
20230730-113411-1717 00094 ! Prepare         (lockstore.cc:86):  Lots of prepared transactions! 102
20230730-113411-1718 00094 ! Prepare         (lockstore.cc:86):  Lots of prepared transactions! 102
20230730-113411-1718 00094 ! Prepare         (lockstore.cc:86):  Lots of prepared transactions! 102
20230730-113411-1720 00094 ! Prepare         (lockstore.cc:86):  Lots of prepared transactions! 101
20230730-113411-1721 00094 ! Prepare         (lockstore.cc:86):  Lots of prepared transactions! 101
20230730-113411-1721 00094 ! Prepare         (lockstore.cc:86):  Lots of prepared transactions! 101
20230730-113411-1722 00094 ! Prepare         (lockstore.cc:86):  Lots of prepared transactions! 101
20230730-113411-1723 00094 ! Prepare         (lockstore.cc:86):  Lots of prepared transactions! 101
20230730-113411-1723 00094 ! Prepare         (lockstore.cc:86):  Lots of prepared transactions! 101
20230730-113411-1724 00094 ! Prepare         (lockstore.cc:86):  Lots of prepared transactions! 101
20230730-113411-1724 00094 ! Prepare         (lockstore.cc:86):  Lots of prepared transactions! 101
20230730-113411-1725 00094 ! Prepare         (lockstore.cc:86):  Lots of prepared transactions! 101
20230730-113411-1726 00094 ! Prepare         (lockstore.cc:86):  Lots of prepared transactions! 101
20230730-113411-1726 00094 ! Prepare         (lockstore.cc:86):  Lots of prepared transactions! 101
20230730-113411-1727 00094 ! Prepare         (lockstore.cc:86):  Lots of prepared transactions! 101
20230730-113411-2096 00094 ! Prepare         (lockstore.cc:86):  Lots of prepared transactions! 101
20230730-113411-2097 00094 ! Prepare         (lockstore.cc:86):  Lots of prepared transactions! 101
20230730-113411-2098 00094 ! Prepare         (lockstore.cc:86):  Lots of prepared transactions! 101
20230730-113411-2099 00094 ! Prepare         (lockstore.cc:86):  Lots of prepared transactions! 101
20230730-113411-2099 00094 ! Prepare         (lockstore.cc:86):  Lots of prepared transactions! 101
20230730-113411-2100 00094 ! Prepare         (lockstore.cc:86):  Lots of prepared transactions! 101
20230730-113411-2101 00094 ! Prepare         (lockstore.cc:86):  Lots of prepared transactions! 101
20230730-113411-2102 00094 ! Prepare         (lockstore.cc:86):  Lots of prepared transactions! 101
20230730-113411-2103 00094 ! Prepare         (lockstore.cc:86):  Lots of prepared transactions! 101
20230730-113411-2103 00094 ! Prepare         (lockstore.cc:86):  Lots of prepared transactions! 101
20230730-113411-2104 00094 ! Prepare         (lockstore.cc:86):  Lots of prepared transactions! 101
20230730-113411-2105 00094 ! Prepare         (lockstore.cc:86):  Lots of prepared transactions! 101
20230730-113411-2105 00094 ! Prepare         (lockstore.cc:86):  Lots of prepared transactions! 101
20230730-113411-2106 00094 ! Prepare         (lockstore.cc:86):  Lots of prepared transactions! 101
20230730-113411-2106 00094 ! Prepare         (lockstore.cc:86):  Lots of prepared transactions! 101
20230730-113411-2107 00094 ! Prepare         (lockstore.cc:86):  Lots of prepared transactions! 101
20230730-113411-2108 00094 ! Prepare         (lockstore.cc:86):  Lots of prepared transactions! 101
20230730-113411-2108 00094 ! Prepare         (lockstore.cc:86):  Lots of prepared transactions! 101
20230730-113411-2109 00094 ! Prepare         (lockstore.cc:86):  Lots of prepared transactions! 101
20230730-113411-2110 00094 ! Prepare         (lockstore.cc:86):  Lots of prepared transactions! 101
20230730-113411-2110 00094 ! Prepare         (lockstore.cc:86):  Lots of prepared transactions! 101
20230730-113411-2111 00094 ! Prepare         (lockstore.cc:86):  Lots of prepared transactions! 101
20230730-113411-2112 00094 ! Prepare         (lockstore.cc:86):  Lots of prepared transactions! 101
20230730-113411-2113 00094 ! Prepare         (lockstore.cc:86):  Lots of prepared transactions! 101
20230730-113411-2113 00094 ! Prepare         (lockstore.cc:86):  Lots of prepared transactions! 101
20230730-113411-2114 00094 ! Prepare         (lockstore.cc:86):  Lots of prepared transactions! 101
20230730-113411-2115 00094 ! Prepare         (lockstore.cc:86):  Lots of prepared transactions! 101
20230730-113411-2115 00094 ! Prepare         (lockstore.cc:86):  Lots of prepared transactions! 101
20230730-113411-2116 00094 ! Prepare         (lockstore.cc:86):  Lots of prepared transactions! 101
20230730-113411-2116 00094 ! Prepare         (lockstore.cc:86):  Lots of prepared transactions! 101
20230730-113411-2117 00094 ! Prepare         (lockstore.cc:86):  Lots of prepared transactions! 101
20230730-113411-2118 00094 ! Prepare         (lockstore.cc:86):  Lots of prepared transactions! 101
20230730-113411-2120 00094 ! Prepare         (lockstore.cc:86):  Lots of prepared transactions! 101
20230730-113411-2121 00094 ! Prepare         (lockstore.cc:86):  Lots of prepared transactions! 101
20230730-113411-2122 00094 ! Prepare         (lockstore.cc:86):  Lots of prepared transactions! 101
20230730-113411-2122 00094 ! Prepare         (lockstore.cc:86):  Lots of prepared transactions! 101
20230730-113411-2123 00094 ! Prepare         (lockstore.cc:86):  Lots of prepared transactions! 101
20230730-113411-2123 00094 ! Prepare         (lockstore.cc:86):  Lots of prepared transactions! 101
20230730-113411-2124 00094 ! Prepare         (lockstore.cc:86):  Lots of prepared transactions! 101
20230730-113411-2124 00094 ! Prepare         (lockstore.cc:86):  Lots of prepared transactions! 101
20230730-113411-2125 00094 ! Prepare         (lockstore.cc:86):  Lots of prepared transactions! 101
20230730-113411-2125 00094 ! Prepare         (lockstore.cc:86):  Lots of prepared transactions! 101
20230730-113411-2126 00094 ! Prepare         (lockstore.cc:86):  Lots of prepared transactions! 101
20230730-113411-2127 00094 ! Prepare         (lockstore.cc:86):  Lots of prepared transactions! 101
20230730-113411-2127 00094 ! Prepare         (lockstore.cc:86):  Lots of prepared transactions! 101
20230730-113411-2127 00094 ! Prepare         (lockstore.cc:86):  Lots of prepared transactions! 101
20230730-113411-2128 00094 ! Prepare         (lockstore.cc:86):  Lots of prepared transactions! 101
20230730-113411-2129 00094 ! Prepare         (lockstore.cc:86):  Lots of prepared transactions! 101
20230730-113411-2130 00094 ! Prepare         (lockstore.cc:86):  Lots of prepared transactions! 101
20230730-113411-2130 00094 ! Prepare         (lockstore.cc:86):  Lots of prepared transactions! 101
20230730-113411-2131 00094 ! Prepare         (lockstore.cc:86):  Lots of prepared transactions! 101
20230730-113411-2131 00094 ! Prepare         (lockstore.cc:86):  Lots of prepared transactions! 101
20230730-113411-2132 00094 ! Prepare         (lockstore.cc:86):  Lots of prepared transactions! 101
20230730-113411-2132 00094 ! Prepare         (lockstore.cc:86):  Lots of prepared transactions! 101
20230730-113411-2133 00094 ! Prepare         (lockstore.cc:86):  Lots of prepared transactions! 101
20230730-113411-2133 00094 ! Prepare         (lockstore.cc:86):  Lots of prepared transactions! 101
20230730-113411-2134 00094 ! Prepare         (lockstore.cc:86):  Lots of prepared transactions! 101
20230730-113411-2134 00094 ! Prepare         (lockstore.cc:86):  Lots of prepared transactions! 101
20230730-113411-2135 00094 ! Prepare         (lockstore.cc:86):  Lots of prepared transactions! 101
20230730-113411-2135 00094 ! Prepare         (lockstore.cc:86):  Lots of prepared transactions! 101
20230730-113411-2136 00094 ! Prepare         (lockstore.cc:86):  Lots of prepared transactions! 101
20230730-113411-2137 00094 ! Prepare         (lockstore.cc:86):  Lots of prepared transactions! 101
20230730-113411-2137 00094 ! Prepare         (lockstore.cc:86):  Lots of prepared transactions! 101
20230730-113411-2138 00094 ! Prepare         (lockstore.cc:86):  Lots of prepared transactions! 101
20230730-113411-2138 00094 ! Prepare         (lockstore.cc:86):  Lots of prepared transactions! 101
20230730-113411-2373 00094 ! Prepare         (lockstore.cc:86):  Lots of prepared transactions! 101
20230730-113411-2374 00094 ! Prepare         (lockstore.cc:86):  Lots of prepared transactions! 101
20230730-113411-2374 00094 ! Prepare         (lockstore.cc:86):  Lots of prepared transactions! 101
20230730-113411-2375 00094 ! Prepare         (lockstore.cc:86):  Lots of prepared transactions! 101
20230730-113411-2375 00094 ! Prepare         (lockstore.cc:86):  Lots of prepared transactions! 101
20230730-113411-2376 00094 ! Prepare         (lockstore.cc:86):  Lots of prepared transactions! 101
20230730-113411-2377 00094 ! Prepare         (lockstore.cc:86):  Lots of prepared transactions! 101
20230730-113411-2378 00094 ! Prepare         (lockstore.cc:86):  Lots of prepared transactions! 101
20230730-113411-2378 00094 ! Prepare         (lockstore.cc:86):  Lots of prepared transactions! 101
20230730-113411-2379 00094 ! Prepare         (lockstore.cc:86):  Lots of prepared transactions! 101
20230730-113411-2380 00094 ! Prepare         (lockstore.cc:86):  Lots of prepared transactions! 101
20230730-113411-2381 00094 ! Prepare         (lockstore.cc:86):  Lots of prepared transactions! 101
20230730-113411-2381 00094 ! Prepare         (lockstore.cc:86):  Lots of prepared transactions! 101
20230730-113411-2382 00094 ! Prepare         (lockstore.cc:86):  Lots of prepared transactions! 101
20230730-113411-2382 00094 ! Prepare         (lockstore.cc:86):  Lots of prepared transactions! 101
20230730-113411-2383 00094 ! Prepare         (lockstore.cc:86):  Lots of prepared transactions! 101
20230730-113411-2384 00094 ! Prepare         (lockstore.cc:86):  Lots of prepared transactions! 101
20230730-113411-2385 00094 ! Prepare         (lockstore.cc:86):  Lots of prepared transactions! 101
20230730-113411-2385 00094 ! Prepare         (lockstore.cc:86):  Lots of prepared transactions! 101
20230730-113411-2386 00094 ! Prepare         (lockstore.cc:86):  Lots of prepared transactions! 101
20230730-113411-2386 00094 ! Prepare         (lockstore.cc:86):  Lots of prepared transactions! 101
20230730-113411-2387 00094 ! Prepare         (lockstore.cc:86):  Lots of prepared transactions! 101
20230730-113411-2388 00094 ! Prepare         (lockstore.cc:86):  Lots of prepared transactions! 101
20230730-113411-2389 00094 ! Prepare         (lockstore.cc:86):  Lots of prepared transactions! 101
20230730-113411-2389 00094 ! Prepare         (lockstore.cc:86):  Lots of prepared transactions! 101
20230730-113411-2390 00094 ! Prepare         (lockstore.cc:86):  Lots of prepared transactions! 101
20230730-113411-2391 00094 ! Prepare         (lockstore.cc:86):  Lots of prepared transactions! 101
20230730-113411-2391 00094 ! Prepare         (lockstore.cc:86):  Lots of prepared transactions! 101
20230730-113411-2392 00094 ! Prepare         (lockstore.cc:86):  Lots of prepared transactions! 101
20230730-113411-2393 00094 ! Prepare         (lockstore.cc:86):  Lots of prepared transactions! 101
20230730-113411-2393 00094 ! Prepare         (lockstore.cc:86):  Lots of prepared transactions! 101
20230730-113411-2394 00094 ! Prepare         (lockstore.cc:86):  Lots of prepared transactions! 101
20230730-113411-2394 00094 ! Prepare         (lockstore.cc:86):  Lots of prepared transactions! 101
20230730-113411-2395 00094 ! Prepare         (lockstore.cc:86):  Lots of prepared transactions! 101
20230730-113411-2396 00094 ! Prepare         (lockstore.cc:86):  Lots of prepared transactions! 101
20230730-113411-2396 00094 ! Prepare         (lockstore.cc:86):  Lots of prepared transactions! 101
20230730-113411-2397 00094 ! Prepare         (lockstore.cc:86):  Lots of prepared transactions! 101
20230730-113411-2398 00094 ! Prepare         (lockstore.cc:86):  Lots of prepared transactions! 101
20230730-113411-2399 00094 ! Prepare         (lockstore.cc:86):  Lots of prepared transactions! 101
20230730-113411-2400 00094 ! Prepare         (lockstore.cc:86):  Lots of prepared transactions! 101
20230730-113411-2401 00094 ! Prepare         (lockstore.cc:86):  Lots of prepared transactions! 101
20230730-113411-2402 00094 ! Prepare         (lockstore.cc:86):  Lots of prepared transactions! 101
20230730-113411-2402 00094 ! Prepare         (lockstore.cc:86):  Lots of prepared transactions! 101
20230730-113411-2403 00094 ! Prepare         (lockstore.cc:86):  Lots of prepared transactions! 101
20230730-113411-2403 00094 ! Prepare         (lockstore.cc:86):  Lots of prepared transactions! 101
20230730-113411-2404 00094 ! Prepare         (lockstore.cc:86):  Lots of prepared transactions! 101
20230730-113411-2405 00094 ! Prepare         (lockstore.cc:86):  Lots of prepared transactions! 101
20230730-113411-2406 00094 ! Prepare         (lockstore.cc:86):  Lots of prepared transactions! 101
20230730-113411-2407 00094 ! Prepare         (lockstore.cc:86):  Lots of prepared transactions! 101
20230730-113411-2407 00094 ! Prepare         (lockstore.cc:86):  Lots of prepared transactions! 101
20230730-113411-2408 00094 ! Prepare         (lockstore.cc:86):  Lots of prepared transactions! 101
20230730-113411-2409 00094 ! Prepare         (lockstore.cc:86):  Lots of prepared transactions! 101
20230730-113411-2410 00094 ! Prepare         (lockstore.cc:86):  Lots of prepared transactions! 101
20230730-113411-2410 00094 ! Prepare         (lockstore.cc:86):  Lots of prepared transactions! 101
20230730-113411-2411 00094 ! Prepare         (lockstore.cc:86):  Lots of prepared transactions! 101
20230730-113411-2412 00094 ! Prepare         (lockstore.cc:86):  Lots of prepared transactions! 101
20230730-113411-2413 00094 ! Prepare         (lockstore.cc:86):  Lots of prepared transactions! 101
20230730-113411-2414 00094 ! Prepare         (lockstore.cc:86):  Lots of prepared transactions! 101
20230730-113411-2414 00094 ! Prepare         (lockstore.cc:86):  Lots of prepared transactions! 101
20230730-113411-2415 00094 ! Prepare         (lockstore.cc:86):  Lots of prepared transactions! 101
20230730-113411-2416 00094 ! Prepare         (lockstore.cc:86):  Lots of prepared transactions! 101
20230730-113411-2416 00094 ! Prepare         (lockstore.cc:86):  Lots of prepared transactions! 101
20230730-113411-2417 00094 ! Prepare         (lockstore.cc:86):  Lots of prepared transactions! 101
20230730-113411-2418 00094 ! Prepare         (lockstore.cc:86):  Lots of prepared transactions! 101
20230730-113411-2419 00094 ! Prepare         (lockstore.cc:86):  Lots of prepared transactions! 101
20230730-113411-2419 00094 ! Prepare         (lockstore.cc:86):  Lots of prepared transactions! 101
20230730-113411-2420 00094 ! Prepare         (lockstore.cc:86):  Lots of prepared transactions! 101
20230730-113411-2421 00094 ! Prepare         (lockstore.cc:86):  Lots of prepared transactions! 101
20230730-113411-2421 00094 ! Prepare         (lockstore.cc:86):  Lots of prepared transactions! 101
20230730-113411-2422 00094 ! Prepare         (lockstore.cc:86):  Lots of prepared transactions! 101
20230730-113411-2423 00094 ! Prepare         (lockstore.cc:86):  Lots of prepared transactions! 101
20230730-113411-2423 00094 ! Prepare         (lockstore.cc:86):  Lots of prepared transactions! 101
20230730-113411-2424 00094 ! Prepare         (lockstore.cc:86):  Lots of prepared transactions! 101
20230730-113411-2425 00094 ! Prepare         (lockstore.cc:86):  Lots of prepared transactions! 101
20230730-113411-2426 00094 ! Prepare         (lockstore.cc:86):  Lots of prepared transactions! 101
20230730-113411-2427 00094 ! Prepare         (lockstore.cc:86):  Lots of prepared transactions! 101
20230730-113411-2427 00094 ! Prepare         (lockstore.cc:86):  Lots of prepared transactions! 101
20230730-113411-2428 00094 ! Prepare         (lockstore.cc:86):  Lots of prepared transactions! 101
20230730-113411-2429 00094 ! Prepare         (lockstore.cc:86):  Lots of prepared transactions! 101
20230730-113411-2429 00094 ! Prepare         (lockstore.cc:86):  Lots of prepared transactions! 101
20230730-113411-2430 00094 ! Prepare         (lockstore.cc:86):  Lots of prepared transactions! 101
20230730-113411-2430 00094 ! Prepare         (lockstore.cc:86):  Lots of prepared transactions! 101
20230730-113411-2431 00094 ! Prepare         (lockstore.cc:86):  Lots of prepared transactions! 101
20230730-113411-2432 00094 ! Prepare         (lockstore.cc:86):  Lots of prepared transactions! 101
20230730-113411-2433 00094 ! Prepare         (lockstore.cc:86):  Lots of prepared transactions! 101
20230730-113411-2434 00094 ! Prepare         (lockstore.cc:86):  Lots of prepared transactions! 101
20230730-113411-2435 00094 ! Prepare         (lockstore.cc:86):  Lots of prepared transactions! 101
20230730-113411-2435 00094 ! Prepare         (lockstore.cc:86):  Lots of prepared transactions! 101
20230730-113411-2436 00094 ! Prepare         (lockstore.cc:86):  Lots of prepared transactions! 101
20230730-113411-2436 00094 ! Prepare         (lockstore.cc:86):  Lots of prepared transactions! 101
20230730-113411-2437 00094 ! Prepare         (lockstore.cc:86):  Lots of prepared transactions! 101
20230730-113411-2439 00094 ! Prepare         (lockstore.cc:86):  Lots of prepared transactions! 101
20230730-113411-4034 00094 * HandleRequestStateTransfer (replica.cc:753):   [1] Sending state transfer from <1,139456> to <1,139465>
20230730-113411-4037 00094 * HandleRequestStateTransfer (replica.cc:753):   [1] Sending state transfer from <1,139457> to <1,139466>
20230730-113411-4038 00094 * HandleRequestStateTransfer (replica.cc:753):   [1] Sending state transfer from <1,139458> to <1,139466>
20230730-113411-4039 00094 * HandleRequestStateTransfer (replica.cc:753):   [1] Sending state transfer from <1,139459> to <1,139466>
20230730-113411-4040 00094 * HandleRequestStateTransfer (replica.cc:753):   [1] Sending state transfer from <1,139460> to <1,139466>
20230730-113411-4041 00094 * HandleRequestStateTransfer (replica.cc:753):   [1] Sending state transfer from <1,139462> to <1,139466>
20230730-113411-4041 00094 * HandleRequestStateTransfer (replica.cc:753):   [1] Sending state transfer from <1,139465> to <1,139466>
20230730-113418-1846 00094 * HandleRequestStateTransfer (replica.cc:753):   [1] Sending state transfer from <1,155699> to <1,155700>
20230730-113422-7409 00094 * HandleRequestStateTransfer (replica.cc:753):   [1] Sending state transfer from <1,164571> to <1,164571>
