20230730-113324-5412 00055 * HandleRequest   (replica.cc:454):   [0] Received duplicate request but no reply available; ignoring
20230730-113324-5414 00055 * HandleRequest   (replica.cc:454):   [0] Received duplicate request but no reply available; ignoring
20230730-113324-5416 00055 * HandleRequest   (replica.cc:454):   [0] Received duplicate request but no reply available; ignoring
20230730-113324-5418 00055 * HandleRequest   (replica.cc:454):   [0] Received duplicate request but no reply available; ignoring
20230730-113324-5418 00055 * HandleRequest   (replica.cc:454):   [0] Received duplicate request but no reply available; ignoring
20230730-113324-5418 00055 * HandleRequest   (replica.cc:454):   [0] Received duplicate request but no reply available; ignoring
20230730-113324-5419 00055 * HandleRequest   (replica.cc:454):   [0] Received duplicate request but no reply available; ignoring
20230730-113324-5420 00055 * HandleRequest   (replica.cc:454):   [0] Received duplicate request but no reply available; ignoring
20230730-113324-5422 00055 * HandleRequest   (replica.cc:454):   [0] Received duplicate request but no reply available; ignoring
20230730-113324-5422 00055 * HandleRequest   (replica.cc:454):   [0] Received duplicate request but no reply available; ignoring
20230730-113324-5422 00055 * HandleRequest   (replica.cc:454):   [0] Received duplicate request but no reply available; ignoring
20230730-113324-5423 00055 * HandleRequest   (replica.cc:454):   [0] Received duplicate request but no reply available; ignoring
20230730-113324-5423 00055 * HandleRequest   (replica.cc:454):   [0] Received duplicate request but no reply available; ignoring
20230730-113324-5423 00055 * HandleRequest   (replica.cc:454):   [0] Received duplicate request but no reply available; ignoring
20230730-113324-5423 00055 * HandleRequest   (replica.cc:454):   [0] Received duplicate request but no reply available; ignoring
20230730-113324-5424 00055 * HandleRequest   (replica.cc:454):   [0] Received duplicate request but no reply available; ignoring
20230730-113324-5424 00055 * HandleRequest   (replica.cc:454):   [0] Received duplicate request but no reply available; ignoring
20230730-113324-5424 00055 * HandleRequest   (replica.cc:454):   [0] Received duplicate request but no reply available; ignoring
20230730-113324-5424 00055 * HandleRequest   (replica.cc:454):   [0] Received duplicate request but no reply available; ignoring
20230730-113324-5425 00055 * HandleRequest   (replica.cc:454):   [0] Received duplicate request but no reply available; ignoring
20230730-113324-5425 00055 * HandleRequest   (replica.cc:454):   [0] Received duplicate request but no reply available; ignoring
20230730-113324-5425 00055 * HandleRequest   (replica.cc:454):   [0] Received duplicate request but no reply available; ignoring
20230730-113324-5425 00055 * HandleRequest   (replica.cc:454):   [0] Received duplicate request but no reply available; ignoring
20230730-113324-5426 00055 * HandleRequest   (replica.cc:454):   [0] Received duplicate request but no reply available; ignoring
20230730-113324-5426 00055 * HandleRequest   (replica.cc:454):   [0] Received duplicate request but no reply available; ignoring
20230730-113324-5426 00055 * HandleRequest   (replica.cc:454):   [0] Received duplicate request but no reply available; ignoring
20230730-113324-5426 00055 * HandleRequest   (replica.cc:454):   [0] Received duplicate request but no reply available; ignoring
20230730-113324-5426 00055 * HandleRequest   (replica.cc:454):   [0] Received duplicate request but no reply available; ignoring
20230730-113324-5427 00055 * HandleRequest   (replica.cc:454):   [0] Received duplicate request but no reply available; ignoring
20230730-113324-5427 00055 * HandleRequest   (replica.cc:454):   [0] Received duplicate request but no reply available; ignoring
20230730-113324-5427 00055 * HandleRequest   (replica.cc:454):   [0] Received duplicate request but no reply available; ignoring
20230730-113324-5427 00055 * HandleRequest   (replica.cc:447):   [0] Received duplicate request; resending reply
20230730-113324-5428 00055 * HandleRequest   (replica.cc:454):   [0] Received duplicate request but no reply available; ignoring
20230730-113324-5428 00055 * HandleRequest   (replica.cc:454):   [0] Received duplicate request but no reply available; ignoring
20230730-113324-5428 00055 * HandleRequest   (replica.cc:454):   [0] Received duplicate request but no reply available; ignoring
20230730-113324-5429 00055 * HandleRequest   (replica.cc:454):   [0] Received duplicate request but no reply available; ignoring
20230730-113324-5429 00055 * HandleRequest   (replica.cc:454):   [0] Received duplicate request but no reply available; ignoring
20230730-113324-5429 00055 * HandleRequest   (replica.cc:454):   [0] Received duplicate request but no reply available; ignoring
20230730-113324-5430 00055 * HandleRequest   (replica.cc:454):   [0] Received duplicate request but no reply available; ignoring
20230730-113324-5430 00055 * HandleRequest   (replica.cc:454):   [0] Received duplicate request but no reply available; ignoring
20230730-113324-5430 00055 * HandleRequest   (replica.cc:454):   [0] Received duplicate request but no reply available; ignoring
20230730-113324-5430 00055 * HandleRequest   (replica.cc:454):   [0] Received duplicate request but no reply available; ignoring
20230730-113324-5431 00055 * HandleRequest   (replica.cc:454):   [0] Received duplicate request but no reply available; ignoring
20230730-113324-5431 00055 * HandleRequest   (replica.cc:454):   [0] Received duplicate request but no reply available; ignoring
20230730-113324-5431 00055 * HandleRequest   (replica.cc:454):   [0] Received duplicate request but no reply available; ignoring
20230730-113324-5431 00055 * HandleRequest   (replica.cc:454):   [0] Received duplicate request but no reply available; ignoring
20230730-113324-5431 00055 * HandleRequest   (replica.cc:454):   [0] Received duplicate request but no reply available; ignoring
20230730-113324-5432 00055 * HandleRequest   (replica.cc:454):   [0] Received duplicate request but no reply available; ignoring
20230730-113324-5432 00055 * HandleRequest   (replica.cc:454):   [0] Received duplicate request but no reply available; ignoring
20230730-113324-5433 00055 * HandleRequest   (replica.cc:454):   [0] Received duplicate request but no reply available; ignoring
20230730-113324-5433 00055 * HandleRequest   (replica.cc:454):   [0] Received duplicate request but no reply available; ignoring
20230730-113324-5433 00055 * HandleRequest   (replica.cc:454):   [0] Received duplicate request but no reply available; ignoring
20230730-113324-5434 00055 * HandleRequest   (replica.cc:454):   [0] Received duplicate request but no reply available; ignoring
20230730-113324-5434 00055 * HandleRequest   (replica.cc:454):   [0] Received duplicate request but no reply available; ignoring
20230730-113324-5436 00055 * HandleRequest   (replica.cc:454):   [0] Received duplicate request but no reply available; ignoring
20230730-113324-5436 00055 * HandleRequest   (replica.cc:454):   [0] Received duplicate request but no reply available; ignoring
20230730-113324-5438 00055 * HandleRequest   (replica.cc:454):   [0] Received duplicate request but no reply available; ignoring
20230730-113324-5438 00055 * HandleRequest   (replica.cc:454):   [0] Received duplicate request but no reply available; ignoring
20230730-113324-5439 00055 * HandleRequest   (replica.cc:454):   [0] Received duplicate request but no reply available; ignoring
20230730-113324-5440 00055 * HandleRequest   (replica.cc:447):   [0] Received duplicate request; resending reply
20230730-113324-5441 00055 * HandleRequest   (replica.cc:454):   [0] Received duplicate request but no reply available; ignoring
20230730-113324-5442 00055 * HandleRequest   (replica.cc:454):   [0] Received duplicate request but no reply available; ignoring
20230730-113324-5442 00055 * HandleRequest   (replica.cc:454):   [0] Received duplicate request but no reply available; ignoring
20230730-113324-5442 00055 * HandleRequest   (replica.cc:454):   [0] Received duplicate request but no reply available; ignoring
20230730-113324-5442 00055 * HandleRequest   (replica.cc:454):   [0] Received duplicate request but no reply available; ignoring
20230730-113324-5443 00055 * HandleRequest   (replica.cc:454):   [0] Received duplicate request but no reply available; ignoring
20230730-113324-5443 00055 * HandleRequest   (replica.cc:454):   [0] Received duplicate request but no reply available; ignoring
20230730-113324-5443 00055 * HandleRequest   (replica.cc:454):   [0] Received duplicate request but no reply available; ignoring
20230730-113324-5443 00055 * HandleRequest   (replica.cc:454):   [0] Received duplicate request but no reply available; ignoring
20230730-113324-5444 00055 * HandleRequest   (replica.cc:447):   [0] Received duplicate request; resending reply
20230730-113324-5445 00055 * HandleRequest   (replica.cc:454):   [0] Received duplicate request but no reply available; ignoring
20230730-113324-5445 00055 * HandleRequest   (replica.cc:454):   [0] Received duplicate request but no reply available; ignoring
20230730-113324-5445 00055 * HandleRequest   (replica.cc:454):   [0] Received duplicate request but no reply available; ignoring
20230730-113324-5445 00055 * HandleRequest   (replica.cc:454):   [0] Received duplicate request but no reply available; ignoring
20230730-113324-5445 00055 * HandleRequest   (replica.cc:454):   [0] Received duplicate request but no reply available; ignoring
20230730-113324-5446 00055 * HandleRequest   (replica.cc:454):   [0] Received duplicate request but no reply available; ignoring
20230730-113324-5446 00055 * HandleRequest   (replica.cc:454):   [0] Received duplicate request but no reply available; ignoring
20230730-113324-5446 00055 * HandleRequest   (replica.cc:454):   [0] Received duplicate request but no reply available; ignoring
20230730-113324-5447 00055 * HandleRequest   (replica.cc:454):   [0] Received duplicate request but no reply available; ignoring
20230730-113324-5448 00055 * HandleRequest   (replica.cc:454):   [0] Received duplicate request but no reply available; ignoring
20230730-113324-5448 00055 * HandleRequest   (replica.cc:454):   [0] Received duplicate request but no reply available; ignoring
20230730-113324-5448 00055 * HandleRequest   (replica.cc:454):   [0] Received duplicate request but no reply available; ignoring
20230730-113324-5448 00055 * HandleRequest   (replica.cc:454):   [0] Received duplicate request but no reply available; ignoring
20230730-113324-5449 00055 * HandleRequest   (replica.cc:454):   [0] Received duplicate request but no reply available; ignoring
20230730-113324-5449 00055 * HandleRequest   (replica.cc:454):   [0] Received duplicate request but no reply available; ignoring
20230730-113324-5449 00055 * HandleRequest   (replica.cc:454):   [0] Received duplicate request but no reply available; ignoring
20230730-113324-5449 00055 * HandleRequest   (replica.cc:454):   [0] Received duplicate request but no reply available; ignoring
20230730-113324-5449 00055 * HandleRequest   (replica.cc:454):   [0] Received duplicate request but no reply available; ignoring
20230730-113324-5450 00055 * HandleRequest   (replica.cc:454):   [0] Received duplicate request but no reply available; ignoring
20230730-113324-5450 00055 * HandleRequest   (replica.cc:454):   [0] Received duplicate request but no reply available; ignoring
20230730-113324-5450 00055 * HandleRequest   (replica.cc:454):   [0] Received duplicate request but no reply available; ignoring
20230730-113324-5450 00055 * HandleRequest   (replica.cc:454):   [0] Received duplicate request but no reply available; ignoring
20230730-113324-5450 00055 * HandleRequest   (replica.cc:454):   [0] Received duplicate request but no reply available; ignoring
20230730-113324-5451 00055 * HandleRequest   (replica.cc:454):   [0] Received duplicate request but no reply available; ignoring
20230730-113324-5451 00055 * HandleRequest   (replica.cc:454):   [0] Received duplicate request but no reply available; ignoring
20230730-113324-5451 00055 * HandleRequest   (replica.cc:454):   [0] Received duplicate request but no reply available; ignoring
20230730-113324-5452 00055 * HandleRequest   (replica.cc:454):   [0] Received duplicate request but no reply available; ignoring
20230730-113324-5452 00055 * HandleRequest   (replica.cc:454):   [0] Received duplicate request but no reply available; ignoring
20230730-113324-5452 00055 * HandleRequest   (replica.cc:454):   [0] Received duplicate request but no reply available; ignoring
20230730-113324-5452 00055 * HandleRequest   (replica.cc:454):   [0] Received duplicate request but no reply available; ignoring
20230730-113324-5452 00055 * HandleRequest   (replica.cc:454):   [0] Received duplicate request but no reply available; ignoring
20230730-113324-5453 00055 * HandleRequest   (replica.cc:447):   [0] Received duplicate request; resending reply
20230730-113324-5453 00055 * HandleRequest   (replica.cc:454):   [0] Received duplicate request but no reply available; ignoring
20230730-113324-5453 00055 * HandleRequest   (replica.cc:454):   [0] Received duplicate request but no reply available; ignoring
20230730-113324-5453 00055 * HandleRequest   (replica.cc:454):   [0] Received duplicate request but no reply available; ignoring
20230730-113324-5453 00055 * HandleRequest   (replica.cc:454):   [0] Received duplicate request but no reply available; ignoring
20230730-113324-5454 00055 * HandleRequest   (replica.cc:454):   [0] Received duplicate request but no reply available; ignoring
20230730-113324-5454 00055 * HandleRequest   (replica.cc:454):   [0] Received duplicate request but no reply available; ignoring
20230730-113324-5454 00055 * HandleRequest   (replica.cc:447):   [0] Received duplicate request; resending reply
20230730-113324-5455 00055 * HandleRequest   (replica.cc:454):   [0] Received duplicate request but no reply available; ignoring
20230730-113324-5455 00055 * HandleRequest   (replica.cc:454):   [0] Received duplicate request but no reply available; ignoring
20230730-113324-5455 00055 * HandleRequest   (replica.cc:454):   [0] Received duplicate request but no reply available; ignoring
20230730-113324-5456 00055 * HandleRequest   (replica.cc:454):   [0] Received duplicate request but no reply available; ignoring
20230730-113324-5456 00055 * HandleRequest   (replica.cc:454):   [0] Received duplicate request but no reply available; ignoring
20230730-113324-5456 00055 * HandleRequest   (replica.cc:454):   [0] Received duplicate request but no reply available; ignoring
20230730-113324-5457 00055 * HandleRequest   (replica.cc:454):   [0] Received duplicate request but no reply available; ignoring
20230730-113324-5457 00055 * HandleRequest   (replica.cc:454):   [0] Received duplicate request but no reply available; ignoring
20230730-113324-5457 00055 * HandleRequest   (replica.cc:454):   [0] Received duplicate request but no reply available; ignoring
20230730-113324-5458 00055 * HandleRequest   (replica.cc:454):   [0] Received duplicate request but no reply available; ignoring
20230730-113324-5458 00055 * HandleRequest   (replica.cc:454):   [0] Received duplicate request but no reply available; ignoring
20230730-113324-5459 00055 * HandleRequest   (replica.cc:447):   [0] Received duplicate request; resending reply
20230730-113324-5459 00055 * HandleRequest   (replica.cc:454):   [0] Received duplicate request but no reply available; ignoring
20230730-113324-5460 00055 * HandleRequest   (replica.cc:454):   [0] Received duplicate request but no reply available; ignoring
20230730-113324-5460 00055 * HandleRequest   (replica.cc:454):   [0] Received duplicate request but no reply available; ignoring
20230730-113324-5460 00055 * HandleRequest   (replica.cc:454):   [0] Received duplicate request but no reply available; ignoring
20230730-113324-5461 00055 * HandleRequest   (replica.cc:454):   [0] Received duplicate request but no reply available; ignoring
20230730-113324-5461 00055 * HandleRequest   (replica.cc:454):   [0] Received duplicate request but no reply available; ignoring
20230730-113324-5461 00055 * HandleRequest   (replica.cc:454):   [0] Received duplicate request but no reply available; ignoring
20230730-113324-5462 00055 * HandleRequest   (replica.cc:454):   [0] Received duplicate request but no reply available; ignoring
20230730-113324-5462 00055 * HandleRequest   (replica.cc:454):   [0] Received duplicate request but no reply available; ignoring
20230730-113324-5462 00055 * HandleRequest   (replica.cc:454):   [0] Received duplicate request but no reply available; ignoring
20230730-113324-5462 00055 * HandleRequest   (replica.cc:454):   [0] Received duplicate request but no reply available; ignoring
20230730-113324-5463 00055 * HandleRequest   (replica.cc:454):   [0] Received duplicate request but no reply available; ignoring
20230730-113324-5463 00055 * HandleRequest   (replica.cc:454):   [0] Received duplicate request but no reply available; ignoring
20230730-113324-5463 00055 * HandleRequest   (replica.cc:454):   [0] Received duplicate request but no reply available; ignoring
20230730-113324-5463 00055 * HandleRequest   (replica.cc:454):   [0] Received duplicate request but no reply available; ignoring
20230730-113324-5463 00055 * HandleRequest   (replica.cc:454):   [0] Received duplicate request but no reply available; ignoring
20230730-113324-5464 00055 * HandleRequest   (replica.cc:454):   [0] Received duplicate request but no reply available; ignoring
20230730-113324-5464 00055 * HandleRequest   (replica.cc:454):   [0] Received duplicate request but no reply available; ignoring
20230730-113324-5465 00055 * HandleRequest   (replica.cc:454):   [0] Received duplicate request but no reply available; ignoring
20230730-113324-5466 00055 * HandleRequest   (replica.cc:454):   [0] Received duplicate request but no reply available; ignoring
20230730-113324-5467 00055 * HandleRequest   (replica.cc:454):   [0] Received duplicate request but no reply available; ignoring
20230730-113324-5467 00055 * HandleRequest   (replica.cc:454):   [0] Received duplicate request but no reply available; ignoring
20230730-113324-5467 00055 * HandleRequest   (replica.cc:454):   [0] Received duplicate request but no reply available; ignoring
20230730-113324-5467 00055 * HandleRequest   (replica.cc:454):   [0] Received duplicate request but no reply available; ignoring
20230730-113324-5467 00055 * HandleRequest   (replica.cc:454):   [0] Received duplicate request but no reply available; ignoring
20230730-113324-5468 00055 * HandleRequest   (replica.cc:454):   [0] Received duplicate request but no reply available; ignoring
20230730-113324-5468 00055 * HandleRequest   (replica.cc:454):   [0] Received duplicate request but no reply available; ignoring
20230730-113324-5468 00055 * HandleRequest   (replica.cc:454):   [0] Received duplicate request but no reply available; ignoring
20230730-113324-5468 00055 * HandleRequest   (replica.cc:454):   [0] Received duplicate request but no reply available; ignoring
20230730-113324-5469 00055 * HandleRequest   (replica.cc:454):   [0] Received duplicate request but no reply available; ignoring
20230730-113324-5469 00055 * HandleRequest   (replica.cc:454):   [0] Received duplicate request but no reply available; ignoring
20230730-113324-5469 00055 * HandleRequest   (replica.cc:454):   [0] Received duplicate request but no reply available; ignoring
20230730-113324-5469 00055 * HandleRequest   (replica.cc:454):   [0] Received duplicate request but no reply available; ignoring
20230730-113324-5469 00055 * HandleRequest   (replica.cc:454):   [0] Received duplicate request but no reply available; ignoring
20230730-113324-5470 00055 * HandleRequest   (replica.cc:454):   [0] Received duplicate request but no reply available; ignoring
20230730-113324-5470 00055 * HandleRequest   (replica.cc:454):   [0] Received duplicate request but no reply available; ignoring
20230730-113324-5470 00055 * HandleRequest   (replica.cc:454):   [0] Received duplicate request but no reply available; ignoring
20230730-113324-5471 00055 * HandleRequest   (replica.cc:454):   [0] Received duplicate request but no reply available; ignoring
20230730-113324-5471 00055 * HandleRequest   (replica.cc:447):   [0] Received duplicate request; resending reply
20230730-113324-5471 00055 * HandleRequest   (replica.cc:454):   [0] Received duplicate request but no reply available; ignoring
20230730-113324-5472 00055 * HandleRequest   (replica.cc:454):   [0] Received duplicate request but no reply available; ignoring
20230730-113324-5472 00055 * HandleRequest   (replica.cc:454):   [0] Received duplicate request but no reply available; ignoring
20230730-113324-5638 00055 * HandleRequest   (replica.cc:454):   [0] Received duplicate request but no reply available; ignoring
20230730-113324-5638 00055 * EnterView       (replica.cc:230):   [0] Entering new view 1
20230730-113327-0587 00055 * HandleRequestStateTransfer (replica.cc:753):   [0] Sending state transfer from <1,7083> to <1,7084>
20230730-113327-0589 00055 * HandleRequestStateTransfer (replica.cc:753):   [0] Sending state transfer from <1,7084> to <1,7084>
20230730-113327-0591 00055 * HandleRequestStateTransfer (replica.cc:753):   [0] Sending state transfer from <1,7086> to <1,7086>
20230730-113327-0593 00055 * HandleRequestStateTransfer (replica.cc:753):   [0] Sending state transfer from <1,7087> to <1,7087>
20230730-113327-0594 00055 * HandleRequestStateTransfer (replica.cc:753):   [0] Sending state transfer from <1,7088> to <1,7088>
20230730-113327-1740 00055 * HandleRequestStateTransfer (replica.cc:753):   [0] Sending state transfer from <1,8159> to <1,8159>
20230730-113327-1742 00055 * HandleRequestStateTransfer (replica.cc:753):   [0] Sending state transfer from <1,8160> to <1,8161>
20230730-113327-1742 00055 * HandleRequestStateTransfer (replica.cc:753):   [0] Sending state transfer from <1,8161> to <1,8161>
20230730-113327-2365 00055 * RequestStateTransfer (replica.cc:217):   [0] Requesting state transfer: <1,8753>
20230730-113327-2366 00055 * HandleRequestStateTransfer (replica.cc:753):   [0] Sending state transfer from <1,8753> to <1,8755>
20230730-113327-2367 00055 * RequestStateTransfer (replica.cc:217):   [0] Requesting state transfer: <1,8755>
20230730-113327-2368 00055 * RequestStateTransfer (replica.cc:217):   [0] Requesting state transfer: <1,8756>
20230730-113327-2369 00055 * HandleRequestStateTransfer (replica.cc:753):   [0] Sending state transfer from <1,8755> to <1,8757>
20230730-113327-2370 00055 * RequestStateTransfer (replica.cc:217):   [0] Requesting state transfer: <1,8759>
20230730-113327-2371 00055 * HandleRequestStateTransfer (replica.cc:753):   [0] Sending state transfer from <1,8756> to <1,8759>
20230730-113327-2372 00055 * RequestStateTransfer (replica.cc:217):   [0] Requesting state transfer: <1,8760>
20230730-113327-2374 00055 * RequestStateTransfer (replica.cc:217):   [0] Requesting state transfer: <1,8761>
20230730-113327-2374 00055 * HandleRequestStateTransfer (replica.cc:753):   [0] Sending state transfer from <1,8759> to <1,8761>
20230730-113327-2378 00055 * HandleRequestStateTransfer (replica.cc:753):   [0] Sending state transfer from <1,8760> to <1,8763>
20230730-113327-2379 00055 * HandleRequestStateTransfer (replica.cc:753):   [0] Sending state transfer from <1,8761> to <1,8764>
20230730-113327-3194 00055 * HandleRequestStateTransfer (replica.cc:753):   [0] Sending state transfer from <1,9523> to <1,9525>
20230730-113327-3196 00055 * HandleRequestStateTransfer (replica.cc:753):   [0] Sending state transfer from <1,9525> to <1,9527>
20230730-113327-3198 00055 * HandleRequestStateTransfer (replica.cc:753):   [0] Sending state transfer from <1,9526> to <1,9530>
20230730-113327-3200 00055 * HandleRequestStateTransfer (replica.cc:753):   [0] Sending state transfer from <1,9527> to <1,9531>
20230730-113327-3201 00055 * HandleRequestStateTransfer (replica.cc:753):   [0] Sending state transfer from <1,9528> to <1,9533>
20230730-113327-3203 00055 * HandleRequestStateTransfer (replica.cc:753):   [0] Sending state transfer from <1,9531> to <1,9535>
20230730-113327-3205 00055 * HandleRequestStateTransfer (replica.cc:753):   [0] Sending state transfer from <1,9534> to <1,9537>
20230730-113327-3228 00055 * RequestStateTransfer (replica.cc:217):   [0] Requesting state transfer: <1,9558>
20230730-113327-4859 00055 * RequestStateTransfer (replica.cc:217):   [0] Requesting state transfer: <1,11021>
20230730-113327-4861 00055 * HandleRequestStateTransfer (replica.cc:753):   [0] Sending state transfer from <1,11021> to <1,11022>
20230730-113327-4862 00055 * RequestStateTransfer (replica.cc:217):   [0] Requesting state transfer: <1,11023>
20230730-113327-4863 00055 * RequestStateTransfer (replica.cc:217):   [0] Requesting state transfer: <1,11024>
20230730-113327-4863 00055 * HandleRequestStateTransfer (replica.cc:753):   [0] Sending state transfer from <1,11023> to <1,11024>
20230730-113327-4865 00055 * HandleRequestStateTransfer (replica.cc:753):   [0] Sending state transfer from <1,11024> to <1,11024>
20230730-113328-2321 00055 * HandleRequestStateTransfer (replica.cc:753):   [0] Sending state transfer from <1,16497> to <1,16530>
20230730-113328-2322 00055 * SendMessageInternal (udptransport.cc:448): Sending large replication.vr.proto.StateTransferMessage message in 2 fragments
20230730-113328-9009 00055 * RequestStateTransfer (replica.cc:217):   [0] Requesting state transfer: <1,22766>
20230730-113329-4510 00055 * RequestStateTransfer (replica.cc:217):   [0] Requesting state transfer: <1,27290>
20230730-113329-4513 00055 * RequestStateTransfer (replica.cc:217):   [0] Requesting state transfer: <1,27291>
20230730-113329-4515 00055 * RequestStateTransfer (replica.cc:217):   [0] Requesting state transfer: <1,27292>
20230730-113329-6107 00055 * RequestStateTransfer (replica.cc:217):   [0] Requesting state transfer: <1,28450>
20230730-113329-6368 00055 * RequestStateTransfer (replica.cc:217):   [0] Requesting state transfer: <1,28661>
20230730-113329-6370 00055 * RequestStateTransfer (replica.cc:217):   [0] Requesting state transfer: <1,28664>
20230730-113329-6371 00055 * RequestStateTransfer (replica.cc:217):   [0] Requesting state transfer: <1,28665>
20230730-113329-6372 00055 * RequestStateTransfer (replica.cc:217):   [0] Requesting state transfer: <1,28666>
20230730-113337-8986 00055 * RequestStateTransfer (replica.cc:217):   [0] Requesting state transfer: <1,50853>
20230730-113338-5525 00055 * RequestStateTransfer (replica.cc:217):   [0] Requesting state transfer: <1,52591>
20230730-113346-0650 00055 * RequestStateTransfer (replica.cc:217):   [0] Requesting state transfer: <1,70625>
20230730-113351-2641 00055 * RequestStateTransfer (replica.cc:217):   [0] Requesting state transfer: <1,81289>
20230730-113404-9924 00055 * RequestStateTransfer (replica.cc:217):   [0] Requesting state transfer: <1,106036>
20230730-113408-4745 00055 * RequestStateTransfer (replica.cc:217):   [0] Requesting state transfer: <1,117921>
20230730-113408-4747 00055 * RequestStateTransfer (replica.cc:217):   [0] Requesting state transfer: <1,117923>
20230730-113408-4748 00055 * RequestStateTransfer (replica.cc:217):   [0] Requesting state transfer: <1,117924>
20230730-113408-4751 00055 * RequestStateTransfer (replica.cc:217):   [0] Requesting state transfer: <1,117928>
20230730-113408-5003 00055 * RequestStateTransfer (replica.cc:217):   [0] Requesting state transfer: <1,118146>
20230730-113408-5006 00055 * RequestStateTransfer (replica.cc:217):   [0] Requesting state transfer: <1,118149>
20230730-113408-5007 00055 * RequestStateTransfer (replica.cc:217):   [0] Requesting state transfer: <1,118150>
20230730-113408-5008 00055 * RequestStateTransfer (replica.cc:217):   [0] Requesting state transfer: <1,118151>
20230730-113408-5010 00055 * RequestStateTransfer (replica.cc:217):   [0] Requesting state transfer: <1,118152>
20230730-113408-5012 00055 * RequestStateTransfer (replica.cc:217):   [0] Requesting state transfer: <1,118154>
20230730-113408-5015 00055 * RequestStateTransfer (replica.cc:217):   [0] Requesting state transfer: <1,118155>
20230730-113408-7498 00055 * RequestStateTransfer (replica.cc:217):   [0] Requesting state transfer: <1,120401>
20230730-113408-7499 00055 * RequestStateTransfer (replica.cc:217):   [0] Requesting state transfer: <1,120402>
20230730-113408-7500 00055 * RequestStateTransfer (replica.cc:217):   [0] Requesting state transfer: <1,120403>
20230730-113408-7502 00055 * RequestStateTransfer (replica.cc:217):   [0] Requesting state transfer: <1,120406>
20230730-113408-7503 00055 * RequestStateTransfer (replica.cc:217):   [0] Requesting state transfer: <1,120407>
20230730-113408-7505 00055 * RequestStateTransfer (replica.cc:217):   [0] Requesting state transfer: <1,120408>
20230730-113408-7506 00055 * RequestStateTransfer (replica.cc:217):   [0] Requesting state transfer: <1,120409>
20230730-113408-7509 00055 * RequestStateTransfer (replica.cc:217):   [0] Requesting state transfer: <1,120412>
20230730-113408-9093 00055 * RequestStateTransfer (replica.cc:217):   [0] Requesting state transfer: <1,122003>
20230730-113408-9096 00055 * RequestStateTransfer (replica.cc:217):   [0] Requesting state transfer: <1,122005>
20230730-113408-9098 00055 * RequestStateTransfer (replica.cc:217):   [0] Requesting state transfer: <1,122007>
20230730-113408-9099 00055 * RequestStateTransfer (replica.cc:217):   [0] Requesting state transfer: <1,122008>
20230730-113408-9100 00055 * RequestStateTransfer (replica.cc:217):   [0] Requesting state transfer: <1,122009>
20230730-113408-9101 00055 * RequestStateTransfer (replica.cc:217):   [0] Requesting state transfer: <1,122010>
20230730-113409-0922 00055 * RequestStateTransfer (replica.cc:217):   [0] Requesting state transfer: <1,123644>
20230730-113409-0923 00055 * RequestStateTransfer (replica.cc:217):   [0] Requesting state transfer: <1,123646>
20230730-113409-0925 00055 * RequestStateTransfer (replica.cc:217):   [0] Requesting state transfer: <1,123647>
20230730-113409-0926 00055 * RequestStateTransfer (replica.cc:217):   [0] Requesting state transfer: <1,123648>
20230730-113409-0928 00055 * RequestStateTransfer (replica.cc:217):   [0] Requesting state transfer: <1,123649>
20230730-113409-0931 00055 * RequestStateTransfer (replica.cc:217):   [0] Requesting state transfer: <1,123651>
20230730-113409-6241 00055 * RequestStateTransfer (replica.cc:217):   [0] Requesting state transfer: <1,127325>
20230730-113409-6245 00055 * RequestStateTransfer (replica.cc:217):   [0] Requesting state transfer: <1,127326>
20230730-113409-6249 00055 * RequestStateTransfer (replica.cc:217):   [0] Requesting state transfer: <1,127328>
20230730-113409-6251 00055 * RequestStateTransfer (replica.cc:217):   [0] Requesting state transfer: <1,127329>
20230730-113409-7118 00055 * RequestStateTransfer (replica.cc:217):   [0] Requesting state transfer: <1,128028>
20230730-113409-7122 00055 * RequestStateTransfer (replica.cc:217):   [0] Requesting state transfer: <1,128031>
20230730-113409-7424 00055 * RequestStateTransfer (replica.cc:217):   [0] Requesting state transfer: <1,128369>
20230730-113409-7426 00055 * RequestStateTransfer (replica.cc:217):   [0] Requesting state transfer: <1,128370>
20230730-113409-7683 00055 * RequestStateTransfer (replica.cc:217):   [0] Requesting state transfer: <1,128667>
20230730-113409-7684 00055 * RequestStateTransfer (replica.cc:217):   [0] Requesting state transfer: <1,128668>
20230730-113409-7685 00055 * RequestStateTransfer (replica.cc:217):   [0] Requesting state transfer: <1,128669>
20230730-113409-7688 00055 * RequestStateTransfer (replica.cc:217):   [0] Requesting state transfer: <1,128670>
20230730-113409-8042 00055 * RequestStateTransfer (replica.cc:217):   [0] Requesting state transfer: <1,129039>
20230730-113409-8043 00055 * RequestStateTransfer (replica.cc:217):   [0] Requesting state transfer: <1,129040>
20230730-113409-8561 00055 * RequestStateTransfer (replica.cc:217):   [0] Requesting state transfer: <1,129549>
20230730-113409-8563 00055 * RequestStateTransfer (replica.cc:217):   [0] Requesting state transfer: <1,129551>
20230730-113409-8564 00055 * RequestStateTransfer (replica.cc:217):   [0] Requesting state transfer: <1,129552>
20230730-113409-8566 00055 * RequestStateTransfer (replica.cc:217):   [0] Requesting state transfer: <1,129554>
20230730-113409-8568 00055 * RequestStateTransfer (replica.cc:217):   [0] Requesting state transfer: <1,129555>
20230730-113410-1277 00055 * RequestStateTransfer (replica.cc:217):   [0] Requesting state transfer: <1,131000>
20230730-113410-1356 00055 * RequestStateTransfer (replica.cc:217):   [0] Requesting state transfer: <1,131042>
20230730-113410-4240 00055 * RequestStateTransfer (replica.cc:217):   [0] Requesting state transfer: <1,133448>
20230730-113410-5349 00055 * RequestStateTransfer (replica.cc:217):   [0] Requesting state transfer: <1,134419>
20230730-113410-5350 00055 * RequestStateTransfer (replica.cc:217):   [0] Requesting state transfer: <1,134420>
20230730-113410-9934 00055 * RequestStateTransfer (replica.cc:217):   [0] Requesting state transfer: <1,136117>
20230730-113410-9937 00055 * RequestStateTransfer (replica.cc:217):   [0] Requesting state transfer: <1,136118>
20230730-113411-1221 00055 ! Prepare         (lockstore.cc:86):  Lots of prepared transactions! 101
20230730-113411-1221 00055 ! Prepare         (lockstore.cc:86):  Lots of prepared transactions! 101
20230730-113411-1222 00055 ! Prepare         (lockstore.cc:86):  Lots of prepared transactions! 101
20230730-113411-1222 00055 ! Prepare         (lockstore.cc:86):  Lots of prepared transactions! 101
20230730-113411-1225 00055 ! Prepare         (lockstore.cc:86):  Lots of prepared transactions! 101
20230730-113411-1227 00055 ! Prepare         (lockstore.cc:86):  Lots of prepared transactions! 101
20230730-113411-1228 00055 ! Prepare         (lockstore.cc:86):  Lots of prepared transactions! 101
20230730-113411-1229 00055 ! Prepare         (lockstore.cc:86):  Lots of prepared transactions! 101
20230730-113411-1229 00055 ! Prepare         (lockstore.cc:86):  Lots of prepared transactions! 101
20230730-113411-1735 00055 ! Prepare         (lockstore.cc:86):  Lots of prepared transactions! 101
20230730-113411-1736 00055 ! Prepare         (lockstore.cc:86):  Lots of prepared transactions! 101
20230730-113411-1736 00055 ! Prepare         (lockstore.cc:86):  Lots of prepared transactions! 101
20230730-113411-1738 00055 ! Prepare         (lockstore.cc:86):  Lots of prepared transactions! 102
20230730-113411-1739 00055 ! Prepare         (lockstore.cc:86):  Lots of prepared transactions! 102
20230730-113411-1740 00055 ! Prepare         (lockstore.cc:86):  Lots of prepared transactions! 102
20230730-113411-1742 00055 ! Prepare         (lockstore.cc:86):  Lots of prepared transactions! 102
20230730-113411-1743 00055 ! Prepare         (lockstore.cc:86):  Lots of prepared transactions! 102
20230730-113411-1744 00055 ! Prepare         (lockstore.cc:86):  Lots of prepared transactions! 102
20230730-113411-1745 00055 ! Prepare         (lockstore.cc:86):  Lots of prepared transactions! 102
20230730-113411-1746 00055 ! Prepare         (lockstore.cc:86):  Lots of prepared transactions! 102
20230730-113411-1746 00055 ! Prepare         (lockstore.cc:86):  Lots of prepared transactions! 102
20230730-113411-1747 00055 ! Prepare         (lockstore.cc:86):  Lots of prepared transactions! 102
20230730-113411-1748 00055 ! Prepare         (lockstore.cc:86):  Lots of prepared transactions! 102
20230730-113411-1749 00055 ! Prepare         (lockstore.cc:86):  Lots of prepared transactions! 102
20230730-113411-1750 00055 ! Prepare         (lockstore.cc:86):  Lots of prepared transactions! 102
20230730-113411-1752 00055 ! Prepare         (lockstore.cc:86):  Lots of prepared transactions! 102
20230730-113411-1752 00055 ! Prepare         (lockstore.cc:86):  Lots of prepared transactions! 102
20230730-113411-1753 00055 ! Prepare         (lockstore.cc:86):  Lots of prepared transactions! 102
20230730-113411-1754 00055 ! Prepare         (lockstore.cc:86):  Lots of prepared transactions! 102
20230730-113411-1754 00055 ! Prepare         (lockstore.cc:86):  Lots of prepared transactions! 102
20230730-113411-1754 00055 ! Prepare         (lockstore.cc:86):  Lots of prepared transactions! 102
20230730-113411-1755 00055 ! Prepare         (lockstore.cc:86):  Lots of prepared transactions! 102
20230730-113411-1755 00055 ! Prepare         (lockstore.cc:86):  Lots of prepared transactions! 102
20230730-113411-1756 00055 ! Prepare         (lockstore.cc:86):  Lots of prepared transactions! 102
20230730-113411-1757 00055 ! Prepare         (lockstore.cc:86):  Lots of prepared transactions! 102
20230730-113411-1757 00055 ! Prepare         (lockstore.cc:86):  Lots of prepared transactions! 102
20230730-113411-1758 00055 ! Prepare         (lockstore.cc:86):  Lots of prepared transactions! 102
20230730-113411-1759 00055 ! Prepare         (lockstore.cc:86):  Lots of prepared transactions! 102
20230730-113411-1761 00055 ! Prepare         (lockstore.cc:86):  Lots of prepared transactions! 102
20230730-113411-1762 00055 ! Prepare         (lockstore.cc:86):  Lots of prepared transactions! 102
20230730-113411-1767 00055 ! Prepare         (lockstore.cc:86):  Lots of prepared transactions! 102
20230730-113411-1770 00055 ! Prepare         (lockstore.cc:86):  Lots of prepared transactions! 101
20230730-113411-1770 00055 ! Prepare         (lockstore.cc:86):  Lots of prepared transactions! 101
20230730-113411-1771 00055 ! Prepare         (lockstore.cc:86):  Lots of prepared transactions! 101
20230730-113411-1776 00055 ! Prepare         (lockstore.cc:86):  Lots of prepared transactions! 101
20230730-113411-1777 00055 ! Prepare         (lockstore.cc:86):  Lots of prepared transactions! 101
20230730-113411-1778 00055 ! Prepare         (lockstore.cc:86):  Lots of prepared transactions! 101
20230730-113411-1779 00055 ! Prepare         (lockstore.cc:86):  Lots of prepared transactions! 101
20230730-113411-1780 00055 ! Prepare         (lockstore.cc:86):  Lots of prepared transactions! 101
20230730-113411-1781 00055 ! Prepare         (lockstore.cc:86):  Lots of prepared transactions! 101
20230730-113411-1785 00055 ! Prepare         (lockstore.cc:86):  Lots of prepared transactions! 101
20230730-113411-1786 00055 ! Prepare         (lockstore.cc:86):  Lots of prepared transactions! 101
20230730-113411-1786 00055 ! Prepare         (lockstore.cc:86):  Lots of prepared transactions! 101
20230730-113411-1787 00055 ! Prepare         (lockstore.cc:86):  Lots of prepared transactions! 101
20230730-113411-1788 00055 ! Prepare         (lockstore.cc:86):  Lots of prepared transactions! 101
20230730-113411-1791 00055 ! Prepare         (lockstore.cc:86):  Lots of prepared transactions! 101
20230730-113411-1792 00055 ! Prepare         (lockstore.cc:86):  Lots of prepared transactions! 101
20230730-113411-1793 00055 ! Prepare         (lockstore.cc:86):  Lots of prepared transactions! 101
20230730-113411-1794 00055 ! Prepare         (lockstore.cc:86):  Lots of prepared transactions! 101
20230730-113411-1794 00055 ! Prepare         (lockstore.cc:86):  Lots of prepared transactions! 101
20230730-113411-1796 00055 ! Prepare         (lockstore.cc:86):  Lots of prepared transactions! 101
20230730-113411-1797 00055 ! Prepare         (lockstore.cc:86):  Lots of prepared transactions! 101
20230730-113411-1798 00055 ! Prepare         (lockstore.cc:86):  Lots of prepared transactions! 101
20230730-113411-1801 00055 ! Prepare         (lockstore.cc:86):  Lots of prepared transactions! 101
20230730-113411-1803 00055 ! Prepare         (lockstore.cc:86):  Lots of prepared transactions! 101
20230730-113411-1805 00055 ! Prepare         (lockstore.cc:86):  Lots of prepared transactions! 101
20230730-113411-1806 00055 ! Prepare         (lockstore.cc:86):  Lots of prepared transactions! 101
20230730-113411-1809 00055 ! Prepare         (lockstore.cc:86):  Lots of prepared transactions! 101
20230730-113411-1810 00055 ! Prepare         (lockstore.cc:86):  Lots of prepared transactions! 101
20230730-113411-1820 00055 ! Prepare         (lockstore.cc:86):  Lots of prepared transactions! 101
20230730-113411-1822 00055 ! Prepare         (lockstore.cc:86):  Lots of prepared transactions! 101
20230730-113411-2190 00055 ! Prepare         (lockstore.cc:86):  Lots of prepared transactions! 101
20230730-113411-2191 00055 ! Prepare         (lockstore.cc:86):  Lots of prepared transactions! 101
20230730-113411-2191 00055 ! Prepare         (lockstore.cc:86):  Lots of prepared transactions! 101
20230730-113411-2193 00055 ! Prepare         (lockstore.cc:86):  Lots of prepared transactions! 101
20230730-113411-2193 00055 ! Prepare         (lockstore.cc:86):  Lots of prepared transactions! 101
20230730-113411-2194 00055 ! Prepare         (lockstore.cc:86):  Lots of prepared transactions! 101
20230730-113411-2195 00055 ! Prepare         (lockstore.cc:86):  Lots of prepared transactions! 101
20230730-113411-2195 00055 ! Prepare         (lockstore.cc:86):  Lots of prepared transactions! 101
20230730-113411-2197 00055 ! Prepare         (lockstore.cc:86):  Lots of prepared transactions! 101
20230730-113411-2197 00055 ! Prepare         (lockstore.cc:86):  Lots of prepared transactions! 101
20230730-113411-2199 00055 ! Prepare         (lockstore.cc:86):  Lots of prepared transactions! 101
20230730-113411-2199 00055 ! Prepare         (lockstore.cc:86):  Lots of prepared transactions! 101
20230730-113411-2201 00055 ! Prepare         (lockstore.cc:86):  Lots of prepared transactions! 101
20230730-113411-2202 00055 ! Prepare         (lockstore.cc:86):  Lots of prepared transactions! 101
20230730-113411-2202 00055 ! Prepare         (lockstore.cc:86):  Lots of prepared transactions! 101
20230730-113411-2203 00055 ! Prepare         (lockstore.cc:86):  Lots of prepared transactions! 101
20230730-113411-2496 00055 ! Prepare         (lockstore.cc:86):  Lots of prepared transactions! 101
20230730-113411-2496 00055 ! Prepare         (lockstore.cc:86):  Lots of prepared transactions! 101
20230730-113411-2497 00055 ! Prepare         (lockstore.cc:86):  Lots of prepared transactions! 101
20230730-113411-2500 00055 ! Prepare         (lockstore.cc:86):  Lots of prepared transactions! 101
20230730-113411-2502 00055 ! Prepare         (lockstore.cc:86):  Lots of prepared transactions! 101
20230730-113411-2505 00055 ! Prepare         (lockstore.cc:86):  Lots of prepared transactions! 101
20230730-113411-2507 00055 ! Prepare         (lockstore.cc:86):  Lots of prepared transactions! 101
20230730-113411-2510 00055 ! Prepare         (lockstore.cc:86):  Lots of prepared transactions! 101
20230730-113411-2513 00055 ! Prepare         (lockstore.cc:86):  Lots of prepared transactions! 101
20230730-113411-2516 00055 ! Prepare         (lockstore.cc:86):  Lots of prepared transactions! 101
20230730-113411-2518 00055 ! Prepare         (lockstore.cc:86):  Lots of prepared transactions! 101
20230730-113411-2519 00055 ! Prepare         (lockstore.cc:86):  Lots of prepared transactions! 101
20230730-113411-2519 00055 ! Prepare         (lockstore.cc:86):  Lots of prepared transactions! 101
20230730-113411-2520 00055 ! Prepare         (lockstore.cc:86):  Lots of prepared transactions! 101
20230730-113411-2520 00055 ! Prepare         (lockstore.cc:86):  Lots of prepared transactions! 101
20230730-113411-2521 00055 ! Prepare         (lockstore.cc:86):  Lots of prepared transactions! 101
20230730-113411-2522 00055 ! Prepare         (lockstore.cc:86):  Lots of prepared transactions! 101
20230730-113411-2522 00055 ! Prepare         (lockstore.cc:86):  Lots of prepared transactions! 101
20230730-113411-2524 00055 ! Prepare         (lockstore.cc:86):  Lots of prepared transactions! 101
20230730-113411-2524 00055 ! Prepare         (lockstore.cc:86):  Lots of prepared transactions! 101
20230730-113411-2525 00055 ! Prepare         (lockstore.cc:86):  Lots of prepared transactions! 101
20230730-113411-2526 00055 ! Prepare         (lockstore.cc:86):  Lots of prepared transactions! 101
20230730-113411-2527 00055 ! Prepare         (lockstore.cc:86):  Lots of prepared transactions! 101
20230730-113411-2527 00055 ! Prepare         (lockstore.cc:86):  Lots of prepared transactions! 101
20230730-113411-2528 00055 ! Prepare         (lockstore.cc:86):  Lots of prepared transactions! 101
20230730-113411-2529 00055 ! Prepare         (lockstore.cc:86):  Lots of prepared transactions! 101
20230730-113411-2530 00055 ! Prepare         (lockstore.cc:86):  Lots of prepared transactions! 101
20230730-113411-2530 00055 ! Prepare         (lockstore.cc:86):  Lots of prepared transactions! 101
20230730-113411-4025 00055 * RequestStateTransfer (replica.cc:217):   [0] Requesting state transfer: <1,139456>
20230730-113411-4028 00055 * RequestStateTransfer (replica.cc:217):   [0] Requesting state transfer: <1,139457>
20230730-113411-4029 00055 * RequestStateTransfer (replica.cc:217):   [0] Requesting state transfer: <1,139458>
20230730-113411-4030 00055 * RequestStateTransfer (replica.cc:217):   [0] Requesting state transfer: <1,139459>
20230730-113411-4031 00055 * RequestStateTransfer (replica.cc:217):   [0] Requesting state transfer: <1,139460>
20230730-113411-4032 00055 * RequestStateTransfer (replica.cc:217):   [0] Requesting state transfer: <1,139462>
20230730-113411-4034 00055 * RequestStateTransfer (replica.cc:217):   [0] Requesting state transfer: <1,139465>
20230730-113418-1845 00055 * RequestStateTransfer (replica.cc:217):   [0] Requesting state transfer: <1,155699>
20230730-113422-7408 00055 * RequestStateTransfer (replica.cc:217):   [0] Requesting state transfer: <1,164571>
