20230730-113324-6366 00135 * RequestStateTransfer (replica.cc:217):   [2] Requesting state transfer: <0,995>
20230730-113324-6368 00135 * RequestStateTransfer (replica.cc:217):   [2] Requesting state transfer: <0,996>
20230730-113324-6369 00135 * RequestStateTransfer (replica.cc:217):   [2] Requesting state transfer: <0,997>
20230730-113324-6370 00135 * RequestStateTransfer (replica.cc:217):   [2] Requesting state transfer: <0,998>
20230730-113324-6372 00135 * RequestStateTransfer (replica.cc:217):   [2] Requesting state transfer: <0,1000>
20230730-113327-7111 00135 * RequestStateTransfer (replica.cc:217):   [2] Requesting state transfer: <0,10728>
20230730-113327-7111 00135 * HandleRequestStateTransfer (replica.cc:753):   [2] Sending state transfer from <0,10728> to <0,10728>
20230730-113347-2736 00135 * RequestStateTransfer (replica.cc:217):   [2] Requesting state transfer: <0,59749>
20230730-113347-2738 00135 * RequestStateTransfer (replica.cc:217):   [2] Requesting state transfer: <0,59750>
20230730-113348-5299 00135 * RequestStateTransfer (replica.cc:217):   [2] Requesting state transfer: <0,63364>
20230730-113348-5301 00135 * RequestStateTransfer (replica.cc:217):   [2] Requesting state transfer: <0,63366>
20230730-113348-5303 00135 * RequestStateTransfer (replica.cc:217):   [2] Requesting state transfer: <0,63367>
20230730-113349-3393 00135 ! Prepare         (lockstore.cc:86):  Lots of prepared transactions! 101
20230730-113349-3401 00135 ! Prepare         (lockstore.cc:86):  Lots of prepared transactions! 101
20230730-113349-3408 00135 ! Prepare         (lockstore.cc:86):  Lots of prepared transactions! 101
20230730-113349-3414 00135 ! Prepare         (lockstore.cc:86):  Lots of prepared transactions! 101
20230730-113349-3417 00135 ! Prepare         (lockstore.cc:86):  Lots of prepared transactions! 102
20230730-113349-3428 00135 ! Prepare         (lockstore.cc:86):  Lots of prepared transactions! 101
20230730-113349-3440 00135 ! Prepare         (lockstore.cc:86):  Lots of prepared transactions! 101
20230730-113349-3443 00135 ! Prepare         (lockstore.cc:86):  Lots of prepared transactions! 102
20230730-113349-3450 00135 ! Prepare         (lockstore.cc:86):  Lots of prepared transactions! 101
20230730-113349-3459 00135 ! Prepare         (lockstore.cc:86):  Lots of prepared transactions! 101
20230730-113349-3463 00135 ! Prepare         (lockstore.cc:86):  Lots of prepared transactions! 101
20230730-113349-3465 00135 ! Prepare         (lockstore.cc:86):  Lots of prepared transactions! 102
20230730-113349-3470 00135 ! Prepare         (lockstore.cc:86):  Lots of prepared transactions! 101
20230730-113349-3475 00135 ! Prepare         (lockstore.cc:86):  Lots of prepared transactions! 101
20230730-113349-3483 00135 ! Prepare         (lockstore.cc:86):  Lots of prepared transactions! 101
20230730-113349-3485 00135 ! Prepare         (lockstore.cc:86):  Lots of prepared transactions! 102
20230730-113349-3494 00135 ! Prepare         (lockstore.cc:86):  Lots of prepared transactions! 101
20230730-113349-3495 00135 ! Prepare         (lockstore.cc:86):  Lots of prepared transactions! 102
20230730-113349-3500 00135 ! Prepare         (lockstore.cc:86):  Lots of prepared transactions! 101
20230730-113349-3501 00135 ! Prepare         (lockstore.cc:86):  Lots of prepared transactions! 101
20230730-113349-3503 00135 ! Prepare         (lockstore.cc:86):  Lots of prepared transactions! 102
20230730-113349-3508 00135 ! Prepare         (lockstore.cc:86):  Lots of prepared transactions! 101
20230730-113349-3511 00135 ! Prepare         (lockstore.cc:86):  Lots of prepared transactions! 102
20230730-113349-3514 00135 ! Prepare         (lockstore.cc:86):  Lots of prepared transactions! 102
20230730-113349-3515 00135 ! Prepare         (lockstore.cc:86):  Lots of prepared transactions! 102
20230730-113349-3517 00135 ! Prepare         (lockstore.cc:86):  Lots of prepared transactions! 103
20230730-113349-3528 00135 ! Prepare         (lockstore.cc:86):  Lots of prepared transactions! 101
20230730-113349-3534 00135 ! Prepare         (lockstore.cc:86):  Lots of prepared transactions! 101
20230730-113349-3536 00135 ! Prepare         (lockstore.cc:86):  Lots of prepared transactions! 101
20230730-113349-3543 00135 ! Prepare         (lockstore.cc:86):  Lots of prepared transactions! 101
20230730-113349-3548 00135 ! Prepare         (lockstore.cc:86):  Lots of prepared transactions! 101
20230730-113349-3555 00135 ! Prepare         (lockstore.cc:86):  Lots of prepared transactions! 101
20230730-113349-3560 00135 ! Prepare         (lockstore.cc:86):  Lots of prepared transactions! 101
20230730-113349-3565 00135 ! Prepare         (lockstore.cc:86):  Lots of prepared transactions! 101
20230730-113349-3573 00135 ! Prepare         (lockstore.cc:86):  Lots of prepared transactions! 101
20230730-113349-3578 00135 ! Prepare         (lockstore.cc:86):  Lots of prepared transactions! 101
20230730-113349-3600 00135 ! Prepare         (lockstore.cc:86):  Lots of prepared transactions! 101
20230730-113349-3615 00135 ! Prepare         (lockstore.cc:86):  Lots of prepared transactions! 101
20230730-113349-3620 00135 ! Prepare         (lockstore.cc:86):  Lots of prepared transactions! 101
20230730-113349-3643 00135 ! Prepare         (lockstore.cc:86):  Lots of prepared transactions! 101
20230730-113349-3673 00135 ! Prepare         (lockstore.cc:86):  Lots of prepared transactions! 101
20230730-113349-3687 00135 ! Prepare         (lockstore.cc:86):  Lots of prepared transactions! 101
20230730-113349-3690 00135 ! Prepare         (lockstore.cc:86):  Lots of prepared transactions! 101
20230730-113349-3714 00135 ! Prepare         (lockstore.cc:86):  Lots of prepared transactions! 101
20230730-113349-3715 00135 ! Prepare         (lockstore.cc:86):  Lots of prepared transactions! 101
20230730-113349-3718 00135 ! Prepare         (lockstore.cc:86):  Lots of prepared transactions! 101
20230730-113349-3741 00135 ! Prepare         (lockstore.cc:86):  Lots of prepared transactions! 101
20230730-113349-3781 00135 ! Prepare         (lockstore.cc:86):  Lots of prepared transactions! 101
20230730-113349-3784 00135 ! Prepare         (lockstore.cc:86):  Lots of prepared transactions! 101
20230730-113349-4182 00135 ! Prepare         (lockstore.cc:86):  Lots of prepared transactions! 101
20230730-113349-4230 00135 ! Prepare         (lockstore.cc:86):  Lots of prepared transactions! 101
20230730-113349-4257 00135 ! Prepare         (lockstore.cc:86):  Lots of prepared transactions! 101
20230730-113349-4264 00135 ! Prepare         (lockstore.cc:86):  Lots of prepared transactions! 101
20230730-113349-4265 00135 ! Prepare         (lockstore.cc:86):  Lots of prepared transactions! 101
20230730-113349-4304 00135 ! Prepare         (lockstore.cc:86):  Lots of prepared transactions! 101
20230730-113349-4330 00135 ! Prepare         (lockstore.cc:86):  Lots of prepared transactions! 101
20230730-113349-4344 00135 ! Prepare         (lockstore.cc:86):  Lots of prepared transactions! 101
20230730-113349-4369 00135 ! Prepare         (lockstore.cc:86):  Lots of prepared transactions! 101
20230730-113349-4400 00135 ! Prepare         (lockstore.cc:86):  Lots of prepared transactions! 101
20230730-113349-4418 00135 ! Prepare         (lockstore.cc:86):  Lots of prepared transactions! 101
20230730-113349-4419 00135 ! Prepare         (lockstore.cc:86):  Lots of prepared transactions! 101
20230730-113349-4421 00135 ! Prepare         (lockstore.cc:86):  Lots of prepared transactions! 101
20230730-113349-4437 00135 ! Prepare         (lockstore.cc:86):  Lots of prepared transactions! 101
20230730-113349-4439 00135 ! Prepare         (lockstore.cc:86):  Lots of prepared transactions! 101
20230730-113349-4443 00135 ! Prepare         (lockstore.cc:86):  Lots of prepared transactions! 101
20230730-113349-4446 00135 ! Prepare         (lockstore.cc:86):  Lots of prepared transactions! 101
20230730-113349-4456 00135 ! Prepare         (lockstore.cc:86):  Lots of prepared transactions! 101
20230730-113349-4467 00135 ! Prepare         (lockstore.cc:86):  Lots of prepared transactions! 101
20230730-113349-4472 00135 ! Prepare         (lockstore.cc:86):  Lots of prepared transactions! 101
20230730-113349-4478 00135 ! Prepare         (lockstore.cc:86):  Lots of prepared transactions! 102
20230730-113349-4485 00135 ! Prepare         (lockstore.cc:86):  Lots of prepared transactions! 102
20230730-113349-4491 00135 ! Prepare         (lockstore.cc:86):  Lots of prepared transactions! 102
20230730-113349-4505 00135 ! Prepare         (lockstore.cc:86):  Lots of prepared transactions! 102
20230730-113349-4538 00135 ! Prepare         (lockstore.cc:86):  Lots of prepared transactions! 102
20230730-113349-4541 00135 ! Prepare         (lockstore.cc:86):  Lots of prepared transactions! 102
20230730-113349-4567 00135 ! Prepare         (lockstore.cc:86):  Lots of prepared transactions! 102
20230730-113349-4586 00135 ! Prepare         (lockstore.cc:86):  Lots of prepared transactions! 102
20230730-113349-4600 00135 ! Prepare         (lockstore.cc:86):  Lots of prepared transactions! 102
20230730-113349-4626 00135 ! Prepare         (lockstore.cc:86):  Lots of prepared transactions! 102
20230730-113349-4634 00135 ! Prepare         (lockstore.cc:86):  Lots of prepared transactions! 102
20230730-113349-4635 00135 ! Prepare         (lockstore.cc:86):  Lots of prepared transactions! 102
20230730-113349-4645 00135 ! Prepare         (lockstore.cc:86):  Lots of prepared transactions! 102
20230730-113349-4669 00135 ! Prepare         (lockstore.cc:86):  Lots of prepared transactions! 103
20230730-113349-4674 00135 ! Prepare         (lockstore.cc:86):  Lots of prepared transactions! 103
20230730-113349-4676 00135 ! Prepare         (lockstore.cc:86):  Lots of prepared transactions! 103
20230730-113349-4687 00135 ! Prepare         (lockstore.cc:86):  Lots of prepared transactions! 103
20230730-113349-4691 00135 ! Prepare         (lockstore.cc:86):  Lots of prepared transactions! 103
20230730-113349-4721 00135 ! Prepare         (lockstore.cc:86):  Lots of prepared transactions! 103
20230730-113349-4762 00135 ! Prepare         (lockstore.cc:86):  Lots of prepared transactions! 103
20230730-113349-4765 00135 ! Prepare         (lockstore.cc:86):  Lots of prepared transactions! 103
20230730-113349-4766 00135 ! Prepare         (lockstore.cc:86):  Lots of prepared transactions! 103
20230730-113349-4793 00135 ! Prepare         (lockstore.cc:86):  Lots of prepared transactions! 103
20230730-113349-4815 00135 ! Prepare         (lockstore.cc:86):  Lots of prepared transactions! 103
20230730-113349-4823 00135 ! Prepare         (lockstore.cc:86):  Lots of prepared transactions! 102
20230730-113349-4826 00135 ! Prepare         (lockstore.cc:86):  Lots of prepared transactions! 102
20230730-113349-4827 00135 ! Prepare         (lockstore.cc:86):  Lots of prepared transactions! 102
20230730-113349-4836 00135 ! Prepare         (lockstore.cc:86):  Lots of prepared transactions! 102
20230730-113349-4848 00135 ! Prepare         (lockstore.cc:86):  Lots of prepared transactions! 102
20230730-113349-4870 00135 ! Prepare         (lockstore.cc:86):  Lots of prepared transactions! 102
20230730-113349-4899 00135 ! Prepare         (lockstore.cc:86):  Lots of prepared transactions! 102
20230730-113349-4908 00135 ! Prepare         (lockstore.cc:86):  Lots of prepared transactions! 101
20230730-113349-4951 00135 ! Prepare         (lockstore.cc:86):  Lots of prepared transactions! 101
20230730-113349-4976 00135 ! Prepare         (lockstore.cc:86):  Lots of prepared transactions! 101
20230730-113349-5015 00135 ! Prepare         (lockstore.cc:86):  Lots of prepared transactions! 101
20230730-113349-5069 00135 ! Prepare         (lockstore.cc:86):  Lots of prepared transactions! 101
20230730-113349-6742 00135 * RequestStateTransfer (replica.cc:217):   [2] Requesting state transfer: <0,65536>
20230730-113349-6747 00135 * RequestStateTransfer (replica.cc:217):   [2] Requesting state transfer: <0,65539>
20230730-113349-6748 00135 * RequestStateTransfer (replica.cc:217):   [2] Requesting state transfer: <0,65540>
20230730-113349-6789 00135 ! OnReadable      (udptransport.cc:588): Fragments out of order for packet 2; expected start 0, got 9000
20230730-113349-6791 00135 ! OnReadable      (udptransport.cc:580): Failed to reconstruct packet 2
20230730-113349-6859 00135 ! Prepare         (lockstore.cc:86):  Lots of prepared transactions! 101
20230730-113349-6864 00135 ! Prepare         (lockstore.cc:86):  Lots of prepared transactions! 102
20230730-113349-6896 00135 ! Prepare         (lockstore.cc:86):  Lots of prepared transactions! 101
20230730-113349-6899 00135 ! Prepare         (lockstore.cc:86):  Lots of prepared transactions! 101
20230730-113349-6903 00135 ! Prepare         (lockstore.cc:86):  Lots of prepared transactions! 101
20230730-113349-6916 00135 ! Prepare         (lockstore.cc:86):  Lots of prepared transactions! 101
20230730-113349-6917 00135 ! Prepare         (lockstore.cc:86):  Lots of prepared transactions! 102
20230730-113349-7000 00135 ! Prepare         (lockstore.cc:86):  Lots of prepared transactions! 101
20230730-113349-7062 00135 ! Prepare         (lockstore.cc:86):  Lots of prepared transactions! 101
20230730-113349-7094 00135 ! Prepare         (lockstore.cc:86):  Lots of prepared transactions! 101
20230730-113349-7188 00135 ! Prepare         (lockstore.cc:86):  Lots of prepared transactions! 101
20230730-113349-7206 00135 ! Prepare         (lockstore.cc:86):  Lots of prepared transactions! 101
20230730-113349-7724 00135 * RequestStateTransfer (replica.cc:217):   [2] Requesting state transfer: <0,65821>
20230730-113349-7761 00135 * RequestStateTransfer (replica.cc:217):   [2] Requesting state transfer: <0,65822>
20230730-113408-2918 00135 * RequestStateTransfer (replica.cc:217):   [2] Requesting state transfer: <0,101268>
20230730-113408-2919 00135 * HandleRequestStateTransfer (replica.cc:753):   [2] Sending state transfer from <0,101268> to <0,101270>
20230730-113409-9803 00135 * RequestStateTransfer (replica.cc:217):   [2] Requesting state transfer: <0,105356>
20230730-113409-9805 00135 * RequestStateTransfer (replica.cc:217):   [2] Requesting state transfer: <0,105359>
20230730-113413-1901 00135 * RequestStateTransfer (replica.cc:217):   [2] Requesting state transfer: <0,113029>
20230730-113413-1902 00135 * HandleRequestStateTransfer (replica.cc:753):   [2] Sending state transfer from <0,113029> to <0,113030>
20230730-113413-1902 00135 * RequestStateTransfer (replica.cc:217):   [2] Requesting state transfer: <0,113030>
20230730-113413-1903 00135 * HandleRequestStateTransfer (replica.cc:753):   [2] Sending state transfer from <0,113030> to <0,113031>
20230730-113413-1904 00135 * RequestStateTransfer (replica.cc:217):   [2] Requesting state transfer: <0,113031>
