20230730-113324-6658 00092 * HandleRequestStateTransfer (replica.cc:753):   [0] Sending state transfer from <0,1522> to <0,1522>
20230730-113324-6659 00092 * HandleRequestStateTransfer (replica.cc:753):   [0] Sending state transfer from <0,1522> to <0,1522>
20230730-113327-1030 00092 * HandleRequestStateTransfer (replica.cc:753):   [0] Sending state transfer from <0,8558> to <0,8558>
20230730-113327-1031 00092 * HandleRequestStateTransfer (replica.cc:753):   [0] Sending state transfer from <0,8558> to <0,8558>
20230730-113327-9260 00092 * HandleRequestStateTransfer (replica.cc:753):   [0] Sending state transfer from <0,10594> to <0,10595>
20230730-113328-4666 00092 * HandleRequestStateTransfer (replica.cc:753):   [0] Sending state transfer from <0,12527> to <0,12529>
20230730-113328-4669 00092 * HandleRequestStateTransfer (replica.cc:753):   [0] Sending state transfer from <0,12528> to <0,12530>
20230730-113335-5609 00092 * HandleRequest   (replica.cc:447):   [0] Received duplicate request; resending reply
20230730-113335-5629 00092 * HandleRequest   (replica.cc:447):   [0] Received duplicate request; resending reply
20230730-113335-6261 00092 * HandleRequest   (replica.cc:447):   [0] Received duplicate request; resending reply
20230730-113335-8325 00092 * HandleRequest   (replica.cc:447):   [0] Received duplicate request; resending reply
20230730-113346-5568 00092 * HandleRequest   (replica.cc:447):   [0] Received duplicate request; resending reply
20230730-113347-2339 00092 * HandleRequest   (replica.cc:447):   [0] Received duplicate request; resending reply
20230730-113349-3887 00092 * HandleRequestStateTransfer (replica.cc:753):   [0] Sending state transfer from <0,62348> to <0,62348>
20230730-113350-0153 00092 * HandleRequestStateTransfer (replica.cc:753):   [0] Sending state transfer from <0,62348> to <0,62348>
20230730-113350-0207 00092 ! Prepare         (lockstore.cc:86):  Lots of prepared transactions! 101
20230730-113350-0209 00092 ! Prepare         (lockstore.cc:86):  Lots of prepared transactions! 102
20230730-113350-0210 00092 ! Prepare         (lockstore.cc:86):  Lots of prepared transactions! 103
20230730-113350-0211 00092 ! Prepare         (lockstore.cc:86):  Lots of prepared transactions! 104
20230730-113350-0212 00092 ! Prepare         (lockstore.cc:86):  Lots of prepared transactions! 105
20230730-113350-0213 00092 ! Prepare         (lockstore.cc:86):  Lots of prepared transactions! 106
20230730-113350-0214 00092 ! Prepare         (lockstore.cc:86):  Lots of prepared transactions! 107
20230730-113350-0216 00092 ! Prepare         (lockstore.cc:86):  Lots of prepared transactions! 108
20230730-113350-0217 00092 ! Prepare         (lockstore.cc:86):  Lots of prepared transactions! 109
20230730-113350-0218 00092 ! Prepare         (lockstore.cc:86):  Lots of prepared transactions! 110
20230730-113350-0219 00092 ! Prepare         (lockstore.cc:86):  Lots of prepared transactions! 111
20230730-113350-0220 00092 ! Prepare         (lockstore.cc:86):  Lots of prepared transactions! 112
20230730-113350-0221 00092 ! Prepare         (lockstore.cc:86):  Lots of prepared transactions! 113
20230730-113350-0223 00092 ! Prepare         (lockstore.cc:86):  Lots of prepared transactions! 114
20230730-113350-0224 00092 ! Prepare         (lockstore.cc:86):  Lots of prepared transactions! 115
20230730-113350-0225 00092 ! Prepare         (lockstore.cc:86):  Lots of prepared transactions! 116
20230730-113350-0226 00092 ! Prepare         (lockstore.cc:86):  Lots of prepared transactions! 117
20230730-113350-0227 00092 ! Prepare         (lockstore.cc:86):  Lots of prepared transactions! 117
20230730-113350-0228 00092 * HandleRequest   (replica.cc:454):   [0] Received duplicate request but no reply available; ignoring
20230730-113350-0228 00092 * HandleRequest   (replica.cc:447):   [0] Received duplicate request; resending reply
20230730-113350-0229 00092 * HandleRequest   (replica.cc:454):   [0] Received duplicate request but no reply available; ignoring
20230730-113350-0229 00092 * HandleRequest   (replica.cc:454):   [0] Received duplicate request but no reply available; ignoring
20230730-113350-0230 00092 * HandleRequest   (replica.cc:454):   [0] Received duplicate request but no reply available; ignoring
20230730-113350-0230 00092 * HandleRequest   (replica.cc:454):   [0] Received duplicate request but no reply available; ignoring
20230730-113350-0230 00092 ! Prepare         (lockstore.cc:86):  Lots of prepared transactions! 118
20230730-113350-0231 00092 * HandleRequest   (replica.cc:454):   [0] Received duplicate request but no reply available; ignoring
20230730-113350-0231 00092 * HandleRequest   (replica.cc:454):   [0] Received duplicate request but no reply available; ignoring
20230730-113350-0232 00092 * HandleRequest   (replica.cc:447):   [0] Received duplicate request; resending reply
20230730-113350-0232 00092 * HandleRequest   (replica.cc:454):   [0] Received duplicate request but no reply available; ignoring
20230730-113350-0233 00092 * HandleRequest   (replica.cc:454):   [0] Received duplicate request but no reply available; ignoring
20230730-113350-0233 00092 * HandleRequest   (replica.cc:454):   [0] Received duplicate request but no reply available; ignoring
20230730-113350-0233 00092 * HandleRequest   (replica.cc:454):   [0] Received duplicate request but no reply available; ignoring
20230730-113350-0234 00092 ! Prepare         (lockstore.cc:86):  Lots of prepared transactions! 118
20230730-113350-0234 00092 * HandleRequest   (replica.cc:454):   [0] Received duplicate request but no reply available; ignoring
20230730-113350-0235 00092 * HandleRequest   (replica.cc:454):   [0] Received duplicate request but no reply available; ignoring
20230730-113350-0235 00092 * HandleRequest   (replica.cc:454):   [0] Received duplicate request but no reply available; ignoring
20230730-113350-0236 00092 * HandleRequest   (replica.cc:454):   [0] Received duplicate request but no reply available; ignoring
20230730-113350-0236 00092 * HandleRequest   (replica.cc:454):   [0] Received duplicate request but no reply available; ignoring
20230730-113350-0236 00092 * HandleRequest   (replica.cc:454):   [0] Received duplicate request but no reply available; ignoring
20230730-113350-0237 00092 * HandleRequest   (replica.cc:454):   [0] Received duplicate request but no reply available; ignoring
20230730-113350-0237 00092 * HandleRequest   (replica.cc:454):   [0] Received duplicate request but no reply available; ignoring
20230730-113350-0237 00092 * HandleRequest   (replica.cc:447):   [0] Received duplicate request; resending reply
20230730-113350-0238 00092 * HandleRequest   (replica.cc:454):   [0] Received duplicate request but no reply available; ignoring
20230730-113350-0238 00092 ! Prepare         (lockstore.cc:86):  Lots of prepared transactions! 118
20230730-113350-0239 00092 * HandleRequest   (replica.cc:454):   [0] Received duplicate request but no reply available; ignoring
20230730-113350-0240 00092 * HandleRequest   (replica.cc:454):   [0] Received duplicate request but no reply available; ignoring
20230730-113350-0240 00092 ! Prepare         (lockstore.cc:86):  Lots of prepared transactions! 119
20230730-113350-0241 00092 * HandleRequest   (replica.cc:447):   [0] Received duplicate request; resending reply
20230730-113350-0242 00092 * HandleRequest   (replica.cc:454):   [0] Received duplicate request but no reply available; ignoring
20230730-113350-0242 00092 * HandleRequest   (replica.cc:447):   [0] Received duplicate request; resending reply
20230730-113350-0243 00092 * HandleRequest   (replica.cc:454):   [0] Received duplicate request but no reply available; ignoring
20230730-113350-0243 00092 ! Prepare         (lockstore.cc:86):  Lots of prepared transactions! 120
20230730-113350-0244 00092 * HandleRequest   (replica.cc:454):   [0] Received duplicate request but no reply available; ignoring
20230730-113350-0245 00092 * HandleRequest   (replica.cc:454):   [0] Received duplicate request but no reply available; ignoring
20230730-113350-0245 00092 * HandleRequest   (replica.cc:454):   [0] Received duplicate request but no reply available; ignoring
20230730-113350-0246 00092 * HandleRequest   (replica.cc:447):   [0] Received duplicate request; resending reply
20230730-113350-0246 00092 * HandleRequest   (replica.cc:454):   [0] Received duplicate request but no reply available; ignoring
20230730-113350-0246 00092 * HandleRequest   (replica.cc:454):   [0] Received duplicate request but no reply available; ignoring
20230730-113350-0247 00092 * HandleRequest   (replica.cc:454):   [0] Received duplicate request but no reply available; ignoring
20230730-113350-0247 00092 * HandleRequest   (replica.cc:447):   [0] Received duplicate request; resending reply
20230730-113350-0248 00092 * HandleRequest   (replica.cc:454):   [0] Received duplicate request but no reply available; ignoring
20230730-113350-0248 00092 * HandleRequest   (replica.cc:454):   [0] Received duplicate request but no reply available; ignoring
20230730-113350-0248 00092 * HandleRequest   (replica.cc:447):   [0] Received duplicate request; resending reply
20230730-113350-0249 00092 * HandleRequest   (replica.cc:454):   [0] Received duplicate request but no reply available; ignoring
20230730-113350-0249 00092 * HandleRequest   (replica.cc:454):   [0] Received duplicate request but no reply available; ignoring
20230730-113350-0250 00092 * HandleRequest   (replica.cc:454):   [0] Received duplicate request but no reply available; ignoring
20230730-113350-0250 00092 * HandleRequest   (replica.cc:454):   [0] Received duplicate request but no reply available; ignoring
20230730-113350-0250 00092 * HandleRequest   (replica.cc:454):   [0] Received duplicate request but no reply available; ignoring
20230730-113350-0251 00092 * HandleRequest   (replica.cc:454):   [0] Received duplicate request but no reply available; ignoring
20230730-113350-0251 00092 * HandleRequest   (replica.cc:447):   [0] Received duplicate request; resending reply
20230730-113350-0251 00092 * HandleRequest   (replica.cc:447):   [0] Received duplicate request; resending reply
20230730-113350-0252 00092 * HandleRequest   (replica.cc:454):   [0] Received duplicate request but no reply available; ignoring
20230730-113350-0252 00092 * HandleRequest   (replica.cc:454):   [0] Received duplicate request but no reply available; ignoring
20230730-113350-0253 00092 ! Prepare         (lockstore.cc:86):  Lots of prepared transactions! 121
20230730-113350-0254 00092 * HandleRequest   (replica.cc:454):   [0] Received duplicate request but no reply available; ignoring
20230730-113350-0254 00092 * HandleRequest   (replica.cc:454):   [0] Received duplicate request but no reply available; ignoring
20230730-113350-0255 00092 ! Prepare         (lockstore.cc:86):  Lots of prepared transactions! 122
20230730-113350-0256 00092 ! Prepare         (lockstore.cc:86):  Lots of prepared transactions! 123
20230730-113350-0257 00092 ! Prepare         (lockstore.cc:86):  Lots of prepared transactions! 124
20230730-113350-0258 00092 ! Prepare         (lockstore.cc:86):  Lots of prepared transactions! 125
20230730-113350-0260 00092 ! Prepare         (lockstore.cc:86):  Lots of prepared transactions! 126
20230730-113350-0261 00092 ! Prepare         (lockstore.cc:86):  Lots of prepared transactions! 127
20230730-113350-0262 00092 ! Prepare         (lockstore.cc:86):  Lots of prepared transactions! 127
20230730-113350-0263 00092 ! Prepare         (lockstore.cc:86):  Lots of prepared transactions! 128
20230730-113350-0264 00092 ! Prepare         (lockstore.cc:86):  Lots of prepared transactions! 129
20230730-113350-0265 00092 ! Prepare         (lockstore.cc:86):  Lots of prepared transactions! 129
20230730-113350-0267 00092 ! Prepare         (lockstore.cc:86):  Lots of prepared transactions! 130
20230730-113350-0268 00092 ! Prepare         (lockstore.cc:86):  Lots of prepared transactions! 130
20230730-113350-0269 00092 ! Prepare         (lockstore.cc:86):  Lots of prepared transactions! 130
20230730-113350-0270 00092 ! Prepare         (lockstore.cc:86):  Lots of prepared transactions! 131
20230730-113350-0271 00092 ! Prepare         (lockstore.cc:86):  Lots of prepared transactions! 131
20230730-113350-0272 00092 ! Prepare         (lockstore.cc:86):  Lots of prepared transactions! 131
20230730-113350-0274 00092 ! Prepare         (lockstore.cc:86):  Lots of prepared transactions! 131
20230730-113350-0275 00092 ! Prepare         (lockstore.cc:86):  Lots of prepared transactions! 131
20230730-113350-0276 00092 ! Prepare         (lockstore.cc:86):  Lots of prepared transactions! 131
20230730-113350-0277 00092 ! Prepare         (lockstore.cc:86):  Lots of prepared transactions! 131
20230730-113350-0278 00092 ! Prepare         (lockstore.cc:86):  Lots of prepared transactions! 131
20230730-113350-0279 00092 ! Prepare         (lockstore.cc:86):  Lots of prepared transactions! 131
20230730-113350-0280 00092 ! Prepare         (lockstore.cc:86):  Lots of prepared transactions! 131
20230730-113350-0281 00092 ! Prepare         (lockstore.cc:86):  Lots of prepared transactions! 131
20230730-113350-0282 00092 ! Prepare         (lockstore.cc:86):  Lots of prepared transactions! 131
20230730-113350-0283 00092 ! Prepare         (lockstore.cc:86):  Lots of prepared transactions! 131
20230730-113350-0285 00092 ! Prepare         (lockstore.cc:86):  Lots of prepared transactions! 131
20230730-113350-0286 00092 ! Prepare         (lockstore.cc:86):  Lots of prepared transactions! 131
20230730-113350-0287 00092 ! Prepare         (lockstore.cc:86):  Lots of prepared transactions! 131
20230730-113350-0288 00092 ! Prepare         (lockstore.cc:86):  Lots of prepared transactions! 131
20230730-113350-0289 00092 ! Prepare         (lockstore.cc:86):  Lots of prepared transactions! 131
20230730-113350-0290 00092 ! Prepare         (lockstore.cc:86):  Lots of prepared transactions! 131
20230730-113350-0291 00092 ! Prepare         (lockstore.cc:86):  Lots of prepared transactions! 131
20230730-113350-0292 00092 ! Prepare         (lockstore.cc:86):  Lots of prepared transactions! 131
20230730-113350-0296 00092 ! Prepare         (lockstore.cc:86):  Lots of prepared transactions! 131
20230730-113350-0298 00092 ! Prepare         (lockstore.cc:86):  Lots of prepared transactions! 130
20230730-113350-0299 00092 ! Prepare         (lockstore.cc:86):  Lots of prepared transactions! 130
20230730-113350-0300 00092 ! Prepare         (lockstore.cc:86):  Lots of prepared transactions! 130
20230730-113350-0301 00092 ! Prepare         (lockstore.cc:86):  Lots of prepared transactions! 130
20230730-113350-0301 00092 ! Prepare         (lockstore.cc:86):  Lots of prepared transactions! 130
20230730-113350-0302 00092 ! Prepare         (lockstore.cc:86):  Lots of prepared transactions! 130
20230730-113350-0302 00092 ! Prepare         (lockstore.cc:86):  Lots of prepared transactions! 130
20230730-113350-0303 00092 ! Prepare         (lockstore.cc:86):  Lots of prepared transactions! 130
20230730-113350-0303 00092 ! Prepare         (lockstore.cc:86):  Lots of prepared transactions! 130
20230730-113350-0304 00092 ! Prepare         (lockstore.cc:86):  Lots of prepared transactions! 130
20230730-113350-0304 00092 ! Prepare         (lockstore.cc:86):  Lots of prepared transactions! 130
20230730-113350-0305 00092 ! Prepare         (lockstore.cc:86):  Lots of prepared transactions! 129
20230730-113350-0306 00092 ! Prepare         (lockstore.cc:86):  Lots of prepared transactions! 129
20230730-113350-0306 00092 ! Prepare         (lockstore.cc:86):  Lots of prepared transactions! 129
20230730-113350-0307 00092 ! Prepare         (lockstore.cc:86):  Lots of prepared transactions! 129
20230730-113350-0308 00092 ! Prepare         (lockstore.cc:86):  Lots of prepared transactions! 129
20230730-113350-0308 00092 ! Prepare         (lockstore.cc:86):  Lots of prepared transactions! 129
20230730-113350-0309 00092 ! Prepare         (lockstore.cc:86):  Lots of prepared transactions! 129
20230730-113350-0309 00092 ! Prepare         (lockstore.cc:86):  Lots of prepared transactions! 129
20230730-113350-0310 00092 ! Prepare         (lockstore.cc:86):  Lots of prepared transactions! 128
20230730-113350-0311 00092 ! Prepare         (lockstore.cc:86):  Lots of prepared transactions! 127
20230730-113350-0312 00092 ! Prepare         (lockstore.cc:86):  Lots of prepared transactions! 127
20230730-113350-0312 00092 ! Prepare         (lockstore.cc:86):  Lots of prepared transactions! 127
20230730-113350-0313 00092 ! Prepare         (lockstore.cc:86):  Lots of prepared transactions! 126
20230730-113350-0314 00092 ! Prepare         (lockstore.cc:86):  Lots of prepared transactions! 126
20230730-113350-0314 00092 ! Prepare         (lockstore.cc:86):  Lots of prepared transactions! 126
20230730-113350-0315 00092 ! Prepare         (lockstore.cc:86):  Lots of prepared transactions! 126
20230730-113350-0316 00092 ! Prepare         (lockstore.cc:86):  Lots of prepared transactions! 124
20230730-113350-0316 00092 ! Prepare         (lockstore.cc:86):  Lots of prepared transactions! 124
20230730-113350-0317 00092 ! Prepare         (lockstore.cc:86):  Lots of prepared transactions! 124
20230730-113350-0318 00092 ! Prepare         (lockstore.cc:86):  Lots of prepared transactions! 122
20230730-113350-0319 00092 ! Prepare         (lockstore.cc:86):  Lots of prepared transactions! 122
20230730-113350-0319 00092 ! Prepare         (lockstore.cc:86):  Lots of prepared transactions! 122
20230730-113350-0320 00092 ! Prepare         (lockstore.cc:86):  Lots of prepared transactions! 122
20230730-113350-0320 00092 ! Prepare         (lockstore.cc:86):  Lots of prepared transactions! 122
20230730-113350-0321 00092 ! Prepare         (lockstore.cc:86):  Lots of prepared transactions! 122
20230730-113350-0321 00092 ! Prepare         (lockstore.cc:86):  Lots of prepared transactions! 122
20230730-113350-0322 00092 ! Prepare         (lockstore.cc:86):  Lots of prepared transactions! 122
20230730-113350-0323 00092 ! Prepare         (lockstore.cc:86):  Lots of prepared transactions! 121
20230730-113350-0323 00092 ! Prepare         (lockstore.cc:86):  Lots of prepared transactions! 121
20230730-113350-0324 00092 ! Prepare         (lockstore.cc:86):  Lots of prepared transactions! 121
20230730-113350-0324 00092 ! Prepare         (lockstore.cc:86):  Lots of prepared transactions! 121
20230730-113350-0325 00092 ! Prepare         (lockstore.cc:86):  Lots of prepared transactions! 121
20230730-113350-0326 00092 ! Prepare         (lockstore.cc:86):  Lots of prepared transactions! 121
20230730-113350-0326 00092 ! Prepare         (lockstore.cc:86):  Lots of prepared transactions! 121
20230730-113350-0327 00092 ! Prepare         (lockstore.cc:86):  Lots of prepared transactions! 121
20230730-113350-0327 00092 ! Prepare         (lockstore.cc:86):  Lots of prepared transactions! 121
20230730-113350-0328 00092 ! Prepare         (lockstore.cc:86):  Lots of prepared transactions! 121
20230730-113350-0329 00092 ! Prepare         (lockstore.cc:86):  Lots of prepared transactions! 120
20230730-113350-0329 00092 ! Prepare         (lockstore.cc:86):  Lots of prepared transactions! 120
20230730-113350-0330 00092 ! Prepare         (lockstore.cc:86):  Lots of prepared transactions! 120
20230730-113350-0330 00092 ! Prepare         (lockstore.cc:86):  Lots of prepared transactions! 120
20230730-113350-0330 00092 ! Prepare         (lockstore.cc:86):  Lots of prepared transactions! 120
20230730-113350-0331 00092 ! Prepare         (lockstore.cc:86):  Lots of prepared transactions! 120
20230730-113350-0331 00092 ! Prepare         (lockstore.cc:86):  Lots of prepared transactions! 120
20230730-113350-0332 00092 ! Prepare         (lockstore.cc:86):  Lots of prepared transactions! 120
20230730-113350-0332 00092 ! Prepare         (lockstore.cc:86):  Lots of prepared transactions! 120
20230730-113350-0333 00092 ! Prepare         (lockstore.cc:86):  Lots of prepared transactions! 120
20230730-113350-0333 00092 ! Prepare         (lockstore.cc:86):  Lots of prepared transactions! 120
20230730-113350-0334 00092 ! Prepare         (lockstore.cc:86):  Lots of prepared transactions! 120
20230730-113350-0334 00092 ! Prepare         (lockstore.cc:86):  Lots of prepared transactions! 120
20230730-113350-0335 00092 ! Prepare         (lockstore.cc:86):  Lots of prepared transactions! 120
20230730-113350-0335 00092 ! Prepare         (lockstore.cc:86):  Lots of prepared transactions! 120
20230730-113350-0335 00092 ! Prepare         (lockstore.cc:86):  Lots of prepared transactions! 120
20230730-113350-0336 00092 ! Prepare         (lockstore.cc:86):  Lots of prepared transactions! 119
20230730-113350-0337 00092 ! Prepare         (lockstore.cc:86):  Lots of prepared transactions! 119
20230730-113350-0338 00092 ! Prepare         (lockstore.cc:86):  Lots of prepared transactions! 119
20230730-113350-0338 00092 ! Prepare         (lockstore.cc:86):  Lots of prepared transactions! 119
20230730-113350-0339 00092 ! Prepare         (lockstore.cc:86):  Lots of prepared transactions! 119
20230730-113350-0339 00092 ! Prepare         (lockstore.cc:86):  Lots of prepared transactions! 119
20230730-113350-0340 00092 ! Prepare         (lockstore.cc:86):  Lots of prepared transactions! 119
20230730-113350-0341 00092 ! Prepare         (lockstore.cc:86):  Lots of prepared transactions! 119
20230730-113350-0343 00092 ! Prepare         (lockstore.cc:86):  Lots of prepared transactions! 120
20230730-113350-0344 00092 ! Prepare         (lockstore.cc:86):  Lots of prepared transactions! 121
20230730-113350-0345 00092 ! Prepare         (lockstore.cc:86):  Lots of prepared transactions! 122
20230730-113350-0348 00092 ! Prepare         (lockstore.cc:86):  Lots of prepared transactions! 120
20230730-113350-0351 00092 ! Prepare         (lockstore.cc:86):  Lots of prepared transactions! 115
20230730-113350-0352 00092 ! Prepare         (lockstore.cc:86):  Lots of prepared transactions! 114
20230730-113350-0353 00092 ! Prepare         (lockstore.cc:86):  Lots of prepared transactions! 111
20230730-113350-0357 00092 ! Prepare         (lockstore.cc:86):  Lots of prepared transactions! 105
20230730-113350-0357 00092 ! Prepare         (lockstore.cc:86):  Lots of prepared transactions! 106
20230730-113350-0358 00092 ! Prepare         (lockstore.cc:86):  Lots of prepared transactions! 107
20230730-113350-0359 00092 ! Prepare         (lockstore.cc:86):  Lots of prepared transactions! 108
20230730-113350-0359 00092 ! Prepare         (lockstore.cc:86):  Lots of prepared transactions! 109
20230730-113350-0360 00092 ! Prepare         (lockstore.cc:86):  Lots of prepared transactions! 110
20230730-113350-0360 00092 ! Prepare         (lockstore.cc:86):  Lots of prepared transactions! 110
20230730-113350-0361 00092 ! Prepare         (lockstore.cc:86):  Lots of prepared transactions! 111
20230730-113350-0361 00092 ! Prepare         (lockstore.cc:86):  Lots of prepared transactions! 112
20230730-113350-0362 00092 ! Prepare         (lockstore.cc:86):  Lots of prepared transactions! 113
20230730-113350-0363 00092 ! Prepare         (lockstore.cc:86):  Lots of prepared transactions! 114
20230730-113350-0363 00092 ! Prepare         (lockstore.cc:86):  Lots of prepared transactions! 114
20230730-113350-0364 00092 ! Prepare         (lockstore.cc:86):  Lots of prepared transactions! 115
20230730-113350-0364 00092 ! Prepare         (lockstore.cc:86):  Lots of prepared transactions! 115
20230730-113350-0365 00092 ! Prepare         (lockstore.cc:86):  Lots of prepared transactions! 116
20230730-113350-0365 00092 ! Prepare         (lockstore.cc:86):  Lots of prepared transactions! 117
20230730-113350-0366 00092 * HandleRequestStateTransfer (replica.cc:753):   [0] Sending state transfer from <0,62479> to <0,62481>
20230730-113350-0366 00092 ! Prepare         (lockstore.cc:86):  Lots of prepared transactions! 118
20230730-113350-0367 00092 ! Prepare         (lockstore.cc:86):  Lots of prepared transactions! 118
20230730-113350-0368 00092 * HandleRequestStateTransfer (replica.cc:753):   [0] Sending state transfer from <0,62479> to <0,62482>
20230730-113350-0368 00092 * HandleRequestStateTransfer (replica.cc:753):   [0] Sending state transfer from <0,62480> to <0,62482>
20230730-113350-0369 00092 * HandleRequestStateTransfer (replica.cc:753):   [0] Sending state transfer from <0,62481> to <0,62482>
20230730-113350-0369 00092 ! Prepare         (lockstore.cc:86):  Lots of prepared transactions! 118
20230730-113350-0370 00092 ! Prepare         (lockstore.cc:86):  Lots of prepared transactions! 118
20230730-113350-0370 00092 ! Prepare         (lockstore.cc:86):  Lots of prepared transactions! 118
20230730-113350-0371 00092 ! Prepare         (lockstore.cc:86):  Lots of prepared transactions! 118
20230730-113350-0371 00092 ! Prepare         (lockstore.cc:86):  Lots of prepared transactions! 116
20230730-113350-0372 00092 ! Prepare         (lockstore.cc:86):  Lots of prepared transactions! 116
20230730-113350-0372 00092 ! Prepare         (lockstore.cc:86):  Lots of prepared transactions! 116
20230730-113350-0372 00092 ! Prepare         (lockstore.cc:86):  Lots of prepared transactions! 116
20230730-113350-0373 00092 ! Prepare         (lockstore.cc:86):  Lots of prepared transactions! 115
20230730-113350-0373 00092 ! Prepare         (lockstore.cc:86):  Lots of prepared transactions! 115
20230730-113350-0373 00092 * HandleRequestStateTransfer (replica.cc:753):   [0] Sending state transfer from <0,62480> to <0,62494>
20230730-113350-0375 00092 ! Prepare         (lockstore.cc:86):  Lots of prepared transactions! 115
20230730-113350-0376 00092 ! Prepare         (lockstore.cc:86):  Lots of prepared transactions! 115
20230730-113350-0376 00092 ! Prepare         (lockstore.cc:86):  Lots of prepared transactions! 115
20230730-113350-0377 00092 ! Prepare         (lockstore.cc:86):  Lots of prepared transactions! 115
20230730-113350-0377 00092 * HandleRequestStateTransfer (replica.cc:753):   [0] Sending state transfer from <0,62481> to <0,62497>
20230730-113350-0378 00092 ! Prepare         (lockstore.cc:86):  Lots of prepared transactions! 115
20230730-113350-0380 00092 ! Prepare         (lockstore.cc:86):  Lots of prepared transactions! 115
20230730-113350-0381 00092 * ResendPrepare   (replica.cc:311):   [0] Resending prepare
20230730-113350-0385 00092 ! Prepare         (lockstore.cc:86):  Lots of prepared transactions! 112
20230730-113350-0386 00092 ! Prepare         (lockstore.cc:86):  Lots of prepared transactions! 112
20230730-113350-0387 00092 ! Prepare         (lockstore.cc:86):  Lots of prepared transactions! 112
20230730-113350-0388 00092 ! Prepare         (lockstore.cc:86):  Lots of prepared transactions! 112
20230730-113350-0389 00092 ! Prepare         (lockstore.cc:86):  Lots of prepared transactions! 113
20230730-113350-0389 00092 ! Prepare         (lockstore.cc:86):  Lots of prepared transactions! 113
20230730-113350-0390 00092 ! Prepare         (lockstore.cc:86):  Lots of prepared transactions! 114
20230730-113350-0390 00092 ! Prepare         (lockstore.cc:86):  Lots of prepared transactions! 114
20230730-113350-0391 00092 ! Prepare         (lockstore.cc:86):  Lots of prepared transactions! 113
20230730-113350-0391 00092 ! Prepare         (lockstore.cc:86):  Lots of prepared transactions! 114
20230730-113350-0394 00092 * HandleRequestStateTransfer (replica.cc:753):   [0] Sending state transfer from <0,62508> to <0,62509>
20230730-113350-0394 00092 ! Prepare         (lockstore.cc:86):  Lots of prepared transactions! 114
20230730-113350-0395 00092 ! Prepare         (lockstore.cc:86):  Lots of prepared transactions! 114
20230730-113350-0397 00092 ! Prepare         (lockstore.cc:86):  Lots of prepared transactions! 114
20230730-113350-0401 00092 ! Prepare         (lockstore.cc:86):  Lots of prepared transactions! 111
20230730-113350-0402 00092 ! Prepare         (lockstore.cc:86):  Lots of prepared transactions! 111
20230730-113350-0403 00092 ! Prepare         (lockstore.cc:86):  Lots of prepared transactions! 111
20230730-113350-0403 00092 ! Prepare         (lockstore.cc:86):  Lots of prepared transactions! 111
20230730-113350-0404 00092 ! Prepare         (lockstore.cc:86):  Lots of prepared transactions! 112
20230730-113350-0405 00092 ! Prepare         (lockstore.cc:86):  Lots of prepared transactions! 111
20230730-113350-0406 00092 ! Prepare         (lockstore.cc:86):  Lots of prepared transactions! 111
20230730-113350-0407 00092 ! Prepare         (lockstore.cc:86):  Lots of prepared transactions! 111
20230730-113350-0409 00092 ! Prepare         (lockstore.cc:86):  Lots of prepared transactions! 111
20230730-113350-0412 00092 ! Prepare         (lockstore.cc:86):  Lots of prepared transactions! 110
20230730-113350-0414 00092 ! Prepare         (lockstore.cc:86):  Lots of prepared transactions! 110
20230730-113350-0415 00092 ! Prepare         (lockstore.cc:86):  Lots of prepared transactions! 110
20230730-113350-0416 00092 ! Prepare         (lockstore.cc:86):  Lots of prepared transactions! 110
20230730-113350-0418 00092 ! Prepare         (lockstore.cc:86):  Lots of prepared transactions! 110
20230730-113350-0419 00092 ! Prepare         (lockstore.cc:86):  Lots of prepared transactions! 110
20230730-113350-0420 00092 ! Prepare         (lockstore.cc:86):  Lots of prepared transactions! 111
20230730-113350-0421 00092 ! Prepare         (lockstore.cc:86):  Lots of prepared transactions! 111
20230730-113350-0423 00092 ! Prepare         (lockstore.cc:86):  Lots of prepared transactions! 111
20230730-113350-0424 00092 ! Prepare         (lockstore.cc:86):  Lots of prepared transactions! 111
20230730-113350-0425 00092 ! Prepare         (lockstore.cc:86):  Lots of prepared transactions! 111
20230730-113350-0425 00092 ! Prepare         (lockstore.cc:86):  Lots of prepared transactions! 111
20230730-113350-0426 00092 ! Prepare         (lockstore.cc:86):  Lots of prepared transactions! 112
20230730-113350-0426 00092 ! Prepare         (lockstore.cc:86):  Lots of prepared transactions! 112
20230730-113350-0428 00092 ! Prepare         (lockstore.cc:86):  Lots of prepared transactions! 111
20230730-113350-0430 00092 ! Prepare         (lockstore.cc:86):  Lots of prepared transactions! 111
20230730-113350-0431 00092 ! Prepare         (lockstore.cc:86):  Lots of prepared transactions! 111
20230730-113350-0431 00092 ! Prepare         (lockstore.cc:86):  Lots of prepared transactions! 111
20230730-113350-0432 00092 ! Prepare         (lockstore.cc:86):  Lots of prepared transactions! 110
20230730-113350-0433 00092 ! Prepare         (lockstore.cc:86):  Lots of prepared transactions! 111
20230730-113350-0434 00092 ! Prepare         (lockstore.cc:86):  Lots of prepared transactions! 111
20230730-113350-0436 00092 ! Prepare         (lockstore.cc:86):  Lots of prepared transactions! 110
20230730-113350-0437 00092 ! Prepare         (lockstore.cc:86):  Lots of prepared transactions! 111
20230730-113350-0438 00092 ! Prepare         (lockstore.cc:86):  Lots of prepared transactions! 110
20230730-113350-0440 00092 ! Prepare         (lockstore.cc:86):  Lots of prepared transactions! 110
20230730-113350-0441 00092 ! Prepare         (lockstore.cc:86):  Lots of prepared transactions! 110
20230730-113350-0441 00092 ! Prepare         (lockstore.cc:86):  Lots of prepared transactions! 110
20230730-113350-0442 00092 ! Prepare         (lockstore.cc:86):  Lots of prepared transactions! 110
20230730-113350-0442 00092 ! Prepare         (lockstore.cc:86):  Lots of prepared transactions! 111
20230730-113350-0443 00092 ! Prepare         (lockstore.cc:86):  Lots of prepared transactions! 111
20230730-113350-0445 00092 ! Prepare         (lockstore.cc:86):  Lots of prepared transactions! 111
20230730-113350-0446 00092 ! Prepare         (lockstore.cc:86):  Lots of prepared transactions! 112
20230730-113350-0446 00092 ! Prepare         (lockstore.cc:86):  Lots of prepared transactions! 112
20230730-113350-0448 00092 ! Prepare         (lockstore.cc:86):  Lots of prepared transactions! 111
20230730-113350-0448 00092 ! Prepare         (lockstore.cc:86):  Lots of prepared transactions! 111
20230730-113350-0449 00092 ! Prepare         (lockstore.cc:86):  Lots of prepared transactions! 111
20230730-113350-0449 00092 ! Prepare         (lockstore.cc:86):  Lots of prepared transactions! 111
20230730-113350-0450 00092 ! Prepare         (lockstore.cc:86):  Lots of prepared transactions! 111
20230730-113350-0450 00092 ! Prepare         (lockstore.cc:86):  Lots of prepared transactions! 112
20230730-113350-0451 00092 ! Prepare         (lockstore.cc:86):  Lots of prepared transactions! 112
20230730-113350-0451 00092 ! Prepare         (lockstore.cc:86):  Lots of prepared transactions! 112
20230730-113350-0452 00092 ! Prepare         (lockstore.cc:86):  Lots of prepared transactions! 112
20230730-113350-0453 00092 ! Prepare         (lockstore.cc:86):  Lots of prepared transactions! 112
20230730-113350-0454 00092 ! Prepare         (lockstore.cc:86):  Lots of prepared transactions! 112
20230730-113350-0455 00092 ! Prepare         (lockstore.cc:86):  Lots of prepared transactions! 112
20230730-113350-0455 00092 ! Prepare         (lockstore.cc:86):  Lots of prepared transactions! 113
20230730-113350-0456 00092 ! Prepare         (lockstore.cc:86):  Lots of prepared transactions! 113
20230730-113350-0456 00092 ! Prepare         (lockstore.cc:86):  Lots of prepared transactions! 113
20230730-113350-0457 00092 ! Prepare         (lockstore.cc:86):  Lots of prepared transactions! 112
20230730-113350-0458 00092 ! Prepare         (lockstore.cc:86):  Lots of prepared transactions! 111
20230730-113350-0459 00092 ! Prepare         (lockstore.cc:86):  Lots of prepared transactions! 111
20230730-113350-0459 00092 ! Prepare         (lockstore.cc:86):  Lots of prepared transactions! 111
20230730-113350-0460 00092 ! Prepare         (lockstore.cc:86):  Lots of prepared transactions! 112
20230730-113350-0461 00092 ! Prepare         (lockstore.cc:86):  Lots of prepared transactions! 112
20230730-113350-0461 00092 ! Prepare         (lockstore.cc:86):  Lots of prepared transactions! 112
20230730-113350-0462 00092 ! Prepare         (lockstore.cc:86):  Lots of prepared transactions! 113
20230730-113350-0462 00092 ! Prepare         (lockstore.cc:86):  Lots of prepared transactions! 114
20230730-113350-0463 00092 ! Prepare         (lockstore.cc:86):  Lots of prepared transactions! 115
20230730-113350-0463 00092 ! Prepare         (lockstore.cc:86):  Lots of prepared transactions! 115
20230730-113350-0464 00092 ! Prepare         (lockstore.cc:86):  Lots of prepared transactions! 115
20230730-113350-0465 00092 ! Prepare         (lockstore.cc:86):  Lots of prepared transactions! 115
20230730-113350-0465 00092 ! Prepare         (lockstore.cc:86):  Lots of prepared transactions! 115
20230730-113350-0466 00092 ! Prepare         (lockstore.cc:86):  Lots of prepared transactions! 116
20230730-113350-0467 00092 ! Prepare         (lockstore.cc:86):  Lots of prepared transactions! 116
20230730-113350-0468 00092 ! Prepare         (lockstore.cc:86):  Lots of prepared transactions! 116
20230730-113350-0468 00092 ! Prepare         (lockstore.cc:86):  Lots of prepared transactions! 116
20230730-113350-0469 00092 * HandleRequest   (replica.cc:447):   [0] Received duplicate request; resending reply
20230730-113350-0469 00092 ! Prepare         (lockstore.cc:86):  Lots of prepared transactions! 116
20230730-113350-0470 00092 ! Prepare         (lockstore.cc:86):  Lots of prepared transactions! 116
20230730-113350-0470 00092 ! Prepare         (lockstore.cc:86):  Lots of prepared transactions! 116
20230730-113350-0471 00092 ! Prepare         (lockstore.cc:86):  Lots of prepared transactions! 117
20230730-113350-0471 00092 ! Prepare         (lockstore.cc:86):  Lots of prepared transactions! 117
20230730-113350-0472 00092 ! Prepare         (lockstore.cc:86):  Lots of prepared transactions! 116
20230730-113350-0473 00092 ! Prepare         (lockstore.cc:86):  Lots of prepared transactions! 116
20230730-113350-0473 00092 ! Prepare         (lockstore.cc:86):  Lots of prepared transactions! 116
20230730-113350-0474 00092 ! Prepare         (lockstore.cc:86):  Lots of prepared transactions! 116
20230730-113350-0475 00092 * HandleRequestStateTransfer (replica.cc:753):   [0] Sending state transfer from <0,62551> to <0,62554>
20230730-113350-0475 00092 * HandleRequestStateTransfer (replica.cc:753):   [0] Sending state transfer from <0,62551> to <0,62554>
20230730-113350-0476 00092 ! Prepare         (lockstore.cc:86):  Lots of prepared transactions! 114
20230730-113350-0476 00092 ! Prepare         (lockstore.cc:86):  Lots of prepared transactions! 114
20230730-113350-0477 00092 * HandleRequestStateTransfer (replica.cc:753):   [0] Sending state transfer from <0,62552> to <0,62555>
20230730-113350-0478 00092 * HandleRequestStateTransfer (replica.cc:753):   [0] Sending state transfer from <0,62552> to <0,62555>
20230730-113350-0478 00092 * HandleRequestStateTransfer (replica.cc:753):   [0] Sending state transfer from <0,62553> to <0,62555>
20230730-113350-0478 00092 ! Prepare         (lockstore.cc:86):  Lots of prepared transactions! 114
20230730-113350-0479 00092 * HandleRequestStateTransfer (replica.cc:753):   [0] Sending state transfer from <0,62553> to <0,62555>
20230730-113350-0479 00092 * HandleRequestStateTransfer (replica.cc:753):   [0] Sending state transfer from <0,62554> to <0,62555>
20230730-113350-0480 00092 ! Prepare         (lockstore.cc:86):  Lots of prepared transactions! 114
20230730-113350-0480 00092 ! Prepare         (lockstore.cc:86):  Lots of prepared transactions! 115
20230730-113350-0481 00092 ! Prepare         (lockstore.cc:86):  Lots of prepared transactions! 115
20230730-113350-0482 00092 ! Prepare         (lockstore.cc:86):  Lots of prepared transactions! 114
20230730-113350-0483 00092 ! Prepare         (lockstore.cc:86):  Lots of prepared transactions! 114
20230730-113350-0483 00092 ! Prepare         (lockstore.cc:86):  Lots of prepared transactions! 114
20230730-113350-0484 00092 * HandleRequestStateTransfer (replica.cc:753):   [0] Sending state transfer from <0,62554> to <0,62562>
20230730-113350-0484 00092 ! Prepare         (lockstore.cc:86):  Lots of prepared transactions! 113
20230730-113350-0485 00092 ! Prepare         (lockstore.cc:86):  Lots of prepared transactions! 113
20230730-113350-0486 00092 ! Prepare         (lockstore.cc:86):  Lots of prepared transactions! 113
20230730-113350-0487 00092 ! Prepare         (lockstore.cc:86):  Lots of prepared transactions! 112
20230730-113350-0487 00092 ! Prepare         (lockstore.cc:86):  Lots of prepared transactions! 113
20230730-113350-0488 00092 ! Prepare         (lockstore.cc:86):  Lots of prepared transactions! 112
20230730-113350-0489 00092 ! Prepare         (lockstore.cc:86):  Lots of prepared transactions! 112
20230730-113350-0490 00092 ! Prepare         (lockstore.cc:86):  Lots of prepared transactions! 112
20230730-113350-0490 00092 ! Prepare         (lockstore.cc:86):  Lots of prepared transactions! 112
20230730-113350-0491 00092 ! Prepare         (lockstore.cc:86):  Lots of prepared transactions! 112
20230730-113350-0491 00092 ! Prepare         (lockstore.cc:86):  Lots of prepared transactions! 112
20230730-113350-0492 00092 ! Prepare         (lockstore.cc:86):  Lots of prepared transactions! 112
20230730-113350-0492 00092 ! Prepare         (lockstore.cc:86):  Lots of prepared transactions! 112
20230730-113350-0493 00092 ! Prepare         (lockstore.cc:86):  Lots of prepared transactions! 113
20230730-113350-0493 00092 ! Prepare         (lockstore.cc:86):  Lots of prepared transactions! 113
20230730-113350-0494 00092 ! Prepare         (lockstore.cc:86):  Lots of prepared transactions! 113
20230730-113350-0494 00092 ! Prepare         (lockstore.cc:86):  Lots of prepared transactions! 113
20230730-113350-0495 00092 ! Prepare         (lockstore.cc:86):  Lots of prepared transactions! 114
20230730-113350-0495 00092 ! Prepare         (lockstore.cc:86):  Lots of prepared transactions! 114
20230730-113350-0496 00092 ! Prepare         (lockstore.cc:86):  Lots of prepared transactions! 114
20230730-113350-0496 00092 ! Prepare         (lockstore.cc:86):  Lots of prepared transactions! 114
20230730-113350-0497 00092 ! Prepare         (lockstore.cc:86):  Lots of prepared transactions! 114
20230730-113350-0497 00092 ! Prepare         (lockstore.cc:86):  Lots of prepared transactions! 114
20230730-113350-0498 00092 ! Prepare         (lockstore.cc:86):  Lots of prepared transactions! 114
20230730-113350-0499 00092 ! Prepare         (lockstore.cc:86):  Lots of prepared transactions! 114
20230730-113350-0500 00092 ! Prepare         (lockstore.cc:86):  Lots of prepared transactions! 114
20230730-113350-0500 00092 ! Prepare         (lockstore.cc:86):  Lots of prepared transactions! 115
20230730-113350-0501 00092 ! Prepare         (lockstore.cc:86):  Lots of prepared transactions! 115
20230730-113350-0501 00092 ! Prepare         (lockstore.cc:86):  Lots of prepared transactions! 115
20230730-113350-0502 00092 ! Prepare         (lockstore.cc:86):  Lots of prepared transactions! 115
20230730-113350-0502 00092 ! Prepare         (lockstore.cc:86):  Lots of prepared transactions! 115
20230730-113350-0503 00092 ! Prepare         (lockstore.cc:86):  Lots of prepared transactions! 115
20230730-113350-0503 00092 ! Prepare         (lockstore.cc:86):  Lots of prepared transactions! 115
20230730-113350-0504 00092 ! Prepare         (lockstore.cc:86):  Lots of prepared transactions! 115
20230730-113350-0504 00092 ! Prepare         (lockstore.cc:86):  Lots of prepared transactions! 115
20230730-113350-0504 00092 ! Prepare         (lockstore.cc:86):  Lots of prepared transactions! 115
20230730-113350-0505 00092 ! Prepare         (lockstore.cc:86):  Lots of prepared transactions! 115
20230730-113350-0505 00092 ! Prepare         (lockstore.cc:86):  Lots of prepared transactions! 115
20230730-113350-0506 00092 ! Prepare         (lockstore.cc:86):  Lots of prepared transactions! 115
20230730-113350-0506 00092 ! Prepare         (lockstore.cc:86):  Lots of prepared transactions! 115
20230730-113350-0507 00092 ! Prepare         (lockstore.cc:86):  Lots of prepared transactions! 115
20230730-113350-0507 00092 ! Prepare         (lockstore.cc:86):  Lots of prepared transactions! 115
20230730-113350-0508 00092 ! Prepare         (lockstore.cc:86):  Lots of prepared transactions! 115
20230730-113350-0509 00092 ! Prepare         (lockstore.cc:86):  Lots of prepared transactions! 115
20230730-113350-0510 00092 ! Prepare         (lockstore.cc:86):  Lots of prepared transactions! 115
20230730-113350-0510 00092 ! Prepare         (lockstore.cc:86):  Lots of prepared transactions! 115
20230730-113350-0511 00092 ! Prepare         (lockstore.cc:86):  Lots of prepared transactions! 115
20230730-113350-0511 00092 ! Prepare         (lockstore.cc:86):  Lots of prepared transactions! 115
20230730-113350-0512 00092 ! Prepare         (lockstore.cc:86):  Lots of prepared transactions! 115
20230730-113350-0512 00092 ! Prepare         (lockstore.cc:86):  Lots of prepared transactions! 115
20230730-113350-0512 00092 ! Prepare         (lockstore.cc:86):  Lots of prepared transactions! 115
20230730-113350-0513 00092 ! Prepare         (lockstore.cc:86):  Lots of prepared transactions! 115
20230730-113350-0514 00092 ! Prepare         (lockstore.cc:86):  Lots of prepared transactions! 112
20230730-113350-0515 00092 ! Prepare         (lockstore.cc:86):  Lots of prepared transactions! 112
20230730-113350-0516 00092 ! Prepare         (lockstore.cc:86):  Lots of prepared transactions! 112
20230730-113350-0516 00092 ! Prepare         (lockstore.cc:86):  Lots of prepared transactions! 112
20230730-113350-0517 00092 ! Prepare         (lockstore.cc:86):  Lots of prepared transactions! 112
20230730-113350-0517 00092 ! Prepare         (lockstore.cc:86):  Lots of prepared transactions! 113
20230730-113350-0519 00092 ! Prepare         (lockstore.cc:86):  Lots of prepared transactions! 112
20230730-113350-0519 00092 ! Prepare         (lockstore.cc:86):  Lots of prepared transactions! 112
20230730-113350-0520 00092 ! Prepare         (lockstore.cc:86):  Lots of prepared transactions! 112
20230730-113350-0520 00092 ! Prepare         (lockstore.cc:86):  Lots of prepared transactions! 112
20230730-113350-0521 00092 ! Prepare         (lockstore.cc:86):  Lots of prepared transactions! 112
20230730-113350-0521 00092 ! Prepare         (lockstore.cc:86):  Lots of prepared transactions! 112
20230730-113350-0522 00092 ! Prepare         (lockstore.cc:86):  Lots of prepared transactions! 112
20230730-113350-0522 00092 ! Prepare         (lockstore.cc:86):  Lots of prepared transactions! 112
20230730-113350-0523 00092 ! Prepare         (lockstore.cc:86):  Lots of prepared transactions! 112
20230730-113350-0523 00092 ! Prepare         (lockstore.cc:86):  Lots of prepared transactions! 112
20230730-113350-0524 00092 ! Prepare         (lockstore.cc:86):  Lots of prepared transactions! 112
20230730-113350-0524 00092 ! Prepare         (lockstore.cc:86):  Lots of prepared transactions! 112
20230730-113350-0525 00092 ! Prepare         (lockstore.cc:86):  Lots of prepared transactions! 112
20230730-113350-0525 00092 ! Prepare         (lockstore.cc:86):  Lots of prepared transactions! 112
20230730-113350-0525 00092 ! Prepare         (lockstore.cc:86):  Lots of prepared transactions! 112
20230730-113350-0526 00092 ! Prepare         (lockstore.cc:86):  Lots of prepared transactions! 112
20230730-113350-0527 00092 ! Prepare         (lockstore.cc:86):  Lots of prepared transactions! 113
20230730-113350-0527 00092 ! Prepare         (lockstore.cc:86):  Lots of prepared transactions! 114
20230730-113350-0528 00092 ! Prepare         (lockstore.cc:86):  Lots of prepared transactions! 115
20230730-113350-0528 00092 ! Prepare         (lockstore.cc:86):  Lots of prepared transactions! 115
20230730-113350-0529 00092 ! Prepare         (lockstore.cc:86):  Lots of prepared transactions! 115
20230730-113350-0529 00092 ! Prepare         (lockstore.cc:86):  Lots of prepared transactions! 115
20230730-113350-0530 00092 ! Prepare         (lockstore.cc:86):  Lots of prepared transactions! 115
20230730-113350-0530 00092 ! Prepare         (lockstore.cc:86):  Lots of prepared transactions! 115
20230730-113350-0531 00092 ! Prepare         (lockstore.cc:86):  Lots of prepared transactions! 115
20230730-113350-0531 00092 ! Prepare         (lockstore.cc:86):  Lots of prepared transactions! 115
20230730-113350-0532 00092 ! Prepare         (lockstore.cc:86):  Lots of prepared transactions! 115
20230730-113350-0533 00092 ! Prepare         (lockstore.cc:86):  Lots of prepared transactions! 114
20230730-113350-0533 00092 ! Prepare         (lockstore.cc:86):  Lots of prepared transactions! 114
20230730-113350-0535 00092 ! Prepare         (lockstore.cc:86):  Lots of prepared transactions! 113
20230730-113350-0535 00092 ! Prepare         (lockstore.cc:86):  Lots of prepared transactions! 113
20230730-113350-0536 00092 ! Prepare         (lockstore.cc:86):  Lots of prepared transactions! 113
20230730-113350-0537 00092 ! Prepare         (lockstore.cc:86):  Lots of prepared transactions! 114
20230730-113350-0538 00092 ! Prepare         (lockstore.cc:86):  Lots of prepared transactions! 114
20230730-113350-0538 00092 ! Prepare         (lockstore.cc:86):  Lots of prepared transactions! 114
20230730-113350-0539 00092 ! Prepare         (lockstore.cc:86):  Lots of prepared transactions! 114
20230730-113350-0539 00092 ! Prepare         (lockstore.cc:86):  Lots of prepared transactions! 114
20230730-113350-0540 00092 ! Prepare         (lockstore.cc:86):  Lots of prepared transactions! 114
20230730-113350-0541 00092 ! Prepare         (lockstore.cc:86):  Lots of prepared transactions! 114
20230730-113350-0541 00092 ! Prepare         (lockstore.cc:86):  Lots of prepared transactions! 114
20230730-113350-0542 00092 ! Prepare         (lockstore.cc:86):  Lots of prepared transactions! 113
20230730-113350-0543 00092 ! Prepare         (lockstore.cc:86):  Lots of prepared transactions! 113
20230730-113350-0543 00092 ! Prepare         (lockstore.cc:86):  Lots of prepared transactions! 113
20230730-113350-0544 00092 ! Prepare         (lockstore.cc:86):  Lots of prepared transactions! 113
20230730-113350-0545 00092 ! Prepare         (lockstore.cc:86):  Lots of prepared transactions! 111
20230730-113350-0546 00092 ! Prepare         (lockstore.cc:86):  Lots of prepared transactions! 111
20230730-113350-0546 00092 ! Prepare         (lockstore.cc:86):  Lots of prepared transactions! 112
20230730-113350-0547 00092 ! Prepare         (lockstore.cc:86):  Lots of prepared transactions! 112
20230730-113350-0547 00092 ! Prepare         (lockstore.cc:86):  Lots of prepared transactions! 112
20230730-113350-0548 00092 * HandleRequest   (replica.cc:447):   [0] Received duplicate request; resending reply
20230730-113350-0548 00092 ! Prepare         (lockstore.cc:86):  Lots of prepared transactions! 112
20230730-113350-0549 00092 ! Prepare         (lockstore.cc:86):  Lots of prepared transactions! 112
20230730-113350-0549 00092 ! Prepare         (lockstore.cc:86):  Lots of prepared transactions! 112
20230730-113350-0550 00092 ! Prepare         (lockstore.cc:86):  Lots of prepared transactions! 112
20230730-113350-0550 00092 ! Prepare         (lockstore.cc:86):  Lots of prepared transactions! 113
20230730-113350-0551 00092 ! Prepare         (lockstore.cc:86):  Lots of prepared transactions! 113
20230730-113350-0551 00092 ! Prepare         (lockstore.cc:86):  Lots of prepared transactions! 113
20230730-113350-0552 00092 ! Prepare         (lockstore.cc:86):  Lots of prepared transactions! 113
20230730-113350-0552 00092 ! Prepare         (lockstore.cc:86):  Lots of prepared transactions! 113
20230730-113350-0553 00092 ! Prepare         (lockstore.cc:86):  Lots of prepared transactions! 113
20230730-113350-0553 00092 ! Prepare         (lockstore.cc:86):  Lots of prepared transactions! 113
20230730-113350-0554 00092 ! Prepare         (lockstore.cc:86):  Lots of prepared transactions! 113
20230730-113350-0554 00092 ! Prepare         (lockstore.cc:86):  Lots of prepared transactions! 113
20230730-113350-0555 00092 ! Prepare         (lockstore.cc:86):  Lots of prepared transactions! 113
20230730-113350-0555 00092 ! Prepare         (lockstore.cc:86):  Lots of prepared transactions! 114
20230730-113350-0556 00092 ! Prepare         (lockstore.cc:86):  Lots of prepared transactions! 114
20230730-113350-0556 00092 ! Prepare         (lockstore.cc:86):  Lots of prepared transactions! 114
20230730-113350-0557 00092 ! Prepare         (lockstore.cc:86):  Lots of prepared transactions! 114
20230730-113350-0558 00092 ! Prepare         (lockstore.cc:86):  Lots of prepared transactions! 115
20230730-113350-0558 00092 ! Prepare         (lockstore.cc:86):  Lots of prepared transactions! 114
20230730-113350-0559 00092 ! Prepare         (lockstore.cc:86):  Lots of prepared transactions! 114
20230730-113350-0560 00092 ! Prepare         (lockstore.cc:86):  Lots of prepared transactions! 113
20230730-113350-0561 00092 ! Prepare         (lockstore.cc:86):  Lots of prepared transactions! 113
20230730-113350-0561 00092 ! Prepare         (lockstore.cc:86):  Lots of prepared transactions! 113
20230730-113350-0562 00092 ! Prepare         (lockstore.cc:86):  Lots of prepared transactions! 113
20230730-113350-0562 00092 ! Prepare         (lockstore.cc:86):  Lots of prepared transactions! 113
20230730-113350-0563 00092 ! Prepare         (lockstore.cc:86):  Lots of prepared transactions! 113
20230730-113350-0563 00092 ! Prepare         (lockstore.cc:86):  Lots of prepared transactions! 113
20230730-113350-0564 00092 ! Prepare         (lockstore.cc:86):  Lots of prepared transactions! 113
20230730-113350-0564 00092 ! Prepare         (lockstore.cc:86):  Lots of prepared transactions! 113
20230730-113350-0565 00092 ! Prepare         (lockstore.cc:86):  Lots of prepared transactions! 112
20230730-113350-0566 00092 ! Prepare         (lockstore.cc:86):  Lots of prepared transactions! 112
20230730-113350-0567 00092 ! Prepare         (lockstore.cc:86):  Lots of prepared transactions! 112
20230730-113350-0567 00092 ! Prepare         (lockstore.cc:86):  Lots of prepared transactions! 112
20230730-113350-0568 00092 ! Prepare         (lockstore.cc:86):  Lots of prepared transactions! 112
20230730-113350-0569 00092 ! Prepare         (lockstore.cc:86):  Lots of prepared transactions! 112
20230730-113350-0569 00092 ! Prepare         (lockstore.cc:86):  Lots of prepared transactions! 112
20230730-113350-0570 00092 ! Prepare         (lockstore.cc:86):  Lots of prepared transactions! 112
20230730-113350-0570 00092 ! Prepare         (lockstore.cc:86):  Lots of prepared transactions! 112
20230730-113350-0571 00092 ! Prepare         (lockstore.cc:86):  Lots of prepared transactions! 113
20230730-113350-0571 00092 ! Prepare         (lockstore.cc:86):  Lots of prepared transactions! 112
20230730-113350-0572 00092 ! Prepare         (lockstore.cc:86):  Lots of prepared transactions! 112
20230730-113350-0572 00092 ! Prepare         (lockstore.cc:86):  Lots of prepared transactions! 112
20230730-113350-0573 00092 ! Prepare         (lockstore.cc:86):  Lots of prepared transactions! 112
20230730-113350-0573 00092 ! Prepare         (lockstore.cc:86):  Lots of prepared transactions! 112
20230730-113350-0574 00092 ! Prepare         (lockstore.cc:86):  Lots of prepared transactions! 112
20230730-113350-0574 00092 ! Prepare         (lockstore.cc:86):  Lots of prepared transactions! 112
20230730-113350-0575 00092 ! Prepare         (lockstore.cc:86):  Lots of prepared transactions! 112
20230730-113350-0575 00092 ! Prepare         (lockstore.cc:86):  Lots of prepared transactions! 112
20230730-113350-0576 00092 ! Prepare         (lockstore.cc:86):  Lots of prepared transactions! 112
20230730-113350-0576 00092 ! Prepare         (lockstore.cc:86):  Lots of prepared transactions! 112
20230730-113350-0577 00092 ! Prepare         (lockstore.cc:86):  Lots of prepared transactions! 112
20230730-113350-0577 00092 ! Prepare         (lockstore.cc:86):  Lots of prepared transactions! 112
20230730-113350-0578 00092 ! Prepare         (lockstore.cc:86):  Lots of prepared transactions! 112
20230730-113350-0579 00092 ! Prepare         (lockstore.cc:86):  Lots of prepared transactions! 112
20230730-113350-0579 00092 ! Prepare         (lockstore.cc:86):  Lots of prepared transactions! 112
20230730-113350-0580 00092 ! Prepare         (lockstore.cc:86):  Lots of prepared transactions! 112
20230730-113350-0581 00092 ! Prepare         (lockstore.cc:86):  Lots of prepared transactions! 112
20230730-113350-0581 00092 ! Prepare         (lockstore.cc:86):  Lots of prepared transactions! 112
20230730-113350-0582 00092 ! Prepare         (lockstore.cc:86):  Lots of prepared transactions! 113
20230730-113350-0582 00092 ! Prepare         (lockstore.cc:86):  Lots of prepared transactions! 113
20230730-113350-0583 00092 ! Prepare         (lockstore.cc:86):  Lots of prepared transactions! 113
20230730-113350-0583 00092 ! Prepare         (lockstore.cc:86):  Lots of prepared transactions! 113
20230730-113350-0584 00092 ! Prepare         (lockstore.cc:86):  Lots of prepared transactions! 112
20230730-113350-0585 00092 ! Prepare         (lockstore.cc:86):  Lots of prepared transactions! 112
20230730-113350-0585 00092 ! Prepare         (lockstore.cc:86):  Lots of prepared transactions! 112
20230730-113350-0586 00092 ! Prepare         (lockstore.cc:86):  Lots of prepared transactions! 112
20230730-113350-0586 00092 ! Prepare         (lockstore.cc:86):  Lots of prepared transactions! 112
20230730-113350-0586 00092 ! Prepare         (lockstore.cc:86):  Lots of prepared transactions! 112
20230730-113350-0587 00092 ! Prepare         (lockstore.cc:86):  Lots of prepared transactions! 112
20230730-113350-0588 00092 ! Prepare         (lockstore.cc:86):  Lots of prepared transactions! 111
20230730-113350-0588 00092 ! Prepare         (lockstore.cc:86):  Lots of prepared transactions! 111
20230730-113350-0589 00092 ! Prepare         (lockstore.cc:86):  Lots of prepared transactions! 111
20230730-113350-0589 00092 ! Prepare         (lockstore.cc:86):  Lots of prepared transactions! 111
20230730-113350-0589 00092 ! Prepare         (lockstore.cc:86):  Lots of prepared transactions! 111
20230730-113350-0590 00092 ! Prepare         (lockstore.cc:86):  Lots of prepared transactions! 111
20230730-113350-0591 00092 ! Prepare         (lockstore.cc:86):  Lots of prepared transactions! 111
20230730-113350-0591 00092 ! Prepare         (lockstore.cc:86):  Lots of prepared transactions! 111
20230730-113350-0592 00092 ! Prepare         (lockstore.cc:86):  Lots of prepared transactions! 111
20230730-113350-0593 00092 ! Prepare         (lockstore.cc:86):  Lots of prepared transactions! 111
20230730-113350-0593 00092 ! Prepare         (lockstore.cc:86):  Lots of prepared transactions! 112
20230730-113350-0593 00092 ! Prepare         (lockstore.cc:86):  Lots of prepared transactions! 112
20230730-113350-0594 00092 ! Prepare         (lockstore.cc:86):  Lots of prepared transactions! 111
20230730-113350-0595 00092 ! Prepare         (lockstore.cc:86):  Lots of prepared transactions! 112
20230730-113350-0595 00092 ! Prepare         (lockstore.cc:86):  Lots of prepared transactions! 112
20230730-113350-0596 00092 ! Prepare         (lockstore.cc:86):  Lots of prepared transactions! 112
20230730-113350-0596 00092 ! Prepare         (lockstore.cc:86):  Lots of prepared transactions! 112
20230730-113350-0597 00092 ! Prepare         (lockstore.cc:86):  Lots of prepared transactions! 112
20230730-113350-0597 00092 ! Prepare         (lockstore.cc:86):  Lots of prepared transactions! 112
20230730-113350-0598 00092 ! Prepare         (lockstore.cc:86):  Lots of prepared transactions! 112
20230730-113350-0599 00092 ! Prepare         (lockstore.cc:86):  Lots of prepared transactions! 111
20230730-113350-0599 00092 ! Prepare         (lockstore.cc:86):  Lots of prepared transactions! 111
20230730-113350-0600 00092 ! Prepare         (lockstore.cc:86):  Lots of prepared transactions! 111
20230730-113350-0600 00092 ! Prepare         (lockstore.cc:86):  Lots of prepared transactions! 111
20230730-113350-0601 00092 ! Prepare         (lockstore.cc:86):  Lots of prepared transactions! 111
20230730-113350-0601 00092 ! Prepare         (lockstore.cc:86):  Lots of prepared transactions! 111
20230730-113350-0602 00092 ! Prepare         (lockstore.cc:86):  Lots of prepared transactions! 111
20230730-113350-0603 00092 ! Prepare         (lockstore.cc:86):  Lots of prepared transactions! 110
20230730-113350-0604 00092 ! Prepare         (lockstore.cc:86):  Lots of prepared transactions! 111
20230730-113350-0604 00092 ! Prepare         (lockstore.cc:86):  Lots of prepared transactions! 111
20230730-113350-0605 00092 ! Prepare         (lockstore.cc:86):  Lots of prepared transactions! 111
20230730-113350-0605 00092 ! Prepare         (lockstore.cc:86):  Lots of prepared transactions! 111
20230730-113350-0606 00092 ! Prepare         (lockstore.cc:86):  Lots of prepared transactions! 110
20230730-113350-0607 00092 ! Prepare         (lockstore.cc:86):  Lots of prepared transactions! 110
20230730-113350-0607 00092 ! Prepare         (lockstore.cc:86):  Lots of prepared transactions! 110
20230730-113350-0608 00092 ! Prepare         (lockstore.cc:86):  Lots of prepared transactions! 110
20230730-113350-0608 00092 ! Prepare         (lockstore.cc:86):  Lots of prepared transactions! 111
20230730-113350-0609 00092 ! Prepare         (lockstore.cc:86):  Lots of prepared transactions! 111
20230730-113350-0609 00092 ! Prepare         (lockstore.cc:86):  Lots of prepared transactions! 111
20230730-113350-0610 00092 ! Prepare         (lockstore.cc:86):  Lots of prepared transactions! 111
20230730-113350-0610 00092 ! Prepare         (lockstore.cc:86):  Lots of prepared transactions! 110
20230730-113350-0611 00092 ! Prepare         (lockstore.cc:86):  Lots of prepared transactions! 110
20230730-113350-0611 00092 ! Prepare         (lockstore.cc:86):  Lots of prepared transactions! 110
20230730-113350-0612 00092 ! Prepare         (lockstore.cc:86):  Lots of prepared transactions! 110
20230730-113350-0612 00092 ! Prepare         (lockstore.cc:86):  Lots of prepared transactions! 110
20230730-113350-0613 00092 ! Prepare         (lockstore.cc:86):  Lots of prepared transactions! 110
20230730-113350-0613 00092 ! Prepare         (lockstore.cc:86):  Lots of prepared transactions! 110
20230730-113350-0614 00092 ! Prepare         (lockstore.cc:86):  Lots of prepared transactions! 111
20230730-113350-0614 00092 ! Prepare         (lockstore.cc:86):  Lots of prepared transactions! 111
20230730-113350-0615 00092 ! Prepare         (lockstore.cc:86):  Lots of prepared transactions! 111
20230730-113350-0616 00092 ! Prepare         (lockstore.cc:86):  Lots of prepared transactions! 111
20230730-113350-0617 00092 ! Prepare         (lockstore.cc:86):  Lots of prepared transactions! 112
20230730-113350-0617 00092 ! Prepare         (lockstore.cc:86):  Lots of prepared transactions! 112
20230730-113350-0618 00092 ! Prepare         (lockstore.cc:86):  Lots of prepared transactions! 112
20230730-113350-0618 00092 ! Prepare         (lockstore.cc:86):  Lots of prepared transactions! 112
20230730-113350-0620 00092 ! Prepare         (lockstore.cc:86):  Lots of prepared transactions! 112
20230730-113350-0620 00092 ! Prepare         (lockstore.cc:86):  Lots of prepared transactions! 112
20230730-113350-0621 00092 ! Prepare         (lockstore.cc:86):  Lots of prepared transactions! 112
20230730-113350-0621 00092 ! Prepare         (lockstore.cc:86):  Lots of prepared transactions! 112
20230730-113350-0622 00092 ! Prepare         (lockstore.cc:86):  Lots of prepared transactions! 112
20230730-113350-0623 00092 ! Prepare         (lockstore.cc:86):  Lots of prepared transactions! 111
20230730-113350-0624 00092 ! Prepare         (lockstore.cc:86):  Lots of prepared transactions! 110
20230730-113350-0624 00092 ! Prepare         (lockstore.cc:86):  Lots of prepared transactions! 110
20230730-113350-0625 00092 ! Prepare         (lockstore.cc:86):  Lots of prepared transactions! 110
20230730-113350-0626 00092 ! Prepare         (lockstore.cc:86):  Lots of prepared transactions! 109
20230730-113350-0627 00092 ! Prepare         (lockstore.cc:86):  Lots of prepared transactions! 110
20230730-113350-0628 00092 ! Prepare         (lockstore.cc:86):  Lots of prepared transactions! 110
20230730-113350-0629 00092 ! Prepare         (lockstore.cc:86):  Lots of prepared transactions! 110
20230730-113350-0629 00092 ! Prepare         (lockstore.cc:86):  Lots of prepared transactions! 110
20230730-113350-0630 00092 ! Prepare         (lockstore.cc:86):  Lots of prepared transactions! 109
20230730-113350-0631 00092 ! Prepare         (lockstore.cc:86):  Lots of prepared transactions! 109
20230730-113350-0632 00092 ! Prepare         (lockstore.cc:86):  Lots of prepared transactions! 110
20230730-113350-0633 00092 ! Prepare         (lockstore.cc:86):  Lots of prepared transactions! 110
20230730-113350-0633 00092 ! Prepare         (lockstore.cc:86):  Lots of prepared transactions! 110
20230730-113350-0633 00092 ! Prepare         (lockstore.cc:86):  Lots of prepared transactions! 110
20230730-113350-0634 00092 * HandleRequestStateTransfer (replica.cc:753):   [0] Sending state transfer from <0,62694> to <0,62697>
20230730-113350-0634 00092 * HandleRequestStateTransfer (replica.cc:753):   [0] Sending state transfer from <0,62694> to <0,62697>
20230730-113350-0635 00092 ! Prepare         (lockstore.cc:86):  Lots of prepared transactions! 110
20230730-113350-0635 00092 ! Prepare         (lockstore.cc:86):  Lots of prepared transactions! 110
20230730-113350-0635 00092 ! Prepare         (lockstore.cc:86):  Lots of prepared transactions! 111
20230730-113350-0636 00092 ! Prepare         (lockstore.cc:86):  Lots of prepared transactions! 111
20230730-113350-0636 00092 * HandleRequestStateTransfer (replica.cc:753):   [0] Sending state transfer from <0,62697> to <0,62698>
20230730-113350-0637 00092 ! Prepare         (lockstore.cc:86):  Lots of prepared transactions! 111
20230730-113350-0637 00092 ! Prepare         (lockstore.cc:86):  Lots of prepared transactions! 112
20230730-113350-0638 00092 * HandleRequestStateTransfer (replica.cc:753):   [0] Sending state transfer from <0,62697> to <0,62698>
20230730-113350-0639 00092 ! Prepare         (lockstore.cc:86):  Lots of prepared transactions! 111
20230730-113350-0639 00092 ! Prepare         (lockstore.cc:86):  Lots of prepared transactions! 111
20230730-113350-0640 00092 ! Prepare         (lockstore.cc:86):  Lots of prepared transactions! 111
20230730-113350-0641 00092 ! Prepare         (lockstore.cc:86):  Lots of prepared transactions! 111
20230730-113350-0642 00092 ! Prepare         (lockstore.cc:86):  Lots of prepared transactions! 111
20230730-113350-0642 00092 ! Prepare         (lockstore.cc:86):  Lots of prepared transactions! 111
20230730-113350-0643 00092 ! Prepare         (lockstore.cc:86):  Lots of prepared transactions! 111
20230730-113350-0644 00092 ! Prepare         (lockstore.cc:86):  Lots of prepared transactions! 110
20230730-113350-0645 00092 ! Prepare         (lockstore.cc:86):  Lots of prepared transactions! 111
20230730-113350-0645 00092 ! Prepare         (lockstore.cc:86):  Lots of prepared transactions! 111
20230730-113350-0646 00092 ! Prepare         (lockstore.cc:86):  Lots of prepared transactions! 112
20230730-113350-0647 00092 ! Prepare         (lockstore.cc:86):  Lots of prepared transactions! 112
20230730-113350-0647 00092 ! Prepare         (lockstore.cc:86):  Lots of prepared transactions! 112
20230730-113350-0648 00092 ! Prepare         (lockstore.cc:86):  Lots of prepared transactions! 113
20230730-113350-0648 00092 ! Prepare         (lockstore.cc:86):  Lots of prepared transactions! 113
20230730-113350-0648 00092 ! Prepare         (lockstore.cc:86):  Lots of prepared transactions! 113
20230730-113350-0649 00092 ! Prepare         (lockstore.cc:86):  Lots of prepared transactions! 113
20230730-113350-0649 00092 ! Prepare         (lockstore.cc:86):  Lots of prepared transactions! 113
20230730-113350-0650 00092 ! Prepare         (lockstore.cc:86):  Lots of prepared transactions! 113
20230730-113350-0650 00092 ! Prepare         (lockstore.cc:86):  Lots of prepared transactions! 113
20230730-113350-0651 00092 ! Prepare         (lockstore.cc:86):  Lots of prepared transactions! 113
20230730-113350-0651 00092 ! Prepare         (lockstore.cc:86):  Lots of prepared transactions! 113
20230730-113350-0652 00092 ! Prepare         (lockstore.cc:86):  Lots of prepared transactions! 112
20230730-113350-0653 00092 ! Prepare         (lockstore.cc:86):  Lots of prepared transactions! 113
20230730-113350-0654 00092 ! Prepare         (lockstore.cc:86):  Lots of prepared transactions! 113
20230730-113350-0654 00092 ! Prepare         (lockstore.cc:86):  Lots of prepared transactions! 113
20230730-113350-0655 00092 ! Prepare         (lockstore.cc:86):  Lots of prepared transactions! 113
20230730-113350-0655 00092 ! Prepare         (lockstore.cc:86):  Lots of prepared transactions! 113
20230730-113350-0656 00092 ! Prepare         (lockstore.cc:86):  Lots of prepared transactions! 113
20230730-113350-0656 00092 ! Prepare         (lockstore.cc:86):  Lots of prepared transactions! 113
20230730-113350-0657 00092 ! Prepare         (lockstore.cc:86):  Lots of prepared transactions! 113
20230730-113350-0657 00092 ! Prepare         (lockstore.cc:86):  Lots of prepared transactions! 113
20230730-113350-0658 00092 ! Prepare         (lockstore.cc:86):  Lots of prepared transactions! 113
20230730-113350-0658 00092 ! Prepare         (lockstore.cc:86):  Lots of prepared transactions! 113
20230730-113350-0659 00092 ! Prepare         (lockstore.cc:86):  Lots of prepared transactions! 114
20230730-113350-0659 00092 ! Prepare         (lockstore.cc:86):  Lots of prepared transactions! 114
20230730-113350-0660 00092 ! Prepare         (lockstore.cc:86):  Lots of prepared transactions! 114
20230730-113350-0660 00092 ! Prepare         (lockstore.cc:86):  Lots of prepared transactions! 114
20230730-113350-0661 00092 ! Prepare         (lockstore.cc:86):  Lots of prepared transactions! 114
20230730-113350-0661 00092 ! Prepare         (lockstore.cc:86):  Lots of prepared transactions! 114
20230730-113350-0662 00092 ! Prepare         (lockstore.cc:86):  Lots of prepared transactions! 114
20230730-113350-0662 00092 ! Prepare         (lockstore.cc:86):  Lots of prepared transactions! 114
20230730-113350-0663 00092 ! Prepare         (lockstore.cc:86):  Lots of prepared transactions! 114
20230730-113350-0663 00092 ! Prepare         (lockstore.cc:86):  Lots of prepared transactions! 114
20230730-113350-0664 00092 ! Prepare         (lockstore.cc:86):  Lots of prepared transactions! 114
20230730-113350-0665 00092 ! Prepare         (lockstore.cc:86):  Lots of prepared transactions! 113
20230730-113350-0666 00092 ! Prepare         (lockstore.cc:86):  Lots of prepared transactions! 113
20230730-113350-0666 00092 ! Prepare         (lockstore.cc:86):  Lots of prepared transactions! 112
20230730-113350-0667 00092 ! Prepare         (lockstore.cc:86):  Lots of prepared transactions! 112
20230730-113350-0667 00092 ! Prepare         (lockstore.cc:86):  Lots of prepared transactions! 112
20230730-113350-0668 00092 ! Prepare         (lockstore.cc:86):  Lots of prepared transactions! 112
20230730-113350-0669 00092 ! Prepare         (lockstore.cc:86):  Lots of prepared transactions! 111
20230730-113350-0669 00092 ! Prepare         (lockstore.cc:86):  Lots of prepared transactions! 111
20230730-113350-0670 00092 ! Prepare         (lockstore.cc:86):  Lots of prepared transactions! 110
20230730-113350-0670 00092 ! Prepare         (lockstore.cc:86):  Lots of prepared transactions! 110
20230730-113350-0671 00092 ! Prepare         (lockstore.cc:86):  Lots of prepared transactions! 111
20230730-113350-0671 00092 ! Prepare         (lockstore.cc:86):  Lots of prepared transactions! 111
20230730-113350-0672 00092 ! Prepare         (lockstore.cc:86):  Lots of prepared transactions! 111
20230730-113350-0673 00092 ! Prepare         (lockstore.cc:86):  Lots of prepared transactions! 111
20230730-113350-0673 00092 ! Prepare         (lockstore.cc:86):  Lots of prepared transactions! 111
20230730-113350-0673 00092 ! Prepare         (lockstore.cc:86):  Lots of prepared transactions! 111
20230730-113350-0674 00092 ! Prepare         (lockstore.cc:86):  Lots of prepared transactions! 111
20230730-113350-0674 00092 ! Prepare         (lockstore.cc:86):  Lots of prepared transactions! 111
20230730-113350-0675 00092 ! Prepare         (lockstore.cc:86):  Lots of prepared transactions! 112
20230730-113350-0676 00092 ! Prepare         (lockstore.cc:86):  Lots of prepared transactions! 112
20230730-113350-0676 00092 ! Prepare         (lockstore.cc:86):  Lots of prepared transactions! 113
20230730-113350-0677 00092 ! Prepare         (lockstore.cc:86):  Lots of prepared transactions! 113
20230730-113350-0677 00092 ! Prepare         (lockstore.cc:86):  Lots of prepared transactions! 113
20230730-113350-0678 00092 ! Prepare         (lockstore.cc:86):  Lots of prepared transactions! 113
20230730-113350-0678 00092 ! Prepare         (lockstore.cc:86):  Lots of prepared transactions! 113
20230730-113350-0679 00092 ! Prepare         (lockstore.cc:86):  Lots of prepared transactions! 113
20230730-113350-0679 00092 ! Prepare         (lockstore.cc:86):  Lots of prepared transactions! 113
20230730-113350-0680 00092 ! Prepare         (lockstore.cc:86):  Lots of prepared transactions! 113
20230730-113350-0680 00092 ! Prepare         (lockstore.cc:86):  Lots of prepared transactions! 113
20230730-113350-0681 00092 ! Prepare         (lockstore.cc:86):  Lots of prepared transactions! 113
20230730-113350-0681 00092 ! Prepare         (lockstore.cc:86):  Lots of prepared transactions! 113
20230730-113350-0682 00092 ! Prepare         (lockstore.cc:86):  Lots of prepared transactions! 113
20230730-113350-0683 00092 ! Prepare         (lockstore.cc:86):  Lots of prepared transactions! 113
20230730-113350-0683 00092 ! Prepare         (lockstore.cc:86):  Lots of prepared transactions! 112
20230730-113350-0685 00092 ! Prepare         (lockstore.cc:86):  Lots of prepared transactions! 112
20230730-113350-0685 00092 ! Prepare         (lockstore.cc:86):  Lots of prepared transactions! 112
20230730-113350-0687 00092 ! Prepare         (lockstore.cc:86):  Lots of prepared transactions! 111
20230730-113350-0687 00092 ! Prepare         (lockstore.cc:86):  Lots of prepared transactions! 111
20230730-113350-0688 00092 ! Prepare         (lockstore.cc:86):  Lots of prepared transactions! 111
20230730-113350-0688 00092 ! Prepare         (lockstore.cc:86):  Lots of prepared transactions! 111
20230730-113350-0689 00092 ! Prepare         (lockstore.cc:86):  Lots of prepared transactions! 111
20230730-113350-0690 00092 * HandleRequestStateTransfer (replica.cc:753):   [0] Sending state transfer from <0,62738> to <0,62744>
20230730-113350-0691 00092 ! Prepare         (lockstore.cc:86):  Lots of prepared transactions! 111
20230730-113350-0691 00092 ! Prepare         (lockstore.cc:86):  Lots of prepared transactions! 111
20230730-113350-0692 00092 ! Prepare         (lockstore.cc:86):  Lots of prepared transactions! 111
20230730-113350-0693 00092 ! Prepare         (lockstore.cc:86):  Lots of prepared transactions! 111
20230730-113350-0694 00092 ! Prepare         (lockstore.cc:86):  Lots of prepared transactions! 110
20230730-113350-0694 00092 ! Prepare         (lockstore.cc:86):  Lots of prepared transactions! 110
20230730-113350-0695 00092 ! Prepare         (lockstore.cc:86):  Lots of prepared transactions! 110
20230730-113350-0695 00092 ! Prepare         (lockstore.cc:86):  Lots of prepared transactions! 111
20230730-113350-0696 00092 ! Prepare         (lockstore.cc:86):  Lots of prepared transactions! 111
20230730-113350-0697 00092 ! Prepare         (lockstore.cc:86):  Lots of prepared transactions! 111
20230730-113350-0697 00092 ! Prepare         (lockstore.cc:86):  Lots of prepared transactions! 112
20230730-113350-0698 00092 ! Prepare         (lockstore.cc:86):  Lots of prepared transactions! 112
20230730-113350-0698 00092 ! Prepare         (lockstore.cc:86):  Lots of prepared transactions! 112
20230730-113350-0699 00092 ! Prepare         (lockstore.cc:86):  Lots of prepared transactions! 112
20230730-113350-0701 00092 ! Prepare         (lockstore.cc:86):  Lots of prepared transactions! 113
20230730-113350-0702 00092 ! Prepare         (lockstore.cc:86):  Lots of prepared transactions! 114
20230730-113350-0703 00092 ! Prepare         (lockstore.cc:86):  Lots of prepared transactions! 114
20230730-113350-0703 00092 ! Prepare         (lockstore.cc:86):  Lots of prepared transactions! 114
20230730-113350-0704 00092 ! Prepare         (lockstore.cc:86):  Lots of prepared transactions! 114
20230730-113350-0705 00092 ! Prepare         (lockstore.cc:86):  Lots of prepared transactions! 114
20230730-113350-0705 00092 ! Prepare         (lockstore.cc:86):  Lots of prepared transactions! 114
20230730-113350-0706 00092 ! Prepare         (lockstore.cc:86):  Lots of prepared transactions! 114
20230730-113350-0706 00092 ! Prepare         (lockstore.cc:86):  Lots of prepared transactions! 114
20230730-113350-0707 00092 ! Prepare         (lockstore.cc:86):  Lots of prepared transactions! 114
20230730-113350-0708 00092 ! Prepare         (lockstore.cc:86):  Lots of prepared transactions! 114
20230730-113350-0708 00092 ! Prepare         (lockstore.cc:86):  Lots of prepared transactions! 114
20230730-113350-0709 00092 ! Prepare         (lockstore.cc:86):  Lots of prepared transactions! 114
20230730-113350-0709 00092 ! Prepare         (lockstore.cc:86):  Lots of prepared transactions! 114
20230730-113350-0710 00092 ! Prepare         (lockstore.cc:86):  Lots of prepared transactions! 114
20230730-113350-0711 00092 ! Prepare         (lockstore.cc:86):  Lots of prepared transactions! 114
20230730-113350-0711 00092 ! Prepare         (lockstore.cc:86):  Lots of prepared transactions! 114
20230730-113350-0713 00092 ! Prepare         (lockstore.cc:86):  Lots of prepared transactions! 112
20230730-113350-0713 00092 ! Prepare         (lockstore.cc:86):  Lots of prepared transactions! 112
20230730-113350-0714 00092 ! Prepare         (lockstore.cc:86):  Lots of prepared transactions! 112
20230730-113350-0715 00092 ! Prepare         (lockstore.cc:86):  Lots of prepared transactions! 112
20230730-113350-0716 00092 ! Prepare         (lockstore.cc:86):  Lots of prepared transactions! 111
20230730-113350-0717 00092 ! Prepare         (lockstore.cc:86):  Lots of prepared transactions! 110
20230730-113350-0717 00092 ! Prepare         (lockstore.cc:86):  Lots of prepared transactions! 110
20230730-113350-0719 00092 ! Prepare         (lockstore.cc:86):  Lots of prepared transactions! 109
20230730-113350-0719 00092 ! Prepare         (lockstore.cc:86):  Lots of prepared transactions! 110
20230730-113350-0720 00092 ! Prepare         (lockstore.cc:86):  Lots of prepared transactions! 111
20230730-113350-0720 00092 ! Prepare         (lockstore.cc:86):  Lots of prepared transactions! 111
20230730-113350-0721 00092 ! Prepare         (lockstore.cc:86):  Lots of prepared transactions! 111
20230730-113350-0721 00092 ! Prepare         (lockstore.cc:86):  Lots of prepared transactions! 111
20230730-113350-0722 00092 ! Prepare         (lockstore.cc:86):  Lots of prepared transactions! 111
20230730-113350-0722 00092 ! Prepare         (lockstore.cc:86):  Lots of prepared transactions! 111
20230730-113350-0723 00092 ! Prepare         (lockstore.cc:86):  Lots of prepared transactions! 111
20230730-113350-0723 00092 ! Prepare         (lockstore.cc:86):  Lots of prepared transactions! 112
20230730-113350-0724 00092 ! Prepare         (lockstore.cc:86):  Lots of prepared transactions! 112
20230730-113350-0724 00092 ! Prepare         (lockstore.cc:86):  Lots of prepared transactions! 113
20230730-113350-0725 00092 ! Prepare         (lockstore.cc:86):  Lots of prepared transactions! 113
20230730-113350-0725 00092 ! Prepare         (lockstore.cc:86):  Lots of prepared transactions! 113
20230730-113350-0726 00092 ! Prepare         (lockstore.cc:86):  Lots of prepared transactions! 113
20230730-113350-0727 00092 ! Prepare         (lockstore.cc:86):  Lots of prepared transactions! 114
20230730-113350-0728 00092 ! Prepare         (lockstore.cc:86):  Lots of prepared transactions! 114
20230730-113350-0728 00092 ! Prepare         (lockstore.cc:86):  Lots of prepared transactions! 114
20230730-113350-0729 00092 ! Prepare         (lockstore.cc:86):  Lots of prepared transactions! 114
20230730-113350-0729 00092 ! Prepare         (lockstore.cc:86):  Lots of prepared transactions! 114
20230730-113350-0730 00092 ! Prepare         (lockstore.cc:86):  Lots of prepared transactions! 114
20230730-113350-0730 00092 ! Prepare         (lockstore.cc:86):  Lots of prepared transactions! 114
20230730-113350-0731 00092 ! Prepare         (lockstore.cc:86):  Lots of prepared transactions! 114
20230730-113350-0732 00092 ! Prepare         (lockstore.cc:86):  Lots of prepared transactions! 113
20230730-113350-0732 00092 ! Prepare         (lockstore.cc:86):  Lots of prepared transactions! 113
20230730-113350-0733 00092 ! Prepare         (lockstore.cc:86):  Lots of prepared transactions! 113
20230730-113350-0734 00092 ! Prepare         (lockstore.cc:86):  Lots of prepared transactions! 113
20230730-113350-0736 00092 ! Prepare         (lockstore.cc:86):  Lots of prepared transactions! 110
20230730-113350-0736 00092 ! Prepare         (lockstore.cc:86):  Lots of prepared transactions! 111
20230730-113350-0737 00092 ! Prepare         (lockstore.cc:86):  Lots of prepared transactions! 112
20230730-113350-0737 00092 ! Prepare         (lockstore.cc:86):  Lots of prepared transactions! 112
20230730-113350-0738 00092 ! Prepare         (lockstore.cc:86):  Lots of prepared transactions! 112
20230730-113350-0738 00092 ! Prepare         (lockstore.cc:86):  Lots of prepared transactions! 113
20230730-113350-0739 00092 ! Prepare         (lockstore.cc:86):  Lots of prepared transactions! 113
20230730-113350-0740 00092 ! Prepare         (lockstore.cc:86):  Lots of prepared transactions! 112
20230730-113350-0740 00092 ! Prepare         (lockstore.cc:86):  Lots of prepared transactions! 113
20230730-113350-0741 00092 ! Prepare         (lockstore.cc:86):  Lots of prepared transactions! 114
20230730-113350-0742 00092 ! Prepare         (lockstore.cc:86):  Lots of prepared transactions! 113
20230730-113350-0742 00092 ! Prepare         (lockstore.cc:86):  Lots of prepared transactions! 113
20230730-113350-0743 00092 ! Prepare         (lockstore.cc:86):  Lots of prepared transactions! 114
20230730-113350-0743 00092 ! Prepare         (lockstore.cc:86):  Lots of prepared transactions! 114
20230730-113350-0744 00092 ! Prepare         (lockstore.cc:86):  Lots of prepared transactions! 114
20230730-113350-0744 00092 ! Prepare         (lockstore.cc:86):  Lots of prepared transactions! 114
20230730-113350-0745 00092 ! Prepare         (lockstore.cc:86):  Lots of prepared transactions! 114
20230730-113350-0745 00092 ! Prepare         (lockstore.cc:86):  Lots of prepared transactions! 114
20230730-113350-0746 00092 ! Prepare         (lockstore.cc:86):  Lots of prepared transactions! 114
20230730-113350-0746 00092 ! Prepare         (lockstore.cc:86):  Lots of prepared transactions! 114
20230730-113350-0747 00092 ! Prepare         (lockstore.cc:86):  Lots of prepared transactions! 115
20230730-113350-0747 00092 ! Prepare         (lockstore.cc:86):  Lots of prepared transactions! 115
20230730-113350-0748 00092 ! Prepare         (lockstore.cc:86):  Lots of prepared transactions! 114
20230730-113350-0749 00092 ! Prepare         (lockstore.cc:86):  Lots of prepared transactions! 115
20230730-113350-0752 00092 ! Prepare         (lockstore.cc:86):  Lots of prepared transactions! 112
20230730-113350-0752 00092 ! Prepare         (lockstore.cc:86):  Lots of prepared transactions! 112
20230730-113350-0754 00092 ! Prepare         (lockstore.cc:86):  Lots of prepared transactions! 109
20230730-113350-0755 00092 ! Prepare         (lockstore.cc:86):  Lots of prepared transactions! 109
20230730-113350-0756 00092 ! Prepare         (lockstore.cc:86):  Lots of prepared transactions! 108
20230730-113350-0756 00092 ! Prepare         (lockstore.cc:86):  Lots of prepared transactions! 109
20230730-113350-0757 00092 ! Prepare         (lockstore.cc:86):  Lots of prepared transactions! 109
20230730-113350-0757 00092 ! Prepare         (lockstore.cc:86):  Lots of prepared transactions! 109
20230730-113350-0758 00092 ! Prepare         (lockstore.cc:86):  Lots of prepared transactions! 110
20230730-113350-0759 00092 ! Prepare         (lockstore.cc:86):  Lots of prepared transactions! 109
20230730-113350-0760 00092 ! Prepare         (lockstore.cc:86):  Lots of prepared transactions! 110
20230730-113350-0760 00092 ! Prepare         (lockstore.cc:86):  Lots of prepared transactions! 111
20230730-113350-0761 00092 ! Prepare         (lockstore.cc:86):  Lots of prepared transactions! 111
20230730-113350-0761 00092 ! Prepare         (lockstore.cc:86):  Lots of prepared transactions! 112
20230730-113350-0762 00092 ! Prepare         (lockstore.cc:86):  Lots of prepared transactions! 113
20230730-113350-0763 00092 ! Prepare         (lockstore.cc:86):  Lots of prepared transactions! 113
20230730-113350-0763 00092 ! Prepare         (lockstore.cc:86):  Lots of prepared transactions! 113
20230730-113350-0764 00092 ! Prepare         (lockstore.cc:86):  Lots of prepared transactions! 113
20230730-113350-0769 00092 ! Prepare         (lockstore.cc:86):  Lots of prepared transactions! 109
20230730-113350-0769 00092 ! Prepare         (lockstore.cc:86):  Lots of prepared transactions! 110
20230730-113350-0770 00092 ! Prepare         (lockstore.cc:86):  Lots of prepared transactions! 109
20230730-113350-0771 00092 ! Prepare         (lockstore.cc:86):  Lots of prepared transactions! 108
20230730-113350-0772 00092 ! Prepare         (lockstore.cc:86):  Lots of prepared transactions! 107
20230730-113350-0773 00092 ! Prepare         (lockstore.cc:86):  Lots of prepared transactions! 108
20230730-113350-0773 00092 ! Prepare         (lockstore.cc:86):  Lots of prepared transactions! 109
20230730-113350-0774 00092 ! Prepare         (lockstore.cc:86):  Lots of prepared transactions! 109
20230730-113350-0774 00092 ! Prepare         (lockstore.cc:86):  Lots of prepared transactions! 110
20230730-113350-0775 00092 ! Prepare         (lockstore.cc:86):  Lots of prepared transactions! 110
20230730-113350-0776 00092 ! Prepare         (lockstore.cc:86):  Lots of prepared transactions! 110
20230730-113350-0776 00092 ! Prepare         (lockstore.cc:86):  Lots of prepared transactions! 111
20230730-113350-0777 00092 ! Prepare         (lockstore.cc:86):  Lots of prepared transactions! 110
20230730-113350-0778 00092 ! Prepare         (lockstore.cc:86):  Lots of prepared transactions! 110
20230730-113350-0779 00092 ! Prepare         (lockstore.cc:86):  Lots of prepared transactions! 111
20230730-113350-0780 00092 ! Prepare         (lockstore.cc:86):  Lots of prepared transactions! 109
20230730-113350-0781 00092 ! Prepare         (lockstore.cc:86):  Lots of prepared transactions! 109
20230730-113350-0783 00092 ! Prepare         (lockstore.cc:86):  Lots of prepared transactions! 108
20230730-113350-0784 00092 ! Prepare         (lockstore.cc:86):  Lots of prepared transactions! 105
20230730-113350-0786 00092 ! Prepare         (lockstore.cc:86):  Lots of prepared transactions! 104
20230730-113350-0786 00092 ! Prepare         (lockstore.cc:86):  Lots of prepared transactions! 104
20230730-113350-0788 00092 ! Prepare         (lockstore.cc:86):  Lots of prepared transactions! 102
20230730-113350-0789 00092 ! Prepare         (lockstore.cc:86):  Lots of prepared transactions! 103
20230730-113350-0790 00092 ! Prepare         (lockstore.cc:86):  Lots of prepared transactions! 103
20230730-113350-0791 00092 ! Prepare         (lockstore.cc:86):  Lots of prepared transactions! 104
20230730-113350-0792 00092 ! Prepare         (lockstore.cc:86):  Lots of prepared transactions! 104
20230730-113350-0794 00092 ! Prepare         (lockstore.cc:86):  Lots of prepared transactions! 104
20230730-113350-0794 00092 ! Prepare         (lockstore.cc:86):  Lots of prepared transactions! 105
20230730-113350-0796 00092 ! Prepare         (lockstore.cc:86):  Lots of prepared transactions! 104
20230730-113350-0797 00092 ! Prepare         (lockstore.cc:86):  Lots of prepared transactions! 104
20230730-113350-0797 00092 ! Prepare         (lockstore.cc:86):  Lots of prepared transactions! 104
20230730-113350-0798 00092 ! Prepare         (lockstore.cc:86):  Lots of prepared transactions! 104
20230730-113350-0799 00092 ! Prepare         (lockstore.cc:86):  Lots of prepared transactions! 105
20230730-113350-0801 00092 ! Prepare         (lockstore.cc:86):  Lots of prepared transactions! 103
20230730-113350-0802 00092 ! Prepare         (lockstore.cc:86):  Lots of prepared transactions! 103
20230730-113350-0803 00092 ! Prepare         (lockstore.cc:86):  Lots of prepared transactions! 103
20230730-113350-0804 00092 ! Prepare         (lockstore.cc:86):  Lots of prepared transactions! 103
20230730-113350-0805 00092 ! Prepare         (lockstore.cc:86):  Lots of prepared transactions! 103
20230730-113350-0807 00092 ! Prepare         (lockstore.cc:86):  Lots of prepared transactions! 101
20230730-113350-0807 00092 ! Prepare         (lockstore.cc:86):  Lots of prepared transactions! 102
20230730-113350-0809 00092 ! Prepare         (lockstore.cc:86):  Lots of prepared transactions! 101
20230730-113350-2989 00092 * HandleRequestStateTransfer (replica.cc:753):   [0] Sending state transfer from <0,63383> to <0,63432>
20230730-113350-2990 00092 * SendMessageInternal (udptransport.cc:448): Sending large replication.vr.proto.StateTransferMessage message in 2 fragments
20230730-113350-2991 00092 * HandleRequestStateTransfer (replica.cc:753):   [0] Sending state transfer from <0,63386> to <0,63432>
20230730-113350-2991 00092 * SendMessageInternal (udptransport.cc:448): Sending large replication.vr.proto.StateTransferMessage message in 2 fragments
20230730-113350-2992 00092 * HandleRequestStateTransfer (replica.cc:753):   [0] Sending state transfer from <0,63387> to <0,63432>
20230730-113350-2993 00092 * SendMessageInternal (udptransport.cc:448): Sending large replication.vr.proto.StateTransferMessage message in 2 fragments
20230730-113350-2993 00092 * HandleRequestStateTransfer (replica.cc:753):   [0] Sending state transfer from <0,63389> to <0,63432>
20230730-113350-2993 00092 * SendMessageInternal (udptransport.cc:448): Sending large replication.vr.proto.StateTransferMessage message in 2 fragments
20230730-113350-2994 00092 * HandleRequestStateTransfer (replica.cc:753):   [0] Sending state transfer from <0,63392> to <0,63432>
20230730-113350-2995 00092 * SendMessageInternal (udptransport.cc:448): Sending large replication.vr.proto.StateTransferMessage message in 2 fragments
20230730-113352-6621 00092 * HandleRequestStateTransfer (replica.cc:753):   [0] Sending state transfer from <0,69321> to <0,69323>
20230730-113352-6621 00092 * HandleRequestStateTransfer (replica.cc:753):   [0] Sending state transfer from <0,69322> to <0,69323>
20230730-113358-3962 00092 * HandleRequestStateTransfer (replica.cc:753):   [0] Sending state transfer from <0,82265> to <0,82267>
20230730-113358-3964 00092 * HandleRequestStateTransfer (replica.cc:753):   [0] Sending state transfer from <0,82266> to <0,82267>
20230730-113400-9808 00092 * HandleRequest   (replica.cc:447):   [0] Received duplicate request; resending reply
20230730-113401-8781 00092 * HandleRequest   (replica.cc:447):   [0] Received duplicate request; resending reply
20230730-113401-8786 00092 * HandleRequest   (replica.cc:447):   [0] Received duplicate request; resending reply
20230730-113401-8793 00092 * HandleRequest   (replica.cc:447):   [0] Received duplicate request; resending reply
20230730-113401-8803 00092 * HandleRequest   (replica.cc:454):   [0] Received duplicate request but no reply available; ignoring
20230730-113401-8804 00092 * HandleRequest   (replica.cc:447):   [0] Received duplicate request; resending reply
20230730-113401-8804 00092 * HandleRequest   (replica.cc:447):   [0] Received duplicate request; resending reply
20230730-113401-8805 00092 * HandleRequest   (replica.cc:454):   [0] Received duplicate request but no reply available; ignoring
20230730-113401-8805 00092 * HandleRequest   (replica.cc:454):   [0] Received duplicate request but no reply available; ignoring
20230730-113401-8806 00092 * HandleRequest   (replica.cc:454):   [0] Received duplicate request but no reply available; ignoring
20230730-113401-8806 00092 * HandleRequest   (replica.cc:454):   [0] Received duplicate request but no reply available; ignoring
20230730-113401-8806 00092 * HandleRequest   (replica.cc:447):   [0] Received duplicate request; resending reply
20230730-113401-8807 00092 * HandleRequest   (replica.cc:454):   [0] Received duplicate request but no reply available; ignoring
20230730-113401-8807 00092 * HandleRequest   (replica.cc:454):   [0] Received duplicate request but no reply available; ignoring
20230730-113401-8808 00092 * HandleRequest   (replica.cc:454):   [0] Received duplicate request but no reply available; ignoring
20230730-113401-8808 00092 * HandleRequest   (replica.cc:454):   [0] Received duplicate request but no reply available; ignoring
20230730-113401-8808 00092 * HandleRequest   (replica.cc:454):   [0] Received duplicate request but no reply available; ignoring
20230730-113401-8809 00092 * HandleRequest   (replica.cc:454):   [0] Received duplicate request but no reply available; ignoring
20230730-113401-8809 00092 * HandleRequest   (replica.cc:454):   [0] Received duplicate request but no reply available; ignoring
20230730-113401-8809 00092 * HandleRequest   (replica.cc:454):   [0] Received duplicate request but no reply available; ignoring
20230730-113401-8810 00092 * HandleRequest   (replica.cc:454):   [0] Received duplicate request but no reply available; ignoring
20230730-113401-8810 00092 * HandleRequest   (replica.cc:447):   [0] Received duplicate request; resending reply
20230730-113401-8811 00092 * HandleRequest   (replica.cc:454):   [0] Received duplicate request but no reply available; ignoring
20230730-113401-8811 00092 * HandleRequest   (replica.cc:454):   [0] Received duplicate request but no reply available; ignoring
20230730-113401-8811 00092 * HandleRequest   (replica.cc:454):   [0] Received duplicate request but no reply available; ignoring
20230730-113401-8812 00092 * HandleRequest   (replica.cc:454):   [0] Received duplicate request but no reply available; ignoring
20230730-113401-8812 00092 * HandleRequest   (replica.cc:454):   [0] Received duplicate request but no reply available; ignoring
20230730-113401-8812 00092 * HandleRequest   (replica.cc:454):   [0] Received duplicate request but no reply available; ignoring
20230730-113401-8813 00092 * HandleRequest   (replica.cc:454):   [0] Received duplicate request but no reply available; ignoring
20230730-113401-8813 00092 * HandleRequest   (replica.cc:454):   [0] Received duplicate request but no reply available; ignoring
20230730-113401-8813 00092 * HandleRequest   (replica.cc:454):   [0] Received duplicate request but no reply available; ignoring
20230730-113401-8817 00092 * HandleRequest   (replica.cc:454):   [0] Received duplicate request but no reply available; ignoring
20230730-113401-8818 00092 * HandleRequest   (replica.cc:454):   [0] Received duplicate request but no reply available; ignoring
20230730-113401-8818 00092 * HandleRequest   (replica.cc:454):   [0] Received duplicate request but no reply available; ignoring
20230730-113401-8819 00092 * HandleRequest   (replica.cc:454):   [0] Received duplicate request but no reply available; ignoring
20230730-113401-8819 00092 * HandleRequest   (replica.cc:454):   [0] Received duplicate request but no reply available; ignoring
20230730-113402-3665 00092 * HandleRequestStateTransfer (replica.cc:753):   [0] Sending state transfer from <0,88745> to <0,88747>
20230730-113402-3667 00092 * HandleRequestStateTransfer (replica.cc:753):   [0] Sending state transfer from <0,88746> to <0,88749>
20230730-113402-3943 00092 * HandleRequestStateTransfer (replica.cc:753):   [0] Sending state transfer from <0,88959> to <0,88959>
20230730-113402-3944 00092 * HandleRequestStateTransfer (replica.cc:753):   [0] Sending state transfer from <0,88959> to <0,88959>
20230730-113402-3959 00092 * HandleRequestStateTransfer (replica.cc:753):   [0] Sending state transfer from <0,88973> to <0,88976>
20230730-113406-8882 00092 * HandleRequestStateTransfer (replica.cc:753):   [0] Sending state transfer from <0,97073> to <0,97075>
20230730-113406-8883 00092 * HandleRequestStateTransfer (replica.cc:753):   [0] Sending state transfer from <0,97074> to <0,97075>
20230730-113407-5698 00092 * HandleRequestStateTransfer (replica.cc:753):   [0] Sending state transfer from <0,99054> to <0,99058>
20230730-113407-5700 00092 * HandleRequestStateTransfer (replica.cc:753):   [0] Sending state transfer from <0,99055> to <0,99058>
20230730-113407-5701 00092 * HandleRequestStateTransfer (replica.cc:753):   [0] Sending state transfer from <0,99056> to <0,99059>
20230730-113410-0717 00092 * HandleRequestStateTransfer (replica.cc:753):   [0] Sending state transfer from <0,104558> to <0,104559>
20230730-113410-0717 00092 * HandleRequestStateTransfer (replica.cc:753):   [0] Sending state transfer from <0,104558> to <0,104559>
