20230730-113324-6370 00057 * HandleRequestStateTransfer (replica.cc:753):   [0] Sending state transfer from <0,995> to <0,1000>
20230730-113324-6372 00057 * HandleRequestStateTransfer (replica.cc:753):   [0] Sending state transfer from <0,996> to <0,1001>
20230730-113324-6374 00057 * HandleRequestStateTransfer (replica.cc:753):   [0] Sending state transfer from <0,997> to <0,1002>
20230730-113324-6376 00057 * HandleRequestStateTransfer (replica.cc:753):   [0] Sending state transfer from <0,998> to <0,1004>
20230730-113324-6379 00057 * HandleRequestStateTransfer (replica.cc:753):   [0] Sending state transfer from <0,1000> to <0,1006>
20230730-113327-7111 00057 * HandleRequestStateTransfer (replica.cc:753):   [0] Sending state transfer from <0,10728> to <0,10728>
20230730-113327-7112 00057 * HandleRequestStateTransfer (replica.cc:753):   [0] Sending state transfer from <0,10728> to <0,10728>
20230730-113347-2737 00057 * HandleRequestStateTransfer (replica.cc:753):   [0] Sending state transfer from <0,59749> to <0,59751>
20230730-113347-2738 00057 * HandleRequestStateTransfer (replica.cc:753):   [0] Sending state transfer from <0,59750> to <0,59751>
20230730-113348-5302 00057 * HandleRequestStateTransfer (replica.cc:753):   [0] Sending state transfer from <0,63364> to <0,63367>
20230730-113348-5304 00057 * HandleRequestStateTransfer (replica.cc:753):   [0] Sending state transfer from <0,63366> to <0,63369>
20230730-113348-5305 00057 * HandleRequestStateTransfer (replica.cc:753):   [0] Sending state transfer from <0,63367> to <0,63369>
20230730-113349-3386 00057 ! Prepare         (lockstore.cc:86):  Lots of prepared transactions! 101
20230730-113349-3389 00057 ! Prepare         (lockstore.cc:86):  Lots of prepared transactions! 102
20230730-113349-3391 00057 ! Prepare         (lockstore.cc:86):  Lots of prepared transactions! 102
20230730-113349-3397 00057 ! Prepare         (lockstore.cc:86):  Lots of prepared transactions! 101
20230730-113349-3399 00057 ! Prepare         (lockstore.cc:86):  Lots of prepared transactions! 102
20230730-113349-3403 00057 ! Prepare         (lockstore.cc:86):  Lots of prepared transactions! 102
20230730-113349-3406 00057 ! Prepare         (lockstore.cc:86):  Lots of prepared transactions! 101
20230730-113349-3408 00057 ! Prepare         (lockstore.cc:86):  Lots of prepared transactions! 101
20230730-113349-3410 00057 ! Prepare         (lockstore.cc:86):  Lots of prepared transactions! 102
20230730-113349-3412 00057 ! Prepare         (lockstore.cc:86):  Lots of prepared transactions! 102
20230730-113349-3415 00057 ! Prepare         (lockstore.cc:86):  Lots of prepared transactions! 102
20230730-113349-3423 00057 ! Prepare         (lockstore.cc:86):  Lots of prepared transactions! 101
20230730-113349-3425 00057 ! Prepare         (lockstore.cc:86):  Lots of prepared transactions! 102
20230730-113349-3435 00057 ! Prepare         (lockstore.cc:86):  Lots of prepared transactions! 101
20230730-113349-3437 00057 ! Prepare         (lockstore.cc:86):  Lots of prepared transactions! 102
20230730-113349-3438 00057 ! Prepare         (lockstore.cc:86):  Lots of prepared transactions! 102
20230730-113349-3441 00057 ! Prepare         (lockstore.cc:86):  Lots of prepared transactions! 102
20230730-113349-3446 00057 ! Prepare         (lockstore.cc:86):  Lots of prepared transactions! 101
20230730-113349-3448 00057 ! Prepare         (lockstore.cc:86):  Lots of prepared transactions! 102
20230730-113349-3454 00057 ! Prepare         (lockstore.cc:86):  Lots of prepared transactions! 101
20230730-113349-3456 00057 ! Prepare         (lockstore.cc:86):  Lots of prepared transactions! 101
20230730-113349-3458 00057 ! Prepare         (lockstore.cc:86):  Lots of prepared transactions! 102
20230730-113349-3459 00057 ! Prepare         (lockstore.cc:86):  Lots of prepared transactions! 102
20230730-113349-3461 00057 ! Prepare         (lockstore.cc:86):  Lots of prepared transactions! 102
20230730-113349-3463 00057 ! Prepare         (lockstore.cc:86):  Lots of prepared transactions! 102
20230730-113349-3466 00057 ! Prepare         (lockstore.cc:86):  Lots of prepared transactions! 102
20230730-113349-3469 00057 ! Prepare         (lockstore.cc:86):  Lots of prepared transactions! 101
20230730-113349-3471 00057 ! Prepare         (lockstore.cc:86):  Lots of prepared transactions! 101
20230730-113349-3473 00057 ! Prepare         (lockstore.cc:86):  Lots of prepared transactions! 102
20230730-113349-3478 00057 ! Prepare         (lockstore.cc:86):  Lots of prepared transactions! 101
20230730-113349-3479 00057 ! Prepare         (lockstore.cc:86):  Lots of prepared transactions! 102
20230730-113349-3481 00057 ! Prepare         (lockstore.cc:86):  Lots of prepared transactions! 103
20230730-113349-3483 00057 ! Prepare         (lockstore.cc:86):  Lots of prepared transactions! 103
20230730-113349-3490 00057 ! Prepare         (lockstore.cc:86):  Lots of prepared transactions! 101
20230730-113349-3491 00057 ! Prepare         (lockstore.cc:86):  Lots of prepared transactions! 102
20230730-113349-3493 00057 ! Prepare         (lockstore.cc:86):  Lots of prepared transactions! 103
20230730-113349-3494 00057 ! Prepare         (lockstore.cc:86):  Lots of prepared transactions! 103
20230730-113349-3498 00057 ! Prepare         (lockstore.cc:86):  Lots of prepared transactions! 101
20230730-113349-3499 00057 ! Prepare         (lockstore.cc:86):  Lots of prepared transactions! 101
20230730-113349-3499 00057 ! Prepare         (lockstore.cc:86):  Lots of prepared transactions! 102
20230730-113349-3500 00057 ! Prepare         (lockstore.cc:86):  Lots of prepared transactions! 102
20230730-113349-3501 00057 ! Prepare         (lockstore.cc:86):  Lots of prepared transactions! 102
20230730-113349-3502 00057 ! Prepare         (lockstore.cc:86):  Lots of prepared transactions! 103
20230730-113349-3506 00057 ! Prepare         (lockstore.cc:86):  Lots of prepared transactions! 101
20230730-113349-3507 00057 ! Prepare         (lockstore.cc:86):  Lots of prepared transactions! 102
20230730-113349-3508 00057 ! Prepare         (lockstore.cc:86):  Lots of prepared transactions! 102
20230730-113349-3510 00057 ! Prepare         (lockstore.cc:86):  Lots of prepared transactions! 103
20230730-113349-3512 00057 ! Prepare         (lockstore.cc:86):  Lots of prepared transactions! 102
20230730-113349-3513 00057 ! Prepare         (lockstore.cc:86):  Lots of prepared transactions! 102
20230730-113349-3514 00057 ! Prepare         (lockstore.cc:86):  Lots of prepared transactions! 102
20230730-113349-3514 00057 ! Prepare         (lockstore.cc:86):  Lots of prepared transactions! 103
20230730-113349-3515 00057 ! Prepare         (lockstore.cc:86):  Lots of prepared transactions! 103
20230730-113349-3516 00057 ! Prepare         (lockstore.cc:86):  Lots of prepared transactions! 103
20230730-113349-3526 00057 ! Prepare         (lockstore.cc:86):  Lots of prepared transactions! 101
20230730-113349-3527 00057 ! Prepare         (lockstore.cc:86):  Lots of prepared transactions! 102
20230730-113349-3532 00057 ! Prepare         (lockstore.cc:86):  Lots of prepared transactions! 101
20230730-113349-3533 00057 ! Prepare         (lockstore.cc:86):  Lots of prepared transactions! 101
20230730-113349-3534 00057 ! Prepare         (lockstore.cc:86):  Lots of prepared transactions! 101
20230730-113349-3535 00057 ! Prepare         (lockstore.cc:86):  Lots of prepared transactions! 102
20230730-113349-3541 00057 ! Prepare         (lockstore.cc:86):  Lots of prepared transactions! 101
20230730-113349-3542 00057 ! Prepare         (lockstore.cc:86):  Lots of prepared transactions! 102
20230730-113349-3547 00057 ! Prepare         (lockstore.cc:86):  Lots of prepared transactions! 101
20230730-113349-3548 00057 ! Prepare         (lockstore.cc:86):  Lots of prepared transactions! 102
20230730-113349-3552 00057 ! Prepare         (lockstore.cc:86):  Lots of prepared transactions! 101
20230730-113349-3554 00057 ! Prepare         (lockstore.cc:86):  Lots of prepared transactions! 102
20230730-113349-3558 00057 ! Prepare         (lockstore.cc:86):  Lots of prepared transactions! 101
20230730-113349-3559 00057 ! Prepare         (lockstore.cc:86):  Lots of prepared transactions! 102
20230730-113349-3563 00057 ! Prepare         (lockstore.cc:86):  Lots of prepared transactions! 101
20230730-113349-3564 00057 ! Prepare         (lockstore.cc:86):  Lots of prepared transactions! 102
20230730-113349-3571 00057 ! Prepare         (lockstore.cc:86):  Lots of prepared transactions! 101
20230730-113349-3572 00057 ! Prepare         (lockstore.cc:86):  Lots of prepared transactions! 102
20230730-113349-3577 00057 ! Prepare         (lockstore.cc:86):  Lots of prepared transactions! 101
20230730-113349-3578 00057 ! Prepare         (lockstore.cc:86):  Lots of prepared transactions! 101
20230730-113349-3599 00057 ! Prepare         (lockstore.cc:86):  Lots of prepared transactions! 101
20230730-113349-3600 00057 ! Prepare         (lockstore.cc:86):  Lots of prepared transactions! 101
20230730-113349-3613 00057 ! Prepare         (lockstore.cc:86):  Lots of prepared transactions! 101
20230730-113349-3614 00057 ! Prepare         (lockstore.cc:86):  Lots of prepared transactions! 101
20230730-113349-3618 00057 ! Prepare         (lockstore.cc:86):  Lots of prepared transactions! 101
20230730-113349-3619 00057 ! Prepare         (lockstore.cc:86):  Lots of prepared transactions! 101
20230730-113349-3641 00057 ! Prepare         (lockstore.cc:86):  Lots of prepared transactions! 101
20230730-113349-3642 00057 ! Prepare         (lockstore.cc:86):  Lots of prepared transactions! 101
20230730-113349-3670 00057 ! Prepare         (lockstore.cc:86):  Lots of prepared transactions! 101
20230730-113349-3671 00057 ! Prepare         (lockstore.cc:86):  Lots of prepared transactions! 101
20230730-113349-3684 00057 ! Prepare         (lockstore.cc:86):  Lots of prepared transactions! 101
20230730-113349-3685 00057 ! Prepare         (lockstore.cc:86):  Lots of prepared transactions! 101
20230730-113349-3687 00057 ! Prepare         (lockstore.cc:86):  Lots of prepared transactions! 101
20230730-113349-3688 00057 ! Prepare         (lockstore.cc:86):  Lots of prepared transactions! 101
20230730-113349-3711 00057 ! Prepare         (lockstore.cc:86):  Lots of prepared transactions! 101
20230730-113349-3712 00057 ! Prepare         (lockstore.cc:86):  Lots of prepared transactions! 101
20230730-113349-3713 00057 ! Prepare         (lockstore.cc:86):  Lots of prepared transactions! 101
20230730-113349-3714 00057 ! Prepare         (lockstore.cc:86):  Lots of prepared transactions! 101
20230730-113349-3716 00057 ! Prepare         (lockstore.cc:86):  Lots of prepared transactions! 101
20230730-113349-3717 00057 ! Prepare         (lockstore.cc:86):  Lots of prepared transactions! 101
20230730-113349-3738 00057 ! Prepare         (lockstore.cc:86):  Lots of prepared transactions! 101
20230730-113349-3740 00057 ! Prepare         (lockstore.cc:86):  Lots of prepared transactions! 101
20230730-113349-3770 00057 ! Prepare         (lockstore.cc:86):  Lots of prepared transactions! 101
20230730-113349-3776 00057 ! Prepare         (lockstore.cc:86):  Lots of prepared transactions! 101
20230730-113349-3777 00057 ! Prepare         (lockstore.cc:86):  Lots of prepared transactions! 101
20230730-113349-3779 00057 ! Prepare         (lockstore.cc:86):  Lots of prepared transactions! 101
20230730-113349-3781 00057 ! Prepare         (lockstore.cc:86):  Lots of prepared transactions! 101
20230730-113349-3783 00057 ! Prepare         (lockstore.cc:86):  Lots of prepared transactions! 101
20230730-113349-4165 00057 ! Prepare         (lockstore.cc:86):  Lots of prepared transactions! 101
20230730-113349-4166 00057 ! Prepare         (lockstore.cc:86):  Lots of prepared transactions! 101
20230730-113349-4177 00057 ! Prepare         (lockstore.cc:86):  Lots of prepared transactions! 101
20230730-113349-4180 00057 ! Prepare         (lockstore.cc:86):  Lots of prepared transactions! 101
20230730-113349-4225 00057 ! Prepare         (lockstore.cc:86):  Lots of prepared transactions! 101
20230730-113349-4228 00057 ! Prepare         (lockstore.cc:86):  Lots of prepared transactions! 101
20230730-113349-4252 00057 ! Prepare         (lockstore.cc:86):  Lots of prepared transactions! 101
20230730-113349-4255 00057 ! Prepare         (lockstore.cc:86):  Lots of prepared transactions! 101
20230730-113349-4259 00057 ! Prepare         (lockstore.cc:86):  Lots of prepared transactions! 101
20230730-113349-4261 00057 ! Prepare         (lockstore.cc:86):  Lots of prepared transactions! 101
20230730-113349-4262 00057 ! Prepare         (lockstore.cc:86):  Lots of prepared transactions! 101
20230730-113349-4264 00057 ! Prepare         (lockstore.cc:86):  Lots of prepared transactions! 101
20230730-113349-4300 00057 ! Prepare         (lockstore.cc:86):  Lots of prepared transactions! 101
20230730-113349-4303 00057 ! Prepare         (lockstore.cc:86):  Lots of prepared transactions! 101
20230730-113349-4326 00057 ! Prepare         (lockstore.cc:86):  Lots of prepared transactions! 101
20230730-113349-4328 00057 ! Prepare         (lockstore.cc:86):  Lots of prepared transactions! 101
20230730-113349-4340 00057 ! Prepare         (lockstore.cc:86):  Lots of prepared transactions! 101
20230730-113349-4343 00057 ! Prepare         (lockstore.cc:86):  Lots of prepared transactions! 101
20230730-113349-4365 00057 ! Prepare         (lockstore.cc:86):  Lots of prepared transactions! 101
20230730-113349-4367 00057 ! Prepare         (lockstore.cc:86):  Lots of prepared transactions! 101
20230730-113349-4396 00057 ! Prepare         (lockstore.cc:86):  Lots of prepared transactions! 101
20230730-113349-4399 00057 ! Prepare         (lockstore.cc:86):  Lots of prepared transactions! 101
20230730-113349-4411 00057 ! Prepare         (lockstore.cc:86):  Lots of prepared transactions! 101
20230730-113349-4413 00057 ! Prepare         (lockstore.cc:86):  Lots of prepared transactions! 101
20230730-113349-4414 00057 ! Prepare         (lockstore.cc:86):  Lots of prepared transactions! 101
20230730-113349-4416 00057 ! Prepare         (lockstore.cc:86):  Lots of prepared transactions! 101
20230730-113349-4418 00057 ! Prepare         (lockstore.cc:86):  Lots of prepared transactions! 101
20230730-113349-4420 00057 ! Prepare         (lockstore.cc:86):  Lots of prepared transactions! 101
20230730-113349-4422 00057 ! Prepare         (lockstore.cc:86):  Lots of prepared transactions! 101
20230730-113349-4424 00057 ! Prepare         (lockstore.cc:86):  Lots of prepared transactions! 101
20230730-113349-4427 00057 ! Prepare         (lockstore.cc:86):  Lots of prepared transactions! 101
20230730-113349-4429 00057 ! Prepare         (lockstore.cc:86):  Lots of prepared transactions! 101
20230730-113349-4431 00057 ! Prepare         (lockstore.cc:86):  Lots of prepared transactions! 101
20230730-113349-4432 00057 ! Prepare         (lockstore.cc:86):  Lots of prepared transactions! 101
20230730-113349-4434 00057 ! Prepare         (lockstore.cc:86):  Lots of prepared transactions! 101
20230730-113349-4435 00057 ! Prepare         (lockstore.cc:86):  Lots of prepared transactions! 101
20230730-113349-4437 00057 ! Prepare         (lockstore.cc:86):  Lots of prepared transactions! 101
20230730-113349-4439 00057 ! Prepare         (lockstore.cc:86):  Lots of prepared transactions! 101
20230730-113349-4441 00057 ! Prepare         (lockstore.cc:86):  Lots of prepared transactions! 101
20230730-113349-4443 00057 ! Prepare         (lockstore.cc:86):  Lots of prepared transactions! 101
20230730-113349-4445 00057 ! Prepare         (lockstore.cc:86):  Lots of prepared transactions! 101
20230730-113349-4453 00057 ! Prepare         (lockstore.cc:86):  Lots of prepared transactions! 101
20230730-113349-4455 00057 ! Prepare         (lockstore.cc:86):  Lots of prepared transactions! 101
20230730-113349-4464 00057 ! Prepare         (lockstore.cc:86):  Lots of prepared transactions! 101
20230730-113349-4466 00057 ! Prepare         (lockstore.cc:86):  Lots of prepared transactions! 101
20230730-113349-4470 00057 ! Prepare         (lockstore.cc:86):  Lots of prepared transactions! 101
20230730-113349-4471 00057 ! Prepare         (lockstore.cc:86):  Lots of prepared transactions! 102
20230730-113349-4475 00057 ! Prepare         (lockstore.cc:86):  Lots of prepared transactions! 102
20230730-113349-4477 00057 ! Prepare         (lockstore.cc:86):  Lots of prepared transactions! 102
20230730-113349-4482 00057 ! Prepare         (lockstore.cc:86):  Lots of prepared transactions! 102
20230730-113349-4484 00057 ! Prepare         (lockstore.cc:86):  Lots of prepared transactions! 102
20230730-113349-4488 00057 ! Prepare         (lockstore.cc:86):  Lots of prepared transactions! 102
20230730-113349-4489 00057 ! Prepare         (lockstore.cc:86):  Lots of prepared transactions! 102
20230730-113349-4501 00057 ! Prepare         (lockstore.cc:86):  Lots of prepared transactions! 102
20230730-113349-4503 00057 ! Prepare         (lockstore.cc:86):  Lots of prepared transactions! 102
20230730-113349-4534 00057 ! Prepare         (lockstore.cc:86):  Lots of prepared transactions! 102
20230730-113349-4536 00057 ! Prepare         (lockstore.cc:86):  Lots of prepared transactions! 102
20230730-113349-4538 00057 ! Prepare         (lockstore.cc:86):  Lots of prepared transactions! 102
20230730-113349-4539 00057 ! Prepare         (lockstore.cc:86):  Lots of prepared transactions! 102
20230730-113349-4563 00057 ! Prepare         (lockstore.cc:86):  Lots of prepared transactions! 102
20230730-113349-4565 00057 ! Prepare         (lockstore.cc:86):  Lots of prepared transactions! 102
20230730-113349-4582 00057 ! Prepare         (lockstore.cc:86):  Lots of prepared transactions! 102
20230730-113349-4585 00057 ! Prepare         (lockstore.cc:86):  Lots of prepared transactions! 102
20230730-113349-4596 00057 ! Prepare         (lockstore.cc:86):  Lots of prepared transactions! 102
20230730-113349-4598 00057 ! Prepare         (lockstore.cc:86):  Lots of prepared transactions! 102
20230730-113349-4621 00057 ! Prepare         (lockstore.cc:86):  Lots of prepared transactions! 102
20230730-113349-4624 00057 ! Prepare         (lockstore.cc:86):  Lots of prepared transactions! 102
20230730-113349-4630 00057 ! Prepare         (lockstore.cc:86):  Lots of prepared transactions! 102
20230730-113349-4631 00057 ! Prepare         (lockstore.cc:86):  Lots of prepared transactions! 102
20230730-113349-4632 00057 ! Prepare         (lockstore.cc:86):  Lots of prepared transactions! 102
20230730-113349-4633 00057 ! Prepare         (lockstore.cc:86):  Lots of prepared transactions! 102
20230730-113349-4642 00057 ! Prepare         (lockstore.cc:86):  Lots of prepared transactions! 102
20230730-113349-4644 00057 ! Prepare         (lockstore.cc:86):  Lots of prepared transactions! 103
20230730-113349-4665 00057 ! Prepare         (lockstore.cc:86):  Lots of prepared transactions! 103
20230730-113349-4667 00057 ! Prepare         (lockstore.cc:86):  Lots of prepared transactions! 103
20230730-113349-4669 00057 ! Prepare         (lockstore.cc:86):  Lots of prepared transactions! 103
20230730-113349-4671 00057 ! Prepare         (lockstore.cc:86):  Lots of prepared transactions! 103
20230730-113349-4673 00057 ! Prepare         (lockstore.cc:86):  Lots of prepared transactions! 103
20230730-113349-4675 00057 ! Prepare         (lockstore.cc:86):  Lots of prepared transactions! 103
20230730-113349-4684 00057 ! Prepare         (lockstore.cc:86):  Lots of prepared transactions! 103
20230730-113349-4686 00057 ! Prepare         (lockstore.cc:86):  Lots of prepared transactions! 103
20230730-113349-4687 00057 ! Prepare         (lockstore.cc:86):  Lots of prepared transactions! 103
20230730-113349-4689 00057 ! Prepare         (lockstore.cc:86):  Lots of prepared transactions! 103
20230730-113349-4717 00057 ! Prepare         (lockstore.cc:86):  Lots of prepared transactions! 103
20230730-113349-4719 00057 ! Prepare         (lockstore.cc:86):  Lots of prepared transactions! 103
20230730-113349-4757 00057 ! Prepare         (lockstore.cc:86):  Lots of prepared transactions! 103
20230730-113349-4759 00057 ! Prepare         (lockstore.cc:86):  Lots of prepared transactions! 103
20230730-113349-4760 00057 ! Prepare         (lockstore.cc:86):  Lots of prepared transactions! 103
20230730-113349-4762 00057 ! Prepare         (lockstore.cc:86):  Lots of prepared transactions! 103
20230730-113349-4763 00057 ! Prepare         (lockstore.cc:86):  Lots of prepared transactions! 103
20230730-113349-4764 00057 ! Prepare         (lockstore.cc:86):  Lots of prepared transactions! 103
20230730-113349-4788 00057 ! Prepare         (lockstore.cc:86):  Lots of prepared transactions! 103
20230730-113349-4790 00057 ! Prepare         (lockstore.cc:86):  Lots of prepared transactions! 103
20230730-113349-4811 00057 ! Prepare         (lockstore.cc:86):  Lots of prepared transactions! 103
20230730-113349-4813 00057 ! Prepare         (lockstore.cc:86):  Lots of prepared transactions! 103
20230730-113349-4816 00057 ! Prepare         (lockstore.cc:86):  Lots of prepared transactions! 103
20230730-113349-4819 00057 ! Prepare         (lockstore.cc:86):  Lots of prepared transactions! 102
20230730-113349-4821 00057 ! Prepare         (lockstore.cc:86):  Lots of prepared transactions! 102
20230730-113349-4823 00057 ! Prepare         (lockstore.cc:86):  Lots of prepared transactions! 102
20230730-113349-4825 00057 ! Prepare         (lockstore.cc:86):  Lots of prepared transactions! 103
20230730-113349-4826 00057 ! Prepare         (lockstore.cc:86):  Lots of prepared transactions! 103
20230730-113349-4833 00057 ! Prepare         (lockstore.cc:86):  Lots of prepared transactions! 102
20230730-113349-4834 00057 ! Prepare         (lockstore.cc:86):  Lots of prepared transactions! 103
20230730-113349-4844 00057 ! Prepare         (lockstore.cc:86):  Lots of prepared transactions! 102
20230730-113349-4846 00057 ! Prepare         (lockstore.cc:86):  Lots of prepared transactions! 103
20230730-113349-4867 00057 ! Prepare         (lockstore.cc:86):  Lots of prepared transactions! 102
20230730-113349-4869 00057 ! Prepare         (lockstore.cc:86):  Lots of prepared transactions! 102
20230730-113349-4896 00057 ! Prepare         (lockstore.cc:86):  Lots of prepared transactions! 102
20230730-113349-4898 00057 ! Prepare         (lockstore.cc:86):  Lots of prepared transactions! 102
20230730-113349-4904 00057 ! Prepare         (lockstore.cc:86):  Lots of prepared transactions! 102
20230730-113349-4906 00057 ! Prepare         (lockstore.cc:86):  Lots of prepared transactions! 101
20230730-113349-4948 00057 ! Prepare         (lockstore.cc:86):  Lots of prepared transactions! 101
20230730-113349-4950 00057 ! Prepare         (lockstore.cc:86):  Lots of prepared transactions! 101
20230730-113349-4973 00057 ! Prepare         (lockstore.cc:86):  Lots of prepared transactions! 101
20230730-113349-4974 00057 ! Prepare         (lockstore.cc:86):  Lots of prepared transactions! 101
20230730-113349-5011 00057 ! Prepare         (lockstore.cc:86):  Lots of prepared transactions! 101
20230730-113349-5013 00057 ! Prepare         (lockstore.cc:86):  Lots of prepared transactions! 101
20230730-113349-5065 00057 ! Prepare         (lockstore.cc:86):  Lots of prepared transactions! 101
20230730-113349-5067 00057 ! Prepare         (lockstore.cc:86):  Lots of prepared transactions! 101
20230730-113349-5069 00057 ! Prepare         (lockstore.cc:86):  Lots of prepared transactions! 101
20230730-113349-6405 00057 ! Prepare         (lockstore.cc:86):  Lots of prepared transactions! 101
20230730-113349-6406 00057 ! Prepare         (lockstore.cc:86):  Lots of prepared transactions! 101
20230730-113349-6407 00057 ! Prepare         (lockstore.cc:86):  Lots of prepared transactions! 101
20230730-113349-6407 00057 ! Prepare         (lockstore.cc:86):  Lots of prepared transactions! 101
20230730-113349-6408 00057 ! Prepare         (lockstore.cc:86):  Lots of prepared transactions! 101
20230730-113349-6409 00057 ! Prepare         (lockstore.cc:86):  Lots of prepared transactions! 101
20230730-113349-6410 00057 ! Prepare         (lockstore.cc:86):  Lots of prepared transactions! 101
20230730-113349-6410 00057 ! Prepare         (lockstore.cc:86):  Lots of prepared transactions! 101
20230730-113349-6411 00057 ! Prepare         (lockstore.cc:86):  Lots of prepared transactions! 102
20230730-113349-6412 00057 ! Prepare         (lockstore.cc:86):  Lots of prepared transactions! 102
20230730-113349-6412 00057 ! Prepare         (lockstore.cc:86):  Lots of prepared transactions! 102
20230730-113349-6413 00057 ! Prepare         (lockstore.cc:86):  Lots of prepared transactions! 102
20230730-113349-6413 00057 ! Prepare         (lockstore.cc:86):  Lots of prepared transactions! 102
20230730-113349-6414 00057 ! Prepare         (lockstore.cc:86):  Lots of prepared transactions! 102
20230730-113349-6414 00057 ! Prepare         (lockstore.cc:86):  Lots of prepared transactions! 102
20230730-113349-6415 00057 ! Prepare         (lockstore.cc:86):  Lots of prepared transactions! 102
20230730-113349-6415 00057 ! Prepare         (lockstore.cc:86):  Lots of prepared transactions! 103
20230730-113349-6416 00057 ! Prepare         (lockstore.cc:86):  Lots of prepared transactions! 104
20230730-113349-6417 00057 ! Prepare         (lockstore.cc:86):  Lots of prepared transactions! 105
20230730-113349-6432 00057 ! Prepare         (lockstore.cc:86):  Lots of prepared transactions! 106
20230730-113349-6440 00057 ! Prepare         (lockstore.cc:86):  Lots of prepared transactions! 106
20230730-113349-6463 00057 ! Prepare         (lockstore.cc:86):  Lots of prepared transactions! 106
20230730-113349-6464 00057 ! Prepare         (lockstore.cc:86):  Lots of prepared transactions! 106
20230730-113349-6486 00057 ! Prepare         (lockstore.cc:86):  Lots of prepared transactions! 106
20230730-113349-6489 00057 ! Prepare         (lockstore.cc:86):  Lots of prepared transactions! 106
20230730-113349-6511 00057 ! Prepare         (lockstore.cc:86):  Lots of prepared transactions! 106
20230730-113349-6550 00057 ! Prepare         (lockstore.cc:86):  Lots of prepared transactions! 106
20230730-113349-6582 00057 ! Prepare         (lockstore.cc:86):  Lots of prepared transactions! 106
20230730-113349-6588 00057 ! Prepare         (lockstore.cc:86):  Lots of prepared transactions! 106
20230730-113349-6595 00057 ! Prepare         (lockstore.cc:86):  Lots of prepared transactions! 106
20230730-113349-6598 00057 ! Prepare         (lockstore.cc:86):  Lots of prepared transactions! 107
20230730-113349-6600 00057 ! Prepare         (lockstore.cc:86):  Lots of prepared transactions! 108
20230730-113349-6610 00057 ! Prepare         (lockstore.cc:86):  Lots of prepared transactions! 108
20230730-113349-6626 00057 ! Prepare         (lockstore.cc:86):  Lots of prepared transactions! 108
20230730-113349-6652 00057 ! Prepare         (lockstore.cc:86):  Lots of prepared transactions! 108
20230730-113349-6685 00057 ! Prepare         (lockstore.cc:86):  Lots of prepared transactions! 108
20230730-113349-6698 00057 ! Prepare         (lockstore.cc:86):  Lots of prepared transactions! 108
20230730-113349-6707 00057 ! Prepare         (lockstore.cc:86):  Lots of prepared transactions! 108
20230730-113349-6727 00057 ! Prepare         (lockstore.cc:86):  Lots of prepared transactions! 109
20230730-113349-6729 00057 ! Prepare         (lockstore.cc:86):  Lots of prepared transactions! 108
20230730-113349-6731 00057 ! Prepare         (lockstore.cc:86):  Lots of prepared transactions! 108
20230730-113349-6736 00057 ! Prepare         (lockstore.cc:86):  Lots of prepared transactions! 109
20230730-113349-6737 00057 ! Prepare         (lockstore.cc:86):  Lots of prepared transactions! 109
20230730-113349-6739 00057 ! Prepare         (lockstore.cc:86):  Lots of prepared transactions! 108
20230730-113349-6740 00057 ! Prepare         (lockstore.cc:86):  Lots of prepared transactions! 108
20230730-113349-6741 00057 ! Prepare         (lockstore.cc:86):  Lots of prepared transactions! 108
20230730-113349-6741 00057 ! Prepare         (lockstore.cc:86):  Lots of prepared transactions! 108
20230730-113349-6742 00057 ! Prepare         (lockstore.cc:86):  Lots of prepared transactions! 108
20230730-113349-6743 00057 ! Prepare         (lockstore.cc:86):  Lots of prepared transactions! 108
20230730-113349-6744 00057 ! Prepare         (lockstore.cc:86):  Lots of prepared transactions! 108
20230730-113349-6745 00057 ! Prepare         (lockstore.cc:86):  Lots of prepared transactions! 108
20230730-113349-6746 00057 ! Prepare         (lockstore.cc:86):  Lots of prepared transactions! 108
20230730-113349-6747 00057 ! Prepare         (lockstore.cc:86):  Lots of prepared transactions! 108
20230730-113349-6748 00057 ! Prepare         (lockstore.cc:86):  Lots of prepared transactions! 108
20230730-113349-6749 00057 ! Prepare         (lockstore.cc:86):  Lots of prepared transactions! 108
20230730-113349-6749 00057 ! Prepare         (lockstore.cc:86):  Lots of prepared transactions! 108
20230730-113349-6751 00057 ! Prepare         (lockstore.cc:86):  Lots of prepared transactions! 107
20230730-113349-6752 00057 ! Prepare         (lockstore.cc:86):  Lots of prepared transactions! 107
20230730-113349-6754 00057 ! Prepare         (lockstore.cc:86):  Lots of prepared transactions! 106
20230730-113349-6755 00057 ! Prepare         (lockstore.cc:86):  Lots of prepared transactions! 106
20230730-113349-6756 00057 ! Prepare         (lockstore.cc:86):  Lots of prepared transactions! 106
20230730-113349-6758 00057 ! Prepare         (lockstore.cc:86):  Lots of prepared transactions! 104
20230730-113349-6759 00057 ! Prepare         (lockstore.cc:86):  Lots of prepared transactions! 104
20230730-113349-6761 00057 ! Prepare         (lockstore.cc:86):  Lots of prepared transactions! 103
20230730-113349-6762 00057 ! Prepare         (lockstore.cc:86):  Lots of prepared transactions! 103
20230730-113349-6763 00057 ! Prepare         (lockstore.cc:86):  Lots of prepared transactions! 103
20230730-113349-6764 00057 ! Prepare         (lockstore.cc:86):  Lots of prepared transactions! 103
20230730-113349-6765 00057 ! Prepare         (lockstore.cc:86):  Lots of prepared transactions! 103
20230730-113349-6766 00057 ! Prepare         (lockstore.cc:86):  Lots of prepared transactions! 103
20230730-113349-6766 00057 ! Prepare         (lockstore.cc:86):  Lots of prepared transactions! 103
20230730-113349-6783 00057 * HandleRequestStateTransfer (replica.cc:753):   [0] Sending state transfer from <0,65536> to <0,65599>
20230730-113349-6785 00057 * SendMessageInternal (udptransport.cc:448): Sending large replication.vr.proto.StateTransferMessage message in 2 fragments
20230730-113349-6788 00057 * HandleRequestStateTransfer (replica.cc:753):   [0] Sending state transfer from <0,65539> to <0,65602>
20230730-113349-6789 00057 * SendMessageInternal (udptransport.cc:448): Sending large replication.vr.proto.StateTransferMessage message in 2 fragments
20230730-113349-6789 00057 * HandleRequestStateTransfer (replica.cc:753):   [0] Sending state transfer from <0,65540> to <0,65602>
20230730-113349-6790 00057 * SendMessageInternal (udptransport.cc:448): Sending large replication.vr.proto.StateTransferMessage message in 2 fragments
20230730-113349-6801 00057 ! Prepare         (lockstore.cc:86):  Lots of prepared transactions! 101
20230730-113349-6802 00057 ! Prepare         (lockstore.cc:86):  Lots of prepared transactions! 102
20230730-113349-6806 00057 ! Prepare         (lockstore.cc:86):  Lots of prepared transactions! 101
20230730-113349-6807 00057 ! Prepare         (lockstore.cc:86):  Lots of prepared transactions! 101
20230730-113349-6815 00057 ! Prepare         (lockstore.cc:86):  Lots of prepared transactions! 101
20230730-113349-6816 00057 ! Prepare         (lockstore.cc:86):  Lots of prepared transactions! 102
20230730-113349-6817 00057 ! Prepare         (lockstore.cc:86):  Lots of prepared transactions! 103
20230730-113349-6820 00057 ! Prepare         (lockstore.cc:86):  Lots of prepared transactions! 102
20230730-113349-6830 00057 ! Prepare         (lockstore.cc:86):  Lots of prepared transactions! 101
20230730-113349-6835 00057 ! Prepare         (lockstore.cc:86):  Lots of prepared transactions! 101
20230730-113349-6836 00057 ! Prepare         (lockstore.cc:86):  Lots of prepared transactions! 101
20230730-113349-6838 00057 ! Prepare         (lockstore.cc:86):  Lots of prepared transactions! 102
20230730-113349-6840 00057 ! Prepare         (lockstore.cc:86):  Lots of prepared transactions! 102
20230730-113349-6842 00057 ! Prepare         (lockstore.cc:86):  Lots of prepared transactions! 101
20230730-113349-6844 00057 ! Prepare         (lockstore.cc:86):  Lots of prepared transactions! 101
20230730-113349-6846 00057 ! Prepare         (lockstore.cc:86):  Lots of prepared transactions! 102
20230730-113349-6848 00057 ! Prepare         (lockstore.cc:86):  Lots of prepared transactions! 101
20230730-113349-6850 00057 ! Prepare         (lockstore.cc:86):  Lots of prepared transactions! 102
20230730-113349-6851 00057 ! Prepare         (lockstore.cc:86):  Lots of prepared transactions! 102
20230730-113349-6855 00057 ! Prepare         (lockstore.cc:86):  Lots of prepared transactions! 102
20230730-113349-6857 00057 ! Prepare         (lockstore.cc:86):  Lots of prepared transactions! 103
20230730-113349-6858 00057 ! Prepare         (lockstore.cc:86):  Lots of prepared transactions! 103
20230730-113349-6859 00057 ! Prepare         (lockstore.cc:86):  Lots of prepared transactions! 103
20230730-113349-6862 00057 ! Prepare         (lockstore.cc:86):  Lots of prepared transactions! 104
20230730-113349-6865 00057 ! Prepare         (lockstore.cc:86):  Lots of prepared transactions! 103
20230730-113349-6866 00057 ! Prepare         (lockstore.cc:86):  Lots of prepared transactions! 102
20230730-113349-6890 00057 ! Prepare         (lockstore.cc:86):  Lots of prepared transactions! 101
20230730-113349-6891 00057 ! Prepare         (lockstore.cc:86):  Lots of prepared transactions! 101
20230730-113349-6891 00057 ! Prepare         (lockstore.cc:86):  Lots of prepared transactions! 102
20230730-113349-6892 00057 ! Prepare         (lockstore.cc:86):  Lots of prepared transactions! 103
20230730-113349-6893 00057 ! Prepare         (lockstore.cc:86):  Lots of prepared transactions! 102
20230730-113349-6894 00057 ! Prepare         (lockstore.cc:86):  Lots of prepared transactions! 102
20230730-113349-6895 00057 ! Prepare         (lockstore.cc:86):  Lots of prepared transactions! 102
20230730-113349-6895 00057 ! Prepare         (lockstore.cc:86):  Lots of prepared transactions! 102
20230730-113349-6897 00057 ! Prepare         (lockstore.cc:86):  Lots of prepared transactions! 101
20230730-113349-6898 00057 ! Prepare         (lockstore.cc:86):  Lots of prepared transactions! 102
20230730-113349-6898 00057 ! Prepare         (lockstore.cc:86):  Lots of prepared transactions! 102
20230730-113349-6901 00057 ! Prepare         (lockstore.cc:86):  Lots of prepared transactions! 101
20230730-113349-6901 00057 ! Prepare         (lockstore.cc:86):  Lots of prepared transactions! 101
20230730-113349-6902 00057 ! Prepare         (lockstore.cc:86):  Lots of prepared transactions! 102
20230730-113349-6903 00057 ! Prepare         (lockstore.cc:86):  Lots of prepared transactions! 102
20230730-113349-6906 00057 ! Prepare         (lockstore.cc:86):  Lots of prepared transactions! 101
20230730-113349-6907 00057 ! Prepare         (lockstore.cc:86):  Lots of prepared transactions! 101
20230730-113349-6908 00057 ! Prepare         (lockstore.cc:86):  Lots of prepared transactions! 101
20230730-113349-6908 00057 ! Prepare         (lockstore.cc:86):  Lots of prepared transactions! 101
20230730-113349-6909 00057 ! Prepare         (lockstore.cc:86):  Lots of prepared transactions! 102
20230730-113349-6910 00057 ! Prepare         (lockstore.cc:86):  Lots of prepared transactions! 102
20230730-113349-6912 00057 ! Prepare         (lockstore.cc:86):  Lots of prepared transactions! 102
20230730-113349-6913 00057 ! Prepare         (lockstore.cc:86):  Lots of prepared transactions! 103
20230730-113349-6914 00057 ! Prepare         (lockstore.cc:86):  Lots of prepared transactions! 103
20230730-113349-6915 00057 ! Prepare         (lockstore.cc:86):  Lots of prepared transactions! 103
20230730-113349-6916 00057 ! Prepare         (lockstore.cc:86):  Lots of prepared transactions! 103
20230730-113349-6916 00057 ! Prepare         (lockstore.cc:86):  Lots of prepared transactions! 103
20230730-113349-6918 00057 ! Prepare         (lockstore.cc:86):  Lots of prepared transactions! 101
20230730-113349-6997 00057 ! Prepare         (lockstore.cc:86):  Lots of prepared transactions! 101
20230730-113349-6999 00057 ! Prepare         (lockstore.cc:86):  Lots of prepared transactions! 101
20230730-113349-7059 00057 ! Prepare         (lockstore.cc:86):  Lots of prepared transactions! 101
20230730-113349-7061 00057 ! Prepare         (lockstore.cc:86):  Lots of prepared transactions! 101
20230730-113349-7090 00057 ! Prepare         (lockstore.cc:86):  Lots of prepared transactions! 101
20230730-113349-7092 00057 ! Prepare         (lockstore.cc:86):  Lots of prepared transactions! 101
20230730-113349-7184 00057 ! Prepare         (lockstore.cc:86):  Lots of prepared transactions! 101
20230730-113349-7186 00057 ! Prepare         (lockstore.cc:86):  Lots of prepared transactions! 101
20230730-113349-7203 00057 ! Prepare         (lockstore.cc:86):  Lots of prepared transactions! 101
20230730-113349-7204 00057 ! Prepare         (lockstore.cc:86):  Lots of prepared transactions! 101
20230730-113349-7761 00057 * HandleRequestStateTransfer (replica.cc:753):   [0] Sending state transfer from <0,65821> to <0,65825>
20230730-113349-7763 00057 * HandleRequestStateTransfer (replica.cc:753):   [0] Sending state transfer from <0,65822> to <0,65825>
20230730-113403-6232 00057 * HandleRequest   (replica.cc:454):   [0] Received duplicate request but no reply available; ignoring
20230730-113403-6330 00057 * HandleRequest   (replica.cc:447):   [0] Received duplicate request; resending reply
20230730-113408-2919 00057 * HandleRequestStateTransfer (replica.cc:753):   [0] Sending state transfer from <0,101268> to <0,101270>
20230730-113408-2920 00057 * HandleRequestStateTransfer (replica.cc:753):   [0] Sending state transfer from <0,101268> to <0,101270>
20230730-113409-9804 00057 * HandleRequestStateTransfer (replica.cc:753):   [0] Sending state transfer from <0,105356> to <0,105360>
20230730-113409-9807 00057 * HandleRequestStateTransfer (replica.cc:753):   [0] Sending state transfer from <0,105359> to <0,105360>
20230730-113413-1897 00057 * HandleRequestStateTransfer (replica.cc:753):   [0] Sending state transfer from <0,113029> to <0,113030>
20230730-113413-1898 00057 * HandleRequestStateTransfer (replica.cc:753):   [0] Sending state transfer from <0,113030> to <0,113031>
20230730-113413-1902 00057 * HandleRequestStateTransfer (replica.cc:753):   [0] Sending state transfer from <0,113029> to <0,113035>
20230730-113413-1903 00057 * HandleRequestStateTransfer (replica.cc:753):   [0] Sending state transfer from <0,113030> to <0,113035>
20230730-113413-1904 00057 * HandleRequestStateTransfer (replica.cc:753):   [0] Sending state transfer from <0,113031> to <0,113035>
