20230730-113324-6067 00134 * RequestStateTransfer (replica.cc:217):   [1] Requesting state transfer: <0,1138>
20230730-113324-6070 00134 * RequestStateTransfer (replica.cc:217):   [1] Requesting state transfer: <0,1139>
20230730-113324-6071 00134 * HandleRequestStateTransfer (replica.cc:753):   [1] Sending state transfer from <0,1138> to <0,1139>
20230730-113324-6074 00134 * HandleRequestStateTransfer (replica.cc:753):   [1] Sending state transfer from <0,1139> to <0,1140>
20230730-113332-4146 00134 * RequestStateTransfer (replica.cc:217):   [1] Requesting state transfer: <0,23339>
20230730-113332-4148 00134 * RequestStateTransfer (replica.cc:217):   [1] Requesting state transfer: <0,23341>
20230730-113334-7925 00134 * HandleRequestStateTransfer (replica.cc:753):   [1] Sending state transfer from <0,29611> to <0,29612>
20230730-113334-7926 00134 * HandleRequestStateTransfer (replica.cc:753):   [1] Sending state transfer from <0,29613> to <0,29613>
20230730-113350-0464 00134 * HandleRequestStateTransfer (replica.cc:753):   [1] Sending state transfer from <0,64507> to <0,64507>
20230730-113350-0630 00134 * RequestStateTransfer (replica.cc:217):   [1] Requesting state transfer: <0,64677>
20230730-113350-0631 00134 * HandleRequestStateTransfer (replica.cc:753):   [1] Sending state transfer from <0,64677> to <0,64678>
20230730-113350-0632 00134 * RequestStateTransfer (replica.cc:217):   [1] Requesting state transfer: <0,64678>
20230730-113350-0633 00134 * HandleRequestStateTransfer (replica.cc:753):   [1] Sending state transfer from <0,64678> to <0,64679>
20230730-113350-0635 00134 * RequestStateTransfer (replica.cc:217):   [1] Requesting state transfer: <0,64682>
20230730-113350-0636 00134 * HandleRequestStateTransfer (replica.cc:753):   [1] Sending state transfer from <0,64682> to <0,64682>
20230730-113350-0637 00134 * RequestStateTransfer (replica.cc:217):   [1] Requesting state transfer: <0,64683>
20230730-113350-0639 00134 * HandleRequestStateTransfer (replica.cc:753):   [1] Sending state transfer from <0,64683> to <0,64684>
20230730-113350-2750 00134 * HandleRequestStateTransfer (replica.cc:753):   [1] Sending state transfer from <0,65254> to <0,65255>
20230730-113350-3855 00134 * RequestStateTransfer (replica.cc:217):   [1] Requesting state transfer: <0,65659>
20230730-113350-3857 00134 * HandleRequestStateTransfer (replica.cc:753):   [1] Sending state transfer from <0,65659> to <0,65659>
20230730-113350-3858 00134 * RequestStateTransfer (replica.cc:217):   [1] Requesting state transfer: <0,65660>
20230730-113350-3859 00134 * HandleRequestStateTransfer (replica.cc:753):   [1] Sending state transfer from <0,65660> to <0,65660>
20230730-113350-3863 00134 * RequestStateTransfer (replica.cc:217):   [1] Requesting state transfer: <0,65662>
20230730-113400-1156 00134 * RequestStateTransfer (replica.cc:217):   [1] Requesting state transfer: <0,87750>
20230730-113401-8824 00134 * RequestStateTransfer (replica.cc:217):   [1] Requesting state transfer: <0,87751>
20230730-113401-8837 00134 * HandleRequestStateTransfer (replica.cc:753):   [1] Sending state transfer from <0,87750> to <0,87751>
20230730-113401-8838 00134 * HandleRequestStateTransfer (replica.cc:753):   [1] Sending state transfer from <0,87751> to <0,87751>
20230730-113401-8843 00134 * RequestStateTransfer (replica.cc:217):   [1] Requesting state transfer: <0,87751>
20230730-113401-8858 00134 * HandleRequestStateTransfer (replica.cc:753):   [1] Sending state transfer from <0,87751> to <0,87751>
20230730-113401-8919 00134 * RequestStateTransfer (replica.cc:217):   [1] Requesting state transfer: <0,87752>
20230730-113401-8920 00134 * HandleRequestStateTransfer (replica.cc:753):   [1] Sending state transfer from <0,87752> to <0,87752>
20230730-113401-9014 00134 ! Prepare         (lockstore.cc:86):  Lots of prepared transactions! 101
20230730-113401-9015 00134 ! Prepare         (lockstore.cc:86):  Lots of prepared transactions! 102
20230730-113401-9016 00134 ! Prepare         (lockstore.cc:86):  Lots of prepared transactions! 103
20230730-113401-9017 00134 ! Prepare         (lockstore.cc:86):  Lots of prepared transactions! 104
20230730-113401-9018 00134 ! Prepare         (lockstore.cc:86):  Lots of prepared transactions! 105
20230730-113401-9019 00134 ! Prepare         (lockstore.cc:86):  Lots of prepared transactions! 106
20230730-113401-9021 00134 ! Prepare         (lockstore.cc:86):  Lots of prepared transactions! 106
20230730-113401-9025 00134 ! Prepare         (lockstore.cc:86):  Lots of prepared transactions! 106
20230730-113401-9036 00134 ! Prepare         (lockstore.cc:86):  Lots of prepared transactions! 102
20230730-113401-9038 00134 ! Prepare         (lockstore.cc:86):  Lots of prepared transactions! 102
20230730-113401-9039 00134 ! Prepare         (lockstore.cc:86):  Lots of prepared transactions! 102
20230730-113401-9040 00134 ! Prepare         (lockstore.cc:86):  Lots of prepared transactions! 103
20230730-113401-9042 00134 ! Prepare         (lockstore.cc:86):  Lots of prepared transactions! 103
20230730-113401-9044 00134 ! Prepare         (lockstore.cc:86):  Lots of prepared transactions! 103
20230730-113401-9044 00134 ! Prepare         (lockstore.cc:86):  Lots of prepared transactions! 104
20230730-113401-9050 00134 ! Prepare         (lockstore.cc:86):  Lots of prepared transactions! 102
20230730-113401-9055 00134 ! Prepare         (lockstore.cc:86):  Lots of prepared transactions! 101
20230730-113401-9060 00134 ! Prepare         (lockstore.cc:86):  Lots of prepared transactions! 101
20230730-113401-9064 00134 ! Prepare         (lockstore.cc:86):  Lots of prepared transactions! 101
20230730-113401-9065 00134 ! Prepare         (lockstore.cc:86):  Lots of prepared transactions! 102
20230730-113401-9066 00134 ! Prepare         (lockstore.cc:86):  Lots of prepared transactions! 103
20230730-113401-9070 00134 ! Prepare         (lockstore.cc:86):  Lots of prepared transactions! 104
20230730-113401-9071 00134 ! Prepare         (lockstore.cc:86):  Lots of prepared transactions! 105
20230730-113401-9072 00134 ! Prepare         (lockstore.cc:86):  Lots of prepared transactions! 106
20230730-113401-9073 00134 ! Prepare         (lockstore.cc:86):  Lots of prepared transactions! 106
20230730-113401-9074 00134 ! Prepare         (lockstore.cc:86):  Lots of prepared transactions! 107
20230730-113401-9075 00134 ! Prepare         (lockstore.cc:86):  Lots of prepared transactions! 107
20230730-113401-9078 00134 ! Prepare         (lockstore.cc:86):  Lots of prepared transactions! 107
20230730-113401-9079 00134 ! Prepare         (lockstore.cc:86):  Lots of prepared transactions! 108
20230730-113401-9079 00134 ! Prepare         (lockstore.cc:86):  Lots of prepared transactions! 109
20230730-113401-9081 00134 ! Prepare         (lockstore.cc:86):  Lots of prepared transactions! 109
20230730-113401-9085 00134 ! Prepare         (lockstore.cc:86):  Lots of prepared transactions! 110
20230730-113401-9086 00134 ! Prepare         (lockstore.cc:86):  Lots of prepared transactions! 111
20230730-113401-9087 00134 ! Prepare         (lockstore.cc:86):  Lots of prepared transactions! 112
20230730-113401-9090 00134 ! Prepare         (lockstore.cc:86):  Lots of prepared transactions! 112
20230730-113401-9095 00134 ! Prepare         (lockstore.cc:86):  Lots of prepared transactions! 111
20230730-113401-9098 00134 ! Prepare         (lockstore.cc:86):  Lots of prepared transactions! 111
20230730-113401-9100 00134 ! Prepare         (lockstore.cc:86):  Lots of prepared transactions! 111
20230730-113401-9104 00134 ! Prepare         (lockstore.cc:86):  Lots of prepared transactions! 111
20230730-113401-9106 00134 ! Prepare         (lockstore.cc:86):  Lots of prepared transactions! 111
20230730-113401-9107 00134 ! Prepare         (lockstore.cc:86):  Lots of prepared transactions! 111
20230730-113401-9108 00134 ! Prepare         (lockstore.cc:86):  Lots of prepared transactions! 111
20230730-113401-9108 00134 ! Prepare         (lockstore.cc:86):  Lots of prepared transactions! 111
20230730-113401-9109 00134 ! Prepare         (lockstore.cc:86):  Lots of prepared transactions! 111
20230730-113401-9111 00134 ! Prepare         (lockstore.cc:86):  Lots of prepared transactions! 110
20230730-113401-9113 00134 ! Prepare         (lockstore.cc:86):  Lots of prepared transactions! 110
20230730-113401-9114 00134 ! Prepare         (lockstore.cc:86):  Lots of prepared transactions! 111
20230730-113401-9120 00134 ! Prepare         (lockstore.cc:86):  Lots of prepared transactions! 109
20230730-113401-9121 00134 ! Prepare         (lockstore.cc:86):  Lots of prepared transactions! 109
20230730-113401-9124 00134 ! Prepare         (lockstore.cc:86):  Lots of prepared transactions! 109
20230730-113401-9124 00134 ! Prepare         (lockstore.cc:86):  Lots of prepared transactions! 110
20230730-113401-9130 00134 ! Prepare         (lockstore.cc:86):  Lots of prepared transactions! 110
20230730-113401-9133 00134 ! Prepare         (lockstore.cc:86):  Lots of prepared transactions! 109
20230730-113401-9135 00134 ! Prepare         (lockstore.cc:86):  Lots of prepared transactions! 110
20230730-113401-9136 00134 ! Prepare         (lockstore.cc:86):  Lots of prepared transactions! 110
20230730-113401-9139 00134 ! Prepare         (lockstore.cc:86):  Lots of prepared transactions! 110
20230730-113401-9141 00134 ! Prepare         (lockstore.cc:86):  Lots of prepared transactions! 110
20230730-113401-9143 00134 ! Prepare         (lockstore.cc:86):  Lots of prepared transactions! 110
20230730-113401-9145 00134 ! Prepare         (lockstore.cc:86):  Lots of prepared transactions! 110
20230730-113401-9145 00134 ! Prepare         (lockstore.cc:86):  Lots of prepared transactions! 110
20230730-113401-9146 00134 ! Prepare         (lockstore.cc:86):  Lots of prepared transactions! 111
20230730-113401-9147 00134 ! Prepare         (lockstore.cc:86):  Lots of prepared transactions! 111
20230730-113401-9148 00134 ! Prepare         (lockstore.cc:86):  Lots of prepared transactions! 111
20230730-113401-9149 00134 ! Prepare         (lockstore.cc:86):  Lots of prepared transactions! 112
20230730-113401-9150 00134 ! Prepare         (lockstore.cc:86):  Lots of prepared transactions! 112
20230730-113401-9152 00134 ! Prepare         (lockstore.cc:86):  Lots of prepared transactions! 112
20230730-113401-9154 00134 ! Prepare         (lockstore.cc:86):  Lots of prepared transactions! 113
20230730-113401-9156 00134 ! Prepare         (lockstore.cc:86):  Lots of prepared transactions! 114
20230730-113401-9157 00134 ! Prepare         (lockstore.cc:86):  Lots of prepared transactions! 114
20230730-113401-9160 00134 ! Prepare         (lockstore.cc:86):  Lots of prepared transactions! 113
20230730-113401-9161 00134 ! Prepare         (lockstore.cc:86):  Lots of prepared transactions! 113
20230730-113401-9167 00134 ! Prepare         (lockstore.cc:86):  Lots of prepared transactions! 113
20230730-113401-9168 00134 ! Prepare         (lockstore.cc:86):  Lots of prepared transactions! 114
20230730-113401-9169 00134 ! Prepare         (lockstore.cc:86):  Lots of prepared transactions! 114
20230730-113401-9170 00134 ! Prepare         (lockstore.cc:86):  Lots of prepared transactions! 114
20230730-113401-9171 00134 ! Prepare         (lockstore.cc:86):  Lots of prepared transactions! 114
20230730-113401-9173 00134 ! Prepare         (lockstore.cc:86):  Lots of prepared transactions! 114
20230730-113401-9175 00134 ! Prepare         (lockstore.cc:86):  Lots of prepared transactions! 114
20230730-113401-9177 00134 ! Prepare         (lockstore.cc:86):  Lots of prepared transactions! 114
20230730-113401-9178 00134 ! Prepare         (lockstore.cc:86):  Lots of prepared transactions! 114
20230730-113401-9181 00134 ! Prepare         (lockstore.cc:86):  Lots of prepared transactions! 112
20230730-113401-9182 00134 ! Prepare         (lockstore.cc:86):  Lots of prepared transactions! 112
20230730-113401-9185 00134 ! Prepare         (lockstore.cc:86):  Lots of prepared transactions! 111
20230730-113401-9188 00134 ! Prepare         (lockstore.cc:86):  Lots of prepared transactions! 110
20230730-113401-9190 00134 ! Prepare         (lockstore.cc:86):  Lots of prepared transactions! 110
20230730-113401-9191 00134 ! Prepare         (lockstore.cc:86):  Lots of prepared transactions! 110
20230730-113401-9193 00134 ! Prepare         (lockstore.cc:86):  Lots of prepared transactions! 111
20230730-113401-9194 00134 ! Prepare         (lockstore.cc:86):  Lots of prepared transactions! 111
20230730-113401-9197 00134 ! Prepare         (lockstore.cc:86):  Lots of prepared transactions! 111
20230730-113401-9200 00134 ! Prepare         (lockstore.cc:86):  Lots of prepared transactions! 112
20230730-113401-9201 00134 ! Prepare         (lockstore.cc:86):  Lots of prepared transactions! 112
20230730-113401-9203 00134 ! Prepare         (lockstore.cc:86):  Lots of prepared transactions! 112
20230730-113401-9204 00134 ! Prepare         (lockstore.cc:86):  Lots of prepared transactions! 112
20230730-113401-9205 00134 ! Prepare         (lockstore.cc:86):  Lots of prepared transactions! 112
20230730-113401-9207 00134 ! Prepare         (lockstore.cc:86):  Lots of prepared transactions! 112
20230730-113401-9208 00134 ! Prepare         (lockstore.cc:86):  Lots of prepared transactions! 112
20230730-113401-9211 00134 ! Prepare         (lockstore.cc:86):  Lots of prepared transactions! 112
20230730-113401-9211 00134 ! Prepare         (lockstore.cc:86):  Lots of prepared transactions! 112
20230730-113401-9212 00134 ! Prepare         (lockstore.cc:86):  Lots of prepared transactions! 112
20230730-113401-9213 00134 ! Prepare         (lockstore.cc:86):  Lots of prepared transactions! 113
20230730-113401-9214 00134 ! Prepare         (lockstore.cc:86):  Lots of prepared transactions! 114
20230730-113401-9215 00134 ! Prepare         (lockstore.cc:86):  Lots of prepared transactions! 114
20230730-113401-9216 00134 ! Prepare         (lockstore.cc:86):  Lots of prepared transactions! 114
20230730-113401-9218 00134 ! Prepare         (lockstore.cc:86):  Lots of prepared transactions! 115
20230730-113401-9220 00134 ! Prepare         (lockstore.cc:86):  Lots of prepared transactions! 115
20230730-113401-9221 00134 ! Prepare         (lockstore.cc:86):  Lots of prepared transactions! 116
20230730-113401-9223 00134 ! Prepare         (lockstore.cc:86):  Lots of prepared transactions! 116
20230730-113401-9225 00134 ! Prepare         (lockstore.cc:86):  Lots of prepared transactions! 116
20230730-113401-9226 00134 ! Prepare         (lockstore.cc:86):  Lots of prepared transactions! 116
20230730-113401-9227 00134 ! Prepare         (lockstore.cc:86):  Lots of prepared transactions! 116
20230730-113401-9233 00134 ! Prepare         (lockstore.cc:86):  Lots of prepared transactions! 115
20230730-113401-9233 00134 ! Prepare         (lockstore.cc:86):  Lots of prepared transactions! 115
20230730-113401-9234 00134 ! Prepare         (lockstore.cc:86):  Lots of prepared transactions! 115
20230730-113401-9235 00134 ! Prepare         (lockstore.cc:86):  Lots of prepared transactions! 115
20230730-113401-9237 00134 ! Prepare         (lockstore.cc:86):  Lots of prepared transactions! 115
20230730-113401-9239 00134 ! Prepare         (lockstore.cc:86):  Lots of prepared transactions! 115
20230730-113401-9240 00134 ! Prepare         (lockstore.cc:86):  Lots of prepared transactions! 115
20230730-113401-9242 00134 ! Prepare         (lockstore.cc:86):  Lots of prepared transactions! 115
20230730-113401-9243 00134 ! Prepare         (lockstore.cc:86):  Lots of prepared transactions! 115
20230730-113401-9244 00134 ! Prepare         (lockstore.cc:86):  Lots of prepared transactions! 115
20230730-113401-9246 00134 ! Prepare         (lockstore.cc:86):  Lots of prepared transactions! 115
20230730-113401-9247 00134 ! Prepare         (lockstore.cc:86):  Lots of prepared transactions! 114
20230730-113401-9249 00134 ! Prepare         (lockstore.cc:86):  Lots of prepared transactions! 113
20230730-113401-9252 00134 ! Prepare         (lockstore.cc:86):  Lots of prepared transactions! 112
20230730-113401-9255 00134 ! Prepare         (lockstore.cc:86):  Lots of prepared transactions! 112
20230730-113401-9257 00134 ! Prepare         (lockstore.cc:86):  Lots of prepared transactions! 112
20230730-113401-9258 00134 ! Prepare         (lockstore.cc:86):  Lots of prepared transactions! 112
20230730-113401-9261 00134 ! Prepare         (lockstore.cc:86):  Lots of prepared transactions! 112
20230730-113401-9262 00134 ! Prepare         (lockstore.cc:86):  Lots of prepared transactions! 112
20230730-113401-9264 00134 ! Prepare         (lockstore.cc:86):  Lots of prepared transactions! 113
20230730-113401-9266 00134 ! Prepare         (lockstore.cc:86):  Lots of prepared transactions! 113
20230730-113401-9267 00134 ! Prepare         (lockstore.cc:86):  Lots of prepared transactions! 113
20230730-113401-9268 00134 ! Prepare         (lockstore.cc:86):  Lots of prepared transactions! 113
20230730-113401-9270 00134 ! Prepare         (lockstore.cc:86):  Lots of prepared transactions! 113
20230730-113401-9273 00134 ! Prepare         (lockstore.cc:86):  Lots of prepared transactions! 113
20230730-113401-9273 00134 ! Prepare         (lockstore.cc:86):  Lots of prepared transactions! 113
20230730-113401-9277 00134 ! Prepare         (lockstore.cc:86):  Lots of prepared transactions! 113
20230730-113401-9277 00134 ! Prepare         (lockstore.cc:86):  Lots of prepared transactions! 113
20230730-113401-9278 00134 ! Prepare         (lockstore.cc:86):  Lots of prepared transactions! 113
20230730-113401-9280 00134 ! Prepare         (lockstore.cc:86):  Lots of prepared transactions! 112
20230730-113401-9283 00134 ! Prepare         (lockstore.cc:86):  Lots of prepared transactions! 112
20230730-113401-9285 00134 ! Prepare         (lockstore.cc:86):  Lots of prepared transactions! 113
20230730-113401-9286 00134 ! Prepare         (lockstore.cc:86):  Lots of prepared transactions! 113
20230730-113401-9287 00134 ! Prepare         (lockstore.cc:86):  Lots of prepared transactions! 114
20230730-113401-9289 00134 ! Prepare         (lockstore.cc:86):  Lots of prepared transactions! 114
20230730-113401-9291 00134 ! Prepare         (lockstore.cc:86):  Lots of prepared transactions! 114
20230730-113401-9293 00134 ! Prepare         (lockstore.cc:86):  Lots of prepared transactions! 115
20230730-113401-9294 00134 ! Prepare         (lockstore.cc:86):  Lots of prepared transactions! 115
20230730-113401-9294 00134 ! Prepare         (lockstore.cc:86):  Lots of prepared transactions! 115
20230730-113401-9297 00134 ! Prepare         (lockstore.cc:86):  Lots of prepared transactions! 116
20230730-113401-9298 00134 ! Prepare         (lockstore.cc:86):  Lots of prepared transactions! 116
20230730-113401-9302 00134 ! Prepare         (lockstore.cc:86):  Lots of prepared transactions! 116
20230730-113401-9304 00134 ! Prepare         (lockstore.cc:86):  Lots of prepared transactions! 116
20230730-113401-9305 00134 ! Prepare         (lockstore.cc:86):  Lots of prepared transactions! 116
20230730-113401-9307 00134 ! Prepare         (lockstore.cc:86):  Lots of prepared transactions! 116
20230730-113401-9309 00134 ! Prepare         (lockstore.cc:86):  Lots of prepared transactions! 116
20230730-113401-9312 00134 ! Prepare         (lockstore.cc:86):  Lots of prepared transactions! 116
20230730-113401-9313 00134 ! Prepare         (lockstore.cc:86):  Lots of prepared transactions! 116
20230730-113401-9315 00134 ! Prepare         (lockstore.cc:86):  Lots of prepared transactions! 116
20230730-113401-9316 00134 ! Prepare         (lockstore.cc:86):  Lots of prepared transactions! 116
20230730-113401-9317 00134 ! Prepare         (lockstore.cc:86):  Lots of prepared transactions! 116
20230730-113401-9319 00134 ! Prepare         (lockstore.cc:86):  Lots of prepared transactions! 116
20230730-113401-9320 00134 ! Prepare         (lockstore.cc:86):  Lots of prepared transactions! 117
20230730-113401-9324 00134 ! Prepare         (lockstore.cc:86):  Lots of prepared transactions! 116
20230730-113401-9326 00134 ! Prepare         (lockstore.cc:86):  Lots of prepared transactions! 115
20230730-113401-9327 00134 ! Prepare         (lockstore.cc:86):  Lots of prepared transactions! 115
20230730-113401-9329 00134 ! Prepare         (lockstore.cc:86):  Lots of prepared transactions! 115
20230730-113401-9334 00134 ! Prepare         (lockstore.cc:86):  Lots of prepared transactions! 113
20230730-113401-9336 00134 ! Prepare         (lockstore.cc:86):  Lots of prepared transactions! 113
20230730-113401-9337 00134 ! Prepare         (lockstore.cc:86):  Lots of prepared transactions! 113
20230730-113401-9338 00134 ! Prepare         (lockstore.cc:86):  Lots of prepared transactions! 113
20230730-113401-9339 00134 ! Prepare         (lockstore.cc:86):  Lots of prepared transactions! 113
20230730-113401-9340 00134 ! Prepare         (lockstore.cc:86):  Lots of prepared transactions! 113
20230730-113401-9342 00134 ! Prepare         (lockstore.cc:86):  Lots of prepared transactions! 113
20230730-113401-9345 00134 ! Prepare         (lockstore.cc:86):  Lots of prepared transactions! 113
20230730-113401-9347 00134 ! Prepare         (lockstore.cc:86):  Lots of prepared transactions! 113
20230730-113401-9349 00134 ! Prepare         (lockstore.cc:86):  Lots of prepared transactions! 113
20230730-113401-9351 00134 ! Prepare         (lockstore.cc:86):  Lots of prepared transactions! 113
20230730-113401-9352 00134 ! Prepare         (lockstore.cc:86):  Lots of prepared transactions! 113
20230730-113401-9353 00134 ! Prepare         (lockstore.cc:86):  Lots of prepared transactions! 113
20230730-113401-9354 00134 ! Prepare         (lockstore.cc:86):  Lots of prepared transactions! 113
20230730-113401-9356 00134 ! Prepare         (lockstore.cc:86):  Lots of prepared transactions! 113
20230730-113401-9359 00134 ! Prepare         (lockstore.cc:86):  Lots of prepared transactions! 113
20230730-113401-9361 00134 ! Prepare         (lockstore.cc:86):  Lots of prepared transactions! 113
20230730-113401-9362 00134 ! Prepare         (lockstore.cc:86):  Lots of prepared transactions! 114
20230730-113401-9363 00134 ! Prepare         (lockstore.cc:86):  Lots of prepared transactions! 114
20230730-113401-9365 00134 ! Prepare         (lockstore.cc:86):  Lots of prepared transactions! 114
20230730-113401-9367 00134 ! Prepare         (lockstore.cc:86):  Lots of prepared transactions! 114
20230730-113401-9368 00134 ! Prepare         (lockstore.cc:86):  Lots of prepared transactions! 115
20230730-113401-9369 00134 ! Prepare         (lockstore.cc:86):  Lots of prepared transactions! 116
20230730-113401-9372 00134 ! Prepare         (lockstore.cc:86):  Lots of prepared transactions! 116
20230730-113401-9374 00134 ! Prepare         (lockstore.cc:86):  Lots of prepared transactions! 116
20230730-113401-9376 00134 ! Prepare         (lockstore.cc:86):  Lots of prepared transactions! 116
20230730-113401-9377 00134 ! Prepare         (lockstore.cc:86):  Lots of prepared transactions! 116
20230730-113401-9380 00134 ! Prepare         (lockstore.cc:86):  Lots of prepared transactions! 116
20230730-113401-9382 00134 ! Prepare         (lockstore.cc:86):  Lots of prepared transactions! 116
20230730-113401-9385 00134 ! Prepare         (lockstore.cc:86):  Lots of prepared transactions! 116
20230730-113401-9387 00134 ! Prepare         (lockstore.cc:86):  Lots of prepared transactions! 116
20230730-113401-9388 00134 ! Prepare         (lockstore.cc:86):  Lots of prepared transactions! 116
20230730-113401-9389 00134 ! Prepare         (lockstore.cc:86):  Lots of prepared transactions! 116
20230730-113401-9390 00134 ! Prepare         (lockstore.cc:86):  Lots of prepared transactions! 116
20230730-113401-9393 00134 ! Prepare         (lockstore.cc:86):  Lots of prepared transactions! 116
20230730-113401-9395 00134 ! Prepare         (lockstore.cc:86):  Lots of prepared transactions! 116
20230730-113401-9396 00134 ! Prepare         (lockstore.cc:86):  Lots of prepared transactions! 116
20230730-113401-9400 00134 ! Prepare         (lockstore.cc:86):  Lots of prepared transactions! 116
20230730-113401-9401 00134 ! Prepare         (lockstore.cc:86):  Lots of prepared transactions! 116
20230730-113401-9402 00134 ! Prepare         (lockstore.cc:86):  Lots of prepared transactions! 116
20230730-113401-9403 00134 ! Prepare         (lockstore.cc:86):  Lots of prepared transactions! 116
20230730-113401-9405 00134 ! Prepare         (lockstore.cc:86):  Lots of prepared transactions! 116
20230730-113401-9409 00134 ! Prepare         (lockstore.cc:86):  Lots of prepared transactions! 114
20230730-113401-9412 00134 ! Prepare         (lockstore.cc:86):  Lots of prepared transactions! 114
20230730-113401-9414 00134 ! Prepare         (lockstore.cc:86):  Lots of prepared transactions! 114
20230730-113401-9416 00134 ! Prepare         (lockstore.cc:86):  Lots of prepared transactions! 114
20230730-113401-9417 00134 ! Prepare         (lockstore.cc:86):  Lots of prepared transactions! 114
20230730-113401-9418 00134 ! Prepare         (lockstore.cc:86):  Lots of prepared transactions! 114
20230730-113401-9421 00134 ! Prepare         (lockstore.cc:86):  Lots of prepared transactions! 114
20230730-113401-9423 00134 ! Prepare         (lockstore.cc:86):  Lots of prepared transactions! 114
20230730-113401-9426 00134 ! Prepare         (lockstore.cc:86):  Lots of prepared transactions! 114
20230730-113401-9428 00134 ! Prepare         (lockstore.cc:86):  Lots of prepared transactions! 114
20230730-113401-9430 00134 ! Prepare         (lockstore.cc:86):  Lots of prepared transactions! 114
20230730-113401-9431 00134 ! Prepare         (lockstore.cc:86):  Lots of prepared transactions! 114
20230730-113401-9433 00134 ! Prepare         (lockstore.cc:86):  Lots of prepared transactions! 114
20230730-113401-9433 00134 ! Prepare         (lockstore.cc:86):  Lots of prepared transactions! 114
20230730-113401-9435 00134 ! Prepare         (lockstore.cc:86):  Lots of prepared transactions! 114
20230730-113401-9437 00134 ! Prepare         (lockstore.cc:86):  Lots of prepared transactions! 114
20230730-113401-9439 00134 ! Prepare         (lockstore.cc:86):  Lots of prepared transactions! 114
20230730-113401-9440 00134 ! Prepare         (lockstore.cc:86):  Lots of prepared transactions! 114
20230730-113401-9440 00134 ! Prepare         (lockstore.cc:86):  Lots of prepared transactions! 114
20230730-113401-9442 00134 ! Prepare         (lockstore.cc:86):  Lots of prepared transactions! 114
20230730-113401-9444 00134 ! Prepare         (lockstore.cc:86):  Lots of prepared transactions! 114
20230730-113401-9446 00134 ! Prepare         (lockstore.cc:86):  Lots of prepared transactions! 115
20230730-113401-9447 00134 ! Prepare         (lockstore.cc:86):  Lots of prepared transactions! 116
20230730-113401-9449 00134 ! Prepare         (lockstore.cc:86):  Lots of prepared transactions! 116
20230730-113401-9453 00134 ! Prepare         (lockstore.cc:86):  Lots of prepared transactions! 116
20230730-113401-9454 00134 ! Prepare         (lockstore.cc:86):  Lots of prepared transactions! 116
20230730-113401-9454 00134 ! Prepare         (lockstore.cc:86):  Lots of prepared transactions! 116
20230730-113401-9455 00134 ! Prepare         (lockstore.cc:86):  Lots of prepared transactions! 116
20230730-113401-9457 00134 ! Prepare         (lockstore.cc:86):  Lots of prepared transactions! 116
20230730-113401-9462 00134 ! Prepare         (lockstore.cc:86):  Lots of prepared transactions! 116
20230730-113401-9463 00134 ! Prepare         (lockstore.cc:86):  Lots of prepared transactions! 116
20230730-113401-9466 00134 ! Prepare         (lockstore.cc:86):  Lots of prepared transactions! 116
20230730-113401-9467 00134 ! Prepare         (lockstore.cc:86):  Lots of prepared transactions! 116
20230730-113401-9468 00134 ! Prepare         (lockstore.cc:86):  Lots of prepared transactions! 116
20230730-113401-9472 00134 ! Prepare         (lockstore.cc:86):  Lots of prepared transactions! 116
20230730-113401-9473 00134 ! Prepare         (lockstore.cc:86):  Lots of prepared transactions! 116
20230730-113401-9474 00134 ! Prepare         (lockstore.cc:86):  Lots of prepared transactions! 116
20230730-113401-9475 00134 ! Prepare         (lockstore.cc:86):  Lots of prepared transactions! 116
20230730-113401-9480 00134 ! Prepare         (lockstore.cc:86):  Lots of prepared transactions! 115
20230730-113401-9482 00134 ! Prepare         (lockstore.cc:86):  Lots of prepared transactions! 115
20230730-113401-9482 00134 ! Prepare         (lockstore.cc:86):  Lots of prepared transactions! 115
20230730-113401-9484 00134 ! Prepare         (lockstore.cc:86):  Lots of prepared transactions! 115
20230730-113401-9486 00134 ! Prepare         (lockstore.cc:86):  Lots of prepared transactions! 115
20230730-113401-9490 00134 ! Prepare         (lockstore.cc:86):  Lots of prepared transactions! 114
20230730-113401-9491 00134 ! Prepare         (lockstore.cc:86):  Lots of prepared transactions! 114
20230730-113401-9496 00134 ! Prepare         (lockstore.cc:86):  Lots of prepared transactions! 112
20230730-113401-9501 00134 ! Prepare         (lockstore.cc:86):  Lots of prepared transactions! 111
20230730-113401-9503 00134 ! Prepare         (lockstore.cc:86):  Lots of prepared transactions! 111
20230730-113401-9503 00134 ! Prepare         (lockstore.cc:86):  Lots of prepared transactions! 111
20230730-113401-9506 00134 ! Prepare         (lockstore.cc:86):  Lots of prepared transactions! 110
20230730-113401-9509 00134 ! Prepare         (lockstore.cc:86):  Lots of prepared transactions! 109
20230730-113401-9516 00134 ! Prepare         (lockstore.cc:86):  Lots of prepared transactions! 106
20230730-113401-9517 00134 ! Prepare         (lockstore.cc:86):  Lots of prepared transactions! 105
20230730-113401-9522 00134 ! Prepare         (lockstore.cc:86):  Lots of prepared transactions! 104
20230730-113401-9523 00134 ! Prepare         (lockstore.cc:86):  Lots of prepared transactions! 104
20230730-113401-9524 00134 ! Prepare         (lockstore.cc:86):  Lots of prepared transactions! 104
20230730-113401-9528 00134 ! Prepare         (lockstore.cc:86):  Lots of prepared transactions! 102
20230730-113401-9618 00134 * RequestStateTransfer (replica.cc:217):   [1] Requesting state transfer: <0,88321>
20230730-113401-9620 00134 * RequestStateTransfer (replica.cc:217):   [1] Requesting state transfer: <0,88322>
20230730-113401-9620 00134 * HandleRequestStateTransfer (replica.cc:753):   [1] Sending state transfer from <0,88321> to <0,88322>
20230730-113401-9621 00134 * RequestStateTransfer (replica.cc:217):   [1] Requesting state transfer: <0,88323>
20230730-113401-9623 00134 * HandleRequestStateTransfer (replica.cc:753):   [1] Sending state transfer from <0,88322> to <0,88323>
20230730-113401-9624 00134 * RequestStateTransfer (replica.cc:217):   [1] Requesting state transfer: <0,88326>
20230730-113401-9625 00134 * HandleRequestStateTransfer (replica.cc:753):   [1] Sending state transfer from <0,88323> to <0,88327>
20230730-113401-9626 00134 * RequestStateTransfer (replica.cc:217):   [1] Requesting state transfer: <0,88327>
20230730-113401-9627 00134 * RequestStateTransfer (replica.cc:217):   [1] Requesting state transfer: <0,88329>
20230730-113401-9628 00134 * HandleRequestStateTransfer (replica.cc:753):   [1] Sending state transfer from <0,88326> to <0,88329>
20230730-113401-9628 00134 * RequestStateTransfer (replica.cc:217):   [1] Requesting state transfer: <0,88330>
20230730-113401-9630 00134 * HandleRequestStateTransfer (replica.cc:753):   [1] Sending state transfer from <0,88327> to <0,88332>
20230730-113401-9631 00134 * RequestStateTransfer (replica.cc:217):   [1] Requesting state transfer: <0,88332>
20230730-113401-9633 00134 * HandleRequestStateTransfer (replica.cc:753):   [1] Sending state transfer from <0,88329> to <0,88333>
20230730-113401-9633 00134 * RequestStateTransfer (replica.cc:217):   [1] Requesting state transfer: <0,88333>
20230730-113401-9635 00134 * HandleRequestStateTransfer (replica.cc:753):   [1] Sending state transfer from <0,88330> to <0,88334>
20230730-113401-9637 00134 * HandleRequestStateTransfer (replica.cc:753):   [1] Sending state transfer from <0,88332> to <0,88335>
20230730-113401-9638 00134 * HandleRequestStateTransfer (replica.cc:753):   [1] Sending state transfer from <0,88333> to <0,88335>
20230730-113401-9640 00134 * HandleRequestStateTransfer (replica.cc:753):   [1] Sending state transfer from <0,88335> to <0,88335>
20230730-113402-3461 00134 * RequestStateTransfer (replica.cc:217):   [1] Requesting state transfer: <0,91613>
20230730-113402-3463 00134 * RequestStateTransfer (replica.cc:217):   [1] Requesting state transfer: <0,91614>
20230730-113402-3464 00134 * RequestStateTransfer (replica.cc:217):   [1] Requesting state transfer: <0,91615>
20230730-113402-3466 00134 * RequestStateTransfer (replica.cc:217):   [1] Requesting state transfer: <0,91617>
20230730-113402-3468 00134 * RequestStateTransfer (replica.cc:217):   [1] Requesting state transfer: <0,91618>
20230730-113402-3469 00134 * RequestStateTransfer (replica.cc:217):   [1] Requesting state transfer: <0,91619>
20230730-113402-3471 00134 * RequestStateTransfer (replica.cc:217):   [1] Requesting state transfer: <0,91620>
20230730-113402-3474 00134 * RequestStateTransfer (replica.cc:217):   [1] Requesting state transfer: <0,91624>
20230730-113402-3489 00134 ! OnReadable      (udptransport.cc:588): Fragments out of order for packet 15; expected start 0, got 9000
20230730-113402-3490 00134 ! OnReadable      (udptransport.cc:580): Failed to reconstruct packet 15
20230730-113402-3502 00134 * RequestStateTransfer (replica.cc:217):   [1] Requesting state transfer: <0,91649>
20230730-113402-3503 00134 * HandleRequestStateTransfer (replica.cc:753):   [1] Sending state transfer from <0,91649> to <0,91650>
20230730-113402-3504 00134 * RequestStateTransfer (replica.cc:217):   [1] Requesting state transfer: <0,91653>
20230730-113402-3505 00134 * RequestStateTransfer (replica.cc:217):   [1] Requesting state transfer: <0,91654>
20230730-113402-3505 00134 * HandleRequestStateTransfer (replica.cc:753):   [1] Sending state transfer from <0,91653> to <0,91654>
20230730-113402-3506 00134 * RequestStateTransfer (replica.cc:217):   [1] Requesting state transfer: <0,91655>
20230730-113402-3506 00134 * HandleRequestStateTransfer (replica.cc:753):   [1] Sending state transfer from <0,91654> to <0,91655>
20230730-113402-3507 00134 * HandleRequestStateTransfer (replica.cc:753):   [1] Sending state transfer from <0,91655> to <0,91655>
20230730-113402-3509 00134 * RequestStateTransfer (replica.cc:217):   [1] Requesting state transfer: <0,91659>
20230730-113402-3511 00134 * HandleRequestStateTransfer (replica.cc:753):   [1] Sending state transfer from <0,91659> to <0,91660>
20230730-113402-3511 00134 * RequestStateTransfer (replica.cc:217):   [1] Requesting state transfer: <0,91661>
20230730-113410-2276 00134 * RequestStateTransfer (replica.cc:217):   [1] Requesting state transfer: <0,109162>
20230730-113410-2278 00134 * RequestStateTransfer (replica.cc:217):   [1] Requesting state transfer: <0,109163>
