20230730-113329-5732 00096 * RequestStateTransfer (replica.cc:217):   [1] Requesting state transfer: <0,19337>
20230730-113329-5743 00096 * HandleRequestStateTransfer (replica.cc:753):   [1] Sending state transfer from <0,19337> to <0,19342>
20230730-113329-5744 00096 * HandleRequestStateTransfer (replica.cc:753):   [1] Sending state transfer from <0,19338> to <0,19344>
20230730-113330-9625 00096 * HandleRequestStateTransfer (replica.cc:753):   [1] Sending state transfer from <0,25367> to <0,25368>
20230730-113330-9679 00096 * RequestStateTransfer (replica.cc:217):   [1] Requesting state transfer: <0,25396>
20230730-113330-9680 00096 * HandleRequestStateTransfer (replica.cc:753):   [1] Sending state transfer from <0,25396> to <0,25397>
20230730-113330-9681 00096 * RequestStateTransfer (replica.cc:217):   [1] Requesting state transfer: <0,25397>
20230730-113330-9682 00096 * HandleRequestStateTransfer (replica.cc:753):   [1] Sending state transfer from <0,25397> to <0,25397>
20230730-113331-2047 00096 * HandleRequestStateTransfer (replica.cc:753):   [1] Sending state transfer from <0,26372> to <0,26373>
20230730-113331-2049 00096 * HandleRequestStateTransfer (replica.cc:753):   [1] Sending state transfer from <0,26374> to <0,26375>
20230730-113331-2051 00096 * HandleRequestStateTransfer (replica.cc:753):   [1] Sending state transfer from <0,26375> to <0,26375>
20230730-113331-2465 00096 * RequestStateTransfer (replica.cc:217):   [1] Requesting state transfer: <0,26555>
20230730-113331-7852 00096 * HandleRequestStateTransfer (replica.cc:753):   [1] Sending state transfer from <0,28819> to <0,28819>
20230730-113332-3435 00096 * RequestStateTransfer (replica.cc:217):   [1] Requesting state transfer: <0,31561>
20230730-113332-3437 00096 * RequestStateTransfer (replica.cc:217):   [1] Requesting state transfer: <0,31563>
20230730-113332-3438 00096 * RequestStateTransfer (replica.cc:217):   [1] Requesting state transfer: <0,31565>
20230730-113332-5013 00096 * RequestStateTransfer (replica.cc:217):   [1] Requesting state transfer: <0,32467>
20230730-113332-5014 00096 * HandleRequestStateTransfer (replica.cc:753):   [1] Sending state transfer from <0,32467> to <0,32467>
20230730-113334-8266 00096 * RequestStateTransfer (replica.cc:217):   [1] Requesting state transfer: <0,40537>
20230730-113334-8268 00096 * HandleRequestStateTransfer (replica.cc:753):   [1] Sending state transfer from <0,40537> to <0,40538>
20230730-113334-8270 00096 * RequestStateTransfer (replica.cc:217):   [1] Requesting state transfer: <0,40538>
20230730-113334-8271 00096 * RequestStateTransfer (replica.cc:217):   [1] Requesting state transfer: <0,40539>
20230730-113334-8272 00096 * HandleRequestStateTransfer (replica.cc:753):   [1] Sending state transfer from <0,40538> to <0,40539>
20230730-113334-8273 00096 * RequestStateTransfer (replica.cc:217):   [1] Requesting state transfer: <0,40540>
20230730-113334-8273 00096 * HandleRequestStateTransfer (replica.cc:753):   [1] Sending state transfer from <0,40539> to <0,40540>
20230730-113334-8275 00096 * RequestStateTransfer (replica.cc:217):   [1] Requesting state transfer: <0,40541>
20230730-113334-8276 00096 * HandleRequestStateTransfer (replica.cc:753):   [1] Sending state transfer from <0,40540> to <0,40541>
20230730-113334-8277 00096 * HandleRequestStateTransfer (replica.cc:753):   [1] Sending state transfer from <0,40541> to <0,40542>
20230730-113334-8279 00096 * RequestStateTransfer (replica.cc:217):   [1] Requesting state transfer: <0,40542>
20230730-113334-8279 00096 * HandleRequestStateTransfer (replica.cc:753):   [1] Sending state transfer from <0,40542> to <0,40543>
20230730-113334-8281 00096 * RequestStateTransfer (replica.cc:217):   [1] Requesting state transfer: <0,40543>
20230730-113334-8282 00096 * HandleRequestStateTransfer (replica.cc:753):   [1] Sending state transfer from <0,40543> to <0,40543>
20230730-113334-8283 00096 * RequestStateTransfer (replica.cc:217):   [1] Requesting state transfer: <0,40544>
20230730-113334-8284 00096 * HandleRequestStateTransfer (replica.cc:753):   [1] Sending state transfer from <0,40544> to <0,40544>
20230730-113334-8285 00096 * RequestStateTransfer (replica.cc:217):   [1] Requesting state transfer: <0,40545>
20230730-113334-8286 00096 * HandleRequestStateTransfer (replica.cc:753):   [1] Sending state transfer from <0,40545> to <0,40545>
20230730-113335-1548 00096 * RequestStateTransfer (replica.cc:217):   [1] Requesting state transfer: <0,42074>
20230730-113335-1549 00096 * HandleRequestStateTransfer (replica.cc:753):   [1] Sending state transfer from <0,42074> to <0,42074>
20230730-113335-1553 00096 * RequestStateTransfer (replica.cc:217):   [1] Requesting state transfer: <0,42076>
20230730-113335-1554 00096 * HandleRequestStateTransfer (replica.cc:753):   [1] Sending state transfer from <0,42076> to <0,42076>
20230730-113335-1710 00096 * RequestStateTransfer (replica.cc:217):   [1] Requesting state transfer: <0,42161>
20230730-113335-1711 00096 * RequestStateTransfer (replica.cc:217):   [1] Requesting state transfer: <0,42162>
20230730-113335-2308 00096 * RequestStateTransfer (replica.cc:217):   [1] Requesting state transfer: <0,42486>
20230730-113335-2311 00096 * HandleRequestStateTransfer (replica.cc:753):   [1] Sending state transfer from <0,42486> to <0,42488>
20230730-113335-2312 00096 * RequestStateTransfer (replica.cc:217):   [1] Requesting state transfer: <0,42488>
20230730-113335-2314 00096 * HandleRequestStateTransfer (replica.cc:753):   [1] Sending state transfer from <0,42488> to <0,42488>
20230730-113335-2315 00096 * RequestStateTransfer (replica.cc:217):   [1] Requesting state transfer: <0,42489>
20230730-113335-2316 00096 * HandleRequestStateTransfer (replica.cc:753):   [1] Sending state transfer from <0,42489> to <0,42489>
20230730-113335-3362 00096 * RequestStateTransfer (replica.cc:217):   [1] Requesting state transfer: <0,43035>
20230730-113335-5564 00096 * RequestStateTransfer (replica.cc:217):   [1] Requesting state transfer: <0,44229>
20230730-113335-5566 00096 * HandleRequestStateTransfer (replica.cc:753):   [1] Sending state transfer from <0,44229> to <0,44229>
20230730-113335-6639 00096 * RequestStateTransfer (replica.cc:217):   [1] Requesting state transfer: <0,44900>
20230730-113335-6641 00096 * RequestStateTransfer (replica.cc:217):   [1] Requesting state transfer: <0,44901>
20230730-113335-7688 00096 * RequestStateTransfer (replica.cc:217):   [1] Requesting state transfer: <0,45457>
20230730-113335-7690 00096 * HandleRequestStateTransfer (replica.cc:753):   [1] Sending state transfer from <0,45457> to <0,45457>
20230730-113335-7693 00096 * RequestStateTransfer (replica.cc:217):   [1] Requesting state transfer: <0,45459>
20230730-113335-7694 00096 * HandleRequestStateTransfer (replica.cc:753):   [1] Sending state transfer from <0,45459> to <0,45459>
20230730-113335-8145 00096 * RequestStateTransfer (replica.cc:217):   [1] Requesting state transfer: <0,45706>
20230730-113335-8146 00096 * HandleRequestStateTransfer (replica.cc:753):   [1] Sending state transfer from <0,45706> to <0,45706>
20230730-113335-8150 00096 * RequestStateTransfer (replica.cc:217):   [1] Requesting state transfer: <0,45708>
20230730-113335-8150 00096 * HandleRequestStateTransfer (replica.cc:753):   [1] Sending state transfer from <0,45708> to <0,45708>
20230730-113335-8152 00096 * RequestStateTransfer (replica.cc:217):   [1] Requesting state transfer: <0,45709>
20230730-113335-8152 00096 * HandleRequestStateTransfer (replica.cc:753):   [1] Sending state transfer from <0,45709> to <0,45709>
20230730-113335-8358 00096 * HandleRequestStateTransfer (replica.cc:753):   [1] Sending state transfer from <0,45838> to <0,45840>
20230730-113335-8359 00096 * HandleRequestStateTransfer (replica.cc:753):   [1] Sending state transfer from <0,45841> to <0,45841>
20230730-113335-9296 00096 * HandleRequestStateTransfer (replica.cc:753):   [1] Sending state transfer from <0,46435> to <0,46437>
20230730-113335-9297 00096 * HandleRequestStateTransfer (replica.cc:753):   [1] Sending state transfer from <0,46437> to <0,46438>
20230730-113336-2519 00096 * HandleRequestStateTransfer (replica.cc:753):   [1] Sending state transfer from <0,48244> to <0,48245>
20230730-113336-2521 00096 * HandleRequestStateTransfer (replica.cc:753):   [1] Sending state transfer from <0,48246> to <0,48246>
20230730-113336-3649 00096 * HandleRequestStateTransfer (replica.cc:753):   [1] Sending state transfer from <0,48951> to <0,48952>
20230730-113336-3650 00096 * HandleRequestStateTransfer (replica.cc:753):   [1] Sending state transfer from <0,48952> to <0,48953>
20230730-113336-3652 00096 * HandleRequestStateTransfer (replica.cc:753):   [1] Sending state transfer from <0,48953> to <0,48955>
20230730-113338-0192 00096 * HandleRequestStateTransfer (replica.cc:753):   [1] Sending state transfer from <0,57497> to <0,57498>
20230730-113338-0193 00096 * HandleRequestStateTransfer (replica.cc:753):   [1] Sending state transfer from <0,57498> to <0,57499>
20230730-113338-1988 00096 * HandleRequestStateTransfer (replica.cc:753):   [1] Sending state transfer from <0,58293> to <0,58294>
20230730-113338-1990 00096 * HandleRequestStateTransfer (replica.cc:753):   [1] Sending state transfer from <0,58295> to <0,58296>
20230730-113339-6068 00096 * HandleRequestStateTransfer (replica.cc:753):   [1] Sending state transfer from <0,64203> to <0,64203>
20230730-113339-7016 00096 * RequestStateTransfer (replica.cc:217):   [1] Requesting state transfer: <0,64440>
20230730-113339-8454 00096 * RequestStateTransfer (replica.cc:217):   [1] Requesting state transfer: <0,64877>
20230730-113339-8455 00096 * HandleRequestStateTransfer (replica.cc:753):   [1] Sending state transfer from <0,64877> to <0,64877>
20230730-113339-8975 00096 * RequestStateTransfer (replica.cc:217):   [1] Requesting state transfer: <0,65100>
20230730-113340-1022 00096 * HandleRequestStateTransfer (replica.cc:753):   [1] Sending state transfer from <0,65593> to <0,65633>
20230730-113340-1023 00096 * SendMessageInternal (udptransport.cc:448): Sending large replication.vr.proto.StateTransferMessage message in 2 fragments
20230730-113340-3346 00096 * RequestStateTransfer (replica.cc:217):   [1] Requesting state transfer: <0,67162>
20230730-113340-3347 00096 * RequestStateTransfer (replica.cc:217):   [1] Requesting state transfer: <0,67163>
20230730-113340-9184 00096 * RequestStateTransfer (replica.cc:217):   [1] Requesting state transfer: <0,68996>
20230730-113340-9185 00096 * RequestStateTransfer (replica.cc:217):   [1] Requesting state transfer: <0,68997>
20230730-113341-0736 00096 * RequestStateTransfer (replica.cc:217):   [1] Requesting state transfer: <0,69665>
20230730-113341-0737 00096 * HandleRequestStateTransfer (replica.cc:753):   [1] Sending state transfer from <0,69665> to <0,69665>
20230730-113342-0920 00096 * RequestStateTransfer (replica.cc:217):   [1] Requesting state transfer: <0,74157>
20230730-113342-0922 00096 * HandleRequestStateTransfer (replica.cc:753):   [1] Sending state transfer from <0,74157> to <0,74158>
20230730-113342-4351 00096 * HandleRequestStateTransfer (replica.cc:753):   [1] Sending state transfer from <0,75885> to <0,75886>
20230730-113343-3787 00096 * RequestStateTransfer (replica.cc:217):   [1] Requesting state transfer: <0,79846>
20230730-113343-3788 00096 * HandleRequestStateTransfer (replica.cc:753):   [1] Sending state transfer from <0,79846> to <0,79846>
20230730-113344-4883 00096 * HandleRequestStateTransfer (replica.cc:753):   [1] Sending state transfer from <0,84076> to <0,84076>
20230730-113345-2550 00096 * HandleRequestStateTransfer (replica.cc:753):   [1] Sending state transfer from <0,86545> to <0,86546>
20230730-113345-5439 00096 * HandleRequestStateTransfer (replica.cc:753):   [1] Sending state transfer from <0,88092> to <0,88093>
20230730-113345-8669 00096 * RequestStateTransfer (replica.cc:217):   [1] Requesting state transfer: <0,89114>
20230730-113345-8671 00096 * HandleRequestStateTransfer (replica.cc:753):   [1] Sending state transfer from <0,89114> to <0,89114>
20230730-113345-8790 00096 * RequestStateTransfer (replica.cc:217):   [1] Requesting state transfer: <0,89172>
20230730-113345-9397 00096 * HandleRequestStateTransfer (replica.cc:753):   [1] Sending state transfer from <0,89444> to <0,89445>
20230730-113345-9399 00096 * HandleRequestStateTransfer (replica.cc:753):   [1] Sending state transfer from <0,89445> to <0,89446>
20230730-113346-2488 00096 * RequestStateTransfer (replica.cc:217):   [1] Requesting state transfer: <0,91112>
20230730-113346-2489 00096 * HandleRequestStateTransfer (replica.cc:753):   [1] Sending state transfer from <0,91112> to <0,91113>
20230730-113347-9173 00096 * RequestStateTransfer (replica.cc:217):   [1] Requesting state transfer: <0,95822>
20230730-113347-9273 00096 * HandleRequestStateTransfer (replica.cc:753):   [1] Sending state transfer from <0,95848> to <0,95849>
20230730-113348-3604 00096 * RequestStateTransfer (replica.cc:217):   [1] Requesting state transfer: <0,97778>
20230730-113348-3606 00096 * RequestStateTransfer (replica.cc:217):   [1] Requesting state transfer: <0,97779>
20230730-113348-8951 00096 * RequestStateTransfer (replica.cc:217):   [1] Requesting state transfer: <0,99801>
20230730-113348-8952 00096 * HandleRequestStateTransfer (replica.cc:753):   [1] Sending state transfer from <0,99801> to <0,99801>
20230730-113348-8954 00096 * RequestStateTransfer (replica.cc:217):   [1] Requesting state transfer: <0,99804>
20230730-113348-8955 00096 * HandleRequestStateTransfer (replica.cc:753):   [1] Sending state transfer from <0,99804> to <0,99804>
20230730-113352-4679 00096 * HandleRequestStateTransfer (replica.cc:753):   [1] Sending state transfer from <0,108008> to <0,108008>
20230730-113352-5361 00096 * HandleRequestStateTransfer (replica.cc:753):   [1] Sending state transfer from <0,108388> to <0,108388>
20230730-113352-5363 00096 * HandleRequestStateTransfer (replica.cc:753):   [1] Sending state transfer from <0,108389> to <0,108389>
20230730-113353-4119 00096 * RequestStateTransfer (replica.cc:217):   [1] Requesting state transfer: <0,112726>
20230730-113354-1953 00096 * RequestStateTransfer (replica.cc:217):   [1] Requesting state transfer: <0,114984>
20230730-113355-1576 00096 * RequestStateTransfer (replica.cc:217):   [1] Requesting state transfer: <0,118193>
20230730-113355-1577 00096 * HandleRequestStateTransfer (replica.cc:753):   [1] Sending state transfer from <0,118193> to <0,118193>
20230730-113356-5113 00096 * HandleRequestStateTransfer (replica.cc:753):   [1] Sending state transfer from <0,123962> to <0,123963>
20230730-113356-5115 00096 * HandleRequestStateTransfer (replica.cc:753):   [1] Sending state transfer from <0,123963> to <0,123964>
20230730-113357-1929 00096 * RequestStateTransfer (replica.cc:217):   [1] Requesting state transfer: <0,126410>
20230730-113357-1930 00096 * HandleRequestStateTransfer (replica.cc:753):   [1] Sending state transfer from <0,126410> to <0,126410>
20230730-113357-3834 00096 * HandleRequestStateTransfer (replica.cc:753):   [1] Sending state transfer from <0,127592> to <0,127593>
20230730-113357-3835 00096 * HandleRequestStateTransfer (replica.cc:753):   [1] Sending state transfer from <0,127593> to <0,127594>
20230730-113357-5507 00096 * RequestStateTransfer (replica.cc:217):   [1] Requesting state transfer: <0,128647>
20230730-113357-5508 00096 * RequestStateTransfer (replica.cc:217):   [1] Requesting state transfer: <0,128648>
20230730-113357-5509 00096 * HandleRequestStateTransfer (replica.cc:753):   [1] Sending state transfer from <0,128647> to <0,128648>
20230730-113357-5510 00096 * HandleRequestStateTransfer (replica.cc:753):   [1] Sending state transfer from <0,128648> to <0,128648>
20230730-113358-2123 00096 * RequestStateTransfer (replica.cc:217):   [1] Requesting state transfer: <0,130351>
20230730-113358-2125 00096 * RequestStateTransfer (replica.cc:217):   [1] Requesting state transfer: <0,130352>
20230730-113358-4816 00096 * RequestStateTransfer (replica.cc:217):   [1] Requesting state transfer: <0,131088>
20230730-113358-4822 00096 * RequestStateTransfer (replica.cc:217):   [1] Requesting state transfer: <0,131105>
20230730-113358-4832 00096 * RequestStateTransfer (replica.cc:217):   [1] Requesting state transfer: <0,131122>
20230730-113358-4842 00096 * RequestStateTransfer (replica.cc:217):   [1] Requesting state transfer: <0,131138>
20230730-113358-4847 00096 * RequestStateTransfer (replica.cc:217):   [1] Requesting state transfer: <0,131147>
20230730-113358-4853 00096 * RequestStateTransfer (replica.cc:217):   [1] Requesting state transfer: <0,131158>
20230730-113358-4854 00096 * RequestStateTransfer (replica.cc:217):   [1] Requesting state transfer: <0,131159>
20230730-113358-4857 00096 * RequestStateTransfer (replica.cc:217):   [1] Requesting state transfer: <0,131160>
20230730-113358-5122 00096 * HandleRequestStateTransfer (replica.cc:753):   [1] Sending state transfer from <0,131072> to <0,131162>
20230730-113358-5124 00096 * SendMessageInternal (udptransport.cc:448): Sending large replication.vr.proto.StateTransferMessage message in 3 fragments
20230730-113359-0538 00096 * HandleRequestStateTransfer (replica.cc:753):   [1] Sending state transfer from <0,133718> to <0,133718>
20230730-113359-3532 00096 * RequestStateTransfer (replica.cc:217):   [1] Requesting state transfer: <0,135676>
20230730-113401-8820 00096 * RequestStateTransfer (replica.cc:217):   [1] Requesting state transfer: <0,135678>
20230730-113401-8875 00096 * HandleRequestStateTransfer (replica.cc:753):   [1] Sending state transfer from <0,136929> to <0,135678>
20230730-113401-8877 00096 * HandleRequestStateTransfer (replica.cc:753):   [1] Sending state transfer from <0,136929> to <0,135678>
20230730-113401-8908 00096 * RequestStateTransfer (replica.cc:217):   [1] Requesting state transfer: <0,135678>
20230730-113401-8991 00096 * RequestStateTransfer (replica.cc:217):   [1] Requesting state transfer: <0,136930>
20230730-113401-8994 00096 ! OnReadable      (udptransport.cc:588): Fragments out of order for packet 2; expected start 18000, got 27000
20230730-113401-9042 00096 ! OnReadable      (udptransport.cc:580): Failed to reconstruct packet 7
20230730-113401-9055 00096 * RequestStateTransfer (replica.cc:217):   [1] Requesting state transfer: <0,137053>
20230730-113401-9056 00096 * HandleRequestStateTransfer (replica.cc:753):   [1] Sending state transfer from <0,137053> to <0,137053>
20230730-113403-1516 00096 * RequestStateTransfer (replica.cc:217):   [1] Requesting state transfer: <0,140347>
20230730-113403-1518 00096 * HandleRequestStateTransfer (replica.cc:753):   [1] Sending state transfer from <0,140347> to <0,140348>
20230730-113403-1520 00096 * RequestStateTransfer (replica.cc:217):   [1] Requesting state transfer: <0,140348>
20230730-113403-1522 00096 * HandleRequestStateTransfer (replica.cc:753):   [1] Sending state transfer from <0,140348> to <0,140348>
20230730-113403-1602 00096 * RequestStateTransfer (replica.cc:217):   [1] Requesting state transfer: <0,140399>
20230730-113403-1603 00096 * RequestStateTransfer (replica.cc:217):   [1] Requesting state transfer: <0,140400>
20230730-113403-1604 00096 * HandleRequestStateTransfer (replica.cc:753):   [1] Sending state transfer from <0,140399> to <0,140400>
20230730-113403-1604 00096 * RequestStateTransfer (replica.cc:217):   [1] Requesting state transfer: <0,140401>
20230730-113403-1605 00096 * HandleRequestStateTransfer (replica.cc:753):   [1] Sending state transfer from <0,140400> to <0,140401>
20230730-113403-1609 00096 * HandleRequestStateTransfer (replica.cc:753):   [1] Sending state transfer from <0,140401> to <0,140402>
20230730-113403-1871 00096 * RequestStateTransfer (replica.cc:217):   [1] Requesting state transfer: <0,140610>
20230730-113403-1872 00096 * HandleRequestStateTransfer (replica.cc:753):   [1] Sending state transfer from <0,140610> to <0,140611>
20230730-113403-1872 00096 * RequestStateTransfer (replica.cc:217):   [1] Requesting state transfer: <0,140611>
20230730-113403-1875 00096 * HandleRequestStateTransfer (replica.cc:753):   [1] Sending state transfer from <0,140611> to <0,140612>
20230730-113403-1957 00096 * HandleRequestStateTransfer (replica.cc:753):   [1] Sending state transfer from <0,140697> to <0,140698>
20230730-113403-2043 00096 * RequestStateTransfer (replica.cc:217):   [1] Requesting state transfer: <0,140781>
20230730-113403-2044 00096 * HandleRequestStateTransfer (replica.cc:753):   [1] Sending state transfer from <0,140781> to <0,140781>
20230730-113403-2046 00096 * RequestStateTransfer (replica.cc:217):   [1] Requesting state transfer: <0,140782>
20230730-113403-2047 00096 * HandleRequestStateTransfer (replica.cc:753):   [1] Sending state transfer from <0,140782> to <0,140782>
20230730-113403-2080 00096 * HandleRequestStateTransfer (replica.cc:753):   [1] Sending state transfer from <0,140806> to <0,140807>
20230730-113403-2114 00096 * RequestStateTransfer (replica.cc:217):   [1] Requesting state transfer: <0,140840>
20230730-113403-2115 00096 * RequestStateTransfer (replica.cc:217):   [1] Requesting state transfer: <0,140841>
20230730-113403-2115 00096 * HandleRequestStateTransfer (replica.cc:753):   [1] Sending state transfer from <0,140840> to <0,140841>
20230730-113403-2116 00096 * RequestStateTransfer (replica.cc:217):   [1] Requesting state transfer: <0,140842>
20230730-113403-2117 00096 * HandleRequestStateTransfer (replica.cc:753):   [1] Sending state transfer from <0,140841> to <0,140842>
20230730-113403-2119 00096 * HandleRequestStateTransfer (replica.cc:753):   [1] Sending state transfer from <0,140842> to <0,140843>
20230730-113403-2513 00096 * HandleRequestStateTransfer (replica.cc:753):   [1] Sending state transfer from <0,141225> to <0,141226>
20230730-113403-2514 00096 * HandleRequestStateTransfer (replica.cc:753):   [1] Sending state transfer from <0,141226> to <0,141227>
20230730-113403-2539 00096 * HandleRequestStateTransfer (replica.cc:753):   [1] Sending state transfer from <0,141253> to <0,141253>
20230730-113403-2638 00096 * HandleRequestStateTransfer (replica.cc:753):   [1] Sending state transfer from <0,141341> to <0,141342>
20230730-113403-2640 00096 * HandleRequestStateTransfer (replica.cc:753):   [1] Sending state transfer from <0,141342> to <0,141344>
20230730-113403-2641 00096 * HandleRequestStateTransfer (replica.cc:753):   [1] Sending state transfer from <0,141343> to <0,141345>
20230730-113403-2999 00096 * RequestStateTransfer (replica.cc:217):   [1] Requesting state transfer: <0,141667>
20230730-113403-3027 00096 * HandleRequestStateTransfer (replica.cc:753):   [1] Sending state transfer from <0,141694> to <0,141695>
20230730-113403-3029 00096 * HandleRequestStateTransfer (replica.cc:753):   [1] Sending state transfer from <0,141696> to <0,141698>
20230730-113403-3051 00096 * HandleRequestStateTransfer (replica.cc:753):   [1] Sending state transfer from <0,141717> to <0,141722>
20230730-113403-3053 00096 * HandleRequestStateTransfer (replica.cc:753):   [1] Sending state transfer from <0,141718> to <0,141724>
20230730-113403-3297 00096 * RequestStateTransfer (replica.cc:217):   [1] Requesting state transfer: <0,141951>
20230730-113403-3298 00096 * HandleRequestStateTransfer (replica.cc:753):   [1] Sending state transfer from <0,141951> to <0,141951>
20230730-113403-3299 00096 * RequestStateTransfer (replica.cc:217):   [1] Requesting state transfer: <0,141952>
20230730-113403-3302 00096 * HandleRequestStateTransfer (replica.cc:753):   [1] Sending state transfer from <0,141952> to <0,141953>
20230730-113403-3319 00096 * RequestStateTransfer (replica.cc:217):   [1] Requesting state transfer: <0,141975>
20230730-113403-3320 00096 * HandleRequestStateTransfer (replica.cc:753):   [1] Sending state transfer from <0,141975> to <0,141975>
20230730-113403-3321 00096 * RequestStateTransfer (replica.cc:217):   [1] Requesting state transfer: <0,141976>
20230730-113403-3324 00096 * HandleRequestStateTransfer (replica.cc:753):   [1] Sending state transfer from <0,141976> to <0,141976>
20230730-113403-3453 00096 * RequestStateTransfer (replica.cc:217):   [1] Requesting state transfer: <0,142111>
20230730-113403-3455 00096 * HandleRequestStateTransfer (replica.cc:753):   [1] Sending state transfer from <0,142111> to <0,142112>
20230730-113403-3456 00096 * RequestStateTransfer (replica.cc:217):   [1] Requesting state transfer: <0,142113>
20230730-113403-3458 00096 * HandleRequestStateTransfer (replica.cc:753):   [1] Sending state transfer from <0,142113> to <0,142113>
20230730-113403-3706 00096 * HandleRequestStateTransfer (replica.cc:753):   [1] Sending state transfer from <0,142339> to <0,142339>
20230730-113403-3707 00096 * HandleRequestStateTransfer (replica.cc:753):   [1] Sending state transfer from <0,142340> to <0,142340>
20230730-113403-3708 00096 * HandleRequestStateTransfer (replica.cc:753):   [1] Sending state transfer from <0,142341> to <0,142342>
20230730-113403-3875 00096 * RequestStateTransfer (replica.cc:217):   [1] Requesting state transfer: <0,142485>
20230730-113403-3876 00096 * RequestStateTransfer (replica.cc:217):   [1] Requesting state transfer: <0,142486>
20230730-113403-3895 00096 * RequestStateTransfer (replica.cc:217):   [1] Requesting state transfer: <0,142507>
20230730-113403-3896 00096 * RequestStateTransfer (replica.cc:217):   [1] Requesting state transfer: <0,142508>
20230730-113403-3897 00096 * HandleRequestStateTransfer (replica.cc:753):   [1] Sending state transfer from <0,142507> to <0,142508>
20230730-113403-3898 00096 * HandleRequestStateTransfer (replica.cc:753):   [1] Sending state transfer from <0,142508> to <0,142508>
20230730-113403-4157 00096 * RequestStateTransfer (replica.cc:217):   [1] Requesting state transfer: <0,142756>
20230730-113403-4158 00096 * RequestStateTransfer (replica.cc:217):   [1] Requesting state transfer: <0,142757>
20230730-113403-4533 00096 * HandleRequestStateTransfer (replica.cc:753):   [1] Sending state transfer from <0,143114> to <0,143115>
20230730-113403-4536 00096 * HandleRequestStateTransfer (replica.cc:753):   [1] Sending state transfer from <0,143115> to <0,143119>
20230730-113403-4537 00096 * HandleRequestStateTransfer (replica.cc:753):   [1] Sending state transfer from <0,143116> to <0,143121>
20230730-113403-4542 00096 * RequestStateTransfer (replica.cc:217):   [1] Requesting state transfer: <0,143126>
20230730-113403-4546 00096 * HandleRequestStateTransfer (replica.cc:753):   [1] Sending state transfer from <0,143126> to <0,143132>
20230730-113403-4549 00096 * HandleRequestStateTransfer (replica.cc:753):   [1] Sending state transfer from <0,143127> to <0,143135>
20230730-113403-9135 00096 * RequestStateTransfer (replica.cc:217):   [1] Requesting state transfer: <0,144267>
20230730-113403-9137 00096 * RequestStateTransfer (replica.cc:217):   [1] Requesting state transfer: <0,144268>
20230730-113403-9174 00096 * HandleRequestStateTransfer (replica.cc:753):   [1] Sending state transfer from <0,144295> to <0,144295>
20230730-113403-9177 00096 * HandleRequestStateTransfer (replica.cc:753):   [1] Sending state transfer from <0,144297> to <0,144298>
20230730-113403-9321 00096 * RequestStateTransfer (replica.cc:217):   [1] Requesting state transfer: <0,144428>
20230730-113403-9322 00096 * RequestStateTransfer (replica.cc:217):   [1] Requesting state transfer: <0,144429>
20230730-113403-9324 00096 * HandleRequestStateTransfer (replica.cc:753):   [1] Sending state transfer from <0,144428> to <0,144430>
20230730-113403-9324 00096 * HandleRequestStateTransfer (replica.cc:753):   [1] Sending state transfer from <0,144429> to <0,144431>
20230730-113403-9325 00096 * RequestStateTransfer (replica.cc:217):   [1] Requesting state transfer: <0,144431>
20230730-113403-9327 00096 * HandleRequestStateTransfer (replica.cc:753):   [1] Sending state transfer from <0,144431> to <0,144431>
20230730-113403-9345 00096 * HandleRequestStateTransfer (replica.cc:753):   [1] Sending state transfer from <0,144450> to <0,144450>
20230730-113404-1434 00096 * HandleRequestStateTransfer (replica.cc:753):   [1] Sending state transfer from <0,146000> to <0,146001>
20230730-113404-1436 00096 * HandleRequestStateTransfer (replica.cc:753):   [1] Sending state transfer from <0,146001> to <0,146002>
20230730-113410-2943 00096 * HandleRequestStateTransfer (replica.cc:753):   [1] Sending state transfer from <0,163322> to <0,163323>
20230730-113411-3944 00096 * RequestStateTransfer (replica.cc:217):   [1] Requesting state transfer: <0,166743>
20230730-113411-3945 00096 * HandleRequestStateTransfer (replica.cc:753):   [1] Sending state transfer from <0,166743> to <0,166743>
20230730-113411-3947 00096 * RequestStateTransfer (replica.cc:217):   [1] Requesting state transfer: <0,166747>
20230730-113411-3948 00096 * HandleRequestStateTransfer (replica.cc:753):   [1] Sending state transfer from <0,166747> to <0,166747>
20230730-113411-9952 00096 * RequestStateTransfer (replica.cc:217):   [1] Requesting state transfer: <0,170406>
20230730-113411-9954 00096 * RequestStateTransfer (replica.cc:217):   [1] Requesting state transfer: <0,170408>
20230730-113411-9956 00096 * RequestStateTransfer (replica.cc:217):   [1] Requesting state transfer: <0,170409>
20230730-113412-1893 00096 * RequestStateTransfer (replica.cc:217):   [1] Requesting state transfer: <0,171888>
20230730-113412-1897 00096 * HandleRequestStateTransfer (replica.cc:753):   [1] Sending state transfer from <0,171888> to <0,171888>
20230730-113412-1900 00096 * HandleRequestStateTransfer (replica.cc:753):   [1] Sending state transfer from <0,171889> to <0,171889>
20230730-113412-2397 00096 * RequestStateTransfer (replica.cc:217):   [1] Requesting state transfer: <0,172170>
20230730-113413-1704 00096 * RequestStateTransfer (replica.cc:217):   [1] Requesting state transfer: <0,174618>
20230730-113413-1706 00096 * HandleRequestStateTransfer (replica.cc:753):   [1] Sending state transfer from <0,174618> to <0,174619>
20230730-113413-1708 00096 * RequestStateTransfer (replica.cc:217):   [1] Requesting state transfer: <0,174620>
20230730-113413-1709 00096 * HandleRequestStateTransfer (replica.cc:753):   [1] Sending state transfer from <0,174620> to <0,174620>
