20230730-113326-0532 00131 * RequestStateTransfer (replica.cc:217):   [2] Requesting state transfer: <0,5197>
20230730-113326-0534 00131 * RequestStateTransfer (replica.cc:217):   [2] Requesting state transfer: <0,5198>
20230730-113326-1839 00131 * RequestStateTransfer (replica.cc:217):   [2] Requesting state transfer: <0,5518>
20230730-113326-1840 00131 * RequestStateTransfer (replica.cc:217):   [2] Requesting state transfer: <0,5520>
20230730-113335-3654 00131 * RequestStateTransfer (replica.cc:217):   [2] Requesting state transfer: <0,23912>
20230730-113336-0053 00131 * HandleRequestStateTransfer (replica.cc:753):   [2] Sending state transfer from <0,23912> to <0,23912>
20230730-113336-0091 00131 * RequestStateTransfer (replica.cc:217):   [2] Requesting state transfer: <0,23912>
20230730-113336-0092 00131 * HandleRequestStateTransfer (replica.cc:753):   [2] Sending state transfer from <0,23912> to <0,23912>
20230730-113336-0131 00131 ! OnReadable      (udptransport.cc:588): Fragments out of order for packet 1; expected start 9000, got 18000
20230730-113336-0131 00131 ! OnReadable      (udptransport.cc:588): Fragments out of order for packet 1; expected start 18000, got 27000
20230730-113336-0133 00131 * RequestStateTransfer (replica.cc:217):   [2] Requesting state transfer: <0,23913>
20230730-113336-0136 00131 ! OnReadable      (udptransport.cc:580): Failed to reconstruct packet 1
20230730-113336-0208 00131 * HandleRequestStateTransfer (replica.cc:753):   [2] Sending state transfer from <0,23913> to <0,24055>
20230730-113336-0209 00131 * SendMessageInternal (udptransport.cc:448): Sending large replication.vr.proto.StateTransferMessage message in 5 fragments
20230730-113340-2909 00131 * HandleRequestStateTransfer (replica.cc:753):   [2] Sending state transfer from <0,32789> to <0,32828>
20230730-113340-2910 00131 * SendMessageInternal (udptransport.cc:448): Sending large replication.vr.proto.StateTransferMessage message in 2 fragments
20230730-113340-3375 00131 * RequestStateTransfer (replica.cc:217):   [2] Requesting state transfer: <0,32994>
20230730-113340-3376 00131 * HandleRequestStateTransfer (replica.cc:753):   [2] Sending state transfer from <0,32994> to <0,32994>
20230730-113340-3378 00131 * RequestStateTransfer (replica.cc:217):   [2] Requesting state transfer: <0,32995>
20230730-113340-3380 00131 * RequestStateTransfer (replica.cc:217):   [2] Requesting state transfer: <0,32996>
20230730-113340-3381 00131 * HandleRequestStateTransfer (replica.cc:753):   [2] Sending state transfer from <0,32995> to <0,32996>
20230730-113340-3381 00131 * HandleRequestStateTransfer (replica.cc:753):   [2] Sending state transfer from <0,32996> to <0,32996>
20230730-113342-3217 00131 * RequestStateTransfer (replica.cc:217):   [2] Requesting state transfer: <0,37736>
20230730-113342-3218 00131 * HandleRequestStateTransfer (replica.cc:753):   [2] Sending state transfer from <0,37736> to <0,37736>
20230730-113344-8590 00131 * RequestStateTransfer (replica.cc:217):   [2] Requesting state transfer: <0,43084>
20230730-113344-8591 00131 * RequestStateTransfer (replica.cc:217):   [2] Requesting state transfer: <0,43085>
20230730-113346-7932 00131 * RequestStateTransfer (replica.cc:217):   [2] Requesting state transfer: <0,45055>
20230730-113347-0243 00131 * RequestStateTransfer (replica.cc:217):   [2] Requesting state transfer: <0,45059>
20230730-113347-0324 00131 * HandleRequestStateTransfer (replica.cc:753):   [2] Sending state transfer from <0,45055> to <0,45059>
20230730-113347-0328 00131 * HandleRequestStateTransfer (replica.cc:753):   [2] Sending state transfer from <0,45059> to <0,45059>
20230730-113347-0364 00131 * HandleRequestStateTransfer (replica.cc:753):   [2] Sending state transfer from <0,45060> to <0,45060>
20230730-113347-0365 00131 * SendMessageInternal (udptransport.cc:448): Sending large replication.vr.proto.StateTransferMessage message in 2 fragments
20230730-113350-8823 00131 * RequestStateTransfer (replica.cc:217):   [2] Requesting state transfer: <0,55158>
20230730-113350-8824 00131 * HandleRequestStateTransfer (replica.cc:753):   [2] Sending state transfer from <0,55158> to <0,55158>
20230730-113355-7314 00131 * RequestStateTransfer (replica.cc:217):   [2] Requesting state transfer: <0,65396>
20230730-113355-7315 00131 * RequestStateTransfer (replica.cc:217):   [2] Requesting state transfer: <0,65397>
20230730-113355-8488 00131 * RequestStateTransfer (replica.cc:217):   [2] Requesting state transfer: <0,65556>
20230730-113355-8491 00131 * RequestStateTransfer (replica.cc:217):   [2] Requesting state transfer: <0,65562>
20230730-113355-8492 00131 * RequestStateTransfer (replica.cc:217):   [2] Requesting state transfer: <0,65565>
20230730-113355-8493 00131 * RequestStateTransfer (replica.cc:217):   [2] Requesting state transfer: <0,65568>
20230730-113355-8520 00131 * HandleRequestStateTransfer (replica.cc:753):   [2] Sending state transfer from <0,65536> to <0,65579>
20230730-113355-8521 00131 * SendMessageInternal (udptransport.cc:448): Sending large replication.vr.proto.StateTransferMessage message in 2 fragments
20230730-113357-4672 00131 * RequestStateTransfer (replica.cc:217):   [2] Requesting state transfer: <0,68497>
20230730-113359-5189 00131 * HandleRequestStateTransfer (replica.cc:753):   [2] Sending state transfer from <0,71492> to <0,71492>
20230730-113359-6842 00131 * RequestStateTransfer (replica.cc:217):   [2] Requesting state transfer: <0,72075>
20230730-113406-0984 00131 * HandleRequestStateTransfer (replica.cc:753):   [2] Sending state transfer from <0,76479> to <0,76479>
20230730-113406-0986 00131 * HandleRequestStateTransfer (replica.cc:753):   [2] Sending state transfer from <0,76481> to <0,76482>
20230730-113411-4328 00131 * HandleRequestStateTransfer (replica.cc:753):   [2] Sending state transfer from <0,86468> to <0,86469>
