20230730-113324-6066 00171 * RequestStateTransfer (replica.cc:217):   [2] Requesting state transfer: <0,1138>
20230730-113324-6069 00171 * RequestStateTransfer (replica.cc:217):   [2] Requesting state transfer: <0,1139>
20230730-113324-6070 00171 * HandleRequestStateTransfer (replica.cc:753):   [2] Sending state transfer from <0,1138> to <0,1139>
20230730-113324-6073 00171 * HandleRequestStateTransfer (replica.cc:753):   [2] Sending state transfer from <0,1139> to <0,1140>
20230730-113332-4147 00171 * HandleRequestStateTransfer (replica.cc:753):   [2] Sending state transfer from <0,23339> to <0,23340>
20230730-113332-4149 00171 * HandleRequestStateTransfer (replica.cc:753):   [2] Sending state transfer from <0,23341> to <0,23341>
20230730-113334-7923 00171 * RequestStateTransfer (replica.cc:217):   [2] Requesting state transfer: <0,29611>
20230730-113334-7925 00171 * RequestStateTransfer (replica.cc:217):   [2] Requesting state transfer: <0,29613>
20230730-113350-0463 00171 * RequestStateTransfer (replica.cc:217):   [2] Requesting state transfer: <0,64507>
20230730-113350-0630 00171 * RequestStateTransfer (replica.cc:217):   [2] Requesting state transfer: <0,64677>
20230730-113350-0630 00171 * RequestStateTransfer (replica.cc:217):   [2] Requesting state transfer: <0,64678>
20230730-113350-0631 00171 * HandleRequestStateTransfer (replica.cc:753):   [2] Sending state transfer from <0,64677> to <0,64678>
20230730-113350-0632 00171 * RequestStateTransfer (replica.cc:217):   [2] Requesting state transfer: <0,64682>
20230730-113350-0633 00171 * HandleRequestStateTransfer (replica.cc:753):   [2] Sending state transfer from <0,64678> to <0,64683>
20230730-113350-0633 00171 * RequestStateTransfer (replica.cc:217):   [2] Requesting state transfer: <0,64683>
20230730-113350-0636 00171 * HandleRequestStateTransfer (replica.cc:753):   [2] Sending state transfer from <0,64682> to <0,64685>
20230730-113350-0638 00171 * HandleRequestStateTransfer (replica.cc:753):   [2] Sending state transfer from <0,64683> to <0,64685>
20230730-113350-2749 00171 * RequestStateTransfer (replica.cc:217):   [2] Requesting state transfer: <0,65254>
20230730-113350-3854 00171 * RequestStateTransfer (replica.cc:217):   [2] Requesting state transfer: <0,65659>
20230730-113350-3856 00171 * RequestStateTransfer (replica.cc:217):   [2] Requesting state transfer: <0,65660>
20230730-113350-3857 00171 * HandleRequestStateTransfer (replica.cc:753):   [2] Sending state transfer from <0,65659> to <0,65660>
20230730-113350-3859 00171 * HandleRequestStateTransfer (replica.cc:753):   [2] Sending state transfer from <0,65660> to <0,65660>
20230730-113350-3864 00171 * HandleRequestStateTransfer (replica.cc:753):   [2] Sending state transfer from <0,65662> to <0,65662>
20230730-113400-1156 00171 * RequestStateTransfer (replica.cc:217):   [2] Requesting state transfer: <0,87750>
20230730-113401-8834 00171 * RequestStateTransfer (replica.cc:217):   [2] Requesting state transfer: <0,87751>
20230730-113401-8854 00171 * HandleRequestStateTransfer (replica.cc:753):   [2] Sending state transfer from <0,87751> to <0,87751>
20230730-113401-8858 00171 * RequestStateTransfer (replica.cc:217):   [2] Requesting state transfer: <0,87751>
20230730-113401-8919 00171 * RequestStateTransfer (replica.cc:217):   [2] Requesting state transfer: <0,87752>
20230730-113401-8920 00171 * HandleRequestStateTransfer (replica.cc:753):   [2] Sending state transfer from <0,87752> to <0,87752>
20230730-113401-9014 00171 ! Prepare         (lockstore.cc:86):  Lots of prepared transactions! 101
20230730-113401-9014 00171 ! Prepare         (lockstore.cc:86):  Lots of prepared transactions! 102
20230730-113401-9015 00171 ! Prepare         (lockstore.cc:86):  Lots of prepared transactions! 103
20230730-113401-9015 00171 ! Prepare         (lockstore.cc:86):  Lots of prepared transactions! 104
20230730-113401-9016 00171 ! Prepare         (lockstore.cc:86):  Lots of prepared transactions! 105
20230730-113401-9017 00171 ! Prepare         (lockstore.cc:86):  Lots of prepared transactions! 106
20230730-113401-9019 00171 ! Prepare         (lockstore.cc:86):  Lots of prepared transactions! 106
20230730-113401-9024 00171 ! Prepare         (lockstore.cc:86):  Lots of prepared transactions! 106
20230730-113401-9036 00171 ! Prepare         (lockstore.cc:86):  Lots of prepared transactions! 102
20230730-113401-9038 00171 ! Prepare         (lockstore.cc:86):  Lots of prepared transactions! 102
20230730-113401-9039 00171 ! Prepare         (lockstore.cc:86):  Lots of prepared transactions! 102
20230730-113401-9040 00171 ! Prepare         (lockstore.cc:86):  Lots of prepared transactions! 103
20230730-113401-9042 00171 ! Prepare         (lockstore.cc:86):  Lots of prepared transactions! 103
20230730-113401-9044 00171 ! Prepare         (lockstore.cc:86):  Lots of prepared transactions! 103
20230730-113401-9044 00171 ! Prepare         (lockstore.cc:86):  Lots of prepared transactions! 104
20230730-113401-9050 00171 ! Prepare         (lockstore.cc:86):  Lots of prepared transactions! 102
20230730-113401-9055 00171 ! Prepare         (lockstore.cc:86):  Lots of prepared transactions! 101
20230730-113401-9057 00171 ! Prepare         (lockstore.cc:86):  Lots of prepared transactions! 101
20230730-113401-9064 00171 ! Prepare         (lockstore.cc:86):  Lots of prepared transactions! 101
20230730-113401-9065 00171 ! Prepare         (lockstore.cc:86):  Lots of prepared transactions! 102
20230730-113401-9066 00171 ! Prepare         (lockstore.cc:86):  Lots of prepared transactions! 103
20230730-113401-9070 00171 ! Prepare         (lockstore.cc:86):  Lots of prepared transactions! 104
20230730-113401-9071 00171 ! Prepare         (lockstore.cc:86):  Lots of prepared transactions! 105
20230730-113401-9072 00171 ! Prepare         (lockstore.cc:86):  Lots of prepared transactions! 106
20230730-113401-9073 00171 ! Prepare         (lockstore.cc:86):  Lots of prepared transactions! 106
20230730-113401-9074 00171 ! Prepare         (lockstore.cc:86):  Lots of prepared transactions! 107
20230730-113401-9078 00171 ! Prepare         (lockstore.cc:86):  Lots of prepared transactions! 107
20230730-113401-9079 00171 ! Prepare         (lockstore.cc:86):  Lots of prepared transactions! 107
20230730-113401-9080 00171 ! Prepare         (lockstore.cc:86):  Lots of prepared transactions! 108
20230730-113401-9081 00171 ! Prepare         (lockstore.cc:86):  Lots of prepared transactions! 109
20230730-113401-9081 00171 ! Prepare         (lockstore.cc:86):  Lots of prepared transactions! 109
20230730-113401-9086 00171 ! Prepare         (lockstore.cc:86):  Lots of prepared transactions! 110
20230730-113401-9087 00171 ! Prepare         (lockstore.cc:86):  Lots of prepared transactions! 111
20230730-113401-9088 00171 ! Prepare         (lockstore.cc:86):  Lots of prepared transactions! 112
20230730-113401-9090 00171 ! Prepare         (lockstore.cc:86):  Lots of prepared transactions! 112
20230730-113401-9095 00171 ! Prepare         (lockstore.cc:86):  Lots of prepared transactions! 111
20230730-113401-9098 00171 ! Prepare         (lockstore.cc:86):  Lots of prepared transactions! 111
20230730-113401-9100 00171 ! Prepare         (lockstore.cc:86):  Lots of prepared transactions! 111
20230730-113401-9101 00171 ! Prepare         (lockstore.cc:86):  Lots of prepared transactions! 111
20230730-113401-9104 00171 ! Prepare         (lockstore.cc:86):  Lots of prepared transactions! 111
20230730-113401-9105 00171 ! Prepare         (lockstore.cc:86):  Lots of prepared transactions! 111
20230730-113401-9107 00171 ! Prepare         (lockstore.cc:86):  Lots of prepared transactions! 111
20230730-113401-9108 00171 ! Prepare         (lockstore.cc:86):  Lots of prepared transactions! 111
20230730-113401-9110 00171 ! Prepare         (lockstore.cc:86):  Lots of prepared transactions! 111
20230730-113401-9111 00171 ! Prepare         (lockstore.cc:86):  Lots of prepared transactions! 110
20230730-113401-9113 00171 ! Prepare         (lockstore.cc:86):  Lots of prepared transactions! 110
20230730-113401-9114 00171 ! Prepare         (lockstore.cc:86):  Lots of prepared transactions! 111
20230730-113401-9120 00171 ! Prepare         (lockstore.cc:86):  Lots of prepared transactions! 109
20230730-113401-9121 00171 ! Prepare         (lockstore.cc:86):  Lots of prepared transactions! 109
20230730-113401-9124 00171 ! Prepare         (lockstore.cc:86):  Lots of prepared transactions! 109
20230730-113401-9126 00171 ! Prepare         (lockstore.cc:86):  Lots of prepared transactions! 110
20230730-113401-9130 00171 ! Prepare         (lockstore.cc:86):  Lots of prepared transactions! 110
20230730-113401-9133 00171 ! Prepare         (lockstore.cc:86):  Lots of prepared transactions! 109
20230730-113401-9135 00171 ! Prepare         (lockstore.cc:86):  Lots of prepared transactions! 110
20230730-113401-9136 00171 ! Prepare         (lockstore.cc:86):  Lots of prepared transactions! 110
20230730-113401-9139 00171 ! Prepare         (lockstore.cc:86):  Lots of prepared transactions! 110
20230730-113401-9141 00171 ! Prepare         (lockstore.cc:86):  Lots of prepared transactions! 110
20230730-113401-9143 00171 ! Prepare         (lockstore.cc:86):  Lots of prepared transactions! 110
20230730-113401-9145 00171 ! Prepare         (lockstore.cc:86):  Lots of prepared transactions! 110
20230730-113401-9145 00171 ! Prepare         (lockstore.cc:86):  Lots of prepared transactions! 110
20230730-113401-9146 00171 ! Prepare         (lockstore.cc:86):  Lots of prepared transactions! 111
20230730-113401-9147 00171 ! Prepare         (lockstore.cc:86):  Lots of prepared transactions! 111
20230730-113401-9148 00171 ! Prepare         (lockstore.cc:86):  Lots of prepared transactions! 111
20230730-113401-9149 00171 ! Prepare         (lockstore.cc:86):  Lots of prepared transactions! 112
20230730-113401-9150 00171 ! Prepare         (lockstore.cc:86):  Lots of prepared transactions! 112
20230730-113401-9152 00171 ! Prepare         (lockstore.cc:86):  Lots of prepared transactions! 112
20230730-113401-9154 00171 ! Prepare         (lockstore.cc:86):  Lots of prepared transactions! 113
20230730-113401-9156 00171 ! Prepare         (lockstore.cc:86):  Lots of prepared transactions! 114
20230730-113401-9158 00171 ! Prepare         (lockstore.cc:86):  Lots of prepared transactions! 114
20230730-113401-9160 00171 ! Prepare         (lockstore.cc:86):  Lots of prepared transactions! 113
20230730-113401-9161 00171 ! Prepare         (lockstore.cc:86):  Lots of prepared transactions! 113
20230730-113401-9167 00171 ! Prepare         (lockstore.cc:86):  Lots of prepared transactions! 113
20230730-113401-9168 00171 ! Prepare         (lockstore.cc:86):  Lots of prepared transactions! 114
20230730-113401-9169 00171 ! Prepare         (lockstore.cc:86):  Lots of prepared transactions! 114
20230730-113401-9170 00171 ! Prepare         (lockstore.cc:86):  Lots of prepared transactions! 114
20230730-113401-9171 00171 ! Prepare         (lockstore.cc:86):  Lots of prepared transactions! 114
20230730-113401-9174 00171 ! Prepare         (lockstore.cc:86):  Lots of prepared transactions! 114
20230730-113401-9175 00171 ! Prepare         (lockstore.cc:86):  Lots of prepared transactions! 114
20230730-113401-9177 00171 ! Prepare         (lockstore.cc:86):  Lots of prepared transactions! 114
20230730-113401-9178 00171 ! Prepare         (lockstore.cc:86):  Lots of prepared transactions! 114
20230730-113401-9181 00171 ! Prepare         (lockstore.cc:86):  Lots of prepared transactions! 112
20230730-113401-9184 00171 ! Prepare         (lockstore.cc:86):  Lots of prepared transactions! 112
20230730-113401-9185 00171 ! Prepare         (lockstore.cc:86):  Lots of prepared transactions! 111
20230730-113401-9187 00171 ! Prepare         (lockstore.cc:86):  Lots of prepared transactions! 110
20230730-113401-9190 00171 ! Prepare         (lockstore.cc:86):  Lots of prepared transactions! 110
20230730-113401-9192 00171 ! Prepare         (lockstore.cc:86):  Lots of prepared transactions! 110
20230730-113401-9193 00171 ! Prepare         (lockstore.cc:86):  Lots of prepared transactions! 111
20230730-113401-9194 00171 ! Prepare         (lockstore.cc:86):  Lots of prepared transactions! 111
20230730-113401-9197 00171 ! Prepare         (lockstore.cc:86):  Lots of prepared transactions! 111
20230730-113401-9200 00171 ! Prepare         (lockstore.cc:86):  Lots of prepared transactions! 112
20230730-113401-9201 00171 ! Prepare         (lockstore.cc:86):  Lots of prepared transactions! 112
20230730-113401-9203 00171 ! Prepare         (lockstore.cc:86):  Lots of prepared transactions! 112
20230730-113401-9204 00171 ! Prepare         (lockstore.cc:86):  Lots of prepared transactions! 112
20230730-113401-9205 00171 ! Prepare         (lockstore.cc:86):  Lots of prepared transactions! 112
20230730-113401-9207 00171 ! Prepare         (lockstore.cc:86):  Lots of prepared transactions! 112
20230730-113401-9208 00171 ! Prepare         (lockstore.cc:86):  Lots of prepared transactions! 112
20230730-113401-9211 00171 ! Prepare         (lockstore.cc:86):  Lots of prepared transactions! 112
20230730-113401-9211 00171 ! Prepare         (lockstore.cc:86):  Lots of prepared transactions! 112
20230730-113401-9212 00171 ! Prepare         (lockstore.cc:86):  Lots of prepared transactions! 112
20230730-113401-9213 00171 ! Prepare         (lockstore.cc:86):  Lots of prepared transactions! 113
20230730-113401-9214 00171 ! Prepare         (lockstore.cc:86):  Lots of prepared transactions! 114
20230730-113401-9215 00171 ! Prepare         (lockstore.cc:86):  Lots of prepared transactions! 114
20230730-113401-9216 00171 ! Prepare         (lockstore.cc:86):  Lots of prepared transactions! 114
20230730-113401-9218 00171 ! Prepare         (lockstore.cc:86):  Lots of prepared transactions! 115
20230730-113401-9220 00171 ! Prepare         (lockstore.cc:86):  Lots of prepared transactions! 115
20230730-113401-9221 00171 ! Prepare         (lockstore.cc:86):  Lots of prepared transactions! 116
20230730-113401-9224 00171 ! Prepare         (lockstore.cc:86):  Lots of prepared transactions! 116
20230730-113401-9225 00171 ! Prepare         (lockstore.cc:86):  Lots of prepared transactions! 116
20230730-113401-9226 00171 ! Prepare         (lockstore.cc:86):  Lots of prepared transactions! 116
20230730-113401-9227 00171 ! Prepare         (lockstore.cc:86):  Lots of prepared transactions! 116
20230730-113401-9233 00171 ! Prepare         (lockstore.cc:86):  Lots of prepared transactions! 115
20230730-113401-9233 00171 ! Prepare         (lockstore.cc:86):  Lots of prepared transactions! 115
20230730-113401-9234 00171 ! Prepare         (lockstore.cc:86):  Lots of prepared transactions! 115
20230730-113401-9236 00171 ! Prepare         (lockstore.cc:86):  Lots of prepared transactions! 115
20230730-113401-9237 00171 ! Prepare         (lockstore.cc:86):  Lots of prepared transactions! 115
20230730-113401-9239 00171 ! Prepare         (lockstore.cc:86):  Lots of prepared transactions! 115
20230730-113401-9240 00171 ! Prepare         (lockstore.cc:86):  Lots of prepared transactions! 115
20230730-113401-9242 00171 ! Prepare         (lockstore.cc:86):  Lots of prepared transactions! 115
20230730-113401-9243 00171 ! Prepare         (lockstore.cc:86):  Lots of prepared transactions! 115
20230730-113401-9244 00171 ! Prepare         (lockstore.cc:86):  Lots of prepared transactions! 115
20230730-113401-9246 00171 ! Prepare         (lockstore.cc:86):  Lots of prepared transactions! 115
20230730-113401-9247 00171 ! Prepare         (lockstore.cc:86):  Lots of prepared transactions! 114
20230730-113401-9249 00171 ! Prepare         (lockstore.cc:86):  Lots of prepared transactions! 113
20230730-113401-9252 00171 ! Prepare         (lockstore.cc:86):  Lots of prepared transactions! 112
20230730-113401-9256 00171 ! Prepare         (lockstore.cc:86):  Lots of prepared transactions! 112
20230730-113401-9257 00171 ! Prepare         (lockstore.cc:86):  Lots of prepared transactions! 112
20230730-113401-9258 00171 ! Prepare         (lockstore.cc:86):  Lots of prepared transactions! 112
20230730-113401-9262 00171 ! Prepare         (lockstore.cc:86):  Lots of prepared transactions! 112
20230730-113401-9262 00171 ! Prepare         (lockstore.cc:86):  Lots of prepared transactions! 112
20230730-113401-9264 00171 ! Prepare         (lockstore.cc:86):  Lots of prepared transactions! 113
20230730-113401-9266 00171 ! Prepare         (lockstore.cc:86):  Lots of prepared transactions! 113
20230730-113401-9267 00171 ! Prepare         (lockstore.cc:86):  Lots of prepared transactions! 113
20230730-113401-9268 00171 ! Prepare         (lockstore.cc:86):  Lots of prepared transactions! 113
20230730-113401-9270 00171 ! Prepare         (lockstore.cc:86):  Lots of prepared transactions! 113
20230730-113401-9273 00171 ! Prepare         (lockstore.cc:86):  Lots of prepared transactions! 113
20230730-113401-9273 00171 ! Prepare         (lockstore.cc:86):  Lots of prepared transactions! 113
20230730-113401-9277 00171 ! Prepare         (lockstore.cc:86):  Lots of prepared transactions! 113
20230730-113401-9277 00171 ! Prepare         (lockstore.cc:86):  Lots of prepared transactions! 113
20230730-113401-9278 00171 ! Prepare         (lockstore.cc:86):  Lots of prepared transactions! 113
20230730-113401-9280 00171 ! Prepare         (lockstore.cc:86):  Lots of prepared transactions! 112
20230730-113401-9282 00171 ! Prepare         (lockstore.cc:86):  Lots of prepared transactions! 112
20230730-113401-9285 00171 ! Prepare         (lockstore.cc:86):  Lots of prepared transactions! 113
20230730-113401-9287 00171 ! Prepare         (lockstore.cc:86):  Lots of prepared transactions! 113
20230730-113401-9287 00171 ! Prepare         (lockstore.cc:86):  Lots of prepared transactions! 114
20230730-113401-9290 00171 ! Prepare         (lockstore.cc:86):  Lots of prepared transactions! 114
20230730-113401-9291 00171 ! Prepare         (lockstore.cc:86):  Lots of prepared transactions! 114
20230730-113401-9293 00171 ! Prepare         (lockstore.cc:86):  Lots of prepared transactions! 115
20230730-113401-9294 00171 ! Prepare         (lockstore.cc:86):  Lots of prepared transactions! 115
20230730-113401-9295 00171 ! Prepare         (lockstore.cc:86):  Lots of prepared transactions! 115
20230730-113401-9297 00171 ! Prepare         (lockstore.cc:86):  Lots of prepared transactions! 116
20230730-113401-9298 00171 ! Prepare         (lockstore.cc:86):  Lots of prepared transactions! 116
20230730-113401-9302 00171 ! Prepare         (lockstore.cc:86):  Lots of prepared transactions! 116
20230730-113401-9304 00171 ! Prepare         (lockstore.cc:86):  Lots of prepared transactions! 116
20230730-113401-9305 00171 ! Prepare         (lockstore.cc:86):  Lots of prepared transactions! 116
20230730-113401-9308 00171 ! Prepare         (lockstore.cc:86):  Lots of prepared transactions! 116
20230730-113401-9309 00171 ! Prepare         (lockstore.cc:86):  Lots of prepared transactions! 116
20230730-113401-9313 00171 ! Prepare         (lockstore.cc:86):  Lots of prepared transactions! 116
20230730-113401-9314 00171 ! Prepare         (lockstore.cc:86):  Lots of prepared transactions! 116
20230730-113401-9315 00171 ! Prepare         (lockstore.cc:86):  Lots of prepared transactions! 116
20230730-113401-9316 00171 ! Prepare         (lockstore.cc:86):  Lots of prepared transactions! 116
20230730-113401-9317 00171 ! Prepare         (lockstore.cc:86):  Lots of prepared transactions! 116
20230730-113401-9319 00171 ! Prepare         (lockstore.cc:86):  Lots of prepared transactions! 116
20230730-113401-9320 00171 ! Prepare         (lockstore.cc:86):  Lots of prepared transactions! 117
20230730-113401-9324 00171 ! Prepare         (lockstore.cc:86):  Lots of prepared transactions! 116
20230730-113401-9326 00171 ! Prepare         (lockstore.cc:86):  Lots of prepared transactions! 115
20230730-113401-9327 00171 ! Prepare         (lockstore.cc:86):  Lots of prepared transactions! 115
20230730-113401-9329 00171 ! Prepare         (lockstore.cc:86):  Lots of prepared transactions! 115
20230730-113401-9334 00171 ! Prepare         (lockstore.cc:86):  Lots of prepared transactions! 113
20230730-113401-9336 00171 ! Prepare         (lockstore.cc:86):  Lots of prepared transactions! 113
20230730-113401-9337 00171 ! Prepare         (lockstore.cc:86):  Lots of prepared transactions! 113
20230730-113401-9338 00171 ! Prepare         (lockstore.cc:86):  Lots of prepared transactions! 113
20230730-113401-9339 00171 ! Prepare         (lockstore.cc:86):  Lots of prepared transactions! 113
20230730-113401-9340 00171 ! Prepare         (lockstore.cc:86):  Lots of prepared transactions! 113
20230730-113401-9342 00171 ! Prepare         (lockstore.cc:86):  Lots of prepared transactions! 113
20230730-113401-9345 00171 ! Prepare         (lockstore.cc:86):  Lots of prepared transactions! 113
20230730-113401-9347 00171 ! Prepare         (lockstore.cc:86):  Lots of prepared transactions! 113
20230730-113401-9349 00171 ! Prepare         (lockstore.cc:86):  Lots of prepared transactions! 113
20230730-113401-9351 00171 ! Prepare         (lockstore.cc:86):  Lots of prepared transactions! 113
20230730-113401-9352 00171 ! Prepare         (lockstore.cc:86):  Lots of prepared transactions! 113
20230730-113401-9354 00171 ! Prepare         (lockstore.cc:86):  Lots of prepared transactions! 113
20230730-113401-9354 00171 ! Prepare         (lockstore.cc:86):  Lots of prepared transactions! 113
20230730-113401-9356 00171 ! Prepare         (lockstore.cc:86):  Lots of prepared transactions! 113
20230730-113401-9359 00171 ! Prepare         (lockstore.cc:86):  Lots of prepared transactions! 113
20230730-113401-9361 00171 ! Prepare         (lockstore.cc:86):  Lots of prepared transactions! 113
20230730-113401-9362 00171 ! Prepare         (lockstore.cc:86):  Lots of prepared transactions! 114
20230730-113401-9363 00171 ! Prepare         (lockstore.cc:86):  Lots of prepared transactions! 114
20230730-113401-9365 00171 ! Prepare         (lockstore.cc:86):  Lots of prepared transactions! 114
20230730-113401-9367 00171 ! Prepare         (lockstore.cc:86):  Lots of prepared transactions! 114
20230730-113401-9368 00171 ! Prepare         (lockstore.cc:86):  Lots of prepared transactions! 115
20230730-113401-9369 00171 ! Prepare         (lockstore.cc:86):  Lots of prepared transactions! 116
20230730-113401-9372 00171 ! Prepare         (lockstore.cc:86):  Lots of prepared transactions! 116
20230730-113401-9375 00171 ! Prepare         (lockstore.cc:86):  Lots of prepared transactions! 116
20230730-113401-9376 00171 ! Prepare         (lockstore.cc:86):  Lots of prepared transactions! 116
20230730-113401-9377 00171 ! Prepare         (lockstore.cc:86):  Lots of prepared transactions! 116
20230730-113401-9380 00171 ! Prepare         (lockstore.cc:86):  Lots of prepared transactions! 116
20230730-113401-9382 00171 ! Prepare         (lockstore.cc:86):  Lots of prepared transactions! 116
20230730-113401-9385 00171 ! Prepare         (lockstore.cc:86):  Lots of prepared transactions! 116
20230730-113401-9387 00171 ! Prepare         (lockstore.cc:86):  Lots of prepared transactions! 116
20230730-113401-9388 00171 ! Prepare         (lockstore.cc:86):  Lots of prepared transactions! 116
20230730-113401-9390 00171 ! Prepare         (lockstore.cc:86):  Lots of prepared transactions! 116
20230730-113401-9390 00171 ! Prepare         (lockstore.cc:86):  Lots of prepared transactions! 116
20230730-113401-9393 00171 ! Prepare         (lockstore.cc:86):  Lots of prepared transactions! 116
20230730-113401-9395 00171 ! Prepare         (lockstore.cc:86):  Lots of prepared transactions! 116
20230730-113401-9396 00171 ! Prepare         (lockstore.cc:86):  Lots of prepared transactions! 116
20230730-113401-9400 00171 ! Prepare         (lockstore.cc:86):  Lots of prepared transactions! 116
20230730-113401-9401 00171 ! Prepare         (lockstore.cc:86):  Lots of prepared transactions! 116
20230730-113401-9402 00171 ! Prepare         (lockstore.cc:86):  Lots of prepared transactions! 116
20230730-113401-9403 00171 ! Prepare         (lockstore.cc:86):  Lots of prepared transactions! 116
20230730-113401-9405 00171 ! Prepare         (lockstore.cc:86):  Lots of prepared transactions! 116
20230730-113401-9409 00171 ! Prepare         (lockstore.cc:86):  Lots of prepared transactions! 114
20230730-113401-9412 00171 ! Prepare         (lockstore.cc:86):  Lots of prepared transactions! 114
20230730-113401-9414 00171 ! Prepare         (lockstore.cc:86):  Lots of prepared transactions! 114
20230730-113401-9416 00171 ! Prepare         (lockstore.cc:86):  Lots of prepared transactions! 114
20230730-113401-9417 00171 ! Prepare         (lockstore.cc:86):  Lots of prepared transactions! 114
20230730-113401-9418 00171 ! Prepare         (lockstore.cc:86):  Lots of prepared transactions! 114
20230730-113401-9420 00171 ! Prepare         (lockstore.cc:86):  Lots of prepared transactions! 114
20230730-113401-9423 00171 ! Prepare         (lockstore.cc:86):  Lots of prepared transactions! 114
20230730-113401-9426 00171 ! Prepare         (lockstore.cc:86):  Lots of prepared transactions! 114
20230730-113401-9428 00171 ! Prepare         (lockstore.cc:86):  Lots of prepared transactions! 114
20230730-113401-9430 00171 ! Prepare         (lockstore.cc:86):  Lots of prepared transactions! 114
20230730-113401-9431 00171 ! Prepare         (lockstore.cc:86):  Lots of prepared transactions! 114
20230730-113401-9433 00171 ! Prepare         (lockstore.cc:86):  Lots of prepared transactions! 114
20230730-113401-9433 00171 ! Prepare         (lockstore.cc:86):  Lots of prepared transactions! 114
20230730-113401-9435 00171 ! Prepare         (lockstore.cc:86):  Lots of prepared transactions! 114
20230730-113401-9437 00171 ! Prepare         (lockstore.cc:86):  Lots of prepared transactions! 114
20230730-113401-9439 00171 ! Prepare         (lockstore.cc:86):  Lots of prepared transactions! 114
20230730-113401-9440 00171 ! Prepare         (lockstore.cc:86):  Lots of prepared transactions! 114
20230730-113401-9440 00171 ! Prepare         (lockstore.cc:86):  Lots of prepared transactions! 114
20230730-113401-9442 00171 ! Prepare         (lockstore.cc:86):  Lots of prepared transactions! 114
20230730-113401-9444 00171 ! Prepare         (lockstore.cc:86):  Lots of prepared transactions! 114
20230730-113401-9445 00171 ! Prepare         (lockstore.cc:86):  Lots of prepared transactions! 115
20230730-113401-9447 00171 ! Prepare         (lockstore.cc:86):  Lots of prepared transactions! 116
20230730-113401-9449 00171 ! Prepare         (lockstore.cc:86):  Lots of prepared transactions! 116
20230730-113401-9453 00171 ! Prepare         (lockstore.cc:86):  Lots of prepared transactions! 116
20230730-113401-9454 00171 ! Prepare         (lockstore.cc:86):  Lots of prepared transactions! 116
20230730-113401-9454 00171 ! Prepare         (lockstore.cc:86):  Lots of prepared transactions! 116
20230730-113401-9455 00171 ! Prepare         (lockstore.cc:86):  Lots of prepared transactions! 116
20230730-113401-9458 00171 ! Prepare         (lockstore.cc:86):  Lots of prepared transactions! 116
20230730-113401-9462 00171 ! Prepare         (lockstore.cc:86):  Lots of prepared transactions! 116
20230730-113401-9463 00171 ! Prepare         (lockstore.cc:86):  Lots of prepared transactions! 116
20230730-113401-9466 00171 ! Prepare         (lockstore.cc:86):  Lots of prepared transactions! 116
20230730-113401-9467 00171 ! Prepare         (lockstore.cc:86):  Lots of prepared transactions! 116
20230730-113401-9468 00171 ! Prepare         (lockstore.cc:86):  Lots of prepared transactions! 116
20230730-113401-9471 00171 ! Prepare         (lockstore.cc:86):  Lots of prepared transactions! 116
20230730-113401-9472 00171 ! Prepare         (lockstore.cc:86):  Lots of prepared transactions! 116
20230730-113401-9474 00171 ! Prepare         (lockstore.cc:86):  Lots of prepared transactions! 116
20230730-113401-9474 00171 ! Prepare         (lockstore.cc:86):  Lots of prepared transactions! 116
20230730-113401-9480 00171 ! Prepare         (lockstore.cc:86):  Lots of prepared transactions! 115
20230730-113401-9482 00171 ! Prepare         (lockstore.cc:86):  Lots of prepared transactions! 115
20230730-113401-9482 00171 ! Prepare         (lockstore.cc:86):  Lots of prepared transactions! 115
20230730-113401-9484 00171 ! Prepare         (lockstore.cc:86):  Lots of prepared transactions! 115
20230730-113401-9486 00171 ! Prepare         (lockstore.cc:86):  Lots of prepared transactions! 115
20230730-113401-9490 00171 ! Prepare         (lockstore.cc:86):  Lots of prepared transactions! 114
20230730-113401-9491 00171 ! Prepare         (lockstore.cc:86):  Lots of prepared transactions! 114
20230730-113401-9496 00171 ! Prepare         (lockstore.cc:86):  Lots of prepared transactions! 112
20230730-113401-9501 00171 ! Prepare         (lockstore.cc:86):  Lots of prepared transactions! 111
20230730-113401-9503 00171 ! Prepare         (lockstore.cc:86):  Lots of prepared transactions! 111
20230730-113401-9504 00171 ! Prepare         (lockstore.cc:86):  Lots of prepared transactions! 111
20230730-113401-9506 00171 ! Prepare         (lockstore.cc:86):  Lots of prepared transactions! 110
20230730-113401-9510 00171 ! Prepare         (lockstore.cc:86):  Lots of prepared transactions! 109
20230730-113401-9516 00171 ! Prepare         (lockstore.cc:86):  Lots of prepared transactions! 106
20230730-113401-9517 00171 ! Prepare         (lockstore.cc:86):  Lots of prepared transactions! 105
20230730-113401-9522 00171 ! Prepare         (lockstore.cc:86):  Lots of prepared transactions! 104
20230730-113401-9523 00171 ! Prepare         (lockstore.cc:86):  Lots of prepared transactions! 104
20230730-113401-9524 00171 ! Prepare         (lockstore.cc:86):  Lots of prepared transactions! 104
20230730-113401-9528 00171 ! Prepare         (lockstore.cc:86):  Lots of prepared transactions! 102
20230730-113401-9619 00171 * RequestStateTransfer (replica.cc:217):   [2] Requesting state transfer: <0,88321>
20230730-113401-9620 00171 * HandleRequestStateTransfer (replica.cc:753):   [2] Sending state transfer from <0,88321> to <0,88322>
20230730-113401-9621 00171 * RequestStateTransfer (replica.cc:217):   [2] Requesting state transfer: <0,88322>
20230730-113401-9622 00171 * HandleRequestStateTransfer (replica.cc:753):   [2] Sending state transfer from <0,88322> to <0,88322>
20230730-113401-9624 00171 * RequestStateTransfer (replica.cc:217):   [2] Requesting state transfer: <0,88323>
20230730-113401-9625 00171 * HandleRequestStateTransfer (replica.cc:753):   [2] Sending state transfer from <0,88323> to <0,88323>
20230730-113401-9627 00171 * RequestStateTransfer (replica.cc:217):   [2] Requesting state transfer: <0,88326>
20230730-113401-9628 00171 * HandleRequestStateTransfer (replica.cc:753):   [2] Sending state transfer from <0,88326> to <0,88327>
20230730-113401-9629 00171 * RequestStateTransfer (replica.cc:217):   [2] Requesting state transfer: <0,88327>
20230730-113401-9630 00171 * HandleRequestStateTransfer (replica.cc:753):   [2] Sending state transfer from <0,88327> to <0,88329>
20230730-113401-9631 00171 * RequestStateTransfer (replica.cc:217):   [2] Requesting state transfer: <0,88329>
20230730-113401-9632 00171 * HandleRequestStateTransfer (replica.cc:753):   [2] Sending state transfer from <0,88329> to <0,88330>
20230730-113401-9632 00171 * RequestStateTransfer (replica.cc:217):   [2] Requesting state transfer: <0,88330>
20230730-113401-9633 00171 * HandleRequestStateTransfer (replica.cc:753):   [2] Sending state transfer from <0,88330> to <0,88331>
20230730-113401-9634 00171 * RequestStateTransfer (replica.cc:217):   [2] Requesting state transfer: <0,88332>
20230730-113401-9636 00171 * HandleRequestStateTransfer (replica.cc:753):   [2] Sending state transfer from <0,88332> to <0,88333>
20230730-113401-9636 00171 * RequestStateTransfer (replica.cc:217):   [2] Requesting state transfer: <0,88333>
20230730-113401-9638 00171 * HandleRequestStateTransfer (replica.cc:753):   [2] Sending state transfer from <0,88333> to <0,88334>
20230730-113401-9639 00171 * RequestStateTransfer (replica.cc:217):   [2] Requesting state transfer: <0,88335>
20230730-113401-9640 00171 ! OnReadable      (udptransport.cc:588): Fragments out of order for packet 4; expected start 0, got 9000
20230730-113401-9643 00171 ! OnReadable      (udptransport.cc:580): Failed to reconstruct packet 4
20230730-113402-3463 00171 * HandleRequestStateTransfer (replica.cc:753):   [2] Sending state transfer from <0,91613> to <0,91616>
20230730-113402-3466 00171 * HandleRequestStateTransfer (replica.cc:753):   [2] Sending state transfer from <0,91614> to <0,91617>
20230730-113402-3469 00171 * HandleRequestStateTransfer (replica.cc:753):   [2] Sending state transfer from <0,91615> to <0,91619>
20230730-113402-3471 00171 * HandleRequestStateTransfer (replica.cc:753):   [2] Sending state transfer from <0,91617> to <0,91620>
20230730-113402-3473 00171 * HandleRequestStateTransfer (replica.cc:753):   [2] Sending state transfer from <0,91618> to <0,91625>
20230730-113402-3475 00171 * HandleRequestStateTransfer (replica.cc:753):   [2] Sending state transfer from <0,91619> to <0,91626>
20230730-113402-3475 00171 * HandleRequestStateTransfer (replica.cc:753):   [2] Sending state transfer from <0,91620> to <0,91626>
20230730-113402-3478 00171 * HandleRequestStateTransfer (replica.cc:753):   [2] Sending state transfer from <0,91624> to <0,91628>
20230730-113402-3498 00171 * RequestStateTransfer (replica.cc:217):   [2] Requesting state transfer: <0,91649>
20230730-113402-3499 00171 * RequestStateTransfer (replica.cc:217):   [2] Requesting state transfer: <0,91653>
20230730-113402-3500 00171 * RequestStateTransfer (replica.cc:217):   [2] Requesting state transfer: <0,91654>
20230730-113402-3501 00171 * RequestStateTransfer (replica.cc:217):   [2] Requesting state transfer: <0,91655>
20230730-113402-3503 00171 * HandleRequestStateTransfer (replica.cc:753):   [2] Sending state transfer from <0,91649> to <0,91655>
20230730-113402-3504 00171 * HandleRequestStateTransfer (replica.cc:753):   [2] Sending state transfer from <0,91653> to <0,91658>
20230730-113402-3505 00171 * HandleRequestStateTransfer (replica.cc:753):   [2] Sending state transfer from <0,91654> to <0,91659>
20230730-113402-3506 00171 * RequestStateTransfer (replica.cc:217):   [2] Requesting state transfer: <0,91659>
20230730-113402-3506 00171 * HandleRequestStateTransfer (replica.cc:753):   [2] Sending state transfer from <0,91655> to <0,91660>
20230730-113402-3510 00171 * HandleRequestStateTransfer (replica.cc:753):   [2] Sending state transfer from <0,91659> to <0,91661>
20230730-113402-3512 00171 * HandleRequestStateTransfer (replica.cc:753):   [2] Sending state transfer from <0,91661> to <0,91661>
20230730-113410-2278 00171 * HandleRequestStateTransfer (replica.cc:753):   [2] Sending state transfer from <0,109162> to <0,109164>
20230730-113410-2279 00171 * HandleRequestStateTransfer (replica.cc:753):   [2] Sending state transfer from <0,109163> to <0,109165>
