20230730-113324-5381 00135 * RequestStateTransfer (replica.cc:217):   [2] Requesting state transfer: <0,0>
20230730-113324-5383 00135 * RequestStateTransfer (replica.cc:217):   [2] Requesting state transfer: <0,0>
20230730-113324-5383 00135 * RequestStateTransfer (replica.cc:217):   [2] Requesting state transfer: <0,0>
20230730-113324-5384 00135 * RequestStateTransfer (replica.cc:217):   [2] Requesting state transfer: <0,0>
20230730-113324-5385 00135 * RequestStateTransfer (replica.cc:217):   [2] Requesting state transfer: <0,0>
20230730-113324-5385 00135 * RequestStateTransfer (replica.cc:217):   [2] Requesting state transfer: <0,0>
20230730-113324-5386 00135 * RequestStateTransfer (replica.cc:217):   [2] Requesting state transfer: <0,0>
20230730-113324-5386 00135 * RequestStateTransfer (replica.cc:217):   [2] Requesting state transfer: <0,0>
20230730-113324-5387 00135 * RequestStateTransfer (replica.cc:217):   [2] Requesting state transfer: <0,0>
20230730-113324-5388 00135 * RequestStateTransfer (replica.cc:217):   [2] Requesting state transfer: <0,0>
20230730-113324-5388 00135 * RequestStateTransfer (replica.cc:217):   [2] Requesting state transfer: <0,0>
20230730-113324-5389 00135 * RequestStateTransfer (replica.cc:217):   [2] Requesting state transfer: <0,0>
20230730-113324-5390 00135 * RequestStateTransfer (replica.cc:217):   [2] Requesting state transfer: <0,0>
20230730-113324-5390 00135 * RequestStateTransfer (replica.cc:217):   [2] Requesting state transfer: <0,0>
20230730-113324-5391 00135 * RequestStateTransfer (replica.cc:217):   [2] Requesting state transfer: <0,0>
20230730-113324-5392 00135 * RequestStateTransfer (replica.cc:217):   [2] Requesting state transfer: <0,0>
20230730-113324-5392 00135 * RequestStateTransfer (replica.cc:217):   [2] Requesting state transfer: <0,0>
20230730-113324-5393 00135 * RequestStateTransfer (replica.cc:217):   [2] Requesting state transfer: <0,0>
20230730-113324-5394 00135 * RequestStateTransfer (replica.cc:217):   [2] Requesting state transfer: <0,0>
20230730-113324-5394 00135 * RequestStateTransfer (replica.cc:217):   [2] Requesting state transfer: <0,0>
20230730-113324-5395 00135 * RequestStateTransfer (replica.cc:217):   [2] Requesting state transfer: <0,0>
20230730-113324-5396 00135 * RequestStateTransfer (replica.cc:217):   [2] Requesting state transfer: <0,0>
20230730-113324-5396 00135 * RequestStateTransfer (replica.cc:217):   [2] Requesting state transfer: <0,0>
20230730-113324-5397 00135 * RequestStateTransfer (replica.cc:217):   [2] Requesting state transfer: <0,0>
20230730-113324-5398 00135 * RequestStateTransfer (replica.cc:217):   [2] Requesting state transfer: <0,0>
20230730-113324-5478 00135 * RequestStateTransfer (replica.cc:217):   [2] Requesting state transfer: <0,0>
20230730-113324-5479 00135 * RequestStateTransfer (replica.cc:217):   [2] Requesting state transfer: <0,0>
20230730-113324-5479 00135 * RequestStateTransfer (replica.cc:217):   [2] Requesting state transfer: <0,0>
20230730-113324-5480 00135 * RequestStateTransfer (replica.cc:217):   [2] Requesting state transfer: <0,0>
20230730-113324-5480 00135 * RequestStateTransfer (replica.cc:217):   [2] Requesting state transfer: <0,0>
20230730-113324-5481 00135 * RequestStateTransfer (replica.cc:217):   [2] Requesting state transfer: <0,0>
20230730-113324-5481 00135 * RequestStateTransfer (replica.cc:217):   [2] Requesting state transfer: <0,0>
20230730-113324-5481 00135 * RequestStateTransfer (replica.cc:217):   [2] Requesting state transfer: <0,0>
20230730-113324-5482 00135 * RequestStateTransfer (replica.cc:217):   [2] Requesting state transfer: <0,0>
20230730-113324-5482 00135 * RequestStateTransfer (replica.cc:217):   [2] Requesting state transfer: <0,0>
20230730-113324-5483 00135 * RequestStateTransfer (replica.cc:217):   [2] Requesting state transfer: <0,0>
20230730-113324-5483 00135 * RequestStateTransfer (replica.cc:217):   [2] Requesting state transfer: <0,0>
20230730-113324-5484 00135 * RequestStateTransfer (replica.cc:217):   [2] Requesting state transfer: <0,0>
20230730-113324-5484 00135 * RequestStateTransfer (replica.cc:217):   [2] Requesting state transfer: <0,0>
20230730-113324-5484 00135 * RequestStateTransfer (replica.cc:217):   [2] Requesting state transfer: <0,0>
20230730-113324-5485 00135 * HandleRequestStateTransfer (replica.cc:753):   [2] Sending state transfer from <0,0> to <0,0>
20230730-113324-5485 00135 * RequestStateTransfer (replica.cc:217):   [2] Requesting state transfer: <0,0>
20230730-113324-5486 00135 * HandleRequestStateTransfer (replica.cc:753):   [2] Sending state transfer from <0,0> to <0,0>
20230730-113324-5487 00135 * RequestStateTransfer (replica.cc:217):   [2] Requesting state transfer: <0,0>
20230730-113324-5487 00135 * RequestStateTransfer (replica.cc:217):   [2] Requesting state transfer: <0,0>
20230730-113324-5488 00135 * HandleRequestStateTransfer (replica.cc:753):   [2] Sending state transfer from <0,0> to <0,0>
20230730-113324-5488 00135 * RequestStateTransfer (replica.cc:217):   [2] Requesting state transfer: <0,0>
20230730-113324-5488 00135 * HandleRequestStateTransfer (replica.cc:753):   [2] Sending state transfer from <0,0> to <0,0>
20230730-113324-5489 00135 * RequestStateTransfer (replica.cc:217):   [2] Requesting state transfer: <0,0>
20230730-113324-5489 00135 * HandleRequestStateTransfer (replica.cc:753):   [2] Sending state transfer from <0,0> to <0,0>
20230730-113324-5490 00135 * HandleRequestStateTransfer (replica.cc:753):   [2] Sending state transfer from <0,0> to <0,0>
20230730-113324-5490 00135 * RequestStateTransfer (replica.cc:217):   [2] Requesting state transfer: <0,0>
20230730-113324-5490 00135 * HandleRequestStateTransfer (replica.cc:753):   [2] Sending state transfer from <0,0> to <0,0>
20230730-113324-5491 00135 * RequestStateTransfer (replica.cc:217):   [2] Requesting state transfer: <0,0>
20230730-113324-5491 00135 * HandleRequestStateTransfer (replica.cc:753):   [2] Sending state transfer from <0,0> to <0,0>
20230730-113324-5492 00135 * RequestStateTransfer (replica.cc:217):   [2] Requesting state transfer: <0,0>
20230730-113324-5492 00135 * HandleRequestStateTransfer (replica.cc:753):   [2] Sending state transfer from <0,0> to <0,0>
20230730-113324-5492 00135 * RequestStateTransfer (replica.cc:217):   [2] Requesting state transfer: <0,0>
20230730-113324-5493 00135 * RequestStateTransfer (replica.cc:217):   [2] Requesting state transfer: <0,0>
20230730-113324-5493 00135 * HandleRequestStateTransfer (replica.cc:753):   [2] Sending state transfer from <0,0> to <0,0>
20230730-113324-5493 00135 * HandleRequestStateTransfer (replica.cc:753):   [2] Sending state transfer from <0,0> to <0,0>
20230730-113324-5558 00135 * HandleRequestStateTransfer (replica.cc:753):   [2] Sending state transfer from <0,0> to <0,0>
20230730-113324-5559 00135 * HandleRequestStateTransfer (replica.cc:753):   [2] Sending state transfer from <0,0> to <0,0>
20230730-113324-5559 00135 * HandleRequestStateTransfer (replica.cc:753):   [2] Sending state transfer from <0,0> to <0,0>
20230730-113324-5559 00135 * RequestStateTransfer (replica.cc:217):   [2] Requesting state transfer: <0,0>
20230730-113324-5560 00135 * HandleRequestStateTransfer (replica.cc:753):   [2] Sending state transfer from <0,0> to <0,0>
20230730-113324-5560 00135 * RequestStateTransfer (replica.cc:217):   [2] Requesting state transfer: <0,0>
20230730-113324-5561 00135 * HandleRequestStateTransfer (replica.cc:753):   [2] Sending state transfer from <0,0> to <0,0>
20230730-113324-5561 00135 * RequestStateTransfer (replica.cc:217):   [2] Requesting state transfer: <0,0>
20230730-113324-5562 00135 * HandleRequestStateTransfer (replica.cc:753):   [2] Sending state transfer from <0,0> to <0,0>
20230730-113324-5562 00135 * HandleRequestStateTransfer (replica.cc:753):   [2] Sending state transfer from <0,0> to <0,0>
20230730-113324-5563 00135 * RequestStateTransfer (replica.cc:217):   [2] Requesting state transfer: <0,0>
20230730-113324-5563 00135 * RequestStateTransfer (replica.cc:217):   [2] Requesting state transfer: <0,0>
20230730-113324-5564 00135 * HandleRequestStateTransfer (replica.cc:753):   [2] Sending state transfer from <0,0> to <0,0>
20230730-113324-5564 00135 * HandleRequestStateTransfer (replica.cc:753):   [2] Sending state transfer from <0,0> to <0,0>
20230730-113324-5565 00135 * RequestStateTransfer (replica.cc:217):   [2] Requesting state transfer: <0,0>
20230730-113324-5565 00135 * HandleRequestStateTransfer (replica.cc:753):   [2] Sending state transfer from <0,0> to <0,0>
20230730-113324-5566 00135 * RequestStateTransfer (replica.cc:217):   [2] Requesting state transfer: <0,0>
20230730-113324-5566 00135 * HandleRequestStateTransfer (replica.cc:753):   [2] Sending state transfer from <0,0> to <0,0>
20230730-113324-5567 00135 * RequestStateTransfer (replica.cc:217):   [2] Requesting state transfer: <0,0>
20230730-113324-5567 00135 * HandleRequestStateTransfer (replica.cc:753):   [2] Sending state transfer from <0,0> to <0,0>
20230730-113324-5568 00135 * RequestStateTransfer (replica.cc:217):   [2] Requesting state transfer: <0,0>
20230730-113324-5568 00135 * HandleRequestStateTransfer (replica.cc:753):   [2] Sending state transfer from <0,0> to <0,0>
20230730-113324-5568 00135 * RequestStateTransfer (replica.cc:217):   [2] Requesting state transfer: <0,0>
20230730-113324-5569 00135 * RequestStateTransfer (replica.cc:217):   [2] Requesting state transfer: <0,0>
20230730-113324-5570 00135 * HandleRequestStateTransfer (replica.cc:753):   [2] Sending state transfer from <0,0> to <0,0>
20230730-113324-5570 00135 * HandleRequestStateTransfer (replica.cc:753):   [2] Sending state transfer from <0,0> to <0,0>
20230730-113324-5570 00135 * RequestStateTransfer (replica.cc:217):   [2] Requesting state transfer: <0,0>
20230730-113324-5571 00135 * HandleRequestStateTransfer (replica.cc:753):   [2] Sending state transfer from <0,0> to <0,0>
20230730-113324-5571 00135 * RequestStateTransfer (replica.cc:217):   [2] Requesting state transfer: <0,0>
20230730-113324-5572 00135 * HandleRequestStateTransfer (replica.cc:753):   [2] Sending state transfer from <0,0> to <0,0>
20230730-113324-5572 00135 * RequestStateTransfer (replica.cc:217):   [2] Requesting state transfer: <0,0>
20230730-113324-5573 00135 * HandleRequestStateTransfer (replica.cc:753):   [2] Sending state transfer from <0,0> to <0,0>
20230730-113324-5573 00135 * RequestStateTransfer (replica.cc:217):   [2] Requesting state transfer: <0,0>
20230730-113324-5574 00135 * HandleRequestStateTransfer (replica.cc:753):   [2] Sending state transfer from <0,0> to <0,0>
20230730-113324-5574 00135 * RequestStateTransfer (replica.cc:217):   [2] Requesting state transfer: <0,0>
20230730-113324-5575 00135 * HandleRequestStateTransfer (replica.cc:753):   [2] Sending state transfer from <0,0> to <0,0>
20230730-113324-5575 00135 * RequestStateTransfer (replica.cc:217):   [2] Requesting state transfer: <0,0>
20230730-113324-5576 00135 * RequestStateTransfer (replica.cc:217):   [2] Requesting state transfer: <0,0>
20230730-113324-5576 00135 * HandleRequestStateTransfer (replica.cc:753):   [2] Sending state transfer from <0,0> to <0,0>
20230730-113324-5577 00135 * RequestStateTransfer (replica.cc:217):   [2] Requesting state transfer: <0,0>
20230730-113324-5577 00135 * HandleRequestStateTransfer (replica.cc:753):   [2] Sending state transfer from <0,0> to <0,0>
20230730-113324-5578 00135 * HandleRequestStateTransfer (replica.cc:753):   [2] Sending state transfer from <0,0> to <0,0>
20230730-113324-5638 00135 ! OnReadable      (udptransport.cc:588): Fragments out of order for packet 6; expected start 0, got 9000
20230730-113324-5638 00135 ! OnReadable      (udptransport.cc:580): Failed to reconstruct packet 6
20230730-113338-4890 00135 * RequestStateTransfer (replica.cc:217):   [2] Requesting state transfer: <0,32865>
20230730-113338-4891 00135 * HandleRequestStateTransfer (replica.cc:753):   [2] Sending state transfer from <0,32865> to <0,32865>
20230730-113338-4892 00135 * RequestStateTransfer (replica.cc:217):   [2] Requesting state transfer: <0,32866>
20230730-113339-1382 00135 * RequestStateTransfer (replica.cc:217):   [2] Requesting state transfer: <0,34568>
20230730-113339-1384 00135 * HandleRequestStateTransfer (replica.cc:753):   [2] Sending state transfer from <0,34568> to <0,34569>
20230730-113344-6417 00135 * RequestStateTransfer (replica.cc:217):   [2] Requesting state transfer: <0,49369>
20230730-113344-6418 00135 * RequestStateTransfer (replica.cc:217):   [2] Requesting state transfer: <0,49370>
20230730-113350-0696 00135 * RequestStateTransfer (replica.cc:217):   [2] Requesting state transfer: <0,60210>
20230730-113350-0697 00135 * HandleRequestStateTransfer (replica.cc:753):   [2] Sending state transfer from <0,60210> to <0,60210>
20230730-113351-4993 00135 * HandleRequestStateTransfer (replica.cc:753):   [2] Sending state transfer from <0,63449> to <0,63450>
20230730-113352-6589 00135 * RequestStateTransfer (replica.cc:217):   [2] Requesting state transfer: <0,66045>
20230730-113352-6592 00135 * HandleRequestStateTransfer (replica.cc:753):   [2] Sending state transfer from <0,66045> to <0,66045>
20230730-113357-2102 00135 * RequestStateTransfer (replica.cc:217):   [2] Requesting state transfer: <0,76715>
20230730-113357-2103 00135 * HandleRequestStateTransfer (replica.cc:753):   [2] Sending state transfer from <0,76715> to <0,76715>
20230730-113357-2103 00135 * RequestStateTransfer (replica.cc:217):   [2] Requesting state transfer: <0,76716>
20230730-113357-2105 00135 * HandleRequestStateTransfer (replica.cc:753):   [2] Sending state transfer from <0,76716> to <0,76717>
20230730-113357-2166 00135 * RequestStateTransfer (replica.cc:217):   [2] Requesting state transfer: <0,76771>
20230730-113357-2168 00135 * HandleRequestStateTransfer (replica.cc:753):   [2] Sending state transfer from <0,76771> to <0,76773>
20230730-113357-2168 00135 * RequestStateTransfer (replica.cc:217):   [2] Requesting state transfer: <0,76773>
20230730-113357-2171 00135 * HandleRequestStateTransfer (replica.cc:753):   [2] Sending state transfer from <0,76773> to <0,76775>
20230730-113358-3535 00135 * HandleRequestStateTransfer (replica.cc:753):   [2] Sending state transfer from <0,78790> to <0,78791>
20230730-113358-3536 00135 * HandleRequestStateTransfer (replica.cc:753):   [2] Sending state transfer from <0,78791> to <0,78792>
20230730-113359-2624 00135 * RequestStateTransfer (replica.cc:217):   [2] Requesting state transfer: <0,80814>
20230730-113359-2625 00135 * RequestStateTransfer (replica.cc:217):   [2] Requesting state transfer: <0,80815>
20230730-113404-6707 00135 * RequestStateTransfer (replica.cc:217):   [2] Requesting state transfer: <0,84338>
20230730-113404-6708 00135 * RequestStateTransfer (replica.cc:217):   [2] Requesting state transfer: <0,84339>
20230730-113404-6709 00135 * RequestStateTransfer (replica.cc:217):   [2] Requesting state transfer: <0,84340>
20230730-113404-6710 00135 * RequestStateTransfer (replica.cc:217):   [2] Requesting state transfer: <0,84342>
20230730-113405-4208 00135 * RequestStateTransfer (replica.cc:217):   [2] Requesting state transfer: <0,86360>
20230730-113405-4209 00135 * RequestStateTransfer (replica.cc:217):   [2] Requesting state transfer: <0,86362>
20230730-113405-4431 00135 ! Prepare         (lockstore.cc:86):  Lots of prepared transactions! 101
20230730-113405-4432 00135 ! Prepare         (lockstore.cc:86):  Lots of prepared transactions! 101
20230730-113405-4438 00135 ! Prepare         (lockstore.cc:86):  Lots of prepared transactions! 101
20230730-113405-5294 00135 ! Prepare         (lockstore.cc:86):  Lots of prepared transactions! 101
20230730-113405-5300 00135 ! Prepare         (lockstore.cc:86):  Lots of prepared transactions! 101
20230730-113405-5309 00135 ! Prepare         (lockstore.cc:86):  Lots of prepared transactions! 101
20230730-113405-5339 00135 ! Prepare         (lockstore.cc:86):  Lots of prepared transactions! 101
20230730-113405-5345 00135 ! Prepare         (lockstore.cc:86):  Lots of prepared transactions! 101
20230730-113405-5350 00135 ! Prepare         (lockstore.cc:86):  Lots of prepared transactions! 101
20230730-113405-5362 00135 ! Prepare         (lockstore.cc:86):  Lots of prepared transactions! 101
20230730-113405-5363 00135 ! Prepare         (lockstore.cc:86):  Lots of prepared transactions! 101
20230730-113405-5375 00135 ! Prepare         (lockstore.cc:86):  Lots of prepared transactions! 102
20230730-113405-5394 00135 ! Prepare         (lockstore.cc:86):  Lots of prepared transactions! 101
20230730-113405-5397 00135 ! Prepare         (lockstore.cc:86):  Lots of prepared transactions! 101
20230730-113405-5404 00135 ! Prepare         (lockstore.cc:86):  Lots of prepared transactions! 101
20230730-113405-5405 00135 ! Prepare         (lockstore.cc:86):  Lots of prepared transactions! 101
20230730-113405-5407 00135 ! Prepare         (lockstore.cc:86):  Lots of prepared transactions! 101
20230730-113405-5413 00135 ! Prepare         (lockstore.cc:86):  Lots of prepared transactions! 101
20230730-113405-5416 00135 ! Prepare         (lockstore.cc:86):  Lots of prepared transactions! 101
20230730-113405-5419 00135 ! Prepare         (lockstore.cc:86):  Lots of prepared transactions! 101
20230730-113405-5422 00135 ! Prepare         (lockstore.cc:86):  Lots of prepared transactions! 101
20230730-113405-5473 00135 ! Prepare         (lockstore.cc:86):  Lots of prepared transactions! 101
20230730-113405-5474 00135 ! Prepare         (lockstore.cc:86):  Lots of prepared transactions! 101
20230730-113405-5481 00135 ! Prepare         (lockstore.cc:86):  Lots of prepared transactions! 101
20230730-113405-5483 00135 ! Prepare         (lockstore.cc:86):  Lots of prepared transactions! 101
20230730-113405-5484 00135 ! Prepare         (lockstore.cc:86):  Lots of prepared transactions! 101
20230730-113405-5486 00135 ! Prepare         (lockstore.cc:86):  Lots of prepared transactions! 101
20230730-113405-5488 00135 ! Prepare         (lockstore.cc:86):  Lots of prepared transactions! 102
20230730-113405-5493 00135 ! Prepare         (lockstore.cc:86):  Lots of prepared transactions! 102
20230730-113405-5494 00135 ! Prepare         (lockstore.cc:86):  Lots of prepared transactions! 103
20230730-113405-5498 00135 ! Prepare         (lockstore.cc:86):  Lots of prepared transactions! 103
20230730-113405-5500 00135 ! Prepare         (lockstore.cc:86):  Lots of prepared transactions! 104
20230730-113405-5501 00135 ! Prepare         (lockstore.cc:86):  Lots of prepared transactions! 104
20230730-113405-5503 00135 ! Prepare         (lockstore.cc:86):  Lots of prepared transactions! 103
20230730-113405-5509 00135 ! Prepare         (lockstore.cc:86):  Lots of prepared transactions! 101
20230730-113405-5510 00135 ! Prepare         (lockstore.cc:86):  Lots of prepared transactions! 101
20230730-113405-5511 00135 ! Prepare         (lockstore.cc:86):  Lots of prepared transactions! 101
20230730-113405-5516 00135 ! Prepare         (lockstore.cc:86):  Lots of prepared transactions! 102
20230730-113405-5520 00135 ! Prepare         (lockstore.cc:86):  Lots of prepared transactions! 102
20230730-113405-5537 00135 ! Prepare         (lockstore.cc:86):  Lots of prepared transactions! 101
20230730-113405-5538 00135 ! Prepare         (lockstore.cc:86):  Lots of prepared transactions! 102
20230730-113405-5540 00135 ! Prepare         (lockstore.cc:86):  Lots of prepared transactions! 102
20230730-113405-5544 00135 ! Prepare         (lockstore.cc:86):  Lots of prepared transactions! 101
20230730-113405-5546 00135 ! Prepare         (lockstore.cc:86):  Lots of prepared transactions! 101
20230730-113405-5555 00135 ! Prepare         (lockstore.cc:86):  Lots of prepared transactions! 101
20230730-113405-5557 00135 ! Prepare         (lockstore.cc:86):  Lots of prepared transactions! 101
20230730-113405-5583 00135 ! Prepare         (lockstore.cc:86):  Lots of prepared transactions! 101
20230730-113405-5584 00135 ! Prepare         (lockstore.cc:86):  Lots of prepared transactions! 101
20230730-113405-5603 00135 ! Prepare         (lockstore.cc:86):  Lots of prepared transactions! 101
20230730-113405-5612 00135 ! Prepare         (lockstore.cc:86):  Lots of prepared transactions! 101
20230730-113405-6202 00135 ! Prepare         (lockstore.cc:86):  Lots of prepared transactions! 101
20230730-113405-6207 00135 ! Prepare         (lockstore.cc:86):  Lots of prepared transactions! 101
20230730-113405-6218 00135 ! Prepare         (lockstore.cc:86):  Lots of prepared transactions! 101
20230730-113405-6227 00135 ! Prepare         (lockstore.cc:86):  Lots of prepared transactions! 101
20230730-113405-6230 00135 ! Prepare         (lockstore.cc:86):  Lots of prepared transactions! 102
20230730-113405-6246 00135 ! Prepare         (lockstore.cc:86):  Lots of prepared transactions! 102
20230730-113405-6251 00135 ! Prepare         (lockstore.cc:86):  Lots of prepared transactions! 102
20230730-113405-6259 00135 ! Prepare         (lockstore.cc:86):  Lots of prepared transactions! 102
20230730-113405-6265 00135 ! Prepare         (lockstore.cc:86):  Lots of prepared transactions! 102
20230730-113405-6275 00135 ! Prepare         (lockstore.cc:86):  Lots of prepared transactions! 102
20230730-113405-6276 00135 ! Prepare         (lockstore.cc:86):  Lots of prepared transactions! 102
20230730-113405-6283 00135 ! Prepare         (lockstore.cc:86):  Lots of prepared transactions! 102
20230730-113405-6304 00135 ! Prepare         (lockstore.cc:86):  Lots of prepared transactions! 102
20230730-113405-6316 00135 ! Prepare         (lockstore.cc:86):  Lots of prepared transactions! 102
20230730-113405-6318 00135 ! Prepare         (lockstore.cc:86):  Lots of prepared transactions! 102
20230730-113405-6321 00135 ! Prepare         (lockstore.cc:86):  Lots of prepared transactions! 102
20230730-113405-6324 00135 ! Prepare         (lockstore.cc:86):  Lots of prepared transactions! 102
20230730-113405-6329 00135 ! Prepare         (lockstore.cc:86):  Lots of prepared transactions! 102
20230730-113405-6336 00135 ! Prepare         (lockstore.cc:86):  Lots of prepared transactions! 102
20230730-113405-6357 00135 ! Prepare         (lockstore.cc:86):  Lots of prepared transactions! 102
20230730-113405-6358 00135 ! Prepare         (lockstore.cc:86):  Lots of prepared transactions! 102
20230730-113405-6361 00135 ! Prepare         (lockstore.cc:86):  Lots of prepared transactions! 102
20230730-113405-6370 00135 ! Prepare         (lockstore.cc:86):  Lots of prepared transactions! 102
20230730-113405-6379 00135 ! Prepare         (lockstore.cc:86):  Lots of prepared transactions! 102
20230730-113405-6384 00135 ! Prepare         (lockstore.cc:86):  Lots of prepared transactions! 102
20230730-113405-6401 00135 ! Prepare         (lockstore.cc:86):  Lots of prepared transactions! 102
20230730-113405-6411 00135 ! Prepare         (lockstore.cc:86):  Lots of prepared transactions! 102
20230730-113405-6423 00135 ! Prepare         (lockstore.cc:86):  Lots of prepared transactions! 102
20230730-113405-6432 00135 ! Prepare         (lockstore.cc:86):  Lots of prepared transactions! 102
20230730-113405-6433 00135 ! Prepare         (lockstore.cc:86):  Lots of prepared transactions! 102
20230730-113405-6443 00135 ! Prepare         (lockstore.cc:86):  Lots of prepared transactions! 102
20230730-113405-6452 00135 ! Prepare         (lockstore.cc:86):  Lots of prepared transactions! 102
20230730-113405-6453 00135 ! Prepare         (lockstore.cc:86):  Lots of prepared transactions! 102
20230730-113405-6454 00135 ! Prepare         (lockstore.cc:86):  Lots of prepared transactions! 102
20230730-113405-6467 00135 ! Prepare         (lockstore.cc:86):  Lots of prepared transactions! 102
20230730-113405-6485 00135 ! Prepare         (lockstore.cc:86):  Lots of prepared transactions! 102
20230730-113405-6494 00135 ! Prepare         (lockstore.cc:86):  Lots of prepared transactions! 102
20230730-113405-6495 00135 ! Prepare         (lockstore.cc:86):  Lots of prepared transactions! 102
20230730-113405-6498 00135 ! Prepare         (lockstore.cc:86):  Lots of prepared transactions! 102
20230730-113405-6501 00135 ! Prepare         (lockstore.cc:86):  Lots of prepared transactions! 102
20230730-113405-6502 00135 ! Prepare         (lockstore.cc:86):  Lots of prepared transactions! 102
20230730-113405-6510 00135 ! Prepare         (lockstore.cc:86):  Lots of prepared transactions! 102
20230730-113405-6513 00135 ! Prepare         (lockstore.cc:86):  Lots of prepared transactions! 103
20230730-113405-6519 00135 ! Prepare         (lockstore.cc:86):  Lots of prepared transactions! 103
20230730-113405-6522 00135 ! Prepare         (lockstore.cc:86):  Lots of prepared transactions! 103
20230730-113405-6529 00135 ! Prepare         (lockstore.cc:86):  Lots of prepared transactions! 103
20230730-113405-6539 00135 ! Prepare         (lockstore.cc:86):  Lots of prepared transactions! 103
20230730-113405-6542 00135 ! Prepare         (lockstore.cc:86):  Lots of prepared transactions! 104
20230730-113405-6544 00135 ! Prepare         (lockstore.cc:86):  Lots of prepared transactions! 104
20230730-113405-6547 00135 ! Prepare         (lockstore.cc:86):  Lots of prepared transactions! 104
20230730-113405-6549 00135 ! Prepare         (lockstore.cc:86):  Lots of prepared transactions! 104
20230730-113405-6570 00135 ! Prepare         (lockstore.cc:86):  Lots of prepared transactions! 104
20230730-113405-6574 00135 ! Prepare         (lockstore.cc:86):  Lots of prepared transactions! 104
20230730-113405-6583 00135 ! Prepare         (lockstore.cc:86):  Lots of prepared transactions! 104
20230730-113405-6584 00135 ! Prepare         (lockstore.cc:86):  Lots of prepared transactions! 104
20230730-113405-6597 00135 ! Prepare         (lockstore.cc:86):  Lots of prepared transactions! 104
20230730-113405-6603 00135 ! Prepare         (lockstore.cc:86):  Lots of prepared transactions! 104
20230730-113405-6614 00135 ! Prepare         (lockstore.cc:86):  Lots of prepared transactions! 104
20230730-113405-6618 00135 ! Prepare         (lockstore.cc:86):  Lots of prepared transactions! 104
20230730-113405-6619 00135 ! Prepare         (lockstore.cc:86):  Lots of prepared transactions! 104
20230730-113405-6624 00135 ! Prepare         (lockstore.cc:86):  Lots of prepared transactions! 104
20230730-113405-6628 00135 ! Prepare         (lockstore.cc:86):  Lots of prepared transactions! 104
20230730-113405-6633 00135 ! Prepare         (lockstore.cc:86):  Lots of prepared transactions! 104
20230730-113405-6635 00135 ! Prepare         (lockstore.cc:86):  Lots of prepared transactions! 104
20230730-113405-6643 00135 ! Prepare         (lockstore.cc:86):  Lots of prepared transactions! 104
20230730-113405-6650 00135 ! Prepare         (lockstore.cc:86):  Lots of prepared transactions! 104
20230730-113405-6652 00135 ! Prepare         (lockstore.cc:86):  Lots of prepared transactions! 104
20230730-113405-6659 00135 ! Prepare         (lockstore.cc:86):  Lots of prepared transactions! 104
20230730-113405-6689 00135 ! Prepare         (lockstore.cc:86):  Lots of prepared transactions! 104
20230730-113405-6697 00135 ! Prepare         (lockstore.cc:86):  Lots of prepared transactions! 104
20230730-113405-6698 00135 ! Prepare         (lockstore.cc:86):  Lots of prepared transactions! 104
20230730-113405-6705 00135 ! Prepare         (lockstore.cc:86):  Lots of prepared transactions! 104
20230730-113405-6706 00135 ! Prepare         (lockstore.cc:86):  Lots of prepared transactions! 104
20230730-113405-6708 00135 ! Prepare         (lockstore.cc:86):  Lots of prepared transactions! 104
20230730-113405-6712 00135 ! Prepare         (lockstore.cc:86):  Lots of prepared transactions! 104
20230730-113405-6722 00135 ! Prepare         (lockstore.cc:86):  Lots of prepared transactions! 103
20230730-113405-6729 00135 ! Prepare         (lockstore.cc:86):  Lots of prepared transactions! 103
20230730-113405-6745 00135 ! Prepare         (lockstore.cc:86):  Lots of prepared transactions! 102
20230730-113405-6765 00135 ! Prepare         (lockstore.cc:86):  Lots of prepared transactions! 102
20230730-113405-6768 00135 ! Prepare         (lockstore.cc:86):  Lots of prepared transactions! 102
20230730-113405-6773 00135 ! Prepare         (lockstore.cc:86):  Lots of prepared transactions! 102
20230730-113405-6779 00135 ! Prepare         (lockstore.cc:86):  Lots of prepared transactions! 101
20230730-113405-6787 00135 ! Prepare         (lockstore.cc:86):  Lots of prepared transactions! 101
20230730-113405-6792 00135 ! Prepare         (lockstore.cc:86):  Lots of prepared transactions! 101
20230730-113405-6795 00135 ! Prepare         (lockstore.cc:86):  Lots of prepared transactions! 101
20230730-113405-6812 00135 ! Prepare         (lockstore.cc:86):  Lots of prepared transactions! 101
20230730-113405-6815 00135 ! Prepare         (lockstore.cc:86):  Lots of prepared transactions! 101
20230730-113405-6819 00135 ! Prepare         (lockstore.cc:86):  Lots of prepared transactions! 101
20230730-113411-9364 00135 * RequestStateTransfer (replica.cc:217):   [2] Requesting state transfer: <0,103903>
20230730-113416-2643 00135 * RequestStateTransfer (replica.cc:217):   [2] Requesting state transfer: <0,112996>
20230730-113416-2644 00135 * RequestStateTransfer (replica.cc:217):   [2] Requesting state transfer: <0,112997>
20230730-113417-4184 00135 * RequestStateTransfer (replica.cc:217):   [2] Requesting state transfer: <0,115780>
20230730-113417-4186 00135 * RequestStateTransfer (replica.cc:217):   [2] Requesting state transfer: <0,115781>
20230730-113417-8760 00135 * RequestStateTransfer (replica.cc:217):   [2] Requesting state transfer: <0,117006>
20230730-113417-8761 00135 * RequestStateTransfer (replica.cc:217):   [2] Requesting state transfer: <0,117007>
20230730-113420-0073 00135 * HandleRequestStateTransfer (replica.cc:753):   [2] Sending state transfer from <0,121320> to <0,121321>
20230730-113420-0075 00135 * HandleRequestStateTransfer (replica.cc:753):   [2] Sending state transfer from <0,121322> to <0,121322>
20230730-113420-0077 00135 * HandleRequestStateTransfer (replica.cc:753):   [2] Sending state transfer from <0,121323> to <0,121324>
20230730-113420-0079 00135 * HandleRequestStateTransfer (replica.cc:753):   [2] Sending state transfer from <0,121324> to <0,121324>
20230730-113421-3825 00135 * RequestStateTransfer (replica.cc:217):   [2] Requesting state transfer: <0,124212>
20230730-113421-3827 00135 * RequestStateTransfer (replica.cc:217):   [2] Requesting state transfer: <0,124214>
