20230730-113317-9862 00133 ! Prepare         (lockstore.cc:86):  Lots of prepared transactions! 101
20230730-113318-0101 00133 ! Prepare         (lockstore.cc:86):  Lots of prepared transactions! 102
20230730-113318-8588 00133 ! Prepare         (lockstore.cc:86):  Lots of prepared transactions! 103
20230730-113324-6008 00133 ! Prepare         (lockstore.cc:86):  Lots of prepared transactions! 104
20230730-113324-6020 00133 ! Prepare         (lockstore.cc:86):  Lots of prepared transactions! 104
20230730-113324-6030 00133 ! Prepare         (lockstore.cc:86):  Lots of prepared transactions! 103
20230730-113324-6039 00133 ! Prepare         (lockstore.cc:86):  Lots of prepared transactions! 103
20230730-113324-6050 00133 ! Prepare         (lockstore.cc:86):  Lots of prepared transactions! 103
20230730-113324-6060 00133 ! Prepare         (lockstore.cc:86):  Lots of prepared transactions! 103
20230730-113324-6072 00133 ! Prepare         (lockstore.cc:86):  Lots of prepared transactions! 103
20230730-113324-6087 00133 ! Prepare         (lockstore.cc:86):  Lots of prepared transactions! 101
20230730-113324-6090 00133 ! Prepare         (lockstore.cc:86):  Lots of prepared transactions! 102
20230730-113324-6094 00133 ! Prepare         (lockstore.cc:86):  Lots of prepared transactions! 103
20230730-113324-6108 00133 ! Prepare         (lockstore.cc:86):  Lots of prepared transactions! 101
20230730-113324-6110 00133 ! Prepare         (lockstore.cc:86):  Lots of prepared transactions! 102
20230730-113324-6122 00133 ! Prepare         (lockstore.cc:86):  Lots of prepared transactions! 101
20230730-113324-6123 00133 ! Prepare         (lockstore.cc:86):  Lots of prepared transactions! 102
20230730-113324-6131 00133 ! Prepare         (lockstore.cc:86):  Lots of prepared transactions! 101
20230730-113324-6140 00133 ! Prepare         (lockstore.cc:86):  Lots of prepared transactions! 101
20230730-113338-6380 00133 * RequestStateTransfer (replica.cc:217):   [2] Requesting state transfer: <0,38532>
20230730-113338-6381 00133 ! SendMessageInternal (udptransport.cc:442): Failed to send message: No such file or directory
20230730-113338-6381 00133 ! RequestStateTransfer (replica.cc:223):   [2] Failed to send RequestStateTransfer message to all replicas
20230730-113338-6382 00133 * HandleRequestStateTransfer (replica.cc:753):   [2] Sending state transfer from <0,38532> to <0,38532>
20230730-113348-7285 00133 * RequestStateTransfer (replica.cc:217):   [2] Requesting state transfer: <0,63978>
20230730-113348-7286 00133 * RequestStateTransfer (replica.cc:217):   [2] Requesting state transfer: <0,63980>
20230730-113357-5874 00133 * RequestStateTransfer (replica.cc:217):   [2] Requesting state transfer: <0,83897>
20230730-113357-5875 00133 * RequestStateTransfer (replica.cc:217):   [2] Requesting state transfer: <0,83898>
20230730-113357-5876 00133 * RequestStateTransfer (replica.cc:217):   [2] Requesting state transfer: <0,83899>
20230730-113401-9412 00133 * RequestStateTransfer (replica.cc:217):   [2] Requesting state transfer: <0,90260>
20230730-113401-9414 00133 * RequestStateTransfer (replica.cc:217):   [2] Requesting state transfer: <0,90262>
20230730-113405-9147 00133 ! Prepare         (lockstore.cc:86):  Lots of prepared transactions! 101
20230730-113405-9160 00133 ! Prepare         (lockstore.cc:86):  Lots of prepared transactions! 101
20230730-113405-9162 00133 ! Prepare         (lockstore.cc:86):  Lots of prepared transactions! 101
20230730-113405-9164 00133 ! Prepare         (lockstore.cc:86):  Lots of prepared transactions! 101
20230730-113405-9168 00133 ! Prepare         (lockstore.cc:86):  Lots of prepared transactions! 101
20230730-113405-9175 00133 ! Prepare         (lockstore.cc:86):  Lots of prepared transactions! 101
20230730-113405-9178 00133 ! Prepare         (lockstore.cc:86):  Lots of prepared transactions! 101
20230730-113405-9282 00133 ! Prepare         (lockstore.cc:86):  Lots of prepared transactions! 101
20230730-113405-9287 00133 ! Prepare         (lockstore.cc:86):  Lots of prepared transactions! 101
20230730-113405-9302 00133 ! Prepare         (lockstore.cc:86):  Lots of prepared transactions! 101
20230730-113405-9311 00133 ! Prepare         (lockstore.cc:86):  Lots of prepared transactions! 101
20230730-113407-9170 00133 * RequestStateTransfer (replica.cc:217):   [2] Requesting state transfer: <0,100252>
20230730-113407-9172 00133 * RequestStateTransfer (replica.cc:217):   [2] Requesting state transfer: <0,100254>
20230730-113412-2744 00133 * RequestStateTransfer (replica.cc:217):   [2] Requesting state transfer: <0,111097>
20230730-113412-2746 00133 * RequestStateTransfer (replica.cc:217):   [2] Requesting state transfer: <0,111098>
20230730-113412-3844 00133 * RequestStateTransfer (replica.cc:217):   [2] Requesting state transfer: <0,111462>
20230730-113412-3846 00133 * RequestStateTransfer (replica.cc:217):   [2] Requesting state transfer: <0,111463>
20230730-113412-3847 00133 * RequestStateTransfer (replica.cc:217):   [2] Requesting state transfer: <0,111464>
