20230730-113324-5376 00094 * RequestStateTransfer (replica.cc:217):   [1] Requesting state transfer: <0,0>
20230730-113324-5377 00094 * RequestStateTransfer (replica.cc:217):   [1] Requesting state transfer: <0,0>
20230730-113324-5378 00094 * RequestStateTransfer (replica.cc:217):   [1] Requesting state transfer: <0,0>
20230730-113324-5378 00094 * RequestStateTransfer (replica.cc:217):   [1] Requesting state transfer: <0,0>
20230730-113324-5379 00094 * RequestStateTransfer (replica.cc:217):   [1] Requesting state transfer: <0,0>
20230730-113324-5380 00094 * RequestStateTransfer (replica.cc:217):   [1] Requesting state transfer: <0,0>
20230730-113324-5380 00094 * RequestStateTransfer (replica.cc:217):   [1] Requesting state transfer: <0,0>
20230730-113324-5381 00094 * RequestStateTransfer (replica.cc:217):   [1] Requesting state transfer: <0,0>
20230730-113324-5381 00094 * RequestStateTransfer (replica.cc:217):   [1] Requesting state transfer: <0,0>
20230730-113324-5382 00094 * RequestStateTransfer (replica.cc:217):   [1] Requesting state transfer: <0,0>
20230730-113324-5382 00094 * RequestStateTransfer (replica.cc:217):   [1] Requesting state transfer: <0,0>
20230730-113324-5383 00094 * RequestStateTransfer (replica.cc:217):   [1] Requesting state transfer: <0,0>
20230730-113324-5383 00094 * RequestStateTransfer (replica.cc:217):   [1] Requesting state transfer: <0,0>
20230730-113324-5384 00094 * RequestStateTransfer (replica.cc:217):   [1] Requesting state transfer: <0,0>
20230730-113324-5384 00094 * RequestStateTransfer (replica.cc:217):   [1] Requesting state transfer: <0,0>
20230730-113324-5384 00094 * RequestStateTransfer (replica.cc:217):   [1] Requesting state transfer: <0,0>
20230730-113324-5385 00094 * RequestStateTransfer (replica.cc:217):   [1] Requesting state transfer: <0,0>
20230730-113324-5385 00094 * RequestStateTransfer (replica.cc:217):   [1] Requesting state transfer: <0,0>
20230730-113324-5386 00094 * RequestStateTransfer (replica.cc:217):   [1] Requesting state transfer: <0,0>
20230730-113324-5386 00094 * RequestStateTransfer (replica.cc:217):   [1] Requesting state transfer: <0,0>
20230730-113324-5386 00094 * RequestStateTransfer (replica.cc:217):   [1] Requesting state transfer: <0,0>
20230730-113324-5387 00094 * RequestStateTransfer (replica.cc:217):   [1] Requesting state transfer: <0,0>
20230730-113324-5387 00094 * HandleRequestStateTransfer (replica.cc:753):   [1] Sending state transfer from <0,0> to <0,0>
20230730-113324-5387 00094 * HandleRequestStateTransfer (replica.cc:753):   [1] Sending state transfer from <0,0> to <0,0>
20230730-113324-5388 00094 * RequestStateTransfer (replica.cc:217):   [1] Requesting state transfer: <0,0>
20230730-113324-5388 00094 * HandleRequestStateTransfer (replica.cc:753):   [1] Sending state transfer from <0,0> to <0,0>
20230730-113324-5389 00094 * HandleRequestStateTransfer (replica.cc:753):   [1] Sending state transfer from <0,0> to <0,0>
20230730-113324-5389 00094 * HandleRequestStateTransfer (replica.cc:753):   [1] Sending state transfer from <0,0> to <0,0>
20230730-113324-5389 00094 * HandleRequestStateTransfer (replica.cc:753):   [1] Sending state transfer from <0,0> to <0,0>
20230730-113324-5389 00094 * HandleRequestStateTransfer (replica.cc:753):   [1] Sending state transfer from <0,0> to <0,0>
20230730-113324-5390 00094 * HandleRequestStateTransfer (replica.cc:753):   [1] Sending state transfer from <0,0> to <0,0>
20230730-113324-5390 00094 * HandleRequestStateTransfer (replica.cc:753):   [1] Sending state transfer from <0,0> to <0,0>
20230730-113324-5390 00094 * HandleRequestStateTransfer (replica.cc:753):   [1] Sending state transfer from <0,0> to <0,0>
20230730-113324-5391 00094 * HandleRequestStateTransfer (replica.cc:753):   [1] Sending state transfer from <0,0> to <0,0>
20230730-113324-5391 00094 * RequestStateTransfer (replica.cc:217):   [1] Requesting state transfer: <0,0>
20230730-113324-5391 00094 * HandleRequestStateTransfer (replica.cc:753):   [1] Sending state transfer from <0,0> to <0,0>
20230730-113324-5392 00094 * HandleRequestStateTransfer (replica.cc:753):   [1] Sending state transfer from <0,0> to <0,0>
20230730-113324-5392 00094 * RequestStateTransfer (replica.cc:217):   [1] Requesting state transfer: <0,0>
20230730-113324-5392 00094 * HandleRequestStateTransfer (replica.cc:753):   [1] Sending state transfer from <0,0> to <0,0>
20230730-113324-5393 00094 * HandleRequestStateTransfer (replica.cc:753):   [1] Sending state transfer from <0,0> to <0,0>
20230730-113324-5393 00094 * RequestStateTransfer (replica.cc:217):   [1] Requesting state transfer: <0,0>
20230730-113324-5394 00094 * HandleRequestStateTransfer (replica.cc:753):   [1] Sending state transfer from <0,0> to <0,0>
20230730-113324-5394 00094 * RequestStateTransfer (replica.cc:217):   [1] Requesting state transfer: <0,0>
20230730-113324-5395 00094 * HandleRequestStateTransfer (replica.cc:753):   [1] Sending state transfer from <0,0> to <0,0>
20230730-113324-5395 00094 * HandleRequestStateTransfer (replica.cc:753):   [1] Sending state transfer from <0,0> to <0,0>
20230730-113324-5395 00094 * RequestStateTransfer (replica.cc:217):   [1] Requesting state transfer: <0,0>
20230730-113324-5396 00094 * RequestStateTransfer (replica.cc:217):   [1] Requesting state transfer: <0,0>
20230730-113324-5396 00094 * HandleRequestStateTransfer (replica.cc:753):   [1] Sending state transfer from <0,0> to <0,0>
20230730-113324-5396 00094 * RequestStateTransfer (replica.cc:217):   [1] Requesting state transfer: <0,0>
20230730-113324-5397 00094 * RequestStateTransfer (replica.cc:217):   [1] Requesting state transfer: <0,0>
20230730-113324-5398 00094 * RequestStateTransfer (replica.cc:217):   [1] Requesting state transfer: <0,0>
20230730-113324-5599 00094 * HandleRequestStateTransfer (replica.cc:753):   [1] Sending state transfer from <0,0> to <0,0>
20230730-113324-5599 00094 * RequestStateTransfer (replica.cc:217):   [1] Requesting state transfer: <0,0>
20230730-113324-5600 00094 * RequestStateTransfer (replica.cc:217):   [1] Requesting state transfer: <0,0>
20230730-113324-5600 00094 * RequestStateTransfer (replica.cc:217):   [1] Requesting state transfer: <0,0>
20230730-113324-5601 00094 * RequestStateTransfer (replica.cc:217):   [1] Requesting state transfer: <0,0>
20230730-113324-5601 00094 * RequestStateTransfer (replica.cc:217):   [1] Requesting state transfer: <0,0>
20230730-113324-5602 00094 * RequestStateTransfer (replica.cc:217):   [1] Requesting state transfer: <0,0>
20230730-113324-5602 00094 * RequestStateTransfer (replica.cc:217):   [1] Requesting state transfer: <0,0>
20230730-113324-5602 00094 * RequestStateTransfer (replica.cc:217):   [1] Requesting state transfer: <0,0>
20230730-113324-5603 00094 * RequestStateTransfer (replica.cc:217):   [1] Requesting state transfer: <0,0>
20230730-113324-5603 00094 * RequestStateTransfer (replica.cc:217):   [1] Requesting state transfer: <0,0>
20230730-113324-5604 00094 * RequestStateTransfer (replica.cc:217):   [1] Requesting state transfer: <0,0>
20230730-113324-5604 00094 * RequestStateTransfer (replica.cc:217):   [1] Requesting state transfer: <0,0>
20230730-113324-5605 00094 * RequestStateTransfer (replica.cc:217):   [1] Requesting state transfer: <0,0>
20230730-113324-5605 00094 * RequestStateTransfer (replica.cc:217):   [1] Requesting state transfer: <0,0>
20230730-113324-5606 00094 * RequestStateTransfer (replica.cc:217):   [1] Requesting state transfer: <0,0>
20230730-113324-5606 00094 * RequestStateTransfer (replica.cc:217):   [1] Requesting state transfer: <0,0>
20230730-113324-5606 00094 * RequestStateTransfer (replica.cc:217):   [1] Requesting state transfer: <0,0>
20230730-113324-5607 00094 * RequestStateTransfer (replica.cc:217):   [1] Requesting state transfer: <0,0>
20230730-113324-5607 00094 * RequestStateTransfer (replica.cc:217):   [1] Requesting state transfer: <0,0>
20230730-113324-5608 00094 * RequestStateTransfer (replica.cc:217):   [1] Requesting state transfer: <0,0>
20230730-113324-5608 00094 * RequestStateTransfer (replica.cc:217):   [1] Requesting state transfer: <0,0>
20230730-113324-5608 00094 * RequestStateTransfer (replica.cc:217):   [1] Requesting state transfer: <0,0>
20230730-113324-5609 00094 * RequestStateTransfer (replica.cc:217):   [1] Requesting state transfer: <0,0>
20230730-113324-5609 00094 * RequestStateTransfer (replica.cc:217):   [1] Requesting state transfer: <0,0>
20230730-113324-5610 00094 * RequestStateTransfer (replica.cc:217):   [1] Requesting state transfer: <0,0>
20230730-113324-5610 00094 * RequestStateTransfer (replica.cc:217):   [1] Requesting state transfer: <0,0>
20230730-113324-5611 00094 * RequestStateTransfer (replica.cc:217):   [1] Requesting state transfer: <0,0>
20230730-113324-5611 00094 * RequestStateTransfer (replica.cc:217):   [1] Requesting state transfer: <0,0>
20230730-113324-5611 00094 * RequestStateTransfer (replica.cc:217):   [1] Requesting state transfer: <0,0>
20230730-113324-5612 00094 * RequestStateTransfer (replica.cc:217):   [1] Requesting state transfer: <0,0>
20230730-113324-5612 00094 * RequestStateTransfer (replica.cc:217):   [1] Requesting state transfer: <0,0>
20230730-113324-5613 00094 * RequestStateTransfer (replica.cc:217):   [1] Requesting state transfer: <0,0>
20230730-113324-5632 00094 * HandleRequestStateTransfer (replica.cc:753):   [1] Sending state transfer from <0,0> to <0,0>
20230730-113324-5633 00094 * SendMessageInternal (udptransport.cc:448): Sending large replication.vr.proto.StateTransferMessage message in 2 fragments
20230730-113324-5633 00094 * HandleRequestStateTransfer (replica.cc:753):   [1] Sending state transfer from <0,0> to <0,0>
20230730-113324-5634 00094 * SendMessageInternal (udptransport.cc:448): Sending large replication.vr.proto.StateTransferMessage message in 2 fragments
20230730-113324-5634 00094 * HandleRequestStateTransfer (replica.cc:753):   [1] Sending state transfer from <0,0> to <0,0>
20230730-113324-5635 00094 * SendMessageInternal (udptransport.cc:448): Sending large replication.vr.proto.StateTransferMessage message in 2 fragments
20230730-113324-5635 00094 * HandleRequestStateTransfer (replica.cc:753):   [1] Sending state transfer from <0,0> to <0,0>
20230730-113324-5636 00094 * SendMessageInternal (udptransport.cc:448): Sending large replication.vr.proto.StateTransferMessage message in 2 fragments
20230730-113324-5636 00094 * HandleRequestStateTransfer (replica.cc:753):   [1] Sending state transfer from <0,0> to <0,0>
20230730-113324-5637 00094 * SendMessageInternal (udptransport.cc:448): Sending large replication.vr.proto.StateTransferMessage message in 2 fragments
20230730-113324-5637 00094 * HandleRequestStateTransfer (replica.cc:753):   [1] Sending state transfer from <0,0> to <0,0>
20230730-113324-5638 00094 * SendMessageInternal (udptransport.cc:448): Sending large replication.vr.proto.StateTransferMessage message in 2 fragments
20230730-113324-5639 00094 * HandleRequestStateTransfer (replica.cc:753):   [1] Sending state transfer from <0,0> to <0,0>
20230730-113324-5639 00094 * SendMessageInternal (udptransport.cc:448): Sending large replication.vr.proto.StateTransferMessage message in 2 fragments
20230730-113324-5640 00094 * HandleRequestStateTransfer (replica.cc:753):   [1] Sending state transfer from <0,0> to <0,0>
20230730-113324-5640 00094 * SendMessageInternal (udptransport.cc:448): Sending large replication.vr.proto.StateTransferMessage message in 2 fragments
20230730-113324-5641 00094 * HandleRequestStateTransfer (replica.cc:753):   [1] Sending state transfer from <0,0> to <0,0>
20230730-113324-5642 00094 * SendMessageInternal (udptransport.cc:448): Sending large replication.vr.proto.StateTransferMessage message in 2 fragments
20230730-113324-5642 00094 * HandleRequestStateTransfer (replica.cc:753):   [1] Sending state transfer from <0,0> to <0,0>
20230730-113324-5642 00094 * SendMessageInternal (udptransport.cc:448): Sending large replication.vr.proto.StateTransferMessage message in 2 fragments
20230730-113324-5643 00094 * HandleRequestStateTransfer (replica.cc:753):   [1] Sending state transfer from <0,0> to <0,0>
20230730-113324-5643 00094 * SendMessageInternal (udptransport.cc:448): Sending large replication.vr.proto.StateTransferMessage message in 2 fragments
20230730-113324-5644 00094 * HandleRequestStateTransfer (replica.cc:753):   [1] Sending state transfer from <0,0> to <0,0>
20230730-113324-5644 00094 * SendMessageInternal (udptransport.cc:448): Sending large replication.vr.proto.StateTransferMessage message in 2 fragments
20230730-113324-5645 00094 * HandleRequestStateTransfer (replica.cc:753):   [1] Sending state transfer from <0,0> to <0,0>
20230730-113324-5645 00094 * SendMessageInternal (udptransport.cc:448): Sending large replication.vr.proto.StateTransferMessage message in 2 fragments
20230730-113324-5646 00094 * HandleRequestStateTransfer (replica.cc:753):   [1] Sending state transfer from <0,0> to <0,0>
20230730-113324-5646 00094 * SendMessageInternal (udptransport.cc:448): Sending large replication.vr.proto.StateTransferMessage message in 2 fragments
20230730-113324-5647 00094 * HandleRequestStateTransfer (replica.cc:753):   [1] Sending state transfer from <0,0> to <0,0>
20230730-113324-5647 00094 * SendMessageInternal (udptransport.cc:448): Sending large replication.vr.proto.StateTransferMessage message in 2 fragments
20230730-113324-5648 00094 * HandleRequestStateTransfer (replica.cc:753):   [1] Sending state transfer from <0,0> to <0,0>
20230730-113324-5648 00094 * SendMessageInternal (udptransport.cc:448): Sending large replication.vr.proto.StateTransferMessage message in 2 fragments
20230730-113324-5649 00094 * HandleRequestStateTransfer (replica.cc:753):   [1] Sending state transfer from <0,0> to <0,0>
20230730-113324-5649 00094 * SendMessageInternal (udptransport.cc:448): Sending large replication.vr.proto.StateTransferMessage message in 2 fragments
20230730-113324-5650 00094 * HandleRequestStateTransfer (replica.cc:753):   [1] Sending state transfer from <0,0> to <0,0>
20230730-113324-5650 00094 * SendMessageInternal (udptransport.cc:448): Sending large replication.vr.proto.StateTransferMessage message in 2 fragments
20230730-113324-5651 00094 * HandleRequestStateTransfer (replica.cc:753):   [1] Sending state transfer from <0,0> to <0,0>
20230730-113324-5651 00094 * SendMessageInternal (udptransport.cc:448): Sending large replication.vr.proto.StateTransferMessage message in 2 fragments
20230730-113324-5652 00094 * HandleRequestStateTransfer (replica.cc:753):   [1] Sending state transfer from <0,0> to <0,0>
20230730-113324-5652 00094 * SendMessageInternal (udptransport.cc:448): Sending large replication.vr.proto.StateTransferMessage message in 2 fragments
20230730-113324-5652 00094 * HandleRequestStateTransfer (replica.cc:753):   [1] Sending state transfer from <0,0> to <0,0>
20230730-113324-5653 00094 * SendMessageInternal (udptransport.cc:448): Sending large replication.vr.proto.StateTransferMessage message in 2 fragments
20230730-113324-5653 00094 * HandleRequestStateTransfer (replica.cc:753):   [1] Sending state transfer from <0,0> to <0,0>
20230730-113324-5654 00094 * SendMessageInternal (udptransport.cc:448): Sending large replication.vr.proto.StateTransferMessage message in 2 fragments
20230730-113324-5654 00094 * HandleRequestStateTransfer (replica.cc:753):   [1] Sending state transfer from <0,0> to <0,0>
20230730-113324-5655 00094 * SendMessageInternal (udptransport.cc:448): Sending large replication.vr.proto.StateTransferMessage message in 2 fragments
20230730-113324-5655 00094 * HandleRequestStateTransfer (replica.cc:753):   [1] Sending state transfer from <0,0> to <0,0>
20230730-113324-5656 00094 * SendMessageInternal (udptransport.cc:448): Sending large replication.vr.proto.StateTransferMessage message in 2 fragments
20230730-113324-5656 00094 * HandleRequestStateTransfer (replica.cc:753):   [1] Sending state transfer from <0,0> to <0,0>
20230730-113324-5657 00094 * SendMessageInternal (udptransport.cc:448): Sending large replication.vr.proto.StateTransferMessage message in 2 fragments
20230730-113324-5657 00094 * HandleRequestStateTransfer (replica.cc:753):   [1] Sending state transfer from <0,0> to <0,0>
20230730-113324-5658 00094 * SendMessageInternal (udptransport.cc:448): Sending large replication.vr.proto.StateTransferMessage message in 2 fragments
20230730-113324-5658 00094 * HandleRequestStateTransfer (replica.cc:753):   [1] Sending state transfer from <0,0> to <0,0>
20230730-113324-5659 00094 * SendMessageInternal (udptransport.cc:448): Sending large replication.vr.proto.StateTransferMessage message in 2 fragments
20230730-113324-5659 00094 * HandleRequestStateTransfer (replica.cc:753):   [1] Sending state transfer from <0,0> to <0,0>
20230730-113324-5660 00094 * SendMessageInternal (udptransport.cc:448): Sending large replication.vr.proto.StateTransferMessage message in 2 fragments
20230730-113324-5660 00094 * HandleRequestStateTransfer (replica.cc:753):   [1] Sending state transfer from <0,0> to <0,0>
20230730-113324-5660 00094 * SendMessageInternal (udptransport.cc:448): Sending large replication.vr.proto.StateTransferMessage message in 2 fragments
20230730-113324-5661 00094 * HandleRequestStateTransfer (replica.cc:753):   [1] Sending state transfer from <0,0> to <0,0>
20230730-113324-5661 00094 * SendMessageInternal (udptransport.cc:448): Sending large replication.vr.proto.StateTransferMessage message in 2 fragments
20230730-113324-5662 00094 * HandleRequestStateTransfer (replica.cc:753):   [1] Sending state transfer from <0,0> to <0,0>
20230730-113324-5662 00094 * SendMessageInternal (udptransport.cc:448): Sending large replication.vr.proto.StateTransferMessage message in 2 fragments
20230730-113324-5663 00094 * HandleRequestStateTransfer (replica.cc:753):   [1] Sending state transfer from <0,0> to <0,0>
20230730-113324-5663 00094 * SendMessageInternal (udptransport.cc:448): Sending large replication.vr.proto.StateTransferMessage message in 2 fragments
20230730-113324-5664 00094 * HandleRequestStateTransfer (replica.cc:753):   [1] Sending state transfer from <0,0> to <0,0>
20230730-113324-5664 00094 * SendMessageInternal (udptransport.cc:448): Sending large replication.vr.proto.StateTransferMessage message in 2 fragments
20230730-113324-5665 00094 * HandleRequestStateTransfer (replica.cc:753):   [1] Sending state transfer from <0,0> to <0,0>
20230730-113324-5665 00094 * SendMessageInternal (udptransport.cc:448): Sending large replication.vr.proto.StateTransferMessage message in 2 fragments
20230730-113324-5666 00094 * HandleRequestStateTransfer (replica.cc:753):   [1] Sending state transfer from <0,0> to <0,0>
20230730-113324-5666 00094 * SendMessageInternal (udptransport.cc:448): Sending large replication.vr.proto.StateTransferMessage message in 2 fragments
20230730-113324-5667 00094 * HandleRequestStateTransfer (replica.cc:753):   [1] Sending state transfer from <0,0> to <0,0>
20230730-113324-5667 00094 * SendMessageInternal (udptransport.cc:448): Sending large replication.vr.proto.StateTransferMessage message in 2 fragments
20230730-113324-5667 00094 * HandleRequestStateTransfer (replica.cc:753):   [1] Sending state transfer from <0,0> to <0,0>
20230730-113324-5668 00094 * SendMessageInternal (udptransport.cc:448): Sending large replication.vr.proto.StateTransferMessage message in 2 fragments
20230730-113324-5668 00094 * HandleRequestStateTransfer (replica.cc:753):   [1] Sending state transfer from <0,0> to <0,0>
20230730-113324-5669 00094 * SendMessageInternal (udptransport.cc:448): Sending large replication.vr.proto.StateTransferMessage message in 2 fragments
20230730-113324-5669 00094 * HandleRequestStateTransfer (replica.cc:753):   [1] Sending state transfer from <0,0> to <0,0>
20230730-113324-5670 00094 * SendMessageInternal (udptransport.cc:448): Sending large replication.vr.proto.StateTransferMessage message in 2 fragments
20230730-113324-5670 00094 * HandleRequestStateTransfer (replica.cc:753):   [1] Sending state transfer from <0,0> to <0,0>
20230730-113324-5671 00094 * SendMessageInternal (udptransport.cc:448): Sending large replication.vr.proto.StateTransferMessage message in 2 fragments
20230730-113324-5959 00094 ! OnReadable      (udptransport.cc:580): Failed to reconstruct packet 1
20230730-113324-5963 00094 ! OnReadable      (udptransport.cc:580): Failed to reconstruct packet 6
20230730-113324-5968 00094 ! OnReadable      (udptransport.cc:580): Failed to reconstruct packet e
20230730-113324-5974 00094 * RequestStateTransfer (replica.cc:217):   [1] Requesting state transfer: <0,66>
20230730-113336-0966 00094 * RequestStateTransfer (replica.cc:217):   [1] Requesting state transfer: <0,26328>
20230730-113336-0967 00094 * RequestStateTransfer (replica.cc:217):   [1] Requesting state transfer: <0,26329>
20230730-113337-3121 00094 * RequestStateTransfer (replica.cc:217):   [1] Requesting state transfer: <0,28969>
20230730-113337-3122 00094 * HandleRequestStateTransfer (replica.cc:753):   [1] Sending state transfer from <0,28969> to <0,28969>
20230730-113338-8970 00094 * RequestStateTransfer (replica.cc:217):   [1] Requesting state transfer: <0,33771>
20230730-113347-2386 00094 * RequestStateTransfer (replica.cc:217):   [1] Requesting state transfer: <0,53306>
20230730-113353-5278 00094 * HandleRequestStateTransfer (replica.cc:753):   [1] Sending state transfer from <0,67376> to <0,67377>
20230730-113353-5280 00094 * HandleRequestStateTransfer (replica.cc:753):   [1] Sending state transfer from <0,67377> to <0,67379>
20230730-113412-0850 00094 * RequestStateTransfer (replica.cc:217):   [1] Requesting state transfer: <0,103994>
20230730-113412-0851 00094 * HandleRequestStateTransfer (replica.cc:753):   [1] Sending state transfer from <0,103994> to <0,103994>
20230730-113419-7884 00094 * HandleRequestStateTransfer (replica.cc:753):   [1] Sending state transfer from <0,121216> to <0,121218>
20230730-113419-7885 00094 * HandleRequestStateTransfer (replica.cc:753):   [1] Sending state transfer from <0,121218> to <0,121219>
