20230730-160716-6972 02951 ! releaseForWrite (lockserver.cc:353): [-303362743274061525] Releasing unheld write lock: 8B5daNqWsc8xGF9tp4WK0f7EbtEwuvOogV3tUknSEhV32svVlyDHZfxRpkfrB1GQ
20230730-160716-7036 02951 ! releaseForWrite (lockserver.cc:353): [8576916556944340043] Releasing unheld write lock: 8B5daNqWsc8xGF9tp4WK0f7EbtEwuvOogV3tUknSEhV32svVlyDHZfxRpkfrB1GQ
20230730-160717-8989 02951 ! releaseForRead  (lockserver.cc:293): [8272401660376040003] Releasing unheld read lock: 8B5daNqWsc8xGF9tp4WK0f7EbtEwuvOogV3tUknSEhV32svVlyDHZfxRpkfrB1GQ
20230730-160718-8623 02951 * HandleRequestStateTransfer (replica.cc:727):   [0] Sending state transfer from <0,15921> to <0,15926>
20230730-160718-8625 02951 * HandleRequestStateTransfer (replica.cc:727):   [0] Sending state transfer from <0,15922> to <0,15926>
20230730-160718-8632 02951 * HandleRequestStateTransfer (replica.cc:727):   [0] Sending state transfer from <0,15926> to <0,15931>
20230730-160719-3280 02951 * HandleRequestStateTransfer (replica.cc:727):   [0] Sending state transfer from <0,18117> to <0,18119>
20230730-160719-3281 02951 * HandleRequestStateTransfer (replica.cc:727):   [0] Sending state transfer from <0,18118> to <0,18119>
20230730-160719-6425 02951 * HandleRequestStateTransfer (replica.cc:727):   [0] Sending state transfer from <0,20285> to <0,20293>
20230730-160721-6236 02951 * HandleRequestStateTransfer (replica.cc:727):   [0] Sending state transfer from <0,33450> to <0,33452>
20230730-160724-5149 02951 * HandleRequestStateTransfer (replica.cc:727):   [0] Sending state transfer from <0,53041> to <0,53044>
20230730-160724-6839 02951 * HandleRequestStateTransfer (replica.cc:727):   [0] Sending state transfer from <0,54209> to <0,54211>
20230730-160724-6840 02951 * HandleRequestStateTransfer (replica.cc:727):   [0] Sending state transfer from <0,54209> to <0,54212>
20230730-160724-9385 02951 * HandleRequestStateTransfer (replica.cc:727):   [0] Sending state transfer from <0,56104> to <0,56111>
20230730-160727-0152 02951 * HandleRequestStateTransfer (replica.cc:727):   [0] Sending state transfer from <0,65536> to <0,65571>
20230730-160727-0155 02951 * SendMessageInternal (udptransport.cc:442): Sending large replication.vr.proto.StateTransferMessage message in 2 fragments
20230730-160727-0157 02951 * HandleRequestStateTransfer (replica.cc:727):   [0] Sending state transfer from <0,65564> to <0,65571>
20230730-160727-0158 02951 * HandleRequestStateTransfer (replica.cc:727):   [0] Sending state transfer from <0,65565> to <0,65571>
20230730-160727-0159 02951 * HandleRequestStateTransfer (replica.cc:727):   [0] Sending state transfer from <0,65567> to <0,65571>
20230730-160727-0160 02951 * HandleRequestStateTransfer (replica.cc:727):   [0] Sending state transfer from <0,65568> to <0,65571>
20230730-160727-0161 02951 * HandleRequestStateTransfer (replica.cc:727):   [0] Sending state transfer from <0,65571> to <0,65571>
20230730-160727-0210 02951 * HandleRequestStateTransfer (replica.cc:727):   [0] Sending state transfer from <0,65536> to <0,65610>
20230730-160727-0211 02951 * SendMessageInternal (udptransport.cc:442): Sending large replication.vr.proto.StateTransferMessage message in 3 fragments
20230730-160727-0221 02951 * HandleRequestStateTransfer (replica.cc:727):   [0] Sending state transfer from <0,65605> to <0,65618>
20230730-160727-0222 02951 * HandleRequestStateTransfer (replica.cc:727):   [0] Sending state transfer from <0,65606> to <0,65618>
20230730-160727-0225 02951 * HandleRequestStateTransfer (replica.cc:727):   [0] Sending state transfer from <0,65607> to <0,65618>
20230730-160727-0226 02951 * HandleRequestStateTransfer (replica.cc:727):   [0] Sending state transfer from <0,65609> to <0,65618>
20230730-160727-0228 02951 * HandleRequestStateTransfer (replica.cc:727):   [0] Sending state transfer from <0,65611> to <0,65621>
20230730-160727-6092 02951 * HandleRequestStateTransfer (replica.cc:727):   [0] Sending state transfer from <0,68372> to <0,68373>
20230730-160727-6093 02951 * HandleRequestStateTransfer (replica.cc:727):   [0] Sending state transfer from <0,68372> to <0,68374>
20230730-160727-6096 02951 * HandleRequestStateTransfer (replica.cc:727):   [0] Sending state transfer from <0,68373> to <0,68374>
20230730-160727-6096 02951 * HandleRequestStateTransfer (replica.cc:727):   [0] Sending state transfer from <0,68373> to <0,68374>
20230730-160727-9108 02951 ! releaseForWrite (lockserver.cc:353): [-303362743274061453] Releasing unheld write lock: 8B5daNqWsc8xGF9tp4WK0f7EbtEwuvOogV3tUknSEhV32svVlyDHZfxRpkfrB1GQ
20230730-160727-9128 02951 ! releaseForRead  (lockserver.cc:293): [-1357949345494201511] Releasing unheld read lock: 8B5daNqWsc8xGF9tp4WK0f7EbtEwuvOogV3tUknSEhV32svVlyDHZfxRpkfrB1GQ
20230730-160727-9302 02951 ! releaseForRead  (lockserver.cc:293): [8576916556944340093] Releasing unheld read lock: 8B5daNqWsc8xGF9tp4WK0f7EbtEwuvOogV3tUknSEhV32svVlyDHZfxRpkfrB1GQ
20230730-160727-9321 02951 ! releaseForWrite (lockserver.cc:353): [5316722240815970072] Releasing unheld write lock: 8B5daNqWsc8xGF9tp4WK0f7EbtEwuvOogV3tUknSEhV32svVlyDHZfxRpkfrB1GQ
20230730-160729-3496 02951 ! releaseForRead  (lockserver.cc:293): [4469241324399000121] Releasing unheld read lock: LuG6uL1sypQiYYtHbUdHUam0IBujz69MTNlAqq9Ko1B1ud3BnEDdJZCGcOnBjlsh
20230730-160730-4519 02951 * HandleRequestStateTransfer (replica.cc:727):   [0] Sending state transfer from <0,86461> to <0,86469>
20230730-160730-7191 02951 * HandleRequestStateTransfer (replica.cc:727):   [0] Sending state transfer from <0,88574> to <0,88577>
20230730-160731-5013 02951 * HandleRequestStateTransfer (replica.cc:727):   [0] Sending state transfer from <0,94768> to <0,94773>
20230730-160731-5014 02951 * HandleRequestStateTransfer (replica.cc:727):   [0] Sending state transfer from <0,94769> to <0,94773>
20230730-160731-5015 02951 * HandleRequestStateTransfer (replica.cc:727):   [0] Sending state transfer from <0,94770> to <0,94774>
20230730-160731-5017 02951 * HandleRequestStateTransfer (replica.cc:727):   [0] Sending state transfer from <0,94771> to <0,94775>
20230730-160731-5019 02951 * HandleRequestStateTransfer (replica.cc:727):   [0] Sending state transfer from <0,94773> to <0,94776>
20230730-160731-5021 02951 * HandleRequestStateTransfer (replica.cc:727):   [0] Sending state transfer from <0,94773> to <0,94779>
20230730-160731-5025 02951 * HandleRequestStateTransfer (replica.cc:727):   [0] Sending state transfer from <0,94774> to <0,94783>
20230730-160731-5025 02951 * HandleRequestStateTransfer (replica.cc:727):   [0] Sending state transfer from <0,94775> to <0,94783>
20230730-160731-5026 02951 * HandleRequestStateTransfer (replica.cc:727):   [0] Sending state transfer from <0,94778> to <0,94784>
20230730-160732-3225 02951 ! releaseForWrite (lockserver.cc:353): [-8638477895172791516] Releasing unheld write lock: 8B5daNqWsc8xGF9tp4WK0f7EbtEwuvOogV3tUknSEhV32svVlyDHZfxRpkfrB1GQ
20230730-160732-3277 02951 ! releaseForRead  (lockserver.cc:293): [-5944086458479471498] Releasing unheld read lock: 8B5daNqWsc8xGF9tp4WK0f7EbtEwuvOogV3tUknSEhV32svVlyDHZfxRpkfrB1GQ
20230730-160732-3317 02951 ! releaseForWrite (lockserver.cc:353): [5316722240815970086] Releasing unheld write lock: 8B5daNqWsc8xGF9tp4WK0f7EbtEwuvOogV3tUknSEhV32svVlyDHZfxRpkfrB1GQ
20230730-160734-2227 02951 * HandleRequestStateTransfer (replica.cc:727):   [0] Sending state transfer from <0,113423> to <0,113436>
20230730-160734-2228 02951 * SendMessageInternal (udptransport.cc:442): Sending large replication.vr.proto.StateTransferMessage message in 2 fragments
20230730-160735-0263 02951 * HandleRequestStateTransfer (replica.cc:727):   [0] Sending state transfer from <0,119399> to <0,119410>
20230730-160735-0267 02951 * HandleRequestStateTransfer (replica.cc:727):   [0] Sending state transfer from <0,119400> to <0,119412>
20230730-160735-5849 02951 * HandleRequestStateTransfer (replica.cc:727):   [0] Sending state transfer from <0,122433> to <0,122435>
20230730-160735-5852 02951 * HandleRequestStateTransfer (replica.cc:727):   [0] Sending state transfer from <0,122433> to <0,122436>
20230730-160735-8363 02951 * HandleRequestStateTransfer (replica.cc:727):   [0] Sending state transfer from <0,123909> to <0,123909>
20230730-160735-9104 02951 * HandleRequestStateTransfer (replica.cc:727):   [0] Sending state transfer from <0,124504> to <0,124509>
20230730-160735-9108 02951 * HandleRequestStateTransfer (replica.cc:727):   [0] Sending state transfer from <0,124506> to <0,124510>
20230730-160735-9111 02951 * HandleRequestStateTransfer (replica.cc:727):   [0] Sending state transfer from <0,124509> to <0,124510>
20230730-160735-9739 02951 * HandleRequestStateTransfer (replica.cc:727):   [0] Sending state transfer from <0,124976> to <0,124996>
20230730-160735-9741 02951 * HandleRequestStateTransfer (replica.cc:727):   [0] Sending state transfer from <0,124978> to <0,124997>
20230730-160735-9743 02951 * HandleRequestStateTransfer (replica.cc:727):   [0] Sending state transfer from <0,124980> to <0,124997>
20230730-160736-0811 02951 * HandleRequestStateTransfer (replica.cc:727):   [0] Sending state transfer from <0,125837> to <0,125847>
20230730-160737-2851 02951 * HandleRequestStateTransfer (replica.cc:727):   [0] Sending state transfer from <0,131072> to <0,131103>
20230730-160737-2974 02951 * SendMessageInternal (udptransport.cc:442): Sending large replication.vr.proto.StateTransferMessage message in 2 fragments
20230730-160737-2986 02951 * HandleRequestStateTransfer (replica.cc:727):   [0] Sending state transfer from <0,131082> to <0,131106>
20230730-160737-2996 02951 * SendMessageInternal (udptransport.cc:442): Sending large replication.vr.proto.StateTransferMessage message in 2 fragments
20230730-160737-2997 02951 * HandleRequestStateTransfer (replica.cc:727):   [0] Sending state transfer from <0,131085> to <0,131106>
20230730-160737-2997 02951 * SendMessageInternal (udptransport.cc:442): Sending large replication.vr.proto.StateTransferMessage message in 2 fragments
20230730-160737-2998 02951 * HandleRequestStateTransfer (replica.cc:727):   [0] Sending state transfer from <0,131088> to <0,131106>
20230730-160737-2999 02951 * HandleRequestStateTransfer (replica.cc:727):   [0] Sending state transfer from <0,131099> to <0,131106>
20230730-160737-3062 02951 * HandleRequestStateTransfer (replica.cc:727):   [0] Sending state transfer from <0,131106> to <0,131136>
20230730-160737-3062 02951 * SendMessageInternal (udptransport.cc:442): Sending large replication.vr.proto.StateTransferMessage message in 2 fragments
20230730-160737-8658 02951 * HandleRequestStateTransfer (replica.cc:727):   [0] Sending state transfer from <0,135437> to <0,135444>
20230730-160737-8661 02951 * HandleRequestStateTransfer (replica.cc:727):   [0] Sending state transfer from <0,135439> to <0,135444>
20230730-160737-8664 02951 * HandleRequestStateTransfer (replica.cc:727):   [0] Sending state transfer from <0,135443> to <0,135447>
20230730-160738-6621 02951 * HandleRequestStateTransfer (replica.cc:727):   [0] Sending state transfer from <0,141299> to <0,141314>
20230730-160738-6624 02951 * HandleRequestStateTransfer (replica.cc:727):   [0] Sending state transfer from <0,141300> to <0,141316>
20230730-160738-6625 02951 * HandleRequestStateTransfer (replica.cc:727):   [0] Sending state transfer from <0,141301> to <0,141316>
20230730-160738-6627 02951 * HandleRequestStateTransfer (replica.cc:727):   [0] Sending state transfer from <0,141303> to <0,141317>
20230730-160738-6632 02951 * HandleRequestStateTransfer (replica.cc:727):   [0] Sending state transfer from <0,141304> to <0,141321>
20230730-160738-6633 02951 * HandleRequestStateTransfer (replica.cc:727):   [0] Sending state transfer from <0,141306> to <0,141321>
20230730-160738-6764 02951 * HandleRequestStateTransfer (replica.cc:727):   [0] Sending state transfer from <0,141437> to <0,141449>
20230730-160738-6766 02951 * HandleRequestStateTransfer (replica.cc:727):   [0] Sending state transfer from <0,141439> to <0,141450>
20230730-160738-6767 02951 * HandleRequestStateTransfer (replica.cc:727):   [0] Sending state transfer from <0,141440> to <0,141450>
20230730-160738-6768 02951 * HandleRequestStateTransfer (replica.cc:727):   [0] Sending state transfer from <0,141441> to <0,141450>
20230730-160738-6770 02951 * HandleRequestStateTransfer (replica.cc:727):   [0] Sending state transfer from <0,141446> to <0,141450>
20230730-160738-6771 02951 * HandleRequestStateTransfer (replica.cc:727):   [0] Sending state transfer from <0,141448> to <0,141450>
20230730-160740-7473 02951 * HandleRequestStateTransfer (replica.cc:727):   [0] Sending state transfer from <0,151845> to <0,151848>
20230730-160740-7474 02951 * HandleRequestStateTransfer (replica.cc:727):   [0] Sending state transfer from <0,151847> to <0,151848>
20230730-160740-7731 02951 * HandleRequestStateTransfer (replica.cc:727):   [0] Sending state transfer from <0,152004> to <0,152007>
20230730-160740-8864 02951 * HandleRequestStateTransfer (replica.cc:727):   [0] Sending state transfer from <0,152704> to <0,152704>
20230730-160740-8868 02951 * HandleRequestStateTransfer (replica.cc:727):   [0] Sending state transfer from <0,152704> to <0,152704>
20230730-160743-1940 02951 ! releaseForRead  (lockserver.cc:293): [1708002488085540167] Releasing unheld read lock: 8B5daNqWsc8xGF9tp4WK0f7EbtEwuvOogV3tUknSEhV32svVlyDHZfxRpkfrB1GQ
20230730-160743-2792 02951 * HandleRequestStateTransfer (replica.cc:727):   [0] Sending state transfer from <0,168558> to <0,168562>
20230730-160743-2802 02951 * HandleRequestStateTransfer (replica.cc:727):   [0] Sending state transfer from <0,168560> to <0,168562>
20230730-160744-3073 02951 * HandleRequestStateTransfer (replica.cc:727):   [0] Sending state transfer from <0,176569> to <0,176581>
20230730-160744-8582 02951 ! releaseForWrite (lockserver.cc:353): [-8638477895172791409] Releasing unheld write lock: vqobrEFZmuLdcgqiN38QzdZi7nwNoPEsDtzr5MP6gyklPAbmIOsUjoae0TKPeygo
20230730-160745-9788 02951 * HandleRequestStateTransfer (replica.cc:727):   [0] Sending state transfer from <0,188697> to <0,188699>
20230730-160746-0308 02951 * HandleRequestStateTransfer (replica.cc:727):   [0] Sending state transfer from <0,189041> to <0,189045>
20230730-160746-0310 02951 * HandleRequestStateTransfer (replica.cc:727):   [0] Sending state transfer from <0,189042> to <0,189046>
20230730-160746-7302 02951 * HandleRequestStateTransfer (replica.cc:727):   [0] Sending state transfer from <0,193071> to <0,193073>
20230730-160746-7304 02951 * HandleRequestStateTransfer (replica.cc:727):   [0] Sending state transfer from <0,193072> to <0,193073>
20230730-160746-8943 02951 ! releaseForRead  (lockserver.cc:293): [-2851659468768111440] Releasing unheld read lock: OKFXA0zseGrMKzMdv6KD1GCc9cVRKDlAZpPv8Lutbjtulo5T0qqLGvD0nwFzlmNS
20230730-160747-0301 02951 * HandleRequestStateTransfer (replica.cc:727):   [0] Sending state transfer from <0,195170> to <0,195178>
20230730-160747-0305 02951 * HandleRequestStateTransfer (replica.cc:727):   [0] Sending state transfer from <0,195171> to <0,195182>
20230730-160747-0309 02951 * HandleRequestStateTransfer (replica.cc:727):   [0] Sending state transfer from <0,195173> to <0,195185>
20230730-160747-1337 02951 * HandleRequestStateTransfer (replica.cc:727):   [0] Sending state transfer from <0,195988> to <0,196028>
20230730-160747-1338 02951 * SendMessageInternal (udptransport.cc:442): Sending large replication.vr.proto.StateTransferMessage message in 2 fragments
20230730-160748-6403 02951 * HandleRequestStateTransfer (replica.cc:727):   [0] Sending state transfer from <0,203049> to <0,203050>
20230730-160749-1458 02951 * HandleRequestStateTransfer (replica.cc:727):   [0] Sending state transfer from <0,205176> to <0,205176>
20230730-160749-1493 02951 * HandleRequestStateTransfer (replica.cc:727):   [0] Sending state transfer from <0,205176> to <0,205201>
20230730-160749-1494 02951 * SendMessageInternal (udptransport.cc:442): Sending large replication.vr.proto.StateTransferMessage message in 2 fragments
20230730-160749-2183 02951 * HandleRequestStateTransfer (replica.cc:727):   [0] Sending state transfer from <0,205680> to <0,205681>
20230730-160749-2188 02951 * HandleRequestStateTransfer (replica.cc:727):   [0] Sending state transfer from <0,205681> to <0,205684>
20230730-160749-4677 02951 ! releaseForRead  (lockserver.cc:293): [3124448454063420169] Releasing unheld read lock: 8B5daNqWsc8xGF9tp4WK0f7EbtEwuvOogV3tUknSEhV32svVlyDHZfxRpkfrB1GQ
20230730-160749-4682 02951 ! releaseForWrite (lockserver.cc:353): [-392881375948181441] Releasing unheld write lock: 8B5daNqWsc8xGF9tp4WK0f7EbtEwuvOogV3tUknSEhV32svVlyDHZfxRpkfrB1GQ
20230730-160749-7610 02951 * HandleRequestStateTransfer (replica.cc:727):   [0] Sending state transfer from <0,209483> to <0,209519>
20230730-160749-7612 02951 * SendMessageInternal (udptransport.cc:442): Sending large replication.vr.proto.StateTransferMessage message in 2 fragments
20230730-160749-8554 02951 ! releaseForRead  (lockserver.cc:293): [-4633861809821141429] Releasing unheld read lock: 8B5daNqWsc8xGF9tp4WK0f7EbtEwuvOogV3tUknSEhV32svVlyDHZfxRpkfrB1GQ
20230730-160749-9309 02951 * HandleRequestStateTransfer (replica.cc:727):   [0] Sending state transfer from <0,210825> to <0,210827>
20230730-160749-9310 02951 * HandleRequestStateTransfer (replica.cc:727):   [0] Sending state transfer from <0,210826> to <0,210828>
20230730-160750-6162 02951 * HandleRequestStateTransfer (replica.cc:727):   [0] Sending state transfer from <0,215915> to <0,215919>
20230730-160750-6165 02951 * HandleRequestStateTransfer (replica.cc:727):   [0] Sending state transfer from <0,215916> to <0,215920>
20230730-160751-5699 02951 * HandleRequestStateTransfer (replica.cc:727):   [0] Sending state transfer from <0,223588> to <0,223600>
20230730-160751-5701 02951 * HandleRequestStateTransfer (replica.cc:727):   [0] Sending state transfer from <0,223588> to <0,223600>
20230730-160751-5701 02951 * SendMessageInternal (udptransport.cc:442): Sending large replication.vr.proto.StateTransferMessage message in 2 fragments
20230730-160751-5704 02951 * HandleRequestStateTransfer (replica.cc:727):   [0] Sending state transfer from <0,223591> to <0,223601>
20230730-160751-5704 02951 * SendMessageInternal (udptransport.cc:442): Sending large replication.vr.proto.StateTransferMessage message in 2 fragments
20230730-160751-5705 02951 * HandleRequestStateTransfer (replica.cc:727):   [0] Sending state transfer from <0,223591> to <0,223601>
20230730-160751-5705 02951 * SendMessageInternal (udptransport.cc:442): Sending large replication.vr.proto.StateTransferMessage message in 2 fragments
20230730-160751-5706 02951 * HandleRequestStateTransfer (replica.cc:727):   [0] Sending state transfer from <0,223592> to <0,223601>
20230730-160751-5706 02951 * SendMessageInternal (udptransport.cc:442): Sending large replication.vr.proto.StateTransferMessage message in 2 fragments
20230730-160751-5707 02951 * HandleRequestStateTransfer (replica.cc:727):   [0] Sending state transfer from <0,223592> to <0,223601>
20230730-160751-5707 02951 * SendMessageInternal (udptransport.cc:442): Sending large replication.vr.proto.StateTransferMessage message in 2 fragments
20230730-160751-5707 02951 * HandleRequestStateTransfer (replica.cc:727):   [0] Sending state transfer from <0,223593> to <0,223601>
20230730-160751-5708 02951 * HandleRequestStateTransfer (replica.cc:727):   [0] Sending state transfer from <0,223593> to <0,223601>
20230730-160751-5709 02951 * SendMessageInternal (udptransport.cc:442): Sending large replication.vr.proto.StateTransferMessage message in 2 fragments
20230730-160751-5711 02951 * HandleRequestStateTransfer (replica.cc:727):   [0] Sending state transfer from <0,223594> to <0,223601>
20230730-160751-5711 02951 * SendMessageInternal (udptransport.cc:442): Sending large replication.vr.proto.StateTransferMessage message in 2 fragments
20230730-160751-5711 02951 * HandleRequestStateTransfer (replica.cc:727):   [0] Sending state transfer from <0,223594> to <0,223601>
20230730-160751-5712 02951 * SendMessageInternal (udptransport.cc:442): Sending large replication.vr.proto.StateTransferMessage message in 2 fragments
20230730-160751-5713 02951 * HandleRequestStateTransfer (replica.cc:727):   [0] Sending state transfer from <0,223596> to <0,223601>
20230730-160751-5713 02951 * SendMessageInternal (udptransport.cc:442): Sending large replication.vr.proto.StateTransferMessage message in 2 fragments
20230730-160751-5715 02951 * HandleRequestStateTransfer (replica.cc:727):   [0] Sending state transfer from <0,223596> to <0,223601>
20230730-160751-5715 02951 * SendMessageInternal (udptransport.cc:442): Sending large replication.vr.proto.StateTransferMessage message in 2 fragments
20230730-160751-5716 02951 * HandleRequestStateTransfer (replica.cc:727):   [0] Sending state transfer from <0,223598> to <0,223601>
20230730-160751-5717 02951 * SendMessageInternal (udptransport.cc:442): Sending large replication.vr.proto.StateTransferMessage message in 2 fragments
20230730-160751-5718 02951 * HandleRequestStateTransfer (replica.cc:727):   [0] Sending state transfer from <0,223598> to <0,223601>
20230730-160751-5718 02951 * SendMessageInternal (udptransport.cc:442): Sending large replication.vr.proto.StateTransferMessage message in 2 fragments
20230730-160751-5719 02951 * HandleRequestStateTransfer (replica.cc:727):   [0] Sending state transfer from <0,223600> to <0,223601>
20230730-160751-5719 02951 * SendMessageInternal (udptransport.cc:442): Sending large replication.vr.proto.StateTransferMessage message in 2 fragments
20230730-160751-5720 02951 * HandleRequestStateTransfer (replica.cc:727):   [0] Sending state transfer from <0,223600> to <0,223601>
20230730-160751-5720 02951 * SendMessageInternal (udptransport.cc:442): Sending large replication.vr.proto.StateTransferMessage message in 2 fragments
20230730-160751-9440 02951 * HandleRequestStateTransfer (replica.cc:727):   [0] Sending state transfer from <0,226993> to <0,227014>
20230730-160751-9441 02951 * SendMessageInternal (udptransport.cc:442): Sending large replication.vr.proto.StateTransferMessage message in 2 fragments
20230730-160751-9442 02951 * HandleRequestStateTransfer (replica.cc:727):   [0] Sending state transfer from <0,226994> to <0,227015>
20230730-160751-9442 02951 * SendMessageInternal (udptransport.cc:442): Sending large replication.vr.proto.StateTransferMessage message in 2 fragments
20230730-160751-9443 02951 * HandleRequestStateTransfer (replica.cc:727):   [0] Sending state transfer from <0,226995> to <0,227015>
20230730-160751-9444 02951 * SendMessageInternal (udptransport.cc:442): Sending large replication.vr.proto.StateTransferMessage message in 2 fragments
20230730-160751-9446 02951 * HandleRequestStateTransfer (replica.cc:727):   [0] Sending state transfer from <0,227002> to <0,227017>
20230730-160751-9447 02951 * SendMessageInternal (udptransport.cc:442): Sending large replication.vr.proto.StateTransferMessage message in 2 fragments
20230730-160754-4580 02951 ! releaseForWrite (lockserver.cc:353): [8514147718960270220] Releasing unheld write lock: 8B5daNqWsc8xGF9tp4WK0f7EbtEwuvOogV3tUknSEhV32svVlyDHZfxRpkfrB1GQ
20230730-160754-6096 02951 ! releaseForRead  (lockserver.cc:293): [1890478948753230264] Releasing unheld read lock: 8B5daNqWsc8xGF9tp4WK0f7EbtEwuvOogV3tUknSEhV32svVlyDHZfxRpkfrB1GQ
