20230730-160718-7269 02852 ! releaseForWrite (lockserver.cc:353): [-3363580195887531610] Releasing unheld write lock: pwsCiopDylmXGhWZHY09zwKATKq8z2oxUOhCxhyegIOyzYfqAMpqdTu8XcnpfyZ8
20230730-160718-7358 02852 ! releaseForWrite (lockserver.cc:353): [5587876445417200005] Releasing unheld write lock: pwsCiopDylmXGhWZHY09zwKATKq8z2oxUOhCxhyegIOyzYfqAMpqdTu8XcnpfyZ8
20230730-160718-7438 02852 ! releaseForRead  (lockserver.cc:293): [9223116180192290003] Releasing unheld read lock: pwsCiopDylmXGhWZHY09zwKATKq8z2oxUOhCxhyegIOyzYfqAMpqdTu8XcnpfyZ8
20230730-160718-7463 02852 ! releaseForRead  (lockserver.cc:293): [7337916307767410003] Releasing unheld read lock: pwsCiopDylmXGhWZHY09zwKATKq8z2oxUOhCxhyegIOyzYfqAMpqdTu8XcnpfyZ8
20230730-160718-7507 02852 ! releaseForRead  (lockserver.cc:293): [8652656222927090004] Releasing unheld read lock: pwsCiopDylmXGhWZHY09zwKATKq8z2oxUOhCxhyegIOyzYfqAMpqdTu8XcnpfyZ8
20230730-160718-7512 02852 ! releaseForWrite (lockserver.cc:353): [8618445971672500029] Releasing unheld write lock: pwsCiopDylmXGhWZHY09zwKATKq8z2oxUOhCxhyegIOyzYfqAMpqdTu8XcnpfyZ8
20230730-160718-7602 02852 ! releaseForRead  (lockserver.cc:293): [1800256785453280006] Releasing unheld read lock: pwsCiopDylmXGhWZHY09zwKATKq8z2oxUOhCxhyegIOyzYfqAMpqdTu8XcnpfyZ8
20230730-160718-7749 02852 ! releaseForRead  (lockserver.cc:293): [7964377278287390018] Releasing unheld read lock: pwsCiopDylmXGhWZHY09zwKATKq8z2oxUOhCxhyegIOyzYfqAMpqdTu8XcnpfyZ8
20230730-160718-8125 02852 ! releaseForRead  (lockserver.cc:293): [-1333231209533781611] Releasing unheld read lock: pwsCiopDylmXGhWZHY09zwKATKq8z2oxUOhCxhyegIOyzYfqAMpqdTu8XcnpfyZ8
20230730-160718-8197 02852 ! releaseForWrite (lockserver.cc:353): [12371821021270016] Releasing unheld write lock: pwsCiopDylmXGhWZHY09zwKATKq8z2oxUOhCxhyegIOyzYfqAMpqdTu8XcnpfyZ8
20230730-160718-8445 02852 ! releaseForRead  (lockserver.cc:293): [-2128313312505041600] Releasing unheld read lock: pwsCiopDylmXGhWZHY09zwKATKq8z2oxUOhCxhyegIOyzYfqAMpqdTu8XcnpfyZ8
20230730-160718-8487 02852 ! releaseForWrite (lockserver.cc:353): [1601191879601220007] Releasing unheld write lock: pwsCiopDylmXGhWZHY09zwKATKq8z2oxUOhCxhyegIOyzYfqAMpqdTu8XcnpfyZ8
20230730-160718-8871 02852 ! releaseForWrite (lockserver.cc:353): [1132273544978140003] Releasing unheld write lock: pwsCiopDylmXGhWZHY09zwKATKq8z2oxUOhCxhyegIOyzYfqAMpqdTu8XcnpfyZ8
20230730-160718-8872 02852 ! releaseForRead  (lockserver.cc:293): [1132273544978140003] Releasing unheld read lock: pwsCiopDylmXGhWZHY09zwKATKq8z2oxUOhCxhyegIOyzYfqAMpqdTu8XcnpfyZ8
20230730-160718-8888 02852 ! releaseForRead  (lockserver.cc:293): [-2357029018595561592] Releasing unheld read lock: pwsCiopDylmXGhWZHY09zwKATKq8z2oxUOhCxhyegIOyzYfqAMpqdTu8XcnpfyZ8
20230730-160718-8895 02852 ! releaseForWrite (lockserver.cc:353): [4432071524828770005] Releasing unheld write lock: pwsCiopDylmXGhWZHY09zwKATKq8z2oxUOhCxhyegIOyzYfqAMpqdTu8XcnpfyZ8
20230730-160718-8978 02852 ! releaseForWrite (lockserver.cc:353): [5642395579163170017] Releasing unheld write lock: pwsCiopDylmXGhWZHY09zwKATKq8z2oxUOhCxhyegIOyzYfqAMpqdTu8XcnpfyZ8
20230730-160718-9980 02852 ! releaseForWrite (lockserver.cc:353): [8514147718960270017] Releasing unheld write lock: pwsCiopDylmXGhWZHY09zwKATKq8z2oxUOhCxhyegIOyzYfqAMpqdTu8XcnpfyZ8
20230730-160719-0035 02852 ! releaseForRead  (lockserver.cc:293): [5982480696045640004] Releasing unheld read lock: pwsCiopDylmXGhWZHY09zwKATKq8z2oxUOhCxhyegIOyzYfqAMpqdTu8XcnpfyZ8
20230730-160719-1155 02852 ! releaseForRead  (lockserver.cc:293): [9118173381756010013] Releasing unheld read lock: pwsCiopDylmXGhWZHY09zwKATKq8z2oxUOhCxhyegIOyzYfqAMpqdTu8XcnpfyZ8
20230730-160719-1177 02852 ! releaseForRead  (lockserver.cc:293): [-3453931972249341600] Releasing unheld read lock: pwsCiopDylmXGhWZHY09zwKATKq8z2oxUOhCxhyegIOyzYfqAMpqdTu8XcnpfyZ8
20230730-160719-1818 02852 ! releaseForRead  (lockserver.cc:293): [-6998688089349591595] Releasing unheld read lock: pwsCiopDylmXGhWZHY09zwKATKq8z2oxUOhCxhyegIOyzYfqAMpqdTu8XcnpfyZ8
20230730-160719-2825 02852 ! releaseForWrite (lockserver.cc:353): [1688237299413860008] Releasing unheld write lock: pwsCiopDylmXGhWZHY09zwKATKq8z2oxUOhCxhyegIOyzYfqAMpqdTu8XcnpfyZ8
20230730-160720-0407 02852 ! releaseForWrite (lockserver.cc:353): [5982480696045640007] Releasing unheld write lock: 1NhD4JpfrCVzpststIZP84geByCkCwfsKRgaeuAxb2uJ5QzFpusQfghYaMPKSloT
20230730-160721-2520 02852 ! releaseForWrite (lockserver.cc:353): [3406389570097930085] Releasing unheld write lock: pwsCiopDylmXGhWZHY09zwKATKq8z2oxUOhCxhyegIOyzYfqAMpqdTu8XcnpfyZ8
20230730-160721-2817 02852 ! releaseForRead  (lockserver.cc:293): [50452160351890013] Releasing unheld read lock: pwsCiopDylmXGhWZHY09zwKATKq8z2oxUOhCxhyegIOyzYfqAMpqdTu8XcnpfyZ8
20230730-160722-2898 02852 ! releaseForRead  (lockserver.cc:293): [-6119981317198551557] Releasing unheld read lock: pwsCiopDylmXGhWZHY09zwKATKq8z2oxUOhCxhyegIOyzYfqAMpqdTu8XcnpfyZ8
20230730-160722-3117 02852 ! releaseForWrite (lockserver.cc:353): [9118173381756010017] Releasing unheld write lock: pwsCiopDylmXGhWZHY09zwKATKq8z2oxUOhCxhyegIOyzYfqAMpqdTu8XcnpfyZ8
20230730-160722-3131 02852 ! releaseForRead  (lockserver.cc:293): [-5447688693671001601] Releasing unheld read lock: pwsCiopDylmXGhWZHY09zwKATKq8z2oxUOhCxhyegIOyzYfqAMpqdTu8XcnpfyZ8
20230730-160722-3196 02852 ! releaseForWrite (lockserver.cc:353): [-8283455371504841597] Releasing unheld write lock: pwsCiopDylmXGhWZHY09zwKATKq8z2oxUOhCxhyegIOyzYfqAMpqdTu8XcnpfyZ8
20230730-160722-3235 02852 ! releaseForWrite (lockserver.cc:353): [2764595830992720019] Releasing unheld write lock: pwsCiopDylmXGhWZHY09zwKATKq8z2oxUOhCxhyegIOyzYfqAMpqdTu8XcnpfyZ8
20230730-160722-9459 02852 * HandleRequestStateTransfer (replica.cc:727):   [0] Sending state transfer from <0,35501> to <0,35504>
20230730-160722-9460 02852 * HandleRequestStateTransfer (replica.cc:727):   [0] Sending state transfer from <0,35502> to <0,35504>
20230730-160723-3690 02852 ! releaseForRead  (lockserver.cc:293): [-3665616270863751600] Releasing unheld read lock: pwsCiopDylmXGhWZHY09zwKATKq8z2oxUOhCxhyegIOyzYfqAMpqdTu8XcnpfyZ8
20230730-160723-3912 02852 ! releaseForWrite (lockserver.cc:353): [7337916307767410014] Releasing unheld write lock: pwsCiopDylmXGhWZHY09zwKATKq8z2oxUOhCxhyegIOyzYfqAMpqdTu8XcnpfyZ8
20230730-160723-3923 02852 ! releaseForRead  (lockserver.cc:293): [1132273544978140021] Releasing unheld read lock: pwsCiopDylmXGhWZHY09zwKATKq8z2oxUOhCxhyegIOyzYfqAMpqdTu8XcnpfyZ8
20230730-160723-3923 02852 ! releaseForRead  (lockserver.cc:293): [1132273544978140021] Releasing unheld read lock: a3m9MApyn3AygqwpFagCUazacQomyTzNrAwWwWpQOgCF6W3WZqmL1Tbdy98QPGpu
20230730-160723-3927 02852 ! releaseForRead  (lockserver.cc:293): [-8265785854571091597] Releasing unheld read lock: pwsCiopDylmXGhWZHY09zwKATKq8z2oxUOhCxhyegIOyzYfqAMpqdTu8XcnpfyZ8
20230730-160723-3978 02852 ! releaseForRead  (lockserver.cc:293): [4344108807788520015] Releasing unheld read lock: pwsCiopDylmXGhWZHY09zwKATKq8z2oxUOhCxhyegIOyzYfqAMpqdTu8XcnpfyZ8
20230730-160723-4490 02852 ! releaseForWrite (lockserver.cc:353): [-4177853690970001601] Releasing unheld write lock: pwsCiopDylmXGhWZHY09zwKATKq8z2oxUOhCxhyegIOyzYfqAMpqdTu8XcnpfyZ8
20230730-160723-4507 02852 ! releaseForWrite (lockserver.cc:353): [4469241324399000058] Releasing unheld write lock: pwsCiopDylmXGhWZHY09zwKATKq8z2oxUOhCxhyegIOyzYfqAMpqdTu8XcnpfyZ8
20230730-160723-5083 02852 ! releaseForWrite (lockserver.cc:353): [-3158007273808691606] Releasing unheld write lock: pwsCiopDylmXGhWZHY09zwKATKq8z2oxUOhCxhyegIOyzYfqAMpqdTu8XcnpfyZ8
20230730-160723-5163 02852 ! releaseForWrite (lockserver.cc:353): [5587876445417200018] Releasing unheld write lock: pwsCiopDylmXGhWZHY09zwKATKq8z2oxUOhCxhyegIOyzYfqAMpqdTu8XcnpfyZ8
20230730-160725-4599 02852 ! releaseForWrite (lockserver.cc:353): [-5447688693671001594] Releasing unheld write lock: pwsCiopDylmXGhWZHY09zwKATKq8z2oxUOhCxhyegIOyzYfqAMpqdTu8XcnpfyZ8
20230730-160725-4599 02852 ! releaseForRead  (lockserver.cc:293): [-5447688693671001594] Releasing unheld read lock: pwsCiopDylmXGhWZHY09zwKATKq8z2oxUOhCxhyegIOyzYfqAMpqdTu8XcnpfyZ8
20230730-160725-4657 02852 ! releaseForRead  (lockserver.cc:293): [1800256785453280019] Releasing unheld read lock: pwsCiopDylmXGhWZHY09zwKATKq8z2oxUOhCxhyegIOyzYfqAMpqdTu8XcnpfyZ8
20230730-160725-4732 02852 ! releaseForRead  (lockserver.cc:293): [-3453931972249341588] Releasing unheld read lock: pwsCiopDylmXGhWZHY09zwKATKq8z2oxUOhCxhyegIOyzYfqAMpqdTu8XcnpfyZ8
20230730-160725-4881 02852 ! releaseForRead  (lockserver.cc:293): [3242643894174680026] Releasing unheld read lock: pwsCiopDylmXGhWZHY09zwKATKq8z2oxUOhCxhyegIOyzYfqAMpqdTu8XcnpfyZ8
20230730-160725-6099 02852 ! releaseForRead  (lockserver.cc:293): [-1142579291200371579] Releasing unheld read lock: pwsCiopDylmXGhWZHY09zwKATKq8z2oxUOhCxhyegIOyzYfqAMpqdTu8XcnpfyZ8
20230730-160725-9844 02852 ! releaseForWrite (lockserver.cc:353): [-3158007273808691603] Releasing unheld write lock: pwsCiopDylmXGhWZHY09zwKATKq8z2oxUOhCxhyegIOyzYfqAMpqdTu8XcnpfyZ8
20230730-160725-9853 02852 ! releaseForWrite (lockserver.cc:353): [5587876445417200022] Releasing unheld write lock: pwsCiopDylmXGhWZHY09zwKATKq8z2oxUOhCxhyegIOyzYfqAMpqdTu8XcnpfyZ8
20230730-160725-9867 02852 ! releaseForRead  (lockserver.cc:293): [4900365599775910017] Releasing unheld read lock: pwsCiopDylmXGhWZHY09zwKATKq8z2oxUOhCxhyegIOyzYfqAMpqdTu8XcnpfyZ8
20230730-160727-1125 02852 ! releaseForRead  (lockserver.cc:293): [1800256785453280023] Releasing unheld read lock: 9hGJKPCVmW206iv8gMgbnzDOw6Q4xDZf4S1bEeK40bPmnCpsbMcd4N0WKE7ASwhZ
20230730-160727-1188 02852 ! releaseForRead  (lockserver.cc:293): [-2128313312505041578] Releasing unheld read lock: pwsCiopDylmXGhWZHY09zwKATKq8z2oxUOhCxhyegIOyzYfqAMpqdTu8XcnpfyZ8
20230730-160727-6654 02852 * HandleRequestStateTransfer (replica.cc:727):   [0] Sending state transfer from <0,60678> to <0,60685>
20230730-160727-6656 02852 * HandleRequestStateTransfer (replica.cc:727):   [0] Sending state transfer from <0,60680> to <0,60685>
20230730-160728-3547 02852 * HandleRequestStateTransfer (replica.cc:727):   [0] Sending state transfer from <0,64583> to <0,64585>
20230730-160728-6084 02852 * HandleRequestStateTransfer (replica.cc:727):   [0] Sending state transfer from <0,65551> to <0,65568>
20230730-160728-6089 02852 * HandleRequestStateTransfer (replica.cc:727):   [0] Sending state transfer from <0,65556> to <0,65568>
20230730-160728-9796 02852 ! releaseForWrite (lockserver.cc:353): [3630457384497800026] Releasing unheld write lock: sCwtfPAKOLhUZ6hJ0AmStDjsfFdwHWuSpBXf2zU3WkjDySvvCtGjtEOWIV3UzDzi
20230730-160728-9834 02852 ! releaseForRead  (lockserver.cc:293): [-8265785854571091580] Releasing unheld read lock: 4uJpV3NoiYhwXzF0sRQnnpsTZqRAoomgBwOL03imk9escKTpba0jcOF3zWYW92bL
20230730-160729-0005 02852 ! releaseForWrite (lockserver.cc:353): [-3453931972249341580] Releasing unheld write lock: sCwtfPAKOLhUZ6hJ0AmStDjsfFdwHWuSpBXf2zU3WkjDySvvCtGjtEOWIV3UzDzi
20230730-160729-0164 02852 ! releaseForRead  (lockserver.cc:293): [-3665616270863751575] Releasing unheld read lock: pwsCiopDylmXGhWZHY09zwKATKq8z2oxUOhCxhyegIOyzYfqAMpqdTu8XcnpfyZ8
20230730-160729-0227 02852 ! releaseForWrite (lockserver.cc:353): [4900365599775910023] Releasing unheld write lock: pwsCiopDylmXGhWZHY09zwKATKq8z2oxUOhCxhyegIOyzYfqAMpqdTu8XcnpfyZ8
20230730-160729-0884 02852 ! releaseForWrite (lockserver.cc:353): [-2068379051096651583] Releasing unheld write lock: sCwtfPAKOLhUZ6hJ0AmStDjsfFdwHWuSpBXf2zU3WkjDySvvCtGjtEOWIV3UzDzi
20230730-160729-1312 02852 ! releaseForWrite (lockserver.cc:353): [-4177853690970001585] Releasing unheld write lock: sCwtfPAKOLhUZ6hJ0AmStDjsfFdwHWuSpBXf2zU3WkjDySvvCtGjtEOWIV3UzDzi
20230730-160729-9441 02852 ! releaseForWrite (lockserver.cc:353): [-8266493555298731530] Releasing unheld write lock: pwsCiopDylmXGhWZHY09zwKATKq8z2oxUOhCxhyegIOyzYfqAMpqdTu8XcnpfyZ8
20230730-160729-9906 02852 ! releaseForWrite (lockserver.cc:353): [3242643894174680035] Releasing unheld write lock: pwsCiopDylmXGhWZHY09zwKATKq8z2oxUOhCxhyegIOyzYfqAMpqdTu8XcnpfyZ8
20230730-160729-9968 02852 ! releaseForWrite (lockserver.cc:353): [-8283455371504841579] Releasing unheld write lock: pwsCiopDylmXGhWZHY09zwKATKq8z2oxUOhCxhyegIOyzYfqAMpqdTu8XcnpfyZ8
20230730-160729-9979 02852 ! releaseForWrite (lockserver.cc:353): [431794635507010035] Releasing unheld write lock: pwsCiopDylmXGhWZHY09zwKATKq8z2oxUOhCxhyegIOyzYfqAMpqdTu8XcnpfyZ8
20230730-160730-0114 02852 ! releaseForWrite (lockserver.cc:353): [-2128313312505041572] Releasing unheld write lock: pwsCiopDylmXGhWZHY09zwKATKq8z2oxUOhCxhyegIOyzYfqAMpqdTu8XcnpfyZ8
20230730-160730-0120 02852 ! releaseForRead  (lockserver.cc:293): [9118173381756010033] Releasing unheld read lock: pwsCiopDylmXGhWZHY09zwKATKq8z2oxUOhCxhyegIOyzYfqAMpqdTu8XcnpfyZ8
20230730-160730-0397 02852 ! releaseForWrite (lockserver.cc:353): [4432071524828770034] Releasing unheld write lock: pwsCiopDylmXGhWZHY09zwKATKq8z2oxUOhCxhyegIOyzYfqAMpqdTu8XcnpfyZ8
20230730-160730-0425 02852 ! releaseForWrite (lockserver.cc:353): [-3749550829046271579] Releasing unheld write lock: pwsCiopDylmXGhWZHY09zwKATKq8z2oxUOhCxhyegIOyzYfqAMpqdTu8XcnpfyZ8
20230730-160730-0684 02852 ! releaseForRead  (lockserver.cc:293): [1601191879601220035] Releasing unheld read lock: pwsCiopDylmXGhWZHY09zwKATKq8z2oxUOhCxhyegIOyzYfqAMpqdTu8XcnpfyZ8
20230730-160730-0705 02852 ! releaseForRead  (lockserver.cc:293): [1132273544978140033] Releasing unheld read lock: pwsCiopDylmXGhWZHY09zwKATKq8z2oxUOhCxhyegIOyzYfqAMpqdTu8XcnpfyZ8
20230730-160730-1045 02852 ! releaseForRead  (lockserver.cc:293): [3630457384497800028] Releasing unheld read lock: pwsCiopDylmXGhWZHY09zwKATKq8z2oxUOhCxhyegIOyzYfqAMpqdTu8XcnpfyZ8
20230730-160730-1425 02852 ! releaseForWrite (lockserver.cc:353): [-2332120244772961583] Releasing unheld write lock: pwsCiopDylmXGhWZHY09zwKATKq8z2oxUOhCxhyegIOyzYfqAMpqdTu8XcnpfyZ8
20230730-160730-1626 02852 ! releaseForRead  (lockserver.cc:293): [1428320452756470068] Releasing unheld read lock: pwsCiopDylmXGhWZHY09zwKATKq8z2oxUOhCxhyegIOyzYfqAMpqdTu8XcnpfyZ8
20230730-160730-9664 02852 ! releaseForRead  (lockserver.cc:293): [3222207614701490032] Releasing unheld read lock: pwsCiopDylmXGhWZHY09zwKATKq8z2oxUOhCxhyegIOyzYfqAMpqdTu8XcnpfyZ8
20230730-160730-9952 02852 ! releaseForWrite (lockserver.cc:353): [3242643894174680036] Releasing unheld write lock: pwsCiopDylmXGhWZHY09zwKATKq8z2oxUOhCxhyegIOyzYfqAMpqdTu8XcnpfyZ8
20230730-160731-0513 02852 ! releaseForWrite (lockserver.cc:353): [7337916307767410030] Releasing unheld write lock: pwsCiopDylmXGhWZHY09zwKATKq8z2oxUOhCxhyegIOyzYfqAMpqdTu8XcnpfyZ8
20230730-160731-0756 02852 ! releaseForRead  (lockserver.cc:293): [1132273544978140034] Releasing unheld read lock: pwsCiopDylmXGhWZHY09zwKATKq8z2oxUOhCxhyegIOyzYfqAMpqdTu8XcnpfyZ8
20230730-160731-1111 02852 ! releaseForRead  (lockserver.cc:293): [3630457384497800029] Releasing unheld read lock: pwsCiopDylmXGhWZHY09zwKATKq8z2oxUOhCxhyegIOyzYfqAMpqdTu8XcnpfyZ8
20230730-160731-1246 02852 ! releaseForRead  (lockserver.cc:293): [3341154749599110037] Releasing unheld read lock: pwsCiopDylmXGhWZHY09zwKATKq8z2oxUOhCxhyegIOyzYfqAMpqdTu8XcnpfyZ8
20230730-160731-1829 02852 ! releaseForRead  (lockserver.cc:293): [-5012841758132731533] Releasing unheld read lock: pwsCiopDylmXGhWZHY09zwKATKq8z2oxUOhCxhyegIOyzYfqAMpqdTu8XcnpfyZ8
20230730-160733-3033 02852 ! releaseForWrite (lockserver.cc:353): [9118173381756010037] Releasing unheld write lock: HF2yE1FSv29awbnbdcCbzkZeHYkIHGISD3IYShUNWxTDfnU8foHucHX0W3ivgGQK
20230730-160733-3171 02852 ! releaseForRead  (lockserver.cc:293): [-3158007273808691591] Releasing unheld read lock: pwsCiopDylmXGhWZHY09zwKATKq8z2oxUOhCxhyegIOyzYfqAMpqdTu8XcnpfyZ8
20230730-160733-3274 02852 ! releaseForRead  (lockserver.cc:293): [-4747399543136701577] Releasing unheld read lock: pwsCiopDylmXGhWZHY09zwKATKq8z2oxUOhCxhyegIOyzYfqAMpqdTu8XcnpfyZ8
20230730-160733-3382 02852 ! releaseForRead  (lockserver.cc:293): [-8283455371504841572] Releasing unheld read lock: pwsCiopDylmXGhWZHY09zwKATKq8z2oxUOhCxhyegIOyzYfqAMpqdTu8XcnpfyZ8
20230730-160733-3532 02852 ! releaseForRead  (lockserver.cc:293): [2764595830992720043] Releasing unheld read lock: pwsCiopDylmXGhWZHY09zwKATKq8z2oxUOhCxhyegIOyzYfqAMpqdTu8XcnpfyZ8
20230730-160733-3630 02852 ! releaseForRead  (lockserver.cc:293): [8618445971672500071] Releasing unheld read lock: pwsCiopDylmXGhWZHY09zwKATKq8z2oxUOhCxhyegIOyzYfqAMpqdTu8XcnpfyZ8
20230730-160733-4432 02852 * HandleRequestStateTransfer (replica.cc:727):   [0] Sending state transfer from <0,93030> to <0,93034>
20230730-160734-5585 02852 ! releaseForRead  (lockserver.cc:293): [1244883729846860029] Releasing unheld read lock: cnmab2WMjsdC5ttksVxOoFnHQDpbUIuWrYx9Wy4oAUjjY9MXuFfLF9eKa8iTeNtb
20230730-160735-6465 02852 ! releaseForWrite (lockserver.cc:353): [4344108807788520055] Releasing unheld write lock: pwsCiopDylmXGhWZHY09zwKATKq8z2oxUOhCxhyegIOyzYfqAMpqdTu8XcnpfyZ8
20230730-160735-6660 02852 ! releaseForWrite (lockserver.cc:353): [1601191879601220050] Releasing unheld write lock: pwsCiopDylmXGhWZHY09zwKATKq8z2oxUOhCxhyegIOyzYfqAMpqdTu8XcnpfyZ8
20230730-160735-6878 02852 ! releaseForWrite (lockserver.cc:353): [-2357029018595561531] Releasing unheld write lock: pwsCiopDylmXGhWZHY09zwKATKq8z2oxUOhCxhyegIOyzYfqAMpqdTu8XcnpfyZ8
20230730-160735-6956 02852 ! releaseForRead  (lockserver.cc:293): [-7143280525374211587] Releasing unheld read lock: pwsCiopDylmXGhWZHY09zwKATKq8z2oxUOhCxhyegIOyzYfqAMpqdTu8XcnpfyZ8
20230730-160736-1759 02852 ! releaseForWrite (lockserver.cc:353): [-4747399543136701573] Releasing unheld write lock: pwsCiopDylmXGhWZHY09zwKATKq8z2oxUOhCxhyegIOyzYfqAMpqdTu8XcnpfyZ8
20230730-160736-1762 02852 ! releaseForRead  (lockserver.cc:293): [8652656222927090044] Releasing unheld read lock: pwsCiopDylmXGhWZHY09zwKATKq8z2oxUOhCxhyegIOyzYfqAMpqdTu8XcnpfyZ8
20230730-160736-1765 02852 ! releaseForRead  (lockserver.cc:293): [-4390804499942771563] Releasing unheld read lock: pwsCiopDylmXGhWZHY09zwKATKq8z2oxUOhCxhyegIOyzYfqAMpqdTu8XcnpfyZ8
20230730-160736-7064 02852 ! releaseForWrite (lockserver.cc:353): [-8409129029745821471] Releasing unheld write lock: pwsCiopDylmXGhWZHY09zwKATKq8z2oxUOhCxhyegIOyzYfqAMpqdTu8XcnpfyZ8
20230730-160737-6471 02852 * HandleRequestStateTransfer (replica.cc:727):   [0] Sending state transfer from <0,110553> to <0,110555>
20230730-160739-7681 02852 ! releaseForRead  (lockserver.cc:293): [8618445971672500091] Releasing unheld read lock: pwsCiopDylmXGhWZHY09zwKATKq8z2oxUOhCxhyegIOyzYfqAMpqdTu8XcnpfyZ8
20230730-160741-7158 02852 ! releaseForRead  (lockserver.cc:293): [431794635507010059] Releasing unheld read lock: pwsCiopDylmXGhWZHY09zwKATKq8z2oxUOhCxhyegIOyzYfqAMpqdTu8XcnpfyZ8
20230730-160741-7164 02852 ! releaseForRead  (lockserver.cc:293): [9223116180192290058] Releasing unheld read lock: pwsCiopDylmXGhWZHY09zwKATKq8z2oxUOhCxhyegIOyzYfqAMpqdTu8XcnpfyZ8
20230730-160741-7168 02852 ! releaseForWrite (lockserver.cc:353): [-2068379051096651560] Releasing unheld write lock: pwsCiopDylmXGhWZHY09zwKATKq8z2oxUOhCxhyegIOyzYfqAMpqdTu8XcnpfyZ8
20230730-160741-7174 02852 * HandleRequestStateTransfer (replica.cc:727):   [0] Sending state transfer from <0,131087> to <0,131101>
20230730-160741-7318 02852 * SendMessageInternal (udptransport.cc:442): Sending large replication.vr.proto.StateTransferMessage message in 2 fragments
20230730-160741-7320 02852 * HandleRequestStateTransfer (replica.cc:727):   [0] Sending state transfer from <0,131088> to <0,131101>
20230730-160741-7322 02852 * SendMessageInternal (udptransport.cc:442): Sending large replication.vr.proto.StateTransferMessage message in 2 fragments
20230730-160741-7323 02852 * HandleRequestStateTransfer (replica.cc:727):   [0] Sending state transfer from <0,131089> to <0,131101>
20230730-160741-7323 02852 * SendMessageInternal (udptransport.cc:442): Sending large replication.vr.proto.StateTransferMessage message in 2 fragments
20230730-160741-7324 02852 * HandleRequestStateTransfer (replica.cc:727):   [0] Sending state transfer from <0,131090> to <0,131101>
20230730-160741-7324 02852 * SendMessageInternal (udptransport.cc:442): Sending large replication.vr.proto.StateTransferMessage message in 2 fragments
20230730-160741-7325 02852 * HandleRequestStateTransfer (replica.cc:727):   [0] Sending state transfer from <0,131094> to <0,131101>
20230730-160741-7326 02852 * SendMessageInternal (udptransport.cc:442): Sending large replication.vr.proto.StateTransferMessage message in 2 fragments
20230730-160741-7327 02852 * HandleRequestStateTransfer (replica.cc:727):   [0] Sending state transfer from <0,131097> to <0,131101>
20230730-160741-7327 02852 * SendMessageInternal (udptransport.cc:442): Sending large replication.vr.proto.StateTransferMessage message in 2 fragments
20230730-160741-7329 02852 * HandleRequestStateTransfer (replica.cc:727):   [0] Sending state transfer from <0,131099> to <0,131101>
20230730-160741-7329 02852 * SendMessageInternal (udptransport.cc:442): Sending large replication.vr.proto.StateTransferMessage message in 2 fragments
20230730-160741-7330 02852 * HandleRequestStateTransfer (replica.cc:727):   [0] Sending state transfer from <0,131100> to <0,131101>
20230730-160741-7330 02852 * SendMessageInternal (udptransport.cc:442): Sending large replication.vr.proto.StateTransferMessage message in 2 fragments
20230730-160741-7331 02852 * HandleRequestStateTransfer (replica.cc:727):   [0] Sending state transfer from <0,131101> to <0,131101>
20230730-160741-7331 02852 * SendMessageInternal (udptransport.cc:442): Sending large replication.vr.proto.StateTransferMessage message in 2 fragments
20230730-160741-7342 02852 * HandleRequestStateTransfer (replica.cc:727):   [0] Sending state transfer from <0,131072> to <0,131101>
20230730-160741-7343 02852 * SendMessageInternal (udptransport.cc:442): Sending large replication.vr.proto.StateTransferMessage message in 3 fragments
20230730-160741-7439 02852 ! releaseForWrite (lockserver.cc:353): [-4494022780663391554] Releasing unheld write lock: pwsCiopDylmXGhWZHY09zwKATKq8z2oxUOhCxhyegIOyzYfqAMpqdTu8XcnpfyZ8
20230730-160741-7464 02852 ! releaseForWrite (lockserver.cc:353): [7273588589129020065] Releasing unheld write lock: pwsCiopDylmXGhWZHY09zwKATKq8z2oxUOhCxhyegIOyzYfqAMpqdTu8XcnpfyZ8
20230730-160741-7489 02852 * HandleRequestStateTransfer (replica.cc:727):   [0] Sending state transfer from <0,131124> to <0,131150>
20230730-160741-7492 02852 * HandleRequestStateTransfer (replica.cc:727):   [0] Sending state transfer from <0,131125> to <0,131151>
20230730-160741-7745 02852 ! releaseForRead  (lockserver.cc:293): [3222207614701490050] Releasing unheld read lock: pwsCiopDylmXGhWZHY09zwKATKq8z2oxUOhCxhyegIOyzYfqAMpqdTu8XcnpfyZ8
20230730-160741-7833 02852 ! releaseForWrite (lockserver.cc:353): [-8283455371504841553] Releasing unheld write lock: pwsCiopDylmXGhWZHY09zwKATKq8z2oxUOhCxhyegIOyzYfqAMpqdTu8XcnpfyZ8
20230730-160741-7845 02852 ! releaseForWrite (lockserver.cc:353): [3551068335303940133] Releasing unheld write lock: pwsCiopDylmXGhWZHY09zwKATKq8z2oxUOhCxhyegIOyzYfqAMpqdTu8XcnpfyZ8
20230730-160741-7882 02852 ! releaseForRead  (lockserver.cc:293): [8618445971672500095] Releasing unheld read lock: pwsCiopDylmXGhWZHY09zwKATKq8z2oxUOhCxhyegIOyzYfqAMpqdTu8XcnpfyZ8
20230730-160741-8018 02852 ! releaseForWrite (lockserver.cc:353): [4728019684135260161] Releasing unheld write lock: pwsCiopDylmXGhWZHY09zwKATKq8z2oxUOhCxhyegIOyzYfqAMpqdTu8XcnpfyZ8
20230730-160741-8593 02852 ! releaseForRead  (lockserver.cc:293): [-6713310473377271574] Releasing unheld read lock: pwsCiopDylmXGhWZHY09zwKATKq8z2oxUOhCxhyegIOyzYfqAMpqdTu8XcnpfyZ8
20230730-160741-8604 02852 ! releaseForRead  (lockserver.cc:293): [-4695802430109611489] Releasing unheld read lock: pwsCiopDylmXGhWZHY09zwKATKq8z2oxUOhCxhyegIOyzYfqAMpqdTu8XcnpfyZ8
20230730-160741-9911 02852 ! releaseForWrite (lockserver.cc:353): [-3453931972249341545] Releasing unheld write lock: pwsCiopDylmXGhWZHY09zwKATKq8z2oxUOhCxhyegIOyzYfqAMpqdTu8XcnpfyZ8
20230730-160741-9911 02852 ! releaseForRead  (lockserver.cc:293): [-3453931972249341545] Releasing unheld read lock: pwsCiopDylmXGhWZHY09zwKATKq8z2oxUOhCxhyegIOyzYfqAMpqdTu8XcnpfyZ8
20230730-160742-0239 02852 ! releaseForWrite (lockserver.cc:353): [-4348867358753511471] Releasing unheld write lock: pwsCiopDylmXGhWZHY09zwKATKq8z2oxUOhCxhyegIOyzYfqAMpqdTu8XcnpfyZ8
20230730-160742-0394 02852 ! releaseForRead  (lockserver.cc:293): [3630457384497800049] Releasing unheld read lock: pwsCiopDylmXGhWZHY09zwKATKq8z2oxUOhCxhyegIOyzYfqAMpqdTu8XcnpfyZ8
20230730-160742-0477 02852 ! releaseForRead  (lockserver.cc:293): [-4747399543136701562] Releasing unheld read lock: pwsCiopDylmXGhWZHY09zwKATKq8z2oxUOhCxhyegIOyzYfqAMpqdTu8XcnpfyZ8
20230730-160742-0719 02852 ! releaseForWrite (lockserver.cc:353): [-3158007273808691568] Releasing unheld write lock: pwsCiopDylmXGhWZHY09zwKATKq8z2oxUOhCxhyegIOyzYfqAMpqdTu8XcnpfyZ8
20230730-160742-1282 02852 ! releaseForWrite (lockserver.cc:353): [-7134851065203731573] Releasing unheld write lock: pwsCiopDylmXGhWZHY09zwKATKq8z2oxUOhCxhyegIOyzYfqAMpqdTu8XcnpfyZ8
20230730-160742-1287 02852 ! releaseForWrite (lockserver.cc:353): [8056190734138330097] Releasing unheld write lock: pwsCiopDylmXGhWZHY09zwKATKq8z2oxUOhCxhyegIOyzYfqAMpqdTu8XcnpfyZ8
20230730-160742-1294 02852 ! releaseForWrite (lockserver.cc:353): [-793263567705691442] Releasing unheld write lock: pwsCiopDylmXGhWZHY09zwKATKq8z2oxUOhCxhyegIOyzYfqAMpqdTu8XcnpfyZ8
20230730-160742-7462 02852 ! releaseForRead  (lockserver.cc:293): [1688237299413860062] Releasing unheld read lock: pwsCiopDylmXGhWZHY09zwKATKq8z2oxUOhCxhyegIOyzYfqAMpqdTu8XcnpfyZ8
20230730-160742-7587 02852 ! releaseForWrite (lockserver.cc:353): [431794635507010061] Releasing unheld write lock: pwsCiopDylmXGhWZHY09zwKATKq8z2oxUOhCxhyegIOyzYfqAMpqdTu8XcnpfyZ8
20230730-160742-7605 02852 ! releaseForRead  (lockserver.cc:293): [-2068379051096651557] Releasing unheld read lock: pwsCiopDylmXGhWZHY09zwKATKq8z2oxUOhCxhyegIOyzYfqAMpqdTu8XcnpfyZ8
20230730-160742-8313 02852 ! releaseForWrite (lockserver.cc:353): [1800256785453280058] Releasing unheld write lock: pwsCiopDylmXGhWZHY09zwKATKq8z2oxUOhCxhyegIOyzYfqAMpqdTu8XcnpfyZ8
20230730-160743-2099 02852 ! releaseForRead  (lockserver.cc:293): [3222207614701490054] Releasing unheld read lock: pwsCiopDylmXGhWZHY09zwKATKq8z2oxUOhCxhyegIOyzYfqAMpqdTu8XcnpfyZ8
20230730-160743-2275 02852 ! releaseForWrite (lockserver.cc:353): [-4747399543136701560] Releasing unheld write lock: pwsCiopDylmXGhWZHY09zwKATKq8z2oxUOhCxhyegIOyzYfqAMpqdTu8XcnpfyZ8
20230730-160743-2568 02852 ! releaseForWrite (lockserver.cc:353): [3470700846181270192] Releasing unheld write lock: pwsCiopDylmXGhWZHY09zwKATKq8z2oxUOhCxhyegIOyzYfqAMpqdTu8XcnpfyZ8
20230730-160743-2637 02852 ! releaseForWrite (lockserver.cc:353): [9118173381756010058] Releasing unheld write lock: pwsCiopDylmXGhWZHY09zwKATKq8z2oxUOhCxhyegIOyzYfqAMpqdTu8XcnpfyZ8
20230730-160743-6971 02852 * HandleRequestStateTransfer (replica.cc:727):   [0] Sending state transfer from <0,140680> to <0,140680>
20230730-160743-7002 02852 * HandleRequestStateTransfer (replica.cc:727):   [0] Sending state transfer from <0,140680> to <0,140702>
20230730-160743-7003 02852 * HandleRequestStateTransfer (replica.cc:727):   [0] Sending state transfer from <0,140681> to <0,140702>
20230730-160743-9146 02852 ! releaseForWrite (lockserver.cc:353): [7337916307767410059] Releasing unheld write lock: pwsCiopDylmXGhWZHY09zwKATKq8z2oxUOhCxhyegIOyzYfqAMpqdTu8XcnpfyZ8
20230730-160743-9909 02852 ! releaseForWrite (lockserver.cc:353): [3242643894174680059] Releasing unheld write lock: pwsCiopDylmXGhWZHY09zwKATKq8z2oxUOhCxhyegIOyzYfqAMpqdTu8XcnpfyZ8
20230730-160744-1779 02852 ! releaseForWrite (lockserver.cc:353): [-2128313312505041541] Releasing unheld write lock: pwsCiopDylmXGhWZHY09zwKATKq8z2oxUOhCxhyegIOyzYfqAMpqdTu8XcnpfyZ8
20230730-160744-2178 02852 ! releaseForWrite (lockserver.cc:353): [3630457384497800052] Releasing unheld write lock: pwsCiopDylmXGhWZHY09zwKATKq8z2oxUOhCxhyegIOyzYfqAMpqdTu8XcnpfyZ8
20230730-160744-2381 02852 ! releaseForWrite (lockserver.cc:353): [-4747399543136701558] Releasing unheld write lock: pwsCiopDylmXGhWZHY09zwKATKq8z2oxUOhCxhyegIOyzYfqAMpqdTu8XcnpfyZ8
20230730-160744-2795 02852 ! releaseForWrite (lockserver.cc:353): [4900365599775910056] Releasing unheld write lock: pwsCiopDylmXGhWZHY09zwKATKq8z2oxUOhCxhyegIOyzYfqAMpqdTu8XcnpfyZ8
20230730-160744-3042 02852 ! releaseForRead  (lockserver.cc:293): [1132273544978140072] Releasing unheld read lock: pwsCiopDylmXGhWZHY09zwKATKq8z2oxUOhCxhyegIOyzYfqAMpqdTu8XcnpfyZ8
20230730-160744-3613 02852 ! releaseForRead  (lockserver.cc:293): [-3158007273808691565] Releasing unheld read lock: pwsCiopDylmXGhWZHY09zwKATKq8z2oxUOhCxhyegIOyzYfqAMpqdTu8XcnpfyZ8
20230730-160744-4009 02852 ! releaseForWrite (lockserver.cc:353): [-5887980057823551483] Releasing unheld write lock: IeVWLIWH4dMSqGTTrK7hEHrTcCO5LKzxJM93t979kyA8r2ceHst10UbjwJu51GaC
20230730-160744-4047 02852 ! releaseForRead  (lockserver.cc:293): [3551068335303940141] Releasing unheld read lock: pwsCiopDylmXGhWZHY09zwKATKq8z2oxUOhCxhyegIOyzYfqAMpqdTu8XcnpfyZ8
20230730-160744-7434 02852 ! releaseForRead  (lockserver.cc:293): [-4494022780663391549] Releasing unheld read lock: pwsCiopDylmXGhWZHY09zwKATKq8z2oxUOhCxhyegIOyzYfqAMpqdTu8XcnpfyZ8
20230730-160744-8162 02852 ! releaseForWrite (lockserver.cc:353): [4767682039150690132] Releasing unheld write lock: pwsCiopDylmXGhWZHY09zwKATKq8z2oxUOhCxhyegIOyzYfqAMpqdTu8XcnpfyZ8
20230730-160744-8792 02852 ! releaseForWrite (lockserver.cc:353): [8618445971672500100] Releasing unheld write lock: pwsCiopDylmXGhWZHY09zwKATKq8z2oxUOhCxhyegIOyzYfqAMpqdTu8XcnpfyZ8
20230730-160744-8848 02852 ! releaseForWrite (lockserver.cc:353): [-2332120244772961554] Releasing unheld write lock: pwsCiopDylmXGhWZHY09zwKATKq8z2oxUOhCxhyegIOyzYfqAMpqdTu8XcnpfyZ8
20230730-160744-8849 02852 ! releaseForRead  (lockserver.cc:293): [-2332120244772961554] Releasing unheld read lock: pwsCiopDylmXGhWZHY09zwKATKq8z2oxUOhCxhyegIOyzYfqAMpqdTu8XcnpfyZ8
20230730-160744-8877 02852 ! releaseForWrite (lockserver.cc:353): [8652656222927090063] Releasing unheld write lock: pwsCiopDylmXGhWZHY09zwKATKq8z2oxUOhCxhyegIOyzYfqAMpqdTu8XcnpfyZ8
20230730-160744-8964 02852 ! releaseForWrite (lockserver.cc:353): [5982480696045640055] Releasing unheld write lock: pwsCiopDylmXGhWZHY09zwKATKq8z2oxUOhCxhyegIOyzYfqAMpqdTu8XcnpfyZ8
20230730-160744-8964 02852 ! releaseForRead  (lockserver.cc:293): [5982480696045640055] Releasing unheld read lock: pwsCiopDylmXGhWZHY09zwKATKq8z2oxUOhCxhyegIOyzYfqAMpqdTu8XcnpfyZ8
20230730-160744-9007 02852 ! releaseForRead  (lockserver.cc:293): [-4177853690970001552] Releasing unheld read lock: pwsCiopDylmXGhWZHY09zwKATKq8z2oxUOhCxhyegIOyzYfqAMpqdTu8XcnpfyZ8
20230730-160744-9091 02852 ! releaseForWrite (lockserver.cc:353): [3314633494412560068] Releasing unheld write lock: pwsCiopDylmXGhWZHY09zwKATKq8z2oxUOhCxhyegIOyzYfqAMpqdTu8XcnpfyZ8
20230730-160744-9254 02852 ! releaseForWrite (lockserver.cc:353): [-1333231209533781555] Releasing unheld write lock: 8tRCUNCMpg2AhRo2r5TmWsADvJMv9Om1IlSqTZvvogpGMs0EvVNu5b4MdF3sFdLC
20230730-160744-9393 02852 ! releaseForWrite (lockserver.cc:353): [4344108807788520074] Releasing unheld write lock: pwsCiopDylmXGhWZHY09zwKATKq8z2oxUOhCxhyegIOyzYfqAMpqdTu8XcnpfyZ8
20230730-160744-9880 02852 ! releaseForWrite (lockserver.cc:353): [5642395579163170066] Releasing unheld write lock: pwsCiopDylmXGhWZHY09zwKATKq8z2oxUOhCxhyegIOyzYfqAMpqdTu8XcnpfyZ8
20230730-160745-0039 02852 ! releaseForWrite (lockserver.cc:353): [-3453931972249341542] Releasing unheld write lock: pwsCiopDylmXGhWZHY09zwKATKq8z2oxUOhCxhyegIOyzYfqAMpqdTu8XcnpfyZ8
20230730-160745-0399 02852 ! releaseForWrite (lockserver.cc:353): [-3873309292950741492] Releasing unheld write lock: pwsCiopDylmXGhWZHY09zwKATKq8z2oxUOhCxhyegIOyzYfqAMpqdTu8XcnpfyZ8
20230730-160745-0408 02852 ! releaseForWrite (lockserver.cc:353): [-6403612082261711549] Releasing unheld write lock: pwsCiopDylmXGhWZHY09zwKATKq8z2oxUOhCxhyegIOyzYfqAMpqdTu8XcnpfyZ8
20230730-160745-0646 02852 * HandleRequestStateTransfer (replica.cc:727):   [0] Sending state transfer from <0,146740> to <0,146748>
20230730-160745-0647 02852 * HandleRequestStateTransfer (replica.cc:727):   [0] Sending state transfer from <0,146741> to <0,146748>
20230730-160745-1867 02852 ! releaseForRead  (lockserver.cc:293): [-3749550829046271545] Releasing unheld read lock: pwsCiopDylmXGhWZHY09zwKATKq8z2oxUOhCxhyegIOyzYfqAMpqdTu8XcnpfyZ8
20230730-160745-1962 02852 ! releaseForWrite (lockserver.cc:353): [-8283455371504841546] Releasing unheld write lock: pwsCiopDylmXGhWZHY09zwKATKq8z2oxUOhCxhyegIOyzYfqAMpqdTu8XcnpfyZ8
20230730-160745-1962 02852 ! releaseForRead  (lockserver.cc:293): [-8283455371504841546] Releasing unheld read lock: pwsCiopDylmXGhWZHY09zwKATKq8z2oxUOhCxhyegIOyzYfqAMpqdTu8XcnpfyZ8
20230730-160745-2222 02852 ! releaseForRead  (lockserver.cc:293): [3630457384497800053] Releasing unheld read lock: pwsCiopDylmXGhWZHY09zwKATKq8z2oxUOhCxhyegIOyzYfqAMpqdTu8XcnpfyZ8
20230730-160745-2436 02852 ! releaseForRead  (lockserver.cc:293): [-4747399543136701557] Releasing unheld read lock: pwsCiopDylmXGhWZHY09zwKATKq8z2oxUOhCxhyegIOyzYfqAMpqdTu8XcnpfyZ8
20230730-160745-2470 02852 ! releaseForRead  (lockserver.cc:293): [-2068379051096651553] Releasing unheld read lock: pwsCiopDylmXGhWZHY09zwKATKq8z2oxUOhCxhyegIOyzYfqAMpqdTu8XcnpfyZ8
20230730-160745-3232 02852 ! releaseForRead  (lockserver.cc:293): [-2828275816681081518] Releasing unheld read lock: pwsCiopDylmXGhWZHY09zwKATKq8z2oxUOhCxhyegIOyzYfqAMpqdTu8XcnpfyZ8
20230730-160745-3816 02852 ! releaseForWrite (lockserver.cc:353): [-3363580195887531544] Releasing unheld write lock: pwsCiopDylmXGhWZHY09zwKATKq8z2oxUOhCxhyegIOyzYfqAMpqdTu8XcnpfyZ8
20230730-160745-3929 02852 ! releaseForWrite (lockserver.cc:353): [9118173381756010061] Releasing unheld write lock: pwsCiopDylmXGhWZHY09zwKATKq8z2oxUOhCxhyegIOyzYfqAMpqdTu8XcnpfyZ8
20230730-160745-3998 02852 ! releaseForWrite (lockserver.cc:353): [3341154749599110061] Releasing unheld write lock: pwsCiopDylmXGhWZHY09zwKATKq8z2oxUOhCxhyegIOyzYfqAMpqdTu8XcnpfyZ8
20230730-160745-4111 02852 ! releaseForRead  (lockserver.cc:293): [4432071524828770066] Releasing unheld read lock: pwsCiopDylmXGhWZHY09zwKATKq8z2oxUOhCxhyegIOyzYfqAMpqdTu8XcnpfyZ8
20230730-160745-4323 02852 ! releaseForRead  (lockserver.cc:293): [431794635507010064] Releasing unheld read lock: pwsCiopDylmXGhWZHY09zwKATKq8z2oxUOhCxhyegIOyzYfqAMpqdTu8XcnpfyZ8
20230730-160745-4389 02852 ! releaseForWrite (lockserver.cc:353): [5587876445417200062] Releasing unheld write lock: pwsCiopDylmXGhWZHY09zwKATKq8z2oxUOhCxhyegIOyzYfqAMpqdTu8XcnpfyZ8
20230730-160745-4424 02852 ! releaseForRead  (lockserver.cc:293): [4900365599775910058] Releasing unheld read lock: pwsCiopDylmXGhWZHY09zwKATKq8z2oxUOhCxhyegIOyzYfqAMpqdTu8XcnpfyZ8
20230730-160745-4570 02852 ! releaseForWrite (lockserver.cc:353): [-5447688693671001546] Releasing unheld write lock: pwsCiopDylmXGhWZHY09zwKATKq8z2oxUOhCxhyegIOyzYfqAMpqdTu8XcnpfyZ8
20230730-160745-4761 02852 ! releaseForRead  (lockserver.cc:293): [-5887980057823551482] Releasing unheld read lock: pwsCiopDylmXGhWZHY09zwKATKq8z2oxUOhCxhyegIOyzYfqAMpqdTu8XcnpfyZ8
20230730-160745-8331 02852 ! releaseForWrite (lockserver.cc:353): [1688237299413860066] Releasing unheld write lock: pwsCiopDylmXGhWZHY09zwKATKq8z2oxUOhCxhyegIOyzYfqAMpqdTu8XcnpfyZ8
20230730-160745-8673 02852 ! releaseForRead  (lockserver.cc:293): [-5930363796719491452] Releasing unheld read lock: pwsCiopDylmXGhWZHY09zwKATKq8z2oxUOhCxhyegIOyzYfqAMpqdTu8XcnpfyZ8
20230730-160745-8760 02852 ! releaseForWrite (lockserver.cc:353): [-7276688816087031485] Releasing unheld write lock: pwsCiopDylmXGhWZHY09zwKATKq8z2oxUOhCxhyegIOyzYfqAMpqdTu8XcnpfyZ8
20230730-160745-8930 02852 ! releaseForRead  (lockserver.cc:293): [8652656222927090064] Releasing unheld read lock: pwsCiopDylmXGhWZHY09zwKATKq8z2oxUOhCxhyegIOyzYfqAMpqdTu8XcnpfyZ8
20230730-160745-8958 02852 ! releaseForRead  (lockserver.cc:293): [-2332120244772961552] Releasing unheld read lock: pwsCiopDylmXGhWZHY09zwKATKq8z2oxUOhCxhyegIOyzYfqAMpqdTu8XcnpfyZ8
20230730-160745-9024 02852 ! releaseForWrite (lockserver.cc:353): [5982480696045640056] Releasing unheld write lock: pwsCiopDylmXGhWZHY09zwKATKq8z2oxUOhCxhyegIOyzYfqAMpqdTu8XcnpfyZ8
20230730-160745-9148 02852 ! releaseForWrite (lockserver.cc:353): [3314633494412560069] Releasing unheld write lock: pwsCiopDylmXGhWZHY09zwKATKq8z2oxUOhCxhyegIOyzYfqAMpqdTu8XcnpfyZ8
20230730-160745-9149 02852 ! releaseForRead  (lockserver.cc:293): [3314633494412560069] Releasing unheld read lock: pwsCiopDylmXGhWZHY09zwKATKq8z2oxUOhCxhyegIOyzYfqAMpqdTu8XcnpfyZ8
20230730-160745-9300 02852 ! releaseForRead  (lockserver.cc:293): [-1333231209533781554] Releasing unheld read lock: pwsCiopDylmXGhWZHY09zwKATKq8z2oxUOhCxhyegIOyzYfqAMpqdTu8XcnpfyZ8
20230730-160745-9372 02852 ! releaseForRead  (lockserver.cc:293): [9223116180192290064] Releasing unheld read lock: pwsCiopDylmXGhWZHY09zwKATKq8z2oxUOhCxhyegIOyzYfqAMpqdTu8XcnpfyZ8
20230730-160745-9422 02852 ! releaseForWrite (lockserver.cc:353): [4344108807788520075] Releasing unheld write lock: pwsCiopDylmXGhWZHY09zwKATKq8z2oxUOhCxhyegIOyzYfqAMpqdTu8XcnpfyZ8
20230730-160745-9422 02852 ! releaseForRead  (lockserver.cc:293): [4344108807788520075] Releasing unheld read lock: pwsCiopDylmXGhWZHY09zwKATKq8z2oxUOhCxhyegIOyzYfqAMpqdTu8XcnpfyZ8
20230730-160745-9529 02852 ! releaseForWrite (lockserver.cc:353): [7273588589129020075] Releasing unheld write lock: pwsCiopDylmXGhWZHY09zwKATKq8z2oxUOhCxhyegIOyzYfqAMpqdTu8XcnpfyZ8
20230730-160746-0552 02852 ! releaseForWrite (lockserver.cc:353): [3004746348347900130] Releasing unheld write lock: pwsCiopDylmXGhWZHY09zwKATKq8z2oxUOhCxhyegIOyzYfqAMpqdTu8XcnpfyZ8
20230730-160746-1219 02852 ! releaseForRead  (lockserver.cc:293): [8725234354226630191] Releasing unheld read lock: pwsCiopDylmXGhWZHY09zwKATKq8z2oxUOhCxhyegIOyzYfqAMpqdTu8XcnpfyZ8
20230730-160746-2510 02852 ! releaseForWrite (lockserver.cc:353): [-2068379051096651552] Releasing unheld write lock: pwsCiopDylmXGhWZHY09zwKATKq8z2oxUOhCxhyegIOyzYfqAMpqdTu8XcnpfyZ8
20230730-160746-4093 02852 ! releaseForWrite (lockserver.cc:353): [3341154749599110063] Releasing unheld write lock: pwsCiopDylmXGhWZHY09zwKATKq8z2oxUOhCxhyegIOyzYfqAMpqdTu8XcnpfyZ8
20230730-160746-4093 02852 ! releaseForRead  (lockserver.cc:293): [3341154749599110063] Releasing unheld read lock: pwsCiopDylmXGhWZHY09zwKATKq8z2oxUOhCxhyegIOyzYfqAMpqdTu8XcnpfyZ8
20230730-160746-4214 02852 ! releaseForWrite (lockserver.cc:353): [4432071524828770068] Releasing unheld write lock: pwsCiopDylmXGhWZHY09zwKATKq8z2oxUOhCxhyegIOyzYfqAMpqdTu8XcnpfyZ8
20230730-160746-4482 02852 ! releaseForWrite (lockserver.cc:353): [5587876445417200064] Releasing unheld write lock: pwsCiopDylmXGhWZHY09zwKATKq8z2oxUOhCxhyegIOyzYfqAMpqdTu8XcnpfyZ8
20230730-160746-4627 02852 ! releaseForWrite (lockserver.cc:353): [4900365599775910061] Releasing unheld write lock: pwsCiopDylmXGhWZHY09zwKATKq8z2oxUOhCxhyegIOyzYfqAMpqdTu8XcnpfyZ8
20230730-160746-8400 02852 ! releaseForWrite (lockserver.cc:353): [1688237299413860067] Releasing unheld write lock: pwsCiopDylmXGhWZHY09zwKATKq8z2oxUOhCxhyegIOyzYfqAMpqdTu8XcnpfyZ8
20230730-160746-8771 02852 ! releaseForWrite (lockserver.cc:353): [431794635507010068] Releasing unheld write lock: pwsCiopDylmXGhWZHY09zwKATKq8z2oxUOhCxhyegIOyzYfqAMpqdTu8XcnpfyZ8
20230730-160746-9076 02852 ! releaseForRead  (lockserver.cc:293): [8652656222927090066] Releasing unheld read lock: pwsCiopDylmXGhWZHY09zwKATKq8z2oxUOhCxhyegIOyzYfqAMpqdTu8XcnpfyZ8
20230730-160746-9157 02852 ! releaseForRead  (lockserver.cc:293): [-4177853690970001549] Releasing unheld read lock: pwsCiopDylmXGhWZHY09zwKATKq8z2oxUOhCxhyegIOyzYfqAMpqdTu8XcnpfyZ8
20230730-160746-9234 02852 ! releaseForRead  (lockserver.cc:293): [3314633494412560070] Releasing unheld read lock: pwsCiopDylmXGhWZHY09zwKATKq8z2oxUOhCxhyegIOyzYfqAMpqdTu8XcnpfyZ8
20230730-160747-0099 02852 ! releaseForRead  (lockserver.cc:293): [-4390804499942771549] Releasing unheld read lock: pwsCiopDylmXGhWZHY09zwKATKq8z2oxUOhCxhyegIOyzYfqAMpqdTu8XcnpfyZ8
20230730-160747-0103 02852 ! releaseForWrite (lockserver.cc:353): [-8283455371504841544] Releasing unheld write lock: tJN8ca9WIhQB6lXJc673a6d4Wiau7PtPhJ7edA4KuIDliSCko5Bws9ermbZ4M4t1
20230730-160747-0112 02852 ! releaseForWrite (lockserver.cc:353): [8618445971672500104] Releasing unheld write lock: pwsCiopDylmXGhWZHY09zwKATKq8z2oxUOhCxhyegIOyzYfqAMpqdTu8XcnpfyZ8
20230730-160747-0142 02852 ! releaseForWrite (lockserver.cc:353): [-6627533687461241493] Releasing unheld write lock: pwsCiopDylmXGhWZHY09zwKATKq8z2oxUOhCxhyegIOyzYfqAMpqdTu8XcnpfyZ8
20230730-160747-0352 02852 ! releaseForWrite (lockserver.cc:353): [1261488397742480200] Releasing unheld write lock: pwsCiopDylmXGhWZHY09zwKATKq8z2oxUOhCxhyegIOyzYfqAMpqdTu8XcnpfyZ8
20230730-160747-0362 02852 ! releaseForRead  (lockserver.cc:293): [-4257239180524951560] Releasing unheld read lock: CJdT0fiepKkqGrL6QgcIsnl7WFW36AG96BTrv8zO7FvF96A3rpDPaTfSLRxoHDjC
20230730-160747-0414 02852 ! releaseForRead  (lockserver.cc:293): [8514147718960270183] Releasing unheld read lock: xnVLsIVdFlPV3bhDLH4Ht3UvndR2WuGXPLAcKMztjMaU11xZAC5GvPFpMbVBCDDi
20230730-160747-1501 02852 ! releaseForWrite (lockserver.cc:353): [7273588589129020076] Releasing unheld write lock: pwsCiopDylmXGhWZHY09zwKATKq8z2oxUOhCxhyegIOyzYfqAMpqdTu8XcnpfyZ8
20230730-160747-4519 02852 ! releaseForRead  (lockserver.cc:293): [-3665616270863751531] Releasing unheld read lock: pwsCiopDylmXGhWZHY09zwKATKq8z2oxUOhCxhyegIOyzYfqAMpqdTu8XcnpfyZ8
20230730-160747-4658 02852 ! releaseForRead  (lockserver.cc:293): [8664164138041690147] Releasing unheld read lock: pwsCiopDylmXGhWZHY09zwKATKq8z2oxUOhCxhyegIOyzYfqAMpqdTu8XcnpfyZ8
20230730-160747-4702 02852 ! releaseForRead  (lockserver.cc:293): [-5447688693671001543] Releasing unheld read lock: pwsCiopDylmXGhWZHY09zwKATKq8z2oxUOhCxhyegIOyzYfqAMpqdTu8XcnpfyZ8
20230730-160747-5919 02852 ! releaseForRead  (lockserver.cc:293): [-3749550829046271542] Releasing unheld read lock: pwsCiopDylmXGhWZHY09zwKATKq8z2oxUOhCxhyegIOyzYfqAMpqdTu8XcnpfyZ8
20230730-160747-9206 02852 ! releaseForRead  (lockserver.cc:293): [-4177853690970001548] Releasing unheld read lock: pwsCiopDylmXGhWZHY09zwKATKq8z2oxUOhCxhyegIOyzYfqAMpqdTu8XcnpfyZ8
20230730-160747-9208 02852 ! releaseForRead  (lockserver.cc:293): [-2332120244772961548] Releasing unheld read lock: pwsCiopDylmXGhWZHY09zwKATKq8z2oxUOhCxhyegIOyzYfqAMpqdTu8XcnpfyZ8
20230730-160748-0146 02852 ! releaseForRead  (lockserver.cc:293): [1800256785453280061] Releasing unheld read lock: pwsCiopDylmXGhWZHY09zwKATKq8z2oxUOhCxhyegIOyzYfqAMpqdTu8XcnpfyZ8
20230730-160748-0642 02852 ! releaseForRead  (lockserver.cc:293): [9118173381756010066] Releasing unheld read lock: pwsCiopDylmXGhWZHY09zwKATKq8z2oxUOhCxhyegIOyzYfqAMpqdTu8XcnpfyZ8
20230730-160748-0781 02852 ! releaseForRead  (lockserver.cc:293): [3341154749599110066] Releasing unheld read lock: pwsCiopDylmXGhWZHY09zwKATKq8z2oxUOhCxhyegIOyzYfqAMpqdTu8XcnpfyZ8
20230730-160748-1201 02852 ! releaseForRead  (lockserver.cc:293): [-4348867358753511457] Releasing unheld read lock: IeVWLIWH4dMSqGTTrK7hEHrTcCO5LKzxJM93t979kyA8r2ceHst10UbjwJu51GaC
20230730-160748-1263 02852 ! releaseForWrite (lockserver.cc:353): [1620687784068670152] Releasing unheld write lock: IeVWLIWH4dMSqGTTrK7hEHrTcCO5LKzxJM93t979kyA8r2ceHst10UbjwJu51GaC
20230730-160748-2151 02852 ! releaseForWrite (lockserver.cc:353): [-1154846598957371419] Releasing unheld write lock: pwsCiopDylmXGhWZHY09zwKATKq8z2oxUOhCxhyegIOyzYfqAMpqdTu8XcnpfyZ8
20230730-160749-6285 02852 ! releaseForWrite (lockserver.cc:353): [-2068379051096651543] Releasing unheld write lock: UeJ0bUjyTvVhtQ7tipukGwQZX4EwR0x1MRTxyZYBj3TpsHAyK7hL0o9uIaINlSsP
20230730-160749-6349 02852 ! releaseForWrite (lockserver.cc:353): [-1333231209533781547] Releasing unheld write lock: pwsCiopDylmXGhWZHY09zwKATKq8z2oxUOhCxhyegIOyzYfqAMpqdTu8XcnpfyZ8
20230730-160750-0217 02852 ! releaseForWrite (lockserver.cc:353): [1800256785453280066] Releasing unheld write lock: pwsCiopDylmXGhWZHY09zwKATKq8z2oxUOhCxhyegIOyzYfqAMpqdTu8XcnpfyZ8
20230730-160750-0218 02852 ! releaseForRead  (lockserver.cc:293): [1800256785453280066] Releasing unheld read lock: pwsCiopDylmXGhWZHY09zwKATKq8z2oxUOhCxhyegIOyzYfqAMpqdTu8XcnpfyZ8
20230730-160750-0226 02852 ! releaseForWrite (lockserver.cc:353): [9223116180192290072] Releasing unheld write lock: pwsCiopDylmXGhWZHY09zwKATKq8z2oxUOhCxhyegIOyzYfqAMpqdTu8XcnpfyZ8
20230730-160750-1342 02852 ! releaseForRead  (lockserver.cc:293): [8652656222927090073] Releasing unheld read lock: pwsCiopDylmXGhWZHY09zwKATKq8z2oxUOhCxhyegIOyzYfqAMpqdTu8XcnpfyZ8
20230730-160750-1387 02852 ! releaseForWrite (lockserver.cc:353): [2764595830992720076] Releasing unheld write lock: pwsCiopDylmXGhWZHY09zwKATKq8z2oxUOhCxhyegIOyzYfqAMpqdTu8XcnpfyZ8
20230730-160750-1388 02852 ! releaseForRead  (lockserver.cc:293): [8618445971672500110] Releasing unheld read lock: pwsCiopDylmXGhWZHY09zwKATKq8z2oxUOhCxhyegIOyzYfqAMpqdTu8XcnpfyZ8
20230730-160750-1390 02852 ! releaseForWrite (lockserver.cc:353): [-4494022780663391543] Releasing unheld write lock: pwsCiopDylmXGhWZHY09zwKATKq8z2oxUOhCxhyegIOyzYfqAMpqdTu8XcnpfyZ8
20230730-160750-1393 02852 ! releaseForRead  (lockserver.cc:293): [-3158007273808691554] Releasing unheld read lock: pwsCiopDylmXGhWZHY09zwKATKq8z2oxUOhCxhyegIOyzYfqAMpqdTu8XcnpfyZ8
20230730-160750-9841 02852 ! releaseForRead  (lockserver.cc:293): [297512677653690217] Releasing unheld read lock: pwsCiopDylmXGhWZHY09zwKATKq8z2oxUOhCxhyegIOyzYfqAMpqdTu8XcnpfyZ8
20230730-160750-9943 02852 ! releaseForRead  (lockserver.cc:293): [14988622280410149] Releasing unheld read lock: pwsCiopDylmXGhWZHY09zwKATKq8z2oxUOhCxhyegIOyzYfqAMpqdTu8XcnpfyZ8
20230730-160751-8983 02852 * HandleRequestStateTransfer (replica.cc:727):   [0] Sending state transfer from <0,183282> to <0,183287>
20230730-160751-8985 02852 * HandleRequestStateTransfer (replica.cc:727):   [0] Sending state transfer from <0,183283> to <0,183288>
20230730-160751-8986 02852 * HandleRequestStateTransfer (replica.cc:727):   [0] Sending state transfer from <0,183284> to <0,183289>
20230730-160752-9913 02852 ! releaseForWrite (lockserver.cc:353): [8652656222927090077] Releasing unheld write lock: pwsCiopDylmXGhWZHY09zwKATKq8z2oxUOhCxhyegIOyzYfqAMpqdTu8XcnpfyZ8
20230730-160752-9919 02852 ! releaseForWrite (lockserver.cc:353): [431794635507010079] Releasing unheld write lock: pwsCiopDylmXGhWZHY09zwKATKq8z2oxUOhCxhyegIOyzYfqAMpqdTu8XcnpfyZ8
20230730-160753-0131 02852 ! releaseForWrite (lockserver.cc:353): [-3363580195887531527] Releasing unheld write lock: pwsCiopDylmXGhWZHY09zwKATKq8z2oxUOhCxhyegIOyzYfqAMpqdTu8XcnpfyZ8
20230730-160753-0197 02852 ! releaseForWrite (lockserver.cc:353): [3242643894174680077] Releasing unheld write lock: pwsCiopDylmXGhWZHY09zwKATKq8z2oxUOhCxhyegIOyzYfqAMpqdTu8XcnpfyZ8
20230730-160753-0197 02852 ! releaseForRead  (lockserver.cc:293): [3242643894174680077] Releasing unheld read lock: pwsCiopDylmXGhWZHY09zwKATKq8z2oxUOhCxhyegIOyzYfqAMpqdTu8XcnpfyZ8
20230730-160753-0295 02852 ! releaseForWrite (lockserver.cc:353): [7273588589129020088] Releasing unheld write lock: pwsCiopDylmXGhWZHY09zwKATKq8z2oxUOhCxhyegIOyzYfqAMpqdTu8XcnpfyZ8
20230730-160753-0356 02852 ! releaseForRead  (lockserver.cc:293): [3314633494412560083] Releasing unheld read lock: pwsCiopDylmXGhWZHY09zwKATKq8z2oxUOhCxhyegIOyzYfqAMpqdTu8XcnpfyZ8
20230730-160753-0360 02852 ! releaseForWrite (lockserver.cc:353): [7760118379292100236] Releasing unheld write lock: pwsCiopDylmXGhWZHY09zwKATKq8z2oxUOhCxhyegIOyzYfqAMpqdTu8XcnpfyZ8
20230730-160753-0409 02852 ! releaseForWrite (lockserver.cc:353): [-3450321708416721445] Releasing unheld write lock: pwsCiopDylmXGhWZHY09zwKATKq8z2oxUOhCxhyegIOyzYfqAMpqdTu8XcnpfyZ8
20230730-160753-0444 02852 ! releaseForRead  (lockserver.cc:293): [3341154749599110074] Releasing unheld read lock: pwsCiopDylmXGhWZHY09zwKATKq8z2oxUOhCxhyegIOyzYfqAMpqdTu8XcnpfyZ8
20230730-160753-0742 02852 * HandleRequestStateTransfer (replica.cc:727):   [0] Sending state transfer from <0,189625> to <0,189628>
20230730-160753-0752 02852 ! releaseForRead  (lockserver.cc:293): [-2398525733333501469] Releasing unheld read lock: pwsCiopDylmXGhWZHY09zwKATKq8z2oxUOhCxhyegIOyzYfqAMpqdTu8XcnpfyZ8
20230730-160753-1219 02852 ! releaseForRead  (lockserver.cc:293): [-4731513514206791463] Releasing unheld read lock: pwsCiopDylmXGhWZHY09zwKATKq8z2oxUOhCxhyegIOyzYfqAMpqdTu8XcnpfyZ8
20230730-160753-1313 02852 ! releaseForWrite (lockserver.cc:353): [7337916307767410083] Releasing unheld write lock: pwsCiopDylmXGhWZHY09zwKATKq8z2oxUOhCxhyegIOyzYfqAMpqdTu8XcnpfyZ8
20230730-160753-1463 02852 ! releaseForWrite (lockserver.cc:353): [-4747399543136701541] Releasing unheld write lock: pwsCiopDylmXGhWZHY09zwKATKq8z2oxUOhCxhyegIOyzYfqAMpqdTu8XcnpfyZ8
20230730-160753-7753 02852 * HandleRequestStateTransfer (replica.cc:727):   [0] Sending state transfer from <0,193536> to <0,193538>
20230730-160753-8188 02852 ! releaseForRead  (lockserver.cc:293): [-3453931972249341525] Releasing unheld read lock: pwsCiopDylmXGhWZHY09zwKATKq8z2oxUOhCxhyegIOyzYfqAMpqdTu8XcnpfyZ8
20230730-160753-8265 02852 ! releaseForRead  (lockserver.cc:293): [4344108807788520093] Releasing unheld read lock: pwsCiopDylmXGhWZHY09zwKATKq8z2oxUOhCxhyegIOyzYfqAMpqdTu8XcnpfyZ8
20230730-160753-8283 02852 ! releaseForWrite (lockserver.cc:353): [5982480696045640071] Releasing unheld write lock: pwsCiopDylmXGhWZHY09zwKATKq8z2oxUOhCxhyegIOyzYfqAMpqdTu8XcnpfyZ8
20230730-160753-8332 02852 ! releaseForWrite (lockserver.cc:353): [3222207614701490076] Releasing unheld write lock: pwsCiopDylmXGhWZHY09zwKATKq8z2oxUOhCxhyegIOyzYfqAMpqdTu8XcnpfyZ8
20230730-160753-9638 02852 ! releaseForRead  (lockserver.cc:293): [2689912326247530205] Releasing unheld read lock: pwsCiopDylmXGhWZHY09zwKATKq8z2oxUOhCxhyegIOyzYfqAMpqdTu8XcnpfyZ8
20230730-160753-9672 02852 * HandleRequestStateTransfer (replica.cc:727):   [0] Sending state transfer from <0,194319> to <0,194326>
20230730-160753-9674 02852 * HandleRequestStateTransfer (replica.cc:727):   [0] Sending state transfer from <0,194319> to <0,194327>
20230730-160753-9679 02852 * HandleRequestStateTransfer (replica.cc:727):   [0] Sending state transfer from <0,194325> to <0,194327>
20230730-160753-9679 02852 * HandleRequestStateTransfer (replica.cc:727):   [0] Sending state transfer from <0,194325> to <0,194327>
20230730-160753-9686 02852 * HandleRequestStateTransfer (replica.cc:727):   [0] Sending state transfer from <0,194327> to <0,194335>
20230730-160754-9209 02852 * HandleRequestStateTransfer (replica.cc:727):   [0] Sending state transfer from <0,198490> to <0,198493>
20230730-160754-9211 02852 * HandleRequestStateTransfer (replica.cc:727):   [0] Sending state transfer from <0,198491> to <0,198494>
20230730-160754-9213 02852 * HandleRequestStateTransfer (replica.cc:727):   [0] Sending state transfer from <0,198493> to <0,198496>
20230730-160755-0068 02852 * HandleRequestStateTransfer (replica.cc:727):   [0] Sending state transfer from <0,199354> to <0,199355>
20230730-160755-0069 02852 * HandleRequestStateTransfer (replica.cc:727):   [0] Sending state transfer from <0,199354> to <0,199355>
20230730-160755-0070 02852 * HandleRequestStateTransfer (replica.cc:727):   [0] Sending state transfer from <0,199355> to <0,199356>
20230730-160755-0070 02852 * HandleRequestStateTransfer (replica.cc:727):   [0] Sending state transfer from <0,199355> to <0,199356>
20230730-160755-0088 02852 * HandleRequestStateTransfer (replica.cc:727):   [0] Sending state transfer from <0,199377> to <0,199377>
20230730-160755-0088 02852 * HandleRequestStateTransfer (replica.cc:727):   [0] Sending state transfer from <0,199377> to <0,199378>
20230730-160755-0097 02852 * HandleRequestStateTransfer (replica.cc:727):   [0] Sending state transfer from <0,199385> to <0,199389>
20230730-160755-0099 02852 * HandleRequestStateTransfer (replica.cc:727):   [0] Sending state transfer from <0,199386> to <0,199391>
20230730-160755-1936 02852 * HandleRequestStateTransfer (replica.cc:727):   [0] Sending state transfer from <0,200475> to <0,200506>
20230730-160755-1937 02852 * SendMessageInternal (udptransport.cc:442): Sending large replication.vr.proto.StateTransferMessage message in 2 fragments
