20230730-160715-2683 10377 * RequestStateTransfer (replica.cc:212):   [2] Requesting state transfer: <0,4533>
20230730-160715-2684 10377 * RequestStateTransfer (replica.cc:212):   [2] Requesting state transfer: <0,4534>
20230730-160715-2685 10377 * HandleRequestStateTransfer (replica.cc:727):   [2] Sending state transfer from <0,4533> to <0,4534>
20230730-160715-2686 10377 * HandleRequestStateTransfer (replica.cc:727):   [2] Sending state transfer from <0,4534> to <0,4536>
20230730-160715-2688 10377 * RequestStateTransfer (replica.cc:212):   [2] Requesting state transfer: <0,4539>
20230730-160715-2692 10377 * RequestStateTransfer (replica.cc:212):   [2] Requesting state transfer: <0,4540>
20230730-160715-2703 10377 * HandleRequestStateTransfer (replica.cc:727):   [2] Sending state transfer from <0,4539> to <0,4544>
20230730-160715-2703 10377 * SendMessageInternal (udptransport.cc:442): Sending large replication.vr.proto.StateTransferMessage message in 2 fragments
20230730-160716-3455 10377 * HandleRequestStateTransfer (replica.cc:727):   [2] Sending state transfer from <0,12593> to <0,12644>
20230730-160716-3456 10377 * SendMessageInternal (udptransport.cc:442): Sending large replication.vr.proto.StateTransferMessage message in 3 fragments
20230730-160716-3470 10377 * HandleRequestStateTransfer (replica.cc:727):   [2] Sending state transfer from <0,12644> to <0,12653>
20230730-160716-3471 10377 * HandleRequestStateTransfer (replica.cc:727):   [2] Sending state transfer from <0,12647> to <0,12653>
20230730-160716-3472 10377 * HandleRequestStateTransfer (replica.cc:727):   [2] Sending state transfer from <0,12649> to <0,12653>
20230730-160716-3474 10377 * HandleRequestStateTransfer (replica.cc:727):   [2] Sending state transfer from <0,12653> to <0,12655>
20230730-160716-3475 10377 * HandleRequestStateTransfer (replica.cc:727):   [2] Sending state transfer from <0,12655> to <0,12655>
20230730-160716-4216 10377 * RequestStateTransfer (replica.cc:212):   [2] Requesting state transfer: <0,13269>
20230730-160716-4217 10377 * RequestStateTransfer (replica.cc:212):   [2] Requesting state transfer: <0,13271>
20230730-160716-4219 10377 * RequestStateTransfer (replica.cc:212):   [2] Requesting state transfer: <0,13272>
20230730-160716-4227 10377 * RequestStateTransfer (replica.cc:212):   [2] Requesting state transfer: <0,13296>
20230730-160716-4228 10377 ! OnReadable      (udptransport.cc:573): Fragments out of order for packet 5; expected start 0, got 9000
20230730-160716-4229 10377 ! OnReadable      (udptransport.cc:565): Failed to reconstruct packet 5
20230730-160716-4715 10377 * RequestStateTransfer (replica.cc:212):   [2] Requesting state transfer: <0,13697>
20230730-160717-9232 10377 * RequestStateTransfer (replica.cc:212):   [2] Requesting state transfer: <0,25603>
20230730-160717-9233 10377 * HandleRequestStateTransfer (replica.cc:727):   [2] Sending state transfer from <0,25603> to <0,25604>
20230730-160717-9234 10377 * RequestStateTransfer (replica.cc:212):   [2] Requesting state transfer: <0,25607>
20230730-160717-9235 10377 * HandleRequestStateTransfer (replica.cc:727):   [2] Sending state transfer from <0,25607> to <0,25608>
20230730-160717-9236 10377 * RequestStateTransfer (replica.cc:212):   [2] Requesting state transfer: <0,25608>
20230730-160717-9237 10377 * HandleRequestStateTransfer (replica.cc:727):   [2] Sending state transfer from <0,25608> to <0,25609>
20230730-160717-9238 10377 * RequestStateTransfer (replica.cc:212):   [2] Requesting state transfer: <0,25610>
20230730-160717-9239 10377 * HandleRequestStateTransfer (replica.cc:727):   [2] Sending state transfer from <0,25610> to <0,25610>
20230730-160718-9738 10377 * HandleRequestStateTransfer (replica.cc:727):   [2] Sending state transfer from <0,33516> to <0,33553>
20230730-160718-9739 10377 * SendMessageInternal (udptransport.cc:442): Sending large replication.vr.proto.StateTransferMessage message in 2 fragments
20230730-160718-9750 10377 * HandleRequestStateTransfer (replica.cc:727):   [2] Sending state transfer from <0,33555> to <0,33566>
20230730-160718-9751 10377 * HandleRequestStateTransfer (replica.cc:727):   [2] Sending state transfer from <0,33556> to <0,33567>
20230730-160718-9753 10377 * HandleRequestStateTransfer (replica.cc:727):   [2] Sending state transfer from <0,33557> to <0,33569>
20230730-160719-7105 10377 * RequestStateTransfer (replica.cc:212):   [2] Requesting state transfer: <0,39956>
20230730-160719-9412 10377 * HandleRequestStateTransfer (replica.cc:727):   [2] Sending state transfer from <0,42107> to <0,42107>
20230730-160720-2271 10377 * HandleRequestStateTransfer (replica.cc:727):   [2] Sending state transfer from <0,44628> to <0,44629>
20230730-160721-3305 10377 * RequestStateTransfer (replica.cc:212):   [2] Requesting state transfer: <0,53863>
20230730-160721-3306 10377 * HandleRequestStateTransfer (replica.cc:727):   [2] Sending state transfer from <0,53863> to <0,53863>
20230730-160721-3310 10377 * RequestStateTransfer (replica.cc:212):   [2] Requesting state transfer: <0,53865>
20230730-160721-3311 10377 * HandleRequestStateTransfer (replica.cc:727):   [2] Sending state transfer from <0,53865> to <0,53865>
20230730-160721-3312 10377 * RequestStateTransfer (replica.cc:212):   [2] Requesting state transfer: <0,53866>
20230730-160721-3313 10377 * RequestStateTransfer (replica.cc:212):   [2] Requesting state transfer: <0,53867>
20230730-160721-3314 10377 * HandleRequestStateTransfer (replica.cc:727):   [2] Sending state transfer from <0,53866> to <0,53867>
20230730-160721-3315 10377 * HandleRequestStateTransfer (replica.cc:727):   [2] Sending state transfer from <0,53867> to <0,53867>
20230730-160722-8222 10377 * RequestStateTransfer (replica.cc:212):   [2] Requesting state transfer: <0,65569>
20230730-160722-8224 10377 * HandleRequestStateTransfer (replica.cc:727):   [2] Sending state transfer from <0,65555> to <0,65575>
20230730-160722-8225 10377 * RequestStateTransfer (replica.cc:212):   [2] Requesting state transfer: <0,65575>
20230730-160722-8226 10377 * HandleRequestStateTransfer (replica.cc:727):   [2] Sending state transfer from <0,65569> to <0,65577>
20230730-160722-8227 10377 * RequestStateTransfer (replica.cc:212):   [2] Requesting state transfer: <0,65578>
20230730-160722-8228 10377 * HandleRequestStateTransfer (replica.cc:727):   [2] Sending state transfer from <0,65575> to <0,65579>
20230730-160722-8229 10377 * RequestStateTransfer (replica.cc:212):   [2] Requesting state transfer: <0,65579>
20230730-160722-8229 10377 * HandleRequestStateTransfer (replica.cc:727):   [2] Sending state transfer from <0,65578> to <0,65580>
20230730-160722-8230 10377 * HandleRequestStateTransfer (replica.cc:727):   [2] Sending state transfer from <0,65579> to <0,65581>
20230730-160722-8231 10377 * RequestStateTransfer (replica.cc:212):   [2] Requesting state transfer: <0,65583>
20230730-160722-8232 10377 * HandleRequestStateTransfer (replica.cc:727):   [2] Sending state transfer from <0,65583> to <0,65583>
20230730-160722-8234 10377 * RequestStateTransfer (replica.cc:212):   [2] Requesting state transfer: <0,65589>
20230730-160722-8234 10377 * HandleRequestStateTransfer (replica.cc:727):   [2] Sending state transfer from <0,65589> to <0,65589>
20230730-160722-8254 10377 ! OnReadable      (udptransport.cc:573): Fragments out of order for packet 1f; expected start 0, got 9000
20230730-160722-8257 10377 ! OnReadable      (udptransport.cc:565): Failed to reconstruct packet 1f
20230730-160723-7965 10377 * RequestStateTransfer (replica.cc:212):   [2] Requesting state transfer: <0,74060>
20230730-160723-7966 10377 * HandleRequestStateTransfer (replica.cc:727):   [2] Sending state transfer from <0,74060> to <0,74061>
20230730-160723-7968 10377 * RequestStateTransfer (replica.cc:212):   [2] Requesting state transfer: <0,74064>
20230730-160723-7969 10377 * HandleRequestStateTransfer (replica.cc:727):   [2] Sending state transfer from <0,74064> to <0,74065>
20230730-160723-7971 10377 * RequestStateTransfer (replica.cc:212):   [2] Requesting state transfer: <0,74067>
20230730-160723-7972 10377 * HandleRequestStateTransfer (replica.cc:727):   [2] Sending state transfer from <0,74067> to <0,74068>
20230730-160723-7973 10377 * RequestStateTransfer (replica.cc:212):   [2] Requesting state transfer: <0,74068>
20230730-160723-7974 10377 * HandleRequestStateTransfer (replica.cc:727):   [2] Sending state transfer from <0,74068> to <0,74068>
20230730-160723-7975 10377 * RequestStateTransfer (replica.cc:212):   [2] Requesting state transfer: <0,74069>
20230730-160723-7976 10377 * RequestStateTransfer (replica.cc:212):   [2] Requesting state transfer: <0,74071>
20230730-160723-7977 10377 * HandleRequestStateTransfer (replica.cc:727):   [2] Sending state transfer from <0,74069> to <0,74071>
20230730-160723-7978 10377 * HandleRequestStateTransfer (replica.cc:727):   [2] Sending state transfer from <0,74071> to <0,74072>
20230730-160723-7978 10377 * RequestStateTransfer (replica.cc:212):   [2] Requesting state transfer: <0,74072>
20230730-160723-7980 10377 * HandleRequestStateTransfer (replica.cc:727):   [2] Sending state transfer from <0,74072> to <0,74073>
20230730-160723-7981 10377 * RequestStateTransfer (replica.cc:212):   [2] Requesting state transfer: <0,74073>
20230730-160723-7982 10377 * HandleRequestStateTransfer (replica.cc:727):   [2] Sending state transfer from <0,74073> to <0,74075>
20230730-160723-7982 10377 * RequestStateTransfer (replica.cc:212):   [2] Requesting state transfer: <0,74075>
20230730-160723-7984 10377 * RequestStateTransfer (replica.cc:212):   [2] Requesting state transfer: <0,74076>
20230730-160723-7984 10377 * HandleRequestStateTransfer (replica.cc:727):   [2] Sending state transfer from <0,74075> to <0,74076>
20230730-160723-7985 10377 * HandleRequestStateTransfer (replica.cc:727):   [2] Sending state transfer from <0,74076> to <0,74076>
20230730-160723-7992 10377 ! OnReadable      (udptransport.cc:573): Fragments out of order for packet 26; expected start 0, got 9000
20230730-160723-7995 10377 ! OnReadable      (udptransport.cc:565): Failed to reconstruct packet 26
20230730-160725-1560 10377 * RequestStateTransfer (replica.cc:212):   [2] Requesting state transfer: <0,85602>
20230730-160725-1562 10377 * RequestStateTransfer (replica.cc:212):   [2] Requesting state transfer: <0,85613>
20230730-160725-1562 10377 * RequestStateTransfer (replica.cc:212):   [2] Requesting state transfer: <0,85614>
20230730-160725-1563 10377 * RequestStateTransfer (replica.cc:212):   [2] Requesting state transfer: <0,85616>
20230730-160725-1563 10377 * RequestStateTransfer (replica.cc:212):   [2] Requesting state transfer: <0,85617>
20230730-160725-1567 10377 * RequestStateTransfer (replica.cc:212):   [2] Requesting state transfer: <0,85629>
20230730-160725-1570 10377 * RequestStateTransfer (replica.cc:212):   [2] Requesting state transfer: <0,85630>
20230730-160725-1571 10377 * RequestStateTransfer (replica.cc:212):   [2] Requesting state transfer: <0,85631>
20230730-160725-2276 10377 ! releaseForWrite (lockserver.cc:353): [-7782599812609301600] Releasing unheld write lock: lhzH2cflfeLT5svkvjRfVfYzOQlqYjVKn5czxgCijbbVFMR3qw8kxbl33tge29oK
20230730-160725-2375 10377 * RequestStateTransfer (replica.cc:212):   [2] Requesting state transfer: <0,86306>
20230730-160725-2376 10377 * HandleRequestStateTransfer (replica.cc:727):   [2] Sending state transfer from <0,86306> to <0,86307>
20230730-160725-2377 10377 * RequestStateTransfer (replica.cc:212):   [2] Requesting state transfer: <0,86308>
20230730-160725-2378 10377 * HandleRequestStateTransfer (replica.cc:727):   [2] Sending state transfer from <0,86308> to <0,86308>
20230730-160725-2379 10377 * RequestStateTransfer (replica.cc:212):   [2] Requesting state transfer: <0,86309>
20230730-160725-2379 10377 * RequestStateTransfer (replica.cc:212):   [2] Requesting state transfer: <0,86310>
20230730-160725-2381 10377 * HandleRequestStateTransfer (replica.cc:727):   [2] Sending state transfer from <0,86309> to <0,86312>
20230730-160725-2382 10377 * HandleRequestStateTransfer (replica.cc:727):   [2] Sending state transfer from <0,86310> to <0,86314>
20230730-160725-2384 10377 * RequestStateTransfer (replica.cc:212):   [2] Requesting state transfer: <0,86317>
20230730-160725-2387 10377 * HandleRequestStateTransfer (replica.cc:727):   [2] Sending state transfer from <0,86317> to <0,86317>
20230730-160725-8570 10377 * RequestStateTransfer (replica.cc:212):   [2] Requesting state transfer: <0,91717>
20230730-160725-8571 10377 * RequestStateTransfer (replica.cc:212):   [2] Requesting state transfer: <0,91718>
20230730-160725-8573 10377 * RequestStateTransfer (replica.cc:212):   [2] Requesting state transfer: <0,91720>
20230730-160725-8575 10377 * RequestStateTransfer (replica.cc:212):   [2] Requesting state transfer: <0,91721>
20230730-160726-7106 10377 ! releaseForWrite (lockserver.cc:353): [-2369141006471211580] Releasing unheld write lock: lhzH2cflfeLT5svkvjRfVfYzOQlqYjVKn5czxgCijbbVFMR3qw8kxbl33tge29oK
20230730-160726-7106 10377 ! releaseForWrite (lockserver.cc:353): [-2369141006471211580] Releasing unheld write lock: el7jr6xW5S4mY872BvXLBvLMOXWWgtukk9wbN9K6d0etGaCaJuH7Co3RM7P3bgfp
20230730-160726-7106 10377 ! releaseForRead  (lockserver.cc:293): [-2369141006471211580] Releasing unheld read lock: RF0QlFdkJ9OCSAyyCtVpJEkrZ7EXwDEGLrOiVp0WqTlHcRdPv0hhBd4kj1bhHLnv
20230730-160726-7107 10377 ! releaseForRead  (lockserver.cc:293): [-2369141006471211580] Releasing unheld read lock: KI4W9NGTuiRik4kxiA8ZOg5BUe4S1Hele9UM7ykb413oz8oRQv0N1IzgpF6gVSr5
20230730-160727-1981 10377 * RequestStateTransfer (replica.cc:212):   [2] Requesting state transfer: <0,103079>
20230730-160727-1983 10377 * RequestStateTransfer (replica.cc:212):   [2] Requesting state transfer: <0,103080>
20230730-160727-1983 10377 * RequestStateTransfer (replica.cc:212):   [2] Requesting state transfer: <0,103081>
20230730-160727-6361 10377 * HandleRequestStateTransfer (replica.cc:727):   [2] Sending state transfer from <0,106617> to <0,106677>
20230730-160727-6362 10377 * SendMessageInternal (udptransport.cc:442): Sending large replication.vr.proto.StateTransferMessage message in 4 fragments
20230730-160729-1698 10377 ! releaseForWrite (lockserver.cc:353): [-473339761346521560] Releasing unheld write lock: 2rJ09Eka55cOFHHfov3DqOIGlVqrBXbtuYK5fD63TsTjA2oPwj8DkzznxfqdxrwC
20230730-160729-2309 10377 * RequestStateTransfer (replica.cc:212):   [2] Requesting state transfer: <0,119931>
20230730-160729-2310 10377 * RequestStateTransfer (replica.cc:212):   [2] Requesting state transfer: <0,119933>
20230730-160729-2311 10377 * RequestStateTransfer (replica.cc:212):   [2] Requesting state transfer: <0,119934>
20230730-160729-2312 10377 * RequestStateTransfer (replica.cc:212):   [2] Requesting state transfer: <0,119935>
20230730-160729-2313 10377 * RequestStateTransfer (replica.cc:212):   [2] Requesting state transfer: <0,119937>
20230730-160729-2314 10377 * RequestStateTransfer (replica.cc:212):   [2] Requesting state transfer: <0,119939>
20230730-160729-2315 10377 * RequestStateTransfer (replica.cc:212):   [2] Requesting state transfer: <0,119940>
20230730-160729-2333 10377 ! OnReadable      (udptransport.cc:573): Fragments out of order for packet 9; expected start 9000, got 18000
20230730-160729-2335 10377 ! OnReadable      (udptransport.cc:565): Failed to reconstruct packet 9
20230730-160729-2343 10377 ! OnReadable      (udptransport.cc:573): Fragments out of order for packet e; expected start 0, got 9000
20230730-160729-2344 10377 ! OnReadable      (udptransport.cc:565): Failed to reconstruct packet e
20230730-160729-2772 10377 * RequestStateTransfer (replica.cc:212):   [2] Requesting state transfer: <0,120344>
20230730-160729-2773 10377 * HandleRequestStateTransfer (replica.cc:727):   [2] Sending state transfer from <0,120344> to <0,120345>
20230730-160729-2774 10377 * RequestStateTransfer (replica.cc:212):   [2] Requesting state transfer: <0,120345>
20230730-160729-2775 10377 * HandleRequestStateTransfer (replica.cc:727):   [2] Sending state transfer from <0,120345> to <0,120345>
20230730-160729-2776 10377 * RequestStateTransfer (replica.cc:212):   [2] Requesting state transfer: <0,120346>
20230730-160729-2777 10377 * HandleRequestStateTransfer (replica.cc:727):   [2] Sending state transfer from <0,120346> to <0,120348>
20230730-160729-4177 10377 * RequestStateTransfer (replica.cc:212):   [2] Requesting state transfer: <0,121458>
20230730-160729-4185 10377 * RequestStateTransfer (replica.cc:212):   [2] Requesting state transfer: <0,121468>
20230730-160729-4186 10377 * RequestStateTransfer (replica.cc:212):   [2] Requesting state transfer: <0,121474>
20230730-160729-6553 10377 ! releaseForRead  (lockserver.cc:293): [5319635357278350042] Releasing unheld read lock: lhzH2cflfeLT5svkvjRfVfYzOQlqYjVKn5czxgCijbbVFMR3qw8kxbl33tge29oK
20230730-160729-6554 10377 ! releaseForRead  (lockserver.cc:293): [5319635357278350042] Releasing unheld read lock: KSFdH7RIW3MFkJI54KoTtcIewlmh1UtahLZCv0xzcSZh47lgXiElnLgbDDSGrjg1
20230730-160729-6853 10377 ! releaseForRead  (lockserver.cc:293): [-8114152879704201590] Releasing unheld read lock: lhzH2cflfeLT5svkvjRfVfYzOQlqYjVKn5czxgCijbbVFMR3qw8kxbl33tge29oK
20230730-160729-6998 10377 ! releaseForRead  (lockserver.cc:293): [4251693557011710029] Releasing unheld read lock: xQG9zWFpSfhz306lgzD1113un1OH0hR5lqOaUfMrGNBPyWeswnoFnyPppRl6T7Y6
20230730-160729-6998 10377 ! releaseForRead  (lockserver.cc:293): [4251693557011710029] Releasing unheld read lock: lhzH2cflfeLT5svkvjRfVfYzOQlqYjVKn5czxgCijbbVFMR3qw8kxbl33tge29oK
20230730-160729-7052 10377 ! releaseForRead  (lockserver.cc:293): [2987325355880340036] Releasing unheld read lock: lhzH2cflfeLT5svkvjRfVfYzOQlqYjVKn5czxgCijbbVFMR3qw8kxbl33tge29oK
20230730-160729-8709 10377 ! releaseForRead  (lockserver.cc:293): [-4041585804513721563] Releasing unheld read lock: 2rJ09Eka55cOFHHfov3DqOIGlVqrBXbtuYK5fD63TsTjA2oPwj8DkzznxfqdxrwC
20230730-160729-8751 10377 ! releaseForRead  (lockserver.cc:293): [-2638231980003741586] Releasing unheld read lock: lhzH2cflfeLT5svkvjRfVfYzOQlqYjVKn5czxgCijbbVFMR3qw8kxbl33tge29oK
20230730-160729-9346 10377 ! releaseForWrite (lockserver.cc:353): [-2369141006471211575] Releasing unheld write lock: lhzH2cflfeLT5svkvjRfVfYzOQlqYjVKn5czxgCijbbVFMR3qw8kxbl33tge29oK
20230730-160729-9347 10377 ! releaseForRead  (lockserver.cc:293): [-2369141006471211575] Releasing unheld read lock: sKRwAM8gHHJzcJlNZUhqyBwmf4zHqK2pTIwVa16jcghQauaoYP8koezRiewIvGVr
20230730-160729-9351 10377 ! releaseForRead  (lockserver.cc:293): [-6673318093407091584] Releasing unheld read lock: 2rJ09Eka55cOFHHfov3DqOIGlVqrBXbtuYK5fD63TsTjA2oPwj8DkzznxfqdxrwC
20230730-160730-1637 10377 ! releaseForWrite (lockserver.cc:353): [-4833954214158681473] Releasing unheld write lock: lhzH2cflfeLT5svkvjRfVfYzOQlqYjVKn5czxgCijbbVFMR3qw8kxbl33tge29oK
20230730-160730-1979 10377 * RequestStateTransfer (replica.cc:212):   [2] Requesting state transfer: <0,127256>
20230730-160730-1989 10377 * RequestStateTransfer (replica.cc:212):   [2] Requesting state transfer: <0,127285>
20230730-160730-1990 10377 * RequestStateTransfer (replica.cc:212):   [2] Requesting state transfer: <0,127286>
20230730-160730-1994 10377 * RequestStateTransfer (replica.cc:212):   [2] Requesting state transfer: <0,127287>
20230730-160730-1995 10377 * RequestStateTransfer (replica.cc:212):   [2] Requesting state transfer: <0,127288>
20230730-160730-1996 10377 * RequestStateTransfer (replica.cc:212):   [2] Requesting state transfer: <0,127289>
20230730-160730-2015 10377 ! OnReadable      (udptransport.cc:573): Fragments out of order for packet 4e; expected start 0, got 9000
20230730-160730-2019 10377 ! OnReadable      (udptransport.cc:565): Failed to reconstruct packet 4e
20230730-160730-8633 10377 * RequestStateTransfer (replica.cc:212):   [2] Requesting state transfer: <0,131091>
20230730-160730-8634 10377 * RequestStateTransfer (replica.cc:212):   [2] Requesting state transfer: <0,131095>
20230730-160730-8635 10377 * RequestStateTransfer (replica.cc:212):   [2] Requesting state transfer: <0,131099>
20230730-160730-8636 10377 * RequestStateTransfer (replica.cc:212):   [2] Requesting state transfer: <0,131101>
20230730-160730-8637 10377 * RequestStateTransfer (replica.cc:212):   [2] Requesting state transfer: <0,131107>
20230730-160730-8639 10377 * RequestStateTransfer (replica.cc:212):   [2] Requesting state transfer: <0,131115>
20230730-160730-8640 10377 * RequestStateTransfer (replica.cc:212):   [2] Requesting state transfer: <0,131116>
20230730-160730-8641 10377 * RequestStateTransfer (replica.cc:212):   [2] Requesting state transfer: <0,131118>
20230730-160730-8889 10377 * HandleRequestStateTransfer (replica.cc:727):   [2] Sending state transfer from <0,131072> to <0,131118>
20230730-160730-8890 10377 * SendMessageInternal (udptransport.cc:442): Sending large replication.vr.proto.StateTransferMessage message in 3 fragments
20230730-160730-9907 10377 * RequestStateTransfer (replica.cc:212):   [2] Requesting state transfer: <0,131982>
20230730-160730-9909 10377 * RequestStateTransfer (replica.cc:212):   [2] Requesting state transfer: <0,131983>
20230730-160731-0195 10377 * HandleRequestStateTransfer (replica.cc:727):   [2] Sending state transfer from <0,132239> to <0,132241>
20230730-160731-0196 10377 * HandleRequestStateTransfer (replica.cc:727):   [2] Sending state transfer from <0,132240> to <0,132243>
20230730-160731-0198 10377 * HandleRequestStateTransfer (replica.cc:727):   [2] Sending state transfer from <0,132241> to <0,132244>
20230730-160732-2311 10377 ! releaseForRead  (lockserver.cc:293): [-2607663121244341592] Releasing unheld read lock: 2rJ09Eka55cOFHHfov3DqOIGlVqrBXbtuYK5fD63TsTjA2oPwj8DkzznxfqdxrwC
20230730-160732-2312 10377 ! releaseForRead  (lockserver.cc:293): [-2607663121244341592] Releasing unheld read lock: oUaRvh84JFGkcmy9XRY4kpZVa6Ev1OkvvhRwPvisrxr1r5IyQDXVqU0kbIv34nlW
20230730-160733-4121 10377 ! releaseForWrite (lockserver.cc:353): [-7860436304454411586] Releasing unheld write lock: lhzH2cflfeLT5svkvjRfVfYzOQlqYjVKn5czxgCijbbVFMR3qw8kxbl33tge29oK
20230730-160733-4122 10377 ! releaseForWrite (lockserver.cc:353): [-7860436304454411586] Releasing unheld write lock: lvGr3WPBRZat6KdlxxYleWB0wR01KixMIx28UeyCvJkZLUa1oDKy1C69Nva9ia7a
20230730-160733-8333 10377 * HandleRequestStateTransfer (replica.cc:727):   [2] Sending state transfer from <0,155365> to <0,155369>
20230730-160734-4934 10377 * HandleRequestStateTransfer (replica.cc:727):   [2] Sending state transfer from <0,160718> to <0,160745>
20230730-160734-4935 10377 * SendMessageInternal (udptransport.cc:442): Sending large replication.vr.proto.StateTransferMessage message in 2 fragments
20230730-160734-4936 10377 * HandleRequestStateTransfer (replica.cc:727):   [2] Sending state transfer from <0,160719> to <0,160745>
20230730-160734-4937 10377 * SendMessageInternal (udptransport.cc:442): Sending large replication.vr.proto.StateTransferMessage message in 2 fragments
20230730-160735-3321 10377 * HandleRequestStateTransfer (replica.cc:727):   [2] Sending state transfer from <0,167871> to <0,167871>
20230730-160735-3327 10377 * HandleRequestStateTransfer (replica.cc:727):   [2] Sending state transfer from <0,167873> to <0,167873>
20230730-160735-3329 10377 * HandleRequestStateTransfer (replica.cc:727):   [2] Sending state transfer from <0,167874> to <0,167874>
20230730-160735-3331 10377 * HandleRequestStateTransfer (replica.cc:727):   [2] Sending state transfer from <0,167875> to <0,167875>
20230730-160735-3333 10377 * HandleRequestStateTransfer (replica.cc:727):   [2] Sending state transfer from <0,167876> to <0,167877>
20230730-160735-3335 10377 * HandleRequestStateTransfer (replica.cc:727):   [2] Sending state transfer from <0,167877> to <0,167878>
20230730-160735-3336 10377 * HandleRequestStateTransfer (replica.cc:727):   [2] Sending state transfer from <0,167878> to <0,167878>
20230730-160735-5166 10377 * RequestStateTransfer (replica.cc:212):   [2] Requesting state transfer: <0,169659>
20230730-160735-5167 10377 * RequestStateTransfer (replica.cc:212):   [2] Requesting state transfer: <0,169661>
20230730-160735-6350 10377 * RequestStateTransfer (replica.cc:212):   [2] Requesting state transfer: <0,170796>
20230730-160735-6351 10377 * HandleRequestStateTransfer (replica.cc:727):   [2] Sending state transfer from <0,170796> to <0,170797>
20230730-160735-6352 10377 * RequestStateTransfer (replica.cc:212):   [2] Requesting state transfer: <0,170797>
20230730-160735-6352 10377 * RequestStateTransfer (replica.cc:212):   [2] Requesting state transfer: <0,170798>
20230730-160735-6353 10377 * HandleRequestStateTransfer (replica.cc:727):   [2] Sending state transfer from <0,170797> to <0,170799>
20230730-160735-6354 10377 * RequestStateTransfer (replica.cc:212):   [2] Requesting state transfer: <0,170799>
20230730-160735-6354 10377 * HandleRequestStateTransfer (replica.cc:727):   [2] Sending state transfer from <0,170798> to <0,170800>
20230730-160735-6355 10377 * RequestStateTransfer (replica.cc:212):   [2] Requesting state transfer: <0,170801>
20230730-160735-6355 10377 * HandleRequestStateTransfer (replica.cc:727):   [2] Sending state transfer from <0,170799> to <0,170801>
20230730-160735-6356 10377 * RequestStateTransfer (replica.cc:212):   [2] Requesting state transfer: <0,170802>
20230730-160735-6357 10377 * HandleRequestStateTransfer (replica.cc:727):   [2] Sending state transfer from <0,170801> to <0,170802>
20230730-160735-6358 10377 * RequestStateTransfer (replica.cc:212):   [2] Requesting state transfer: <0,170804>
20230730-160735-6359 10377 * HandleRequestStateTransfer (replica.cc:727):   [2] Sending state transfer from <0,170802> to <0,170804>
20230730-160735-6360 10377 * RequestStateTransfer (replica.cc:212):   [2] Requesting state transfer: <0,170805>
20230730-160735-6361 10377 * HandleRequestStateTransfer (replica.cc:727):   [2] Sending state transfer from <0,170804> to <0,170805>
20230730-160735-6362 10377 * HandleRequestStateTransfer (replica.cc:727):   [2] Sending state transfer from <0,170805> to <0,170805>
20230730-160735-6363 10377 * RequestStateTransfer (replica.cc:212):   [2] Requesting state transfer: <0,170806>
20230730-160735-6365 10377 * RequestStateTransfer (replica.cc:212):   [2] Requesting state transfer: <0,170807>
20230730-160735-6365 10377 * RequestStateTransfer (replica.cc:212):   [2] Requesting state transfer: <0,170808>
20230730-160735-6366 10377 * HandleRequestStateTransfer (replica.cc:727):   [2] Sending state transfer from <0,170806> to <0,170808>
20230730-160735-6367 10377 * HandleRequestStateTransfer (replica.cc:727):   [2] Sending state transfer from <0,170807> to <0,170808>
20230730-160735-6368 10377 * HandleRequestStateTransfer (replica.cc:727):   [2] Sending state transfer from <0,170808> to <0,170809>
20230730-160736-1363 10377 * RequestStateTransfer (replica.cc:212):   [2] Requesting state transfer: <0,175303>
20230730-160736-1364 10377 * RequestStateTransfer (replica.cc:212):   [2] Requesting state transfer: <0,175304>
20230730-160736-1366 10377 * RequestStateTransfer (replica.cc:212):   [2] Requesting state transfer: <0,175307>
20230730-160736-1487 10377 * RequestStateTransfer (replica.cc:212):   [2] Requesting state transfer: <0,175459>
20230730-160736-1490 10377 * RequestStateTransfer (replica.cc:212):   [2] Requesting state transfer: <0,175460>
20230730-160736-1518 10377 * RequestStateTransfer (replica.cc:212):   [2] Requesting state transfer: <0,175490>
20230730-160736-1520 10377 * RequestStateTransfer (replica.cc:212):   [2] Requesting state transfer: <0,175491>
20230730-160736-1521 10377 * RequestStateTransfer (replica.cc:212):   [2] Requesting state transfer: <0,175492>
20230730-160736-1522 10377 * RequestStateTransfer (replica.cc:212):   [2] Requesting state transfer: <0,175493>
20230730-160736-1525 10377 * RequestStateTransfer (replica.cc:212):   [2] Requesting state transfer: <0,175494>
20230730-160736-1525 10377 * RequestStateTransfer (replica.cc:212):   [2] Requesting state transfer: <0,175495>
20230730-160736-1528 10377 * RequestStateTransfer (replica.cc:212):   [2] Requesting state transfer: <0,175498>
20230730-160736-1530 10377 * RequestStateTransfer (replica.cc:212):   [2] Requesting state transfer: <0,175501>
20230730-160736-1545 10377 ! OnReadable      (udptransport.cc:573): Fragments out of order for packet 7f; expected start 0, got 9000
20230730-160736-1546 10377 ! OnReadable      (udptransport.cc:565): Failed to reconstruct packet 7f
20230730-160736-2625 10377 ! releaseForWrite (lockserver.cc:353): [-86256678346911569] Releasing unheld write lock: lhzH2cflfeLT5svkvjRfVfYzOQlqYjVKn5czxgCijbbVFMR3qw8kxbl33tge29oK
20230730-160736-2625 10377 ! releaseForRead  (lockserver.cc:293): [-86256678346911569] Releasing unheld read lock: 2rJ09Eka55cOFHHfov3DqOIGlVqrBXbtuYK5fD63TsTjA2oPwj8DkzznxfqdxrwC
20230730-160736-8639 10377 ! releaseForWrite (lockserver.cc:353): [-9159665730083651576] Releasing unheld write lock: uOxurMPoj6NbuPXjcaC2AjXkOGA6l2UYrfFvzBtFTFTcPAlG8FXjG5dHwPNkfMXV
20230730-160736-8640 10377 ! releaseForRead  (lockserver.cc:293): [-9159665730083651576] Releasing unheld read lock: lhzH2cflfeLT5svkvjRfVfYzOQlqYjVKn5czxgCijbbVFMR3qw8kxbl33tge29oK
20230730-160738-3998 10377 * RequestStateTransfer (replica.cc:212):   [2] Requesting state transfer: <0,194216>
20230730-160738-3999 10377 * RequestStateTransfer (replica.cc:212):   [2] Requesting state transfer: <0,194217>
20230730-160739-4298 10377 * HandleRequestStateTransfer (replica.cc:727):   [2] Sending state transfer from <0,202827> to <0,202828>
20230730-160739-4299 10377 * HandleRequestStateTransfer (replica.cc:727):   [2] Sending state transfer from <0,202828> to <0,202830>
20230730-160739-4300 10377 * HandleRequestStateTransfer (replica.cc:727):   [2] Sending state transfer from <0,202829> to <0,202831>
20230730-160739-4301 10377 * HandleRequestStateTransfer (replica.cc:727):   [2] Sending state transfer from <0,202830> to <0,202831>
20230730-160739-4302 10377 * HandleRequestStateTransfer (replica.cc:727):   [2] Sending state transfer from <0,202831> to <0,202832>
20230730-160739-4303 10377 * HandleRequestStateTransfer (replica.cc:727):   [2] Sending state transfer from <0,202832> to <0,202832>
20230730-160739-4305 10377 * HandleRequestStateTransfer (replica.cc:727):   [2] Sending state transfer from <0,202833> to <0,202833>
20230730-160741-4562 10377 * RequestStateTransfer (replica.cc:212):   [2] Requesting state transfer: <0,218430>
20230730-160741-4563 10377 * HandleRequestStateTransfer (replica.cc:727):   [2] Sending state transfer from <0,218430> to <0,218431>
20230730-160741-4565 10377 * RequestStateTransfer (replica.cc:212):   [2] Requesting state transfer: <0,218434>
20230730-160741-4566 10377 * HandleRequestStateTransfer (replica.cc:727):   [2] Sending state transfer from <0,218434> to <0,218434>
20230730-160741-4567 10377 * RequestStateTransfer (replica.cc:212):   [2] Requesting state transfer: <0,218435>
20230730-160741-4568 10377 * HandleRequestStateTransfer (replica.cc:727):   [2] Sending state transfer from <0,218435> to <0,218436>
20230730-160741-4568 10377 * RequestStateTransfer (replica.cc:212):   [2] Requesting state transfer: <0,218436>
20230730-160741-4570 10377 * RequestStateTransfer (replica.cc:212):   [2] Requesting state transfer: <0,218437>
20230730-160741-4571 10377 * RequestStateTransfer (replica.cc:212):   [2] Requesting state transfer: <0,218438>
20230730-160741-4571 10377 * HandleRequestStateTransfer (replica.cc:727):   [2] Sending state transfer from <0,218436> to <0,218438>
20230730-160741-4573 10377 * RequestStateTransfer (replica.cc:212):   [2] Requesting state transfer: <0,218439>
20230730-160741-4574 10377 * HandleRequestStateTransfer (replica.cc:727):   [2] Sending state transfer from <0,218437> to <0,218439>
20230730-160741-4575 10377 * RequestStateTransfer (replica.cc:212):   [2] Requesting state transfer: <0,218440>
20230730-160741-4575 10377 * HandleRequestStateTransfer (replica.cc:727):   [2] Sending state transfer from <0,218438> to <0,218440>
20230730-160741-4576 10377 * RequestStateTransfer (replica.cc:212):   [2] Requesting state transfer: <0,218442>
20230730-160741-4577 10377 * HandleRequestStateTransfer (replica.cc:727):   [2] Sending state transfer from <0,218439> to <0,218443>
20230730-160741-4578 10377 * RequestStateTransfer (replica.cc:212):   [2] Requesting state transfer: <0,218443>
20230730-160741-4580 10377 * RequestStateTransfer (replica.cc:212):   [2] Requesting state transfer: <0,218444>
20230730-160741-4580 10377 * HandleRequestStateTransfer (replica.cc:727):   [2] Sending state transfer from <0,218440> to <0,218444>
20230730-160741-4581 10377 * HandleRequestStateTransfer (replica.cc:727):   [2] Sending state transfer from <0,218442> to <0,218444>
20230730-160741-4582 10377 * HandleRequestStateTransfer (replica.cc:727):   [2] Sending state transfer from <0,218443> to <0,218444>
20230730-160741-4583 10377 ! OnReadable      (udptransport.cc:573): Fragments out of order for packet 8b; expected start 0, got 9000
20230730-160741-4584 10377 * RequestStateTransfer (replica.cc:212):   [2] Requesting state transfer: <0,218445>
20230730-160741-4584 10377 * HandleRequestStateTransfer (replica.cc:727):   [2] Sending state transfer from <0,218444> to <0,218445>
20230730-160741-4585 10377 ! OnReadable      (udptransport.cc:565): Failed to reconstruct packet 8b
20230730-160743-1185 10377 ! releaseForWrite (lockserver.cc:353): [-8114152879704201569] Releasing unheld write lock: 5gysZSlZEDRJG0JVz5wrqn4n3tvYDYz45W786Y4XpQ2ZM6Mre5dOZ9M0xLUXPzd2
20230730-160743-1185 10377 ! releaseForWrite (lockserver.cc:353): [-8114152879704201569] Releasing unheld write lock: lhzH2cflfeLT5svkvjRfVfYzOQlqYjVKn5czxgCijbbVFMR3qw8kxbl33tge29oK
20230730-160743-1186 10377 ! releaseForRead  (lockserver.cc:293): [-8114152879704201569] Releasing unheld read lock: D6piIVXGnJBbxavs74XCAYPzOeZDTiv9bEIJhYymkyUi3aOx3OZspPelExW3dPmg
20230730-160744-4335 10377 ! releaseForWrite (lockserver.cc:353): [-4041585804513721535] Releasing unheld write lock: 2rJ09Eka55cOFHHfov3DqOIGlVqrBXbtuYK5fD63TsTjA2oPwj8DkzznxfqdxrwC
20230730-160745-4768 10377 ! releaseForWrite (lockserver.cc:353): [-5887980057823551482] Releasing unheld write lock: lhzH2cflfeLT5svkvjRfVfYzOQlqYjVKn5czxgCijbbVFMR3qw8kxbl33tge29oK
20230730-160745-5153 10377 ! releaseForWrite (lockserver.cc:353): [-8027185467977361510] Releasing unheld write lock: lhzH2cflfeLT5svkvjRfVfYzOQlqYjVKn5czxgCijbbVFMR3qw8kxbl33tge29oK
20230730-160745-5566 10377 ! releaseForRead  (lockserver.cc:293): [-5092413906662191556] Releasing unheld read lock: lhzH2cflfeLT5svkvjRfVfYzOQlqYjVKn5czxgCijbbVFMR3qw8kxbl33tge29oK
20230730-160745-5985 10377 ! releaseForWrite (lockserver.cc:353): [2987325355880340063] Releasing unheld write lock: N2bnXLnpKKGndLM5Z7HFHgVfwJVu0PeywuDiJ190ZCpyVtojahryfHLBvJxRaNnP
20230730-160745-5985 10377 ! releaseForRead  (lockserver.cc:293): [2987325355880340063] Releasing unheld read lock: lhzH2cflfeLT5svkvjRfVfYzOQlqYjVKn5czxgCijbbVFMR3qw8kxbl33tge29oK
20230730-160745-5985 10377 ! releaseForRead  (lockserver.cc:293): [2987325355880340063] Releasing unheld read lock: nukGvgIF1Er3S11ECUq98fnW1LQ0Ll5800cyDgcg4DvKO1P0bNajJqmaukPNmnU0
20230730-160745-8091 10377 ! releaseForWrite (lockserver.cc:353): [-6381063306267221559] Releasing unheld write lock: NGuy2IhkVZKGxVMONbiaENTdouNMw7BfBfpg5HAOayFcIzRzDfyutTcJ29WRJW5z
20230730-160745-8092 10377 ! releaseForRead  (lockserver.cc:293): [-6381063306267221559] Releasing unheld read lock: mvOscTLlnZQSA60uNarRJqBAtqw2sqPOF9XWKtHWM9J3sKw6e4ORjCqI0QNfe6HC
20230730-160745-8092 10377 ! releaseForRead  (lockserver.cc:293): [-6381063306267221559] Releasing unheld read lock: lhzH2cflfeLT5svkvjRfVfYzOQlqYjVKn5czxgCijbbVFMR3qw8kxbl33tge29oK
20230730-160745-8134 10377 ! releaseForWrite (lockserver.cc:353): [1272565865209020044] Releasing unheld write lock: lQoohkDrNxnIPZBECdZY0KUmzToC0yPSIK9pRPt6nVqBS5amX5RZpXkTMWRwNae0
20230730-160745-8134 10377 ! releaseForRead  (lockserver.cc:293): [1272565865209020044] Releasing unheld read lock: lhzH2cflfeLT5svkvjRfVfYzOQlqYjVKn5czxgCijbbVFMR3qw8kxbl33tge29oK
20230730-160745-8302 10377 ! releaseForWrite (lockserver.cc:353): [-7602315279237141564] Releasing unheld write lock: WdDY9uYytIJxcrmtRM2TujLZoa5F0zR6OGNj2Y03WoMENChn7MibkJtJ0AVFpu9D
20230730-160745-8303 10377 ! releaseForRead  (lockserver.cc:293): [-7602315279237141564] Releasing unheld read lock: vb7wyUPgpnvexipr0r0sDpMaTabkCmUVp1OXs3p6YpGdT7Bl0ujk19lBXkPdQbXN
20230730-160745-8303 10377 ! releaseForRead  (lockserver.cc:293): [-7602315279237141564] Releasing unheld read lock: lhzH2cflfeLT5svkvjRfVfYzOQlqYjVKn5czxgCijbbVFMR3qw8kxbl33tge29oK
20230730-160745-8363 10377 ! releaseForWrite (lockserver.cc:353): [-7782599812609301568] Releasing unheld write lock: lhzH2cflfeLT5svkvjRfVfYzOQlqYjVKn5czxgCijbbVFMR3qw8kxbl33tge29oK
20230730-160745-8363 10377 ! releaseForRead  (lockserver.cc:293): [-7782599812609301568] Releasing unheld read lock: lhzH2cflfeLT5svkvjRfVfYzOQlqYjVKn5czxgCijbbVFMR3qw8kxbl33tge29oK
20230730-160745-8363 10377 ! releaseForRead  (lockserver.cc:293): [-7782599812609301568] Releasing unheld read lock: BCgmUX16Gl2qdJl4J4hcTZzxQHVntjJgR53Ev9I7zDkehsu6vdUeJxZikPRxbiE2
20230730-160745-8790 10377 ! releaseForWrite (lockserver.cc:353): [1896484280370920160] Releasing unheld write lock: lhzH2cflfeLT5svkvjRfVfYzOQlqYjVKn5czxgCijbbVFMR3qw8kxbl33tge29oK
20230730-160746-8526 10377 * RequestStateTransfer (replica.cc:212):   [2] Requesting state transfer: <0,262144>
20230730-160746-8560 10377 ! releaseForWrite (lockserver.cc:353): [-2369141006471211548] Releasing unheld write lock: QG7ggwJjBarlUTo0tFiXtibnqoCXPFpQBLteb0DIpukbLusNzHJSFufb0Svda1ss
20230730-160746-8561 10377 ! releaseForRead  (lockserver.cc:293): [-2369141006471211548] Releasing unheld read lock: Ns22OQwBGWxQzpsb3Oezu4tkhMS67ZxQ4PmXsp0ZSJRVlRZyWPgSYliCGlsmJRhF
20230730-160746-8561 10377 ! releaseForRead  (lockserver.cc:293): [-2369141006471211548] Releasing unheld read lock: gyX9LoCVIu4naoEYlClWpuYxQSx2xCcnNacnSqd9DrfZ8jSU8KQNsJxN0p6Vd1Vx
20230730-160746-8594 10377 ! releaseForRead  (lockserver.cc:293): [-5015115224456831560] Releasing unheld read lock: NGuy2IhkVZKGxVMONbiaENTdouNMw7BfBfpg5HAOayFcIzRzDfyutTcJ29WRJW5z
20230730-160746-9821 10377 * HandleRequestStateTransfer (replica.cc:727):   [2] Sending state transfer from <0,263384> to <0,263419>
20230730-160746-9822 10377 * SendMessageInternal (udptransport.cc:442): Sending large replication.vr.proto.StateTransferMessage message in 2 fragments
20230730-160746-9823 10377 * HandleRequestStateTransfer (replica.cc:727):   [2] Sending state transfer from <0,263387> to <0,263420>
20230730-160746-9824 10377 * SendMessageInternal (udptransport.cc:442): Sending large replication.vr.proto.StateTransferMessage message in 2 fragments
20230730-160746-9835 10377 * HandleRequestStateTransfer (replica.cc:727):   [2] Sending state transfer from <0,263422> to <0,263428>
20230730-160746-9836 10377 * HandleRequestStateTransfer (replica.cc:727):   [2] Sending state transfer from <0,263426> to <0,263428>
20230730-160746-9837 10377 * HandleRequestStateTransfer (replica.cc:727):   [2] Sending state transfer from <0,263427> to <0,263428>
20230730-160746-9839 10377 * HandleRequestStateTransfer (replica.cc:727):   [2] Sending state transfer from <0,263428> to <0,263429>
20230730-160746-9926 10377 * RequestStateTransfer (replica.cc:212):   [2] Requesting state transfer: <0,263501>
20230730-160746-9931 10377 * RequestStateTransfer (replica.cc:212):   [2] Requesting state transfer: <0,263502>
20230730-160747-8588 10377 ! releaseForWrite (lockserver.cc:353): [6689970629986490061] Releasing unheld write lock: mafy0ShjqX5lys7J8Q3gA8tPU0JHbda454dWZo4ZfQXPDSFJJHPYWNQkAD1ZbAjQ
20230730-160747-8588 10377 ! releaseForRead  (lockserver.cc:293): [6689970629986490061] Releasing unheld read lock: lhzH2cflfeLT5svkvjRfVfYzOQlqYjVKn5czxgCijbbVFMR3qw8kxbl33tge29oK
20230730-160748-6085 10377 * RequestStateTransfer (replica.cc:212):   [2] Requesting state transfer: <0,274607>
20230730-160748-6091 10377 ! OnReadable      (udptransport.cc:573): Fragments out of order for packet 13; expected start 9000, got 18000
20230730-160749-9480 10377 * RequestStateTransfer (replica.cc:212):   [2] Requesting state transfer: <0,285047>
20230730-160749-9481 10377 * RequestStateTransfer (replica.cc:212):   [2] Requesting state transfer: <0,285048>
20230730-160749-9482 10377 * RequestStateTransfer (replica.cc:212):   [2] Requesting state transfer: <0,285049>
20230730-160749-9483 10377 * RequestStateTransfer (replica.cc:212):   [2] Requesting state transfer: <0,285050>
20230730-160749-9484 10377 * RequestStateTransfer (replica.cc:212):   [2] Requesting state transfer: <0,285051>
20230730-160749-9484 10377 * RequestStateTransfer (replica.cc:212):   [2] Requesting state transfer: <0,285053>
20230730-160749-9486 10377 * RequestStateTransfer (replica.cc:212):   [2] Requesting state transfer: <0,285054>
20230730-160749-9487 10377 * RequestStateTransfer (replica.cc:212):   [2] Requesting state transfer: <0,285056>
20230730-160749-9492 10377 ! OnReadable      (udptransport.cc:565): Failed to reconstruct packet 13
20230730-160749-9492 10377 ! OnReadable      (udptransport.cc:573): Fragments out of order for packet 14; expected start 0, got 9000
20230730-160749-9494 10377 ! OnReadable      (udptransport.cc:565): Failed to reconstruct packet 14
20230730-160749-9503 10377 * RequestStateTransfer (replica.cc:212):   [2] Requesting state transfer: <0,285087>
20230730-160749-9505 10377 * RequestStateTransfer (replica.cc:212):   [2] Requesting state transfer: <0,285089>
20230730-160749-9508 10377 ! OnReadable      (udptransport.cc:573): Fragments out of order for packet 19; expected start 0, got 9000
20230730-160749-9508 10377 * RequestStateTransfer (replica.cc:212):   [2] Requesting state transfer: <0,285091>
20230730-160749-9509 10377 * RequestStateTransfer (replica.cc:212):   [2] Requesting state transfer: <0,285092>
20230730-160749-9510 10377 ! OnReadable      (udptransport.cc:565): Failed to reconstruct packet 19
20230730-160749-9511 10377 * RequestStateTransfer (replica.cc:212):   [2] Requesting state transfer: <0,285093>
20230730-160749-9513 10377 * RequestStateTransfer (replica.cc:212):   [2] Requesting state transfer: <0,285099>
20230730-160749-9530 10377 ! OnReadable      (udptransport.cc:573): Fragments out of order for packet b3; expected start 9000, got 18000
20230730-160749-9534 10377 ! OnReadable      (udptransport.cc:565): Failed to reconstruct packet b3
20230730-160751-4496 10377 * HandleRequestStateTransfer (replica.cc:727):   [2] Sending state transfer from <0,296820> to <0,296848>
20230730-160751-4498 10377 * SendMessageInternal (udptransport.cc:442): Sending large replication.vr.proto.StateTransferMessage message in 2 fragments
20230730-160751-4506 10377 * HandleRequestStateTransfer (replica.cc:727):   [2] Sending state transfer from <0,296852> to <0,296856>
20230730-160751-4507 10377 * HandleRequestStateTransfer (replica.cc:727):   [2] Sending state transfer from <0,296853> to <0,296856>
20230730-160751-4508 10377 * HandleRequestStateTransfer (replica.cc:727):   [2] Sending state transfer from <0,296854> to <0,296857>
20230730-160751-4508 10377 * HandleRequestStateTransfer (replica.cc:727):   [2] Sending state transfer from <0,296856> to <0,296857>
20230730-160751-4510 10377 * HandleRequestStateTransfer (replica.cc:727):   [2] Sending state transfer from <0,296857> to <0,296857>
20230730-160752-4354 10377 * RequestStateTransfer (replica.cc:212):   [2] Requesting state transfer: <0,304752>
20230730-160752-4372 10377 * RequestStateTransfer (replica.cc:212):   [2] Requesting state transfer: <0,304754>
20230730-160752-4373 10377 * RequestStateTransfer (replica.cc:212):   [2] Requesting state transfer: <0,304756>
20230730-160752-4374 10377 * RequestStateTransfer (replica.cc:212):   [2] Requesting state transfer: <0,304757>
