20230730-160716-4966 03018 * RequestStateTransfer (replica.cc:212):   [2] Requesting state transfer: <0,5708>
20230730-160716-4968 03018 * RequestStateTransfer (replica.cc:212):   [2] Requesting state transfer: <0,5710>
20230730-160716-4969 03018 * RequestStateTransfer (replica.cc:212):   [2] Requesting state transfer: <0,5712>
20230730-160716-4970 03018 * RequestStateTransfer (replica.cc:212):   [2] Requesting state transfer: <0,5714>
20230730-160716-4986 03018 ! OnReadable      (udptransport.cc:573): Fragments out of order for packet 4; expected start 0, got 9000
20230730-160716-6369 03018 * RequestStateTransfer (replica.cc:212):   [2] Requesting state transfer: <0,6827>
20230730-160716-6369 03018 * HandleRequestStateTransfer (replica.cc:727):   [2] Sending state transfer from <0,6827> to <0,6828>
20230730-160716-6370 03018 * RequestStateTransfer (replica.cc:212):   [2] Requesting state transfer: <0,6828>
20230730-160716-6372 03018 * HandleRequestStateTransfer (replica.cc:727):   [2] Sending state transfer from <0,6828> to <0,6830>
20230730-160716-6372 03018 * RequestStateTransfer (replica.cc:212):   [2] Requesting state transfer: <0,6830>
20230730-160716-6374 03018 * HandleRequestStateTransfer (replica.cc:727):   [2] Sending state transfer from <0,6830> to <0,6831>
20230730-160716-6374 03018 * RequestStateTransfer (replica.cc:212):   [2] Requesting state transfer: <0,6831>
20230730-160716-6375 03018 * RequestStateTransfer (replica.cc:212):   [2] Requesting state transfer: <0,6832>
20230730-160716-6376 03018 * RequestStateTransfer (replica.cc:212):   [2] Requesting state transfer: <0,6833>
20230730-160716-6376 03018 * HandleRequestStateTransfer (replica.cc:727):   [2] Sending state transfer from <0,6831> to <0,6833>
20230730-160716-6378 03018 * HandleRequestStateTransfer (replica.cc:727):   [2] Sending state transfer from <0,6832> to <0,6835>
20230730-160716-6378 03018 * RequestStateTransfer (replica.cc:212):   [2] Requesting state transfer: <0,6835>
20230730-160716-6380 03018 * HandleRequestStateTransfer (replica.cc:727):   [2] Sending state transfer from <0,6833> to <0,6836>
20230730-160716-6380 03018 * RequestStateTransfer (replica.cc:212):   [2] Requesting state transfer: <0,6836>
20230730-160716-6382 03018 * HandleRequestStateTransfer (replica.cc:727):   [2] Sending state transfer from <0,6835> to <0,6839>
20230730-160716-6383 03018 * HandleRequestStateTransfer (replica.cc:727):   [2] Sending state transfer from <0,6836> to <0,6839>
20230730-160718-3192 03018 * RequestStateTransfer (replica.cc:212):   [2] Requesting state transfer: <0,20429>
20230730-160718-3195 03018 * RequestStateTransfer (replica.cc:212):   [2] Requesting state transfer: <0,20432>
20230730-160718-3196 03018 * RequestStateTransfer (replica.cc:212):   [2] Requesting state transfer: <0,20433>
20230730-160718-3204 03018 * RequestStateTransfer (replica.cc:212):   [2] Requesting state transfer: <0,20436>
20230730-160718-3209 03018 * HandleRequestStateTransfer (replica.cc:727):   [2] Sending state transfer from <0,20429> to <0,20438>
20230730-160718-3211 03018 * HandleRequestStateTransfer (replica.cc:727):   [2] Sending state transfer from <0,20432> to <0,20438>
20230730-160718-3213 03018 * HandleRequestStateTransfer (replica.cc:727):   [2] Sending state transfer from <0,20433> to <0,20438>
20230730-160718-3214 03018 * HandleRequestStateTransfer (replica.cc:727):   [2] Sending state transfer from <0,20436> to <0,20438>
20230730-160718-3216 03018 * HandleRequestStateTransfer (replica.cc:727):   [2] Sending state transfer from <0,20438> to <0,20438>
20230730-160719-9407 03018 ! releaseForRead  (lockserver.cc:293): [300051740112890018] Releasing unheld read lock: ZvGqv50ys4HPmEHzeBMTIve5OMdIkvvxfIiv6HLoU9WmBQK2ZyUN1qFd1i60fhnR
20230730-160719-9407 03018 ! releaseForRead  (lockserver.cc:293): [300051740112890018] Releasing unheld read lock: iYtL6bwFAgCr7WoR4aIYcysZswrhwCqdTRsIhYi87VKWqQYWIt97Wqs6bgqh1lM6
20230730-160719-9519 03018 ! releaseForWrite (lockserver.cc:353): [1620687784068670012] Releasing unheld write lock: ZvGqv50ys4HPmEHzeBMTIve5OMdIkvvxfIiv6HLoU9WmBQK2ZyUN1qFd1i60fhnR
20230730-160720-3762 03018 * RequestStateTransfer (replica.cc:212):   [2] Requesting state transfer: <0,35119>
20230730-160720-3763 03018 * RequestStateTransfer (replica.cc:212):   [2] Requesting state transfer: <0,35123>
20230730-160720-3771 03018 * RequestStateTransfer (replica.cc:212):   [2] Requesting state transfer: <0,35145>
20230730-160720-3773 03018 * RequestStateTransfer (replica.cc:212):   [2] Requesting state transfer: <0,35146>
20230730-160720-3774 03018 * RequestStateTransfer (replica.cc:212):   [2] Requesting state transfer: <0,35148>
20230730-160720-3775 03018 * RequestStateTransfer (replica.cc:212):   [2] Requesting state transfer: <0,35150>
20230730-160720-3776 03018 * RequestStateTransfer (replica.cc:212):   [2] Requesting state transfer: <0,35151>
20230730-160720-3779 03018 ! OnReadable      (udptransport.cc:565): Failed to reconstruct packet 4
20230730-160720-4360 03018 * HandleRequestStateTransfer (replica.cc:727):   [2] Sending state transfer from <0,35581> to <0,35606>
20230730-160720-4361 03018 * SendMessageInternal (udptransport.cc:442): Sending large replication.vr.proto.StateTransferMessage message in 2 fragments
20230730-160720-4368 03018 * HandleRequestStateTransfer (replica.cc:727):   [2] Sending state transfer from <0,35609> to <0,35614>
20230730-160720-4369 03018 * HandleRequestStateTransfer (replica.cc:727):   [2] Sending state transfer from <0,35611> to <0,35615>
20230730-160720-4370 03018 * HandleRequestStateTransfer (replica.cc:727):   [2] Sending state transfer from <0,35614> to <0,35616>
20230730-160720-4371 03018 * HandleRequestStateTransfer (replica.cc:727):   [2] Sending state transfer from <0,35615> to <0,35616>
20230730-160720-4372 03018 * HandleRequestStateTransfer (replica.cc:727):   [2] Sending state transfer from <0,35616> to <0,35616>
20230730-160720-7790 03018 * HandleRequestStateTransfer (replica.cc:727):   [2] Sending state transfer from <0,37998> to <0,38041>
20230730-160720-7790 03018 * SendMessageInternal (udptransport.cc:442): Sending large replication.vr.proto.StateTransferMessage message in 2 fragments
20230730-160722-7489 03018 * RequestStateTransfer (replica.cc:212):   [2] Requesting state transfer: <0,53612>
20230730-160722-7491 03018 * RequestStateTransfer (replica.cc:212):   [2] Requesting state transfer: <0,53613>
20230730-160723-4242 03018 * HandleRequestStateTransfer (replica.cc:727):   [2] Sending state transfer from <0,57972> to <0,57972>
20230730-160723-4245 03018 * HandleRequestStateTransfer (replica.cc:727):   [2] Sending state transfer from <0,57974> to <0,57974>
20230730-160723-6676 03018 * RequestStateTransfer (replica.cc:212):   [2] Requesting state transfer: <0,59946>
20230730-160723-6678 03018 * RequestStateTransfer (replica.cc:212):   [2] Requesting state transfer: <0,59949>
20230730-160723-6679 03018 * HandleRequestStateTransfer (replica.cc:727):   [2] Sending state transfer from <0,59946> to <0,59949>
20230730-160723-6680 03018 * HandleRequestStateTransfer (replica.cc:727):   [2] Sending state transfer from <0,59949> to <0,59949>
20230730-160723-6681 03018 * RequestStateTransfer (replica.cc:212):   [2] Requesting state transfer: <0,59951>
20230730-160723-6683 03018 * HandleRequestStateTransfer (replica.cc:727):   [2] Sending state transfer from <0,59951> to <0,59952>
20230730-160723-6683 03018 * RequestStateTransfer (replica.cc:212):   [2] Requesting state transfer: <0,59952>
20230730-160723-6685 03018 * HandleRequestStateTransfer (replica.cc:727):   [2] Sending state transfer from <0,59952> to <0,59952>
20230730-160724-5649 03018 * RequestStateTransfer (replica.cc:212):   [2] Requesting state transfer: <0,65551>
20230730-160724-5651 03018 * RequestStateTransfer (replica.cc:212):   [2] Requesting state transfer: <0,65557>
20230730-160724-5653 03018 * RequestStateTransfer (replica.cc:212):   [2] Requesting state transfer: <0,65560>
20230730-160724-5654 03018 * RequestStateTransfer (replica.cc:212):   [2] Requesting state transfer: <0,65565>
20230730-160724-5655 03018 * RequestStateTransfer (replica.cc:212):   [2] Requesting state transfer: <0,65568>
20230730-160724-5656 03018 * RequestStateTransfer (replica.cc:212):   [2] Requesting state transfer: <0,65570>
20230730-160724-5657 03018 * RequestStateTransfer (replica.cc:212):   [2] Requesting state transfer: <0,65571>
20230730-160724-5658 03018 * RequestStateTransfer (replica.cc:212):   [2] Requesting state transfer: <0,65573>
20230730-160724-5666 03018 ! OnReadable      (udptransport.cc:573): Fragments out of order for packet 10; expected start 0, got 9000
20230730-160724-5667 03018 * HandleRequestStateTransfer (replica.cc:727):   [2] Sending state transfer from <0,65570> to <0,65573>
20230730-160724-5668 03018 ! OnReadable      (udptransport.cc:565): Failed to reconstruct packet 10
20230730-160724-5672 03018 * HandleRequestStateTransfer (replica.cc:727):   [2] Sending state transfer from <0,65571> to <0,65573>
20230730-160724-5673 03018 * SendMessageInternal (udptransport.cc:442): Sending large replication.vr.proto.StateTransferMessage message in 2 fragments
20230730-160724-5676 03018 * HandleRequestStateTransfer (replica.cc:727):   [2] Sending state transfer from <0,65573> to <0,65573>
20230730-160724-5677 03018 * SendMessageInternal (udptransport.cc:442): Sending large replication.vr.proto.StateTransferMessage message in 2 fragments
20230730-160726-0615 03018 * RequestStateTransfer (replica.cc:212):   [2] Requesting state transfer: <0,77843>
20230730-160726-0617 03018 * RequestStateTransfer (replica.cc:212):   [2] Requesting state transfer: <0,77844>
20230730-160726-0622 03018 * RequestStateTransfer (replica.cc:212):   [2] Requesting state transfer: <0,77845>
20230730-160727-5704 03018 * HandleRequestStateTransfer (replica.cc:727):   [2] Sending state transfer from <0,89869> to <0,89871>
20230730-160727-5706 03018 * HandleRequestStateTransfer (replica.cc:727):   [2] Sending state transfer from <0,89871> to <0,89872>
20230730-160727-5706 03018 * HandleRequestStateTransfer (replica.cc:727):   [2] Sending state transfer from <0,89873> to <0,89873>
20230730-160727-9519 03018 * RequestStateTransfer (replica.cc:212):   [2] Requesting state transfer: <0,92911>
20230730-160727-9520 03018 * HandleRequestStateTransfer (replica.cc:727):   [2] Sending state transfer from <0,92911> to <0,92912>
20230730-160727-9521 03018 * RequestStateTransfer (replica.cc:212):   [2] Requesting state transfer: <0,92913>
20230730-160727-9522 03018 * HandleRequestStateTransfer (replica.cc:727):   [2] Sending state transfer from <0,92913> to <0,92914>
20230730-160727-9522 03018 * RequestStateTransfer (replica.cc:212):   [2] Requesting state transfer: <0,92914>
20230730-160727-9523 03018 * RequestStateTransfer (replica.cc:212):   [2] Requesting state transfer: <0,92915>
20230730-160727-9524 03018 * HandleRequestStateTransfer (replica.cc:727):   [2] Sending state transfer from <0,92914> to <0,92916>
20230730-160727-9524 03018 * RequestStateTransfer (replica.cc:212):   [2] Requesting state transfer: <0,92916>
20230730-160727-9526 03018 * HandleRequestStateTransfer (replica.cc:727):   [2] Sending state transfer from <0,92915> to <0,92918>
20230730-160727-9527 03018 * RequestStateTransfer (replica.cc:212):   [2] Requesting state transfer: <0,92920>
20230730-160727-9528 03018 * HandleRequestStateTransfer (replica.cc:727):   [2] Sending state transfer from <0,92916> to <0,92920>
20230730-160727-9532 03018 * HandleRequestStateTransfer (replica.cc:727):   [2] Sending state transfer from <0,92920> to <0,92922>
20230730-160727-9949 03018 * HandleRequestStateTransfer (replica.cc:727):   [2] Sending state transfer from <0,93269> to <0,93270>
20230730-160727-9950 03018 * HandleRequestStateTransfer (replica.cc:727):   [2] Sending state transfer from <0,93270> to <0,93271>
20230730-160728-4762 03018 * RequestStateTransfer (replica.cc:212):   [2] Requesting state transfer: <0,97273>
20230730-160728-4762 03018 * HandleRequestStateTransfer (replica.cc:727):   [2] Sending state transfer from <0,97273> to <0,97273>
20230730-160728-4765 03018 * RequestStateTransfer (replica.cc:212):   [2] Requesting state transfer: <0,97274>
20230730-160728-4765 03018 * HandleRequestStateTransfer (replica.cc:727):   [2] Sending state transfer from <0,97274> to <0,97274>
20230730-160728-4766 03018 * RequestStateTransfer (replica.cc:212):   [2] Requesting state transfer: <0,97275>
20230730-160728-4767 03018 * HandleRequestStateTransfer (replica.cc:727):   [2] Sending state transfer from <0,97275> to <0,97275>
20230730-160728-4768 03018 * RequestStateTransfer (replica.cc:212):   [2] Requesting state transfer: <0,97277>
20230730-160728-4769 03018 * RequestStateTransfer (replica.cc:212):   [2] Requesting state transfer: <0,97278>
20230730-160728-4769 03018 * HandleRequestStateTransfer (replica.cc:727):   [2] Sending state transfer from <0,97277> to <0,97278>
20230730-160728-4770 03018 * HandleRequestStateTransfer (replica.cc:727):   [2] Sending state transfer from <0,97278> to <0,97279>
20230730-160728-4771 03018 * RequestStateTransfer (replica.cc:212):   [2] Requesting state transfer: <0,97281>
20230730-160728-4773 03018 * HandleRequestStateTransfer (replica.cc:727):   [2] Sending state transfer from <0,97281> to <0,97282>
20230730-160728-4773 03018 * RequestStateTransfer (replica.cc:212):   [2] Requesting state transfer: <0,97282>
20230730-160728-4774 03018 * HandleRequestStateTransfer (replica.cc:727):   [2] Sending state transfer from <0,97282> to <0,97282>
20230730-160730-2187 03018 * RequestStateTransfer (replica.cc:212):   [2] Requesting state transfer: <0,112006>
20230730-160730-2188 03018 * RequestStateTransfer (replica.cc:212):   [2] Requesting state transfer: <0,112007>
20230730-160730-2190 03018 * RequestStateTransfer (replica.cc:212):   [2] Requesting state transfer: <0,112009>
20230730-160730-2191 03018 * RequestStateTransfer (replica.cc:212):   [2] Requesting state transfer: <0,112014>
20230730-160730-2192 03018 * RequestStateTransfer (replica.cc:212):   [2] Requesting state transfer: <0,112016>
20230730-160730-2193 03018 * RequestStateTransfer (replica.cc:212):   [2] Requesting state transfer: <0,112018>
20230730-160730-2194 03018 * RequestStateTransfer (replica.cc:212):   [2] Requesting state transfer: <0,112019>
20230730-160730-2197 03018 * RequestStateTransfer (replica.cc:212):   [2] Requesting state transfer: <0,112021>
20230730-160730-4809 03018 * RequestStateTransfer (replica.cc:212):   [2] Requesting state transfer: <0,114280>
20230730-160730-4811 03018 * RequestStateTransfer (replica.cc:212):   [2] Requesting state transfer: <0,114286>
20230730-160730-4812 03018 * RequestStateTransfer (replica.cc:212):   [2] Requesting state transfer: <0,114288>
20230730-160730-4813 03018 * RequestStateTransfer (replica.cc:212):   [2] Requesting state transfer: <0,114291>
20230730-160730-4814 03018 * RequestStateTransfer (replica.cc:212):   [2] Requesting state transfer: <0,114294>
20230730-160730-4815 03018 * RequestStateTransfer (replica.cc:212):   [2] Requesting state transfer: <0,114295>
20230730-160730-4823 03018 * RequestStateTransfer (replica.cc:212):   [2] Requesting state transfer: <0,114312>
20230730-160730-4824 03018 ! OnReadable      (udptransport.cc:573): Fragments out of order for packet 4; expected start 0, got 9000
20230730-160730-4824 03018 ! OnReadable      (udptransport.cc:565): Failed to reconstruct packet 4
20230730-160730-5212 03018 * HandleRequestStateTransfer (replica.cc:727):   [2] Sending state transfer from <0,114660> to <0,114660>
20230730-160730-5213 03018 * HandleRequestStateTransfer (replica.cc:727):   [2] Sending state transfer from <0,114661> to <0,114661>
20230730-160730-5217 03018 * HandleRequestStateTransfer (replica.cc:727):   [2] Sending state transfer from <0,114662> to <0,114663>
20230730-160730-5218 03018 * HandleRequestStateTransfer (replica.cc:727):   [2] Sending state transfer from <0,114663> to <0,114663>
20230730-160730-5218 03018 * SendMessageInternal (udptransport.cc:442): Sending large replication.vr.proto.StateTransferMessage message in 2 fragments
20230730-160730-5220 03018 * HandleRequestStateTransfer (replica.cc:727):   [2] Sending state transfer from <0,114664> to <0,114666>
20230730-160732-6793 03018 * RequestStateTransfer (replica.cc:212):   [2] Requesting state transfer: <0,131089>
20230730-160732-6796 03018 * RequestStateTransfer (replica.cc:212):   [2] Requesting state transfer: <0,131100>
20230730-160732-6797 03018 * HandleRequestStateTransfer (replica.cc:727):   [2] Sending state transfer from <0,131089> to <0,131102>
20230730-160732-6899 03018 * RequestStateTransfer (replica.cc:212):   [2] Requesting state transfer: <0,131102>
20230730-160732-6901 03018 * HandleRequestStateTransfer (replica.cc:727):   [2] Sending state transfer from <0,131100> to <0,131104>
20230730-160732-6901 03018 * RequestStateTransfer (replica.cc:212):   [2] Requesting state transfer: <0,131104>
20230730-160732-6902 03018 * RequestStateTransfer (replica.cc:212):   [2] Requesting state transfer: <0,131105>
20230730-160732-6903 03018 * RequestStateTransfer (replica.cc:212):   [2] Requesting state transfer: <0,131106>
20230730-160732-6905 03018 * HandleRequestStateTransfer (replica.cc:727):   [2] Sending state transfer from <0,131102> to <0,131106>
20230730-160732-6906 03018 * HandleRequestStateTransfer (replica.cc:727):   [2] Sending state transfer from <0,131104> to <0,131106>
20230730-160732-6906 03018 * HandleRequestStateTransfer (replica.cc:727):   [2] Sending state transfer from <0,131105> to <0,131106>
20230730-160732-6907 03018 * HandleRequestStateTransfer (replica.cc:727):   [2] Sending state transfer from <0,131106> to <0,131106>
20230730-160732-8375 03018 * RequestStateTransfer (replica.cc:212):   [2] Requesting state transfer: <0,132215>
20230730-160732-8377 03018 * RequestStateTransfer (replica.cc:212):   [2] Requesting state transfer: <0,132217>
20230730-160732-8378 03018 * RequestStateTransfer (replica.cc:212):   [2] Requesting state transfer: <0,132218>
20230730-160732-8380 03018 * RequestStateTransfer (replica.cc:212):   [2] Requesting state transfer: <0,132219>
20230730-160732-8381 03018 * RequestStateTransfer (replica.cc:212):   [2] Requesting state transfer: <0,132220>
20230730-160732-8383 03018 * RequestStateTransfer (replica.cc:212):   [2] Requesting state transfer: <0,132221>
20230730-160732-8402 03018 ! OnReadable      (udptransport.cc:573): Fragments out of order for packet 35; expected start 0, got 9000
20230730-160733-0061 03018 * RequestStateTransfer (replica.cc:212):   [2] Requesting state transfer: <0,133623>
20230730-160733-0061 03018 * HandleRequestStateTransfer (replica.cc:727):   [2] Sending state transfer from <0,133623> to <0,133623>
20230730-160733-0063 03018 * RequestStateTransfer (replica.cc:212):   [2] Requesting state transfer: <0,133624>
20230730-160733-0064 03018 * RequestStateTransfer (replica.cc:212):   [2] Requesting state transfer: <0,133625>
20230730-160733-0065 03018 * RequestStateTransfer (replica.cc:212):   [2] Requesting state transfer: <0,133626>
20230730-160733-0066 03018 * HandleRequestStateTransfer (replica.cc:727):   [2] Sending state transfer from <0,133624> to <0,133626>
20230730-160733-0068 03018 * HandleRequestStateTransfer (replica.cc:727):   [2] Sending state transfer from <0,133625> to <0,133627>
20230730-160733-0070 03018 * HandleRequestStateTransfer (replica.cc:727):   [2] Sending state transfer from <0,133626> to <0,133627>
20230730-160733-0381 03018 * RequestStateTransfer (replica.cc:212):   [2] Requesting state transfer: <0,133930>
20230730-160733-0382 03018 * HandleRequestStateTransfer (replica.cc:727):   [2] Sending state transfer from <0,133930> to <0,133932>
20230730-160733-0383 03018 * RequestStateTransfer (replica.cc:212):   [2] Requesting state transfer: <0,133932>
20230730-160733-0384 03018 * HandleRequestStateTransfer (replica.cc:727):   [2] Sending state transfer from <0,133932> to <0,133933>
20230730-160733-1001 03018 * HandleRequestStateTransfer (replica.cc:727):   [2] Sending state transfer from <0,134434> to <0,134435>
20230730-160733-1004 03018 * HandleRequestStateTransfer (replica.cc:727):   [2] Sending state transfer from <0,134438> to <0,134438>
20230730-160733-1007 03018 * HandleRequestStateTransfer (replica.cc:727):   [2] Sending state transfer from <0,134439> to <0,134440>
20230730-160733-1011 03018 * HandleRequestStateTransfer (replica.cc:727):   [2] Sending state transfer from <0,134442> to <0,134444>
20230730-160733-2819 03018 * HandleRequestStateTransfer (replica.cc:727):   [2] Sending state transfer from <0,135858> to <0,135858>
20230730-160733-2820 03018 * HandleRequestStateTransfer (replica.cc:727):   [2] Sending state transfer from <0,135859> to <0,135859>
20230730-160733-2823 03018 * HandleRequestStateTransfer (replica.cc:727):   [2] Sending state transfer from <0,135860> to <0,135861>
20230730-160733-2824 03018 * HandleRequestStateTransfer (replica.cc:727):   [2] Sending state transfer from <0,135861> to <0,135861>
20230730-160733-2826 03018 * HandleRequestStateTransfer (replica.cc:727):   [2] Sending state transfer from <0,135862> to <0,135862>
20230730-160734-1124 03018 * RequestStateTransfer (replica.cc:212):   [2] Requesting state transfer: <0,142090>
20230730-160734-2477 03018 * RequestStateTransfer (replica.cc:212):   [2] Requesting state transfer: <0,143183>
20230730-160734-2483 03018 * RequestStateTransfer (replica.cc:212):   [2] Requesting state transfer: <0,143211>
20230730-160734-2498 03018 ! OnReadable      (udptransport.cc:565): Failed to reconstruct packet 35
20230730-160735-3632 03018 * RequestStateTransfer (replica.cc:212):   [2] Requesting state transfer: <0,150284>
20230730-160735-3635 03018 * HandleRequestStateTransfer (replica.cc:727):   [2] Sending state transfer from <0,150284> to <0,150284>
20230730-160735-3637 03018 * RequestStateTransfer (replica.cc:212):   [2] Requesting state transfer: <0,150285>
20230730-160735-3638 03018 * HandleRequestStateTransfer (replica.cc:727):   [2] Sending state transfer from <0,150285> to <0,150286>
20230730-160735-3639 03018 * RequestStateTransfer (replica.cc:212):   [2] Requesting state transfer: <0,150286>
20230730-160735-3640 03018 * HandleRequestStateTransfer (replica.cc:727):   [2] Sending state transfer from <0,150286> to <0,150286>
20230730-160735-3651 03018 * HandleRequestStateTransfer (replica.cc:727):   [2] Sending state transfer from <0,150287> to <0,150287>
20230730-160736-1446 03018 * RequestStateTransfer (replica.cc:212):   [2] Requesting state transfer: <0,155955>
20230730-160736-1447 03018 * RequestStateTransfer (replica.cc:212):   [2] Requesting state transfer: <0,155956>
20230730-160736-1448 03018 * RequestStateTransfer (replica.cc:212):   [2] Requesting state transfer: <0,155957>
20230730-160736-1450 03018 * RequestStateTransfer (replica.cc:212):   [2] Requesting state transfer: <0,155959>
20230730-160736-1482 03018 * RequestStateTransfer (replica.cc:212):   [2] Requesting state transfer: <0,155979>
20230730-160736-1485 03018 * RequestStateTransfer (replica.cc:212):   [2] Requesting state transfer: <0,155980>
20230730-160736-1486 03018 * RequestStateTransfer (replica.cc:212):   [2] Requesting state transfer: <0,155981>
20230730-160737-3465 03018 * RequestStateTransfer (replica.cc:212):   [2] Requesting state transfer: <0,166445>
20230730-160737-3466 03018 * RequestStateTransfer (replica.cc:212):   [2] Requesting state transfer: <0,166446>
20230730-160737-3471 03018 * RequestStateTransfer (replica.cc:212):   [2] Requesting state transfer: <0,166447>
20230730-160737-3489 03018 ! OnReadable      (udptransport.cc:573): Fragments out of order for packet 3f; expected start 0, got 9000
20230730-160737-6084 03018 * RequestStateTransfer (replica.cc:212):   [2] Requesting state transfer: <0,168650>
20230730-160737-6085 03018 * RequestStateTransfer (replica.cc:212):   [2] Requesting state transfer: <0,168655>
20230730-160737-6086 03018 * RequestStateTransfer (replica.cc:212):   [2] Requesting state transfer: <0,168657>
20230730-160737-6087 03018 * RequestStateTransfer (replica.cc:212):   [2] Requesting state transfer: <0,168659>
20230730-160737-6088 03018 * RequestStateTransfer (replica.cc:212):   [2] Requesting state transfer: <0,168660>
20230730-160737-6089 03018 * RequestStateTransfer (replica.cc:212):   [2] Requesting state transfer: <0,168661>
20230730-160737-6105 03018 ! OnReadable      (udptransport.cc:565): Failed to reconstruct packet 3f
20230730-160738-8700 03018 * RequestStateTransfer (replica.cc:212):   [2] Requesting state transfer: <0,176699>
20230730-160741-5909 03018 * RequestStateTransfer (replica.cc:212):   [2] Requesting state transfer: <0,197985>
20230730-160741-5911 03018 * RequestStateTransfer (replica.cc:212):   [2] Requesting state transfer: <0,197987>
20230730-160741-5912 03018 * RequestStateTransfer (replica.cc:212):   [2] Requesting state transfer: <0,197988>
20230730-160741-5913 03018 * RequestStateTransfer (replica.cc:212):   [2] Requesting state transfer: <0,197989>
20230730-160741-5915 03018 * RequestStateTransfer (replica.cc:212):   [2] Requesting state transfer: <0,197990>
20230730-160741-5918 03018 * RequestStateTransfer (replica.cc:212):   [2] Requesting state transfer: <0,197991>
20230730-160741-5919 03018 * RequestStateTransfer (replica.cc:212):   [2] Requesting state transfer: <0,197992>
20230730-160741-7384 03018 ! releaseForWrite (lockserver.cc:353): [4768399385356150200] Releasing unheld write lock: ZvGqv50ys4HPmEHzeBMTIve5OMdIkvvxfIiv6HLoU9WmBQK2ZyUN1qFd1i60fhnR
20230730-160741-7384 03018 ! releaseForRead  (lockserver.cc:293): [4768399385356150200] Releasing unheld read lock: CFnagtuo3XisHETUH3fFmbx83f1Yp28qg5qcT2e9UzEBF23gDEgQbThtc4dp8tjO
20230730-160741-7384 03018 ! releaseForRead  (lockserver.cc:293): [4768399385356150200] Releasing unheld read lock: 0yYbLFJIc60ldBqjhaWyvzARxHfwjIbyZBxpDYVta5KS9RexoazNwySU2dvigmfw
20230730-160741-7551 03018 ! releaseForWrite (lockserver.cc:353): [-6998688089349591492] Releasing unheld write lock: EkDj8Xy31h2qVI6Y6O47XU9kwWIIjCsTzNlkaLvWBJh1daxXSdTm8BZlNhhi0xN8
20230730-160741-7551 03018 ! releaseForRead  (lockserver.cc:293): [-6998688089349591492] Releasing unheld read lock: ZvGqv50ys4HPmEHzeBMTIve5OMdIkvvxfIiv6HLoU9WmBQK2ZyUN1qFd1i60fhnR
20230730-160741-7554 03018 ! releaseForRead  (lockserver.cc:293): [2689912326247530152] Releasing unheld read lock: b0OUGckbcspvZCqy1ZVC5kKzLfX9PZW3DeMg0r2x7OydaPkCtkJ0xnRwBdHHjjjF
20230730-160741-7554 03018 ! releaseForRead  (lockserver.cc:293): [2689912326247530152] Releasing unheld read lock: ZvGqv50ys4HPmEHzeBMTIve5OMdIkvvxfIiv6HLoU9WmBQK2ZyUN1qFd1i60fhnR
20230730-160741-7554 03018 ! releaseForRead  (lockserver.cc:293): [2689912326247530152] Releasing unheld read lock: Iu0v9IuKsn0GzAveewRuDsbPqx99Sl7q1FN1NOqN6UB4fywLGNFZ6HrAOXLu1iC7
20230730-160741-7554 03018 ! releaseForRead  (lockserver.cc:293): [2689912326247530152] Releasing unheld read lock: TjEWzvqIr58WICR4zvd5kXK6X2yeJHrg1uXuStFBPk2zQvJkSDaJeksBviEgShHU
20230730-160742-1902 03018 * RequestStateTransfer (replica.cc:212):   [2] Requesting state transfer: <0,203087>
20230730-160742-1904 03018 * RequestStateTransfer (replica.cc:212):   [2] Requesting state transfer: <0,203088>
20230730-160742-1904 03018 * RequestStateTransfer (replica.cc:212):   [2] Requesting state transfer: <0,203090>
20230730-160743-1276 03018 * RequestStateTransfer (replica.cc:212):   [2] Requesting state transfer: <0,210764>
20230730-160744-2690 03018 ! releaseForWrite (lockserver.cc:353): [-212480892552441461] Releasing unheld write lock: XAjPHe4sTCD0cPScr811lkYHhGA42ryABCzzrXAO4ldByo27UHgbVyFVUtUqOI4N
20230730-160744-2691 03018 ! releaseForRead  (lockserver.cc:293): [-212480892552441461] Releasing unheld read lock: EIeyLoe1OdfjmVpTrvtGxMN9kC7NR0U785DGj8cA3agHrBmdesEcE2XteIdf2VX1
20230730-160744-4632 03018 * RequestStateTransfer (replica.cc:212):   [2] Requesting state transfer: <0,220982>
20230730-160744-4633 03018 * RequestStateTransfer (replica.cc:212):   [2] Requesting state transfer: <0,220987>
20230730-160744-4697 03018 ! releaseForWrite (lockserver.cc:353): [681223180735250148] Releasing unheld write lock: prFaWuJftYowqH4Fzqa42chvpVeDdQoHxXliofJpY0VUgC0B8M8CIx2lJ1ExINhn
20230730-160744-4697 03018 ! releaseForRead  (lockserver.cc:293): [681223180735250148] Releasing unheld read lock: jGFn2GXQnnErM7PRBHBvZb02q4quJb8XZjnspl07H017CW6rquUHMXS66rL590rQ
20230730-160744-6128 03018 ! releaseForWrite (lockserver.cc:353): [-9152660951965301435] Releasing unheld write lock: XAjPHe4sTCD0cPScr811lkYHhGA42ryABCzzrXAO4ldByo27UHgbVyFVUtUqOI4N
20230730-160744-6128 03018 ! releaseForWrite (lockserver.cc:353): [-9152660951965301435] Releasing unheld write lock: fp2IaxNymKA60ARjxkuGEXIFHPkYN1QkbrMuCPrd7i1OTvNE3jCsQGX7MyBqn0mP
20230730-160744-6129 03018 ! releaseForRead  (lockserver.cc:293): [-9152660951965301435] Releasing unheld read lock: xfYzuh3i84A2jKymc9PtKWc9Oy2GeBDI9AP1egKd2JcWHmKhgwfrOubBhtpBmX5p
20230730-160744-6129 03018 ! releaseForRead  (lockserver.cc:293): [-9152660951965301435] Releasing unheld read lock: 5ZcP8ydCPqWGquQ09Dl3BwOUfZ3J1vcPjuctvxE7fTb4VPO68Uf1riTWUkY3sO40
20230730-160744-6129 03018 ! releaseForRead  (lockserver.cc:293): [-9152660951965301435] Releasing unheld read lock: KbhaBGgvfBopNy3BBPya3yHZ0Zocaa4U2niyJTc1Jfb9wMmsGiu8ZknoexLW5Hlz
20230730-160744-6129 03018 ! releaseForRead  (lockserver.cc:293): [-9152660951965301435] Releasing unheld read lock: rm6HrvDbF39IbUw1J5ZuySkSuth9cFZROq21WgVHvhkwig9ErgWF9JrtogBnkr4Z
20230730-160744-9649 03018 ! releaseForWrite (lockserver.cc:353): [-3214373559821141481] Releasing unheld write lock: prFaWuJftYowqH4Fzqa42chvpVeDdQoHxXliofJpY0VUgC0B8M8CIx2lJ1ExINhn
20230730-160744-9649 03018 ! releaseForWrite (lockserver.cc:353): [-3214373559821141481] Releasing unheld write lock: 4POXVBGhK9NDwYdr8iW7H9moZjE6W1gBNVg0mhc34jrnGzbDFrpvwW7ELObcnosF
20230730-160744-9649 03018 ! releaseForRead  (lockserver.cc:293): [-3214373559821141481] Releasing unheld read lock: 5zQOxMpCzNptTv7saio1FVll3S9J5fbRGqxnghutoGfuINu1fIlpSV6pNz66Zlci
20230730-160745-0072 03018 ! releaseForWrite (lockserver.cc:353): [-8587128280783381455] Releasing unheld write lock: prFaWuJftYowqH4Fzqa42chvpVeDdQoHxXliofJpY0VUgC0B8M8CIx2lJ1ExINhn
20230730-160745-0072 03018 ! releaseForWrite (lockserver.cc:353): [-8587128280783381455] Releasing unheld write lock: 7mY1WujfUFHYC3Gzpm2FQzNrJsjF2BgEFZCMKku1SmNwJypwvygwQ1wGM7ySNV9H
20230730-160745-0072 03018 ! releaseForRead  (lockserver.cc:293): [-8587128280783381455] Releasing unheld read lock: tOHxEzjeKhtfjobufRwlZCqVIxMKX2ofGXuo3zKB3yq8SW2iybuCUURgOf2T1bWh
20230730-160745-2894 03018 ! releaseForWrite (lockserver.cc:353): [4768399385356150216] Releasing unheld write lock: JZeAG90PD9gmP0TIVUltX8b3LsIltajFrReTKCEZWwhb0eradACiBdfy6neux1rS
20230730-160745-2894 03018 ! releaseForWrite (lockserver.cc:353): [4768399385356150216] Releasing unheld write lock: lTeUfdryvm1HbmzEwQSWZ9GflP1HfqnaGNe9pdRA0mdV2RJQf7fMSawYcyNxPtZO
20230730-160745-2894 03018 ! releaseForWrite (lockserver.cc:353): [4768399385356150216] Releasing unheld write lock: prFaWuJftYowqH4Fzqa42chvpVeDdQoHxXliofJpY0VUgC0B8M8CIx2lJ1ExINhn
20230730-160745-2894 03018 ! releaseForWrite (lockserver.cc:353): [4768399385356150216] Releasing unheld write lock: mI58o8Z2VpapZNs77YjvRPsy91FcmwovLCIKhEtUwdrsLFNTE6kppJ2PT3WLKg7R
20230730-160745-2894 03018 ! releaseForWrite (lockserver.cc:353): [4768399385356150216] Releasing unheld write lock: 8a4VzTzn4UBVOwxWS2xP65pwttbkdyg9WtbPnLmtfHLyPsZk00xkjspeCKP1d5Kd
20230730-160745-2895 03018 ! releaseForRead  (lockserver.cc:293): [4768399385356150216] Releasing unheld read lock: Z6bJwmxLjRtpUfNvcRxoWiExz8AUeSREoXF8VtwRGLQNsAAK3Be7paQEX6JaujQa
20230730-160745-3896 03018 ! releaseForWrite (lockserver.cc:353): [3551068335303940143] Releasing unheld write lock: prFaWuJftYowqH4Fzqa42chvpVeDdQoHxXliofJpY0VUgC0B8M8CIx2lJ1ExINhn
20230730-160745-5014 03018 ! releaseForWrite (lockserver.cc:353): [-7809056323141791464] Releasing unheld write lock: Bkv2sG2UdkRbiuUnySKj9Mv7Bg2YUJxRV0xaCpz6ajUpqS3H3bY9hdUo5dLVKpxB
20230730-160745-5014 03018 ! releaseForWrite (lockserver.cc:353): [-7809056323141791464] Releasing unheld write lock: ey3d1K1Rhpg0WOVGQFMLAXrhld4czpqkKIsMtpuDg7PY3vC3nxkCrCgAO4f1ksF3
20230730-160745-6262 03018 ! releaseForRead  (lockserver.cc:293): [1233203812290330172] Releasing unheld read lock: prFaWuJftYowqH4Fzqa42chvpVeDdQoHxXliofJpY0VUgC0B8M8CIx2lJ1ExINhn
20230730-160746-0055 03018 ! releaseForWrite (lockserver.cc:353): [2252601318911490183] Releasing unheld write lock: JNfYDlOSAenXUkky1vAT240uox7mHiOHSH4AsOghb68GqwCYDo5kR5dxiqSsIQpV
20230730-160746-0056 03018 ! releaseForWrite (lockserver.cc:353): [2252601318911490183] Releasing unheld write lock: prFaWuJftYowqH4Fzqa42chvpVeDdQoHxXliofJpY0VUgC0B8M8CIx2lJ1ExINhn
20230730-160746-0201 03018 ! releaseForRead  (lockserver.cc:293): [-3873309292950741491] Releasing unheld read lock: KbhaBGgvfBopNy3BBPya3yHZ0Zocaa4U2niyJTc1Jfb9wMmsGiu8ZknoexLW5Hlz
20230730-160746-0201 03018 ! releaseForRead  (lockserver.cc:293): [-3873309292950741491] Releasing unheld read lock: Cdilxp4rfKQH7PIB3Ts6QZZCK2O1NXNO6NQTiss20bPzbbh8Amqqp5rHgMQk8abI
20230730-160746-0261 03018 ! releaseForWrite (lockserver.cc:353): [2689912326247530162] Releasing unheld write lock: yhlCRCz1xhy4hF6HFXVt6Rvbj4ScQ4wmEyhTDMBty3DpzoZXEFEitPwC8FbS6LGT
20230730-160746-0281 03018 ! releaseForRead  (lockserver.cc:293): [-4214014179989131481] Releasing unheld read lock: yhlCRCz1xhy4hF6HFXVt6Rvbj4ScQ4wmEyhTDMBty3DpzoZXEFEitPwC8FbS6LGT
20230730-160746-0292 03018 ! releaseForWrite (lockserver.cc:353): [-7929293892292021434] Releasing unheld write lock: LdcF8YYJfzX3EXrkM8k5luZGEDERqhjqibDcymIVfajhlpP01AKBbC9XilBuqxhX
20230730-160746-0292 03018 ! releaseForWrite (lockserver.cc:353): [-7929293892292021434] Releasing unheld write lock: KbhaBGgvfBopNy3BBPya3yHZ0Zocaa4U2niyJTc1Jfb9wMmsGiu8ZknoexLW5Hlz
20230730-160746-0292 03018 ! releaseForRead  (lockserver.cc:293): [-7929293892292021434] Releasing unheld read lock: Cdilxp4rfKQH7PIB3Ts6QZZCK2O1NXNO6NQTiss20bPzbbh8Amqqp5rHgMQk8abI
20230730-160746-0385 03018 ! releaseForWrite (lockserver.cc:353): [-4419525780292871481] Releasing unheld write lock: prFaWuJftYowqH4Fzqa42chvpVeDdQoHxXliofJpY0VUgC0B8M8CIx2lJ1ExINhn
20230730-160746-0940 03018 ! releaseForRead  (lockserver.cc:293): [8602007299718760102] Releasing unheld read lock: yhlCRCz1xhy4hF6HFXVt6Rvbj4ScQ4wmEyhTDMBty3DpzoZXEFEitPwC8FbS6LGT
20230730-160746-2849 03018 ! releaseForWrite (lockserver.cc:353): [681223180735250150] Releasing unheld write lock: prFaWuJftYowqH4Fzqa42chvpVeDdQoHxXliofJpY0VUgC0B8M8CIx2lJ1ExINhn
20230730-160746-2849 03018 ! releaseForRead  (lockserver.cc:293): [681223180735250150] Releasing unheld read lock: F4iq6rnNbnVxd7an03tusCpT34OAq1QdzekwO4auGlDSvVtg3LA2yjqIh67aE29a
20230730-160746-2849 03018 ! releaseForRead  (lockserver.cc:293): [681223180735250150] Releasing unheld read lock: prFaWuJftYowqH4Fzqa42chvpVeDdQoHxXliofJpY0VUgC0B8M8CIx2lJ1ExINhn
20230730-160746-2850 03018 ! releaseForRead  (lockserver.cc:293): [681223180735250150] Releasing unheld read lock: 57w1Zl9hng2Ur32LIW9RlK6QKGMz4SLi7l4IjqBqSuiXqpJ4jmiFVeCBrybD8RyY
20230730-160746-3161 03018 ! releaseForWrite (lockserver.cc:353): [-3214373559821141476] Releasing unheld write lock: prFaWuJftYowqH4Fzqa42chvpVeDdQoHxXliofJpY0VUgC0B8M8CIx2lJ1ExINhn
20230730-160746-3313 03018 ! releaseForWrite (lockserver.cc:353): [4060111593358690113] Releasing unheld write lock: prFaWuJftYowqH4Fzqa42chvpVeDdQoHxXliofJpY0VUgC0B8M8CIx2lJ1ExINhn
20230730-160746-8823 03018 ! releaseForWrite (lockserver.cc:353): [-8587128280783381451] Releasing unheld write lock: Bm8XD1lFpkYnJK06w5vLIDPsyBAl0vmhcirUublQsFBZB5DnRFujWwkQen74L0eL
20230730-160746-8823 03018 ! releaseForWrite (lockserver.cc:353): [-8587128280783381451] Releasing unheld write lock: Cdilxp4rfKQH7PIB3Ts6QZZCK2O1NXNO6NQTiss20bPzbbh8Amqqp5rHgMQk8abI
20230730-160746-8824 03018 ! releaseForWrite (lockserver.cc:353): [-8587128280783381451] Releasing unheld write lock: UsOSybeekcql8hMZYzyOGiFjACXZ3yyH0V6y2xXE9mj4GBZ5rofTpCXbnCAfH565
20230730-160746-8824 03018 ! releaseForRead  (lockserver.cc:293): [-8587128280783381451] Releasing unheld read lock: JdEcl5sY8ZYvkAAQ1NplB4Fok0oMZFV1jQfauMp4Gu5a2aoCGmDS72E2mU4G3Yp0
20230730-160747-0176 03018 ! releaseForRead  (lockserver.cc:293): [-3430578853356931438] Releasing unheld read lock: yhlCRCz1xhy4hF6HFXVt6Rvbj4ScQ4wmEyhTDMBty3DpzoZXEFEitPwC8FbS6LGT
20230730-160747-0393 03018 ! releaseForWrite (lockserver.cc:353): [-6673318093407091562] Releasing unheld write lock: prFaWuJftYowqH4Fzqa42chvpVeDdQoHxXliofJpY0VUgC0B8M8CIx2lJ1ExINhn
20230730-160747-0779 03018 * RequestStateTransfer (replica.cc:212):   [2] Requesting state transfer: <0,240833>
20230730-160747-0780 03018 * RequestStateTransfer (replica.cc:212):   [2] Requesting state transfer: <0,240834>
20230730-160747-0782 03018 * RequestStateTransfer (replica.cc:212):   [2] Requesting state transfer: <0,240835>
20230730-160747-0783 03018 * RequestStateTransfer (replica.cc:212):   [2] Requesting state transfer: <0,240836>
20230730-160748-2970 03018 ! releaseForWrite (lockserver.cc:353): [8576916556944340200] Releasing unheld write lock: Ergk7RqSOFmcRTc88lt82o3jHEC47KxUcl3Fttoby6acGTLRNgzdu83WXh1ZiZPs
20230730-160749-2040 03018 * RequestStateTransfer (replica.cc:212):   [2] Requesting state transfer: <0,257776>
20230730-160749-2041 03018 * RequestStateTransfer (replica.cc:212):   [2] Requesting state transfer: <0,257777>
20230730-160749-2043 03018 * RequestStateTransfer (replica.cc:212):   [2] Requesting state transfer: <0,257778>
20230730-160750-0379 03018 * HandleRequestStateTransfer (replica.cc:727):   [2] Sending state transfer from <0,262159> to <0,262144>
20230730-160750-0610 03018 * HandleRequestStateTransfer (replica.cc:727):   [2] Sending state transfer from <0,262179> to <0,262144>
20230730-160750-0611 03018 * HandleRequestStateTransfer (replica.cc:727):   [2] Sending state transfer from <0,262195> to <0,262144>
20230730-160750-0611 03018 * HandleRequestStateTransfer (replica.cc:727):   [2] Sending state transfer from <0,262196> to <0,262144>
20230730-160750-0612 03018 * RequestStateTransfer (replica.cc:212):   [2] Requesting state transfer: <0,262144>
20230730-160750-0767 03018 * RequestStateTransfer (replica.cc:212):   [2] Requesting state transfer: <0,262296>
20230730-160750-0771 03018 * RequestStateTransfer (replica.cc:212):   [2] Requesting state transfer: <0,262297>
20230730-160750-0814 03018 * HandleRequestStateTransfer (replica.cc:727):   [2] Sending state transfer from <0,262265> to <0,262334>
20230730-160750-0815 03018 * SendMessageInternal (udptransport.cc:442): Sending large replication.vr.proto.StateTransferMessage message in 3 fragments
20230730-160750-0827 03018 * HandleRequestStateTransfer (replica.cc:727):   [2] Sending state transfer from <0,262336> to <0,262345>
20230730-160750-0827 03018 * HandleRequestStateTransfer (replica.cc:727):   [2] Sending state transfer from <0,262339> to <0,262345>
20230730-160750-0828 03018 * HandleRequestStateTransfer (replica.cc:727):   [2] Sending state transfer from <0,262340> to <0,262345>
20230730-160750-0829 03018 * HandleRequestStateTransfer (replica.cc:727):   [2] Sending state transfer from <0,262341> to <0,262345>
20230730-160750-0830 03018 * HandleRequestStateTransfer (replica.cc:727):   [2] Sending state transfer from <0,262343> to <0,262345>
20230730-160750-2486 03018 ! releaseForWrite (lockserver.cc:353): [-2302230304021231445] Releasing unheld write lock: prFaWuJftYowqH4Fzqa42chvpVeDdQoHxXliofJpY0VUgC0B8M8CIx2lJ1ExINhn
20230730-160750-2487 03018 ! releaseForRead  (lockserver.cc:293): [-2302230304021231445] Releasing unheld read lock: QXnf491uZ8JcHLmtcOnbLMXQvNqCC1aPTlJCvGhkwAUETNCaPQph998kjL9xHs5B
20230730-160750-2487 03018 ! releaseForRead  (lockserver.cc:293): [-2302230304021231445] Releasing unheld read lock: yhlCRCz1xhy4hF6HFXVt6Rvbj4ScQ4wmEyhTDMBty3DpzoZXEFEitPwC8FbS6LGT
20230730-160750-2487 03018 ! releaseForRead  (lockserver.cc:293): [-2302230304021231445] Releasing unheld read lock: prFaWuJftYowqH4Fzqa42chvpVeDdQoHxXliofJpY0VUgC0B8M8CIx2lJ1ExINhn
20230730-160750-6879 03018 * RequestStateTransfer (replica.cc:212):   [2] Requesting state transfer: <0,266827>
20230730-160750-6881 03018 * RequestStateTransfer (replica.cc:212):   [2] Requesting state transfer: <0,266828>
20230730-160752-1746 03018 * HandleRequestStateTransfer (replica.cc:727):   [2] Sending state transfer from <0,278107> to <0,278107>
20230730-160752-1750 03018 * HandleRequestStateTransfer (replica.cc:727):   [2] Sending state transfer from <0,278108> to <0,278109>
20230730-160752-6358 03018 ! releaseForWrite (lockserver.cc:353): [1261488397742480216] Releasing unheld write lock: prFaWuJftYowqH4Fzqa42chvpVeDdQoHxXliofJpY0VUgC0B8M8CIx2lJ1ExINhn
20230730-160753-1596 03018 * RequestStateTransfer (replica.cc:212):   [2] Requesting state transfer: <0,285359>
20230730-160753-1600 03018 ! OnReadable      (udptransport.cc:573): Fragments out of order for packet 19; expected start 0, got 9000
20230730-160753-1602 03018 ! OnReadable      (udptransport.cc:573): Fragments out of order for packet 19; expected start 9000, got 18000
20230730-160753-3224 03018 * HandleRequestStateTransfer (replica.cc:727):   [2] Sending state transfer from <0,286625> to <0,286625>
