20230730-160717-6616 02905 * HandleRequestStateTransfer (replica.cc:727):   [1] Sending state transfer from <0,16089> to <0,16090>
20230730-160717-6617 02905 * HandleRequestStateTransfer (replica.cc:727):   [1] Sending state transfer from <0,16090> to <0,16090>
20230730-160717-6619 02905 * HandleRequestStateTransfer (replica.cc:727):   [1] Sending state transfer from <0,16091> to <0,16093>
20230730-160717-6620 02905 * HandleRequestStateTransfer (replica.cc:727):   [1] Sending state transfer from <0,16093> to <0,16094>
20230730-160717-6851 02905 * HandleRequestStateTransfer (replica.cc:727):   [1] Sending state transfer from <0,16280> to <0,16280>
20230730-160717-8208 02905 * HandleRequestStateTransfer (replica.cc:727):   [1] Sending state transfer from <0,17234> to <0,17260>
20230730-160717-8208 02905 * SendMessageInternal (udptransport.cc:442): Sending large replication.vr.proto.StateTransferMessage message in 2 fragments
20230730-160717-8215 02905 * HandleRequestStateTransfer (replica.cc:727):   [1] Sending state transfer from <0,17262> to <0,17265>
20230730-160717-8216 02905 * HandleRequestStateTransfer (replica.cc:727):   [1] Sending state transfer from <0,17263> to <0,17265>
20230730-160718-8710 02905 ! releaseForWrite (lockserver.cc:353): [-2369141006471211596] Releasing unheld write lock: Vwy8IgBgk7rZkzVgzHN5166WbSy3hN3qqQDuxsVbv6hhIGIcIo2mj1YIKue3e4By
20230730-160718-8710 02905 ! releaseForRead  (lockserver.cc:293): [-2369141006471211596] Releasing unheld read lock: Vwy8IgBgk7rZkzVgzHN5166WbSy3hN3qqQDuxsVbv6hhIGIcIo2mj1YIKue3e4By
20230730-160719-3538 02905 * HandleRequestStateTransfer (replica.cc:727):   [1] Sending state transfer from <0,30396> to <0,30397>
20230730-160719-7328 02905 * RequestStateTransfer (replica.cc:212):   [1] Requesting state transfer: <0,33340>
20230730-160719-7329 02905 * HandleRequestStateTransfer (replica.cc:727):   [1] Sending state transfer from <0,33340> to <0,33341>
20230730-160719-7330 02905 * RequestStateTransfer (replica.cc:212):   [1] Requesting state transfer: <0,33341>
20230730-160719-7330 02905 * RequestStateTransfer (replica.cc:212):   [1] Requesting state transfer: <0,33342>
20230730-160719-7331 02905 * HandleRequestStateTransfer (replica.cc:727):   [1] Sending state transfer from <0,33341> to <0,33342>
20230730-160719-7331 02905 * HandleRequestStateTransfer (replica.cc:727):   [1] Sending state transfer from <0,33342> to <0,33343>
20230730-160719-7332 02905 * RequestStateTransfer (replica.cc:212):   [1] Requesting state transfer: <0,33343>
20230730-160719-7333 02905 * HandleRequestStateTransfer (replica.cc:727):   [1] Sending state transfer from <0,33343> to <0,33343>
20230730-160719-7334 02905 * RequestStateTransfer (replica.cc:212):   [1] Requesting state transfer: <0,33344>
20230730-160719-7334 02905 * HandleRequestStateTransfer (replica.cc:727):   [1] Sending state transfer from <0,33344> to <0,33345>
20230730-160719-7335 02905 * RequestStateTransfer (replica.cc:212):   [1] Requesting state transfer: <0,33345>
20230730-160719-7335 02905 * HandleRequestStateTransfer (replica.cc:727):   [1] Sending state transfer from <0,33345> to <0,33345>
20230730-160719-7336 02905 * RequestStateTransfer (replica.cc:212):   [1] Requesting state transfer: <0,33346>
20230730-160719-7337 02905 * HandleRequestStateTransfer (replica.cc:727):   [1] Sending state transfer from <0,33346> to <0,33347>
20230730-160719-7337 02905 * RequestStateTransfer (replica.cc:212):   [1] Requesting state transfer: <0,33349>
20230730-160719-7338 02905 * HandleRequestStateTransfer (replica.cc:727):   [1] Sending state transfer from <0,33349> to <0,33351>
20230730-160719-7338 02905 * RequestStateTransfer (replica.cc:212):   [1] Requesting state transfer: <0,33352>
20230730-160719-7340 02905 * HandleRequestStateTransfer (replica.cc:727):   [1] Sending state transfer from <0,33352> to <0,33353>
20230730-160719-7341 02905 * RequestStateTransfer (replica.cc:212):   [1] Requesting state transfer: <0,33354>
20230730-160719-7342 02905 * HandleRequestStateTransfer (replica.cc:727):   [1] Sending state transfer from <0,33354> to <0,33355>
20230730-160719-7342 02905 * RequestStateTransfer (replica.cc:212):   [1] Requesting state transfer: <0,33355>
20230730-160720-1502 02905 * RequestStateTransfer (replica.cc:212):   [1] Requesting state transfer: <0,36881>
20230730-160720-1505 02905 * RequestStateTransfer (replica.cc:212):   [1] Requesting state transfer: <0,36883>
20230730-160720-1507 02905 * RequestStateTransfer (replica.cc:212):   [1] Requesting state transfer: <0,36884>
20230730-160720-4207 02905 * RequestStateTransfer (replica.cc:212):   [1] Requesting state transfer: <0,39268>
20230730-160720-4208 02905 * RequestStateTransfer (replica.cc:212):   [1] Requesting state transfer: <0,39269>
20230730-160720-4209 02905 * RequestStateTransfer (replica.cc:212):   [1] Requesting state transfer: <0,39270>
20230730-160720-4212 02905 * RequestStateTransfer (replica.cc:212):   [1] Requesting state transfer: <0,39272>
20230730-160720-4215 02905 * RequestStateTransfer (replica.cc:212):   [1] Requesting state transfer: <0,39274>
20230730-160720-4217 02905 * RequestStateTransfer (replica.cc:212):   [1] Requesting state transfer: <0,39275>
20230730-160720-4218 02905 * RequestStateTransfer (replica.cc:212):   [1] Requesting state transfer: <0,39276>
20230730-160720-4219 02905 * RequestStateTransfer (replica.cc:212):   [1] Requesting state transfer: <0,39277>
20230730-160721-5400 02905 * RequestStateTransfer (replica.cc:212):   [1] Requesting state transfer: <0,48622>
20230730-160721-5402 02905 * RequestStateTransfer (replica.cc:212):   [1] Requesting state transfer: <0,48624>
20230730-160723-6353 02905 ! releaseForWrite (lockserver.cc:353): [4665823188030060015] Releasing unheld write lock: EnMYn9YXufYig2N4Wuz0wae961g12yJNhKRX8zYlCw4b3qu8LbrmkRNxTvbbBg42
20230730-160723-6353 02905 * RequestStateTransfer (replica.cc:212):   [1] Requesting state transfer: <0,65581>
20230730-160724-5224 02905 * HandleRequestStateTransfer (replica.cc:727):   [1] Sending state transfer from <0,72930> to <0,72996>
20230730-160724-5225 02905 * SendMessageInternal (udptransport.cc:442): Sending large replication.vr.proto.StateTransferMessage message in 3 fragments
20230730-160724-5237 02905 * HandleRequestStateTransfer (replica.cc:727):   [1] Sending state transfer from <0,73008> to <0,73018>
20230730-160724-5237 02905 * SendMessageInternal (udptransport.cc:442): Sending large replication.vr.proto.StateTransferMessage message in 2 fragments
20230730-160724-5239 02905 * HandleRequestStateTransfer (replica.cc:727):   [1] Sending state transfer from <0,73012> to <0,73020>
20230730-160724-5239 02905 * SendMessageInternal (udptransport.cc:442): Sending large replication.vr.proto.StateTransferMessage message in 2 fragments
20230730-160724-5240 02905 * HandleRequestStateTransfer (replica.cc:727):   [1] Sending state transfer from <0,73013> to <0,73021>
20230730-160724-5244 02905 * HandleRequestStateTransfer (replica.cc:727):   [1] Sending state transfer from <0,73028> to <0,73030>
20230730-160724-5245 02905 * HandleRequestStateTransfer (replica.cc:727):   [1] Sending state transfer from <0,73029> to <0,73032>
20230730-160727-7871 02905 ! releaseForWrite (lockserver.cc:353): [7639035759530020014] Releasing unheld write lock: 9nOslcsop3c6sOQNfYale8t7dAkXjqtp3ODNOfm6X17Kik6af1cUhm8IGO4OBZ0s
20230730-160727-7871 02905 ! releaseForRead  (lockserver.cc:293): [7639035759530020014] Releasing unheld read lock: 9nOslcsop3c6sOQNfYale8t7dAkXjqtp3ODNOfm6X17Kik6af1cUhm8IGO4OBZ0s
20230730-160727-9628 02905 * RequestStateTransfer (replica.cc:212):   [1] Requesting state transfer: <0,102662>
20230730-160727-9629 02905 * RequestStateTransfer (replica.cc:212):   [1] Requesting state transfer: <0,102663>
20230730-160727-9630 02905 * RequestStateTransfer (replica.cc:212):   [1] Requesting state transfer: <0,102664>
20230730-160727-9631 02905 * RequestStateTransfer (replica.cc:212):   [1] Requesting state transfer: <0,102665>
20230730-160729-6568 02905 * HandleRequestStateTransfer (replica.cc:727):   [1] Sending state transfer from <0,117096> to <0,117096>
20230730-160729-7700 02905 ! releaseForWrite (lockserver.cc:353): [-2920861398016691591] Releasing unheld write lock: Vwy8IgBgk7rZkzVgzHN5166WbSy3hN3qqQDuxsVbv6hhIGIcIo2mj1YIKue3e4By
20230730-160729-7863 02905 ! releaseForWrite (lockserver.cc:353): [-175561465184961595] Releasing unheld write lock: Vwy8IgBgk7rZkzVgzHN5166WbSy3hN3qqQDuxsVbv6hhIGIcIo2mj1YIKue3e4By
20230730-160729-7864 02905 ! releaseForRead  (lockserver.cc:293): [-175561465184961595] Releasing unheld read lock: D4KIn1fw8XfpVhyMJGA7KkE5oX36PNQRZLMNhhWVh3avJqiScyVQfPWVutLTSm5j
20230730-160729-7864 02905 ! releaseForRead  (lockserver.cc:293): [-175561465184961595] Releasing unheld read lock: IiNQSlZ5W3RtMm8mCrqM2eO7dPdqMSUKAyDiubGJt9zply7A5q4AAVjfOluaGQCi
20230730-160729-9130 02905 ! releaseForWrite (lockserver.cc:353): [8821369102548150020] Releasing unheld write lock: EnMYn9YXufYig2N4Wuz0wae961g12yJNhKRX8zYlCw4b3qu8LbrmkRNxTvbbBg42
20230730-160729-9130 02905 ! releaseForRead  (lockserver.cc:293): [8821369102548150020] Releasing unheld read lock: EnMYn9YXufYig2N4Wuz0wae961g12yJNhKRX8zYlCw4b3qu8LbrmkRNxTvbbBg42
20230730-160729-9247 02905 ! releaseForWrite (lockserver.cc:353): [8418753263267410071] Releasing unheld write lock: EnMYn9YXufYig2N4Wuz0wae961g12yJNhKRX8zYlCw4b3qu8LbrmkRNxTvbbBg42
20230730-160730-1323 02905 ! releaseForRead  (lockserver.cc:293): [4900365599775910026] Releasing unheld read lock: Vwy8IgBgk7rZkzVgzHN5166WbSy3hN3qqQDuxsVbv6hhIGIcIo2mj1YIKue3e4By
20230730-160730-1368 02905 ! releaseForRead  (lockserver.cc:293): [5317648313169480150] Releasing unheld read lock: Vwy8IgBgk7rZkzVgzHN5166WbSy3hN3qqQDuxsVbv6hhIGIcIo2mj1YIKue3e4By
20230730-160730-3034 02905 ! releaseForRead  (lockserver.cc:293): [5549468332678130080] Releasing unheld read lock: Vwy8IgBgk7rZkzVgzHN5166WbSy3hN3qqQDuxsVbv6hhIGIcIo2mj1YIKue3e4By
20230730-160730-8034 02905 ! releaseForRead  (lockserver.cc:293): [7639035759530020017] Releasing unheld read lock: Vwy8IgBgk7rZkzVgzHN5166WbSy3hN3qqQDuxsVbv6hhIGIcIo2mj1YIKue3e4By
20230730-160730-8035 02905 ! releaseForRead  (lockserver.cc:293): [7639035759530020017] Releasing unheld read lock: shqszysKG4e4f2FBcQmRBwKMEDzmXUyYJa9KcBO3sYvBmKWILOF5G4aZSQx694A4
20230730-160730-8953 02905 ! releaseForRead  (lockserver.cc:293): [3124448454063420080] Releasing unheld read lock: Vwy8IgBgk7rZkzVgzHN5166WbSy3hN3qqQDuxsVbv6hhIGIcIo2mj1YIKue3e4By
20230730-160731-0072 02905 ! releaseForRead  (lockserver.cc:293): [6435250438341460165] Releasing unheld read lock: Vwy8IgBgk7rZkzVgzHN5166WbSy3hN3qqQDuxsVbv6hhIGIcIo2mj1YIKue3e4By
20230730-160731-5886 02905 * RequestStateTransfer (replica.cc:212):   [1] Requesting state transfer: <0,131072>
20230730-160731-5887 02905 * RequestStateTransfer (replica.cc:212):   [1] Requesting state transfer: <0,131072>
20230730-160731-6048 02905 * RequestStateTransfer (replica.cc:212):   [1] Requesting state transfer: <0,131173>
20230730-160731-6049 02905 * RequestStateTransfer (replica.cc:212):   [1] Requesting state transfer: <0,131175>
20230730-160731-6054 02905 * RequestStateTransfer (replica.cc:212):   [1] Requesting state transfer: <0,131185>
20230730-160731-6055 02905 * RequestStateTransfer (replica.cc:212):   [1] Requesting state transfer: <0,131189>
20230730-160734-2597 02905 * HandleRequestStateTransfer (replica.cc:727):   [1] Sending state transfer from <0,153548> to <0,153595>
20230730-160734-2598 02905 * SendMessageInternal (udptransport.cc:442): Sending large replication.vr.proto.StateTransferMessage message in 2 fragments
20230730-160734-2608 02905 * HandleRequestStateTransfer (replica.cc:727):   [1] Sending state transfer from <0,153595> to <0,153596>
20230730-160734-4452 02905 * HandleRequestStateTransfer (replica.cc:727):   [1] Sending state transfer from <0,155091> to <0,155093>
20230730-160734-4453 02905 * HandleRequestStateTransfer (replica.cc:727):   [1] Sending state transfer from <0,155093> to <0,155094>
20230730-160734-4454 02905 * HandleRequestStateTransfer (replica.cc:727):   [1] Sending state transfer from <0,155094> to <0,155095>
20230730-160734-4456 02905 * HandleRequestStateTransfer (replica.cc:727):   [1] Sending state transfer from <0,155095> to <0,155097>
20230730-160734-5962 02905 ! releaseForWrite (lockserver.cc:353): [-5081654106165981586] Releasing unheld write lock: 2pjoZi6l5hIAutBa3yb7gMMrgXeB89ByRrnKRON7GfeAmifFUaaREz4fMGJA0D6c
20230730-160734-5962 02905 ! releaseForRead  (lockserver.cc:293): [-5081654106165981586] Releasing unheld read lock: cIElcndVA1dukYlZdXzYyTAsNTGqUYFWHGwQDBjDz1plLIcWnA7GkqH81kxwq014
20230730-160734-5962 02905 ! releaseForRead  (lockserver.cc:293): [-5081654106165981586] Releasing unheld read lock: Vwy8IgBgk7rZkzVgzHN5166WbSy3hN3qqQDuxsVbv6hhIGIcIo2mj1YIKue3e4By
20230730-160734-8114 02905 * RequestStateTransfer (replica.cc:212):   [1] Requesting state transfer: <0,158261>
20230730-160734-8720 02905 * RequestStateTransfer (replica.cc:212):   [1] Requesting state transfer: <0,158839>
20230730-160734-8721 02905 * HandleRequestStateTransfer (replica.cc:727):   [1] Sending state transfer from <0,158839> to <0,158840>
20230730-160734-8722 02905 * RequestStateTransfer (replica.cc:212):   [1] Requesting state transfer: <0,158840>
20230730-160734-8723 02905 * HandleRequestStateTransfer (replica.cc:727):   [1] Sending state transfer from <0,158840> to <0,158841>
20230730-160734-8726 02905 * RequestStateTransfer (replica.cc:212):   [1] Requesting state transfer: <0,158846>
20230730-160734-8727 02905 * RequestStateTransfer (replica.cc:212):   [1] Requesting state transfer: <0,158848>
20230730-160734-8728 02905 * HandleRequestStateTransfer (replica.cc:727):   [1] Sending state transfer from <0,158846> to <0,158849>
20230730-160734-8729 02905 * RequestStateTransfer (replica.cc:212):   [1] Requesting state transfer: <0,158850>
20230730-160734-8729 02905 * HandleRequestStateTransfer (replica.cc:727):   [1] Sending state transfer from <0,158848> to <0,158850>
20230730-160734-8730 02905 * RequestStateTransfer (replica.cc:212):   [1] Requesting state transfer: <0,158851>
20230730-160734-8731 02905 * RequestStateTransfer (replica.cc:212):   [1] Requesting state transfer: <0,158852>
20230730-160734-8731 02905 * HandleRequestStateTransfer (replica.cc:727):   [1] Sending state transfer from <0,158850> to <0,158852>
20230730-160734-8731 02905 * RequestStateTransfer (replica.cc:212):   [1] Requesting state transfer: <0,158853>
20230730-160734-8732 02905 * RequestStateTransfer (replica.cc:212):   [1] Requesting state transfer: <0,158854>
20230730-160734-8733 02905 * HandleRequestStateTransfer (replica.cc:727):   [1] Sending state transfer from <0,158851> to <0,158854>
20230730-160734-8733 02905 * RequestStateTransfer (replica.cc:212):   [1] Requesting state transfer: <0,158855>
20230730-160734-8733 02905 * HandleRequestStateTransfer (replica.cc:727):   [1] Sending state transfer from <0,158852> to <0,158855>
20230730-160734-8734 02905 * HandleRequestStateTransfer (replica.cc:727):   [1] Sending state transfer from <0,158853> to <0,158855>
20230730-160734-8735 02905 * HandleRequestStateTransfer (replica.cc:727):   [1] Sending state transfer from <0,158854> to <0,158855>
20230730-160734-8736 02905 * HandleRequestStateTransfer (replica.cc:727):   [1] Sending state transfer from <0,158855> to <0,158856>
20230730-160734-8736 02905 ! OnReadable      (udptransport.cc:573): Fragments out of order for packet 43; expected start 0, got 9000
20230730-160734-8740 02905 ! OnReadable      (udptransport.cc:565): Failed to reconstruct packet 43
20230730-160734-8741 02905 ! OnReadable      (udptransport.cc:573): Fragments out of order for packet 45; expected start 0, got 9000
20230730-160734-8743 02905 ! OnReadable      (udptransport.cc:565): Failed to reconstruct packet 45
20230730-160734-8747 02905 ! OnReadable      (udptransport.cc:573): Fragments out of order for packet 4b; expected start 0, got 9000
20230730-160734-8748 02905 ! OnReadable      (udptransport.cc:565): Failed to reconstruct packet 4b
20230730-160735-1415 02905 * HandleRequestStateTransfer (replica.cc:727):   [1] Sending state transfer from <0,161118> to <0,161141>
20230730-160735-1416 02905 * SendMessageInternal (udptransport.cc:442): Sending large replication.vr.proto.StateTransferMessage message in 2 fragments
20230730-160735-1829 02905 * RequestStateTransfer (replica.cc:212):   [1] Requesting state transfer: <0,161506>
20230730-160735-1844 02905 * RequestStateTransfer (replica.cc:212):   [1] Requesting state transfer: <0,161562>
20230730-160735-1844 02905 * RequestStateTransfer (replica.cc:212):   [1] Requesting state transfer: <0,161565>
20230730-160735-1846 02905 ! OnReadable      (udptransport.cc:573): Fragments out of order for packet 55; expected start 9000, got 18000
20230730-160735-1846 02905 * RequestStateTransfer (replica.cc:212):   [1] Requesting state transfer: <0,161567>
20230730-160735-1847 02905 * RequestStateTransfer (replica.cc:212):   [1] Requesting state transfer: <0,161568>
20230730-160735-1850 02905 * RequestStateTransfer (replica.cc:212):   [1] Requesting state transfer: <0,161575>
20230730-160735-1852 02905 * RequestStateTransfer (replica.cc:212):   [1] Requesting state transfer: <0,161578>
20230730-160735-4422 02905 * HandleRequestStateTransfer (replica.cc:727):   [1] Sending state transfer from <0,163914> to <0,163919>
20230730-160735-4423 02905 * HandleRequestStateTransfer (replica.cc:727):   [1] Sending state transfer from <0,163917> to <0,163919>
20230730-160735-4424 02905 * HandleRequestStateTransfer (replica.cc:727):   [1] Sending state transfer from <0,163918> to <0,163920>
20230730-160735-4425 02905 * HandleRequestStateTransfer (replica.cc:727):   [1] Sending state transfer from <0,163919> to <0,163920>
20230730-160735-4426 02905 * HandleRequestStateTransfer (replica.cc:727):   [1] Sending state transfer from <0,163920> to <0,163922>
20230730-160735-4428 02905 * HandleRequestStateTransfer (replica.cc:727):   [1] Sending state transfer from <0,163921> to <0,163923>
20230730-160735-4429 02905 * HandleRequestStateTransfer (replica.cc:727):   [1] Sending state transfer from <0,163923> to <0,163925>
20230730-160735-7779 02905 * HandleRequestStateTransfer (replica.cc:727):   [1] Sending state transfer from <0,166919> to <0,166920>
20230730-160735-9409 02905 ! releaseForRead  (lockserver.cc:293): [1844070160724150097] Releasing unheld read lock: 9nOslcsop3c6sOQNfYale8t7dAkXjqtp3ODNOfm6X17Kik6af1cUhm8IGO4OBZ0s
20230730-160736-2858 02905 ! releaseForWrite (lockserver.cc:353): [-86256678346911569] Releasing unheld write lock: Vwy8IgBgk7rZkzVgzHN5166WbSy3hN3qqQDuxsVbv6hhIGIcIo2mj1YIKue3e4By
20230730-160736-7604 02905 * HandleRequestStateTransfer (replica.cc:727):   [1] Sending state transfer from <0,175239> to <0,175241>
20230730-160736-7605 02905 * HandleRequestStateTransfer (replica.cc:727):   [1] Sending state transfer from <0,175241> to <0,175241>
20230730-160736-7931 02905 * RequestStateTransfer (replica.cc:212):   [1] Requesting state transfer: <0,175532>
20230730-160737-4138 02905 * HandleRequestStateTransfer (replica.cc:727):   [1] Sending state transfer from <0,180988> to <0,180988>
20230730-160737-4145 02905 * HandleRequestStateTransfer (replica.cc:727):   [1] Sending state transfer from <0,180989> to <0,180989>
20230730-160738-5312 02905 * HandleRequestStateTransfer (replica.cc:727):   [1] Sending state transfer from <0,190392> to <0,190392>
20230730-160739-0168 02905 * HandleRequestStateTransfer (replica.cc:727):   [1] Sending state transfer from <0,194548> to <0,194549>
20230730-160739-0169 02905 * HandleRequestStateTransfer (replica.cc:727):   [1] Sending state transfer from <0,194549> to <0,194550>
20230730-160739-1876 02905 * HandleRequestStateTransfer (replica.cc:727):   [1] Sending state transfer from <0,196051> to <0,196052>
20230730-160739-1877 02905 * HandleRequestStateTransfer (replica.cc:727):   [1] Sending state transfer from <0,196053> to <0,196054>
20230730-160739-2786 02905 * RequestStateTransfer (replica.cc:212):   [1] Requesting state transfer: <0,196820>
20230730-160739-2787 02905 * RequestStateTransfer (replica.cc:212):   [1] Requesting state transfer: <0,196821>
20230730-160739-2787 02905 * HandleRequestStateTransfer (replica.cc:727):   [1] Sending state transfer from <0,196820> to <0,196821>
20230730-160739-2788 02905 * HandleRequestStateTransfer (replica.cc:727):   [1] Sending state transfer from <0,196821> to <0,196822>
20230730-160739-2789 02905 * RequestStateTransfer (replica.cc:212):   [1] Requesting state transfer: <0,196823>
20230730-160739-2790 02905 * HandleRequestStateTransfer (replica.cc:727):   [1] Sending state transfer from <0,196823> to <0,196824>
20230730-160739-2790 02905 * RequestStateTransfer (replica.cc:212):   [1] Requesting state transfer: <0,196824>
20230730-160739-2791 02905 * HandleRequestStateTransfer (replica.cc:727):   [1] Sending state transfer from <0,196824> to <0,196826>
20230730-160739-2792 02905 * RequestStateTransfer (replica.cc:212):   [1] Requesting state transfer: <0,196826>
20230730-160739-2793 02905 * HandleRequestStateTransfer (replica.cc:727):   [1] Sending state transfer from <0,196826> to <0,196827>
20230730-160739-2794 02905 * RequestStateTransfer (replica.cc:212):   [1] Requesting state transfer: <0,196827>
20230730-160739-2795 02905 * HandleRequestStateTransfer (replica.cc:727):   [1] Sending state transfer from <0,196827> to <0,196828>
20230730-160739-2796 02905 * RequestStateTransfer (replica.cc:212):   [1] Requesting state transfer: <0,196832>
20230730-160739-2797 02905 * HandleRequestStateTransfer (replica.cc:727):   [1] Sending state transfer from <0,196832> to <0,196832>
20230730-160739-7147 02905 * HandleRequestStateTransfer (replica.cc:727):   [1] Sending state transfer from <0,200678> to <0,200678>
20230730-160740-3833 02905 * RequestStateTransfer (replica.cc:212):   [1] Requesting state transfer: <0,205705>
20230730-160740-3834 02905 * HandleRequestStateTransfer (replica.cc:727):   [1] Sending state transfer from <0,205705> to <0,205706>
20230730-160740-3835 02905 * RequestStateTransfer (replica.cc:212):   [1] Requesting state transfer: <0,205706>
20230730-160740-3836 02905 * HandleRequestStateTransfer (replica.cc:727):   [1] Sending state transfer from <0,205706> to <0,205706>
20230730-160740-6455 02905 * RequestStateTransfer (replica.cc:212):   [1] Requesting state transfer: <0,207731>
20230730-160740-6457 02905 * RequestStateTransfer (replica.cc:212):   [1] Requesting state transfer: <0,207743>
20230730-160740-6458 02905 * RequestStateTransfer (replica.cc:212):   [1] Requesting state transfer: <0,207744>
20230730-160740-6464 02905 ! OnReadable      (udptransport.cc:573): Fragments out of order for packet a; expected start 9000, got 18000
20230730-160740-6464 02905 ! OnReadable      (udptransport.cc:565): Failed to reconstruct packet a
20230730-160740-6468 02905 * RequestStateTransfer (replica.cc:212):   [1] Requesting state transfer: <0,207765>
20230730-160740-6470 02905 * RequestStateTransfer (replica.cc:212):   [1] Requesting state transfer: <0,207767>
20230730-160740-6471 02905 * RequestStateTransfer (replica.cc:212):   [1] Requesting state transfer: <0,207769>
20230730-160740-6472 02905 * RequestStateTransfer (replica.cc:212):   [1] Requesting state transfer: <0,207770>
20230730-160740-6473 02905 * RequestStateTransfer (replica.cc:212):   [1] Requesting state transfer: <0,207772>
20230730-160740-6480 02905 ! OnReadable      (udptransport.cc:565): Failed to reconstruct packet 55
20230730-160740-6480 02905 ! OnReadable      (udptransport.cc:573): Fragments out of order for packet 5f; expected start 0, got 9000
20230730-160740-6481 02905 ! OnReadable      (udptransport.cc:573): Fragments out of order for packet 5f; expected start 9000, got 18000
20230730-160740-6482 02905 ! OnReadable      (udptransport.cc:565): Failed to reconstruct packet 5f
20230730-160741-8550 02905 ! releaseForWrite (lockserver.cc:353): [1244883729846860045] Releasing unheld write lock: Vwy8IgBgk7rZkzVgzHN5166WbSy3hN3qqQDuxsVbv6hhIGIcIo2mj1YIKue3e4By
20230730-160741-8931 02905 * HandleRequestStateTransfer (replica.cc:727):   [1] Sending state transfer from <0,217807> to <0,217808>
20230730-160741-8932 02905 * HandleRequestStateTransfer (replica.cc:727):   [1] Sending state transfer from <0,217808> to <0,217810>
20230730-160742-0170 02905 ! releaseForRead  (lockserver.cc:293): [-3734032351215311575] Releasing unheld read lock: RkXnDjWzijleJQDebssFZABip7bhYU3RUwC0DMvvJCYzLxICStQvSDrzgN9fwphw
20230730-160744-3932 02905 ! releaseForRead  (lockserver.cc:293): [-8266493555298731439] Releasing unheld read lock: TP1aheZ3wRaOjPRJ7ryA14eKYfpKGFVG44nFZXP8HMhsvEEfgiLLjJ72OxLb9rve
20230730-160744-7711 02905 ! releaseForWrite (lockserver.cc:353): [-6112169038485001572] Releasing unheld write lock: Vwy8IgBgk7rZkzVgzHN5166WbSy3hN3qqQDuxsVbv6hhIGIcIo2mj1YIKue3e4By
20230730-160744-7712 02905 ! releaseForRead  (lockserver.cc:293): [-6112169038485001572] Releasing unheld read lock: bTRPRRGqaB2g0Fs8oWnuwPalXbM2DqbLzqNN4dIT53j495M7eM3uxk1r5jLdXLS3
20230730-160745-0293 02905 ! releaseForWrite (lockserver.cc:353): [7645195587892780186] Releasing unheld write lock: ttF5oyA3ANbLcjmLtvu82NeTMJE1eyqLzN2ZJ6HMa8dqthe6rKJLYY4ox2Fe4X6D
20230730-160745-0294 02905 ! releaseForRead  (lockserver.cc:293): [7645195587892780186] Releasing unheld read lock: 9nOslcsop3c6sOQNfYale8t7dAkXjqtp3ODNOfm6X17Kik6af1cUhm8IGO4OBZ0s
20230730-160745-3203 02905 * RequestStateTransfer (replica.cc:212):   [1] Requesting state transfer: <0,246017>
20230730-160745-3204 02905 * HandleRequestStateTransfer (replica.cc:727):   [1] Sending state transfer from <0,246017> to <0,246017>
20230730-160745-3206 02905 * RequestStateTransfer (replica.cc:212):   [1] Requesting state transfer: <0,246019>
20230730-160745-3206 02905 * HandleRequestStateTransfer (replica.cc:727):   [1] Sending state transfer from <0,246019> to <0,246019>
20230730-160745-8036 02905 ! releaseForWrite (lockserver.cc:353): [-4710972069399911573] Releasing unheld write lock: kXG0vjCwqmdPSjbt3XxHSpno8Bok5Pi2KiGomoX4nOOHbbMEMDBuT7sGYOh0eFi6
20230730-160745-8036 02905 ! releaseForWrite (lockserver.cc:353): [-4710972069399911573] Releasing unheld write lock: 9nOslcsop3c6sOQNfYale8t7dAkXjqtp3ODNOfm6X17Kik6af1cUhm8IGO4OBZ0s
20230730-160745-8036 02905 ! releaseForRead  (lockserver.cc:293): [-4710972069399911573] Releasing unheld read lock: SgOqK9wUGRiHBV4dvhcdpkwjrsWTrFz6YFpDM10BjXX9atGL9XcgyKGVOJ6WIeb2
20230730-160746-1241 02905 * HandleRequestStateTransfer (replica.cc:727):   [1] Sending state transfer from <0,252452> to <0,252453>
20230730-160746-1243 02905 * HandleRequestStateTransfer (replica.cc:727):   [1] Sending state transfer from <0,252453> to <0,252453>
20230730-160746-3983 02905 * RequestStateTransfer (replica.cc:212):   [1] Requesting state transfer: <0,254667>
20230730-160746-3984 02905 * HandleRequestStateTransfer (replica.cc:727):   [1] Sending state transfer from <0,254667> to <0,254668>
20230730-160746-3984 02905 * RequestStateTransfer (replica.cc:212):   [1] Requesting state transfer: <0,254669>
20230730-160746-3985 02905 * RequestStateTransfer (replica.cc:212):   [1] Requesting state transfer: <0,254670>
20230730-160746-3986 02905 * HandleRequestStateTransfer (replica.cc:727):   [1] Sending state transfer from <0,254669> to <0,254670>
20230730-160746-3987 02905 * HandleRequestStateTransfer (replica.cc:727):   [1] Sending state transfer from <0,254670> to <0,254670>
20230730-160746-3988 02905 * RequestStateTransfer (replica.cc:212):   [1] Requesting state transfer: <0,254671>
20230730-160746-3989 02905 * HandleRequestStateTransfer (replica.cc:727):   [1] Sending state transfer from <0,254671> to <0,254672>
20230730-160746-3990 02905 * RequestStateTransfer (replica.cc:212):   [1] Requesting state transfer: <0,254672>
20230730-160746-3991 02905 * HandleRequestStateTransfer (replica.cc:727):   [1] Sending state transfer from <0,254672> to <0,254673>
20230730-160746-3992 02905 * RequestStateTransfer (replica.cc:212):   [1] Requesting state transfer: <0,254674>
20230730-160746-3993 02905 * HandleRequestStateTransfer (replica.cc:727):   [1] Sending state transfer from <0,254674> to <0,254675>
20230730-160746-3994 02905 * RequestStateTransfer (replica.cc:212):   [1] Requesting state transfer: <0,254676>
20230730-160746-3995 02905 * HandleRequestStateTransfer (replica.cc:727):   [1] Sending state transfer from <0,254676> to <0,254677>
20230730-160746-3995 02905 * RequestStateTransfer (replica.cc:212):   [1] Requesting state transfer: <0,254677>
20230730-160746-3996 02905 * HandleRequestStateTransfer (replica.cc:727):   [1] Sending state transfer from <0,254677> to <0,254678>
20230730-160746-3997 02905 * RequestStateTransfer (replica.cc:212):   [1] Requesting state transfer: <0,254678>
20230730-160746-3997 02905 * HandleRequestStateTransfer (replica.cc:727):   [1] Sending state transfer from <0,254678> to <0,254678>
20230730-160746-8210 02905 ! releaseForWrite (lockserver.cc:353): [-8674781487554461572] Releasing unheld write lock: Vwy8IgBgk7rZkzVgzHN5166WbSy3hN3qqQDuxsVbv6hhIGIcIo2mj1YIKue3e4By
20230730-160746-8210 02905 ! releaseForWrite (lockserver.cc:353): [-8674781487554461572] Releasing unheld write lock: EnMYn9YXufYig2N4Wuz0wae961g12yJNhKRX8zYlCw4b3qu8LbrmkRNxTvbbBg42
20230730-160746-8676 02905 ! releaseForRead  (lockserver.cc:293): [7639035759530020042] Releasing unheld read lock: Vwy8IgBgk7rZkzVgzHN5166WbSy3hN3qqQDuxsVbv6hhIGIcIo2mj1YIKue3e4By
20230730-160746-8676 02905 ! releaseForRead  (lockserver.cc:293): [7639035759530020042] Releasing unheld read lock: n8sW8NuSeVTYkYjIwvP4VTprL7gs7R2xkcSoWEckucGWacn1n3XGcGlH38x4JfvE
20230730-160746-8678 02905 ! releaseForWrite (lockserver.cc:353): [-3796219435061621575] Releasing unheld write lock: Vwy8IgBgk7rZkzVgzHN5166WbSy3hN3qqQDuxsVbv6hhIGIcIo2mj1YIKue3e4By
20230730-160746-8678 02905 ! releaseForRead  (lockserver.cc:293): [-3796219435061621575] Releasing unheld read lock: VOycHjXVKxCUeppm7dKI9C7gRkLdfaBR1hAAmg5rldzz3WiuukWJe8eZlJfYC6BM
20230730-160746-8680 02905 ! releaseForWrite (lockserver.cc:353): [8821369102548150052] Releasing unheld write lock: PFTuqtLapDDXIOVSw2g263QPXr4xQDlKZDwO6re2J9zn9JlS7BMTmqxXm1cce1gt
20230730-160746-8680 02905 ! releaseForRead  (lockserver.cc:293): [8821369102548150052] Releasing unheld read lock: sTQTiewIyPObYwDk3pZQxqddsWnKL946ON32dQGYh6Q68UqbclkvhPOfOBzJyInm
20230730-160747-0108 02905 ! releaseForRead  (lockserver.cc:293): [7306900812714100101] Releasing unheld read lock: Vwy8IgBgk7rZkzVgzHN5166WbSy3hN3qqQDuxsVbv6hhIGIcIo2mj1YIKue3e4By
20230730-160747-0108 02905 ! releaseForRead  (lockserver.cc:293): [7306900812714100101] Releasing unheld read lock: oxuaoVlTrkCNbgXZVZtU7FOfDkUyMiUcpcBlFEExxsNiwxIHElADnzG9en98sQQN
20230730-160747-0418 02905 ! releaseForRead  (lockserver.cc:293): [-7377376190639931467] Releasing unheld read lock: PFTuqtLapDDXIOVSw2g263QPXr4xQDlKZDwO6re2J9zn9JlS7BMTmqxXm1cce1gt
20230730-160747-1737 02905 ! releaseForWrite (lockserver.cc:353): [-2472896732960451403] Releasing unheld write lock: RkXnDjWzijleJQDebssFZABip7bhYU3RUwC0DMvvJCYzLxICStQvSDrzgN9fwphw
20230730-160747-7183 02905 * RequestStateTransfer (replica.cc:212):   [1] Requesting state transfer: <0,262144>
20230730-160747-7439 02905 ! releaseForWrite (lockserver.cc:353): [7653064813318670041] Releasing unheld write lock: nt8ExH76xqGowHimCvAQQ4tRPdCmR7BQBNZFr1V1ee16ZaCPDmylV8bwKot180a5
20230730-160747-7439 02905 ! releaseForRead  (lockserver.cc:293): [7653064813318670041] Releasing unheld read lock: Vwy8IgBgk7rZkzVgzHN5166WbSy3hN3qqQDuxsVbv6hhIGIcIo2mj1YIKue3e4By
20230730-160747-7439 02905 ! releaseForRead  (lockserver.cc:293): [7653064813318670041] Releasing unheld read lock: Z36nzNNVHB7r0Fkzukp9xVGggzLftSCJTpiy9kc0JmHQEyWgGdPXfL3q3sjK4ImU
20230730-160747-7466 02905 * RequestStateTransfer (replica.cc:212):   [1] Requesting state transfer: <0,262239>
20230730-160747-7467 02905 * RequestStateTransfer (replica.cc:212):   [1] Requesting state transfer: <0,262240>
20230730-160747-7467 02905 * RequestStateTransfer (replica.cc:212):   [1] Requesting state transfer: <0,262241>
20230730-160747-7468 02905 * RequestStateTransfer (replica.cc:212):   [1] Requesting state transfer: <0,262242>
20230730-160747-7474 02905 * RequestStateTransfer (replica.cc:212):   [1] Requesting state transfer: <0,262273>
20230730-160747-7476 02905 * RequestStateTransfer (replica.cc:212):   [1] Requesting state transfer: <0,262274>
20230730-160747-7478 02905 * RequestStateTransfer (replica.cc:212):   [1] Requesting state transfer: <0,262276>
20230730-160747-7479 02905 * RequestStateTransfer (replica.cc:212):   [1] Requesting state transfer: <0,262277>
20230730-160747-7480 02905 * RequestStateTransfer (replica.cc:212):   [1] Requesting state transfer: <0,262278>
20230730-160747-8230 02905 ! releaseForWrite (lockserver.cc:353): [-1353433443573691571] Releasing unheld write lock: EnMYn9YXufYig2N4Wuz0wae961g12yJNhKRX8zYlCw4b3qu8LbrmkRNxTvbbBg42
20230730-160747-8230 02905 ! releaseForWrite (lockserver.cc:353): [-1353433443573691571] Releasing unheld write lock: HTfXPQpXOvewEoydNh2r48sNbWCieVsLKgzLpXBegBnG5ud51xBexaUJZOOxuFaR
20230730-160747-8231 02905 ! releaseForRead  (lockserver.cc:293): [-1353433443573691571] Releasing unheld read lock: Yrs8AY6H50yX7VQ29caDLDcIQf3xDVC0NNIXBf73clgNy9Mq8T4jhXR8qgWFJjLE
20230730-160747-8231 02905 ! releaseForRead  (lockserver.cc:293): [-1353433443573691571] Releasing unheld read lock: Vwy8IgBgk7rZkzVgzHN5166WbSy3hN3qqQDuxsVbv6hhIGIcIo2mj1YIKue3e4By
20230730-160747-9044 02905 * RequestStateTransfer (replica.cc:212):   [1] Requesting state transfer: <0,264026>
20230730-160747-9047 02905 * RequestStateTransfer (replica.cc:212):   [1] Requesting state transfer: <0,264029>
20230730-160747-9048 02905 * RequestStateTransfer (replica.cc:212):   [1] Requesting state transfer: <0,264030>
20230730-160747-9050 02905 * RequestStateTransfer (replica.cc:212):   [1] Requesting state transfer: <0,264032>
20230730-160747-9051 02905 * RequestStateTransfer (replica.cc:212):   [1] Requesting state transfer: <0,264034>
20230730-160747-9052 02905 * RequestStateTransfer (replica.cc:212):   [1] Requesting state transfer: <0,264035>
20230730-160747-9052 02905 * RequestStateTransfer (replica.cc:212):   [1] Requesting state transfer: <0,264036>
20230730-160747-9066 02905 ! OnReadable      (udptransport.cc:573): Fragments out of order for packet 90; expected start 0, got 9000
20230730-160747-9455 02905 * HandleRequestStateTransfer (replica.cc:727):   [1] Sending state transfer from <0,264501> to <0,264503>
20230730-160747-9458 02905 * HandleRequestStateTransfer (replica.cc:727):   [1] Sending state transfer from <0,264503> to <0,264504>
20230730-160747-9460 02905 * HandleRequestStateTransfer (replica.cc:727):   [1] Sending state transfer from <0,264504> to <0,264506>
20230730-160747-9461 02905 * HandleRequestStateTransfer (replica.cc:727):   [1] Sending state transfer from <0,264505> to <0,264506>
20230730-160749-8096 02905 ! releaseForWrite (lockserver.cc:353): [-1154846598957371416] Releasing unheld write lock: Vwy8IgBgk7rZkzVgzHN5166WbSy3hN3qqQDuxsVbv6hhIGIcIo2mj1YIKue3e4By
20230730-160749-8109 02905 * RequestStateTransfer (replica.cc:212):   [1] Requesting state transfer: <0,277769>
20230730-160749-8111 02905 * RequestStateTransfer (replica.cc:212):   [1] Requesting state transfer: <0,277770>
20230730-160749-8115 02905 * RequestStateTransfer (replica.cc:212):   [1] Requesting state transfer: <0,277772>
20230730-160749-8116 02905 * RequestStateTransfer (replica.cc:212):   [1] Requesting state transfer: <0,277773>
20230730-160751-1181 02905 ! releaseForWrite (lockserver.cc:353): [5169365877005980097] Releasing unheld write lock: Vwy8IgBgk7rZkzVgzHN5166WbSy3hN3qqQDuxsVbv6hhIGIcIo2mj1YIKue3e4By
20230730-160753-0330 02905 * HandleRequestStateTransfer (replica.cc:727):   [1] Sending state transfer from <0,304729> to <0,304730>
20230730-160753-0332 02905 * HandleRequestStateTransfer (replica.cc:727):   [1] Sending state transfer from <0,304730> to <0,304731>
20230730-160753-0333 02905 * HandleRequestStateTransfer (replica.cc:727):   [1] Sending state transfer from <0,304731> to <0,304731>
20230730-160753-0335 02905 * HandleRequestStateTransfer (replica.cc:727):   [1] Sending state transfer from <0,304732> to <0,304733>
20230730-160753-0337 02905 * HandleRequestStateTransfer (replica.cc:727):   [1] Sending state transfer from <0,304734> to <0,304734>
20230730-160753-0339 02905 * HandleRequestStateTransfer (replica.cc:727):   [1] Sending state transfer from <0,304737> to <0,304740>
20230730-160753-0340 02905 * HandleRequestStateTransfer (replica.cc:727):   [1] Sending state transfer from <0,304740> to <0,304742>
20230730-160753-0341 02905 * HandleRequestStateTransfer (replica.cc:727):   [1] Sending state transfer from <0,304742> to <0,304742>
20230730-160753-2457 02905 * HandleRequestStateTransfer (replica.cc:727):   [1] Sending state transfer from <0,306394> to <0,306422>
20230730-160753-2458 02905 * SendMessageInternal (udptransport.cc:442): Sending large replication.vr.proto.StateTransferMessage message in 2 fragments
20230730-160753-2459 02905 * HandleRequestStateTransfer (replica.cc:727):   [1] Sending state transfer from <0,306401> to <0,306423>
20230730-160753-2459 02905 * SendMessageInternal (udptransport.cc:442): Sending large replication.vr.proto.StateTransferMessage message in 2 fragments
20230730-160753-2460 02905 * HandleRequestStateTransfer (replica.cc:727):   [1] Sending state transfer from <0,306402> to <0,306425>
20230730-160753-2461 02905 * SendMessageInternal (udptransport.cc:442): Sending large replication.vr.proto.StateTransferMessage message in 2 fragments
20230730-160753-2462 02905 * HandleRequestStateTransfer (replica.cc:727):   [1] Sending state transfer from <0,306403> to <0,306425>
20230730-160753-2462 02905 * SendMessageInternal (udptransport.cc:442): Sending large replication.vr.proto.StateTransferMessage message in 2 fragments
20230730-160753-2463 02905 * HandleRequestStateTransfer (replica.cc:727):   [1] Sending state transfer from <0,306404> to <0,306426>
20230730-160753-2463 02905 * SendMessageInternal (udptransport.cc:442): Sending large replication.vr.proto.StateTransferMessage message in 2 fragments
20230730-160753-2464 02905 * HandleRequestStateTransfer (replica.cc:727):   [1] Sending state transfer from <0,306405> to <0,306427>
20230730-160753-2465 02905 * SendMessageInternal (udptransport.cc:442): Sending large replication.vr.proto.StateTransferMessage message in 2 fragments
20230730-160753-2470 02905 * HandleRequestStateTransfer (replica.cc:727):   [1] Sending state transfer from <0,306425> to <0,306430>
20230730-160753-3216 02905 * RequestStateTransfer (replica.cc:212):   [1] Requesting state transfer: <0,306968>
20230730-160753-3217 02905 * RequestStateTransfer (replica.cc:212):   [1] Requesting state transfer: <0,306974>
20230730-160753-3218 02905 * RequestStateTransfer (replica.cc:212):   [1] Requesting state transfer: <0,306976>
20230730-160753-3219 02905 * RequestStateTransfer (replica.cc:212):   [1] Requesting state transfer: <0,306977>
20230730-160753-3220 02905 * RequestStateTransfer (replica.cc:212):   [1] Requesting state transfer: <0,306980>
20230730-160753-3230 02905 * RequestStateTransfer (replica.cc:212):   [1] Requesting state transfer: <0,307001>
20230730-160753-3232 02905 * RequestStateTransfer (replica.cc:212):   [1] Requesting state transfer: <0,307002>
20230730-160753-3235 02905 * RequestStateTransfer (replica.cc:212):   [1] Requesting state transfer: <0,307004>
20230730-160753-3236 02905 * RequestStateTransfer (replica.cc:212):   [1] Requesting state transfer: <0,307005>
20230730-160753-3237 02905 * RequestStateTransfer (replica.cc:212):   [1] Requesting state transfer: <0,307006>
20230730-160753-3238 02905 ! OnReadable      (udptransport.cc:565): Failed to reconstruct packet 90
20230730-160754-3376 02905 * RequestStateTransfer (replica.cc:212):   [1] Requesting state transfer: <0,315007>
20230730-160754-3377 02905 * RequestStateTransfer (replica.cc:212):   [1] Requesting state transfer: <0,315009>
20230730-160754-3378 02905 * HandleRequestStateTransfer (replica.cc:727):   [1] Sending state transfer from <0,315007> to <0,315009>
20230730-160754-3379 02905 * RequestStateTransfer (replica.cc:212):   [1] Requesting state transfer: <0,315011>
20230730-160754-3380 02905 * HandleRequestStateTransfer (replica.cc:727):   [1] Sending state transfer from <0,315009> to <0,315011>
20230730-160754-3381 02905 * HandleRequestStateTransfer (replica.cc:727):   [1] Sending state transfer from <0,315011> to <0,315011>
20230730-160754-3456 02905 * RequestStateTransfer (replica.cc:212):   [1] Requesting state transfer: <0,315052>
20230730-160754-3460 02905 * RequestStateTransfer (replica.cc:212):   [1] Requesting state transfer: <0,315053>
20230730-160754-3461 02905 * RequestStateTransfer (replica.cc:212):   [1] Requesting state transfer: <0,315054>
20230730-160754-3465 02905 * RequestStateTransfer (replica.cc:212):   [1] Requesting state transfer: <0,315057>
20230730-160754-4021 02905 * HandleRequestStateTransfer (replica.cc:727):   [1] Sending state transfer from <0,315609> to <0,315615>
20230730-160754-4023 02905 * HandleRequestStateTransfer (replica.cc:727):   [1] Sending state transfer from <0,315614> to <0,315621>
20230730-160754-4028 02905 * RequestStateTransfer (replica.cc:212):   [1] Requesting state transfer: <0,315624>
20230730-160754-4029 02905 * RequestStateTransfer (replica.cc:212):   [1] Requesting state transfer: <0,315626>
20230730-160754-4029 02905 * RequestStateTransfer (replica.cc:212):   [1] Requesting state transfer: <0,315627>
20230730-160754-4030 02905 * RequestStateTransfer (replica.cc:212):   [1] Requesting state transfer: <0,315628>
20230730-160754-4405 02905 * HandleRequestStateTransfer (replica.cc:727):   [1] Sending state transfer from <0,316045> to <0,316046>
20230730-160754-4407 02905 * HandleRequestStateTransfer (replica.cc:727):   [1] Sending state transfer from <0,316046> to <0,316046>
20230730-160754-4409 02905 * HandleRequestStateTransfer (replica.cc:727):   [1] Sending state transfer from <0,316047> to <0,316049>
20230730-160754-4411 02905 * HandleRequestStateTransfer (replica.cc:727):   [1] Sending state transfer from <0,316049> to <0,316049>
20230730-160754-4721 02905 * RequestStateTransfer (replica.cc:212):   [1] Requesting state transfer: <0,316351>
20230730-160754-4723 02905 * HandleRequestStateTransfer (replica.cc:727):   [1] Sending state transfer from <0,316351> to <0,316351>
20230730-160755-1480 02905 * RequestStateTransfer (replica.cc:212):   [1] Requesting state transfer: <0,320334>
20230730-160755-1481 02905 * RequestStateTransfer (replica.cc:212):   [1] Requesting state transfer: <0,320335>
20230730-160755-1482 02905 * RequestStateTransfer (replica.cc:212):   [1] Requesting state transfer: <0,320336>
20230730-160755-1533 02905 * RequestStateTransfer (replica.cc:212):   [1] Requesting state transfer: <0,320391>
20230730-160755-1533 02905 * HandleRequestStateTransfer (replica.cc:727):   [1] Sending state transfer from <0,320391> to <0,320391>
20230730-160755-1534 02905 * RequestStateTransfer (replica.cc:212):   [1] Requesting state transfer: <0,320392>
20230730-160755-1535 02905 * HandleRequestStateTransfer (replica.cc:727):   [1] Sending state transfer from <0,320392> to <0,320392>
20230730-160755-1651 02905 * RequestStateTransfer (replica.cc:212):   [1] Requesting state transfer: <0,320520>
20230730-160755-1653 02905 * HandleRequestStateTransfer (replica.cc:727):   [1] Sending state transfer from <0,320520> to <0,320523>
20230730-160755-1656 02905 * HandleRequestStateTransfer (replica.cc:727):   [1] Sending state transfer from <0,320522> to <0,320529>
20230730-160755-1660 02905 * HandleRequestStateTransfer (replica.cc:727):   [1] Sending state transfer from <0,320529> to <0,320535>
20230730-160755-1666 02905 * HandleRequestStateTransfer (replica.cc:727):   [1] Sending state transfer from <0,320535> to <0,320543>
20230730-160755-1668 02905 * HandleRequestStateTransfer (replica.cc:727):   [1] Sending state transfer from <0,320536> to <0,320546>
20230730-160755-1687 02905 * RequestStateTransfer (replica.cc:212):   [1] Requesting state transfer: <0,320576>
20230730-160755-1688 02905 * RequestStateTransfer (replica.cc:212):   [1] Requesting state transfer: <0,320577>
20230730-160755-1691 02905 * HandleRequestStateTransfer (replica.cc:727):   [1] Sending state transfer from <0,320576> to <0,320580>
20230730-160755-1693 02905 * HandleRequestStateTransfer (replica.cc:727):   [1] Sending state transfer from <0,320577> to <0,320582>
20230730-160755-1695 02905 * HandleRequestStateTransfer (replica.cc:727):   [1] Sending state transfer from <0,320578> to <0,320585>
20230730-160755-1708 02905 * RequestStateTransfer (replica.cc:212):   [1] Requesting state transfer: <0,320607>
20230730-160755-1709 02905 * RequestStateTransfer (replica.cc:212):   [1] Requesting state transfer: <0,320608>
20230730-160755-1715 02905 * HandleRequestStateTransfer (replica.cc:727):   [1] Sending state transfer from <0,320607> to <0,320619>
20230730-160755-1717 02905 * HandleRequestStateTransfer (replica.cc:727):   [1] Sending state transfer from <0,320608> to <0,320620>
20230730-160755-1720 02905 * HandleRequestStateTransfer (replica.cc:727):   [1] Sending state transfer from <0,320609> to <0,320625>
20230730-160755-1728 02905 * RequestStateTransfer (replica.cc:212):   [1] Requesting state transfer: <0,320636>
20230730-160755-1735 02905 * HandleRequestStateTransfer (replica.cc:727):   [1] Sending state transfer from <0,320636> to <0,320644>
20230730-160755-1736 02905 * HandleRequestStateTransfer (replica.cc:727):   [1] Sending state transfer from <0,320637> to <0,320646>
20230730-160755-1823 02905 * RequestStateTransfer (replica.cc:212):   [1] Requesting state transfer: <0,320777>
20230730-160755-1824 02905 * HandleRequestStateTransfer (replica.cc:727):   [1] Sending state transfer from <0,320777> to <0,320778>
20230730-160755-1825 02905 * RequestStateTransfer (replica.cc:212):   [1] Requesting state transfer: <0,320778>
20230730-160755-1826 02905 * HandleRequestStateTransfer (replica.cc:727):   [1] Sending state transfer from <0,320778> to <0,320778>
20230730-160755-1834 02905 * RequestStateTransfer (replica.cc:212):   [1] Requesting state transfer: <0,320794>
20230730-160755-1835 02905 * RequestStateTransfer (replica.cc:212):   [1] Requesting state transfer: <0,320795>
20230730-160755-1866 02905 * RequestStateTransfer (replica.cc:212):   [1] Requesting state transfer: <0,320840>
20230730-160755-1867 02905 * RequestStateTransfer (replica.cc:212):   [1] Requesting state transfer: <0,320842>
20230730-160755-1883 02905 * RequestStateTransfer (replica.cc:212):   [1] Requesting state transfer: <0,320860>
20230730-160755-1883 02905 * HandleRequestStateTransfer (replica.cc:727):   [1] Sending state transfer from <0,320860> to <0,320860>
20230730-160755-2172 02905 * RequestStateTransfer (replica.cc:212):   [1] Requesting state transfer: <0,321287>
20230730-160755-2173 02905 * RequestStateTransfer (replica.cc:212):   [1] Requesting state transfer: <0,321288>
20230730-160755-2173 02905 * HandleRequestStateTransfer (replica.cc:727):   [1] Sending state transfer from <0,321287> to <0,321288>
20230730-160755-2174 02905 * HandleRequestStateTransfer (replica.cc:727):   [1] Sending state transfer from <0,321288> to <0,321288>
20230730-160755-2239 02905 * RequestStateTransfer (replica.cc:212):   [1] Requesting state transfer: <0,321389>
20230730-160755-2240 02905 * HandleRequestStateTransfer (replica.cc:727):   [1] Sending state transfer from <0,321389> to <0,321389>
20230730-160755-2429 02905 * RequestStateTransfer (replica.cc:212):   [1] Requesting state transfer: <0,321667>
20230730-160755-2504 02905 * RequestStateTransfer (replica.cc:212):   [1] Requesting state transfer: <0,321780>
20230730-160755-2505 02905 * HandleRequestStateTransfer (replica.cc:727):   [1] Sending state transfer from <0,321780> to <0,321781>
