20230730-160716-2931 02946 * HandleRequestStateTransfer (replica.cc:727):   [2] Sending state transfer from <0,5239> to <0,5264>
20230730-160716-2932 02946 * SendMessageInternal (udptransport.cc:442): Sending large replication.vr.proto.StateTransferMessage message in 2 fragments
20230730-160716-2933 02946 * HandleRequestStateTransfer (replica.cc:727):   [2] Sending state transfer from <0,5240> to <0,5264>
20230730-160716-2933 02946 * SendMessageInternal (udptransport.cc:442): Sending large replication.vr.proto.StateTransferMessage message in 2 fragments
20230730-160716-2934 02946 * HandleRequestStateTransfer (replica.cc:727):   [2] Sending state transfer from <0,5241> to <0,5266>
20230730-160716-2934 02946 * SendMessageInternal (udptransport.cc:442): Sending large replication.vr.proto.StateTransferMessage message in 2 fragments
20230730-160716-2935 02946 * HandleRequestStateTransfer (replica.cc:727):   [2] Sending state transfer from <0,5242> to <0,5266>
20230730-160716-2936 02946 * SendMessageInternal (udptransport.cc:442): Sending large replication.vr.proto.StateTransferMessage message in 2 fragments
20230730-160716-2936 02946 * HandleRequestStateTransfer (replica.cc:727):   [2] Sending state transfer from <0,5243> to <0,5267>
20230730-160716-2937 02946 * SendMessageInternal (udptransport.cc:442): Sending large replication.vr.proto.StateTransferMessage message in 2 fragments
20230730-160716-2938 02946 * HandleRequestStateTransfer (replica.cc:727):   [2] Sending state transfer from <0,5244> to <0,5269>
20230730-160716-2938 02946 * SendMessageInternal (udptransport.cc:442): Sending large replication.vr.proto.StateTransferMessage message in 2 fragments
20230730-160716-2939 02946 * HandleRequestStateTransfer (replica.cc:727):   [2] Sending state transfer from <0,5245> to <0,5269>
20230730-160716-2939 02946 * SendMessageInternal (udptransport.cc:442): Sending large replication.vr.proto.StateTransferMessage message in 2 fragments
20230730-160716-2940 02946 * HandleRequestStateTransfer (replica.cc:727):   [2] Sending state transfer from <0,5246> to <0,5271>
20230730-160716-2941 02946 * SendMessageInternal (udptransport.cc:442): Sending large replication.vr.proto.StateTransferMessage message in 2 fragments
20230730-160716-2942 02946 * HandleRequestStateTransfer (replica.cc:727):   [2] Sending state transfer from <0,5247> to <0,5273>
20230730-160716-2942 02946 * SendMessageInternal (udptransport.cc:442): Sending large replication.vr.proto.StateTransferMessage message in 2 fragments
20230730-160716-2945 02946 * HandleRequestStateTransfer (replica.cc:727):   [2] Sending state transfer from <0,5266> to <0,5278>
20230730-160716-2946 02946 * SendMessageInternal (udptransport.cc:442): Sending large replication.vr.proto.StateTransferMessage message in 2 fragments
20230730-160716-2947 02946 * HandleRequestStateTransfer (replica.cc:727):   [2] Sending state transfer from <0,5267> to <0,5279>
20230730-160716-2947 02946 * SendMessageInternal (udptransport.cc:442): Sending large replication.vr.proto.StateTransferMessage message in 2 fragments
20230730-160716-2949 02946 * HandleRequestStateTransfer (replica.cc:727):   [2] Sending state transfer from <0,5270> to <0,5279>
20230730-160716-2951 02946 * HandleRequestStateTransfer (replica.cc:727):   [2] Sending state transfer from <0,5275> to <0,5279>
20230730-160716-2953 02946 * HandleRequestStateTransfer (replica.cc:727):   [2] Sending state transfer from <0,5276> to <0,5281>
20230730-160716-2955 02946 * HandleRequestStateTransfer (replica.cc:727):   [2] Sending state transfer from <0,5278> to <0,5282>
20230730-160716-2957 02946 * HandleRequestStateTransfer (replica.cc:727):   [2] Sending state transfer from <0,5279> to <0,5282>
20230730-160716-8993 02946 * RequestStateTransfer (replica.cc:212):   [2] Requesting state transfer: <0,10714>
20230730-160716-8996 02946 * RequestStateTransfer (replica.cc:212):   [2] Requesting state transfer: <0,10716>
20230730-160717-9681 02946 * RequestStateTransfer (replica.cc:212):   [2] Requesting state transfer: <0,20537>
20230730-160717-9682 02946 * RequestStateTransfer (replica.cc:212):   [2] Requesting state transfer: <0,20538>
20230730-160717-9683 02946 * RequestStateTransfer (replica.cc:212):   [2] Requesting state transfer: <0,20539>
20230730-160718-5811 02946 * HandleRequestStateTransfer (replica.cc:727):   [2] Sending state transfer from <0,26289> to <0,26290>
20230730-160718-5813 02946 * HandleRequestStateTransfer (replica.cc:727):   [2] Sending state transfer from <0,26290> to <0,26290>
20230730-160718-5816 02946 * HandleRequestStateTransfer (replica.cc:727):   [2] Sending state transfer from <0,26292> to <0,26293>
20230730-160718-5817 02946 * HandleRequestStateTransfer (replica.cc:727):   [2] Sending state transfer from <0,26293> to <0,26293>
20230730-160718-9392 02946 * RequestStateTransfer (replica.cc:212):   [2] Requesting state transfer: <0,29495>
20230730-160718-9393 02946 * RequestStateTransfer (replica.cc:212):   [2] Requesting state transfer: <0,29496>
20230730-160718-9396 02946 * RequestStateTransfer (replica.cc:212):   [2] Requesting state transfer: <0,29497>
20230730-160719-3567 02946 * RequestStateTransfer (replica.cc:212):   [2] Requesting state transfer: <0,32808>
20230730-160719-3577 02946 * RequestStateTransfer (replica.cc:212):   [2] Requesting state transfer: <0,32846>
20230730-160719-3578 02946 * RequestStateTransfer (replica.cc:212):   [2] Requesting state transfer: <0,32850>
20230730-160719-3580 02946 * RequestStateTransfer (replica.cc:212):   [2] Requesting state transfer: <0,32851>
20230730-160719-3580 02946 * RequestStateTransfer (replica.cc:212):   [2] Requesting state transfer: <0,32852>
20230730-160719-3581 02946 * RequestStateTransfer (replica.cc:212):   [2] Requesting state transfer: <0,32853>
20230730-160721-1881 02946 * RequestStateTransfer (replica.cc:212):   [2] Requesting state transfer: <0,48682>
20230730-160721-4523 02946 * RequestStateTransfer (replica.cc:212):   [2] Requesting state transfer: <0,51168>
20230730-160721-4524 02946 * RequestStateTransfer (replica.cc:212):   [2] Requesting state transfer: <0,51169>
20230730-160721-4525 02946 * RequestStateTransfer (replica.cc:212):   [2] Requesting state transfer: <0,51170>
20230730-160721-4526 02946 * RequestStateTransfer (replica.cc:212):   [2] Requesting state transfer: <0,51171>
20230730-160721-4527 02946 * RequestStateTransfer (replica.cc:212):   [2] Requesting state transfer: <0,51172>
20230730-160721-4528 02946 * RequestStateTransfer (replica.cc:212):   [2] Requesting state transfer: <0,51173>
20230730-160721-4529 02946 * RequestStateTransfer (replica.cc:212):   [2] Requesting state transfer: <0,51174>
20230730-160721-4529 02946 * RequestStateTransfer (replica.cc:212):   [2] Requesting state transfer: <0,51175>
20230730-160721-4531 02946 * RequestStateTransfer (replica.cc:212):   [2] Requesting state transfer: <0,51178>
20230730-160721-4531 02946 * RequestStateTransfer (replica.cc:212):   [2] Requesting state transfer: <0,51179>
20230730-160721-4533 02946 * RequestStateTransfer (replica.cc:212):   [2] Requesting state transfer: <0,51181>
20230730-160721-4534 02946 ! OnReadable      (udptransport.cc:573): Fragments out of order for packet 24; expected start 0, got 9000
20230730-160721-4534 02946 * RequestStateTransfer (replica.cc:212):   [2] Requesting state transfer: <0,51182>
20230730-160721-4535 02946 ! OnReadable      (udptransport.cc:565): Failed to reconstruct packet 24
20230730-160721-4550 02946 ! OnReadable      (udptransport.cc:573): Fragments out of order for packet 2f; expected start 0, got 9000
20230730-160721-9444 02946 * RequestStateTransfer (replica.cc:212):   [2] Requesting state transfer: <0,55655>
20230730-160721-9445 02946 * RequestStateTransfer (replica.cc:212):   [2] Requesting state transfer: <0,55656>
20230730-160721-9447 02946 * RequestStateTransfer (replica.cc:212):   [2] Requesting state transfer: <0,55658>
20230730-160721-9448 02946 * RequestStateTransfer (replica.cc:212):   [2] Requesting state transfer: <0,55660>
20230730-160721-9449 02946 * RequestStateTransfer (replica.cc:212):   [2] Requesting state transfer: <0,55661>
20230730-160721-9450 02946 * RequestStateTransfer (replica.cc:212):   [2] Requesting state transfer: <0,55662>
20230730-160721-9451 02946 * RequestStateTransfer (replica.cc:212):   [2] Requesting state transfer: <0,55663>
20230730-160721-9453 02946 * RequestStateTransfer (replica.cc:212):   [2] Requesting state transfer: <0,55664>
20230730-160721-9455 02946 * RequestStateTransfer (replica.cc:212):   [2] Requesting state transfer: <0,55665>
20230730-160721-9456 02946 * RequestStateTransfer (replica.cc:212):   [2] Requesting state transfer: <0,55667>
20230730-160721-9457 02946 ! OnReadable      (udptransport.cc:565): Failed to reconstruct packet 2f
20230730-160721-9461 02946 ! OnReadable      (udptransport.cc:573): Fragments out of order for packet 32; expected start 0, got 9000
20230730-160721-9462 02946 ! OnReadable      (udptransport.cc:565): Failed to reconstruct packet 32
20230730-160722-6018 02946 * HandleRequestStateTransfer (replica.cc:727):   [2] Sending state transfer from <0,61564> to <0,61594>
20230730-160722-6019 02946 * SendMessageInternal (udptransport.cc:442): Sending large replication.vr.proto.StateTransferMessage message in 2 fragments
20230730-160722-6020 02946 * HandleRequestStateTransfer (replica.cc:727):   [2] Sending state transfer from <0,61565> to <0,61595>
20230730-160722-6020 02946 * SendMessageInternal (udptransport.cc:442): Sending large replication.vr.proto.StateTransferMessage message in 2 fragments
20230730-160722-6021 02946 * HandleRequestStateTransfer (replica.cc:727):   [2] Sending state transfer from <0,61566> to <0,61595>
20230730-160722-6021 02946 * SendMessageInternal (udptransport.cc:442): Sending large replication.vr.proto.StateTransferMessage message in 2 fragments
20230730-160722-6022 02946 * HandleRequestStateTransfer (replica.cc:727):   [2] Sending state transfer from <0,61568> to <0,61596>
20230730-160722-6023 02946 * SendMessageInternal (udptransport.cc:442): Sending large replication.vr.proto.StateTransferMessage message in 2 fragments
20230730-160722-6023 02946 * HandleRequestStateTransfer (replica.cc:727):   [2] Sending state transfer from <0,61569> to <0,61597>
20230730-160722-6023 02946 * SendMessageInternal (udptransport.cc:442): Sending large replication.vr.proto.StateTransferMessage message in 2 fragments
20230730-160722-6047 02946 * HandleRequestStateTransfer (replica.cc:727):   [2] Sending state transfer from <0,61594> to <0,61604>
20230730-160722-6049 02946 * HandleRequestStateTransfer (replica.cc:727):   [2] Sending state transfer from <0,61597> to <0,61605>
20230730-160722-6049 02946 * HandleRequestStateTransfer (replica.cc:727):   [2] Sending state transfer from <0,61598> to <0,61605>
20230730-160722-6051 02946 * HandleRequestStateTransfer (replica.cc:727):   [2] Sending state transfer from <0,61599> to <0,61606>
20230730-160722-6052 02946 * HandleRequestStateTransfer (replica.cc:727):   [2] Sending state transfer from <0,61600> to <0,61606>
20230730-160722-6052 02946 * HandleRequestStateTransfer (replica.cc:727):   [2] Sending state transfer from <0,61601> to <0,61606>
20230730-160722-6053 02946 * HandleRequestStateTransfer (replica.cc:727):   [2] Sending state transfer from <0,61603> to <0,61607>
20230730-160722-6054 02946 * HandleRequestStateTransfer (replica.cc:727):   [2] Sending state transfer from <0,61604> to <0,61607>
20230730-160722-6055 02946 * HandleRequestStateTransfer (replica.cc:727):   [2] Sending state transfer from <0,61605> to <0,61608>
20230730-160722-9358 02946 * RequestStateTransfer (replica.cc:212):   [2] Requesting state transfer: <0,64392>
20230730-160723-1394 02946 * HandleRequestStateTransfer (replica.cc:727):   [2] Sending state transfer from <0,65601> to <0,65617>
20230730-160723-1394 02946 * SendMessageInternal (udptransport.cc:442): Sending large replication.vr.proto.StateTransferMessage message in 2 fragments
20230730-160723-1401 02946 * HandleRequestStateTransfer (replica.cc:727):   [2] Sending state transfer from <0,65617> to <0,65622>
20230730-160723-1402 02946 * HandleRequestStateTransfer (replica.cc:727):   [2] Sending state transfer from <0,65620> to <0,65622>
20230730-160723-1403 02946 * HandleRequestStateTransfer (replica.cc:727):   [2] Sending state transfer from <0,65621> to <0,65622>
20230730-160723-1404 02946 * HandleRequestStateTransfer (replica.cc:727):   [2] Sending state transfer from <0,65622> to <0,65625>
20230730-160723-6632 02946 * RequestStateTransfer (replica.cc:212):   [2] Requesting state transfer: <0,70408>
20230730-160723-6647 02946 * RequestStateTransfer (replica.cc:212):   [2] Requesting state transfer: <0,70495>
20230730-160723-6648 02946 * RequestStateTransfer (replica.cc:212):   [2] Requesting state transfer: <0,70496>
20230730-160723-6649 02946 * RequestStateTransfer (replica.cc:212):   [2] Requesting state transfer: <0,70497>
20230730-160723-6650 02946 * RequestStateTransfer (replica.cc:212):   [2] Requesting state transfer: <0,70498>
20230730-160723-6650 02946 * RequestStateTransfer (replica.cc:212):   [2] Requesting state transfer: <0,70499>
20230730-160723-6673 02946 ! OnReadable      (udptransport.cc:573): Fragments out of order for packet 50; expected start 0, got 9000
20230730-160723-6676 02946 ! OnReadable      (udptransport.cc:565): Failed to reconstruct packet 50
20230730-160724-1009 02946 * RequestStateTransfer (replica.cc:212):   [2] Requesting state transfer: <0,74261>
20230730-160724-1010 02946 * RequestStateTransfer (replica.cc:212):   [2] Requesting state transfer: <0,74262>
20230730-160724-1013 02946 * RequestStateTransfer (replica.cc:212):   [2] Requesting state transfer: <0,74274>
20230730-160724-3037 02946 * RequestStateTransfer (replica.cc:212):   [2] Requesting state transfer: <0,76253>
20230730-160724-3038 02946 * HandleRequestStateTransfer (replica.cc:727):   [2] Sending state transfer from <0,76253> to <0,76255>
20230730-160724-3039 02946 * RequestStateTransfer (replica.cc:212):   [2] Requesting state transfer: <0,76256>
20230730-160724-3040 02946 * HandleRequestStateTransfer (replica.cc:727):   [2] Sending state transfer from <0,76256> to <0,76256>
20230730-160726-2291 02946 * RequestStateTransfer (replica.cc:212):   [2] Requesting state transfer: <0,93560>
20230730-160726-2292 02946 * RequestStateTransfer (replica.cc:212):   [2] Requesting state transfer: <0,93561>
20230730-160726-2293 02946 * RequestStateTransfer (replica.cc:212):   [2] Requesting state transfer: <0,93562>
20230730-160726-2295 02946 * RequestStateTransfer (replica.cc:212):   [2] Requesting state transfer: <0,93563>
20230730-160726-2296 02946 * RequestStateTransfer (replica.cc:212):   [2] Requesting state transfer: <0,93564>
20230730-160726-2322 02946 ! OnReadable      (udptransport.cc:573): Fragments out of order for packet 55; expected start 0, got 9000
20230730-160726-2326 02946 ! OnReadable      (udptransport.cc:565): Failed to reconstruct packet 55
20230730-160726-2328 02946 ! OnReadable      (udptransport.cc:573): Fragments out of order for packet 57; expected start 0, got 9000
20230730-160726-2328 02946 ! OnReadable      (udptransport.cc:565): Failed to reconstruct packet 57
20230730-160726-5560 02946 * RequestStateTransfer (replica.cc:212):   [2] Requesting state transfer: <0,96693>
20230730-160726-5561 02946 * RequestStateTransfer (replica.cc:212):   [2] Requesting state transfer: <0,96695>
20230730-160726-8704 02946 * RequestStateTransfer (replica.cc:212):   [2] Requesting state transfer: <0,99739>
20230730-160726-8860 02946 * RequestStateTransfer (replica.cc:212):   [2] Requesting state transfer: <0,99869>
20230730-160726-8862 02946 * HandleRequestStateTransfer (replica.cc:727):   [2] Sending state transfer from <0,99869> to <0,99870>
20230730-160726-8863 02946 * RequestStateTransfer (replica.cc:212):   [2] Requesting state transfer: <0,99871>
20230730-160726-8864 02946 * RequestStateTransfer (replica.cc:212):   [2] Requesting state transfer: <0,99872>
20230730-160726-8865 02946 * HandleRequestStateTransfer (replica.cc:727):   [2] Sending state transfer from <0,99871> to <0,99872>
20230730-160726-8865 02946 * RequestStateTransfer (replica.cc:212):   [2] Requesting state transfer: <0,99874>
20230730-160726-8866 02946 * HandleRequestStateTransfer (replica.cc:727):   [2] Sending state transfer from <0,99872> to <0,99874>
20230730-160726-8867 02946 * RequestStateTransfer (replica.cc:212):   [2] Requesting state transfer: <0,99875>
20230730-160726-8868 02946 * HandleRequestStateTransfer (replica.cc:727):   [2] Sending state transfer from <0,99874> to <0,99875>
20230730-160726-8869 02946 * HandleRequestStateTransfer (replica.cc:727):   [2] Sending state transfer from <0,99875> to <0,99878>
20230730-160726-8870 02946 * RequestStateTransfer (replica.cc:212):   [2] Requesting state transfer: <0,99878>
20230730-160726-8871 02946 * RequestStateTransfer (replica.cc:212):   [2] Requesting state transfer: <0,99879>
20230730-160726-8872 02946 * HandleRequestStateTransfer (replica.cc:727):   [2] Sending state transfer from <0,99878> to <0,99880>
20230730-160726-8873 02946 * RequestStateTransfer (replica.cc:212):   [2] Requesting state transfer: <0,99880>
20230730-160726-8874 02946 * HandleRequestStateTransfer (replica.cc:727):   [2] Sending state transfer from <0,99879> to <0,99880>
20230730-160726-8876 02946 * HandleRequestStateTransfer (replica.cc:727):   [2] Sending state transfer from <0,99880> to <0,99880>
20230730-160727-0740 02946 * RequestStateTransfer (replica.cc:212):   [2] Requesting state transfer: <0,101739>
20230730-160727-0741 02946 * RequestStateTransfer (replica.cc:212):   [2] Requesting state transfer: <0,101740>
20230730-160727-0743 02946 * RequestStateTransfer (replica.cc:212):   [2] Requesting state transfer: <0,101742>
20230730-160727-0745 02946 * RequestStateTransfer (replica.cc:212):   [2] Requesting state transfer: <0,101743>
20230730-160727-0747 02946 * RequestStateTransfer (replica.cc:212):   [2] Requesting state transfer: <0,101745>
20230730-160727-0748 02946 * RequestStateTransfer (replica.cc:212):   [2] Requesting state transfer: <0,101746>
20230730-160727-0749 02946 * RequestStateTransfer (replica.cc:212):   [2] Requesting state transfer: <0,101747>
20230730-160727-0751 02946 * RequestStateTransfer (replica.cc:212):   [2] Requesting state transfer: <0,101748>
20230730-160727-0753 02946 * RequestStateTransfer (replica.cc:212):   [2] Requesting state transfer: <0,101749>
20230730-160727-0754 02946 * RequestStateTransfer (replica.cc:212):   [2] Requesting state transfer: <0,101751>
20230730-160727-0757 02946 ! OnReadable      (udptransport.cc:573): Fragments out of order for packet d; expected start 0, got 9000
20230730-160727-0758 02946 * RequestStateTransfer (replica.cc:212):   [2] Requesting state transfer: <0,101753>
20230730-160727-0758 02946 ! OnReadable      (udptransport.cc:565): Failed to reconstruct packet d
20230730-160727-0760 02946 * RequestStateTransfer (replica.cc:212):   [2] Requesting state transfer: <0,101755>
20230730-160727-1998 02946 * RequestStateTransfer (replica.cc:212):   [2] Requesting state transfer: <0,102973>
20230730-160727-1999 02946 * RequestStateTransfer (replica.cc:212):   [2] Requesting state transfer: <0,102974>
20230730-160727-2001 02946 * RequestStateTransfer (replica.cc:212):   [2] Requesting state transfer: <0,102975>
20230730-160727-2005 02946 * RequestStateTransfer (replica.cc:212):   [2] Requesting state transfer: <0,102977>
20230730-160727-2010 02946 * RequestStateTransfer (replica.cc:212):   [2] Requesting state transfer: <0,102980>
20230730-160727-2010 02946 * RequestStateTransfer (replica.cc:212):   [2] Requesting state transfer: <0,102981>
20230730-160727-2011 02946 * RequestStateTransfer (replica.cc:212):   [2] Requesting state transfer: <0,102982>
20230730-160727-2013 02946 * RequestStateTransfer (replica.cc:212):   [2] Requesting state transfer: <0,102985>
20230730-160727-2034 02946 ! OnReadable      (udptransport.cc:573): Fragments out of order for packet 7b; expected start 0, got 9000
20230730-160727-2036 02946 ! OnReadable      (udptransport.cc:565): Failed to reconstruct packet 7b
20230730-160727-2036 02946 ! OnReadable      (udptransport.cc:573): Fragments out of order for packet 7c; expected start 0, got 9000
20230730-160727-2038 02946 ! OnReadable      (udptransport.cc:565): Failed to reconstruct packet 7c
20230730-160727-8407 02946 * HandleRequestStateTransfer (replica.cc:727):   [2] Sending state transfer from <0,108883> to <0,108883>
20230730-160727-8411 02946 * HandleRequestStateTransfer (replica.cc:727):   [2] Sending state transfer from <0,108884> to <0,108886>
20230730-160727-8413 02946 * HandleRequestStateTransfer (replica.cc:727):   [2] Sending state transfer from <0,108886> to <0,108890>
20230730-160727-8414 02946 * HandleRequestStateTransfer (replica.cc:727):   [2] Sending state transfer from <0,108890> to <0,108891>
20230730-160727-8415 02946 * HandleRequestStateTransfer (replica.cc:727):   [2] Sending state transfer from <0,108891> to <0,108893>
20230730-160727-8417 02946 * HandleRequestStateTransfer (replica.cc:727):   [2] Sending state transfer from <0,108892> to <0,108893>
20230730-160727-8418 02946 * HandleRequestStateTransfer (replica.cc:727):   [2] Sending state transfer from <0,108893> to <0,108895>
20230730-160727-8420 02946 * HandleRequestStateTransfer (replica.cc:727):   [2] Sending state transfer from <0,108894> to <0,108899>
20230730-160727-8421 02946 * HandleRequestStateTransfer (replica.cc:727):   [2] Sending state transfer from <0,108895> to <0,108899>
20230730-160728-3860 02946 * RequestStateTransfer (replica.cc:212):   [2] Requesting state transfer: <0,113720>
20230730-160728-3862 02946 * RequestStateTransfer (replica.cc:212):   [2] Requesting state transfer: <0,113721>
20230730-160728-3866 02946 * RequestStateTransfer (replica.cc:212):   [2] Requesting state transfer: <0,113723>
20230730-160728-9544 02946 ! releaseForWrite (lockserver.cc:353): [-7143280525374211598] Releasing unheld write lock: GA1P8YbK4XF8dypP4czAGHYwHTe97s3zsNwKNrdGxkg9YtXc86yLqOkIngzTXTfn
20230730-160729-6683 02946 * RequestStateTransfer (replica.cc:212):   [2] Requesting state transfer: <0,124843>
20230730-160729-6685 02946 * RequestStateTransfer (replica.cc:212):   [2] Requesting state transfer: <0,124844>
20230730-160729-6686 02946 * RequestStateTransfer (replica.cc:212):   [2] Requesting state transfer: <0,124847>
20230730-160729-9440 02946 * RequestStateTransfer (replica.cc:212):   [2] Requesting state transfer: <0,127299>
20230730-160729-9442 02946 * RequestStateTransfer (replica.cc:212):   [2] Requesting state transfer: <0,127301>
20230730-160729-9647 02946 ! releaseForWrite (lockserver.cc:353): [-1977545145371891594] Releasing unheld write lock: xOhBvMHHkeV1OsdmR7SIuIDGBoc2S6kqz7NPEhipXtTY039x4yLy1OrLIWqCMeGs
20230730-160730-0485 02946 ! releaseForWrite (lockserver.cc:353): [-4710972069399911594] Releasing unheld write lock: tu9Hqty9KaIgNkplV6tEdVdH98ZOBNA9lCsouWuboUyQxXLs91NbTayEnvhkYk5J
20230730-160730-0486 02946 ! releaseForWrite (lockserver.cc:353): [-4710972069399911594] Releasing unheld write lock: M6d17OxXTa8mSjXWdjvenEMBlVsnPkTbNVF603eQ4Cqu3PaCBuWJFyX4veTSHBO9
20230730-160730-1643 02946 ! releaseForRead  (lockserver.cc:293): [-6063399218608471592] Releasing unheld read lock: M6d17OxXTa8mSjXWdjvenEMBlVsnPkTbNVF603eQ4Cqu3PaCBuWJFyX4veTSHBO9
20230730-160730-5501 02946 * RequestStateTransfer (replica.cc:212):   [2] Requesting state transfer: <0,131072>
20230730-160731-6888 02946 * RequestStateTransfer (replica.cc:212):   [2] Requesting state transfer: <0,139973>
20230730-160734-6484 02946 * HandleRequestStateTransfer (replica.cc:727):   [2] Sending state transfer from <0,166270> to <0,166270>
20230730-160734-6485 02946 * HandleRequestStateTransfer (replica.cc:727):   [2] Sending state transfer from <0,166271> to <0,166271>
20230730-160734-6488 02946 * HandleRequestStateTransfer (replica.cc:727):   [2] Sending state transfer from <0,166272> to <0,166275>
20230730-160734-6489 02946 * HandleRequestStateTransfer (replica.cc:727):   [2] Sending state transfer from <0,166273> to <0,166276>
20230730-160734-7733 02946 * RequestStateTransfer (replica.cc:212):   [2] Requesting state transfer: <0,167373>
20230730-160734-7734 02946 * RequestStateTransfer (replica.cc:212):   [2] Requesting state transfer: <0,167383>
20230730-160734-7735 02946 * RequestStateTransfer (replica.cc:212):   [2] Requesting state transfer: <0,167385>
20230730-160734-7736 02946 * RequestStateTransfer (replica.cc:212):   [2] Requesting state transfer: <0,167386>
20230730-160734-7737 02946 * RequestStateTransfer (replica.cc:212):   [2] Requesting state transfer: <0,167387>
20230730-160734-7747 02946 * RequestStateTransfer (replica.cc:212):   [2] Requesting state transfer: <0,167415>
20230730-160734-7748 02946 * RequestStateTransfer (replica.cc:212):   [2] Requesting state transfer: <0,167416>
20230730-160734-7751 02946 * RequestStateTransfer (replica.cc:212):   [2] Requesting state transfer: <0,167417>
20230730-160734-7753 02946 * RequestStateTransfer (replica.cc:212):   [2] Requesting state transfer: <0,167419>
20230730-160734-7753 02946 * RequestStateTransfer (replica.cc:212):   [2] Requesting state transfer: <0,167420>
20230730-160734-7754 02946 * RequestStateTransfer (replica.cc:212):   [2] Requesting state transfer: <0,167421>
20230730-160734-7755 02946 * RequestStateTransfer (replica.cc:212):   [2] Requesting state transfer: <0,167422>
20230730-160734-7756 02946 * RequestStateTransfer (replica.cc:212):   [2] Requesting state transfer: <0,167423>
20230730-160734-7762 02946 ! OnReadable      (udptransport.cc:573): Fragments out of order for packet 9d; expected start 0, got 9000
20230730-160734-7763 02946 ! OnReadable      (udptransport.cc:565): Failed to reconstruct packet 9d
20230730-160734-7780 02946 ! OnReadable      (udptransport.cc:573): Fragments out of order for packet a7; expected start 0, got 9000
20230730-160734-8736 02946 * HandleRequestStateTransfer (replica.cc:727):   [2] Sending state transfer from <0,168475> to <0,168476>
20230730-160734-8738 02946 * HandleRequestStateTransfer (replica.cc:727):   [2] Sending state transfer from <0,168477> to <0,168478>
20230730-160734-8739 02946 * HandleRequestStateTransfer (replica.cc:727):   [2] Sending state transfer from <0,168479> to <0,168480>
20230730-160734-8740 02946 * HandleRequestStateTransfer (replica.cc:727):   [2] Sending state transfer from <0,168480> to <0,168483>
20230730-160734-8741 02946 * HandleRequestStateTransfer (replica.cc:727):   [2] Sending state transfer from <0,168483> to <0,168487>
20230730-160734-8854 02946 * RequestStateTransfer (replica.cc:212):   [2] Requesting state transfer: <0,168624>
20230730-160734-8856 02946 * RequestStateTransfer (replica.cc:212):   [2] Requesting state transfer: <0,168625>
20230730-160734-8857 02946 * RequestStateTransfer (replica.cc:212):   [2] Requesting state transfer: <0,168626>
20230730-160734-8861 02946 * RequestStateTransfer (replica.cc:212):   [2] Requesting state transfer: <0,168627>
20230730-160734-8864 02946 * RequestStateTransfer (replica.cc:212):   [2] Requesting state transfer: <0,168628>
20230730-160734-8866 02946 * RequestStateTransfer (replica.cc:212):   [2] Requesting state transfer: <0,168630>
20230730-160734-8875 02946 ! OnReadable      (udptransport.cc:565): Failed to reconstruct packet a7
20230730-160734-8929 02946 * RequestStateTransfer (replica.cc:212):   [2] Requesting state transfer: <0,168720>
20230730-160734-8929 02946 * HandleRequestStateTransfer (replica.cc:727):   [2] Sending state transfer from <0,168720> to <0,168720>
20230730-160734-8932 02946 * RequestStateTransfer (replica.cc:212):   [2] Requesting state transfer: <0,168721>
20230730-160734-8933 02946 * HandleRequestStateTransfer (replica.cc:727):   [2] Sending state transfer from <0,168721> to <0,168721>
20230730-160734-8935 02946 * RequestStateTransfer (replica.cc:212):   [2] Requesting state transfer: <0,168722>
20230730-160734-8936 02946 * HandleRequestStateTransfer (replica.cc:727):   [2] Sending state transfer from <0,168722> to <0,168723>
20230730-160734-8937 02946 * RequestStateTransfer (replica.cc:212):   [2] Requesting state transfer: <0,168725>
20230730-160734-8939 02946 * HandleRequestStateTransfer (replica.cc:727):   [2] Sending state transfer from <0,168725> to <0,168725>
20230730-160734-9266 02946 * HandleRequestStateTransfer (replica.cc:727):   [2] Sending state transfer from <0,169066> to <0,169067>
20230730-160734-9268 02946 * HandleRequestStateTransfer (replica.cc:727):   [2] Sending state transfer from <0,169067> to <0,169069>
20230730-160734-9270 02946 * HandleRequestStateTransfer (replica.cc:727):   [2] Sending state transfer from <0,169069> to <0,169072>
20230730-160734-9272 02946 * HandleRequestStateTransfer (replica.cc:727):   [2] Sending state transfer from <0,169073> to <0,169076>
20230730-160734-9273 02946 * HandleRequestStateTransfer (replica.cc:727):   [2] Sending state transfer from <0,169074> to <0,169077>
20230730-160734-9274 02946 * HandleRequestStateTransfer (replica.cc:727):   [2] Sending state transfer from <0,169076> to <0,169083>
20230730-160735-8370 02946 * RequestStateTransfer (replica.cc:212):   [2] Requesting state transfer: <0,176875>
20230730-160735-8374 02946 * RequestStateTransfer (replica.cc:212):   [2] Requesting state transfer: <0,176877>
20230730-160735-8375 02946 * RequestStateTransfer (replica.cc:212):   [2] Requesting state transfer: <0,176878>
20230730-160735-8377 02946 * RequestStateTransfer (replica.cc:212):   [2] Requesting state transfer: <0,176879>
20230730-160735-8379 02946 * RequestStateTransfer (replica.cc:212):   [2] Requesting state transfer: <0,176880>
20230730-160735-8380 02946 * RequestStateTransfer (replica.cc:212):   [2] Requesting state transfer: <0,176881>
20230730-160735-8381 02946 * RequestStateTransfer (replica.cc:212):   [2] Requesting state transfer: <0,176882>
20230730-160735-8383 02946 * RequestStateTransfer (replica.cc:212):   [2] Requesting state transfer: <0,176883>
20230730-160735-8384 02946 * RequestStateTransfer (replica.cc:212):   [2] Requesting state transfer: <0,176884>
20230730-160735-8385 02946 * RequestStateTransfer (replica.cc:212):   [2] Requesting state transfer: <0,176885>
20230730-160735-8387 02946 * RequestStateTransfer (replica.cc:212):   [2] Requesting state transfer: <0,176886>
20230730-160735-8484 02946 * RequestStateTransfer (replica.cc:212):   [2] Requesting state transfer: <0,176968>
20230730-160735-9334 02946 * RequestStateTransfer (replica.cc:212):   [2] Requesting state transfer: <0,177756>
20230730-160735-9335 02946 * RequestStateTransfer (replica.cc:212):   [2] Requesting state transfer: <0,177757>
20230730-160735-9336 02946 * RequestStateTransfer (replica.cc:212):   [2] Requesting state transfer: <0,177759>
20230730-160736-0621 02946 * RequestStateTransfer (replica.cc:212):   [2] Requesting state transfer: <0,178920>
20230730-160736-0622 02946 * HandleRequestStateTransfer (replica.cc:727):   [2] Sending state transfer from <0,178920> to <0,178920>
20230730-160736-0623 02946 * RequestStateTransfer (replica.cc:212):   [2] Requesting state transfer: <0,178922>
20230730-160736-0624 02946 * RequestStateTransfer (replica.cc:212):   [2] Requesting state transfer: <0,178923>
20230730-160736-0625 02946 * HandleRequestStateTransfer (replica.cc:727):   [2] Sending state transfer from <0,178922> to <0,178923>
20230730-160736-0626 02946 * HandleRequestStateTransfer (replica.cc:727):   [2] Sending state transfer from <0,178923> to <0,178925>
20230730-160736-0626 02946 * RequestStateTransfer (replica.cc:212):   [2] Requesting state transfer: <0,178925>
20230730-160736-0627 02946 * HandleRequestStateTransfer (replica.cc:727):   [2] Sending state transfer from <0,178925> to <0,178925>
20230730-160736-0629 02946 * RequestStateTransfer (replica.cc:212):   [2] Requesting state transfer: <0,178926>
20230730-160736-0629 02946 * RequestStateTransfer (replica.cc:212):   [2] Requesting state transfer: <0,178927>
20230730-160736-0630 02946 * HandleRequestStateTransfer (replica.cc:727):   [2] Sending state transfer from <0,178926> to <0,178927>
20230730-160736-0631 02946 * RequestStateTransfer (replica.cc:212):   [2] Requesting state transfer: <0,178928>
20230730-160736-0632 02946 * HandleRequestStateTransfer (replica.cc:727):   [2] Sending state transfer from <0,178927> to <0,178928>
20230730-160736-0633 02946 * HandleRequestStateTransfer (replica.cc:727):   [2] Sending state transfer from <0,178928> to <0,178929>
20230730-160736-0634 02946 * RequestStateTransfer (replica.cc:212):   [2] Requesting state transfer: <0,178930>
20230730-160736-0635 02946 * RequestStateTransfer (replica.cc:212):   [2] Requesting state transfer: <0,178932>
20230730-160736-0635 02946 * HandleRequestStateTransfer (replica.cc:727):   [2] Sending state transfer from <0,178930> to <0,178932>
20230730-160736-0636 02946 * HandleRequestStateTransfer (replica.cc:727):   [2] Sending state transfer from <0,178932> to <0,178932>
20230730-160736-0751 02946 * HandleRequestStateTransfer (replica.cc:727):   [2] Sending state transfer from <0,179029> to <0,179029>
20230730-160736-0754 02946 * HandleRequestStateTransfer (replica.cc:727):   [2] Sending state transfer from <0,179030> to <0,179030>
20230730-160737-4775 02946 * RequestStateTransfer (replica.cc:212):   [2] Requesting state transfer: <0,191955>
20230730-160737-4787 02946 * RequestStateTransfer (replica.cc:212):   [2] Requesting state transfer: <0,191994>
20230730-160737-4788 02946 * RequestStateTransfer (replica.cc:212):   [2] Requesting state transfer: <0,191995>
20230730-160737-4789 02946 * RequestStateTransfer (replica.cc:212):   [2] Requesting state transfer: <0,191997>
20230730-160737-4790 02946 * RequestStateTransfer (replica.cc:212):   [2] Requesting state transfer: <0,191999>
20230730-160737-4791 02946 * RequestStateTransfer (replica.cc:212):   [2] Requesting state transfer: <0,192000>
20230730-160737-4791 02946 * RequestStateTransfer (replica.cc:212):   [2] Requesting state transfer: <0,192001>
20230730-160738-2516 02946 * HandleRequestStateTransfer (replica.cc:727):   [2] Sending state transfer from <0,198915> to <0,198915>
20230730-160738-2518 02946 * HandleRequestStateTransfer (replica.cc:727):   [2] Sending state transfer from <0,198917> to <0,198919>
20230730-160738-2519 02946 * HandleRequestStateTransfer (replica.cc:727):   [2] Sending state transfer from <0,198919> to <0,198920>
20230730-160739-8370 02946 * HandleRequestStateTransfer (replica.cc:727):   [2] Sending state transfer from <0,212259> to <0,212281>
20230730-160739-8371 02946 * SendMessageInternal (udptransport.cc:442): Sending large replication.vr.proto.StateTransferMessage message in 2 fragments
20230730-160739-8372 02946 * HandleRequestStateTransfer (replica.cc:727):   [2] Sending state transfer from <0,212260> to <0,212282>
20230730-160739-8373 02946 * SendMessageInternal (udptransport.cc:442): Sending large replication.vr.proto.StateTransferMessage message in 2 fragments
20230730-160739-8374 02946 * HandleRequestStateTransfer (replica.cc:727):   [2] Sending state transfer from <0,212262> to <0,212284>
20230730-160739-8374 02946 * SendMessageInternal (udptransport.cc:442): Sending large replication.vr.proto.StateTransferMessage message in 2 fragments
20230730-160739-8375 02946 * HandleRequestStateTransfer (replica.cc:727):   [2] Sending state transfer from <0,212263> to <0,212284>
20230730-160739-8376 02946 * SendMessageInternal (udptransport.cc:442): Sending large replication.vr.proto.StateTransferMessage message in 2 fragments
20230730-160739-8377 02946 * HandleRequestStateTransfer (replica.cc:727):   [2] Sending state transfer from <0,212264> to <0,212286>
20230730-160739-8377 02946 * SendMessageInternal (udptransport.cc:442): Sending large replication.vr.proto.StateTransferMessage message in 2 fragments
20230730-160739-8378 02946 * HandleRequestStateTransfer (replica.cc:727):   [2] Sending state transfer from <0,212265> to <0,212286>
20230730-160739-8379 02946 * SendMessageInternal (udptransport.cc:442): Sending large replication.vr.proto.StateTransferMessage message in 2 fragments
20230730-160739-8380 02946 * HandleRequestStateTransfer (replica.cc:727):   [2] Sending state transfer from <0,212266> to <0,212287>
20230730-160739-8380 02946 * SendMessageInternal (udptransport.cc:442): Sending large replication.vr.proto.StateTransferMessage message in 2 fragments
20230730-160739-8383 02946 * HandleRequestStateTransfer (replica.cc:727):   [2] Sending state transfer from <0,212284> to <0,212296>
20230730-160739-8383 02946 * SendMessageInternal (udptransport.cc:442): Sending large replication.vr.proto.StateTransferMessage message in 2 fragments
20230730-160739-8385 02946 * HandleRequestStateTransfer (replica.cc:727):   [2] Sending state transfer from <0,212286> to <0,212299>
20230730-160739-8388 02946 * HandleRequestStateTransfer (replica.cc:727):   [2] Sending state transfer from <0,212290> to <0,212300>
20230730-160739-8392 02946 * HandleRequestStateTransfer (replica.cc:727):   [2] Sending state transfer from <0,212294> to <0,212301>
20230730-160739-8394 02946 * HandleRequestStateTransfer (replica.cc:727):   [2] Sending state transfer from <0,212296> to <0,212301>
20230730-160740-2570 02946 * HandleRequestStateTransfer (replica.cc:727):   [2] Sending state transfer from <0,215665> to <0,215696>
20230730-160740-2570 02946 * SendMessageInternal (udptransport.cc:442): Sending large replication.vr.proto.StateTransferMessage message in 3 fragments
20230730-160740-4410 02946 ! releaseForWrite (lockserver.cc:353): [-8734498370990841583] Releasing unheld write lock: M6d17OxXTa8mSjXWdjvenEMBlVsnPkTbNVF603eQ4Cqu3PaCBuWJFyX4veTSHBO9
20230730-160740-4410 02946 ! releaseForRead  (lockserver.cc:293): [-8734498370990841583] Releasing unheld read lock: z8R84rqCqYDP6IsAu4hsr65WfC11v7so3qadpxWIHlHsY5grxJR9oCgssVApS3vh
20230730-160740-4410 02946 ! releaseForRead  (lockserver.cc:293): [-8734498370990841583] Releasing unheld read lock: M6d17OxXTa8mSjXWdjvenEMBlVsnPkTbNVF603eQ4Cqu3PaCBuWJFyX4veTSHBO9
20230730-160741-2270 02946 * RequestStateTransfer (replica.cc:212):   [2] Requesting state transfer: <0,224414>
20230730-160741-2271 02946 * RequestStateTransfer (replica.cc:212):   [2] Requesting state transfer: <0,224415>
20230730-160741-2271 02946 * RequestStateTransfer (replica.cc:212):   [2] Requesting state transfer: <0,224416>
20230730-160741-2272 02946 * RequestStateTransfer (replica.cc:212):   [2] Requesting state transfer: <0,224417>
20230730-160741-2273 02946 * RequestStateTransfer (replica.cc:212):   [2] Requesting state transfer: <0,224418>
20230730-160741-2276 02946 * RequestStateTransfer (replica.cc:212):   [2] Requesting state transfer: <0,224421>
20230730-160741-2278 02946 * RequestStateTransfer (replica.cc:212):   [2] Requesting state transfer: <0,224424>
20230730-160741-2280 02946 * RequestStateTransfer (replica.cc:212):   [2] Requesting state transfer: <0,224425>
20230730-160741-2282 02946 * RequestStateTransfer (replica.cc:212):   [2] Requesting state transfer: <0,224426>
20230730-160741-2283 02946 * RequestStateTransfer (replica.cc:212):   [2] Requesting state transfer: <0,224428>
20230730-160741-2285 02946 * RequestStateTransfer (replica.cc:212):   [2] Requesting state transfer: <0,224430>
20230730-160741-2288 02946 * RequestStateTransfer (replica.cc:212):   [2] Requesting state transfer: <0,224432>
20230730-160741-2298 02946 ! OnReadable      (udptransport.cc:573): Fragments out of order for packet f3; expected start 0, got 9000
20230730-160741-2301 02946 ! OnReadable      (udptransport.cc:565): Failed to reconstruct packet f3
20230730-160741-2309 02946 ! OnReadable      (udptransport.cc:573): Fragments out of order for packet f7; expected start 0, got 9000
20230730-160741-2311 02946 ! OnReadable      (udptransport.cc:565): Failed to reconstruct packet f7
20230730-160741-3573 02946 * RequestStateTransfer (replica.cc:212):   [2] Requesting state transfer: <0,225574>
20230730-160741-3574 02946 * RequestStateTransfer (replica.cc:212):   [2] Requesting state transfer: <0,225575>
20230730-160741-3575 02946 * RequestStateTransfer (replica.cc:212):   [2] Requesting state transfer: <0,225576>
20230730-160741-3576 02946 * RequestStateTransfer (replica.cc:212):   [2] Requesting state transfer: <0,225577>
20230730-160741-3577 02946 * RequestStateTransfer (replica.cc:212):   [2] Requesting state transfer: <0,225578>
20230730-160741-3578 02946 * RequestStateTransfer (replica.cc:212):   [2] Requesting state transfer: <0,225581>
20230730-160741-3579 02946 * RequestStateTransfer (replica.cc:212):   [2] Requesting state transfer: <0,225582>
20230730-160741-3584 02946 * RequestStateTransfer (replica.cc:212):   [2] Requesting state transfer: <0,225594>
20230730-160741-3586 02946 * RequestStateTransfer (replica.cc:212):   [2] Requesting state transfer: <0,225595>
20230730-160741-3589 02946 * RequestStateTransfer (replica.cc:212):   [2] Requesting state transfer: <0,225598>
20230730-160741-3591 02946 * RequestStateTransfer (replica.cc:212):   [2] Requesting state transfer: <0,225599>
20230730-160741-3592 02946 * RequestStateTransfer (replica.cc:212):   [2] Requesting state transfer: <0,225600>
20230730-160741-3592 02946 ! OnReadable      (udptransport.cc:573): Fragments out of order for packet fa; expected start 0, got 9000
20230730-160741-3594 02946 ! OnReadable      (udptransport.cc:565): Failed to reconstruct packet fa
20230730-160742-4020 02946 * RequestStateTransfer (replica.cc:212):   [2] Requesting state transfer: <0,235193>
20230730-160742-4021 02946 * RequestStateTransfer (replica.cc:212):   [2] Requesting state transfer: <0,235194>
20230730-160742-5250 02946 * RequestStateTransfer (replica.cc:212):   [2] Requesting state transfer: <0,236327>
20230730-160742-5251 02946 * RequestStateTransfer (replica.cc:212):   [2] Requesting state transfer: <0,236328>
20230730-160742-5252 02946 * RequestStateTransfer (replica.cc:212):   [2] Requesting state transfer: <0,236329>
20230730-160745-0383 02946 ! releaseForWrite (lockserver.cc:353): [-5651520043211041569] Releasing unheld write lock: cFOgNeFyvFkrOXXlekCZT2Jqv0lKZe1IAJUl639EJFlvdoKd3euIjztzWntaOSmv
20230730-160745-0384 02946 ! releaseForWrite (lockserver.cc:353): [-5651520043211041569] Releasing unheld write lock: M6d17OxXTa8mSjXWdjvenEMBlVsnPkTbNVF603eQ4Cqu3PaCBuWJFyX4veTSHBO9
20230730-160745-0384 02946 ! releaseForRead  (lockserver.cc:293): [-5651520043211041569] Releasing unheld read lock: M6d17OxXTa8mSjXWdjvenEMBlVsnPkTbNVF603eQ4Cqu3PaCBuWJFyX4veTSHBO9
20230730-160745-0384 02946 ! releaseForRead  (lockserver.cc:293): [-5651520043211041569] Releasing unheld read lock: NPZui0Mii1HO2pNbBxAyHJcQ8TGFLqaQ0ZkuFv3aHHw9vf6K27Ux5StWcI2SaDuG
20230730-160745-8570 02946 * RequestStateTransfer (replica.cc:212):   [2] Requesting state transfer: <0,262144>
20230730-160745-8823 02946 ! releaseForWrite (lockserver.cc:353): [-4762859985997531522] Releasing unheld write lock: M6d17OxXTa8mSjXWdjvenEMBlVsnPkTbNVF603eQ4Cqu3PaCBuWJFyX4veTSHBO9
20230730-160745-8823 02946 ! releaseForWrite (lockserver.cc:353): [-4762859985997531522] Releasing unheld write lock: dlodEjIK8KbTx0GroXRS65Gv4Z4isExyBqSMZlwIs7uukRTdVGQdXmcnO5CEGOL3
20230730-160745-8855 02946 * RequestStateTransfer (replica.cc:212):   [2] Requesting state transfer: <0,262260>
20230730-160745-8869 02946 * RequestStateTransfer (replica.cc:212):   [2] Requesting state transfer: <0,262368>
20230730-160745-8871 02946 * RequestStateTransfer (replica.cc:212):   [2] Requesting state transfer: <0,262377>
20230730-160745-8873 02946 * RequestStateTransfer (replica.cc:212):   [2] Requesting state transfer: <0,262379>
20230730-160745-8894 02946 ! OnReadable      (udptransport.cc:573): Fragments out of order for packet 10a; expected start 0, got 9000
20230730-160745-8895 02946 ! OnReadable      (udptransport.cc:565): Failed to reconstruct packet 10a
20230730-160745-8895 02946 ! OnReadable      (udptransport.cc:573): Fragments out of order for packet 10b; expected start 0, got 9000
20230730-160745-8897 02946 ! OnReadable      (udptransport.cc:565): Failed to reconstruct packet 10b
20230730-160746-0356 02946 * HandleRequestStateTransfer (replica.cc:727):   [2] Sending state transfer from <0,263500> to <0,263501>
20230730-160746-0358 02946 * HandleRequestStateTransfer (replica.cc:727):   [2] Sending state transfer from <0,263503> to <0,263503>
20230730-160746-0362 02946 * HandleRequestStateTransfer (replica.cc:727):   [2] Sending state transfer from <0,263506> to <0,263508>
20230730-160746-1697 02946 ! releaseForRead  (lockserver.cc:293): [-8377634216441771503] Releasing unheld read lock: 27Mv2Lh3i4qGJEGCxfFkUj6qNVBLnHXnXxcooUOWvbZjYrP2IRrK8RiP0HGkBjxE
20230730-160746-3409 02946 ! releaseForWrite (lockserver.cc:353): [-7146253312367541572] Releasing unheld write lock: B9v0XytXZTGFy3YAtYAeAeEXUU6g6ry4FpZ8kFdU8pS0M9qjAjADKRbLd1zo1fZX
20230730-160746-3409 02946 ! releaseForRead  (lockserver.cc:293): [-7146253312367541572] Releasing unheld read lock: M6d17OxXTa8mSjXWdjvenEMBlVsnPkTbNVF603eQ4Cqu3PaCBuWJFyX4veTSHBO9
20230730-160746-4501 02946 ! releaseForWrite (lockserver.cc:353): [9193408260215150049] Releasing unheld write lock: NPZui0Mii1HO2pNbBxAyHJcQ8TGFLqaQ0ZkuFv3aHHw9vf6K27Ux5StWcI2SaDuG
20230730-160746-7541 02946 ! releaseForRead  (lockserver.cc:293): [224469101263480038] Releasing unheld read lock: cdmxtvff7Hmn3t53ssTDGzdwxXzvH8WwKHNEppnHOGzW7vVry22aYflAYi9DgRm9
20230730-160746-8680 02946 ! releaseForRead  (lockserver.cc:293): [-4710972069399911572] Releasing unheld read lock: gfFkOwaSkmnAFdluv2qlbWWVojyobntSyFgfsjgqYbXlVwvKjBgMggvb8jmgfeta
20230730-160746-8681 02946 ! releaseForRead  (lockserver.cc:293): [-4710972069399911572] Releasing unheld read lock: NPZui0Mii1HO2pNbBxAyHJcQ8TGFLqaQ0ZkuFv3aHHw9vf6K27Ux5StWcI2SaDuG
20230730-160746-8691 02946 ! releaseForWrite (lockserver.cc:353): [7639035759530020042] Releasing unheld write lock: M6d17OxXTa8mSjXWdjvenEMBlVsnPkTbNVF603eQ4Cqu3PaCBuWJFyX4veTSHBO9
20230730-160746-8691 02946 ! releaseForWrite (lockserver.cc:353): [7639035759530020042] Releasing unheld write lock: xr6yCf6zzmRiCytWZIJDSJP56lZ2PV5vVAJiJKUwWRkYlYc8uvmJDb0vXAKtuvpo
20230730-160746-8691 02946 ! releaseForRead  (lockserver.cc:293): [7639035759530020042] Releasing unheld read lock: HWlqFUSaAoxsNamokFKEzM0WSaBHWu3bPo4DLwzDQB8ocBPJUm58cnBnbKvZ0wWJ
20230730-160746-8697 02946 ! releaseForRead  (lockserver.cc:293): [8821369102548150052] Releasing unheld read lock: hBpe89WjZ61muz1rZR9rZ1JAW1azG6KZEO5nTlz8zrFVeLCVHXtmJrBPDZeeTa9t
20230730-160746-8697 02946 ! releaseForRead  (lockserver.cc:293): [8821369102548150052] Releasing unheld read lock: M6d17OxXTa8mSjXWdjvenEMBlVsnPkTbNVF603eQ4Cqu3PaCBuWJFyX4veTSHBO9
20230730-160747-0427 02946 ! releaseForRead  (lockserver.cc:293): [166984614959870046] Releasing unheld read lock: M6d17OxXTa8mSjXWdjvenEMBlVsnPkTbNVF603eQ4Cqu3PaCBuWJFyX4veTSHBO9
20230730-160747-1734 02946 * HandleRequestStateTransfer (replica.cc:727):   [2] Sending state transfer from <0,273474> to <0,273505>
20230730-160747-1736 02946 * SendMessageInternal (udptransport.cc:442): Sending large replication.vr.proto.StateTransferMessage message in 2 fragments
20230730-160747-1737 02946 * HandleRequestStateTransfer (replica.cc:727):   [2] Sending state transfer from <0,273475> to <0,273505>
20230730-160747-1737 02946 * SendMessageInternal (udptransport.cc:442): Sending large replication.vr.proto.StateTransferMessage message in 2 fragments
20230730-160747-1746 02946 * HandleRequestStateTransfer (replica.cc:727):   [2] Sending state transfer from <0,273505> to <0,273512>
20230730-160747-1748 02946 * HandleRequestStateTransfer (replica.cc:727):   [2] Sending state transfer from <0,273507> to <0,273512>
20230730-160747-1750 02946 * HandleRequestStateTransfer (replica.cc:727):   [2] Sending state transfer from <0,273510> to <0,273513>
20230730-160747-1751 02946 * SendMessageInternal (udptransport.cc:442): Sending large replication.vr.proto.StateTransferMessage message in 2 fragments
20230730-160747-1752 02946 * HandleRequestStateTransfer (replica.cc:727):   [2] Sending state transfer from <0,273512> to <0,273513>
20230730-160747-1752 02946 * SendMessageInternal (udptransport.cc:442): Sending large replication.vr.proto.StateTransferMessage message in 2 fragments
20230730-160747-1757 02946 * HandleRequestStateTransfer (replica.cc:727):   [2] Sending state transfer from <0,273513> to <0,273518>
20230730-160747-1757 02946 * SendMessageInternal (udptransport.cc:442): Sending large replication.vr.proto.StateTransferMessage message in 2 fragments
20230730-160747-1759 02946 * HandleRequestStateTransfer (replica.cc:727):   [2] Sending state transfer from <0,273515> to <0,273519>
20230730-160747-1760 02946 * SendMessageInternal (udptransport.cc:442): Sending large replication.vr.proto.StateTransferMessage message in 2 fragments
20230730-160747-1760 02946 * HandleRequestStateTransfer (replica.cc:727):   [2] Sending state transfer from <0,273516> to <0,273519>
20230730-160747-7274 02946 * RequestStateTransfer (replica.cc:212):   [2] Requesting state transfer: <0,277405>
20230730-160747-7275 02946 * HandleRequestStateTransfer (replica.cc:727):   [2] Sending state transfer from <0,277405> to <0,277406>
20230730-160747-7277 02946 * RequestStateTransfer (replica.cc:212):   [2] Requesting state transfer: <0,277406>
20230730-160747-7278 02946 * RequestStateTransfer (replica.cc:212):   [2] Requesting state transfer: <0,277407>
20230730-160747-7279 02946 * HandleRequestStateTransfer (replica.cc:727):   [2] Sending state transfer from <0,277406> to <0,277408>
20230730-160747-7280 02946 * RequestStateTransfer (replica.cc:212):   [2] Requesting state transfer: <0,277408>
20230730-160747-7280 02946 * HandleRequestStateTransfer (replica.cc:727):   [2] Sending state transfer from <0,277407> to <0,277408>
20230730-160747-7282 02946 * HandleRequestStateTransfer (replica.cc:727):   [2] Sending state transfer from <0,277408> to <0,277408>
20230730-160747-8664 02946 * RequestStateTransfer (replica.cc:212):   [2] Requesting state transfer: <0,278886>
20230730-160747-8666 02946 * RequestStateTransfer (replica.cc:212):   [2] Requesting state transfer: <0,278887>
20230730-160747-8667 02946 * RequestStateTransfer (replica.cc:212):   [2] Requesting state transfer: <0,278888>
20230730-160747-8668 02946 * RequestStateTransfer (replica.cc:212):   [2] Requesting state transfer: <0,278889>
20230730-160747-8668 02946 * RequestStateTransfer (replica.cc:212):   [2] Requesting state transfer: <0,278890>
20230730-160747-8671 02946 * RequestStateTransfer (replica.cc:212):   [2] Requesting state transfer: <0,278891>
20230730-160747-8673 02946 ! OnReadable      (udptransport.cc:573): Fragments out of order for packet 1f; expected start 0, got 9000
20230730-160747-8674 02946 * RequestStateTransfer (replica.cc:212):   [2] Requesting state transfer: <0,278897>
20230730-160747-8676 02946 * RequestStateTransfer (replica.cc:212):   [2] Requesting state transfer: <0,278899>
20230730-160747-8676 02946 ! OnReadable      (udptransport.cc:565): Failed to reconstruct packet 1f
20230730-160747-8678 02946 * RequestStateTransfer (replica.cc:212):   [2] Requesting state transfer: <0,278902>
20230730-160747-8679 02946 * RequestStateTransfer (replica.cc:212):   [2] Requesting state transfer: <0,278904>
20230730-160747-8683 02946 ! OnReadable      (udptransport.cc:573): Fragments out of order for packet 118; expected start 0, got 9000
20230730-160747-8685 02946 ! OnReadable      (udptransport.cc:565): Failed to reconstruct packet 118
20230730-160747-8741 02946 * RequestStateTransfer (replica.cc:212):   [2] Requesting state transfer: <0,278984>
20230730-160747-8742 02946 * RequestStateTransfer (replica.cc:212):   [2] Requesting state transfer: <0,278985>
20230730-160747-8745 02946 * RequestStateTransfer (replica.cc:212):   [2] Requesting state transfer: <0,278988>
20230730-160747-8746 02946 * RequestStateTransfer (replica.cc:212):   [2] Requesting state transfer: <0,278989>
20230730-160747-8749 02946 * RequestStateTransfer (replica.cc:212):   [2] Requesting state transfer: <0,278990>
20230730-160747-8750 02946 * RequestStateTransfer (replica.cc:212):   [2] Requesting state transfer: <0,278991>
20230730-160747-8751 02946 * RequestStateTransfer (replica.cc:212):   [2] Requesting state transfer: <0,278992>
20230730-160747-9080 02946 * RequestStateTransfer (replica.cc:212):   [2] Requesting state transfer: <0,279452>
20230730-160747-9082 02946 * RequestStateTransfer (replica.cc:212):   [2] Requesting state transfer: <0,279453>
20230730-160747-9085 02946 * RequestStateTransfer (replica.cc:212):   [2] Requesting state transfer: <0,279454>
20230730-160747-9086 02946 * RequestStateTransfer (replica.cc:212):   [2] Requesting state transfer: <0,279455>
20230730-160747-9089 02946 * RequestStateTransfer (replica.cc:212):   [2] Requesting state transfer: <0,279456>
20230730-160747-9090 02946 * RequestStateTransfer (replica.cc:212):   [2] Requesting state transfer: <0,279459>
20230730-160747-9093 02946 ! OnReadable      (udptransport.cc:573): Fragments out of order for packet 128; expected start 0, got 9000
20230730-160747-9093 02946 * RequestStateTransfer (replica.cc:212):   [2] Requesting state transfer: <0,279461>
20230730-160747-9094 02946 ! OnReadable      (udptransport.cc:565): Failed to reconstruct packet 128
20230730-160747-9265 02946 * RequestStateTransfer (replica.cc:212):   [2] Requesting state transfer: <0,279669>
20230730-160747-9266 02946 * HandleRequestStateTransfer (replica.cc:727):   [2] Sending state transfer from <0,279669> to <0,279669>
20230730-160747-9267 02946 * RequestStateTransfer (replica.cc:212):   [2] Requesting state transfer: <0,279670>
20230730-160747-9269 02946 * HandleRequestStateTransfer (replica.cc:727):   [2] Sending state transfer from <0,279670> to <0,279673>
20230730-160747-9269 02946 * RequestStateTransfer (replica.cc:212):   [2] Requesting state transfer: <0,279673>
20230730-160747-9270 02946 * RequestStateTransfer (replica.cc:212):   [2] Requesting state transfer: <0,279675>
20230730-160747-9272 02946 * HandleRequestStateTransfer (replica.cc:727):   [2] Sending state transfer from <0,279673> to <0,279676>
20230730-160747-9272 02946 * RequestStateTransfer (replica.cc:212):   [2] Requesting state transfer: <0,279677>
20230730-160747-9273 02946 * HandleRequestStateTransfer (replica.cc:727):   [2] Sending state transfer from <0,279675> to <0,279679>
20230730-160747-9274 02946 * RequestStateTransfer (replica.cc:212):   [2] Requesting state transfer: <0,279679>
20230730-160747-9276 02946 * RequestStateTransfer (replica.cc:212):   [2] Requesting state transfer: <0,279683>
20230730-160747-9277 02946 * HandleRequestStateTransfer (replica.cc:727):   [2] Sending state transfer from <0,279677> to <0,279683>
20230730-160747-9278 02946 * RequestStateTransfer (replica.cc:212):   [2] Requesting state transfer: <0,279687>
20230730-160747-9279 02946 * HandleRequestStateTransfer (replica.cc:727):   [2] Sending state transfer from <0,279679> to <0,279687>
20230730-160747-9283 02946 * HandleRequestStateTransfer (replica.cc:727):   [2] Sending state transfer from <0,279683> to <0,279688>
20230730-160747-9285 02946 * HandleRequestStateTransfer (replica.cc:727):   [2] Sending state transfer from <0,279687> to <0,279688>
20230730-160747-9325 02946 * HandleRequestStateTransfer (replica.cc:727):   [2] Sending state transfer from <0,279723> to <0,279723>
20230730-160747-9328 02946 * HandleRequestStateTransfer (replica.cc:727):   [2] Sending state transfer from <0,279724> to <0,279724>
20230730-160747-9332 02946 * HandleRequestStateTransfer (replica.cc:727):   [2] Sending state transfer from <0,279725> to <0,279726>
20230730-160747-9332 02946 * SendMessageInternal (udptransport.cc:442): Sending large replication.vr.proto.StateTransferMessage message in 2 fragments
20230730-160747-9334 02946 * HandleRequestStateTransfer (replica.cc:727):   [2] Sending state transfer from <0,279728> to <0,279729>
20230730-160747-9334 02946 * SendMessageInternal (udptransport.cc:442): Sending large replication.vr.proto.StateTransferMessage message in 2 fragments
20230730-160748-0220 02946 * RequestStateTransfer (replica.cc:212):   [2] Requesting state transfer: <0,280692>
20230730-160748-0221 02946 * RequestStateTransfer (replica.cc:212):   [2] Requesting state transfer: <0,280693>
20230730-160748-0222 02946 * RequestStateTransfer (replica.cc:212):   [2] Requesting state transfer: <0,280694>
20230730-160748-0225 02946 * RequestStateTransfer (replica.cc:212):   [2] Requesting state transfer: <0,280695>
20230730-160748-0240 02946 ! OnReadable      (udptransport.cc:573): Fragments out of order for packet 143; expected start 0, got 9000
20230730-160748-0240 02946 ! OnReadable      (udptransport.cc:565): Failed to reconstruct packet 143
20230730-160748-1186 02946 * RequestStateTransfer (replica.cc:212):   [2] Requesting state transfer: <0,281693>
20230730-160748-1187 02946 * RequestStateTransfer (replica.cc:212):   [2] Requesting state transfer: <0,281694>
20230730-160748-1188 02946 * RequestStateTransfer (replica.cc:212):   [2] Requesting state transfer: <0,281695>
20230730-160748-1191 02946 * RequestStateTransfer (replica.cc:212):   [2] Requesting state transfer: <0,281698>
20230730-160748-1194 02946 * RequestStateTransfer (replica.cc:212):   [2] Requesting state transfer: <0,281702>
20230730-160748-1532 02946 * RequestStateTransfer (replica.cc:212):   [2] Requesting state transfer: <0,282053>
20230730-160748-1533 02946 * HandleRequestStateTransfer (replica.cc:727):   [2] Sending state transfer from <0,282053> to <0,282053>
20230730-160748-1536 02946 * RequestStateTransfer (replica.cc:212):   [2] Requesting state transfer: <0,282055>
20230730-160748-1536 02946 * HandleRequestStateTransfer (replica.cc:727):   [2] Sending state transfer from <0,282055> to <0,282055>
20230730-160748-1537 02946 * RequestStateTransfer (replica.cc:212):   [2] Requesting state transfer: <0,282056>
20230730-160748-1538 02946 * HandleRequestStateTransfer (replica.cc:727):   [2] Sending state transfer from <0,282056> to <0,282057>
20230730-160748-1539 02946 * RequestStateTransfer (replica.cc:212):   [2] Requesting state transfer: <0,282058>
20230730-160748-1540 02946 * HandleRequestStateTransfer (replica.cc:727):   [2] Sending state transfer from <0,282058> to <0,282059>
20230730-160748-1541 02946 * RequestStateTransfer (replica.cc:212):   [2] Requesting state transfer: <0,282059>
20230730-160748-1542 02946 * HandleRequestStateTransfer (replica.cc:727):   [2] Sending state transfer from <0,282059> to <0,282061>
20230730-160748-1543 02946 * RequestStateTransfer (replica.cc:212):   [2] Requesting state transfer: <0,282061>
20230730-160748-1544 02946 * RequestStateTransfer (replica.cc:212):   [2] Requesting state transfer: <0,282062>
20230730-160748-1545 02946 * HandleRequestStateTransfer (replica.cc:727):   [2] Sending state transfer from <0,282061> to <0,282063>
20230730-160748-1546 02946 * RequestStateTransfer (replica.cc:212):   [2] Requesting state transfer: <0,282063>
20230730-160748-1547 02946 * HandleRequestStateTransfer (replica.cc:727):   [2] Sending state transfer from <0,282062> to <0,282063>
20230730-160748-1547 02946 * HandleRequestStateTransfer (replica.cc:727):   [2] Sending state transfer from <0,282063> to <0,282065>
20230730-160748-1548 02946 * RequestStateTransfer (replica.cc:212):   [2] Requesting state transfer: <0,282065>
20230730-160748-1549 02946 * RequestStateTransfer (replica.cc:212):   [2] Requesting state transfer: <0,282066>
20230730-160748-1550 02946 * HandleRequestStateTransfer (replica.cc:727):   [2] Sending state transfer from <0,282065> to <0,282066>
20230730-160748-1551 02946 * HandleRequestStateTransfer (replica.cc:727):   [2] Sending state transfer from <0,282066> to <0,282066>
20230730-160748-8276 02946 * RequestStateTransfer (replica.cc:212):   [2] Requesting state transfer: <0,288197>
20230730-160749-0607 02946 * RequestStateTransfer (replica.cc:212):   [2] Requesting state transfer: <0,288198>
20230730-160749-0608 02946 * RequestStateTransfer (replica.cc:212):   [2] Requesting state transfer: <0,288199>
20230730-160749-0610 02946 * RequestStateTransfer (replica.cc:212):   [2] Requesting state transfer: <0,288204>
20230730-160749-0611 02946 * RequestStateTransfer (replica.cc:212):   [2] Requesting state transfer: <0,288205>
20230730-160749-0613 02946 * RequestStateTransfer (replica.cc:212):   [2] Requesting state transfer: <0,288207>
20230730-160749-0614 02946 * RequestStateTransfer (replica.cc:212):   [2] Requesting state transfer: <0,288208>
20230730-160749-0615 02946 * RequestStateTransfer (replica.cc:212):   [2] Requesting state transfer: <0,288209>
20230730-160749-0616 02946 * RequestStateTransfer (replica.cc:212):   [2] Requesting state transfer: <0,288210>
20230730-160749-0617 02946 * RequestStateTransfer (replica.cc:212):   [2] Requesting state transfer: <0,288211>
20230730-160749-0618 02946 * RequestStateTransfer (replica.cc:212):   [2] Requesting state transfer: <0,288212>
20230730-160749-0654 02946 ! OnReadable      (udptransport.cc:565): Failed to reconstruct packet 2a
20230730-160749-0655 02946 ! OnReadable      (udptransport.cc:565): Failed to reconstruct packet 2b
20230730-160749-0663 02946 ! OnReadable      (udptransport.cc:565): Failed to reconstruct packet 2c
20230730-160749-0982 02946 ! OnReadable      (udptransport.cc:573): Fragments out of order for packet 165; expected start 153000, got 162000
20230730-160749-0990 02946 * RequestStateTransfer (replica.cc:212):   [2] Requesting state transfer: <0,288772>
20230730-160749-0992 02946 * RequestStateTransfer (replica.cc:212):   [2] Requesting state transfer: <0,288774>
20230730-160749-1038 02946 * RequestStateTransfer (replica.cc:212):   [2] Requesting state transfer: <0,288798>
20230730-160749-1041 02946 * RequestStateTransfer (replica.cc:212):   [2] Requesting state transfer: <0,288799>
20230730-160749-1042 02946 * RequestStateTransfer (replica.cc:212):   [2] Requesting state transfer: <0,288800>
20230730-160749-1450 02946 * RequestStateTransfer (replica.cc:212):   [2] Requesting state transfer: <0,289133>
20230730-160749-1452 02946 * RequestStateTransfer (replica.cc:212):   [2] Requesting state transfer: <0,289134>
20230730-160749-1454 02946 * RequestStateTransfer (replica.cc:212):   [2] Requesting state transfer: <0,289136>
20230730-160749-1471 02946 ! OnReadable      (udptransport.cc:565): Failed to reconstruct packet 165
20230730-160749-6473 02946 * HandleRequestStateTransfer (replica.cc:727):   [2] Sending state transfer from <0,293844> to <0,293845>
20230730-160749-6475 02946 * HandleRequestStateTransfer (replica.cc:727):   [2] Sending state transfer from <0,293845> to <0,293846>
20230730-160749-6476 02946 * HandleRequestStateTransfer (replica.cc:727):   [2] Sending state transfer from <0,293846> to <0,293848>
20230730-160749-6478 02946 * HandleRequestStateTransfer (replica.cc:727):   [2] Sending state transfer from <0,293848> to <0,293850>
20230730-160749-6480 02946 * HandleRequestStateTransfer (replica.cc:727):   [2] Sending state transfer from <0,293850> to <0,293853>
20230730-160749-6481 02946 * HandleRequestStateTransfer (replica.cc:727):   [2] Sending state transfer from <0,293851> to <0,293855>
20230730-160749-6484 02946 * HandleRequestStateTransfer (replica.cc:727):   [2] Sending state transfer from <0,293852> to <0,293855>
20230730-160750-0074 02946 * RequestStateTransfer (replica.cc:212):   [2] Requesting state transfer: <0,297018>
20230730-160750-0076 02946 * RequestStateTransfer (replica.cc:212):   [2] Requesting state transfer: <0,297020>
20230730-160750-0078 02946 * RequestStateTransfer (replica.cc:212):   [2] Requesting state transfer: <0,297021>
20230730-160750-0080 02946 * RequestStateTransfer (replica.cc:212):   [2] Requesting state transfer: <0,297022>
20230730-160750-0083 02946 * RequestStateTransfer (replica.cc:212):   [2] Requesting state transfer: <0,297023>
20230730-160750-0084 02946 * RequestStateTransfer (replica.cc:212):   [2] Requesting state transfer: <0,297024>
20230730-160750-0088 02946 * RequestStateTransfer (replica.cc:212):   [2] Requesting state transfer: <0,297026>
20230730-160750-0089 02946 * RequestStateTransfer (replica.cc:212):   [2] Requesting state transfer: <0,297027>
20230730-160751-1933 02946 * RequestStateTransfer (replica.cc:212):   [2] Requesting state transfer: <0,307105>
20230730-160751-1935 02946 * RequestStateTransfer (replica.cc:212):   [2] Requesting state transfer: <0,307106>
20230730-160751-1939 02946 * RequestStateTransfer (replica.cc:212):   [2] Requesting state transfer: <0,307107>
20230730-160751-1940 02946 * RequestStateTransfer (replica.cc:212):   [2] Requesting state transfer: <0,307110>
20230730-160751-1942 02946 * RequestStateTransfer (replica.cc:212):   [2] Requesting state transfer: <0,307111>
20230730-160751-1944 02946 * RequestStateTransfer (replica.cc:212):   [2] Requesting state transfer: <0,307113>
20230730-160752-3837 02946 * RequestStateTransfer (replica.cc:212):   [2] Requesting state transfer: <0,317834>
20230730-160752-3838 02946 * RequestStateTransfer (replica.cc:212):   [2] Requesting state transfer: <0,317835>
20230730-160752-3839 02946 * RequestStateTransfer (replica.cc:212):   [2] Requesting state transfer: <0,317836>
20230730-160752-3840 02946 * RequestStateTransfer (replica.cc:212):   [2] Requesting state transfer: <0,317837>
20230730-160752-3841 02946 * RequestStateTransfer (replica.cc:212):   [2] Requesting state transfer: <0,317839>
20230730-160752-3842 02946 * RequestStateTransfer (replica.cc:212):   [2] Requesting state transfer: <0,317841>
20230730-160752-3844 02946 * RequestStateTransfer (replica.cc:212):   [2] Requesting state transfer: <0,317842>
20230730-160752-3845 02946 * RequestStateTransfer (replica.cc:212):   [2] Requesting state transfer: <0,317844>
20230730-160752-3846 02946 * RequestStateTransfer (replica.cc:212):   [2] Requesting state transfer: <0,317845>
20230730-160752-3847 02946 * RequestStateTransfer (replica.cc:212):   [2] Requesting state transfer: <0,317846>
20230730-160752-3848 02946 * RequestStateTransfer (replica.cc:212):   [2] Requesting state transfer: <0,317847>
20230730-160754-4117 02946 * RequestStateTransfer (replica.cc:212):   [2] Requesting state transfer: <0,335709>
20230730-160754-4119 02946 * RequestStateTransfer (replica.cc:212):   [2] Requesting state transfer: <0,335712>
20230730-160754-4120 02946 * RequestStateTransfer (replica.cc:212):   [2] Requesting state transfer: <0,335713>
20230730-160754-4121 02946 * RequestStateTransfer (replica.cc:212):   [2] Requesting state transfer: <0,335714>
20230730-160754-4123 02946 * RequestStateTransfer (replica.cc:212):   [2] Requesting state transfer: <0,335715>
20230730-160754-4124 02946 * RequestStateTransfer (replica.cc:212):   [2] Requesting state transfer: <0,335716>
20230730-160754-4183 02946 * RequestStateTransfer (replica.cc:212):   [2] Requesting state transfer: <0,335770>
20230730-160754-4185 02946 * RequestStateTransfer (replica.cc:212):   [2] Requesting state transfer: <0,335771>
20230730-160754-4186 02946 * HandleRequestStateTransfer (replica.cc:727):   [2] Sending state transfer from <0,335770> to <0,335771>
20230730-160754-4187 02946 * RequestStateTransfer (replica.cc:212):   [2] Requesting state transfer: <0,335773>
20230730-160754-4188 02946 * HandleRequestStateTransfer (replica.cc:727):   [2] Sending state transfer from <0,335771> to <0,335774>
20230730-160754-4190 02946 * RequestStateTransfer (replica.cc:212):   [2] Requesting state transfer: <0,335776>
20230730-160754-4191 02946 * HandleRequestStateTransfer (replica.cc:727):   [2] Sending state transfer from <0,335773> to <0,335776>
20230730-160754-4193 02946 * RequestStateTransfer (replica.cc:212):   [2] Requesting state transfer: <0,335779>
20230730-160754-4195 02946 * HandleRequestStateTransfer (replica.cc:727):   [2] Sending state transfer from <0,335776> to <0,335781>
20230730-160754-4196 02946 * RequestStateTransfer (replica.cc:212):   [2] Requesting state transfer: <0,335781>
20230730-160754-4197 02946 * RequestStateTransfer (replica.cc:212):   [2] Requesting state transfer: <0,335782>
20230730-160754-4198 02946 * RequestStateTransfer (replica.cc:212):   [2] Requesting state transfer: <0,335783>
20230730-160754-4199 02946 * HandleRequestStateTransfer (replica.cc:727):   [2] Sending state transfer from <0,335779> to <0,335784>
20230730-160754-4200 02946 * RequestStateTransfer (replica.cc:212):   [2] Requesting state transfer: <0,335785>
20230730-160754-4201 02946 * HandleRequestStateTransfer (replica.cc:727):   [2] Sending state transfer from <0,335781> to <0,335785>
20230730-160754-4203 02946 * HandleRequestStateTransfer (replica.cc:727):   [2] Sending state transfer from <0,335782> to <0,335786>
20230730-160754-4205 02946 * HandleRequestStateTransfer (replica.cc:727):   [2] Sending state transfer from <0,335783> to <0,335786>
20230730-160754-4206 02946 * HandleRequestStateTransfer (replica.cc:727):   [2] Sending state transfer from <0,335785> to <0,335786>
20230730-160754-4300 02946 * RequestStateTransfer (replica.cc:212):   [2] Requesting state transfer: <0,335911>
20230730-160754-4305 02946 * RequestStateTransfer (replica.cc:212):   [2] Requesting state transfer: <0,335912>
20230730-160754-4307 02946 * RequestStateTransfer (replica.cc:212):   [2] Requesting state transfer: <0,335913>
20230730-160754-4351 02946 * RequestStateTransfer (replica.cc:212):   [2] Requesting state transfer: <0,335985>
20230730-160754-4352 02946 * RequestStateTransfer (replica.cc:212):   [2] Requesting state transfer: <0,335986>
20230730-160754-4357 02946 * RequestStateTransfer (replica.cc:212):   [2] Requesting state transfer: <0,335987>
20230730-160754-4358 02946 * RequestStateTransfer (replica.cc:212):   [2] Requesting state transfer: <0,335988>
20230730-160754-4359 02946 * RequestStateTransfer (replica.cc:212):   [2] Requesting state transfer: <0,335989>
20230730-160754-4360 02946 * RequestStateTransfer (replica.cc:212):   [2] Requesting state transfer: <0,335992>
20230730-160754-4408 02946 * RequestStateTransfer (replica.cc:212):   [2] Requesting state transfer: <0,336061>
20230730-160754-4409 02946 * HandleRequestStateTransfer (replica.cc:727):   [2] Sending state transfer from <0,336061> to <0,336061>
20230730-160754-4412 02946 * RequestStateTransfer (replica.cc:212):   [2] Requesting state transfer: <0,336062>
20230730-160754-4413 02946 * HandleRequestStateTransfer (replica.cc:727):   [2] Sending state transfer from <0,336062> to <0,336062>
20230730-160754-4414 02946 * RequestStateTransfer (replica.cc:212):   [2] Requesting state transfer: <0,336063>
20230730-160754-4414 02946 * HandleRequestStateTransfer (replica.cc:727):   [2] Sending state transfer from <0,336063> to <0,336065>
20230730-160754-4415 02946 * RequestStateTransfer (replica.cc:212):   [2] Requesting state transfer: <0,336065>
20230730-160754-4417 02946 * HandleRequestStateTransfer (replica.cc:727):   [2] Sending state transfer from <0,336065> to <0,336065>
20230730-160755-1823 02946 * RequestStateTransfer (replica.cc:212):   [2] Requesting state transfer: <0,340738>
20230730-160755-1824 02946 * RequestStateTransfer (replica.cc:212):   [2] Requesting state transfer: <0,340739>
20230730-160755-2253 02946 * RequestStateTransfer (replica.cc:212):   [2] Requesting state transfer: <0,341214>
20230730-160755-2253 02946 * HandleRequestStateTransfer (replica.cc:727):   [2] Sending state transfer from <0,341214> to <0,341215>
20230730-160755-2328 02946 * RequestStateTransfer (replica.cc:212):   [2] Requesting state transfer: <0,341299>
20230730-160755-2329 02946 * RequestStateTransfer (replica.cc:212):   [2] Requesting state transfer: <0,341300>
20230730-160755-2626 02946 * RequestStateTransfer (replica.cc:212):   [2] Requesting state transfer: <0,341640>
20230730-160755-2627 02946 * RequestStateTransfer (replica.cc:212):   [2] Requesting state transfer: <0,341641>
20230730-160755-2634 02946 * RequestStateTransfer (replica.cc:212):   [2] Requesting state transfer: <0,341649>
20230730-160755-2635 02946 * HandleRequestStateTransfer (replica.cc:727):   [2] Sending state transfer from <0,341649> to <0,341649>
