20230730-160715-7763 10242 * HandleRequestStateTransfer (replica.cc:727):   [0] Sending state transfer from <0,6987> to <0,7004>
20230730-160715-7764 10242 * SendMessageInternal (udptransport.cc:442): Sending large replication.vr.proto.StateTransferMessage message in 2 fragments
20230730-160715-7765 10242 * HandleRequestStateTransfer (replica.cc:727):   [0] Sending state transfer from <0,6988> to <0,7005>
20230730-160715-7766 10242 * SendMessageInternal (udptransport.cc:442): Sending large replication.vr.proto.StateTransferMessage message in 2 fragments
20230730-160715-7767 10242 * HandleRequestStateTransfer (replica.cc:727):   [0] Sending state transfer from <0,6989> to <0,7006>
20230730-160715-7768 10242 * SendMessageInternal (udptransport.cc:442): Sending large replication.vr.proto.StateTransferMessage message in 2 fragments
20230730-160715-7771 10242 * HandleRequestStateTransfer (replica.cc:727):   [0] Sending state transfer from <0,6991> to <0,7008>
20230730-160715-7771 10242 * SendMessageInternal (udptransport.cc:442): Sending large replication.vr.proto.StateTransferMessage message in 2 fragments
20230730-160715-7775 10242 * HandleRequestStateTransfer (replica.cc:727):   [0] Sending state transfer from <0,6993> to <0,7010>
20230730-160715-7775 10242 * SendMessageInternal (udptransport.cc:442): Sending large replication.vr.proto.StateTransferMessage message in 2 fragments
20230730-160715-7778 10242 * HandleRequestStateTransfer (replica.cc:727):   [0] Sending state transfer from <0,6994> to <0,7013>
20230730-160715-7779 10242 * SendMessageInternal (udptransport.cc:442): Sending large replication.vr.proto.StateTransferMessage message in 2 fragments
20230730-160716-5030 10242 * HandleRequestStateTransfer (replica.cc:727):   [0] Sending state transfer from <0,12931> to <0,12940>
20230730-160716-5033 10242 * HandleRequestStateTransfer (replica.cc:727):   [0] Sending state transfer from <0,12932> to <0,12941>
20230730-160716-5034 10242 * HandleRequestStateTransfer (replica.cc:727):   [0] Sending state transfer from <0,12933> to <0,12941>
20230730-160716-5038 10242 * HandleRequestStateTransfer (replica.cc:727):   [0] Sending state transfer from <0,12934> to <0,12943>
20230730-160716-5040 10242 * HandleRequestStateTransfer (replica.cc:727):   [0] Sending state transfer from <0,12936> to <0,12945>
20230730-160719-3122 10242 * HandleRequestStateTransfer (replica.cc:727):   [0] Sending state transfer from <0,36644> to <0,36660>
20230730-160719-3123 10242 * SendMessageInternal (udptransport.cc:442): Sending large replication.vr.proto.StateTransferMessage message in 2 fragments
20230730-160719-3124 10242 * HandleRequestStateTransfer (replica.cc:727):   [0] Sending state transfer from <0,36644> to <0,36660>
20230730-160719-3124 10242 * SendMessageInternal (udptransport.cc:442): Sending large replication.vr.proto.StateTransferMessage message in 2 fragments
20230730-160719-3125 10242 * HandleRequestStateTransfer (replica.cc:727):   [0] Sending state transfer from <0,36645> to <0,36661>
20230730-160719-3126 10242 * SendMessageInternal (udptransport.cc:442): Sending large replication.vr.proto.StateTransferMessage message in 2 fragments
20230730-160719-3127 10242 * HandleRequestStateTransfer (replica.cc:727):   [0] Sending state transfer from <0,36645> to <0,36661>
20230730-160719-3127 10242 * SendMessageInternal (udptransport.cc:442): Sending large replication.vr.proto.StateTransferMessage message in 2 fragments
20230730-160719-3128 10242 * HandleRequestStateTransfer (replica.cc:727):   [0] Sending state transfer from <0,36646> to <0,36661>
20230730-160719-3129 10242 * SendMessageInternal (udptransport.cc:442): Sending large replication.vr.proto.StateTransferMessage message in 2 fragments
20230730-160719-3130 10242 * HandleRequestStateTransfer (replica.cc:727):   [0] Sending state transfer from <0,36646> to <0,36661>
20230730-160719-3130 10242 * SendMessageInternal (udptransport.cc:442): Sending large replication.vr.proto.StateTransferMessage message in 2 fragments
20230730-160719-3132 10242 * HandleRequestStateTransfer (replica.cc:727):   [0] Sending state transfer from <0,36647> to <0,36661>
20230730-160719-3132 10242 * SendMessageInternal (udptransport.cc:442): Sending large replication.vr.proto.StateTransferMessage message in 2 fragments
20230730-160719-3134 10242 * HandleRequestStateTransfer (replica.cc:727):   [0] Sending state transfer from <0,36647> to <0,36661>
20230730-160719-3134 10242 * SendMessageInternal (udptransport.cc:442): Sending large replication.vr.proto.StateTransferMessage message in 2 fragments
20230730-160719-3136 10242 * HandleRequestStateTransfer (replica.cc:727):   [0] Sending state transfer from <0,36649> to <0,36661>
20230730-160719-3137 10242 * SendMessageInternal (udptransport.cc:442): Sending large replication.vr.proto.StateTransferMessage message in 2 fragments
20230730-160719-3138 10242 * HandleRequestStateTransfer (replica.cc:727):   [0] Sending state transfer from <0,36649> to <0,36661>
20230730-160719-3139 10242 * SendMessageInternal (udptransport.cc:442): Sending large replication.vr.proto.StateTransferMessage message in 2 fragments
20230730-160719-3139 10242 * HandleRequestStateTransfer (replica.cc:727):   [0] Sending state transfer from <0,36650> to <0,36661>
20230730-160719-3140 10242 * SendMessageInternal (udptransport.cc:442): Sending large replication.vr.proto.StateTransferMessage message in 2 fragments
20230730-160719-3142 10242 * HandleRequestStateTransfer (replica.cc:727):   [0] Sending state transfer from <0,36650> to <0,36661>
20230730-160719-3142 10242 * SendMessageInternal (udptransport.cc:442): Sending large replication.vr.proto.StateTransferMessage message in 2 fragments
20230730-160719-3145 10242 * HandleRequestStateTransfer (replica.cc:727):   [0] Sending state transfer from <0,36655> to <0,36661>
20230730-160719-3145 10242 * SendMessageInternal (udptransport.cc:442): Sending large replication.vr.proto.StateTransferMessage message in 2 fragments
20230730-160719-3146 10242 * HandleRequestStateTransfer (replica.cc:727):   [0] Sending state transfer from <0,36655> to <0,36661>
20230730-160719-3146 10242 * SendMessageInternal (udptransport.cc:442): Sending large replication.vr.proto.StateTransferMessage message in 2 fragments
20230730-160719-3149 10242 * HandleRequestStateTransfer (replica.cc:727):   [0] Sending state transfer from <0,36658> to <0,36661>
20230730-160719-3150 10242 * SendMessageInternal (udptransport.cc:442): Sending large replication.vr.proto.StateTransferMessage message in 2 fragments
20230730-160719-3150 10242 * HandleRequestStateTransfer (replica.cc:727):   [0] Sending state transfer from <0,36658> to <0,36661>
20230730-160719-3151 10242 * SendMessageInternal (udptransport.cc:442): Sending large replication.vr.proto.StateTransferMessage message in 2 fragments
20230730-160719-3152 10242 * HandleRequestStateTransfer (replica.cc:727):   [0] Sending state transfer from <0,36659> to <0,36661>
20230730-160719-3152 10242 * SendMessageInternal (udptransport.cc:442): Sending large replication.vr.proto.StateTransferMessage message in 2 fragments
20230730-160719-3153 10242 * HandleRequestStateTransfer (replica.cc:727):   [0] Sending state transfer from <0,36659> to <0,36661>
20230730-160719-3154 10242 * SendMessageInternal (udptransport.cc:442): Sending large replication.vr.proto.StateTransferMessage message in 2 fragments
20230730-160720-0954 10242 * ResendPrepare   (replica.cc:306):   [0] Resending prepare
20230730-160720-1000 10242 ! releaseForRead  (lockserver.cc:293): [-7860436304454411608] Releasing unheld read lock: 6vgJTKXb2GcunNn0cREgEiST1Oer5VgqGGV05CNUzXQCjMymw2GaxVYJBBtJShqo
20230730-160720-1049 10242 ! releaseForWrite (lockserver.cc:353): [-2607663121244341608] Releasing unheld write lock: X5lvYWw0MRx8w2mDyS2y9EDmuOP3qJXF2ebsBL4kggtojDfrxkEdoiEVDyH0h51M
20230730-160720-2921 10242 * HandleRequestStateTransfer (replica.cc:727):   [0] Sending state transfer from <0,44584> to <0,44614>
20230730-160720-2922 10242 * SendMessageInternal (udptransport.cc:442): Sending large replication.vr.proto.StateTransferMessage message in 2 fragments
20230730-160720-2927 10242 * HandleRequestStateTransfer (replica.cc:727):   [0] Sending state transfer from <0,44605> to <0,44618>
20230730-160720-2928 10242 * SendMessageInternal (udptransport.cc:442): Sending large replication.vr.proto.StateTransferMessage message in 2 fragments
20230730-160720-2930 10242 * HandleRequestStateTransfer (replica.cc:727):   [0] Sending state transfer from <0,44607> to <0,44618>
20230730-160720-2938 10242 * HandleRequestStateTransfer (replica.cc:727):   [0] Sending state transfer from <0,44609> to <0,44626>
20230730-160720-3820 10242 * HandleRequestStateTransfer (replica.cc:727):   [0] Sending state transfer from <0,45388> to <0,45390>
20230730-160720-3821 10242 * HandleRequestStateTransfer (replica.cc:727):   [0] Sending state transfer from <0,45389> to <0,45390>
20230730-160721-1061 10242 ! releaseForWrite (lockserver.cc:353): [-895190990019681602] Releasing unheld write lock: MWyHzo62N7s73MvhdrDJHzWGf36aAxwZOqdQD7CIDtuT3YBYb14dqEPiXvhOY1v4
20230730-160721-4607 10242 * HandleRequestStateTransfer (replica.cc:727):   [0] Sending state transfer from <0,53852> to <0,53868>
20230730-160721-4608 10242 * SendMessageInternal (udptransport.cc:442): Sending large replication.vr.proto.StateTransferMessage message in 2 fragments
20230730-160721-5845 10242 * HandleRequestStateTransfer (replica.cc:727):   [0] Sending state transfer from <0,54954> to <0,54970>
20230730-160721-5846 10242 * SendMessageInternal (udptransport.cc:442): Sending large replication.vr.proto.StateTransferMessage message in 2 fragments
20230730-160721-5848 10242 * HandleRequestStateTransfer (replica.cc:727):   [0] Sending state transfer from <0,54956> to <0,54972>
20230730-160721-5848 10242 * SendMessageInternal (udptransport.cc:442): Sending large replication.vr.proto.StateTransferMessage message in 2 fragments
20230730-160722-9638 10242 * HandleRequestStateTransfer (replica.cc:727):   [0] Sending state transfer from <0,65553> to <0,65569>
20230730-160722-9643 10242 * SendMessageInternal (udptransport.cc:442): Sending large replication.vr.proto.StateTransferMessage message in 2 fragments
20230730-160722-9644 10242 * HandleRequestStateTransfer (replica.cc:727):   [0] Sending state transfer from <0,65555> to <0,65569>
20230730-160722-9645 10242 * SendMessageInternal (udptransport.cc:442): Sending large replication.vr.proto.StateTransferMessage message in 2 fragments
20230730-160722-9646 10242 * HandleRequestStateTransfer (replica.cc:727):   [0] Sending state transfer from <0,65558> to <0,65569>
20230730-160722-9646 10242 * SendMessageInternal (udptransport.cc:442): Sending large replication.vr.proto.StateTransferMessage message in 2 fragments
20230730-160722-9647 10242 * HandleRequestStateTransfer (replica.cc:727):   [0] Sending state transfer from <0,65560> to <0,65569>
20230730-160722-9648 10242 * SendMessageInternal (udptransport.cc:442): Sending large replication.vr.proto.StateTransferMessage message in 2 fragments
20230730-160722-9649 10242 * HandleRequestStateTransfer (replica.cc:727):   [0] Sending state transfer from <0,65562> to <0,65569>
20230730-160722-9650 10242 * SendMessageInternal (udptransport.cc:442): Sending large replication.vr.proto.StateTransferMessage message in 2 fragments
20230730-160722-9650 10242 * HandleRequestStateTransfer (replica.cc:727):   [0] Sending state transfer from <0,65566> to <0,65569>
20230730-160722-9651 10242 * SendMessageInternal (udptransport.cc:442): Sending large replication.vr.proto.StateTransferMessage message in 2 fragments
20230730-160722-9651 10242 * HandleRequestStateTransfer (replica.cc:727):   [0] Sending state transfer from <0,65567> to <0,65569>
20230730-160722-9652 10242 * SendMessageInternal (udptransport.cc:442): Sending large replication.vr.proto.StateTransferMessage message in 2 fragments
20230730-160722-9655 10242 * HandleRequestStateTransfer (replica.cc:727):   [0] Sending state transfer from <0,65569> to <0,65569>
20230730-160722-9655 10242 * SendMessageInternal (udptransport.cc:442): Sending large replication.vr.proto.StateTransferMessage message in 2 fragments
20230730-160722-9699 10242 * HandleRequestStateTransfer (replica.cc:727):   [0] Sending state transfer from <0,65536> to <0,65606>
20230730-160722-9701 10242 * SendMessageInternal (udptransport.cc:442): Sending large replication.vr.proto.StateTransferMessage message in 4 fragments
20230730-160722-9710 10242 * HandleRequestStateTransfer (replica.cc:727):   [0] Sending state transfer from <0,65595> to <0,65618>
20230730-160722-9710 10242 * SendMessageInternal (udptransport.cc:442): Sending large replication.vr.proto.StateTransferMessage message in 2 fragments
20230730-160723-1019 10242 * HandleRequestStateTransfer (replica.cc:727):   [0] Sending state transfer from <0,66640> to <0,66646>
20230730-160723-1021 10242 * HandleRequestStateTransfer (replica.cc:727):   [0] Sending state transfer from <0,66642> to <0,66647>
20230730-160723-3795 10242 * HandleRequestStateTransfer (replica.cc:727):   [0] Sending state transfer from <0,68855> to <0,68893>
20230730-160723-3796 10242 * SendMessageInternal (udptransport.cc:442): Sending large replication.vr.proto.StateTransferMessage message in 2 fragments
20230730-160723-3797 10242 * HandleRequestStateTransfer (replica.cc:727):   [0] Sending state transfer from <0,68859> to <0,68893>
20230730-160723-3798 10242 * SendMessageInternal (udptransport.cc:442): Sending large replication.vr.proto.StateTransferMessage message in 2 fragments
20230730-160723-3799 10242 * HandleRequestStateTransfer (replica.cc:727):   [0] Sending state transfer from <0,68861> to <0,68894>
20230730-160723-3800 10242 * SendMessageInternal (udptransport.cc:442): Sending large replication.vr.proto.StateTransferMessage message in 2 fragments
20230730-160723-3801 10242 * HandleRequestStateTransfer (replica.cc:727):   [0] Sending state transfer from <0,68867> to <0,68894>
20230730-160723-3801 10242 * SendMessageInternal (udptransport.cc:442): Sending large replication.vr.proto.StateTransferMessage message in 2 fragments
20230730-160723-3804 10242 * HandleRequestStateTransfer (replica.cc:727):   [0] Sending state transfer from <0,68868> to <0,68897>
20230730-160723-3804 10242 * SendMessageInternal (udptransport.cc:442): Sending large replication.vr.proto.StateTransferMessage message in 2 fragments
20230730-160723-3812 10242 * HandleRequestStateTransfer (replica.cc:727):   [0] Sending state transfer from <0,68876> to <0,68904>
20230730-160723-3812 10242 * SendMessageInternal (udptransport.cc:442): Sending large replication.vr.proto.StateTransferMessage message in 2 fragments
20230730-160723-3814 10242 * HandleRequestStateTransfer (replica.cc:727):   [0] Sending state transfer from <0,68878> to <0,68904>
20230730-160723-3815 10242 * SendMessageInternal (udptransport.cc:442): Sending large replication.vr.proto.StateTransferMessage message in 2 fragments
20230730-160725-1982 10242 * HandleRequestStateTransfer (replica.cc:727):   [0] Sending state transfer from <0,85314> to <0,85325>
20230730-160725-1991 10242 * HandleRequestStateTransfer (replica.cc:727):   [0] Sending state transfer from <0,85316> to <0,85327>
20230730-160725-1992 10242 * HandleRequestStateTransfer (replica.cc:727):   [0] Sending state transfer from <0,85317> to <0,85327>
20230730-160725-1994 10242 * HandleRequestStateTransfer (replica.cc:727):   [0] Sending state transfer from <0,85318> to <0,85329>
20230730-160725-1996 10242 * HandleRequestStateTransfer (replica.cc:727):   [0] Sending state transfer from <0,85319> to <0,85331>
20230730-160725-1998 10242 * HandleRequestStateTransfer (replica.cc:727):   [0] Sending state transfer from <0,85322> to <0,85334>
20230730-160725-1999 10242 * HandleRequestStateTransfer (replica.cc:727):   [0] Sending state transfer from <0,85323> to <0,85334>
20230730-160725-2000 10242 * HandleRequestStateTransfer (replica.cc:727):   [0] Sending state transfer from <0,85324> to <0,85336>
20230730-160725-2002 10242 * HandleRequestStateTransfer (replica.cc:727):   [0] Sending state transfer from <0,85325> to <0,85336>
20230730-160725-2215 10242 * HandleRequestStateTransfer (replica.cc:727):   [0] Sending state transfer from <0,85487> to <0,85538>
20230730-160725-2216 10242 * SendMessageInternal (udptransport.cc:442): Sending large replication.vr.proto.StateTransferMessage message in 3 fragments
20230730-160725-2217 10242 * HandleRequestStateTransfer (replica.cc:727):   [0] Sending state transfer from <0,85497> to <0,85538>
20230730-160725-2218 10242 * SendMessageInternal (udptransport.cc:442): Sending large replication.vr.proto.StateTransferMessage message in 3 fragments
20230730-160725-2219 10242 * HandleRequestStateTransfer (replica.cc:727):   [0] Sending state transfer from <0,85501> to <0,85538>
20230730-160725-2219 10242 * SendMessageInternal (udptransport.cc:442): Sending large replication.vr.proto.StateTransferMessage message in 3 fragments
20230730-160725-2229 10242 * HandleRequestStateTransfer (replica.cc:727):   [0] Sending state transfer from <0,85526> to <0,85547>
20230730-160725-2230 10242 * SendMessageInternal (udptransport.cc:442): Sending large replication.vr.proto.StateTransferMessage message in 2 fragments
20230730-160725-2233 10242 * HandleRequestStateTransfer (replica.cc:727):   [0] Sending state transfer from <0,85530> to <0,85550>
20230730-160725-2234 10242 * SendMessageInternal (udptransport.cc:442): Sending large replication.vr.proto.StateTransferMessage message in 2 fragments
20230730-160725-2235 10242 * HandleRequestStateTransfer (replica.cc:727):   [0] Sending state transfer from <0,85531> to <0,85550>
20230730-160725-2235 10242 * SendMessageInternal (udptransport.cc:442): Sending large replication.vr.proto.StateTransferMessage message in 2 fragments
20230730-160725-2236 10242 * HandleRequestStateTransfer (replica.cc:727):   [0] Sending state transfer from <0,85532> to <0,85550>
20230730-160725-2236 10242 * SendMessageInternal (udptransport.cc:442): Sending large replication.vr.proto.StateTransferMessage message in 2 fragments
20230730-160725-5904 10242 * HandleRequestStateTransfer (replica.cc:727):   [0] Sending state transfer from <0,88529> to <0,88547>
20230730-160725-5904 10242 * SendMessageInternal (udptransport.cc:442): Sending large replication.vr.proto.StateTransferMessage message in 2 fragments
20230730-160725-9288 10242 * HandleRequestStateTransfer (replica.cc:727):   [0] Sending state transfer from <0,91191> to <0,91199>
20230730-160725-9291 10242 * HandleRequestStateTransfer (replica.cc:727):   [0] Sending state transfer from <0,91192> to <0,91200>
20230730-160726-0662 10242 * HandleRequestStateTransfer (replica.cc:727):   [0] Sending state transfer from <0,92242> to <0,92278>
20230730-160726-0663 10242 * SendMessageInternal (udptransport.cc:442): Sending large replication.vr.proto.StateTransferMessage message in 2 fragments
20230730-160726-4553 10242 * HandleRequestStateTransfer (replica.cc:727):   [0] Sending state transfer from <0,95453> to <0,95499>
20230730-160726-4554 10242 * SendMessageInternal (udptransport.cc:442): Sending large replication.vr.proto.StateTransferMessage message in 2 fragments
20230730-160726-4556 10242 * HandleRequestStateTransfer (replica.cc:727):   [0] Sending state transfer from <0,95460> to <0,95500>
20230730-160726-4557 10242 * SendMessageInternal (udptransport.cc:442): Sending large replication.vr.proto.StateTransferMessage message in 2 fragments
20230730-160726-4558 10242 * HandleRequestStateTransfer (replica.cc:727):   [0] Sending state transfer from <0,95462> to <0,95501>
20230730-160726-4559 10242 * SendMessageInternal (udptransport.cc:442): Sending large replication.vr.proto.StateTransferMessage message in 2 fragments
20230730-160726-4570 10242 * HandleRequestStateTransfer (replica.cc:727):   [0] Sending state transfer from <0,95488> to <0,95509>
20230730-160726-4570 10242 * SendMessageInternal (udptransport.cc:442): Sending large replication.vr.proto.StateTransferMessage message in 2 fragments
20230730-160726-4573 10242 * HandleRequestStateTransfer (replica.cc:727):   [0] Sending state transfer from <0,95489> to <0,95510>
20230730-160726-4573 10242 * SendMessageInternal (udptransport.cc:442): Sending large replication.vr.proto.StateTransferMessage message in 2 fragments
20230730-160726-4576 10242 * HandleRequestStateTransfer (replica.cc:727):   [0] Sending state transfer from <0,95492> to <0,95510>
20230730-160726-4576 10242 * SendMessageInternal (udptransport.cc:442): Sending large replication.vr.proto.StateTransferMessage message in 2 fragments
20230730-160726-4577 10242 * HandleRequestStateTransfer (replica.cc:727):   [0] Sending state transfer from <0,95493> to <0,95510>
20230730-160726-4577 10242 * SendMessageInternal (udptransport.cc:442): Sending large replication.vr.proto.StateTransferMessage message in 2 fragments
20230730-160726-4578 10242 * HandleRequestStateTransfer (replica.cc:727):   [0] Sending state transfer from <0,95494> to <0,95510>
20230730-160726-4579 10242 * SendMessageInternal (udptransport.cc:442): Sending large replication.vr.proto.StateTransferMessage message in 2 fragments
20230730-160726-7365 10242 * HandleRequestStateTransfer (replica.cc:727):   [0] Sending state transfer from <0,97813> to <0,97829>
20230730-160726-7366 10242 * SendMessageInternal (udptransport.cc:442): Sending large replication.vr.proto.StateTransferMessage message in 2 fragments
20230730-160727-9125 10242 ! releaseForRead  (lockserver.cc:293): [-1709000333776241536] Releasing unheld read lock: kwvGQu3yaJ9mLVu4PwdeS34kSOHRFpbNCoSIqe2ojNaE5nlTuJOLCpSnMpiMSLW1
20230730-160728-4653 10242 * HandleRequestStateTransfer (replica.cc:727):   [0] Sending state transfer from <0,112457> to <0,112475>
20230730-160728-4654 10242 * SendMessageInternal (udptransport.cc:442): Sending large replication.vr.proto.StateTransferMessage message in 2 fragments
20230730-160728-4656 10242 * HandleRequestStateTransfer (replica.cc:727):   [0] Sending state transfer from <0,112458> to <0,112476>
20230730-160728-4657 10242 * SendMessageInternal (udptransport.cc:442): Sending large replication.vr.proto.StateTransferMessage message in 2 fragments
20230730-160728-4658 10242 * HandleRequestStateTransfer (replica.cc:727):   [0] Sending state transfer from <0,112461> to <0,112476>
20230730-160728-4658 10242 * SendMessageInternal (udptransport.cc:442): Sending large replication.vr.proto.StateTransferMessage message in 2 fragments
20230730-160728-4659 10242 * HandleRequestStateTransfer (replica.cc:727):   [0] Sending state transfer from <0,112462> to <0,112476>
20230730-160728-4660 10242 * SendMessageInternal (udptransport.cc:442): Sending large replication.vr.proto.StateTransferMessage message in 2 fragments
20230730-160728-4661 10242 * HandleRequestStateTransfer (replica.cc:727):   [0] Sending state transfer from <0,112463> to <0,112476>
20230730-160728-4662 10242 * SendMessageInternal (udptransport.cc:442): Sending large replication.vr.proto.StateTransferMessage message in 2 fragments
20230730-160728-4664 10242 * HandleRequestStateTransfer (replica.cc:727):   [0] Sending state transfer from <0,112465> to <0,112476>
20230730-160728-4664 10242 * SendMessageInternal (udptransport.cc:442): Sending large replication.vr.proto.StateTransferMessage message in 2 fragments
20230730-160728-4665 10242 * HandleRequestStateTransfer (replica.cc:727):   [0] Sending state transfer from <0,112466> to <0,112476>
20230730-160728-4666 10242 * SendMessageInternal (udptransport.cc:442): Sending large replication.vr.proto.StateTransferMessage message in 2 fragments
20230730-160728-4667 10242 * HandleRequestStateTransfer (replica.cc:727):   [0] Sending state transfer from <0,112470> to <0,112476>
20230730-160728-4668 10242 * SendMessageInternal (udptransport.cc:442): Sending large replication.vr.proto.StateTransferMessage message in 2 fragments
20230730-160728-4670 10242 * HandleRequestStateTransfer (replica.cc:727):   [0] Sending state transfer from <0,112472> to <0,112476>
20230730-160728-4671 10242 * SendMessageInternal (udptransport.cc:442): Sending large replication.vr.proto.StateTransferMessage message in 2 fragments
20230730-160728-4672 10242 * HandleRequestStateTransfer (replica.cc:727):   [0] Sending state transfer from <0,112475> to <0,112476>
20230730-160728-4672 10242 * SendMessageInternal (udptransport.cc:442): Sending large replication.vr.proto.StateTransferMessage message in 2 fragments
20230730-160728-4685 10242 * HandleRequestStateTransfer (replica.cc:727):   [0] Sending state transfer from <0,112457> to <0,112493>
20230730-160728-4685 10242 * SendMessageInternal (udptransport.cc:442): Sending large replication.vr.proto.StateTransferMessage message in 3 fragments
20230730-160728-4688 10242 * HandleRequestStateTransfer (replica.cc:727):   [0] Sending state transfer from <0,112458> to <0,112495>
20230730-160728-4689 10242 * SendMessageInternal (udptransport.cc:442): Sending large replication.vr.proto.StateTransferMessage message in 3 fragments
20230730-160728-4691 10242 * HandleRequestStateTransfer (replica.cc:727):   [0] Sending state transfer from <0,112461> to <0,112496>
20230730-160728-4691 10242 * SendMessageInternal (udptransport.cc:442): Sending large replication.vr.proto.StateTransferMessage message in 2 fragments
20230730-160728-4692 10242 * HandleRequestStateTransfer (replica.cc:727):   [0] Sending state transfer from <0,112462> to <0,112496>
20230730-160728-4693 10242 * SendMessageInternal (udptransport.cc:442): Sending large replication.vr.proto.StateTransferMessage message in 2 fragments
20230730-160728-4693 10242 * HandleRequestStateTransfer (replica.cc:727):   [0] Sending state transfer from <0,112463> to <0,112496>
20230730-160728-4694 10242 * SendMessageInternal (udptransport.cc:442): Sending large replication.vr.proto.StateTransferMessage message in 2 fragments
20230730-160728-4696 10242 * HandleRequestStateTransfer (replica.cc:727):   [0] Sending state transfer from <0,112465> to <0,112497>
20230730-160728-4696 10242 * SendMessageInternal (udptransport.cc:442): Sending large replication.vr.proto.StateTransferMessage message in 2 fragments
20230730-160728-4697 10242 * HandleRequestStateTransfer (replica.cc:727):   [0] Sending state transfer from <0,112466> to <0,112497>
20230730-160728-4697 10242 * SendMessageInternal (udptransport.cc:442): Sending large replication.vr.proto.StateTransferMessage message in 2 fragments
20230730-160728-4699 10242 * HandleRequestStateTransfer (replica.cc:727):   [0] Sending state transfer from <0,112470> to <0,112499>
20230730-160728-4700 10242 * SendMessageInternal (udptransport.cc:442): Sending large replication.vr.proto.StateTransferMessage message in 2 fragments
20230730-160728-4700 10242 * HandleRequestStateTransfer (replica.cc:727):   [0] Sending state transfer from <0,112472> to <0,112499>
20230730-160728-4701 10242 * SendMessageInternal (udptransport.cc:442): Sending large replication.vr.proto.StateTransferMessage message in 2 fragments
20230730-160728-4704 10242 * HandleRequestStateTransfer (replica.cc:727):   [0] Sending state transfer from <0,112475> to <0,112500>
20230730-160728-4705 10242 * SendMessageInternal (udptransport.cc:442): Sending large replication.vr.proto.StateTransferMessage message in 2 fragments
20230730-160728-4706 10242 * HandleRequestStateTransfer (replica.cc:727):   [0] Sending state transfer from <0,112476> to <0,112500>
20230730-160728-4707 10242 * SendMessageInternal (udptransport.cc:442): Sending large replication.vr.proto.StateTransferMessage message in 2 fragments
20230730-160728-4723 10242 * HandleRequestStateTransfer (replica.cc:727):   [0] Sending state transfer from <0,112479> to <0,112506>
20230730-160728-4723 10242 * SendMessageInternal (udptransport.cc:442): Sending large replication.vr.proto.StateTransferMessage message in 2 fragments
20230730-160728-4728 10242 * HandleRequestStateTransfer (replica.cc:727):   [0] Sending state transfer from <0,112493> to <0,112508>
20230730-160728-4729 10242 * SendMessageInternal (udptransport.cc:442): Sending large replication.vr.proto.StateTransferMessage message in 2 fragments
20230730-160728-9273 10242 ! releaseForRead  (lockserver.cc:293): [14988622280410063] Releasing unheld read lock: fLbu8FwpXlPhfR4I5dIB3Q4Laru6uI5lIJzHbMGWHgv0FZqPknynAIiuaivbltnf
20230730-160728-9297 10242 * ResendPrepare   (replica.cc:306):   [0] Resending prepare
20230730-160729-1438 10242 * HandleRequestStateTransfer (replica.cc:727):   [0] Sending state transfer from <0,117835> to <0,117915>
20230730-160729-1443 10242 * SendMessageInternal (udptransport.cc:442): Sending large replication.vr.proto.StateTransferMessage message in 4 fragments
20230730-160729-4182 10242 * HandleRequestStateTransfer (replica.cc:727):   [0] Sending state transfer from <0,120012> to <0,120049>
20230730-160729-4183 10242 * SendMessageInternal (udptransport.cc:442): Sending large replication.vr.proto.StateTransferMessage message in 3 fragments
20230730-160729-4185 10242 * HandleRequestStateTransfer (replica.cc:727):   [0] Sending state transfer from <0,120018> to <0,120049>
20230730-160729-4186 10242 * SendMessageInternal (udptransport.cc:442): Sending large replication.vr.proto.StateTransferMessage message in 2 fragments
20230730-160729-4190 10242 * HandleRequestStateTransfer (replica.cc:727):   [0] Sending state transfer from <0,120020> to <0,120050>
20230730-160729-4191 10242 * SendMessageInternal (udptransport.cc:442): Sending large replication.vr.proto.StateTransferMessage message in 2 fragments
20230730-160729-4192 10242 * HandleRequestStateTransfer (replica.cc:727):   [0] Sending state transfer from <0,120021> to <0,120050>
20230730-160729-4192 10242 * SendMessageInternal (udptransport.cc:442): Sending large replication.vr.proto.StateTransferMessage message in 2 fragments
20230730-160729-4194 10242 * HandleRequestStateTransfer (replica.cc:727):   [0] Sending state transfer from <0,120023> to <0,120052>
20230730-160729-4195 10242 * SendMessageInternal (udptransport.cc:442): Sending large replication.vr.proto.StateTransferMessage message in 2 fragments
20230730-160729-4202 10242 * HandleRequestStateTransfer (replica.cc:727):   [0] Sending state transfer from <0,120040> to <0,120058>
20230730-160729-4203 10242 * SendMessageInternal (udptransport.cc:442): Sending large replication.vr.proto.StateTransferMessage message in 2 fragments
20230730-160729-6579 10242 ! releaseForRead  (lockserver.cc:293): [2213913669860200031] Releasing unheld read lock: X5lvYWw0MRx8w2mDyS2y9EDmuOP3qJXF2ebsBL4kggtojDfrxkEdoiEVDyH0h51M
20230730-160729-9278 10242 ! releaseForWrite (lockserver.cc:353): [7511616248399870064] Releasing unheld write lock: kwvGQu3yaJ9mLVu4PwdeS34kSOHRFpbNCoSIqe2ojNaE5nlTuJOLCpSnMpiMSLW1
20230730-160730-8646 10242 * HandleRequestStateTransfer (replica.cc:727):   [0] Sending state transfer from <0,131072> to <0,131105>
20230730-160730-8812 10242 * SendMessageInternal (udptransport.cc:442): Sending large replication.vr.proto.StateTransferMessage message in 3 fragments
20230730-160730-8817 10242 * HandleRequestStateTransfer (replica.cc:727):   [0] Sending state transfer from <0,131072> to <0,131105>
20230730-160730-8834 10242 * SendMessageInternal (udptransport.cc:442): Sending large replication.vr.proto.StateTransferMessage message in 3 fragments
20230730-160730-8835 10242 * HandleRequestStateTransfer (replica.cc:727):   [0] Sending state transfer from <0,131089> to <0,131105>
20230730-160730-8836 10242 * SendMessageInternal (udptransport.cc:442): Sending large replication.vr.proto.StateTransferMessage message in 2 fragments
20230730-160730-8836 10242 * HandleRequestStateTransfer (replica.cc:727):   [0] Sending state transfer from <0,131090> to <0,131105>
20230730-160730-8837 10242 * SendMessageInternal (udptransport.cc:442): Sending large replication.vr.proto.StateTransferMessage message in 2 fragments
20230730-160730-8838 10242 * HandleRequestStateTransfer (replica.cc:727):   [0] Sending state transfer from <0,131095> to <0,131105>
20230730-160730-8838 10242 * SendMessageInternal (udptransport.cc:442): Sending large replication.vr.proto.StateTransferMessage message in 2 fragments
20230730-160730-8839 10242 * HandleRequestStateTransfer (replica.cc:727):   [0] Sending state transfer from <0,131097> to <0,131105>
20230730-160730-8840 10242 * SendMessageInternal (udptransport.cc:442): Sending large replication.vr.proto.StateTransferMessage message in 2 fragments
20230730-160730-8840 10242 * HandleRequestStateTransfer (replica.cc:727):   [0] Sending state transfer from <0,131100> to <0,131105>
20230730-160730-8841 10242 * SendMessageInternal (udptransport.cc:442): Sending large replication.vr.proto.StateTransferMessage message in 2 fragments
20230730-160730-8842 10242 * HandleRequestStateTransfer (replica.cc:727):   [0] Sending state transfer from <0,131101> to <0,131105>
20230730-160730-8842 10242 * SendMessageInternal (udptransport.cc:442): Sending large replication.vr.proto.StateTransferMessage message in 2 fragments
20230730-160730-8843 10242 * HandleRequestStateTransfer (replica.cc:727):   [0] Sending state transfer from <0,131104> to <0,131105>
20230730-160730-8843 10242 * SendMessageInternal (udptransport.cc:442): Sending large replication.vr.proto.StateTransferMessage message in 2 fragments
20230730-160730-8844 10242 * HandleRequestStateTransfer (replica.cc:727):   [0] Sending state transfer from <0,131105> to <0,131105>
20230730-160730-8845 10242 * SendMessageInternal (udptransport.cc:442): Sending large replication.vr.proto.StateTransferMessage message in 2 fragments
20230730-160732-7407 10242 * HandleRequestStateTransfer (replica.cc:727):   [0] Sending state transfer from <0,146201> to <0,146213>
20230730-160733-5602 10242 * HandleRequestStateTransfer (replica.cc:727):   [0] Sending state transfer from <0,152602> to <0,152612>
20230730-160733-5615 10242 * SendMessageInternal (udptransport.cc:442): Sending large replication.vr.proto.StateTransferMessage message in 2 fragments
20230730-160733-5616 10242 * HandleRequestStateTransfer (replica.cc:727):   [0] Sending state transfer from <0,152602> to <0,152613>
20230730-160733-5617 10242 * SendMessageInternal (udptransport.cc:442): Sending large replication.vr.proto.StateTransferMessage message in 2 fragments
20230730-160733-5618 10242 * HandleRequestStateTransfer (replica.cc:727):   [0] Sending state transfer from <0,152603> to <0,152613>
20230730-160733-5619 10242 * SendMessageInternal (udptransport.cc:442): Sending large replication.vr.proto.StateTransferMessage message in 2 fragments
20230730-160733-5620 10242 * HandleRequestStateTransfer (replica.cc:727):   [0] Sending state transfer from <0,152603> to <0,152613>
20230730-160733-5620 10242 * SendMessageInternal (udptransport.cc:442): Sending large replication.vr.proto.StateTransferMessage message in 2 fragments
20230730-160733-5620 10242 * HandleRequestStateTransfer (replica.cc:727):   [0] Sending state transfer from <0,152604> to <0,152613>
20230730-160733-5621 10242 * SendMessageInternal (udptransport.cc:442): Sending large replication.vr.proto.StateTransferMessage message in 2 fragments
20230730-160733-5621 10242 * HandleRequestStateTransfer (replica.cc:727):   [0] Sending state transfer from <0,152604> to <0,152613>
20230730-160733-5621 10242 * SendMessageInternal (udptransport.cc:442): Sending large replication.vr.proto.StateTransferMessage message in 2 fragments
20230730-160733-5623 10242 * HandleRequestStateTransfer (replica.cc:727):   [0] Sending state transfer from <0,152605> to <0,152613>
20230730-160733-5623 10242 * SendMessageInternal (udptransport.cc:442): Sending large replication.vr.proto.StateTransferMessage message in 2 fragments
20230730-160733-5624 10242 * HandleRequestStateTransfer (replica.cc:727):   [0] Sending state transfer from <0,152605> to <0,152613>
20230730-160733-5624 10242 * SendMessageInternal (udptransport.cc:442): Sending large replication.vr.proto.StateTransferMessage message in 2 fragments
20230730-160733-5625 10242 * HandleRequestStateTransfer (replica.cc:727):   [0] Sending state transfer from <0,152606> to <0,152613>
20230730-160733-5625 10242 * SendMessageInternal (udptransport.cc:442): Sending large replication.vr.proto.StateTransferMessage message in 2 fragments
20230730-160733-5625 10242 * HandleRequestStateTransfer (replica.cc:727):   [0] Sending state transfer from <0,152606> to <0,152613>
20230730-160733-5626 10242 * SendMessageInternal (udptransport.cc:442): Sending large replication.vr.proto.StateTransferMessage message in 2 fragments
20230730-160733-5628 10242 * HandleRequestStateTransfer (replica.cc:727):   [0] Sending state transfer from <0,152607> to <0,152613>
20230730-160733-5628 10242 * SendMessageInternal (udptransport.cc:442): Sending large replication.vr.proto.StateTransferMessage message in 2 fragments
20230730-160733-5629 10242 * HandleRequestStateTransfer (replica.cc:727):   [0] Sending state transfer from <0,152607> to <0,152613>
20230730-160733-5629 10242 * SendMessageInternal (udptransport.cc:442): Sending large replication.vr.proto.StateTransferMessage message in 2 fragments
20230730-160733-5630 10242 * HandleRequestStateTransfer (replica.cc:727):   [0] Sending state transfer from <0,152608> to <0,152613>
20230730-160733-5631 10242 * SendMessageInternal (udptransport.cc:442): Sending large replication.vr.proto.StateTransferMessage message in 2 fragments
20230730-160733-5631 10242 * HandleRequestStateTransfer (replica.cc:727):   [0] Sending state transfer from <0,152608> to <0,152613>
20230730-160733-5632 10242 * SendMessageInternal (udptransport.cc:442): Sending large replication.vr.proto.StateTransferMessage message in 2 fragments
20230730-160733-5634 10242 * HandleRequestStateTransfer (replica.cc:727):   [0] Sending state transfer from <0,152610> to <0,152613>
20230730-160733-5634 10242 * SendMessageInternal (udptransport.cc:442): Sending large replication.vr.proto.StateTransferMessage message in 2 fragments
20230730-160733-5635 10242 * HandleRequestStateTransfer (replica.cc:727):   [0] Sending state transfer from <0,152610> to <0,152613>
20230730-160733-5635 10242 * SendMessageInternal (udptransport.cc:442): Sending large replication.vr.proto.StateTransferMessage message in 2 fragments
20230730-160733-5637 10242 * HandleRequestStateTransfer (replica.cc:727):   [0] Sending state transfer from <0,152611> to <0,152613>
20230730-160733-5638 10242 * SendMessageInternal (udptransport.cc:442): Sending large replication.vr.proto.StateTransferMessage message in 2 fragments
20230730-160733-5638 10242 * HandleRequestStateTransfer (replica.cc:727):   [0] Sending state transfer from <0,152611> to <0,152613>
20230730-160733-5639 10242 * SendMessageInternal (udptransport.cc:442): Sending large replication.vr.proto.StateTransferMessage message in 2 fragments
20230730-160734-1946 10242 * HandleRequestStateTransfer (replica.cc:727):   [0] Sending state transfer from <0,157724> to <0,157742>
20230730-160734-1959 10242 * SendMessageInternal (udptransport.cc:442): Sending large replication.vr.proto.StateTransferMessage message in 2 fragments
20230730-160734-1960 10242 * HandleRequestStateTransfer (replica.cc:727):   [0] Sending state transfer from <0,157724> to <0,157742>
20230730-160734-1960 10242 * SendMessageInternal (udptransport.cc:442): Sending large replication.vr.proto.StateTransferMessage message in 2 fragments
20230730-160734-1962 10242 * HandleRequestStateTransfer (replica.cc:727):   [0] Sending state transfer from <0,157728> to <0,157743>
20230730-160734-1963 10242 * SendMessageInternal (udptransport.cc:442): Sending large replication.vr.proto.StateTransferMessage message in 2 fragments
20230730-160734-1963 10242 * HandleRequestStateTransfer (replica.cc:727):   [0] Sending state transfer from <0,157728> to <0,157743>
20230730-160734-1964 10242 * SendMessageInternal (udptransport.cc:442): Sending large replication.vr.proto.StateTransferMessage message in 2 fragments
20230730-160734-1964 10242 * HandleRequestStateTransfer (replica.cc:727):   [0] Sending state transfer from <0,157729> to <0,157743>
20230730-160734-1965 10242 * SendMessageInternal (udptransport.cc:442): Sending large replication.vr.proto.StateTransferMessage message in 2 fragments
20230730-160734-1966 10242 * HandleRequestStateTransfer (replica.cc:727):   [0] Sending state transfer from <0,157729> to <0,157743>
20230730-160734-1966 10242 * SendMessageInternal (udptransport.cc:442): Sending large replication.vr.proto.StateTransferMessage message in 2 fragments
20230730-160734-1966 10242 * HandleRequestStateTransfer (replica.cc:727):   [0] Sending state transfer from <0,157731> to <0,157743>
20230730-160734-1967 10242 * SendMessageInternal (udptransport.cc:442): Sending large replication.vr.proto.StateTransferMessage message in 2 fragments
20230730-160734-1968 10242 * HandleRequestStateTransfer (replica.cc:727):   [0] Sending state transfer from <0,157731> to <0,157743>
20230730-160734-1969 10242 * SendMessageInternal (udptransport.cc:442): Sending large replication.vr.proto.StateTransferMessage message in 2 fragments
20230730-160734-1969 10242 * HandleRequestStateTransfer (replica.cc:727):   [0] Sending state transfer from <0,157732> to <0,157743>
20230730-160734-1969 10242 * SendMessageInternal (udptransport.cc:442): Sending large replication.vr.proto.StateTransferMessage message in 2 fragments
20230730-160734-1971 10242 * HandleRequestStateTransfer (replica.cc:727):   [0] Sending state transfer from <0,157732> to <0,157743>
20230730-160734-1971 10242 * SendMessageInternal (udptransport.cc:442): Sending large replication.vr.proto.StateTransferMessage message in 2 fragments
20230730-160734-1971 10242 * HandleRequestStateTransfer (replica.cc:727):   [0] Sending state transfer from <0,157733> to <0,157743>
20230730-160734-1972 10242 * SendMessageInternal (udptransport.cc:442): Sending large replication.vr.proto.StateTransferMessage message in 2 fragments
20230730-160734-1972 10242 * HandleRequestStateTransfer (replica.cc:727):   [0] Sending state transfer from <0,157733> to <0,157743>
20230730-160734-1973 10242 * SendMessageInternal (udptransport.cc:442): Sending large replication.vr.proto.StateTransferMessage message in 2 fragments
20230730-160734-1974 10242 * HandleRequestStateTransfer (replica.cc:727):   [0] Sending state transfer from <0,157736> to <0,157743>
20230730-160734-1974 10242 * SendMessageInternal (udptransport.cc:442): Sending large replication.vr.proto.StateTransferMessage message in 2 fragments
20230730-160734-1975 10242 * HandleRequestStateTransfer (replica.cc:727):   [0] Sending state transfer from <0,157736> to <0,157743>
20230730-160734-1975 10242 * SendMessageInternal (udptransport.cc:442): Sending large replication.vr.proto.StateTransferMessage message in 2 fragments
20230730-160734-1976 10242 * HandleRequestStateTransfer (replica.cc:727):   [0] Sending state transfer from <0,157738> to <0,157743>
20230730-160734-1977 10242 * SendMessageInternal (udptransport.cc:442): Sending large replication.vr.proto.StateTransferMessage message in 2 fragments
20230730-160734-1978 10242 * HandleRequestStateTransfer (replica.cc:727):   [0] Sending state transfer from <0,157738> to <0,157743>
20230730-160734-1978 10242 * SendMessageInternal (udptransport.cc:442): Sending large replication.vr.proto.StateTransferMessage message in 2 fragments
20230730-160734-1979 10242 * HandleRequestStateTransfer (replica.cc:727):   [0] Sending state transfer from <0,157739> to <0,157743>
20230730-160734-1979 10242 * SendMessageInternal (udptransport.cc:442): Sending large replication.vr.proto.StateTransferMessage message in 2 fragments
20230730-160734-1980 10242 * HandleRequestStateTransfer (replica.cc:727):   [0] Sending state transfer from <0,157741> to <0,157743>
20230730-160734-1981 10242 * SendMessageInternal (udptransport.cc:442): Sending large replication.vr.proto.StateTransferMessage message in 2 fragments
20230730-160734-1981 10242 * HandleRequestStateTransfer (replica.cc:727):   [0] Sending state transfer from <0,157739> to <0,157743>
20230730-160734-1982 10242 * SendMessageInternal (udptransport.cc:442): Sending large replication.vr.proto.StateTransferMessage message in 2 fragments
20230730-160734-1983 10242 * HandleRequestStateTransfer (replica.cc:727):   [0] Sending state transfer from <0,157741> to <0,157743>
20230730-160734-1983 10242 * SendMessageInternal (udptransport.cc:442): Sending large replication.vr.proto.StateTransferMessage message in 2 fragments
20230730-160735-5064 10242 * HandleRequestStateTransfer (replica.cc:727):   [0] Sending state transfer from <0,169050> to <0,169068>
20230730-160735-5073 10242 * SendMessageInternal (udptransport.cc:442): Sending large replication.vr.proto.StateTransferMessage message in 2 fragments
20230730-160735-5074 10242 * HandleRequestStateTransfer (replica.cc:727):   [0] Sending state transfer from <0,169051> to <0,169068>
20230730-160735-5075 10242 * SendMessageInternal (udptransport.cc:442): Sending large replication.vr.proto.StateTransferMessage message in 2 fragments
20230730-160735-5077 10242 * HandleRequestStateTransfer (replica.cc:727):   [0] Sending state transfer from <0,169052> to <0,169071>
20230730-160735-5077 10242 * SendMessageInternal (udptransport.cc:442): Sending large replication.vr.proto.StateTransferMessage message in 2 fragments
20230730-160735-5080 10242 * HandleRequestStateTransfer (replica.cc:727):   [0] Sending state transfer from <0,169054> to <0,169075>
20230730-160735-5081 10242 * SendMessageInternal (udptransport.cc:442): Sending large replication.vr.proto.StateTransferMessage message in 2 fragments
20230730-160735-5081 10242 * HandleRequestStateTransfer (replica.cc:727):   [0] Sending state transfer from <0,169055> to <0,169075>
20230730-160735-5084 10242 * HandleRequestStateTransfer (replica.cc:727):   [0] Sending state transfer from <0,169056> to <0,169076>
20230730-160735-5085 10242 * SendMessageInternal (udptransport.cc:442): Sending large replication.vr.proto.StateTransferMessage message in 2 fragments
20230730-160735-5368 10242 * HandleRequestStateTransfer (replica.cc:727):   [0] Sending state transfer from <0,169375> to <0,169391>
20230730-160735-5369 10242 * SendMessageInternal (udptransport.cc:442): Sending large replication.vr.proto.StateTransferMessage message in 2 fragments
20230730-160735-5370 10242 * HandleRequestStateTransfer (replica.cc:727):   [0] Sending state transfer from <0,169376> to <0,169393>
20230730-160735-5371 10242 * HandleRequestStateTransfer (replica.cc:727):   [0] Sending state transfer from <0,169378> to <0,169393>
20230730-160735-5372 10242 * HandleRequestStateTransfer (replica.cc:727):   [0] Sending state transfer from <0,169379> to <0,169395>
20230730-160735-5375 10242 * HandleRequestStateTransfer (replica.cc:727):   [0] Sending state transfer from <0,169380> to <0,169396>
20230730-160735-5376 10242 * SendMessageInternal (udptransport.cc:442): Sending large replication.vr.proto.StateTransferMessage message in 2 fragments
20230730-160735-5379 10242 * HandleRequestStateTransfer (replica.cc:727):   [0] Sending state transfer from <0,169381> to <0,169399>
20230730-160735-5379 10242 * SendMessageInternal (udptransport.cc:442): Sending large replication.vr.proto.StateTransferMessage message in 2 fragments
20230730-160735-5380 10242 * HandleRequestStateTransfer (replica.cc:727):   [0] Sending state transfer from <0,169384> to <0,169399>
20230730-160735-5380 10242 * SendMessageInternal (udptransport.cc:442): Sending large replication.vr.proto.StateTransferMessage message in 2 fragments
20230730-160735-5382 10242 * HandleRequestStateTransfer (replica.cc:727):   [0] Sending state transfer from <0,169386> to <0,169401>
20230730-160735-5383 10242 * SendMessageInternal (udptransport.cc:442): Sending large replication.vr.proto.StateTransferMessage message in 2 fragments
20230730-160735-5384 10242 * HandleRequestStateTransfer (replica.cc:727):   [0] Sending state transfer from <0,169388> to <0,169401>
20230730-160735-5384 10242 * SendMessageInternal (udptransport.cc:442): Sending large replication.vr.proto.StateTransferMessage message in 2 fragments
20230730-160735-5386 10242 * HandleRequestStateTransfer (replica.cc:727):   [0] Sending state transfer from <0,169390> to <0,169403>
20230730-160735-5386 10242 * SendMessageInternal (udptransport.cc:442): Sending large replication.vr.proto.StateTransferMessage message in 2 fragments
20230730-160735-8402 10242 * HandleRequestStateTransfer (replica.cc:727):   [0] Sending state transfer from <0,172046> to <0,172055>
20230730-160735-8403 10242 * HandleRequestStateTransfer (replica.cc:727):   [0] Sending state transfer from <0,172046> to <0,172055>
20230730-160735-8405 10242 * HandleRequestStateTransfer (replica.cc:727):   [0] Sending state transfer from <0,172048> to <0,172056>
20230730-160735-8407 10242 * HandleRequestStateTransfer (replica.cc:727):   [0] Sending state transfer from <0,172048> to <0,172056>
20230730-160735-8407 10242 * HandleRequestStateTransfer (replica.cc:727):   [0] Sending state transfer from <0,172050> to <0,172056>
20230730-160735-8409 10242 * HandleRequestStateTransfer (replica.cc:727):   [0] Sending state transfer from <0,172050> to <0,172056>
20230730-160735-8411 10242 * HandleRequestStateTransfer (replica.cc:727):   [0] Sending state transfer from <0,172051> to <0,172056>
20230730-160735-8412 10242 * HandleRequestStateTransfer (replica.cc:727):   [0] Sending state transfer from <0,172051> to <0,172056>
20230730-160735-8414 10242 * HandleRequestStateTransfer (replica.cc:727):   [0] Sending state transfer from <0,172055> to <0,172056>
20230730-160735-8415 10242 * HandleRequestStateTransfer (replica.cc:727):   [0] Sending state transfer from <0,172055> to <0,172056>
20230730-160736-1653 10242 * HandleRequestStateTransfer (replica.cc:727):   [0] Sending state transfer from <0,174807> to <0,174810>
20230730-160736-1654 10242 * HandleRequestStateTransfer (replica.cc:727):   [0] Sending state transfer from <0,174808> to <0,174811>
20230730-160736-1655 10242 * HandleRequestStateTransfer (replica.cc:727):   [0] Sending state transfer from <0,174809> to <0,174811>
20230730-160737-3439 10242 * HandleRequestStateTransfer (replica.cc:727):   [0] Sending state transfer from <0,184401> to <0,184447>
20230730-160737-3440 10242 * SendMessageInternal (udptransport.cc:442): Sending large replication.vr.proto.StateTransferMessage message in 3 fragments
20230730-160737-3443 10242 * HandleRequestStateTransfer (replica.cc:727):   [0] Sending state transfer from <0,184406> to <0,184448>
20230730-160737-3444 10242 * SendMessageInternal (udptransport.cc:442): Sending large replication.vr.proto.StateTransferMessage message in 3 fragments
20230730-160737-3446 10242 * HandleRequestStateTransfer (replica.cc:727):   [0] Sending state transfer from <0,184407> to <0,184450>
20230730-160737-3447 10242 * SendMessageInternal (udptransport.cc:442): Sending large replication.vr.proto.StateTransferMessage message in 3 fragments
20230730-160737-3458 10242 * HandleRequestStateTransfer (replica.cc:727):   [0] Sending state transfer from <0,184427> to <0,184457>
20230730-160737-3458 10242 * SendMessageInternal (udptransport.cc:442): Sending large replication.vr.proto.StateTransferMessage message in 2 fragments
20230730-160737-3461 10242 * HandleRequestStateTransfer (replica.cc:727):   [0] Sending state transfer from <0,184428> to <0,184458>
20230730-160737-3461 10242 * SendMessageInternal (udptransport.cc:442): Sending large replication.vr.proto.StateTransferMessage message in 2 fragments
20230730-160737-3464 10242 * HandleRequestStateTransfer (replica.cc:727):   [0] Sending state transfer from <0,184429> to <0,184460>
20230730-160737-3465 10242 * SendMessageInternal (udptransport.cc:442): Sending large replication.vr.proto.StateTransferMessage message in 2 fragments
20230730-160737-3468 10242 * HandleRequestStateTransfer (replica.cc:727):   [0] Sending state transfer from <0,184434> to <0,184460>
20230730-160737-3468 10242 * SendMessageInternal (udptransport.cc:442): Sending large replication.vr.proto.StateTransferMessage message in 2 fragments
20230730-160737-3470 10242 * HandleRequestStateTransfer (replica.cc:727):   [0] Sending state transfer from <0,184439> to <0,184461>
20230730-160737-3470 10242 * SendMessageInternal (udptransport.cc:442): Sending large replication.vr.proto.StateTransferMessage message in 2 fragments
20230730-160737-3474 10242 * HandleRequestStateTransfer (replica.cc:727):   [0] Sending state transfer from <0,184440> to <0,184463>
20230730-160737-3474 10242 * SendMessageInternal (udptransport.cc:442): Sending large replication.vr.proto.StateTransferMessage message in 2 fragments
20230730-160737-5044 10242 * HandleRequestStateTransfer (replica.cc:727):   [0] Sending state transfer from <0,185777> to <0,185791>
20230730-160737-5045 10242 * SendMessageInternal (udptransport.cc:442): Sending large replication.vr.proto.StateTransferMessage message in 2 fragments
20230730-160737-5047 10242 * HandleRequestStateTransfer (replica.cc:727):   [0] Sending state transfer from <0,185778> to <0,185792>
20230730-160737-5047 10242 * SendMessageInternal (udptransport.cc:442): Sending large replication.vr.proto.StateTransferMessage message in 2 fragments
20230730-160737-5050 10242 * HandleRequestStateTransfer (replica.cc:727):   [0] Sending state transfer from <0,185779> to <0,185793>
20230730-160737-5050 10242 * SendMessageInternal (udptransport.cc:442): Sending large replication.vr.proto.StateTransferMessage message in 2 fragments
20230730-160737-5054 10242 * HandleRequestStateTransfer (replica.cc:727):   [0] Sending state transfer from <0,185781> to <0,185796>
20230730-160737-5054 10242 * SendMessageInternal (udptransport.cc:442): Sending large replication.vr.proto.StateTransferMessage message in 2 fragments
20230730-160737-5056 10242 * HandleRequestStateTransfer (replica.cc:727):   [0] Sending state transfer from <0,185782> to <0,185797>
20230730-160737-5057 10242 * SendMessageInternal (udptransport.cc:442): Sending large replication.vr.proto.StateTransferMessage message in 2 fragments
20230730-160737-5060 10242 * HandleRequestStateTransfer (replica.cc:727):   [0] Sending state transfer from <0,185783> to <0,185800>
20230730-160737-5060 10242 * SendMessageInternal (udptransport.cc:442): Sending large replication.vr.proto.StateTransferMessage message in 2 fragments
20230730-160738-8531 10242 * HandleRequestStateTransfer (replica.cc:727):   [0] Sending state transfer from <0,196019> to <0,196024>
20230730-160738-8532 10242 * HandleRequestStateTransfer (replica.cc:727):   [0] Sending state transfer from <0,196020> to <0,196024>
20230730-160739-9419 10242 * HandleRequestStateTransfer (replica.cc:727):   [0] Sending state transfer from <0,204174> to <0,204185>
20230730-160739-9425 10242 * SendMessageInternal (udptransport.cc:442): Sending large replication.vr.proto.StateTransferMessage message in 2 fragments
20230730-160739-9426 10242 * HandleRequestStateTransfer (replica.cc:727):   [0] Sending state transfer from <0,204174> to <0,204186>
20230730-160739-9427 10242 * SendMessageInternal (udptransport.cc:442): Sending large replication.vr.proto.StateTransferMessage message in 2 fragments
20230730-160739-9428 10242 * HandleRequestStateTransfer (replica.cc:727):   [0] Sending state transfer from <0,204175> to <0,204186>
20230730-160739-9429 10242 * SendMessageInternal (udptransport.cc:442): Sending large replication.vr.proto.StateTransferMessage message in 2 fragments
20230730-160739-9430 10242 * HandleRequestStateTransfer (replica.cc:727):   [0] Sending state transfer from <0,204175> to <0,204186>
20230730-160739-9430 10242 * SendMessageInternal (udptransport.cc:442): Sending large replication.vr.proto.StateTransferMessage message in 2 fragments
20230730-160739-9431 10242 * HandleRequestStateTransfer (replica.cc:727):   [0] Sending state transfer from <0,204176> to <0,204186>
20230730-160739-9432 10242 * SendMessageInternal (udptransport.cc:442): Sending large replication.vr.proto.StateTransferMessage message in 2 fragments
20230730-160739-9433 10242 * HandleRequestStateTransfer (replica.cc:727):   [0] Sending state transfer from <0,204176> to <0,204186>
20230730-160739-9434 10242 * SendMessageInternal (udptransport.cc:442): Sending large replication.vr.proto.StateTransferMessage message in 2 fragments
20230730-160739-9434 10242 * HandleRequestStateTransfer (replica.cc:727):   [0] Sending state transfer from <0,204178> to <0,204186>
20230730-160739-9435 10242 * SendMessageInternal (udptransport.cc:442): Sending large replication.vr.proto.StateTransferMessage message in 2 fragments
20230730-160739-9436 10242 * HandleRequestStateTransfer (replica.cc:727):   [0] Sending state transfer from <0,204179> to <0,204186>
20230730-160739-9436 10242 * SendMessageInternal (udptransport.cc:442): Sending large replication.vr.proto.StateTransferMessage message in 2 fragments
20230730-160739-9437 10242 * HandleRequestStateTransfer (replica.cc:727):   [0] Sending state transfer from <0,204178> to <0,204186>
20230730-160739-9437 10242 * SendMessageInternal (udptransport.cc:442): Sending large replication.vr.proto.StateTransferMessage message in 2 fragments
20230730-160739-9439 10242 * HandleRequestStateTransfer (replica.cc:727):   [0] Sending state transfer from <0,204180> to <0,204186>
20230730-160739-9439 10242 * SendMessageInternal (udptransport.cc:442): Sending large replication.vr.proto.StateTransferMessage message in 2 fragments
20230730-160739-9440 10242 * HandleRequestStateTransfer (replica.cc:727):   [0] Sending state transfer from <0,204179> to <0,204186>
20230730-160739-9440 10242 * SendMessageInternal (udptransport.cc:442): Sending large replication.vr.proto.StateTransferMessage message in 2 fragments
20230730-160739-9442 10242 * HandleRequestStateTransfer (replica.cc:727):   [0] Sending state transfer from <0,204180> to <0,204186>
20230730-160739-9443 10242 * SendMessageInternal (udptransport.cc:442): Sending large replication.vr.proto.StateTransferMessage message in 2 fragments
20230730-160739-9444 10242 * HandleRequestStateTransfer (replica.cc:727):   [0] Sending state transfer from <0,204182> to <0,204186>
20230730-160739-9444 10242 * SendMessageInternal (udptransport.cc:442): Sending large replication.vr.proto.StateTransferMessage message in 2 fragments
20230730-160739-9446 10242 * HandleRequestStateTransfer (replica.cc:727):   [0] Sending state transfer from <0,204182> to <0,204186>
20230730-160739-9446 10242 * SendMessageInternal (udptransport.cc:442): Sending large replication.vr.proto.StateTransferMessage message in 2 fragments
20230730-160739-9447 10242 * HandleRequestStateTransfer (replica.cc:727):   [0] Sending state transfer from <0,204183> to <0,204186>
20230730-160739-9447 10242 * SendMessageInternal (udptransport.cc:442): Sending large replication.vr.proto.StateTransferMessage message in 2 fragments
20230730-160739-9449 10242 * HandleRequestStateTransfer (replica.cc:727):   [0] Sending state transfer from <0,204183> to <0,204186>
20230730-160739-9450 10242 * SendMessageInternal (udptransport.cc:442): Sending large replication.vr.proto.StateTransferMessage message in 2 fragments
20230730-160740-6267 10242 ! releaseForWrite (lockserver.cc:353): [-26501456565101574] Releasing unheld write lock: X5lvYWw0MRx8w2mDyS2y9EDmuOP3qJXF2ebsBL4kggtojDfrxkEdoiEVDyH0h51M
20230730-160742-5080 10242 * HandleRequestStateTransfer (replica.cc:727):   [0] Sending state transfer from <0,225098> to <0,225104>
20230730-160742-5083 10242 * HandleRequestStateTransfer (replica.cc:727):   [0] Sending state transfer from <0,225099> to <0,225104>
20230730-160742-5085 10242 * HandleRequestStateTransfer (replica.cc:727):   [0] Sending state transfer from <0,225100> to <0,225106>
20230730-160744-3499 10242 * HandleRequestStateTransfer (replica.cc:727):   [0] Sending state transfer from <0,239465> to <0,239480>
20230730-160744-3500 10242 * SendMessageInternal (udptransport.cc:442): Sending large replication.vr.proto.StateTransferMessage message in 2 fragments
20230730-160744-8183 10242 ! releaseForWrite (lockserver.cc:353): [-5015115224456831563] Releasing unheld write lock: kwvGQu3yaJ9mLVu4PwdeS34kSOHRFpbNCoSIqe2ojNaE5nlTuJOLCpSnMpiMSLW1
20230730-160745-0510 10242 ! releaseForRead  (lockserver.cc:293): [-7748576497382521501] Releasing unheld read lock: X5lvYWw0MRx8w2mDyS2y9EDmuOP3qJXF2ebsBL4kggtojDfrxkEdoiEVDyH0h51M
20230730-160745-1955 10242 * HandleRequestStateTransfer (replica.cc:727):   [0] Sending state transfer from <0,246373> to <0,246409>
20230730-160745-1957 10242 * SendMessageInternal (udptransport.cc:442): Sending large replication.vr.proto.StateTransferMessage message in 3 fragments
20230730-160745-1963 10242 * HandleRequestStateTransfer (replica.cc:727):   [0] Sending state transfer from <0,246396> to <0,246414>
20230730-160745-1964 10242 * SendMessageInternal (udptransport.cc:442): Sending large replication.vr.proto.StateTransferMessage message in 2 fragments
20230730-160745-1965 10242 * HandleRequestStateTransfer (replica.cc:727):   [0] Sending state transfer from <0,246400> to <0,246415>
20230730-160745-1966 10242 * SendMessageInternal (udptransport.cc:442): Sending large replication.vr.proto.StateTransferMessage message in 2 fragments
20230730-160745-3236 10242 * HandleRequestStateTransfer (replica.cc:727):   [0] Sending state transfer from <0,247391> to <0,247403>
20230730-160745-3237 10242 * SendMessageInternal (udptransport.cc:442): Sending large replication.vr.proto.StateTransferMessage message in 2 fragments
20230730-160745-3238 10242 * HandleRequestStateTransfer (replica.cc:727):   [0] Sending state transfer from <0,247391> to <0,247404>
20230730-160745-3238 10242 * SendMessageInternal (udptransport.cc:442): Sending large replication.vr.proto.StateTransferMessage message in 2 fragments
20230730-160745-3240 10242 * HandleRequestStateTransfer (replica.cc:727):   [0] Sending state transfer from <0,247393> to <0,247404>
20230730-160745-3240 10242 * SendMessageInternal (udptransport.cc:442): Sending large replication.vr.proto.StateTransferMessage message in 2 fragments
20230730-160745-3241 10242 * HandleRequestStateTransfer (replica.cc:727):   [0] Sending state transfer from <0,247393> to <0,247404>
20230730-160745-3241 10242 * SendMessageInternal (udptransport.cc:442): Sending large replication.vr.proto.StateTransferMessage message in 2 fragments
20230730-160745-3243 10242 * HandleRequestStateTransfer (replica.cc:727):   [0] Sending state transfer from <0,247394> to <0,247404>
20230730-160745-3243 10242 * SendMessageInternal (udptransport.cc:442): Sending large replication.vr.proto.StateTransferMessage message in 2 fragments
20230730-160745-3244 10242 * HandleRequestStateTransfer (replica.cc:727):   [0] Sending state transfer from <0,247394> to <0,247404>
20230730-160745-3244 10242 * SendMessageInternal (udptransport.cc:442): Sending large replication.vr.proto.StateTransferMessage message in 2 fragments
20230730-160745-3245 10242 * HandleRequestStateTransfer (replica.cc:727):   [0] Sending state transfer from <0,247395> to <0,247404>
20230730-160745-3245 10242 * SendMessageInternal (udptransport.cc:442): Sending large replication.vr.proto.StateTransferMessage message in 2 fragments
20230730-160745-3246 10242 * HandleRequestStateTransfer (replica.cc:727):   [0] Sending state transfer from <0,247395> to <0,247404>
20230730-160745-3246 10242 * SendMessageInternal (udptransport.cc:442): Sending large replication.vr.proto.StateTransferMessage message in 2 fragments
20230730-160745-3249 10242 * HandleRequestStateTransfer (replica.cc:727):   [0] Sending state transfer from <0,247397> to <0,247404>
20230730-160745-3250 10242 * SendMessageInternal (udptransport.cc:442): Sending large replication.vr.proto.StateTransferMessage message in 2 fragments
20230730-160745-3250 10242 * HandleRequestStateTransfer (replica.cc:727):   [0] Sending state transfer from <0,247397> to <0,247404>
20230730-160745-3250 10242 * SendMessageInternal (udptransport.cc:442): Sending large replication.vr.proto.StateTransferMessage message in 2 fragments
20230730-160745-3252 10242 * HandleRequestStateTransfer (replica.cc:727):   [0] Sending state transfer from <0,247398> to <0,247404>
20230730-160745-3253 10242 * SendMessageInternal (udptransport.cc:442): Sending large replication.vr.proto.StateTransferMessage message in 2 fragments
20230730-160745-3253 10242 * HandleRequestStateTransfer (replica.cc:727):   [0] Sending state transfer from <0,247398> to <0,247404>
20230730-160745-3253 10242 * SendMessageInternal (udptransport.cc:442): Sending large replication.vr.proto.StateTransferMessage message in 2 fragments
20230730-160745-3254 10242 * HandleRequestStateTransfer (replica.cc:727):   [0] Sending state transfer from <0,247399> to <0,247404>
20230730-160745-3254 10242 * SendMessageInternal (udptransport.cc:442): Sending large replication.vr.proto.StateTransferMessage message in 2 fragments
20230730-160745-3255 10242 * HandleRequestStateTransfer (replica.cc:727):   [0] Sending state transfer from <0,247399> to <0,247404>
20230730-160745-3255 10242 * SendMessageInternal (udptransport.cc:442): Sending large replication.vr.proto.StateTransferMessage message in 2 fragments
20230730-160745-3256 10242 * HandleRequestStateTransfer (replica.cc:727):   [0] Sending state transfer from <0,247401> to <0,247404>
20230730-160745-3257 10242 * SendMessageInternal (udptransport.cc:442): Sending large replication.vr.proto.StateTransferMessage message in 2 fragments
20230730-160745-3257 10242 * HandleRequestStateTransfer (replica.cc:727):   [0] Sending state transfer from <0,247401> to <0,247404>
20230730-160745-3258 10242 * SendMessageInternal (udptransport.cc:442): Sending large replication.vr.proto.StateTransferMessage message in 2 fragments
20230730-160745-3259 10242 * HandleRequestStateTransfer (replica.cc:727):   [0] Sending state transfer from <0,247402> to <0,247404>
20230730-160745-3259 10242 * SendMessageInternal (udptransport.cc:442): Sending large replication.vr.proto.StateTransferMessage message in 2 fragments
20230730-160745-3260 10242 * HandleRequestStateTransfer (replica.cc:727):   [0] Sending state transfer from <0,247402> to <0,247404>
20230730-160745-3260 10242 * SendMessageInternal (udptransport.cc:442): Sending large replication.vr.proto.StateTransferMessage message in 2 fragments
20230730-160745-3261 10242 * HandleRequestStateTransfer (replica.cc:727):   [0] Sending state transfer from <0,247403> to <0,247404>
20230730-160745-3261 10242 * SendMessageInternal (udptransport.cc:442): Sending large replication.vr.proto.StateTransferMessage message in 2 fragments
20230730-160745-8749 10242 ! releaseForWrite (lockserver.cc:353): [-927374190692801561] Releasing unheld write lock: kwvGQu3yaJ9mLVu4PwdeS34kSOHRFpbNCoSIqe2ojNaE5nlTuJOLCpSnMpiMSLW1
20230730-160746-4347 10242 ! releaseForWrite (lockserver.cc:353): [2213913669860200060] Releasing unheld write lock: qjXYtIDMMRj0XP5ah4TqvPVSeRMGVyQAM39RZJcG3bzbjgdM9oCb0n0fNbx8tnSy
20230730-160746-8151 10242 ! releaseForRead  (lockserver.cc:293): [-895190990019681561] Releasing unheld read lock: kwvGQu3yaJ9mLVu4PwdeS34kSOHRFpbNCoSIqe2ojNaE5nlTuJOLCpSnMpiMSLW1
20230730-160746-8178 10242 ! releaseForWrite (lockserver.cc:353): [-86256678346911552] Releasing unheld write lock: kwvGQu3yaJ9mLVu4PwdeS34kSOHRFpbNCoSIqe2ojNaE5nlTuJOLCpSnMpiMSLW1
20230730-160746-8182 10242 ! releaseForRead  (lockserver.cc:293): [1272565865209020045] Releasing unheld read lock: kwvGQu3yaJ9mLVu4PwdeS34kSOHRFpbNCoSIqe2ojNaE5nlTuJOLCpSnMpiMSLW1
20230730-160746-8542 10242 ! releaseForWrite (lockserver.cc:353): [-4041585804513721532] Releasing unheld write lock: HAcur7WzisX0ZAadaWtjnauRy1mOyuXc1CetGbHWgGs3jBKbjD0BLweRmW4tVVK5
20230730-160746-8763 10242 ! releaseForRead  (lockserver.cc:293): [-927374190692801560] Releasing unheld read lock: kwvGQu3yaJ9mLVu4PwdeS34kSOHRFpbNCoSIqe2ojNaE5nlTuJOLCpSnMpiMSLW1
20230730-160747-0128 10242 ! releaseForRead  (lockserver.cc:293): [-3355354164546201469] Releasing unheld read lock: kwvGQu3yaJ9mLVu4PwdeS34kSOHRFpbNCoSIqe2ojNaE5nlTuJOLCpSnMpiMSLW1
20230730-160747-0166 10242 ! releaseForRead  (lockserver.cc:293): [5266598512233180054] Releasing unheld read lock: Rlq8I0C6V4XXoSSXX0Jk75UfrzEr1BnUCkknOLveRE8P3yNNS8m9h6wPqAauvsis
20230730-160747-1738 10242 ! releaseForRead  (lockserver.cc:293): [7255450014187790049] Releasing unheld read lock: qjXYtIDMMRj0XP5ah4TqvPVSeRMGVyQAM39RZJcG3bzbjgdM9oCb0n0fNbx8tnSy
20230730-160747-6235 10242 * HandleRequestStateTransfer (replica.cc:727):   [0] Sending state transfer from <0,262158> to <0,262185>
20230730-160747-6507 10242 * SendMessageInternal (udptransport.cc:442): Sending large replication.vr.proto.StateTransferMessage message in 2 fragments
20230730-160747-6511 10242 * HandleRequestStateTransfer (replica.cc:727):   [0] Sending state transfer from <0,262163> to <0,262185>
20230730-160747-6541 10242 * SendMessageInternal (udptransport.cc:442): Sending large replication.vr.proto.StateTransferMessage message in 2 fragments
20230730-160747-6543 10242 * HandleRequestStateTransfer (replica.cc:727):   [0] Sending state transfer from <0,262165> to <0,262185>
20230730-160747-6559 10242 * SendMessageInternal (udptransport.cc:442): Sending large replication.vr.proto.StateTransferMessage message in 2 fragments
20230730-160747-6560 10242 * HandleRequestStateTransfer (replica.cc:727):   [0] Sending state transfer from <0,262171> to <0,262185>
20230730-160747-6560 10242 * SendMessageInternal (udptransport.cc:442): Sending large replication.vr.proto.StateTransferMessage message in 2 fragments
20230730-160747-6561 10242 * HandleRequestStateTransfer (replica.cc:727):   [0] Sending state transfer from <0,262175> to <0,262185>
20230730-160747-6561 10242 * SendMessageInternal (udptransport.cc:442): Sending large replication.vr.proto.StateTransferMessage message in 2 fragments
20230730-160747-6562 10242 * HandleRequestStateTransfer (replica.cc:727):   [0] Sending state transfer from <0,262180> to <0,262185>
20230730-160747-6562 10242 * SendMessageInternal (udptransport.cc:442): Sending large replication.vr.proto.StateTransferMessage message in 2 fragments
20230730-160747-6562 10242 * HandleRequestStateTransfer (replica.cc:727):   [0] Sending state transfer from <0,262185> to <0,262185>
20230730-160747-6563 10242 * SendMessageInternal (udptransport.cc:442): Sending large replication.vr.proto.StateTransferMessage message in 2 fragments
20230730-160747-6672 10242 * HandleRequestStateTransfer (replica.cc:727):   [0] Sending state transfer from <0,262144> to <0,262209>
20230730-160747-6674 10242 * SendMessageInternal (udptransport.cc:442): Sending large replication.vr.proto.StateTransferMessage message in 3 fragments
20230730-160747-8618 10242 ! releaseForWrite (lockserver.cc:353): [50452160351890055] Releasing unheld write lock: MWyHzo62N7s73MvhdrDJHzWGf36aAxwZOqdQD7CIDtuT3YBYb14dqEPiXvhOY1v4
20230730-160747-8665 10242 ! releaseForWrite (lockserver.cc:353): [-7602315279237141561] Releasing unheld write lock: yrN3u4vy1mmZU2HFfXUn3oUuViafTOJkico88NxYGXlXmcctkjsKsDZAh2Jie5Cf
20230730-160747-8668 10242 ! releaseForWrite (lockserver.cc:353): [219471678962770054] Releasing unheld write lock: MWyHzo62N7s73MvhdrDJHzWGf36aAxwZOqdQD7CIDtuT3YBYb14dqEPiXvhOY1v4
20230730-160749-1172 10242 ! releaseForWrite (lockserver.cc:353): [-6112169038485001567] Releasing unheld write lock: HAcur7WzisX0ZAadaWtjnauRy1mOyuXc1CetGbHWgGs3jBKbjD0BLweRmW4tVVK5
20230730-160749-2403 10242 ! releaseForWrite (lockserver.cc:353): [7760118379292100208] Releasing unheld write lock: HAcur7WzisX0ZAadaWtjnauRy1mOyuXc1CetGbHWgGs3jBKbjD0BLweRmW4tVVK5
20230730-160749-3688 10242 ! releaseForWrite (lockserver.cc:353): [-6472852349798261478] Releasing unheld write lock: HAcur7WzisX0ZAadaWtjnauRy1mOyuXc1CetGbHWgGs3jBKbjD0BLweRmW4tVVK5
20230730-160751-6066 10242 * HandleRequestStateTransfer (replica.cc:727):   [0] Sending state transfer from <0,293560> to <0,293620>
20230730-160751-6089 10242 * SendMessageInternal (udptransport.cc:442): Sending large replication.vr.proto.StateTransferMessage message in 3 fragments
20230730-160751-6101 10242 * HandleRequestStateTransfer (replica.cc:727):   [0] Sending state transfer from <0,293613> to <0,293625>
20230730-160751-6102 10242 * HandleRequestStateTransfer (replica.cc:727):   [0] Sending state transfer from <0,293617> to <0,293625>
20230730-160751-6104 10242 * HandleRequestStateTransfer (replica.cc:727):   [0] Sending state transfer from <0,293620> to <0,293625>
20230730-160751-6659 10242 * HandleRequestStateTransfer (replica.cc:727):   [0] Sending state transfer from <0,294072> to <0,294082>
20230730-160751-6663 10242 * HandleRequestStateTransfer (replica.cc:727):   [0] Sending state transfer from <0,294073> to <0,294083>
20230730-160751-6665 10242 * HandleRequestStateTransfer (replica.cc:727):   [0] Sending state transfer from <0,294074> to <0,294084>
20230730-160751-6666 10242 * HandleRequestStateTransfer (replica.cc:727):   [0] Sending state transfer from <0,294074> to <0,294084>
20230730-160751-6666 10242 * HandleRequestStateTransfer (replica.cc:727):   [0] Sending state transfer from <0,294075> to <0,294085>
20230730-160751-6667 10242 * HandleRequestStateTransfer (replica.cc:727):   [0] Sending state transfer from <0,294075> to <0,294085>
20230730-160751-6667 10242 * HandleRequestStateTransfer (replica.cc:727):   [0] Sending state transfer from <0,294076> to <0,294085>
20230730-160751-6668 10242 * HandleRequestStateTransfer (replica.cc:727):   [0] Sending state transfer from <0,294076> to <0,294085>
20230730-160751-6669 10242 * HandleRequestStateTransfer (replica.cc:727):   [0] Sending state transfer from <0,294078> to <0,294085>
20230730-160751-6669 10242 * HandleRequestStateTransfer (replica.cc:727):   [0] Sending state transfer from <0,294078> to <0,294085>
20230730-160751-6670 10242 * HandleRequestStateTransfer (replica.cc:727):   [0] Sending state transfer from <0,294079> to <0,294085>
20230730-160751-6671 10242 * HandleRequestStateTransfer (replica.cc:727):   [0] Sending state transfer from <0,294079> to <0,294085>
20230730-160751-6674 10242 * HandleRequestStateTransfer (replica.cc:727):   [0] Sending state transfer from <0,294083> to <0,294093>
20230730-160751-6678 10242 * HandleRequestStateTransfer (replica.cc:727):   [0] Sending state transfer from <0,294084> to <0,294097>
20230730-160751-9799 10242 * HandleRequestStateTransfer (replica.cc:727):   [0] Sending state transfer from <0,296596> to <0,296611>
20230730-160751-9812 10242 * SendMessageInternal (udptransport.cc:442): Sending large replication.vr.proto.StateTransferMessage message in 2 fragments
20230730-160751-9813 10242 * HandleRequestStateTransfer (replica.cc:727):   [0] Sending state transfer from <0,296597> to <0,296613>
20230730-160751-9814 10242 * SendMessageInternal (udptransport.cc:442): Sending large replication.vr.proto.StateTransferMessage message in 2 fragments
20230730-160752-2668 10242 * HandleRequestStateTransfer (replica.cc:727):   [0] Sending state transfer from <0,298920> to <0,298942>
20230730-160752-2679 10242 * SendMessageInternal (udptransport.cc:442): Sending large replication.vr.proto.StateTransferMessage message in 2 fragments
20230730-160752-2681 10242 * HandleRequestStateTransfer (replica.cc:727):   [0] Sending state transfer from <0,298921> to <0,298943>
20230730-160752-2681 10242 * SendMessageInternal (udptransport.cc:442): Sending large replication.vr.proto.StateTransferMessage message in 2 fragments
20230730-160752-3346 10242 * ResendPrepare   (replica.cc:306):   [0] Resending prepare
20230730-160752-4542 10242 * HandleRequestStateTransfer (replica.cc:727):   [0] Sending state transfer from <0,300465> to <0,300473>
20230730-160752-4551 10242 * HandleRequestStateTransfer (replica.cc:727):   [0] Sending state transfer from <0,300466> to <0,300475>
20230730-160752-4554 10242 * HandleRequestStateTransfer (replica.cc:727):   [0] Sending state transfer from <0,300467> to <0,300475>
20230730-160752-4558 10242 * HandleRequestStateTransfer (replica.cc:727):   [0] Sending state transfer from <0,300470> to <0,300478>
20230730-160752-4562 10242 * HandleRequestStateTransfer (replica.cc:727):   [0] Sending state transfer from <0,300473> to <0,300482>
