20230730-160717-6593 02889 * RequestStateTransfer (replica.cc:212):   [1] Requesting state transfer: <0,14184>
20230730-160718-3811 02889 * HandleRequestStateTransfer (replica.cc:727):   [1] Sending state transfer from <0,19982> to <0,19983>
20230730-160718-3812 02889 * HandleRequestStateTransfer (replica.cc:727):   [1] Sending state transfer from <0,19983> to <0,19985>
20230730-160718-3813 02889 * HandleRequestStateTransfer (replica.cc:727):   [1] Sending state transfer from <0,19984> to <0,19985>
20230730-160718-8170 02889 ! releaseForWrite (lockserver.cc:353): [7273588589129020006] Releasing unheld write lock: uBcQAsseIAkEP1KufRVVgc7lG4zq3a0y551ZP3VO5bCW8utYxKBUQCChSYfCXoG8
20230730-160718-8171 02889 ! releaseForWrite (lockserver.cc:353): [7273588589129020006] Releasing unheld write lock: HUWEypM45Q4aaWTh4pLuz8S6zB6eXPyxkXvSb2lys462jqoSc7Ads747Z74MBCBT
20230730-160719-1384 02889 ! releaseForWrite (lockserver.cc:353): [3630457384497800006] Releasing unheld write lock: n3cmB51J8AP87Fwa8xz5G9yOVISyb4MGKIlxv6fmsSgWggT0QsfBr3tYtO1b9hDm
20230730-160719-1384 02889 ! releaseForRead  (lockserver.cc:293): [3630457384497800006] Releasing unheld read lock: IPHV4DK3iOiTQNaWYTefvvo1SSefRtjOaQDH1PozriVZWn0VVopc8PIi2Lq4Lf8P
20230730-160719-1384 02889 ! releaseForRead  (lockserver.cc:293): [3630457384497800006] Releasing unheld read lock: n3cmB51J8AP87Fwa8xz5G9yOVISyb4MGKIlxv6fmsSgWggT0QsfBr3tYtO1b9hDm
20230730-160720-0448 02889 * HandleRequestStateTransfer (replica.cc:727):   [1] Sending state transfer from <0,32825> to <0,32847>
20230730-160720-0448 02889 * SendMessageInternal (udptransport.cc:442): Sending large replication.vr.proto.StateTransferMessage message in 2 fragments
20230730-160720-0450 02889 * HandleRequestStateTransfer (replica.cc:727):   [1] Sending state transfer from <0,32828> to <0,32847>
20230730-160720-0450 02889 * SendMessageInternal (udptransport.cc:442): Sending large replication.vr.proto.StateTransferMessage message in 2 fragments
20230730-160720-0451 02889 * HandleRequestStateTransfer (replica.cc:727):   [1] Sending state transfer from <0,32829> to <0,32848>
20230730-160720-0451 02889 * SendMessageInternal (udptransport.cc:442): Sending large replication.vr.proto.StateTransferMessage message in 2 fragments
20230730-160720-0452 02889 * HandleRequestStateTransfer (replica.cc:727):   [1] Sending state transfer from <0,32831> to <0,32848>
20230730-160720-0453 02889 * SendMessageInternal (udptransport.cc:442): Sending large replication.vr.proto.StateTransferMessage message in 2 fragments
20230730-160720-0454 02889 * HandleRequestStateTransfer (replica.cc:727):   [1] Sending state transfer from <0,32833> to <0,32849>
20230730-160720-0454 02889 * SendMessageInternal (udptransport.cc:442): Sending large replication.vr.proto.StateTransferMessage message in 2 fragments
20230730-160720-0455 02889 * HandleRequestStateTransfer (replica.cc:727):   [1] Sending state transfer from <0,32835> to <0,32849>
20230730-160720-0455 02889 * SendMessageInternal (udptransport.cc:442): Sending large replication.vr.proto.StateTransferMessage message in 2 fragments
20230730-160720-0456 02889 * HandleRequestStateTransfer (replica.cc:727):   [1] Sending state transfer from <0,32837> to <0,32850>
20230730-160720-0457 02889 * SendMessageInternal (udptransport.cc:442): Sending large replication.vr.proto.StateTransferMessage message in 2 fragments
20230730-160720-0457 02889 * HandleRequestStateTransfer (replica.cc:727):   [1] Sending state transfer from <0,32838> to <0,32850>
20230730-160720-0458 02889 * SendMessageInternal (udptransport.cc:442): Sending large replication.vr.proto.StateTransferMessage message in 2 fragments
20230730-160720-0460 02889 * HandleRequestStateTransfer (replica.cc:727):   [1] Sending state transfer from <0,32847> to <0,32854>
20230730-160720-0461 02889 * HandleRequestStateTransfer (replica.cc:727):   [1] Sending state transfer from <0,32849> to <0,32856>
20230730-160720-0463 02889 * HandleRequestStateTransfer (replica.cc:727):   [1] Sending state transfer from <0,32850> to <0,32858>
20230730-160720-1003 02889 * HandleRequestStateTransfer (replica.cc:727):   [1] Sending state transfer from <0,33355> to <0,33356>
20230730-160720-2946 02889 * RequestStateTransfer (replica.cc:212):   [1] Requesting state transfer: <0,34902>
20230730-160720-2947 02889 * HandleRequestStateTransfer (replica.cc:727):   [1] Sending state transfer from <0,34902> to <0,34903>
20230730-160720-2947 02889 * RequestStateTransfer (replica.cc:212):   [1] Requesting state transfer: <0,34903>
20230730-160720-2948 02889 * HandleRequestStateTransfer (replica.cc:727):   [1] Sending state transfer from <0,34903> to <0,34903>
20230730-160720-2948 02889 * RequestStateTransfer (replica.cc:212):   [1] Requesting state transfer: <0,34904>
20230730-160720-2949 02889 * HandleRequestStateTransfer (replica.cc:727):   [1] Sending state transfer from <0,34904> to <0,34904>
20230730-160720-2949 02889 * RequestStateTransfer (replica.cc:212):   [1] Requesting state transfer: <0,34905>
20230730-160720-2950 02889 * HandleRequestStateTransfer (replica.cc:727):   [1] Sending state transfer from <0,34905> to <0,34906>
20230730-160720-2950 02889 * RequestStateTransfer (replica.cc:212):   [1] Requesting state transfer: <0,34906>
20230730-160720-2951 02889 * HandleRequestStateTransfer (replica.cc:727):   [1] Sending state transfer from <0,34906> to <0,34906>
20230730-160720-2952 02889 * RequestStateTransfer (replica.cc:212):   [1] Requesting state transfer: <0,34908>
20230730-160720-2952 02889 * HandleRequestStateTransfer (replica.cc:727):   [1] Sending state transfer from <0,34908> to <0,34908>
20230730-160720-2952 02889 * RequestStateTransfer (replica.cc:212):   [1] Requesting state transfer: <0,34910>
20230730-160720-2953 02889 * HandleRequestStateTransfer (replica.cc:727):   [1] Sending state transfer from <0,34910> to <0,34910>
20230730-160720-2953 02889 * RequestStateTransfer (replica.cc:212):   [1] Requesting state transfer: <0,34911>
20230730-160720-2953 02889 * HandleRequestStateTransfer (replica.cc:727):   [1] Sending state transfer from <0,34911> to <0,34911>
20230730-160720-2954 02889 * RequestStateTransfer (replica.cc:212):   [1] Requesting state transfer: <0,34912>
20230730-160720-2958 02889 * RequestStateTransfer (replica.cc:212):   [1] Requesting state transfer: <0,34932>
20230730-160721-4689 02889 * HandleRequestStateTransfer (replica.cc:727):   [1] Sending state transfer from <0,43361> to <0,43406>
20230730-160721-4690 02889 * SendMessageInternal (udptransport.cc:442): Sending large replication.vr.proto.StateTransferMessage message in 2 fragments
20230730-160721-4691 02889 * HandleRequestStateTransfer (replica.cc:727):   [1] Sending state transfer from <0,43370> to <0,43406>
20230730-160721-4691 02889 * SendMessageInternal (udptransport.cc:442): Sending large replication.vr.proto.StateTransferMessage message in 2 fragments
20230730-160721-4692 02889 * HandleRequestStateTransfer (replica.cc:727):   [1] Sending state transfer from <0,43371> to <0,43406>
20230730-160721-4692 02889 * SendMessageInternal (udptransport.cc:442): Sending large replication.vr.proto.StateTransferMessage message in 2 fragments
20230730-160721-4700 02889 * HandleRequestStateTransfer (replica.cc:727):   [1] Sending state transfer from <0,43406> to <0,43409>
20230730-160722-2602 02889 * RequestStateTransfer (replica.cc:212):   [1] Requesting state transfer: <0,49919>
20230730-160722-2607 02889 * RequestStateTransfer (replica.cc:212):   [1] Requesting state transfer: <0,49943>
20230730-160722-2608 02889 * RequestStateTransfer (replica.cc:212):   [1] Requesting state transfer: <0,49944>
20230730-160722-2609 02889 * RequestStateTransfer (replica.cc:212):   [1] Requesting state transfer: <0,49945>
20230730-160722-2611 02889 * RequestStateTransfer (replica.cc:212):   [1] Requesting state transfer: <0,49948>
20230730-160722-2612 02889 * RequestStateTransfer (replica.cc:212):   [1] Requesting state transfer: <0,49950>
20230730-160722-2614 02889 * RequestStateTransfer (replica.cc:212):   [1] Requesting state transfer: <0,49952>
20230730-160722-2615 02889 * RequestStateTransfer (replica.cc:212):   [1] Requesting state transfer: <0,49953>
20230730-160722-2616 02889 * RequestStateTransfer (replica.cc:212):   [1] Requesting state transfer: <0,49954>
20230730-160722-2625 02889 ! OnReadable      (udptransport.cc:565): Failed to reconstruct packet 1e
20230730-160724-2877 02889 * RequestStateTransfer (replica.cc:212):   [1] Requesting state transfer: <0,65559>
20230730-160724-2879 02889 * RequestStateTransfer (replica.cc:212):   [1] Requesting state transfer: <0,65567>
20230730-160724-2880 02889 * RequestStateTransfer (replica.cc:212):   [1] Requesting state transfer: <0,65574>
20230730-160724-2881 02889 * RequestStateTransfer (replica.cc:212):   [1] Requesting state transfer: <0,65576>
20230730-160724-2883 02889 * RequestStateTransfer (replica.cc:212):   [1] Requesting state transfer: <0,65577>
20230730-160724-2908 02889 * HandleRequestStateTransfer (replica.cc:727):   [1] Sending state transfer from <0,65536> to <0,65595>
20230730-160724-2909 02889 * SendMessageInternal (udptransport.cc:442): Sending large replication.vr.proto.StateTransferMessage message in 3 fragments
20230730-160724-3393 02889 * HandleRequestStateTransfer (replica.cc:727):   [1] Sending state transfer from <0,66002> to <0,66002>
20230730-160724-3400 02889 * HandleRequestStateTransfer (replica.cc:727):   [1] Sending state transfer from <0,66003> to <0,66006>
20230730-160724-3401 02889 * HandleRequestStateTransfer (replica.cc:727):   [1] Sending state transfer from <0,66004> to <0,66007>
20230730-160724-3402 02889 * HandleRequestStateTransfer (replica.cc:727):   [1] Sending state transfer from <0,66005> to <0,66008>
20230730-160724-3403 02889 * HandleRequestStateTransfer (replica.cc:727):   [1] Sending state transfer from <0,66006> to <0,66010>
20230730-160724-3405 02889 * HandleRequestStateTransfer (replica.cc:727):   [1] Sending state transfer from <0,66008> to <0,66013>
20230730-160724-3407 02889 * HandleRequestStateTransfer (replica.cc:727):   [1] Sending state transfer from <0,66010> to <0,66015>
20230730-160724-3408 02889 * HandleRequestStateTransfer (replica.cc:727):   [1] Sending state transfer from <0,66012> to <0,66016>
20230730-160724-3409 02889 * HandleRequestStateTransfer (replica.cc:727):   [1] Sending state transfer from <0,66014> to <0,66017>
20230730-160724-3411 02889 * HandleRequestStateTransfer (replica.cc:727):   [1] Sending state transfer from <0,66015> to <0,66019>
20230730-160724-9515 02889 * HandleRequestStateTransfer (replica.cc:727):   [1] Sending state transfer from <0,71213> to <0,71215>
20230730-160724-9517 02889 * HandleRequestStateTransfer (replica.cc:727):   [1] Sending state transfer from <0,71215> to <0,71216>
20230730-160725-0645 02889 * RequestStateTransfer (replica.cc:212):   [1] Requesting state transfer: <0,71827>
20230730-160725-0648 02889 * HandleRequestStateTransfer (replica.cc:727):   [1] Sending state transfer from <0,71827> to <0,71829>
20230730-160725-0649 02889 * RequestStateTransfer (replica.cc:212):   [1] Requesting state transfer: <0,71831>
20230730-160725-0653 02889 * HandleRequestStateTransfer (replica.cc:727):   [1] Sending state transfer from <0,71831> to <0,71831>
20230730-160725-1328 02889 * HandleRequestStateTransfer (replica.cc:727):   [1] Sending state transfer from <0,72362> to <0,72386>
20230730-160725-1328 02889 * SendMessageInternal (udptransport.cc:442): Sending large replication.vr.proto.StateTransferMessage message in 2 fragments
20230730-160725-1330 02889 * HandleRequestStateTransfer (replica.cc:727):   [1] Sending state transfer from <0,72364> to <0,72391>
20230730-160725-1331 02889 * SendMessageInternal (udptransport.cc:442): Sending large replication.vr.proto.StateTransferMessage message in 2 fragments
20230730-160725-1332 02889 * HandleRequestStateTransfer (replica.cc:727):   [1] Sending state transfer from <0,72368> to <0,72393>
20230730-160725-1332 02889 * SendMessageInternal (udptransport.cc:442): Sending large replication.vr.proto.StateTransferMessage message in 2 fragments
20230730-160725-8566 02889 * RequestStateTransfer (replica.cc:212):   [1] Requesting state transfer: <0,77588>
20230730-160725-8571 02889 * RequestStateTransfer (replica.cc:212):   [1] Requesting state transfer: <0,77593>
20230730-160725-8572 02889 * RequestStateTransfer (replica.cc:212):   [1] Requesting state transfer: <0,77594>
20230730-160725-9026 02889 ! releaseForWrite (lockserver.cc:353): [1132273544978140026] Releasing unheld write lock: Vvoa1ewyAfJccCcsTYVhwf2d0CvXhOpLqwDZdfZsjGgzOpUZvkTHUaqTNJOypPJQ
20230730-160725-9026 02889 ! releaseForRead  (lockserver.cc:293): [1132273544978140026] Releasing unheld read lock: n3cmB51J8AP87Fwa8xz5G9yOVISyb4MGKIlxv6fmsSgWggT0QsfBr3tYtO1b9hDm
20230730-160725-9026 02889 ! releaseForRead  (lockserver.cc:293): [1132273544978140026] Releasing unheld read lock: zNcHKCmsf0NlPPGITEOcV4m1ks7AQjod2X0ED3XJpdFo4ZTRhNwsholOAXjtI4wv
20230730-160725-9026 02889 ! releaseForRead  (lockserver.cc:293): [1132273544978140026] Releasing unheld read lock: uqppttatBMDZ4hdw5fvaCg4BimKxZatmxsioewz9Wac1ymUh1qmmqYTXd3BcE2iQ
20230730-160727-1236 02889 ! releaseForWrite (lockserver.cc:353): [-3453931972249341585] Releasing unheld write lock: I1smVhd52Gvshm5U45bfIQli4ZYkKCQWaj3iilAKWD8sW0sKpewPxNcAkv3o9uz6
20230730-160727-1236 02889 ! releaseForWrite (lockserver.cc:353): [-3453931972249341585] Releasing unheld write lock: n3cmB51J8AP87Fwa8xz5G9yOVISyb4MGKIlxv6fmsSgWggT0QsfBr3tYtO1b9hDm
20230730-160727-1604 02889 ! releaseForWrite (lockserver.cc:353): [3341154749599110025] Releasing unheld write lock: n3cmB51J8AP87Fwa8xz5G9yOVISyb4MGKIlxv6fmsSgWggT0QsfBr3tYtO1b9hDm
20230730-160727-4660 02889 * HandleRequestStateTransfer (replica.cc:727):   [1] Sending state transfer from <0,89467> to <0,89506>
20230730-160727-4660 02889 * SendMessageInternal (udptransport.cc:442): Sending large replication.vr.proto.StateTransferMessage message in 3 fragments
20230730-160727-4669 02889 * HandleRequestStateTransfer (replica.cc:727):   [1] Sending state transfer from <0,89508> to <0,89514>
20230730-160727-4670 02889 * HandleRequestStateTransfer (replica.cc:727):   [1] Sending state transfer from <0,89514> to <0,89516>
20230730-160727-4671 02889 * HandleRequestStateTransfer (replica.cc:727):   [1] Sending state transfer from <0,89515> to <0,89517>
20230730-160727-4673 02889 * HandleRequestStateTransfer (replica.cc:727):   [1] Sending state transfer from <0,89516> to <0,89518>
20230730-160728-4528 02889 * RequestStateTransfer (replica.cc:212):   [1] Requesting state transfer: <0,97499>
20230730-160728-4531 02889 * RequestStateTransfer (replica.cc:212):   [1] Requesting state transfer: <0,97500>
20230730-160728-4535 02889 * RequestStateTransfer (replica.cc:212):   [1] Requesting state transfer: <0,97502>
20230730-160728-4537 02889 * RequestStateTransfer (replica.cc:212):   [1] Requesting state transfer: <0,97503>
20230730-160729-2883 02889 * HandleRequestStateTransfer (replica.cc:727):   [1] Sending state transfer from <0,103475> to <0,103523>
20230730-160729-2884 02889 * SendMessageInternal (udptransport.cc:442): Sending large replication.vr.proto.StateTransferMessage message in 3 fragments
20230730-160730-0076 02889 ! releaseForWrite (lockserver.cc:353): [-3453931972249341579] Releasing unheld write lock: n3cmB51J8AP87Fwa8xz5G9yOVISyb4MGKIlxv6fmsSgWggT0QsfBr3tYtO1b9hDm
20230730-160730-0149 02889 ! releaseForWrite (lockserver.cc:353): [9118173381756010033] Releasing unheld write lock: n3cmB51J8AP87Fwa8xz5G9yOVISyb4MGKIlxv6fmsSgWggT0QsfBr3tYtO1b9hDm
20230730-160730-0150 02889 ! releaseForRead  (lockserver.cc:293): [9118173381756010033] Releasing unheld read lock: 5DQaxTg6NMFVZFYKAErL95zeL3Vb7HjumQuox08ePdJB6BFmHKXO2JsY2qW4v2MP
20230730-160730-1624 02889 ! releaseForRead  (lockserver.cc:293): [-118784263559281498] Releasing unheld read lock: n3cmB51J8AP87Fwa8xz5G9yOVISyb4MGKIlxv6fmsSgWggT0QsfBr3tYtO1b9hDm
20230730-160730-4200 02889 * HandleRequestStateTransfer (replica.cc:727):   [1] Sending state transfer from <0,111973> to <0,111980>
20230730-160730-4202 02889 * HandleRequestStateTransfer (replica.cc:727):   [1] Sending state transfer from <0,111974> to <0,111980>
20230730-160730-4203 02889 * HandleRequestStateTransfer (replica.cc:727):   [1] Sending state transfer from <0,111976> to <0,111981>
20230730-160730-4204 02889 * HandleRequestStateTransfer (replica.cc:727):   [1] Sending state transfer from <0,111977> to <0,111982>
20230730-160730-4205 02889 * HandleRequestStateTransfer (replica.cc:727):   [1] Sending state transfer from <0,111980> to <0,111982>
20230730-160730-4207 02889 * HandleRequestStateTransfer (replica.cc:727):   [1] Sending state transfer from <0,111982> to <0,111983>
20230730-160730-4208 02889 * HandleRequestStateTransfer (replica.cc:727):   [1] Sending state transfer from <0,111983> to <0,111985>
20230730-160731-5584 02889 * HandleRequestStateTransfer (replica.cc:727):   [1] Sending state transfer from <0,120535> to <0,120536>
20230730-160732-5776 02889 * RequestStateTransfer (replica.cc:212):   [1] Requesting state transfer: <0,127708>
20230730-160732-5777 02889 * RequestStateTransfer (replica.cc:212):   [1] Requesting state transfer: <0,127709>
20230730-160732-5778 02889 * HandleRequestStateTransfer (replica.cc:727):   [1] Sending state transfer from <0,127708> to <0,127709>
20230730-160732-5780 02889 * RequestStateTransfer (replica.cc:212):   [1] Requesting state transfer: <0,127710>
20230730-160732-5780 02889 * HandleRequestStateTransfer (replica.cc:727):   [1] Sending state transfer from <0,127709> to <0,127710>
20230730-160732-5782 02889 * RequestStateTransfer (replica.cc:212):   [1] Requesting state transfer: <0,127712>
20230730-160732-5784 02889 * RequestStateTransfer (replica.cc:212):   [1] Requesting state transfer: <0,127713>
20230730-160732-5784 02889 * HandleRequestStateTransfer (replica.cc:727):   [1] Sending state transfer from <0,127710> to <0,127713>
20230730-160732-5786 02889 * RequestStateTransfer (replica.cc:212):   [1] Requesting state transfer: <0,127715>
20230730-160732-5787 02889 * HandleRequestStateTransfer (replica.cc:727):   [1] Sending state transfer from <0,127712> to <0,127715>
20230730-160732-5788 02889 * RequestStateTransfer (replica.cc:212):   [1] Requesting state transfer: <0,127716>
20230730-160732-5789 02889 * HandleRequestStateTransfer (replica.cc:727):   [1] Sending state transfer from <0,127713> to <0,127716>
20230730-160732-5790 02889 * RequestStateTransfer (replica.cc:212):   [1] Requesting state transfer: <0,127717>
20230730-160732-5791 02889 * RequestStateTransfer (replica.cc:212):   [1] Requesting state transfer: <0,127718>
20230730-160732-5791 02889 * HandleRequestStateTransfer (replica.cc:727):   [1] Sending state transfer from <0,127715> to <0,127718>
20230730-160732-5792 02889 * HandleRequestStateTransfer (replica.cc:727):   [1] Sending state transfer from <0,127716> to <0,127719>
20230730-160732-5793 02889 * RequestStateTransfer (replica.cc:212):   [1] Requesting state transfer: <0,127719>
20230730-160732-5794 02889 * RequestStateTransfer (replica.cc:212):   [1] Requesting state transfer: <0,127721>
20230730-160732-5794 02889 * HandleRequestStateTransfer (replica.cc:727):   [1] Sending state transfer from <0,127717> to <0,127721>
20230730-160732-5794 02889 * HandleRequestStateTransfer (replica.cc:727):   [1] Sending state transfer from <0,127718> to <0,127721>
20230730-160732-5795 02889 * HandleRequestStateTransfer (replica.cc:727):   [1] Sending state transfer from <0,127719> to <0,127721>
20230730-160732-5797 02889 * HandleRequestStateTransfer (replica.cc:727):   [1] Sending state transfer from <0,127721> to <0,127722>
20230730-160733-1900 02889 * RequestStateTransfer (replica.cc:212):   [1] Requesting state transfer: <0,131093>
20230730-160733-1902 02889 * RequestStateTransfer (replica.cc:212):   [1] Requesting state transfer: <0,131105>
20230730-160733-1903 02889 * HandleRequestStateTransfer (replica.cc:727):   [1] Sending state transfer from <0,131093> to <0,131107>
20230730-160733-1994 02889 * RequestStateTransfer (replica.cc:212):   [1] Requesting state transfer: <0,131109>
20230730-160733-1995 02889 * HandleRequestStateTransfer (replica.cc:727):   [1] Sending state transfer from <0,131105> to <0,131110>
20230730-160733-1996 02889 * RequestStateTransfer (replica.cc:212):   [1] Requesting state transfer: <0,131116>
20230730-160733-1997 02889 * RequestStateTransfer (replica.cc:212):   [1] Requesting state transfer: <0,131122>
20230730-160733-1999 02889 * HandleRequestStateTransfer (replica.cc:727):   [1] Sending state transfer from <0,131109> to <0,131122>
20230730-160733-2000 02889 * HandleRequestStateTransfer (replica.cc:727):   [1] Sending state transfer from <0,131116> to <0,131122>
20230730-160733-2000 02889 * HandleRequestStateTransfer (replica.cc:727):   [1] Sending state transfer from <0,131122> to <0,131122>
20230730-160734-4120 02889 * HandleRequestStateTransfer (replica.cc:727):   [1] Sending state transfer from <0,140761> to <0,140762>
20230730-160734-4122 02889 * HandleRequestStateTransfer (replica.cc:727):   [1] Sending state transfer from <0,140764> to <0,140765>
20230730-160734-4124 02889 * HandleRequestStateTransfer (replica.cc:727):   [1] Sending state transfer from <0,140765> to <0,140769>
20230730-160734-4126 02889 * HandleRequestStateTransfer (replica.cc:727):   [1] Sending state transfer from <0,140769> to <0,140769>
20230730-160735-7164 02889 * RequestStateTransfer (replica.cc:212):   [1] Requesting state transfer: <0,150674>
20230730-160735-7165 02889 * HandleRequestStateTransfer (replica.cc:727):   [1] Sending state transfer from <0,150674> to <0,150674>
20230730-160735-7166 02889 * RequestStateTransfer (replica.cc:212):   [1] Requesting state transfer: <0,150675>
20230730-160735-7167 02889 * HandleRequestStateTransfer (replica.cc:727):   [1] Sending state transfer from <0,150675> to <0,150675>
20230730-160735-7168 02889 * RequestStateTransfer (replica.cc:212):   [1] Requesting state transfer: <0,150676>
20230730-160735-7168 02889 * HandleRequestStateTransfer (replica.cc:727):   [1] Sending state transfer from <0,150676> to <0,150676>
20230730-160735-7169 02889 * RequestStateTransfer (replica.cc:212):   [1] Requesting state transfer: <0,150677>
20230730-160735-7170 02889 * HandleRequestStateTransfer (replica.cc:727):   [1] Sending state transfer from <0,150677> to <0,150677>
20230730-160735-7170 02889 * RequestStateTransfer (replica.cc:212):   [1] Requesting state transfer: <0,150678>
20230730-160735-7171 02889 * HandleRequestStateTransfer (replica.cc:727):   [1] Sending state transfer from <0,150678> to <0,150678>
20230730-160735-7172 02889 * RequestStateTransfer (replica.cc:212):   [1] Requesting state transfer: <0,150680>
20230730-160735-7173 02889 * RequestStateTransfer (replica.cc:212):   [1] Requesting state transfer: <0,150681>
20230730-160735-7173 02889 * HandleRequestStateTransfer (replica.cc:727):   [1] Sending state transfer from <0,150680> to <0,150681>
20230730-160735-7174 02889 * HandleRequestStateTransfer (replica.cc:727):   [1] Sending state transfer from <0,150681> to <0,150683>
20230730-160735-7182 02889 * RequestStateTransfer (replica.cc:212):   [1] Requesting state transfer: <0,150684>
20230730-160735-7198 02889 ! OnReadable      (udptransport.cc:573): Fragments out of order for packet 7c; expected start 0, got 9000
20230730-160735-7199 02889 ! OnReadable      (udptransport.cc:565): Failed to reconstruct packet 7c
20230730-160736-2764 02889 * RequestStateTransfer (replica.cc:212):   [1] Requesting state transfer: <0,155542>
20230730-160736-2765 02889 * RequestStateTransfer (replica.cc:212):   [1] Requesting state transfer: <0,155543>
20230730-160736-2767 02889 * RequestStateTransfer (replica.cc:212):   [1] Requesting state transfer: <0,155545>
20230730-160736-2769 02889 * RequestStateTransfer (replica.cc:212):   [1] Requesting state transfer: <0,155548>
20230730-160737-5664 02889 * HandleRequestStateTransfer (replica.cc:727):   [1] Sending state transfer from <0,166718> to <0,166719>
20230730-160737-5666 02889 * HandleRequestStateTransfer (replica.cc:727):   [1] Sending state transfer from <0,166719> to <0,166720>
20230730-160737-5667 02889 * HandleRequestStateTransfer (replica.cc:727):   [1] Sending state transfer from <0,166720> to <0,166721>
20230730-160737-5668 02889 * HandleRequestStateTransfer (replica.cc:727):   [1] Sending state transfer from <0,166721> to <0,166722>
20230730-160737-5670 02889 * HandleRequestStateTransfer (replica.cc:727):   [1] Sending state transfer from <0,166722> to <0,166723>
20230730-160737-5671 02889 * HandleRequestStateTransfer (replica.cc:727):   [1] Sending state transfer from <0,166723> to <0,166724>
20230730-160737-5672 02889 * HandleRequestStateTransfer (replica.cc:727):   [1] Sending state transfer from <0,166725> to <0,166726>
20230730-160737-5674 02889 * HandleRequestStateTransfer (replica.cc:727):   [1] Sending state transfer from <0,166726> to <0,166726>
20230730-160737-9518 02889 * HandleRequestStateTransfer (replica.cc:727):   [1] Sending state transfer from <0,169952> to <0,169982>
20230730-160737-9519 02889 * SendMessageInternal (udptransport.cc:442): Sending large replication.vr.proto.StateTransferMessage message in 2 fragments
20230730-160737-9520 02889 * HandleRequestStateTransfer (replica.cc:727):   [1] Sending state transfer from <0,169964> to <0,169983>
20230730-160737-9520 02889 * SendMessageInternal (udptransport.cc:442): Sending large replication.vr.proto.StateTransferMessage message in 2 fragments
20230730-160737-9521 02889 * HandleRequestStateTransfer (replica.cc:727):   [1] Sending state transfer from <0,169966> to <0,169985>
20230730-160737-9521 02889 * SendMessageInternal (udptransport.cc:442): Sending large replication.vr.proto.StateTransferMessage message in 2 fragments
20230730-160738-1606 02889 * HandleRequestStateTransfer (replica.cc:727):   [1] Sending state transfer from <0,171664> to <0,171690>
20230730-160738-1607 02889 * SendMessageInternal (udptransport.cc:442): Sending large replication.vr.proto.StateTransferMessage message in 2 fragments
20230730-160738-1608 02889 * HandleRequestStateTransfer (replica.cc:727):   [1] Sending state transfer from <0,171667> to <0,171692>
20230730-160738-1608 02889 * SendMessageInternal (udptransport.cc:442): Sending large replication.vr.proto.StateTransferMessage message in 2 fragments
20230730-160738-1610 02889 * HandleRequestStateTransfer (replica.cc:727):   [1] Sending state transfer from <0,171669> to <0,171693>
20230730-160738-1610 02889 * SendMessageInternal (udptransport.cc:442): Sending large replication.vr.proto.StateTransferMessage message in 2 fragments
20230730-160738-1611 02889 * HandleRequestStateTransfer (replica.cc:727):   [1] Sending state transfer from <0,171670> to <0,171694>
20230730-160738-1611 02889 * SendMessageInternal (udptransport.cc:442): Sending large replication.vr.proto.StateTransferMessage message in 2 fragments
20230730-160738-1612 02889 * HandleRequestStateTransfer (replica.cc:727):   [1] Sending state transfer from <0,171671> to <0,171696>
20230730-160738-1613 02889 * SendMessageInternal (udptransport.cc:442): Sending large replication.vr.proto.StateTransferMessage message in 2 fragments
20230730-160738-5033 02889 * HandleRequestStateTransfer (replica.cc:727):   [1] Sending state transfer from <0,174597> to <0,174598>
20230730-160738-5034 02889 * HandleRequestStateTransfer (replica.cc:727):   [1] Sending state transfer from <0,174598> to <0,174599>
20230730-160738-5035 02889 * HandleRequestStateTransfer (replica.cc:727):   [1] Sending state transfer from <0,174599> to <0,174601>
20230730-160740-0140 02889 * HandleRequestStateTransfer (replica.cc:727):   [1] Sending state transfer from <0,187010> to <0,187011>
20230730-160740-0141 02889 * HandleRequestStateTransfer (replica.cc:727):   [1] Sending state transfer from <0,187011> to <0,187012>
20230730-160740-6812 02889 * HandleRequestStateTransfer (replica.cc:727):   [1] Sending state transfer from <0,191658> to <0,191714>
20230730-160740-6812 02889 * SendMessageInternal (udptransport.cc:442): Sending large replication.vr.proto.StateTransferMessage message in 3 fragments
20230730-160740-6826 02889 * HandleRequestStateTransfer (replica.cc:727):   [1] Sending state transfer from <0,191714> to <0,191722>
20230730-160740-6827 02889 * HandleRequestStateTransfer (replica.cc:727):   [1] Sending state transfer from <0,191717> to <0,191724>
20230730-160740-6829 02889 * HandleRequestStateTransfer (replica.cc:727):   [1] Sending state transfer from <0,191718> to <0,191724>
20230730-160740-6830 02889 * HandleRequestStateTransfer (replica.cc:727):   [1] Sending state transfer from <0,191720> to <0,191724>
20230730-160740-6831 02889 * HandleRequestStateTransfer (replica.cc:727):   [1] Sending state transfer from <0,191721> to <0,191724>
20230730-160740-6832 02889 * HandleRequestStateTransfer (replica.cc:727):   [1] Sending state transfer from <0,191722> to <0,191725>
20230730-160740-7625 02889 * RequestStateTransfer (replica.cc:212):   [1] Requesting state transfer: <0,192316>
20230730-160740-7627 02889 * RequestStateTransfer (replica.cc:212):   [1] Requesting state transfer: <0,192317>
20230730-160740-7628 02889 * RequestStateTransfer (replica.cc:212):   [1] Requesting state transfer: <0,192318>
20230730-160740-7629 02889 * RequestStateTransfer (replica.cc:212):   [1] Requesting state transfer: <0,192319>
20230730-160740-8378 02889 * RequestStateTransfer (replica.cc:212):   [1] Requesting state transfer: <0,192932>
20230730-160740-8380 02889 * RequestStateTransfer (replica.cc:212):   [1] Requesting state transfer: <0,192933>
20230730-160740-8384 02889 * RequestStateTransfer (replica.cc:212):   [1] Requesting state transfer: <0,192935>
20230730-160740-8389 02889 * RequestStateTransfer (replica.cc:212):   [1] Requesting state transfer: <0,192937>
20230730-160740-8393 02889 * RequestStateTransfer (replica.cc:212):   [1] Requesting state transfer: <0,192938>
20230730-160741-2243 02889 * HandleRequestStateTransfer (replica.cc:727):   [1] Sending state transfer from <0,195927> to <0,195976>
20230730-160741-2244 02889 * SendMessageInternal (udptransport.cc:442): Sending large replication.vr.proto.StateTransferMessage message in 3 fragments
20230730-160741-2684 02889 * HandleRequestStateTransfer (replica.cc:727):   [1] Sending state transfer from <0,196288> to <0,196315>
20230730-160741-2684 02889 * SendMessageInternal (udptransport.cc:442): Sending large replication.vr.proto.StateTransferMessage message in 2 fragments
20230730-160741-2685 02889 * HandleRequestStateTransfer (replica.cc:727):   [1] Sending state transfer from <0,196291> to <0,196315>
20230730-160741-2686 02889 * SendMessageInternal (udptransport.cc:442): Sending large replication.vr.proto.StateTransferMessage message in 2 fragments
20230730-160741-2687 02889 * HandleRequestStateTransfer (replica.cc:727):   [1] Sending state transfer from <0,196293> to <0,196316>
20230730-160741-2687 02889 * SendMessageInternal (udptransport.cc:442): Sending large replication.vr.proto.StateTransferMessage message in 2 fragments
20230730-160741-2688 02889 * HandleRequestStateTransfer (replica.cc:727):   [1] Sending state transfer from <0,196294> to <0,196317>
20230730-160741-2688 02889 * SendMessageInternal (udptransport.cc:442): Sending large replication.vr.proto.StateTransferMessage message in 2 fragments
20230730-160741-2689 02889 * HandleRequestStateTransfer (replica.cc:727):   [1] Sending state transfer from <0,196295> to <0,196318>
20230730-160741-2690 02889 * SendMessageInternal (udptransport.cc:442): Sending large replication.vr.proto.StateTransferMessage message in 2 fragments
20230730-160741-2691 02889 * HandleRequestStateTransfer (replica.cc:727):   [1] Sending state transfer from <0,196298> to <0,196318>
20230730-160741-2692 02889 * SendMessageInternal (udptransport.cc:442): Sending large replication.vr.proto.StateTransferMessage message in 2 fragments
20230730-160741-2693 02889 * HandleRequestStateTransfer (replica.cc:727):   [1] Sending state transfer from <0,196299> to <0,196319>
20230730-160741-2693 02889 * SendMessageInternal (udptransport.cc:442): Sending large replication.vr.proto.StateTransferMessage message in 2 fragments
20230730-160741-2694 02889 * HandleRequestStateTransfer (replica.cc:727):   [1] Sending state transfer from <0,196302> to <0,196321>
20230730-160741-2695 02889 * SendMessageInternal (udptransport.cc:442): Sending large replication.vr.proto.StateTransferMessage message in 2 fragments
20230730-160741-2695 02889 * HandleRequestStateTransfer (replica.cc:727):   [1] Sending state transfer from <0,196303> to <0,196322>
20230730-160741-2696 02889 * SendMessageInternal (udptransport.cc:442): Sending large replication.vr.proto.StateTransferMessage message in 2 fragments
20230730-160741-2697 02889 * HandleRequestStateTransfer (replica.cc:727):   [1] Sending state transfer from <0,196304> to <0,196323>
20230730-160741-2697 02889 * SendMessageInternal (udptransport.cc:442): Sending large replication.vr.proto.StateTransferMessage message in 2 fragments
20230730-160741-2700 02889 * HandleRequestStateTransfer (replica.cc:727):   [1] Sending state transfer from <0,196316> to <0,196327>
20230730-160741-2700 02889 * SendMessageInternal (udptransport.cc:442): Sending large replication.vr.proto.StateTransferMessage message in 2 fragments
20230730-160741-6975 02889 ! releaseForWrite (lockserver.cc:353): [1688237299413860061] Releasing unheld write lock: n3cmB51J8AP87Fwa8xz5G9yOVISyb4MGKIlxv6fmsSgWggT0QsfBr3tYtO1b9hDm
20230730-160741-7120 02889 * HandleRequestStateTransfer (replica.cc:727):   [1] Sending state transfer from <0,199385> to <0,199393>
20230730-160741-7124 02889 * HandleRequestStateTransfer (replica.cc:727):   [1] Sending state transfer from <0,199395> to <0,199396>
20230730-160741-7125 02889 * HandleRequestStateTransfer (replica.cc:727):   [1] Sending state transfer from <0,199396> to <0,199397>
20230730-160741-7126 02889 * HandleRequestStateTransfer (replica.cc:727):   [1] Sending state transfer from <0,199398> to <0,199398>
20230730-160741-7966 02889 * HandleRequestStateTransfer (replica.cc:727):   [1] Sending state transfer from <0,200011> to <0,200033>
20230730-160741-7966 02889 * SendMessageInternal (udptransport.cc:442): Sending large replication.vr.proto.StateTransferMessage message in 2 fragments
20230730-160741-7967 02889 * HandleRequestStateTransfer (replica.cc:727):   [1] Sending state transfer from <0,200013> to <0,200035>
20230730-160741-7968 02889 * SendMessageInternal (udptransport.cc:442): Sending large replication.vr.proto.StateTransferMessage message in 2 fragments
20230730-160741-7969 02889 * HandleRequestStateTransfer (replica.cc:727):   [1] Sending state transfer from <0,200014> to <0,200036>
20230730-160741-7969 02889 * SendMessageInternal (udptransport.cc:442): Sending large replication.vr.proto.StateTransferMessage message in 2 fragments
20230730-160741-7970 02889 * HandleRequestStateTransfer (replica.cc:727):   [1] Sending state transfer from <0,200015> to <0,200037>
20230730-160741-7970 02889 * SendMessageInternal (udptransport.cc:442): Sending large replication.vr.proto.StateTransferMessage message in 2 fragments
20230730-160742-4445 02889 * HandleRequestStateTransfer (replica.cc:727):   [1] Sending state transfer from <0,204779> to <0,204781>
20230730-160743-1404 02889 * HandleRequestStateTransfer (replica.cc:727):   [1] Sending state transfer from <0,210113> to <0,210136>
20230730-160743-1405 02889 * SendMessageInternal (udptransport.cc:442): Sending large replication.vr.proto.StateTransferMessage message in 2 fragments
20230730-160743-1406 02889 * HandleRequestStateTransfer (replica.cc:727):   [1] Sending state transfer from <0,210114> to <0,210138>
20230730-160743-1407 02889 * SendMessageInternal (udptransport.cc:442): Sending large replication.vr.proto.StateTransferMessage message in 2 fragments
20230730-160743-1407 02889 * HandleRequestStateTransfer (replica.cc:727):   [1] Sending state transfer from <0,210115> to <0,210140>
20230730-160743-1408 02889 * SendMessageInternal (udptransport.cc:442): Sending large replication.vr.proto.StateTransferMessage message in 2 fragments
20230730-160743-1409 02889 * HandleRequestStateTransfer (replica.cc:727):   [1] Sending state transfer from <0,210116> to <0,210141>
20230730-160743-1409 02889 * SendMessageInternal (udptransport.cc:442): Sending large replication.vr.proto.StateTransferMessage message in 2 fragments
20230730-160743-1410 02889 * HandleRequestStateTransfer (replica.cc:727):   [1] Sending state transfer from <0,210117> to <0,210142>
20230730-160743-1411 02889 * SendMessageInternal (udptransport.cc:442): Sending large replication.vr.proto.StateTransferMessage message in 2 fragments
20230730-160743-1411 02889 * HandleRequestStateTransfer (replica.cc:727):   [1] Sending state transfer from <0,210118> to <0,210142>
20230730-160743-1412 02889 * SendMessageInternal (udptransport.cc:442): Sending large replication.vr.proto.StateTransferMessage message in 2 fragments
20230730-160743-1412 02889 * HandleRequestStateTransfer (replica.cc:727):   [1] Sending state transfer from <0,210119> to <0,210142>
20230730-160743-1413 02889 * SendMessageInternal (udptransport.cc:442): Sending large replication.vr.proto.StateTransferMessage message in 2 fragments
20230730-160743-1414 02889 * HandleRequestStateTransfer (replica.cc:727):   [1] Sending state transfer from <0,210121> to <0,210144>
20230730-160743-1414 02889 * SendMessageInternal (udptransport.cc:442): Sending large replication.vr.proto.StateTransferMessage message in 2 fragments
20230730-160743-1417 02889 * HandleRequestStateTransfer (replica.cc:727):   [1] Sending state transfer from <0,210140> to <0,210147>
20230730-160743-1419 02889 * HandleRequestStateTransfer (replica.cc:727):   [1] Sending state transfer from <0,210142> to <0,210147>
20230730-160743-1423 02889 * HandleRequestStateTransfer (replica.cc:727):   [1] Sending state transfer from <0,210144> to <0,210148>
20230730-160743-1424 02889 * HandleRequestStateTransfer (replica.cc:727):   [1] Sending state transfer from <0,210145> to <0,210148>
20230730-160743-1426 02889 * HandleRequestStateTransfer (replica.cc:727):   [1] Sending state transfer from <0,210146> to <0,210148>
20230730-160743-1447 02889 ! releaseForWrite (lockserver.cc:353): [-3665616270863751540] Releasing unheld write lock: n3cmB51J8AP87Fwa8xz5G9yOVISyb4MGKIlxv6fmsSgWggT0QsfBr3tYtO1b9hDm
20230730-160743-1447 02889 ! releaseForWrite (lockserver.cc:353): [-3665616270863751540] Releasing unheld write lock: jJxXubC2Bl4Sl5OXCgHKZxlRR10s4LwsV23D1y1pz4lzMBnuwH4FDvAcga70fsW4
20230730-160743-1447 02889 ! releaseForWrite (lockserver.cc:353): [-3665616270863751540] Releasing unheld write lock: HxcyIsUDJb54Djmf0zup8P6HsSRouKdtn1cFMkVFq7Kt1ICdaiMwVB6c0uQKEm6g
20230730-160743-1447 02889 ! releaseForRead  (lockserver.cc:293): [-3665616270863751540] Releasing unheld read lock: DAOxInH66tOKMQgl32ksstiV2dNzHAMAdbfWEF9Us4MGQnAPcIxG7ovZnahOEpKn
20230730-160743-1465 02889 ! releaseForRead  (lockserver.cc:293): [7964377278287390062] Releasing unheld read lock: udDOsmhikcpzP7OsE3iw7Vc5f9JOthCrigzuDt7BAIFXNyz1pIpCPXwVUe83kFzY
20230730-160743-1465 02889 ! releaseForRead  (lockserver.cc:293): [7964377278287390062] Releasing unheld read lock: n3cmB51J8AP87Fwa8xz5G9yOVISyb4MGKIlxv6fmsSgWggT0QsfBr3tYtO1b9hDm
20230730-160743-6116 02889 * RequestStateTransfer (replica.cc:212):   [1] Requesting state transfer: <0,213707>
20230730-160743-6126 02889 * RequestStateTransfer (replica.cc:212):   [1] Requesting state transfer: <0,213766>
20230730-160743-6127 02889 * RequestStateTransfer (replica.cc:212):   [1] Requesting state transfer: <0,213769>
20230730-160743-6129 02889 * RequestStateTransfer (replica.cc:212):   [1] Requesting state transfer: <0,213772>
20230730-160743-6130 02889 * RequestStateTransfer (replica.cc:212):   [1] Requesting state transfer: <0,213774>
20230730-160743-6133 02889 * RequestStateTransfer (replica.cc:212):   [1] Requesting state transfer: <0,213775>
20230730-160743-6134 02889 * RequestStateTransfer (replica.cc:212):   [1] Requesting state transfer: <0,213776>
20230730-160743-6519 02889 * HandleRequestStateTransfer (replica.cc:727):   [1] Sending state transfer from <0,214020> to <0,214045>
20230730-160743-6520 02889 * SendMessageInternal (udptransport.cc:442): Sending large replication.vr.proto.StateTransferMessage message in 2 fragments
20230730-160743-6523 02889 * HandleRequestStateTransfer (replica.cc:727):   [1] Sending state transfer from <0,214027> to <0,214045>
20230730-160743-6523 02889 * SendMessageInternal (udptransport.cc:442): Sending large replication.vr.proto.StateTransferMessage message in 2 fragments
20230730-160743-6524 02889 * HandleRequestStateTransfer (replica.cc:727):   [1] Sending state transfer from <0,214028> to <0,214045>
20230730-160743-6524 02889 * SendMessageInternal (udptransport.cc:442): Sending large replication.vr.proto.StateTransferMessage message in 2 fragments
20230730-160743-6525 02889 * HandleRequestStateTransfer (replica.cc:727):   [1] Sending state transfer from <0,214030> to <0,214045>
20230730-160743-6526 02889 * SendMessageInternal (udptransport.cc:442): Sending large replication.vr.proto.StateTransferMessage message in 2 fragments
20230730-160743-6527 02889 * HandleRequestStateTransfer (replica.cc:727):   [1] Sending state transfer from <0,214031> to <0,214045>
20230730-160743-6528 02889 * SendMessageInternal (udptransport.cc:442): Sending large replication.vr.proto.StateTransferMessage message in 2 fragments
20230730-160743-6530 02889 * HandleRequestStateTransfer (replica.cc:727):   [1] Sending state transfer from <0,214045> to <0,214051>
20230730-160743-6532 02889 * HandleRequestStateTransfer (replica.cc:727):   [1] Sending state transfer from <0,214046> to <0,214053>
20230730-160743-6534 02889 * HandleRequestStateTransfer (replica.cc:727):   [1] Sending state transfer from <0,214047> to <0,214054>
20230730-160743-6536 02889 * HandleRequestStateTransfer (replica.cc:727):   [1] Sending state transfer from <0,214051> to <0,214055>
20230730-160743-8853 02889 ! releaseForWrite (lockserver.cc:353): [8652656222927090062] Releasing unheld write lock: n3cmB51J8AP87Fwa8xz5G9yOVISyb4MGKIlxv6fmsSgWggT0QsfBr3tYtO1b9hDm
20230730-160743-8853 02889 ! releaseForRead  (lockserver.cc:293): [8652656222927090062] Releasing unheld read lock: N4D4SS9SqVvXGG1nLJLaYK3iNQh9jNHDaEIERxFEdaopomaApgz7yVE0A2P03Tk5
20230730-160744-2803 02889 ! releaseForWrite (lockserver.cc:353): [1688237299413860064] Releasing unheld write lock: QnakaVVGit0n5RRY6vOSHHvVw9KYpRxKv6Oni658NdM48Rq8JlXGTIjEGpR1kEto
20230730-160744-2804 02889 ! releaseForWrite (lockserver.cc:353): [1688237299413860064] Releasing unheld write lock: rrduFTfFb3JajcNm63nzW1pqXwyFGYKYI5SqApETLFzBmVAgH3wsHRU31CNJM5Dg
20230730-160744-2804 02889 ! releaseForWrite (lockserver.cc:353): [1688237299413860064] Releasing unheld write lock: JG7C7hku7c6D5NpwDNV83UzW7O9KwZWsu7tlR1iEh2jO6aCdrqEpXsYEMkzgtHAu
20230730-160744-2804 02889 ! releaseForWrite (lockserver.cc:353): [1688237299413860064] Releasing unheld write lock: 4scu5tDVSYyrzFFywAruNLgmQflkrR5ATgE2olDpDdJx7VXVgXKuoKGduqbX5fOk
20230730-160744-2804 02889 ! releaseForRead  (lockserver.cc:293): [1688237299413860064] Releasing unheld read lock: n3cmB51J8AP87Fwa8xz5G9yOVISyb4MGKIlxv6fmsSgWggT0QsfBr3tYtO1b9hDm
20230730-160744-2829 02889 ! releaseForWrite (lockserver.cc:353): [2764595830992720066] Releasing unheld write lock: 2sqHNNHGo9WoZRvjSqL9v40KTxt84bOgWtis7sveHo6a85E7JnYESWGvpD6a3Cie
20230730-160744-2829 02889 ! releaseForRead  (lockserver.cc:293): [2764595830992720066] Releasing unheld read lock: 8H6Zyu1h18A7PmX59dOwJp1zinpbGltKDaZaOS4WAX9iTaFg8fpPUAkYmrivJuNf
20230730-160744-3041 02889 ! releaseForWrite (lockserver.cc:353): [1132273544978140072] Releasing unheld write lock: n3cmB51J8AP87Fwa8xz5G9yOVISyb4MGKIlxv6fmsSgWggT0QsfBr3tYtO1b9hDm
20230730-160744-3716 02889 ! releaseForWrite (lockserver.cc:353): [-5447688693671001550] Releasing unheld write lock: n3cmB51J8AP87Fwa8xz5G9yOVISyb4MGKIlxv6fmsSgWggT0QsfBr3tYtO1b9hDm
20230730-160745-0423 02889 ! releaseForWrite (lockserver.cc:353): [-8348191458036001511] Releasing unheld write lock: 4KgThFjsYPodsIUrgvCgAqiYz3GPxk6v0uIbqkfh6QHn6jVo974H5UYa0Z5whgLk
20230730-160745-2081 02889 ! releaseForWrite (lockserver.cc:353): [1601191879601220069] Releasing unheld write lock: 2sqHNNHGo9WoZRvjSqL9v40KTxt84bOgWtis7sveHo6a85E7JnYESWGvpD6a3Cie
20230730-160745-2082 02889 ! releaseForRead  (lockserver.cc:293): [1601191879601220069] Releasing unheld read lock: 7zb1vYE8jbKHGKPqIWC8M9yODhSNZxysQZ37jrWeKFnn6w1qolX4FGNUKsA7puK8
20230730-160745-2082 02889 ! releaseForRead  (lockserver.cc:293): [1601191879601220069] Releasing unheld read lock: n3cmB51J8AP87Fwa8xz5G9yOVISyb4MGKIlxv6fmsSgWggT0QsfBr3tYtO1b9hDm
20230730-160745-2082 02889 ! releaseForRead  (lockserver.cc:293): [1601191879601220069] Releasing unheld read lock: beqI70slFSv7Y2zZHXASrULcUQPTdhX8rOYwAR3ZA4JW131mGYwsezyTWQI4oCCC
20230730-160745-2082 02889 ! releaseForRead  (lockserver.cc:293): [1601191879601220069] Releasing unheld read lock: Du0kHcqAVUaDhPXIN00NoLBkJBgGv0vXrTL1PAHZTYx4KDrILCr6PwDJzdm2sECw
20230730-160745-8112 02889 * RequestStateTransfer (replica.cc:212):   [1] Requesting state transfer: <0,230756>
20230730-160745-8113 02889 * RequestStateTransfer (replica.cc:212):   [1] Requesting state transfer: <0,230757>
20230730-160745-8116 02889 * RequestStateTransfer (replica.cc:212):   [1] Requesting state transfer: <0,230759>
20230730-160745-8801 02889 ! releaseForRead  (lockserver.cc:293): [-473339761346521491] Releasing unheld read lock: enIIzNeSoLUKNy5QB4nluZqbZdL6Jy3azhXHyTvr02ZXpTCLcpc5Fq3o0UP1pGkb
20230730-160745-8801 02889 ! releaseForRead  (lockserver.cc:293): [-473339761346521491] Releasing unheld read lock: n3cmB51J8AP87Fwa8xz5G9yOVISyb4MGKIlxv6fmsSgWggT0QsfBr3tYtO1b9hDm
20230730-160745-9321 02889 ! releaseForWrite (lockserver.cc:353): [-1333231209533781554] Releasing unheld write lock: Q9kmyGEKtSJXp7PqCWzbGRP8rrc2vioYT6NCEoTeEL11QE4BSgUDk3paBy0qQ5fa
20230730-160745-9321 02889 ! releaseForWrite (lockserver.cc:353): [-1333231209533781554] Releasing unheld write lock: n3cmB51J8AP87Fwa8xz5G9yOVISyb4MGKIlxv6fmsSgWggT0QsfBr3tYtO1b9hDm
20230730-160745-9321 02889 ! releaseForRead  (lockserver.cc:293): [-1333231209533781554] Releasing unheld read lock: 3BUBXEVfXOpRrKBntS2OuSqhKZmZhMsEGY3pkLyvw06UXBvOFcA2TAVHB1BbIAqd
20230730-160745-9440 02889 ! releaseForWrite (lockserver.cc:353): [4344108807788520075] Releasing unheld write lock: n3cmB51J8AP87Fwa8xz5G9yOVISyb4MGKIlxv6fmsSgWggT0QsfBr3tYtO1b9hDm
20230730-160745-9440 02889 ! releaseForWrite (lockserver.cc:353): [4344108807788520075] Releasing unheld write lock: i976v1UvdkgrxylA5OMZViMjFlj2eHyhDWVPQFlphpG536smTqTJusome4TDCShc
20230730-160745-9474 02889 ! releaseForWrite (lockserver.cc:353): [1132273544978140074] Releasing unheld write lock: YmZA5EVqFgF8tbazD2dTPeR2WCyf3sEWHOatd6gA69vHAmUQvX8fON3HCIzlboVd
20230730-160745-9474 02889 ! releaseForWrite (lockserver.cc:353): [1132273544978140074] Releasing unheld write lock: n3cmB51J8AP87Fwa8xz5G9yOVISyb4MGKIlxv6fmsSgWggT0QsfBr3tYtO1b9hDm
20230730-160746-0063 02889 ! releaseForWrite (lockserver.cc:353): [-8265785854571091547] Releasing unheld write lock: n3cmB51J8AP87Fwa8xz5G9yOVISyb4MGKIlxv6fmsSgWggT0QsfBr3tYtO1b9hDm
20230730-160746-1165 02889 * HandleRequestStateTransfer (replica.cc:727):   [1] Sending state transfer from <0,232940> to <0,232941>
20230730-160746-1167 02889 * HandleRequestStateTransfer (replica.cc:727):   [1] Sending state transfer from <0,232941> to <0,232942>
20230730-160746-1168 02889 * HandleRequestStateTransfer (replica.cc:727):   [1] Sending state transfer from <0,232942> to <0,232942>
20230730-160746-1169 02889 * HandleRequestStateTransfer (replica.cc:727):   [1] Sending state transfer from <0,232943> to <0,232944>
20230730-160746-1170 02889 * HandleRequestStateTransfer (replica.cc:727):   [1] Sending state transfer from <0,232945> to <0,232945>
20230730-160746-1172 02889 * HandleRequestStateTransfer (replica.cc:727):   [1] Sending state transfer from <0,232947> to <0,232947>
20230730-160746-1173 02889 * HandleRequestStateTransfer (replica.cc:727):   [1] Sending state transfer from <0,232948> to <0,232948>
20230730-160746-1174 02889 * HandleRequestStateTransfer (replica.cc:727):   [1] Sending state transfer from <0,232949> to <0,232949>
20230730-160746-2565 02889 ! releaseForWrite (lockserver.cc:353): [-2128313312505041536] Releasing unheld write lock: n3cmB51J8AP87Fwa8xz5G9yOVISyb4MGKIlxv6fmsSgWggT0QsfBr3tYtO1b9hDm
20230730-160746-3172 02889 ! releaseForRead  (lockserver.cc:293): [5642395579163170069] Releasing unheld read lock: n3cmB51J8AP87Fwa8xz5G9yOVISyb4MGKIlxv6fmsSgWggT0QsfBr3tYtO1b9hDm
20230730-160746-3172 02889 ! releaseForRead  (lockserver.cc:293): [5642395579163170069] Releasing unheld read lock: lkSLsf6d2WLp49YF5tICjVFDk9sya4fDhA8ZdlG3ezFBYqdsaajXq6xeZmYqW81P
20230730-160746-3173 02889 ! releaseForRead  (lockserver.cc:293): [5642395579163170069] Releasing unheld read lock: ZjeixX4bKveIgaHdiGlQ8oH0DLv4gtEnBxbW803tVGJABVG9Bmgb85ty2ei6GwZ1
20230730-160746-3880 02889 ! releaseForRead  (lockserver.cc:293): [-3363580195887531543] Releasing unheld read lock: lmoZwtnSvwyVY4ShtV3fnE1muBsv1RZUfo1NumCbwGAh3wLlcBzgql8ev7k5XD6s
20230730-160746-4651 02889 * RequestStateTransfer (replica.cc:212):   [1] Requesting state transfer: <0,235707>
20230730-160746-4652 02889 * HandleRequestStateTransfer (replica.cc:727):   [1] Sending state transfer from <0,235707> to <0,235707>
20230730-160746-4653 02889 * RequestStateTransfer (replica.cc:212):   [1] Requesting state transfer: <0,235708>
20230730-160746-4654 02889 * HandleRequestStateTransfer (replica.cc:727):   [1] Sending state transfer from <0,235708> to <0,235709>
20230730-160746-4655 02889 * RequestStateTransfer (replica.cc:212):   [1] Requesting state transfer: <0,235709>
20230730-160746-4656 02889 * HandleRequestStateTransfer (replica.cc:727):   [1] Sending state transfer from <0,235709> to <0,235710>
20230730-160746-4657 02889 * RequestStateTransfer (replica.cc:212):   [1] Requesting state transfer: <0,235711>
20230730-160746-4658 02889 * HandleRequestStateTransfer (replica.cc:727):   [1] Sending state transfer from <0,235711> to <0,235713>
20230730-160746-4660 02889 * RequestStateTransfer (replica.cc:212):   [1] Requesting state transfer: <0,235716>
20230730-160746-4660 02889 * HandleRequestStateTransfer (replica.cc:727):   [1] Sending state transfer from <0,235716> to <0,235716>
20230730-160746-4682 02889 ! releaseForWrite (lockserver.cc:353): [-5447688693671001544] Releasing unheld write lock: IPKxSOu8GTSe6z3zFW6FL7S5FTu946XNK5FljRL6JWzBeDS9N8b58TokMVrIYSf0
20230730-160746-4682 02889 ! releaseForRead  (lockserver.cc:293): [-5447688693671001544] Releasing unheld read lock: n3cmB51J8AP87Fwa8xz5G9yOVISyb4MGKIlxv6fmsSgWggT0QsfBr3tYtO1b9hDm
20230730-160746-8428 02889 ! releaseForWrite (lockserver.cc:353): [1688237299413860067] Releasing unheld write lock: n3cmB51J8AP87Fwa8xz5G9yOVISyb4MGKIlxv6fmsSgWggT0QsfBr3tYtO1b9hDm
20230730-160746-8428 02889 ! releaseForRead  (lockserver.cc:293): [1688237299413860067] Releasing unheld read lock: ebd0QOusN2uiPOeQKUaWyoNgVSAdgia0Sc87kROJMLs3Dzj8KRm0DBOASS2RZXJv
20230730-160746-9354 02889 ! releaseForWrite (lockserver.cc:353): [-1333231209533781553] Releasing unheld write lock: n3cmB51J8AP87Fwa8xz5G9yOVISyb4MGKIlxv6fmsSgWggT0QsfBr3tYtO1b9hDm
20230730-160746-9354 02889 ! releaseForRead  (lockserver.cc:293): [-1333231209533781553] Releasing unheld read lock: Vvoa1ewyAfJccCcsTYVhwf2d0CvXhOpLqwDZdfZsjGgzOpUZvkTHUaqTNJOypPJQ
20230730-160747-0403 02889 ! releaseForWrite (lockserver.cc:353): [-4257239180524951560] Releasing unheld write lock: jYJLvfvV6sVLN0C2VpDApSIB7VR2eyFkFxw1lRGI9mAicQWzyrAHqISONLWvgsvh
20230730-160747-0443 02889 ! releaseForRead  (lockserver.cc:293): [-2774690076446081462] Releasing unheld read lock: n3cmB51J8AP87Fwa8xz5G9yOVISyb4MGKIlxv6fmsSgWggT0QsfBr3tYtO1b9hDm
20230730-160749-2518 02889 ! releaseForWrite (lockserver.cc:353): [-2128313312505041530] Releasing unheld write lock: wE9ti7xKL8qc2Hhrp9BGuG62OYoUY0cCPTSZ3Ts7RPoUW4vDwYyseAA1Hf2n1n1j
20230730-160749-2518 02889 ! releaseForWrite (lockserver.cc:353): [-2128313312505041530] Releasing unheld write lock: udDOsmhikcpzP7OsE3iw7Vc5f9JOthCrigzuDt7BAIFXNyz1pIpCPXwVUe83kFzY
20230730-160749-2518 02889 ! releaseForRead  (lockserver.cc:293): [-2128313312505041530] Releasing unheld read lock: 3TDSChtPWJkbCQDjcwHDfb1O1VkEZzf9pWApOHIKkENTllbBsrlqkjDl91p5jhew
20230730-160749-2550 02889 ! releaseForWrite (lockserver.cc:353): [-5447688693671001540] Releasing unheld write lock: udDOsmhikcpzP7OsE3iw7Vc5f9JOthCrigzuDt7BAIFXNyz1pIpCPXwVUe83kFzY
20230730-160749-4982 02889 * HandleRequestStateTransfer (replica.cc:727):   [1] Sending state transfer from <0,259254> to <0,259305>
20230730-160749-4983 02889 * SendMessageInternal (udptransport.cc:442): Sending large replication.vr.proto.StateTransferMessage message in 3 fragments
20230730-160749-7993 02889 * RequestStateTransfer (replica.cc:212):   [1] Requesting state transfer: <0,261816>
20230730-160749-7995 02889 * RequestStateTransfer (replica.cc:212):   [1] Requesting state transfer: <0,261818>
20230730-160749-7997 02889 * RequestStateTransfer (replica.cc:212):   [1] Requesting state transfer: <0,261820>
20230730-160749-7999 02889 * RequestStateTransfer (replica.cc:212):   [1] Requesting state transfer: <0,261821>
20230730-160749-8002 02889 * RequestStateTransfer (replica.cc:212):   [1] Requesting state transfer: <0,261822>
20230730-160749-8003 02889 * HandleRequestStateTransfer (replica.cc:727):   [1] Sending state transfer from <0,261821> to <0,261823>
20230730-160749-8004 02889 * HandleRequestStateTransfer (replica.cc:727):   [1] Sending state transfer from <0,261822> to <0,261823>
20230730-160749-8005 02889 * RequestStateTransfer (replica.cc:212):   [1] Requesting state transfer: <0,261824>
20230730-160749-8008 02889 * HandleRequestStateTransfer (replica.cc:727):   [1] Sending state transfer from <0,261824> to <0,261826>
20230730-160749-8009 02889 * RequestStateTransfer (replica.cc:212):   [1] Requesting state transfer: <0,261827>
20230730-160749-8010 02889 * HandleRequestStateTransfer (replica.cc:727):   [1] Sending state transfer from <0,261827> to <0,261827>
20230730-160749-8013 02889 * HandleRequestStateTransfer (replica.cc:727):   [1] Sending state transfer from <0,261828> to <0,261828>
20230730-160749-8015 02889 * HandleRequestStateTransfer (replica.cc:727):   [1] Sending state transfer from <0,261829> to <0,261830>
20230730-160749-8017 02889 * HandleRequestStateTransfer (replica.cc:727):   [1] Sending state transfer from <0,261831> to <0,261831>
20230730-160749-8019 02889 ! OnReadable      (udptransport.cc:573): Fragments out of order for packet d2; expected start 0, got 9000
20230730-160749-8021 02889 ! OnReadable      (udptransport.cc:565): Failed to reconstruct packet d2
20230730-160750-1407 02889 * RequestStateTransfer (replica.cc:212):   [1] Requesting state transfer: <0,262144>
20230730-160750-1407 02889 * HandleRequestStateTransfer (replica.cc:727):   [1] Sending state transfer from <0,262205> to <0,262144>
20230730-160750-1408 02889 * HandleRequestStateTransfer (replica.cc:727):   [1] Sending state transfer from <0,262206> to <0,262144>
20230730-160750-1819 02889 * RequestStateTransfer (replica.cc:212):   [1] Requesting state transfer: <0,262206>
20230730-160750-1866 02889 ! OnReadable      (udptransport.cc:573): Fragments out of order for packet d9; expected start 0, got 9000
20230730-160750-1866 02889 ! OnReadable      (udptransport.cc:573): Fragments out of order for packet d9; expected start 9000, got 18000
20230730-160750-1867 02889 ! OnReadable      (udptransport.cc:573): Fragments out of order for packet d9; expected start 9000, got 27000
20230730-160750-1867 02889 ! OnReadable      (udptransport.cc:573): Fragments out of order for packet d9; expected start 9000, got 36000
20230730-160750-1867 02889 ! OnReadable      (udptransport.cc:573): Fragments out of order for packet d9; expected start 9000, got 45000
20230730-160750-1867 02889 * RequestStateTransfer (replica.cc:212):   [1] Requesting state transfer: <0,262315>
20230730-160750-1869 02889 * RequestStateTransfer (replica.cc:212):   [1] Requesting state transfer: <0,262320>
20230730-160750-1870 02889 * RequestStateTransfer (replica.cc:212):   [1] Requesting state transfer: <0,262321>
20230730-160750-1871 02889 * RequestStateTransfer (replica.cc:212):   [1] Requesting state transfer: <0,262326>
20230730-160750-1886 02889 * RequestStateTransfer (replica.cc:212):   [1] Requesting state transfer: <0,262337>
20230730-160750-1888 02889 * RequestStateTransfer (replica.cc:212):   [1] Requesting state transfer: <0,262339>
20230730-160750-1890 02889 ! OnReadable      (udptransport.cc:565): Failed to reconstruct packet d9
20230730-160750-1905 02889 ! OnReadable      (udptransport.cc:573): Fragments out of order for packet de; expected start 0, got 9000
20230730-160750-1910 02889 ! OnReadable      (udptransport.cc:565): Failed to reconstruct packet de
20230730-160751-5086 02889 * HandleRequestStateTransfer (replica.cc:727):   [1] Sending state transfer from <0,272711> to <0,272711>
20230730-160751-5092 02889 * HandleRequestStateTransfer (replica.cc:727):   [1] Sending state transfer from <0,272712> to <0,272712>
20230730-160751-5097 02889 * HandleRequestStateTransfer (replica.cc:727):   [1] Sending state transfer from <0,272713> to <0,272714>
20230730-160751-5098 02889 * HandleRequestStateTransfer (replica.cc:727):   [1] Sending state transfer from <0,272714> to <0,272715>
20230730-160752-8598 02889 * RequestStateTransfer (replica.cc:212):   [1] Requesting state transfer: <0,282257>
20230730-160752-8599 02889 * RequestStateTransfer (replica.cc:212):   [1] Requesting state transfer: <0,282258>
20230730-160752-8602 02889 * RequestStateTransfer (replica.cc:212):   [1] Requesting state transfer: <0,282259>
20230730-160752-8607 02889 * RequestStateTransfer (replica.cc:212):   [1] Requesting state transfer: <0,282260>
20230730-160752-8611 02889 * RequestStateTransfer (replica.cc:212):   [1] Requesting state transfer: <0,282262>
20230730-160752-8615 02889 * RequestStateTransfer (replica.cc:212):   [1] Requesting state transfer: <0,282264>
20230730-160752-8616 02889 * RequestStateTransfer (replica.cc:212):   [1] Requesting state transfer: <0,282265>
20230730-160752-8639 02889 ! OnReadable      (udptransport.cc:573): Fragments out of order for packet e9; expected start 0, got 9000
20230730-160752-8640 02889 ! OnReadable      (udptransport.cc:565): Failed to reconstruct packet e9
20230730-160753-0323 02889 * HandleRequestStateTransfer (replica.cc:727):   [1] Sending state transfer from <0,283521> to <0,283544>
20230730-160753-0325 02889 * SendMessageInternal (udptransport.cc:442): Sending large replication.vr.proto.StateTransferMessage message in 2 fragments
20230730-160753-0326 02889 * HandleRequestStateTransfer (replica.cc:727):   [1] Sending state transfer from <0,283522> to <0,283544>
20230730-160753-0327 02889 * SendMessageInternal (udptransport.cc:442): Sending large replication.vr.proto.StateTransferMessage message in 2 fragments
20230730-160753-0327 02889 * HandleRequestStateTransfer (replica.cc:727):   [1] Sending state transfer from <0,283523> to <0,283544>
20230730-160753-0328 02889 * SendMessageInternal (udptransport.cc:442): Sending large replication.vr.proto.StateTransferMessage message in 2 fragments
20230730-160753-0329 02889 * HandleRequestStateTransfer (replica.cc:727):   [1] Sending state transfer from <0,283524> to <0,283546>
20230730-160753-0329 02889 * SendMessageInternal (udptransport.cc:442): Sending large replication.vr.proto.StateTransferMessage message in 2 fragments
20230730-160753-0330 02889 * HandleRequestStateTransfer (replica.cc:727):   [1] Sending state transfer from <0,283525> to <0,283546>
20230730-160753-0330 02889 * SendMessageInternal (udptransport.cc:442): Sending large replication.vr.proto.StateTransferMessage message in 2 fragments
20230730-160753-0331 02889 * HandleRequestStateTransfer (replica.cc:727):   [1] Sending state transfer from <0,283527> to <0,283547>
20230730-160753-0332 02889 * SendMessageInternal (udptransport.cc:442): Sending large replication.vr.proto.StateTransferMessage message in 2 fragments
20230730-160753-0337 02889 * HandleRequestStateTransfer (replica.cc:727):   [1] Sending state transfer from <0,283544> to <0,283553>
20230730-160753-0337 02889 * SendMessageInternal (udptransport.cc:442): Sending large replication.vr.proto.StateTransferMessage message in 2 fragments
20230730-160753-0338 02889 * HandleRequestStateTransfer (replica.cc:727):   [1] Sending state transfer from <0,283547> to <0,283554>
20230730-160753-0339 02889 * SendMessageInternal (udptransport.cc:442): Sending large replication.vr.proto.StateTransferMessage message in 2 fragments
20230730-160753-0340 02889 * HandleRequestStateTransfer (replica.cc:727):   [1] Sending state transfer from <0,283548> to <0,283554>
20230730-160753-0342 02889 * HandleRequestStateTransfer (replica.cc:727):   [1] Sending state transfer from <0,283549> to <0,283554>
20230730-160753-0344 02889 * HandleRequestStateTransfer (replica.cc:727):   [1] Sending state transfer from <0,283551> to <0,283554>
20230730-160753-0346 02889 * HandleRequestStateTransfer (replica.cc:727):   [1] Sending state transfer from <0,283553> to <0,283554>
20230730-160753-0349 02889 * HandleRequestStateTransfer (replica.cc:727):   [1] Sending state transfer from <0,283554> to <0,283556>
20230730-160753-7158 02889 * HandleRequestStateTransfer (replica.cc:727):   [1] Sending state transfer from <0,289122> to <0,289123>
20230730-160753-7161 02889 * HandleRequestStateTransfer (replica.cc:727):   [1] Sending state transfer from <0,289123> to <0,289125>
20230730-160753-7162 02889 * HandleRequestStateTransfer (replica.cc:727):   [1] Sending state transfer from <0,289125> to <0,289126>
20230730-160753-7164 02889 * HandleRequestStateTransfer (replica.cc:727):   [1] Sending state transfer from <0,289127> to <0,289129>
20230730-160753-7165 02889 * HandleRequestStateTransfer (replica.cc:727):   [1] Sending state transfer from <0,289129> to <0,289132>
20230730-160753-7167 02889 * HandleRequestStateTransfer (replica.cc:727):   [1] Sending state transfer from <0,289130> to <0,289134>
20230730-160753-7168 02889 * HandleRequestStateTransfer (replica.cc:727):   [1] Sending state transfer from <0,289132> to <0,289135>
20230730-160753-7169 02889 * HandleRequestStateTransfer (replica.cc:727):   [1] Sending state transfer from <0,289134> to <0,289135>
20230730-160753-7369 02889 * RequestStateTransfer (replica.cc:212):   [1] Requesting state transfer: <0,289355>
20230730-160753-7371 02889 * RequestStateTransfer (replica.cc:212):   [1] Requesting state transfer: <0,289357>
20230730-160753-7372 02889 * RequestStateTransfer (replica.cc:212):   [1] Requesting state transfer: <0,289359>
20230730-160753-7373 02889 * RequestStateTransfer (replica.cc:212):   [1] Requesting state transfer: <0,289360>
20230730-160753-7375 02889 * RequestStateTransfer (replica.cc:212):   [1] Requesting state transfer: <0,289361>
20230730-160753-7377 02889 * RequestStateTransfer (replica.cc:212):   [1] Requesting state transfer: <0,289364>
20230730-160753-7380 02889 * RequestStateTransfer (replica.cc:212):   [1] Requesting state transfer: <0,289365>
20230730-160753-7381 02889 * RequestStateTransfer (replica.cc:212):   [1] Requesting state transfer: <0,289368>
20230730-160753-7384 02889 * RequestStateTransfer (replica.cc:212):   [1] Requesting state transfer: <0,289372>
20230730-160753-7398 02889 ! OnReadable      (udptransport.cc:573): Fragments out of order for packet 102; expected start 0, got 9000
20230730-160753-7399 02889 ! OnReadable      (udptransport.cc:565): Failed to reconstruct packet 102
20230730-160753-7789 02889 * HandleRequestStateTransfer (replica.cc:727):   [1] Sending state transfer from <0,289802> to <0,289802>
20230730-160753-7792 02889 * HandleRequestStateTransfer (replica.cc:727):   [1] Sending state transfer from <0,289803> to <0,289803>
20230730-160753-7794 02889 * HandleRequestStateTransfer (replica.cc:727):   [1] Sending state transfer from <0,289804> to <0,289805>
20230730-160753-7796 02889 * HandleRequestStateTransfer (replica.cc:727):   [1] Sending state transfer from <0,289805> to <0,289805>
20230730-160753-7799 02889 * HandleRequestStateTransfer (replica.cc:727):   [1] Sending state transfer from <0,289807> to <0,289809>
20230730-160753-7800 02889 * HandleRequestStateTransfer (replica.cc:727):   [1] Sending state transfer from <0,289808> to <0,289810>
20230730-160753-7801 02889 * HandleRequestStateTransfer (replica.cc:727):   [1] Sending state transfer from <0,289809> to <0,289810>
20230730-160753-7802 02889 * HandleRequestStateTransfer (replica.cc:727):   [1] Sending state transfer from <0,289810> to <0,289812>
20230730-160753-7804 02889 * HandleRequestStateTransfer (replica.cc:727):   [1] Sending state transfer from <0,289812> to <0,289812>
20230730-160753-8473 02889 * RequestStateTransfer (replica.cc:212):   [1] Requesting state transfer: <0,290335>
20230730-160753-8474 02889 * RequestStateTransfer (replica.cc:212):   [1] Requesting state transfer: <0,290342>
20230730-160753-8476 02889 * RequestStateTransfer (replica.cc:212):   [1] Requesting state transfer: <0,290343>
20230730-160753-8484 02889 * RequestStateTransfer (replica.cc:212):   [1] Requesting state transfer: <0,290364>
20230730-160753-8487 02889 * RequestStateTransfer (replica.cc:212):   [1] Requesting state transfer: <0,290365>
20230730-160753-8488 02889 * RequestStateTransfer (replica.cc:212):   [1] Requesting state transfer: <0,290366>
20230730-160753-8489 02889 * RequestStateTransfer (replica.cc:212):   [1] Requesting state transfer: <0,290367>
20230730-160753-8495 02889 ! OnReadable      (udptransport.cc:573): Fragments out of order for packet 10f; expected start 0, got 9000
20230730-160753-8497 02889 ! OnReadable      (udptransport.cc:565): Failed to reconstruct packet 10f
20230730-160753-8511 02889 ! OnReadable      (udptransport.cc:573): Fragments out of order for packet 112; expected start 0, got 9000
20230730-160753-8513 02889 ! OnReadable      (udptransport.cc:565): Failed to reconstruct packet 112
20230730-160754-2192 02889 * HandleRequestStateTransfer (replica.cc:727):   [1] Sending state transfer from <0,292439> to <0,292457>
20230730-160754-2199 02889 * HandleRequestStateTransfer (replica.cc:727):   [1] Sending state transfer from <0,292457> to <0,292464>
20230730-160754-2200 02889 * HandleRequestStateTransfer (replica.cc:727):   [1] Sending state transfer from <0,292460> to <0,292465>
20230730-160754-2201 02889 * HandleRequestStateTransfer (replica.cc:727):   [1] Sending state transfer from <0,292461> to <0,292465>
20230730-160754-2203 02889 * HandleRequestStateTransfer (replica.cc:727):   [1] Sending state transfer from <0,292464> to <0,292465>
20230730-160754-2534 02889 * RequestStateTransfer (replica.cc:212):   [1] Requesting state transfer: <0,292662>
20230730-160754-2546 02889 * RequestStateTransfer (replica.cc:212):   [1] Requesting state transfer: <0,292701>
20230730-160754-2547 02889 * RequestStateTransfer (replica.cc:212):   [1] Requesting state transfer: <0,292702>
20230730-160754-2548 02889 * RequestStateTransfer (replica.cc:212):   [1] Requesting state transfer: <0,292703>
20230730-160754-2549 02889 ! OnReadable      (udptransport.cc:573): Fragments out of order for packet 116; expected start 9000, got 18000
20230730-160754-3402 02889 * HandleRequestStateTransfer (replica.cc:727):   [1] Sending state transfer from <0,293225> to <0,293238>
20230730-160754-3407 02889 * HandleRequestStateTransfer (replica.cc:727):   [1] Sending state transfer from <0,293238> to <0,293240>
20230730-160754-3410 02889 * HandleRequestStateTransfer (replica.cc:727):   [1] Sending state transfer from <0,293239> to <0,293241>
20230730-160754-3411 02889 * HandleRequestStateTransfer (replica.cc:727):   [1] Sending state transfer from <0,293240> to <0,293241>
20230730-160754-4769 02889 * HandleRequestStateTransfer (replica.cc:727):   [1] Sending state transfer from <0,294195> to <0,294225>
20230730-160754-4770 02889 * SendMessageInternal (udptransport.cc:442): Sending large replication.vr.proto.StateTransferMessage message in 2 fragments
20230730-160754-4780 02889 * HandleRequestStateTransfer (replica.cc:727):   [1] Sending state transfer from <0,294231> to <0,294231>
20230730-160754-5678 02889 * RequestStateTransfer (replica.cc:212):   [1] Requesting state transfer: <0,294867>
20230730-160754-5685 02889 ! OnReadable      (udptransport.cc:565): Failed to reconstruct packet 116
20230730-160755-0219 02889 * RequestStateTransfer (replica.cc:212):   [1] Requesting state transfer: <0,297769>
20230730-160755-0220 02889 * HandleRequestStateTransfer (replica.cc:727):   [1] Sending state transfer from <0,297769> to <0,297770>
20230730-160755-0222 02889 * RequestStateTransfer (replica.cc:212):   [1] Requesting state transfer: <0,297771>
20230730-160755-0223 02889 * HandleRequestStateTransfer (replica.cc:727):   [1] Sending state transfer from <0,297771> to <0,297771>
20230730-160755-0706 02889 * RequestStateTransfer (replica.cc:212):   [1] Requesting state transfer: <0,298073>
20230730-160755-0708 02889 * RequestStateTransfer (replica.cc:212):   [1] Requesting state transfer: <0,298074>
20230730-160755-0709 02889 * RequestStateTransfer (replica.cc:212):   [1] Requesting state transfer: <0,298075>
20230730-160755-0759 02889 * HandleRequestStateTransfer (replica.cc:727):   [1] Sending state transfer from <0,298127> to <0,298128>
20230730-160755-0761 02889 * HandleRequestStateTransfer (replica.cc:727):   [1] Sending state transfer from <0,298128> to <0,298129>
20230730-160755-0761 02889 * HandleRequestStateTransfer (replica.cc:727):   [1] Sending state transfer from <0,298129> to <0,298130>
