20230730-160716-6973 03029 ! releaseForWrite (lockserver.cc:353): [-303362743274061525] Releasing unheld write lock: X9naHdYzXBmeEkW09iB4KEEwFzRCrmUNpOGMlhtk9ym3zL474BaAxLy4e4DtKi3O
20230730-160716-6974 03029 ! releaseForWrite (lockserver.cc:353): [-303362743274061525] Releasing unheld write lock: 2TMSLTIFrPQG8mWF2G2NZj3EujAjIc8nPP3ymaij9BXEv77bdtXnCO4JkTCEIuHP
20230730-160716-6974 03029 ! releaseForWrite (lockserver.cc:353): [-303362743274061525] Releasing unheld write lock: 8B5daNqWsc8xGF9tp4WK0f7EbtEwuvOogV3tUknSEhV32svVlyDHZfxRpkfrB1GQ
20230730-160716-7037 03029 ! releaseForWrite (lockserver.cc:353): [8576916556944340043] Releasing unheld write lock: 8B5daNqWsc8xGF9tp4WK0f7EbtEwuvOogV3tUknSEhV32svVlyDHZfxRpkfrB1GQ
20230730-160716-7037 03029 ! releaseForWrite (lockserver.cc:353): [8576916556944340043] Releasing unheld write lock: Ge69AQ8RMQHjn0REwokAaUlX5PQ7vKOnDGg78cKN6hngBK0R3MiUzdqPljHKYuO7
20230730-160717-8993 03029 ! releaseForRead  (lockserver.cc:293): [8272401660376040003] Releasing unheld read lock: 8B5daNqWsc8xGF9tp4WK0f7EbtEwuvOogV3tUknSEhV32svVlyDHZfxRpkfrB1GQ
20230730-160718-8619 03029 * RequestStateTransfer (replica.cc:212):   [2] Requesting state transfer: <0,15921>
20230730-160718-8621 03029 * RequestStateTransfer (replica.cc:212):   [2] Requesting state transfer: <0,15922>
20230730-160718-8626 03029 * HandleRequestStateTransfer (replica.cc:727):   [2] Sending state transfer from <0,15926> to <0,15926>
20230730-160719-3279 03029 * RequestStateTransfer (replica.cc:212):   [2] Requesting state transfer: <0,18117>
20230730-160719-3280 03029 * RequestStateTransfer (replica.cc:212):   [2] Requesting state transfer: <0,18118>
20230730-160719-6419 03029 * HandleRequestStateTransfer (replica.cc:727):   [2] Sending state transfer from <0,20285> to <0,20285>
20230730-160721-6234 03029 * RequestStateTransfer (replica.cc:212):   [2] Requesting state transfer: <0,33450>
20230730-160724-5147 03029 * RequestStateTransfer (replica.cc:212):   [2] Requesting state transfer: <0,53041>
20230730-160724-6837 03029 * RequestStateTransfer (replica.cc:212):   [2] Requesting state transfer: <0,54209>
20230730-160724-6838 03029 * HandleRequestStateTransfer (replica.cc:727):   [2] Sending state transfer from <0,54209> to <0,54210>
20230730-160724-9382 03029 * HandleRequestStateTransfer (replica.cc:727):   [2] Sending state transfer from <0,56104> to <0,56104>
20230730-160727-0202 03029 * RequestStateTransfer (replica.cc:212):   [2] Requesting state transfer: <0,65536>
20230730-160727-0213 03029 * RequestStateTransfer (replica.cc:212):   [2] Requesting state transfer: <0,65605>
20230730-160727-0214 03029 * RequestStateTransfer (replica.cc:212):   [2] Requesting state transfer: <0,65606>
20230730-160727-0214 03029 * RequestStateTransfer (replica.cc:212):   [2] Requesting state transfer: <0,65607>
20230730-160727-0215 03029 * RequestStateTransfer (replica.cc:212):   [2] Requesting state transfer: <0,65609>
20230730-160727-0216 03029 ! OnReadable      (udptransport.cc:573): Fragments out of order for packet 2; expected start 0, got 9000
20230730-160727-0217 03029 ! OnReadable      (udptransport.cc:573): Fragments out of order for packet 2; expected start 9000, got 18000
20230730-160727-0217 03029 * RequestStateTransfer (replica.cc:212):   [2] Requesting state transfer: <0,65611>
20230730-160727-6091 03029 * RequestStateTransfer (replica.cc:212):   [2] Requesting state transfer: <0,68372>
20230730-160727-6091 03029 * HandleRequestStateTransfer (replica.cc:727):   [2] Sending state transfer from <0,68372> to <0,68372>
20230730-160727-6093 03029 * RequestStateTransfer (replica.cc:212):   [2] Requesting state transfer: <0,68373>
20230730-160727-6093 03029 * HandleRequestStateTransfer (replica.cc:727):   [2] Sending state transfer from <0,68373> to <0,68373>
20230730-160727-9109 03029 ! releaseForWrite (lockserver.cc:353): [-303362743274061453] Releasing unheld write lock: OWKOGNxfZLC01S2J24MrKWHBoIgJjmgh5OixMHR70tjTO04W4KTD84JyIDSYCuEU
20230730-160727-9110 03029 ! releaseForWrite (lockserver.cc:353): [-303362743274061453] Releasing unheld write lock: 8B5daNqWsc8xGF9tp4WK0f7EbtEwuvOogV3tUknSEhV32svVlyDHZfxRpkfrB1GQ
20230730-160727-9110 03029 ! releaseForWrite (lockserver.cc:353): [-303362743274061453] Releasing unheld write lock: mnSEu1bNPHBF9n9Ea3MYth240LFT4J414PNS3e05GuSGYW3KMZkH8Ip4yz3JXQy0
20230730-160727-9110 03029 ! releaseForWrite (lockserver.cc:353): [-303362743274061453] Releasing unheld write lock: Fw035SH6BqCV01c9EzjPdJp2MzMlp41ko1HsCAKSzw4y4gWwfsIFT4YAeZRR13x7
20230730-160727-9129 03029 ! releaseForWrite (lockserver.cc:353): [-1357949345494201511] Releasing unheld write lock: Wvm8ohDiC0OVF8Zdp5ia7ZTIiyBKBQ138dOtJUHOIJJWAvM5B1ymWqcKomYCBvQi
20230730-160727-9129 03029 ! releaseForWrite (lockserver.cc:353): [-1357949345494201511] Releasing unheld write lock: NZe9NeYuOXKhpuJb20cwaZzSSkg9ZC4CPk2nYtOpkjOCyCUQ3lO7Hy84cJkIIlge
20230730-160727-9129 03029 ! releaseForRead  (lockserver.cc:293): [-1357949345494201511] Releasing unheld read lock: 8B5daNqWsc8xGF9tp4WK0f7EbtEwuvOogV3tUknSEhV32svVlyDHZfxRpkfrB1GQ
20230730-160727-9304 03029 ! releaseForRead  (lockserver.cc:293): [8576916556944340093] Releasing unheld read lock: 8B5daNqWsc8xGF9tp4WK0f7EbtEwuvOogV3tUknSEhV32svVlyDHZfxRpkfrB1GQ
20230730-160727-9304 03029 ! releaseForRead  (lockserver.cc:293): [8576916556944340093] Releasing unheld read lock: Usc3ls6ZKPurHWZzW3uF0X0abZF0rcPTjtVocrEW9hufMCUv3aKsKQFdwXoLjKpo
20230730-160727-9322 03029 ! releaseForWrite (lockserver.cc:353): [5316722240815970072] Releasing unheld write lock: 8B5daNqWsc8xGF9tp4WK0f7EbtEwuvOogV3tUknSEhV32svVlyDHZfxRpkfrB1GQ
20230730-160729-3498 03029 ! releaseForWrite (lockserver.cc:353): [4469241324399000121] Releasing unheld write lock: q0iSXvsrkhOnrErIU1xxNJeClABSIGniifxlcl3vSlHyifPp5uUTtL2aGMyMGqDu
20230730-160729-3498 03029 ! releaseForRead  (lockserver.cc:293): [4469241324399000121] Releasing unheld read lock: 9xfVV992M8zQxGrLptpOw0ySoheJKunTyx3ndEcolfJMHmHffzsBHaBskmMIMI1I
20230730-160729-3498 03029 ! releaseForRead  (lockserver.cc:293): [4469241324399000121] Releasing unheld read lock: LuG6uL1sypQiYYtHbUdHUam0IBujz69MTNlAqq9Ko1B1ud3BnEDdJZCGcOnBjlsh
20230730-160730-4511 03029 * RequestStateTransfer (replica.cc:212):   [2] Requesting state transfer: <0,86461>
20230730-160730-7189 03029 * HandleRequestStateTransfer (replica.cc:727):   [2] Sending state transfer from <0,88574> to <0,88574>
20230730-160731-5009 03029 * RequestStateTransfer (replica.cc:212):   [2] Requesting state transfer: <0,94768>
20230730-160731-5011 03029 * RequestStateTransfer (replica.cc:212):   [2] Requesting state transfer: <0,94769>
20230730-160731-5012 03029 * RequestStateTransfer (replica.cc:212):   [2] Requesting state transfer: <0,94770>
20230730-160731-5013 03029 * RequestStateTransfer (replica.cc:212):   [2] Requesting state transfer: <0,94771>
20230730-160731-5015 03029 * RequestStateTransfer (replica.cc:212):   [2] Requesting state transfer: <0,94773>
20230730-160731-5020 03029 * HandleRequestStateTransfer (replica.cc:727):   [2] Sending state transfer from <0,94773> to <0,94775>
20230730-160731-5023 03029 * HandleRequestStateTransfer (replica.cc:727):   [2] Sending state transfer from <0,94774> to <0,94778>
20230730-160731-5024 03029 * HandleRequestStateTransfer (replica.cc:727):   [2] Sending state transfer from <0,94775> to <0,94779>
20230730-160731-5026 03029 * HandleRequestStateTransfer (replica.cc:727):   [2] Sending state transfer from <0,94778> to <0,94781>
20230730-160732-3245 03029 ! releaseForWrite (lockserver.cc:353): [-8638477895172791516] Releasing unheld write lock: 8B5daNqWsc8xGF9tp4WK0f7EbtEwuvOogV3tUknSEhV32svVlyDHZfxRpkfrB1GQ
20230730-160732-3246 03029 ! releaseForRead  (lockserver.cc:293): [-8638477895172791516] Releasing unheld read lock: 2H0NgDZv5KRljEcQ6CnB8KeAWAFkDUczQDYNhlbqAere9j8NEkH9vxV2rq7xajXF
20230730-160732-3246 03029 ! releaseForRead  (lockserver.cc:293): [-8638477895172791516] Releasing unheld read lock: cqEQlIJjl4MPm7uGBnyc7yTMUzuiPq42VtH0LMZJ3g1otJFxdbIbLwanEjTPYfEJ
20230730-160732-3246 03029 ! releaseForRead  (lockserver.cc:293): [-8638477895172791516] Releasing unheld read lock: ZpIFhI5N9e05wIR42TXlQplcfahDafIJiM2U6FbLd6Er3HrPMLzSee5WkAG5BxG1
20230730-160732-3278 03029 ! releaseForWrite (lockserver.cc:353): [-5944086458479471498] Releasing unheld write lock: ruNQBPeDM9cJA93nPICZqpVCL3uCkocVsBEAFNU7HlVf3JETJ26eWRDOKMtOwRsd
20230730-160732-3278 03029 ! releaseForRead  (lockserver.cc:293): [-5944086458479471498] Releasing unheld read lock: 8B5daNqWsc8xGF9tp4WK0f7EbtEwuvOogV3tUknSEhV32svVlyDHZfxRpkfrB1GQ
20230730-160732-3326 03029 ! releaseForWrite (lockserver.cc:353): [5316722240815970086] Releasing unheld write lock: 8B5daNqWsc8xGF9tp4WK0f7EbtEwuvOogV3tUknSEhV32svVlyDHZfxRpkfrB1GQ
20230730-160732-3327 03029 ! releaseForRead  (lockserver.cc:293): [5316722240815970086] Releasing unheld read lock: EsHOPCmiSEM9vdfIWswevlp6Awk597uR1t1d9zJR7bDepz3mS8wcewMOP5k1eVJX
20230730-160734-2213 03029 * HandleRequestStateTransfer (replica.cc:727):   [2] Sending state transfer from <0,113423> to <0,113430>
20230730-160735-0253 03029 * RequestStateTransfer (replica.cc:212):   [2] Requesting state transfer: <0,119399>
20230730-160735-0255 03029 * RequestStateTransfer (replica.cc:212):   [2] Requesting state transfer: <0,119400>
20230730-160735-5849 03029 * RequestStateTransfer (replica.cc:212):   [2] Requesting state transfer: <0,122433>
20230730-160735-5850 03029 * HandleRequestStateTransfer (replica.cc:727):   [2] Sending state transfer from <0,122433> to <0,122435>
20230730-160735-8362 03029 * RequestStateTransfer (replica.cc:212):   [2] Requesting state transfer: <0,123909>
20230730-160735-9104 03029 * HandleRequestStateTransfer (replica.cc:727):   [2] Sending state transfer from <0,124504> to <0,124505>
20230730-160735-9105 03029 * HandleRequestStateTransfer (replica.cc:727):   [2] Sending state transfer from <0,124506> to <0,124506>
20230730-160735-9106 03029 * HandleRequestStateTransfer (replica.cc:727):   [2] Sending state transfer from <0,124509> to <0,124509>
20230730-160735-9735 03029 * RequestStateTransfer (replica.cc:212):   [2] Requesting state transfer: <0,124976>
20230730-160735-9737 03029 * RequestStateTransfer (replica.cc:212):   [2] Requesting state transfer: <0,124978>
20230730-160735-9739 03029 * RequestStateTransfer (replica.cc:212):   [2] Requesting state transfer: <0,124980>
20230730-160736-0800 03029 * RequestStateTransfer (replica.cc:212):   [2] Requesting state transfer: <0,125837>
20230730-160737-2859 03029 * RequestStateTransfer (replica.cc:212):   [2] Requesting state transfer: <0,131082>
20230730-160737-2861 03029 * RequestStateTransfer (replica.cc:212):   [2] Requesting state transfer: <0,131085>
20230730-160737-2862 03029 * RequestStateTransfer (replica.cc:212):   [2] Requesting state transfer: <0,131088>
20230730-160737-2863 03029 * RequestStateTransfer (replica.cc:212):   [2] Requesting state transfer: <0,131099>
20230730-160737-3053 03029 * RequestStateTransfer (replica.cc:212):   [2] Requesting state transfer: <0,131106>
20230730-160737-3054 03029 ! OnReadable      (udptransport.cc:565): Failed to reconstruct packet 2
20230730-160737-8653 03029 * RequestStateTransfer (replica.cc:212):   [2] Requesting state transfer: <0,135437>
20230730-160737-8655 03029 * RequestStateTransfer (replica.cc:212):   [2] Requesting state transfer: <0,135439>
20230730-160737-8659 03029 * RequestStateTransfer (replica.cc:212):   [2] Requesting state transfer: <0,135443>
20230730-160738-6610 03029 * RequestStateTransfer (replica.cc:212):   [2] Requesting state transfer: <0,141299>
20230730-160738-6611 03029 * RequestStateTransfer (replica.cc:212):   [2] Requesting state transfer: <0,141300>
20230730-160738-6612 03029 * RequestStateTransfer (replica.cc:212):   [2] Requesting state transfer: <0,141301>
20230730-160738-6613 03029 * RequestStateTransfer (replica.cc:212):   [2] Requesting state transfer: <0,141303>
20230730-160738-6617 03029 * RequestStateTransfer (replica.cc:212):   [2] Requesting state transfer: <0,141304>
20230730-160738-6618 03029 * RequestStateTransfer (replica.cc:212):   [2] Requesting state transfer: <0,141306>
20230730-160738-6773 03029 * HandleRequestStateTransfer (replica.cc:727):   [2] Sending state transfer from <0,141437> to <0,141438>
20230730-160738-6775 03029 * HandleRequestStateTransfer (replica.cc:727):   [2] Sending state transfer from <0,141439> to <0,141440>
20230730-160738-6776 03029 * HandleRequestStateTransfer (replica.cc:727):   [2] Sending state transfer from <0,141440> to <0,141441>
20230730-160738-6777 03029 * HandleRequestStateTransfer (replica.cc:727):   [2] Sending state transfer from <0,141441> to <0,141441>
20230730-160738-6779 03029 * HandleRequestStateTransfer (replica.cc:727):   [2] Sending state transfer from <0,141446> to <0,141447>
20230730-160738-6780 03029 * HandleRequestStateTransfer (replica.cc:727):   [2] Sending state transfer from <0,141448> to <0,141448>
20230730-160740-7472 03029 * RequestStateTransfer (replica.cc:212):   [2] Requesting state transfer: <0,151845>
20230730-160740-7473 03029 * RequestStateTransfer (replica.cc:212):   [2] Requesting state transfer: <0,151847>
20230730-160740-7729 03029 * RequestStateTransfer (replica.cc:212):   [2] Requesting state transfer: <0,152004>
20230730-160740-8863 03029 * RequestStateTransfer (replica.cc:212):   [2] Requesting state transfer: <0,152704>
20230730-160740-8864 03029 * HandleRequestStateTransfer (replica.cc:727):   [2] Sending state transfer from <0,152704> to <0,152704>
20230730-160743-1942 03029 ! releaseForRead  (lockserver.cc:293): [1708002488085540167] Releasing unheld read lock: M3ELC1S9uQmEScVAueWvkw7rJNW4RQIA1GSSI95EaHYcg2HihbMoKsa8D692cncM
20230730-160743-1942 03029 ! releaseForRead  (lockserver.cc:293): [1708002488085540167] Releasing unheld read lock: 8B5daNqWsc8xGF9tp4WK0f7EbtEwuvOogV3tUknSEhV32svVlyDHZfxRpkfrB1GQ
20230730-160743-1942 03029 ! releaseForRead  (lockserver.cc:293): [1708002488085540167] Releasing unheld read lock: T2VjyxGI6lnZvtdIITEdTYsluBuycsZ5ZBOnBGdTYMvvMi8fEEnruy3TFK22Fpqe
20230730-160743-2788 03029 * RequestStateTransfer (replica.cc:212):   [2] Requesting state transfer: <0,168558>
20230730-160743-2790 03029 * RequestStateTransfer (replica.cc:212):   [2] Requesting state transfer: <0,168560>
20230730-160744-3060 03029 * RequestStateTransfer (replica.cc:212):   [2] Requesting state transfer: <0,176569>
20230730-160744-3417 03029 ! releaseForWrite (lockserver.cc:353): [4498903532922430186] Releasing unheld write lock: 2TMSLTIFrPQG8mWF2G2NZj3EujAjIc8nPP3ymaij9BXEv77bdtXnCO4JkTCEIuHP
20230730-160744-3418 03029 ! releaseForWrite (lockserver.cc:353): [4498903532922430186] Releasing unheld write lock: SR2ZpYnANYaCzjeNhx9sotpj6YWje190dWTC748HaRMOuTtMqQ8HG909OVkoVLTk
20230730-160744-3418 03029 ! releaseForRead  (lockserver.cc:293): [4498903532922430186] Releasing unheld read lock: 2TMSLTIFrPQG8mWF2G2NZj3EujAjIc8nPP3ymaij9BXEv77bdtXnCO4JkTCEIuHP
20230730-160744-3418 03029 ! releaseForRead  (lockserver.cc:293): [4498903532922430186] Releasing unheld read lock: CtHAXs7BqyxmLedAhyP7egSAkdr7uL1pCdp4rKuRjswC5A5dJvN60LayPUZskApb
20230730-160744-8583 03029 ! releaseForWrite (lockserver.cc:353): [-8638477895172791409] Releasing unheld write lock: vqobrEFZmuLdcgqiN38QzdZi7nwNoPEsDtzr5MP6gyklPAbmIOsUjoae0TKPeygo
20230730-160744-8583 03029 ! releaseForWrite (lockserver.cc:353): [-8638477895172791409] Releasing unheld write lock: CjyFvPsiT4reIEyXRRZhj4qe97hSIkFxuOejSFaCpEd3jgfAXs4752Talqwi3mXr
20230730-160745-9783 03029 * RequestStateTransfer (replica.cc:212):   [2] Requesting state transfer: <0,188697>
20230730-160746-0306 03029 * RequestStateTransfer (replica.cc:212):   [2] Requesting state transfer: <0,189041>
20230730-160746-0307 03029 * RequestStateTransfer (replica.cc:212):   [2] Requesting state transfer: <0,189042>
20230730-160746-7301 03029 * RequestStateTransfer (replica.cc:212):   [2] Requesting state transfer: <0,193071>
20230730-160746-7303 03029 * RequestStateTransfer (replica.cc:212):   [2] Requesting state transfer: <0,193072>
20230730-160746-8944 03029 ! releaseForWrite (lockserver.cc:353): [-2851659468768111440] Releasing unheld write lock: ubyJNfdstmbz3nniFzv2iIiDZju3L3HjDYqIYhqD2ZE6s5Tg2mM489hDrjsYgsAw
20230730-160746-8944 03029 ! releaseForWrite (lockserver.cc:353): [-2851659468768111440] Releasing unheld write lock: woNuLl2bDb6S2nHKCps6ClvbBB5eKa85QaHoAB8mQJCQnmoKEK1lFoluhWSUtjJN
20230730-160746-8945 03029 ! releaseForWrite (lockserver.cc:353): [-2851659468768111440] Releasing unheld write lock: SK4ynrIbv8WmTCN4KZazgYsq0BbZ2fk5IZaQZaLeky8CqlMZxt5q3GvAOAdO2JZw
20230730-160746-8945 03029 ! releaseForRead  (lockserver.cc:293): [-2851659468768111440] Releasing unheld read lock: OKFXA0zseGrMKzMdv6KD1GCc9cVRKDlAZpPv8Lutbjtulo5T0qqLGvD0nwFzlmNS
20230730-160746-8945 03029 ! releaseForRead  (lockserver.cc:293): [-2851659468768111440] Releasing unheld read lock: 0R3mYuh5vDfuCVdsiogNWvj83O0ZcpLyK22QLjWOzW4NDIC2xKaSCbfVV5tWM7ER
20230730-160747-0292 03029 * HandleRequestStateTransfer (replica.cc:727):   [2] Sending state transfer from <0,195170> to <0,195170>
20230730-160747-0295 03029 * HandleRequestStateTransfer (replica.cc:727):   [2] Sending state transfer from <0,195171> to <0,195171>
20230730-160747-0298 03029 * HandleRequestStateTransfer (replica.cc:727):   [2] Sending state transfer from <0,195173> to <0,195173>
20230730-160747-1330 03029 * RequestStateTransfer (replica.cc:212):   [2] Requesting state transfer: <0,195988>
20230730-160748-6404 03029 * HandleRequestStateTransfer (replica.cc:727):   [2] Sending state transfer from <0,203049> to <0,203049>
20230730-160749-0771 03029 * RequestStateTransfer (replica.cc:212):   [2] Requesting state transfer: <0,205176>
20230730-160749-2182 03029 * RequestStateTransfer (replica.cc:212):   [2] Requesting state transfer: <0,205680>
20230730-160749-2183 03029 * RequestStateTransfer (replica.cc:212):   [2] Requesting state transfer: <0,205681>
20230730-160749-4678 03029 ! releaseForWrite (lockserver.cc:353): [3124448454063420169] Releasing unheld write lock: pqTFJluOKLQbdJkzjusXC75VbjXVnxWeH5alQJCuHi44s5K9JWqDUT4XRBX2EoyQ
20230730-160749-4678 03029 ! releaseForWrite (lockserver.cc:353): [3124448454063420169] Releasing unheld write lock: FmaU36q9BaFgDkNOoIzD7OgrUWmKHrfM5DtBxYiqNX5PT9GjCldKSfEk5S701ZEW
20230730-160749-4678 03029 ! releaseForRead  (lockserver.cc:293): [3124448454063420169] Releasing unheld read lock: 8B5daNqWsc8xGF9tp4WK0f7EbtEwuvOogV3tUknSEhV32svVlyDHZfxRpkfrB1GQ
20230730-160749-4678 03029 ! releaseForRead  (lockserver.cc:293): [3124448454063420169] Releasing unheld read lock: 7EOXEAWfUS8Xk7A2ludgFGxeXBAfnH6niiDWN4tgK0SQzF9Ar7EzMxvTrC3NGu3U
20230730-160749-4683 03029 ! releaseForWrite (lockserver.cc:353): [-392881375948181441] Releasing unheld write lock: 8B5daNqWsc8xGF9tp4WK0f7EbtEwuvOogV3tUknSEhV32svVlyDHZfxRpkfrB1GQ
20230730-160749-7602 03029 * HandleRequestStateTransfer (replica.cc:727):   [2] Sending state transfer from <0,209483> to <0,209516>
20230730-160749-7603 03029 * SendMessageInternal (udptransport.cc:442): Sending large replication.vr.proto.StateTransferMessage message in 2 fragments
20230730-160749-8572 03029 ! releaseForWrite (lockserver.cc:353): [-4633861809821141429] Releasing unheld write lock: QiQUZbIs2qurX8sylz3WCbBiEN9TgRM27iCZCjpExDGnx1ZaD8JoPdF1n6MuKEO7
20230730-160749-8572 03029 ! releaseForWrite (lockserver.cc:353): [-4633861809821141429] Releasing unheld write lock: 0dQ2xMUfFI4K4Dzh2Tpgq3AiYmdjOSp6kFigrfr2mLhaq4ABODt2oJPyDkit2Mv3
20230730-160749-8572 03029 ! releaseForRead  (lockserver.cc:293): [-4633861809821141429] Releasing unheld read lock: EqXdVvz0jXWSSmsOZRTSq01B54dJpUfiFWj1BXTy7SV43RYGBVsqv5ADQVmsSfDP
20230730-160749-8572 03029 ! releaseForRead  (lockserver.cc:293): [-4633861809821141429] Releasing unheld read lock: 8B5daNqWsc8xGF9tp4WK0f7EbtEwuvOogV3tUknSEhV32svVlyDHZfxRpkfrB1GQ
20230730-160749-8572 03029 ! releaseForRead  (lockserver.cc:293): [-4633861809821141429] Releasing unheld read lock: m3dJbUX02SMmHkxyvs1axetUvozrh0MEvo9Altl4BEgSP6lWsb7jdRonKaAcX9rg
20230730-160749-9308 03029 * RequestStateTransfer (replica.cc:212):   [2] Requesting state transfer: <0,210825>
20230730-160749-9309 03029 * RequestStateTransfer (replica.cc:212):   [2] Requesting state transfer: <0,210826>
20230730-160750-6158 03029 * RequestStateTransfer (replica.cc:212):   [2] Requesting state transfer: <0,215915>
20230730-160750-6159 03029 * RequestStateTransfer (replica.cc:212):   [2] Requesting state transfer: <0,215916>
20230730-160751-5688 03029 * RequestStateTransfer (replica.cc:212):   [2] Requesting state transfer: <0,223588>
20230730-160751-5689 03029 * HandleRequestStateTransfer (replica.cc:727):   [2] Sending state transfer from <0,223588> to <0,223589>
20230730-160751-5691 03029 * RequestStateTransfer (replica.cc:212):   [2] Requesting state transfer: <0,223591>
20230730-160751-5692 03029 * RequestStateTransfer (replica.cc:212):   [2] Requesting state transfer: <0,223592>
20230730-160751-5692 03029 * HandleRequestStateTransfer (replica.cc:727):   [2] Sending state transfer from <0,223591> to <0,223592>
20230730-160751-5693 03029 * RequestStateTransfer (replica.cc:212):   [2] Requesting state transfer: <0,223593>
20230730-160751-5694 03029 * HandleRequestStateTransfer (replica.cc:727):   [2] Sending state transfer from <0,223592> to <0,223594>
20230730-160751-5695 03029 * RequestStateTransfer (replica.cc:212):   [2] Requesting state transfer: <0,223594>
20230730-160751-5695 03029 * HandleRequestStateTransfer (replica.cc:727):   [2] Sending state transfer from <0,223593> to <0,223594>
20230730-160751-5697 03029 * HandleRequestStateTransfer (replica.cc:727):   [2] Sending state transfer from <0,223594> to <0,223596>
20230730-160751-5697 03029 * RequestStateTransfer (replica.cc:212):   [2] Requesting state transfer: <0,223596>
20230730-160751-5699 03029 * HandleRequestStateTransfer (replica.cc:727):   [2] Sending state transfer from <0,223596> to <0,223598>
20230730-160751-5699 03029 * RequestStateTransfer (replica.cc:212):   [2] Requesting state transfer: <0,223598>
20230730-160751-5700 03029 * HandleRequestStateTransfer (replica.cc:727):   [2] Sending state transfer from <0,223598> to <0,223599>
20230730-160751-5701 03029 * RequestStateTransfer (replica.cc:212):   [2] Requesting state transfer: <0,223600>
20230730-160751-5701 03029 * HandleRequestStateTransfer (replica.cc:727):   [2] Sending state transfer from <0,223600> to <0,223600>
20230730-160751-9425 03029 * RequestStateTransfer (replica.cc:212):   [2] Requesting state transfer: <0,226993>
20230730-160751-9426 03029 * RequestStateTransfer (replica.cc:212):   [2] Requesting state transfer: <0,226994>
20230730-160751-9426 03029 * RequestStateTransfer (replica.cc:212):   [2] Requesting state transfer: <0,226995>
20230730-160751-9428 03029 * RequestStateTransfer (replica.cc:212):   [2] Requesting state transfer: <0,227002>
20230730-160751-9444 03029 ! OnReadable      (udptransport.cc:573): Fragments out of order for packet 1b; expected start 0, got 9000
20230730-160751-9447 03029 ! OnReadable      (udptransport.cc:565): Failed to reconstruct packet 1b
20230730-160754-4582 03029 ! releaseForWrite (lockserver.cc:353): [8514147718960270220] Releasing unheld write lock: 8B5daNqWsc8xGF9tp4WK0f7EbtEwuvOogV3tUknSEhV32svVlyDHZfxRpkfrB1GQ
20230730-160754-4582 03029 ! releaseForRead  (lockserver.cc:293): [8514147718960270220] Releasing unheld read lock: Vi58BhLOLPcXEfvebIqMzE9UyK3m5u9QWrIO0UsKrK02A8GnbsGFoexawTA4CRQ4
20230730-160754-4582 03029 ! releaseForRead  (lockserver.cc:293): [8514147718960270220] Releasing unheld read lock: PmQzzIn3bHsadul8Me24qR3CMsdUDt9sFvN9zDX43ZaZIMwxbC0ICyjBNlVRfv1j
20230730-160754-6097 03029 ! releaseForWrite (lockserver.cc:353): [1890478948753230264] Releasing unheld write lock: tGW3YVtizKO7uDsf3s319t2zBN0ZjVpk2Xvdv4BIJILnNTqJQU7HdGIpJ6wmiXc4
20230730-160754-6098 03029 ! releaseForRead  (lockserver.cc:293): [1890478948753230264] Releasing unheld read lock: 8B5daNqWsc8xGF9tp4WK0f7EbtEwuvOogV3tUknSEhV32svVlyDHZfxRpkfrB1GQ
