20230730-160716-5201 03070 ! releaseForWrite (lockserver.cc:353): [-9009746685831881575] Releasing unheld write lock: ESAjKxB0brUbPyoli2wxJpkKNZ7QuoRoMgDzTIXRTJCR1deDs6lEg8rXiSoFigza
20230730-160716-5221 03070 ! releaseForRead  (lockserver.cc:293): [-8962289249716931486] Releasing unheld read lock: VEBQZB4TZI0PWcwWyta5ObR08SnENMzxCNz5Q90iE1sQ9M3Zz4WgAelsfu5wLIHd
20230730-160717-1471 03070 * HandleRequestStateTransfer (replica.cc:727):   [0] Sending state transfer from <0,9866> to <0,9874>
20230730-160717-1475 03070 * HandleRequestStateTransfer (replica.cc:727):   [0] Sending state transfer from <0,9868> to <0,9875>
20230730-160717-1476 03070 * HandleRequestStateTransfer (replica.cc:727):   [0] Sending state transfer from <0,9869> to <0,9875>
20230730-160717-1478 03070 * HandleRequestStateTransfer (replica.cc:727):   [0] Sending state transfer from <0,9873> to <0,9875>
20230730-160717-1479 03070 * HandleRequestStateTransfer (replica.cc:727):   [0] Sending state transfer from <0,9874> to <0,9875>
20230730-160717-1520 03070 * HandleRequestStateTransfer (replica.cc:727):   [0] Sending state transfer from <0,9866> to <0,9911>
20230730-160717-1521 03070 * SendMessageInternal (udptransport.cc:442): Sending large replication.vr.proto.StateTransferMessage message in 2 fragments
20230730-160717-1523 03070 * HandleRequestStateTransfer (replica.cc:727):   [0] Sending state transfer from <0,9868> to <0,9913>
20230730-160717-1523 03070 * SendMessageInternal (udptransport.cc:442): Sending large replication.vr.proto.StateTransferMessage message in 2 fragments
20230730-160717-1526 03070 * HandleRequestStateTransfer (replica.cc:727):   [0] Sending state transfer from <0,9869> to <0,9914>
20230730-160717-1526 03070 * SendMessageInternal (udptransport.cc:442): Sending large replication.vr.proto.StateTransferMessage message in 2 fragments
20230730-160717-1529 03070 * HandleRequestStateTransfer (replica.cc:727):   [0] Sending state transfer from <0,9873> to <0,9915>
20230730-160717-1529 03070 * SendMessageInternal (udptransport.cc:442): Sending large replication.vr.proto.StateTransferMessage message in 2 fragments
20230730-160717-1531 03070 * HandleRequestStateTransfer (replica.cc:727):   [0] Sending state transfer from <0,9874> to <0,9915>
20230730-160717-1531 03070 * SendMessageInternal (udptransport.cc:442): Sending large replication.vr.proto.StateTransferMessage message in 2 fragments
20230730-160717-1533 03070 * HandleRequestStateTransfer (replica.cc:727):   [0] Sending state transfer from <0,9875> to <0,9915>
20230730-160717-1533 03070 * SendMessageInternal (udptransport.cc:442): Sending large replication.vr.proto.StateTransferMessage message in 2 fragments
20230730-160717-1545 03070 * HandleRequestStateTransfer (replica.cc:727):   [0] Sending state transfer from <0,9909> to <0,9923>
20230730-160717-1547 03070 * HandleRequestStateTransfer (replica.cc:727):   [0] Sending state transfer from <0,9910> to <0,9925>
20230730-160717-1548 03070 * HandleRequestStateTransfer (replica.cc:727):   [0] Sending state transfer from <0,9911> to <0,9926>
20230730-160717-9433 03070 * HandleRequestStateTransfer (replica.cc:727):   [0] Sending state transfer from <0,15899> to <0,15936>
20230730-160717-9434 03070 * SendMessageInternal (udptransport.cc:442): Sending large replication.vr.proto.StateTransferMessage message in 2 fragments
20230730-160718-4784 03070 * HandleRequestStateTransfer (replica.cc:727):   [0] Sending state transfer from <0,19837> to <0,19844>
20230730-160718-4792 03070 * HandleRequestStateTransfer (replica.cc:727):   [0] Sending state transfer from <0,19838> to <0,19848>
20230730-160718-4794 03070 * HandleRequestStateTransfer (replica.cc:727):   [0] Sending state transfer from <0,19839> to <0,19849>
20230730-160718-5112 03070 * HandleRequestStateTransfer (replica.cc:727):   [0] Sending state transfer from <0,20092> to <0,20096>
20230730-160718-5114 03070 * HandleRequestStateTransfer (replica.cc:727):   [0] Sending state transfer from <0,20093> to <0,20097>
20230730-160718-5115 03070 * HandleRequestStateTransfer (replica.cc:727):   [0] Sending state transfer from <0,20095> to <0,20097>
20230730-160718-5158 03070 * HandleRequestStateTransfer (replica.cc:727):   [0] Sending state transfer from <0,20121> to <0,20130>
20230730-160718-5162 03070 * HandleRequestStateTransfer (replica.cc:727):   [0] Sending state transfer from <0,20123> to <0,20131>
20230730-160718-5164 03070 * HandleRequestStateTransfer (replica.cc:727):   [0] Sending state transfer from <0,20125> to <0,20131>
20230730-160718-5165 03070 * HandleRequestStateTransfer (replica.cc:727):   [0] Sending state transfer from <0,20126> to <0,20131>
20230730-160718-5167 03070 * HandleRequestStateTransfer (replica.cc:727):   [0] Sending state transfer from <0,20128> to <0,20131>
20230730-160718-5169 03070 * HandleRequestStateTransfer (replica.cc:727):   [0] Sending state transfer from <0,20092> to <0,20131>
20230730-160718-5170 03070 * SendMessageInternal (udptransport.cc:442): Sending large replication.vr.proto.StateTransferMessage message in 3 fragments
20230730-160718-5171 03070 * HandleRequestStateTransfer (replica.cc:727):   [0] Sending state transfer from <0,20129> to <0,20131>
20230730-160718-5171 03070 * HandleRequestStateTransfer (replica.cc:727):   [0] Sending state transfer from <0,20093> to <0,20131>
20230730-160718-5172 03070 * SendMessageInternal (udptransport.cc:442): Sending large replication.vr.proto.StateTransferMessage message in 3 fragments
20230730-160718-5173 03070 * HandleRequestStateTransfer (replica.cc:727):   [0] Sending state transfer from <0,20130> to <0,20131>
20230730-160718-5174 03070 * HandleRequestStateTransfer (replica.cc:727):   [0] Sending state transfer from <0,20095> to <0,20131>
20230730-160718-5175 03070 * SendMessageInternal (udptransport.cc:442): Sending large replication.vr.proto.StateTransferMessage message in 2 fragments
20230730-160718-5176 03070 * HandleRequestStateTransfer (replica.cc:727):   [0] Sending state transfer from <0,20097> to <0,20131>
20230730-160718-5177 03070 * SendMessageInternal (udptransport.cc:442): Sending large replication.vr.proto.StateTransferMessage message in 2 fragments
20230730-160718-5202 03070 * HandleRequestStateTransfer (replica.cc:727):   [0] Sending state transfer from <0,20131> to <0,20147>
20230730-160718-5203 03070 * SendMessageInternal (udptransport.cc:442): Sending large replication.vr.proto.StateTransferMessage message in 2 fragments
20230730-160718-6705 03070 ! releaseForWrite (lockserver.cc:353): [1340256621992350016] Releasing unheld write lock: VEBQZB4TZI0PWcwWyta5ObR08SnENMzxCNz5Q90iE1sQ9M3Zz4WgAelsfu5wLIHd
20230730-160718-6737 03070 ! releaseForWrite (lockserver.cc:353): [-5005176481280291574] Releasing unheld write lock: VEBQZB4TZI0PWcwWyta5ObR08SnENMzxCNz5Q90iE1sQ9M3Zz4WgAelsfu5wLIHd
20230730-160718-8258 03070 ! releaseForRead  (lockserver.cc:293): [-9152660951965301602] Releasing unheld read lock: ESAjKxB0brUbPyoli2wxJpkKNZ7QuoRoMgDzTIXRTJCR1deDs6lEg8rXiSoFigza
20230730-160718-9946 03070 * HandleRequestStateTransfer (replica.cc:727):   [0] Sending state transfer from <0,23610> to <0,23619>
20230730-160719-0614 03070 * HandleRequestStateTransfer (replica.cc:727):   [0] Sending state transfer from <0,24115> to <0,24125>
20230730-160719-0615 03070 * HandleRequestStateTransfer (replica.cc:727):   [0] Sending state transfer from <0,24115> to <0,24125>
20230730-160719-0616 03070 * HandleRequestStateTransfer (replica.cc:727):   [0] Sending state transfer from <0,24116> to <0,24126>
20230730-160719-0617 03070 * HandleRequestStateTransfer (replica.cc:727):   [0] Sending state transfer from <0,24116> to <0,24126>
20230730-160719-0619 03070 * HandleRequestStateTransfer (replica.cc:727):   [0] Sending state transfer from <0,24119> to <0,24126>
20230730-160719-0620 03070 * HandleRequestStateTransfer (replica.cc:727):   [0] Sending state transfer from <0,24119> to <0,24126>
20230730-160719-0622 03070 * HandleRequestStateTransfer (replica.cc:727):   [0] Sending state transfer from <0,24120> to <0,24126>
20230730-160719-0624 03070 * HandleRequestStateTransfer (replica.cc:727):   [0] Sending state transfer from <0,24120> to <0,24126>
20230730-160719-0625 03070 * HandleRequestStateTransfer (replica.cc:727):   [0] Sending state transfer from <0,24121> to <0,24126>
20230730-160719-0627 03070 * HandleRequestStateTransfer (replica.cc:727):   [0] Sending state transfer from <0,24121> to <0,24126>
20230730-160719-0628 03070 * HandleRequestStateTransfer (replica.cc:727):   [0] Sending state transfer from <0,24123> to <0,24126>
20230730-160719-0629 03070 * HandleRequestStateTransfer (replica.cc:727):   [0] Sending state transfer from <0,24123> to <0,24126>
20230730-160719-0629 03070 * HandleRequestStateTransfer (replica.cc:727):   [0] Sending state transfer from <0,24124> to <0,24126>
20230730-160719-0630 03070 * HandleRequestStateTransfer (replica.cc:727):   [0] Sending state transfer from <0,24124> to <0,24126>
20230730-160719-0630 03070 * HandleRequestStateTransfer (replica.cc:727):   [0] Sending state transfer from <0,24125> to <0,24126>
20230730-160719-0631 03070 * HandleRequestStateTransfer (replica.cc:727):   [0] Sending state transfer from <0,24125> to <0,24126>
20230730-160720-2857 03070 * HandleRequestStateTransfer (replica.cc:727):   [0] Sending state transfer from <0,33469> to <0,33494>
20230730-160720-2858 03070 * SendMessageInternal (udptransport.cc:442): Sending large replication.vr.proto.StateTransferMessage message in 2 fragments
20230730-160720-2859 03070 * HandleRequestStateTransfer (replica.cc:727):   [0] Sending state transfer from <0,33470> to <0,33494>
20230730-160720-2860 03070 * SendMessageInternal (udptransport.cc:442): Sending large replication.vr.proto.StateTransferMessage message in 2 fragments
20230730-160720-2861 03070 * HandleRequestStateTransfer (replica.cc:727):   [0] Sending state transfer from <0,33472> to <0,33494>
20230730-160720-2862 03070 * SendMessageInternal (udptransport.cc:442): Sending large replication.vr.proto.StateTransferMessage message in 2 fragments
20230730-160721-0355 03070 ! releaseForRead  (lockserver.cc:293): [-9009746685831881561] Releasing unheld read lock: VEBQZB4TZI0PWcwWyta5ObR08SnENMzxCNz5Q90iE1sQ9M3Zz4WgAelsfu5wLIHd
20230730-160721-1486 03070 * HandleRequestStateTransfer (replica.cc:727):   [0] Sending state transfer from <0,39340> to <0,39343>
20230730-160721-1489 03070 * HandleRequestStateTransfer (replica.cc:727):   [0] Sending state transfer from <0,39340> to <0,39343>
20230730-160721-1491 03070 * HandleRequestStateTransfer (replica.cc:727):   [0] Sending state transfer from <0,39341> to <0,39344>
20230730-160721-1492 03070 * HandleRequestStateTransfer (replica.cc:727):   [0] Sending state transfer from <0,39341> to <0,39344>
20230730-160721-1495 03070 * HandleRequestStateTransfer (replica.cc:727):   [0] Sending state transfer from <0,39343> to <0,39344>
20230730-160721-1496 03070 * HandleRequestStateTransfer (replica.cc:727):   [0] Sending state transfer from <0,39343> to <0,39344>
20230730-160721-3990 03070 * HandleRequestStateTransfer (replica.cc:727):   [0] Sending state transfer from <0,41165> to <0,41165>
20230730-160721-4022 03070 * HandleRequestStateTransfer (replica.cc:727):   [0] Sending state transfer from <0,41165> to <0,41189>
20230730-160721-4023 03070 * SendMessageInternal (udptransport.cc:442): Sending large replication.vr.proto.StateTransferMessage message in 2 fragments
20230730-160721-4025 03070 * HandleRequestStateTransfer (replica.cc:727):   [0] Sending state transfer from <0,41166> to <0,41190>
20230730-160721-4026 03070 * SendMessageInternal (udptransport.cc:442): Sending large replication.vr.proto.StateTransferMessage message in 2 fragments
20230730-160721-9080 03070 * HandleRequestStateTransfer (replica.cc:727):   [0] Sending state transfer from <0,44934> to <0,44977>
20230730-160721-9081 03070 * SendMessageInternal (udptransport.cc:442): Sending large replication.vr.proto.StateTransferMessage message in 3 fragments
20230730-160721-9092 03070 * HandleRequestStateTransfer (replica.cc:727):   [0] Sending state transfer from <0,44972> to <0,44984>
20230730-160721-9092 03070 * SendMessageInternal (udptransport.cc:442): Sending large replication.vr.proto.StateTransferMessage message in 2 fragments
20230730-160721-9093 03070 * HandleRequestStateTransfer (replica.cc:727):   [0] Sending state transfer from <0,44974> to <0,44984>
20230730-160721-9094 03070 * HandleRequestStateTransfer (replica.cc:727):   [0] Sending state transfer from <0,44975> to <0,44986>
20230730-160722-2042 03070 ! releaseForWrite (lockserver.cc:353): [1197012051866970031] Releasing unheld write lock: ESAjKxB0brUbPyoli2wxJpkKNZ7QuoRoMgDzTIXRTJCR1deDs6lEg8rXiSoFigza
20230730-160722-2148 03070 ! releaseForWrite (lockserver.cc:353): [785232892156420028] Releasing unheld write lock: ESAjKxB0brUbPyoli2wxJpkKNZ7QuoRoMgDzTIXRTJCR1deDs6lEg8rXiSoFigza
20230730-160722-2661 03070 ! releaseForWrite (lockserver.cc:353): [-945918556619181591] Releasing unheld write lock: 9xc4gHSGbHK3iGCVkENFtIvCRGTDU3wNFESHS0zROXCacj3aV9v0HHJBfyTghbfA
20230730-160722-3212 03070 ! releaseForRead  (lockserver.cc:293): [5671080709775800018] Releasing unheld read lock: VEBQZB4TZI0PWcwWyta5ObR08SnENMzxCNz5Q90iE1sQ9M3Zz4WgAelsfu5wLIHd
20230730-160723-2130 03070 ! releaseForWrite (lockserver.cc:353): [-2828275816681081595] Releasing unheld write lock: ESAjKxB0brUbPyoli2wxJpkKNZ7QuoRoMgDzTIXRTJCR1deDs6lEg8rXiSoFigza
20230730-160723-2229 03070 ! releaseForWrite (lockserver.cc:353): [-5341832289123771591] Releasing unheld write lock: ESAjKxB0brUbPyoli2wxJpkKNZ7QuoRoMgDzTIXRTJCR1deDs6lEg8rXiSoFigza
20230730-160723-2240 03070 ! releaseForWrite (lockserver.cc:353): [8484535295248610018] Releasing unheld write lock: ESAjKxB0brUbPyoli2wxJpkKNZ7QuoRoMgDzTIXRTJCR1deDs6lEg8rXiSoFigza
20230730-160723-5872 03070 * HandleRequestStateTransfer (replica.cc:727):   [0] Sending state transfer from <0,57235> to <0,57242>
20230730-160724-2033 03070 * HandleRequestStateTransfer (replica.cc:727):   [0] Sending state transfer from <0,62055> to <0,62067>
20230730-160724-2271 03070 * HandleRequestStateTransfer (replica.cc:727):   [0] Sending state transfer from <0,62287> to <0,62289>
20230730-160724-2272 03070 * HandleRequestStateTransfer (replica.cc:727):   [0] Sending state transfer from <0,62287> to <0,62289>
20230730-160724-2273 03070 * HandleRequestStateTransfer (replica.cc:727):   [0] Sending state transfer from <0,62288> to <0,62290>
20230730-160724-2273 03070 * HandleRequestStateTransfer (replica.cc:727):   [0] Sending state transfer from <0,62288> to <0,62290>
20230730-160724-2294 03070 * HandleRequestStateTransfer (replica.cc:727):   [0] Sending state transfer from <0,62315> to <0,62318>
20230730-160724-2296 03070 * HandleRequestStateTransfer (replica.cc:727):   [0] Sending state transfer from <0,62316> to <0,62319>
20230730-160724-2319 03070 * HandleRequestStateTransfer (replica.cc:727):   [0] Sending state transfer from <0,62345> to <0,62348>
20230730-160724-2321 03070 * HandleRequestStateTransfer (replica.cc:727):   [0] Sending state transfer from <0,62346> to <0,62349>
20230730-160724-2323 03070 * HandleRequestStateTransfer (replica.cc:727):   [0] Sending state transfer from <0,62347> to <0,62351>
20230730-160724-2348 03070 * HandleRequestStateTransfer (replica.cc:727):   [0] Sending state transfer from <0,62378> to <0,62381>
20230730-160724-2350 03070 * HandleRequestStateTransfer (replica.cc:727):   [0] Sending state transfer from <0,62379> to <0,62382>
20230730-160724-2350 03070 * HandleRequestStateTransfer (replica.cc:727):   [0] Sending state transfer from <0,62380> to <0,62382>
20230730-160724-2589 03070 * HandleRequestStateTransfer (replica.cc:727):   [0] Sending state transfer from <0,62597> to <0,62603>
20230730-160724-2591 03070 * HandleRequestStateTransfer (replica.cc:727):   [0] Sending state transfer from <0,62597> to <0,62603>
20230730-160724-2594 03070 * HandleRequestStateTransfer (replica.cc:727):   [0] Sending state transfer from <0,62598> to <0,62604>
20230730-160724-2595 03070 * HandleRequestStateTransfer (replica.cc:727):   [0] Sending state transfer from <0,62598> to <0,62604>
20230730-160724-2598 03070 * HandleRequestStateTransfer (replica.cc:727):   [0] Sending state transfer from <0,62600> to <0,62604>
20230730-160724-2599 03070 * HandleRequestStateTransfer (replica.cc:727):   [0] Sending state transfer from <0,62601> to <0,62604>
20230730-160724-2600 03070 * HandleRequestStateTransfer (replica.cc:727):   [0] Sending state transfer from <0,62600> to <0,62604>
20230730-160724-2601 03070 * HandleRequestStateTransfer (replica.cc:727):   [0] Sending state transfer from <0,62602> to <0,62604>
20230730-160724-2602 03070 * HandleRequestStateTransfer (replica.cc:727):   [0] Sending state transfer from <0,62603> to <0,62604>
20230730-160724-2603 03070 * HandleRequestStateTransfer (replica.cc:727):   [0] Sending state transfer from <0,62601> to <0,62604>
20230730-160724-2604 03070 * HandleRequestStateTransfer (replica.cc:727):   [0] Sending state transfer from <0,62602> to <0,62604>
20230730-160724-2609 03070 * HandleRequestStateTransfer (replica.cc:727):   [0] Sending state transfer from <0,62603> to <0,62612>
20230730-160724-2668 03070 * HandleRequestStateTransfer (replica.cc:727):   [0] Sending state transfer from <0,62661> to <0,62665>
20230730-160724-2678 03070 * HandleRequestStateTransfer (replica.cc:727):   [0] Sending state transfer from <0,62662> to <0,62674>
20230730-160724-2684 03070 * HandleRequestStateTransfer (replica.cc:727):   [0] Sending state transfer from <0,62663> to <0,62677>
20230730-160724-5473 03070 * HandleRequestStateTransfer (replica.cc:727):   [0] Sending state transfer from <0,64404> to <0,64407>
20230730-160724-5475 03070 * HandleRequestStateTransfer (replica.cc:727):   [0] Sending state transfer from <0,64405> to <0,64407>
20230730-160724-8067 03070 ! releaseForRead  (lockserver.cc:293): [-7748576497382521582] Releasing unheld read lock: tqOHHiyyUnBXC7Mk2sc7NeIWBR20Pd4J9H8tyJaQdiITbns9lTojIt4fN4xrp2dQ
20230730-160724-8069 03070 * HandleRequestStateTransfer (replica.cc:727):   [0] Sending state transfer from <0,65554> to <0,65576>
20230730-160724-8073 03070 * SendMessageInternal (udptransport.cc:442): Sending large replication.vr.proto.StateTransferMessage message in 2 fragments
20230730-160724-8073 03070 * HandleRequestStateTransfer (replica.cc:727):   [0] Sending state transfer from <0,65558> to <0,65576>
20230730-160724-8074 03070 * SendMessageInternal (udptransport.cc:442): Sending large replication.vr.proto.StateTransferMessage message in 2 fragments
20230730-160724-8074 03070 * HandleRequestStateTransfer (replica.cc:727):   [0] Sending state transfer from <0,65560> to <0,65576>
20230730-160724-8074 03070 * SendMessageInternal (udptransport.cc:442): Sending large replication.vr.proto.StateTransferMessage message in 2 fragments
20230730-160724-8075 03070 * HandleRequestStateTransfer (replica.cc:727):   [0] Sending state transfer from <0,65563> to <0,65576>
20230730-160724-8075 03070 * SendMessageInternal (udptransport.cc:442): Sending large replication.vr.proto.StateTransferMessage message in 2 fragments
20230730-160724-8075 03070 * HandleRequestStateTransfer (replica.cc:727):   [0] Sending state transfer from <0,65564> to <0,65576>
20230730-160724-8076 03070 * SendMessageInternal (udptransport.cc:442): Sending large replication.vr.proto.StateTransferMessage message in 2 fragments
20230730-160724-8076 03070 * HandleRequestStateTransfer (replica.cc:727):   [0] Sending state transfer from <0,65565> to <0,65576>
20230730-160724-8076 03070 * SendMessageInternal (udptransport.cc:442): Sending large replication.vr.proto.StateTransferMessage message in 2 fragments
20230730-160724-8076 03070 * HandleRequestStateTransfer (replica.cc:727):   [0] Sending state transfer from <0,65568> to <0,65576>
20230730-160724-8077 03070 * SendMessageInternal (udptransport.cc:442): Sending large replication.vr.proto.StateTransferMessage message in 2 fragments
20230730-160724-8077 03070 * HandleRequestStateTransfer (replica.cc:727):   [0] Sending state transfer from <0,65571> to <0,65576>
20230730-160724-8078 03070 * HandleRequestStateTransfer (replica.cc:727):   [0] Sending state transfer from <0,65572> to <0,65576>
20230730-160724-8079 03070 * HandleRequestStateTransfer (replica.cc:727):   [0] Sending state transfer from <0,65573> to <0,65576>
20230730-160724-8079 03070 * HandleRequestStateTransfer (replica.cc:727):   [0] Sending state transfer from <0,65574> to <0,65576>
20230730-160724-8081 03070 * HandleRequestStateTransfer (replica.cc:727):   [0] Sending state transfer from <0,65568> to <0,65576>
20230730-160724-8081 03070 * SendMessageInternal (udptransport.cc:442): Sending large replication.vr.proto.StateTransferMessage message in 2 fragments
20230730-160724-8082 03070 * HandleRequestStateTransfer (replica.cc:727):   [0] Sending state transfer from <0,65576> to <0,65576>
20230730-160724-8083 03070 * HandleRequestStateTransfer (replica.cc:727):   [0] Sending state transfer from <0,65571> to <0,65576>
20230730-160724-8085 03070 * HandleRequestStateTransfer (replica.cc:727):   [0] Sending state transfer from <0,65572> to <0,65576>
20230730-160724-8085 03070 * HandleRequestStateTransfer (replica.cc:727):   [0] Sending state transfer from <0,65573> to <0,65576>
20230730-160724-8096 03070 * HandleRequestStateTransfer (replica.cc:727):   [0] Sending state transfer from <0,65574> to <0,65595>
20230730-160724-8098 03070 * HandleRequestStateTransfer (replica.cc:727):   [0] Sending state transfer from <0,65576> to <0,65597>
20230730-160725-0579 03070 * HandleRequestStateTransfer (replica.cc:727):   [0] Sending state transfer from <0,67196> to <0,67248>
20230730-160725-0580 03070 * SendMessageInternal (udptransport.cc:442): Sending large replication.vr.proto.StateTransferMessage message in 3 fragments
20230730-160726-1919 03070 * HandleRequestStateTransfer (replica.cc:727):   [0] Sending state transfer from <0,74572> to <0,74636>
20230730-160726-1925 03070 * SendMessageInternal (udptransport.cc:442): Sending large replication.vr.proto.StateTransferMessage message in 3 fragments
20230730-160726-1935 03070 * HandleRequestStateTransfer (replica.cc:727):   [0] Sending state transfer from <0,74619> to <0,74638>
20230730-160726-1936 03070 * SendMessageInternal (udptransport.cc:442): Sending large replication.vr.proto.StateTransferMessage message in 2 fragments
20230730-160726-1938 03070 * HandleRequestStateTransfer (replica.cc:727):   [0] Sending state transfer from <0,74626> to <0,74638>
20230730-160726-1938 03070 * SendMessageInternal (udptransport.cc:442): Sending large replication.vr.proto.StateTransferMessage message in 2 fragments
20230730-160726-1939 03070 * HandleRequestStateTransfer (replica.cc:727):   [0] Sending state transfer from <0,74629> to <0,74638>
20230730-160726-1940 03070 * SendMessageInternal (udptransport.cc:442): Sending large replication.vr.proto.StateTransferMessage message in 2 fragments
20230730-160726-4441 03070 * HandleRequestStateTransfer (replica.cc:727):   [0] Sending state transfer from <0,76418> to <0,76425>
20230730-160726-4451 03070 * HandleRequestStateTransfer (replica.cc:727):   [0] Sending state transfer from <0,76419> to <0,76430>
20230730-160726-6960 03070 * HandleRequestStateTransfer (replica.cc:727):   [0] Sending state transfer from <0,78250> to <0,78300>
20230730-160726-6965 03070 * SendMessageInternal (udptransport.cc:442): Sending large replication.vr.proto.StateTransferMessage message in 3 fragments
20230730-160726-6975 03070 * HandleRequestStateTransfer (replica.cc:727):   [0] Sending state transfer from <0,78289> to <0,78308>
20230730-160726-6976 03070 * SendMessageInternal (udptransport.cc:442): Sending large replication.vr.proto.StateTransferMessage message in 2 fragments
20230730-160726-6977 03070 * HandleRequestStateTransfer (replica.cc:727):   [0] Sending state transfer from <0,78291> to <0,78308>
20230730-160726-6977 03070 * SendMessageInternal (udptransport.cc:442): Sending large replication.vr.proto.StateTransferMessage message in 2 fragments
20230730-160726-6979 03070 * HandleRequestStateTransfer (replica.cc:727):   [0] Sending state transfer from <0,78294> to <0,78308>
20230730-160726-6979 03070 * SendMessageInternal (udptransport.cc:442): Sending large replication.vr.proto.StateTransferMessage message in 2 fragments
20230730-160727-2744 03070 * HandleRequestStateTransfer (replica.cc:727):   [0] Sending state transfer from <0,83012> to <0,83019>
20230730-160727-2752 03070 * HandleRequestStateTransfer (replica.cc:727):   [0] Sending state transfer from <0,83012> to <0,83024>
20230730-160727-2753 03070 * HandleRequestStateTransfer (replica.cc:727):   [0] Sending state transfer from <0,83013> to <0,83025>
20230730-160727-2754 03070 * HandleRequestStateTransfer (replica.cc:727):   [0] Sending state transfer from <0,83013> to <0,83025>
20230730-160727-2756 03070 * HandleRequestStateTransfer (replica.cc:727):   [0] Sending state transfer from <0,83014> to <0,83025>
20230730-160727-2757 03070 * HandleRequestStateTransfer (replica.cc:727):   [0] Sending state transfer from <0,83014> to <0,83025>
20230730-160727-2757 03070 * HandleRequestStateTransfer (replica.cc:727):   [0] Sending state transfer from <0,83015> to <0,83025>
20230730-160727-2758 03070 * HandleRequestStateTransfer (replica.cc:727):   [0] Sending state transfer from <0,83015> to <0,83025>
20230730-160727-2838 03070 * HandleRequestStateTransfer (replica.cc:727):   [0] Sending state transfer from <0,83082> to <0,83097>
20230730-160727-2838 03070 * HandleRequestStateTransfer (replica.cc:727):   [0] Sending state transfer from <0,83082> to <0,83097>
20230730-160727-2840 03070 * HandleRequestStateTransfer (replica.cc:727):   [0] Sending state transfer from <0,83085> to <0,83098>
20230730-160727-2841 03070 * HandleRequestStateTransfer (replica.cc:727):   [0] Sending state transfer from <0,83085> to <0,83098>
20230730-160727-2843 03070 * HandleRequestStateTransfer (replica.cc:727):   [0] Sending state transfer from <0,83088> to <0,83098>
20230730-160727-2844 03070 * HandleRequestStateTransfer (replica.cc:727):   [0] Sending state transfer from <0,83088> to <0,83098>
20230730-160727-2847 03070 * HandleRequestStateTransfer (replica.cc:727):   [0] Sending state transfer from <0,83093> to <0,83098>
20230730-160727-2849 03070 * HandleRequestStateTransfer (replica.cc:727):   [0] Sending state transfer from <0,83097> to <0,83098>
20230730-160727-2851 03070 * HandleRequestStateTransfer (replica.cc:727):   [0] Sending state transfer from <0,83093> to <0,83098>
20230730-160727-2856 03070 * HandleRequestStateTransfer (replica.cc:727):   [0] Sending state transfer from <0,83097> to <0,83107>
20230730-160727-6000 03070 * HandleRequestStateTransfer (replica.cc:727):   [0] Sending state transfer from <0,85897> to <0,85899>
20230730-160727-6000 03070 * HandleRequestStateTransfer (replica.cc:727):   [0] Sending state transfer from <0,85897> to <0,85899>
20230730-160727-6002 03070 * HandleRequestStateTransfer (replica.cc:727):   [0] Sending state transfer from <0,85898> to <0,85900>
20230730-160727-6003 03070 * HandleRequestStateTransfer (replica.cc:727):   [0] Sending state transfer from <0,85898> to <0,85900>
20230730-160727-6003 03070 * HandleRequestStateTransfer (replica.cc:727):   [0] Sending state transfer from <0,85899> to <0,85900>
20230730-160727-6004 03070 * HandleRequestStateTransfer (replica.cc:727):   [0] Sending state transfer from <0,85899> to <0,85900>
20230730-160728-6785 03070 ! releaseForRead  (lockserver.cc:293): [9057957154433050044] Releasing unheld read lock: UOznCQRYSRKPNDmOiweWDK32b96soiTvTzNa9OfsSsNQP38FeI7Hme2X8x78mKKW
20230730-160728-7721 03070 ! releaseForWrite (lockserver.cc:353): [5169365877005980040] Releasing unheld write lock: ESAjKxB0brUbPyoli2wxJpkKNZ7QuoRoMgDzTIXRTJCR1deDs6lEg8rXiSoFigza
20230730-160728-8024 03070 ! releaseForWrite (lockserver.cc:353): [-9009746685831881540] Releasing unheld write lock: ESAjKxB0brUbPyoli2wxJpkKNZ7QuoRoMgDzTIXRTJCR1deDs6lEg8rXiSoFigza
20230730-160729-1986 03070 ! releaseForRead  (lockserver.cc:293): [7073012177676770087] Releasing unheld read lock: mFGqeoyVJtK9RI1YX4q1NX2ngtdga4MCaZ6kq5RC4NaHBfW4atlfaCKYs2d8gwwC
20230730-160729-7256 03070 ! releaseForWrite (lockserver.cc:353): [-8348191458036001562] Releasing unheld write lock: ESAjKxB0brUbPyoli2wxJpkKNZ7QuoRoMgDzTIXRTJCR1deDs6lEg8rXiSoFigza
20230730-160729-7535 03070 ! releaseForWrite (lockserver.cc:353): [-8886411195020831570] Releasing unheld write lock: ESAjKxB0brUbPyoli2wxJpkKNZ7QuoRoMgDzTIXRTJCR1deDs6lEg8rXiSoFigza
20230730-160729-7833 03070 ! releaseForWrite (lockserver.cc:353): [-1427092980051841570] Releasing unheld write lock: ESAjKxB0brUbPyoli2wxJpkKNZ7QuoRoMgDzTIXRTJCR1deDs6lEg8rXiSoFigza
20230730-160729-7888 03070 ! releaseForWrite (lockserver.cc:353): [5169365877005980041] Releasing unheld write lock: ESAjKxB0brUbPyoli2wxJpkKNZ7QuoRoMgDzTIXRTJCR1deDs6lEg8rXiSoFigza
20230730-160729-8205 03070 ! releaseForWrite (lockserver.cc:353): [4069556593160430055] Releasing unheld write lock: ESAjKxB0brUbPyoli2wxJpkKNZ7QuoRoMgDzTIXRTJCR1deDs6lEg8rXiSoFigza
20230730-160729-8292 03070 ! releaseForWrite (lockserver.cc:353): [1197012051866970069] Releasing unheld write lock: ESAjKxB0brUbPyoli2wxJpkKNZ7QuoRoMgDzTIXRTJCR1deDs6lEg8rXiSoFigza
20230730-160729-8339 03070 ! releaseForWrite (lockserver.cc:353): [-1215933947923761566] Releasing unheld write lock: ESAjKxB0brUbPyoli2wxJpkKNZ7QuoRoMgDzTIXRTJCR1deDs6lEg8rXiSoFigza
20230730-160729-8634 03070 ! releaseForWrite (lockserver.cc:353): [-6047264510764771585] Releasing unheld write lock: ESAjKxB0brUbPyoli2wxJpkKNZ7QuoRoMgDzTIXRTJCR1deDs6lEg8rXiSoFigza
20230730-160729-8960 03070 ! releaseForRead  (lockserver.cc:293): [-7623692502936981519] Releasing unheld read lock: ESAjKxB0brUbPyoli2wxJpkKNZ7QuoRoMgDzTIXRTJCR1deDs6lEg8rXiSoFigza
20230730-160729-9239 03070 * HandleRequestStateTransfer (replica.cc:727):   [0] Sending state transfer from <0,101390> to <0,101395>
20230730-160729-9241 03070 * HandleRequestStateTransfer (replica.cc:727):   [0] Sending state transfer from <0,101391> to <0,101396>
20230730-160729-9244 03070 * HandleRequestStateTransfer (replica.cc:727):   [0] Sending state transfer from <0,101392> to <0,101400>
20230730-160729-9246 03070 * HandleRequestStateTransfer (replica.cc:727):   [0] Sending state transfer from <0,101393> to <0,101400>
20230730-160729-9248 03070 * HandleRequestStateTransfer (replica.cc:727):   [0] Sending state transfer from <0,101394> to <0,101401>
20230730-160729-9476 03070 ! releaseForRead  (lockserver.cc:293): [2689912326247530100] Releasing unheld read lock: ESAjKxB0brUbPyoli2wxJpkKNZ7QuoRoMgDzTIXRTJCR1deDs6lEg8rXiSoFigza
20230730-160730-0496 03070 ! releaseForRead  (lockserver.cc:293): [8056190734138330048] Releasing unheld read lock: N1iW1lz6w2lhOkypaJrTquOIYxZh3EnMe47sPoXi6Ino1Rx2o8hCg7ThIVehW0pm
20230730-160730-1453 03070 ! releaseForWrite (lockserver.cc:353): [6090032288934650110] Releasing unheld write lock: ESAjKxB0brUbPyoli2wxJpkKNZ7QuoRoMgDzTIXRTJCR1deDs6lEg8rXiSoFigza
20230730-160730-1453 03070 ! releaseForRead  (lockserver.cc:293): [6090032288934650110] Releasing unheld read lock: ESAjKxB0brUbPyoli2wxJpkKNZ7QuoRoMgDzTIXRTJCR1deDs6lEg8rXiSoFigza
20230730-160730-1643 03070 ! releaseForWrite (lockserver.cc:353): [7645195587892780077] Releasing unheld write lock: ESAjKxB0brUbPyoli2wxJpkKNZ7QuoRoMgDzTIXRTJCR1deDs6lEg8rXiSoFigza
20230730-160730-1657 03070 ! releaseForRead  (lockserver.cc:293): [8812134351457650020] Releasing unheld read lock: ESAjKxB0brUbPyoli2wxJpkKNZ7QuoRoMgDzTIXRTJCR1deDs6lEg8rXiSoFigza
20230730-160730-2255 03070 ! releaseForRead  (lockserver.cc:293): [8484535295248610036] Releasing unheld read lock: ESAjKxB0brUbPyoli2wxJpkKNZ7QuoRoMgDzTIXRTJCR1deDs6lEg8rXiSoFigza
20230730-160730-2263 03070 ! releaseForRead  (lockserver.cc:293): [-7748576497382521559] Releasing unheld read lock: extPyBwpWElANq5lIwI13fUJrv96u668L8X095ekmm5C8zRU4JREas9va4hV0Amk
20230730-160730-8777 03070 ! releaseForRead  (lockserver.cc:293): [-6047264510764771582] Releasing unheld read lock: ESAjKxB0brUbPyoli2wxJpkKNZ7QuoRoMgDzTIXRTJCR1deDs6lEg8rXiSoFigza
20230730-160730-8860 03070 ! releaseForRead  (lockserver.cc:293): [-3356571343800871557] Releasing unheld read lock: ESAjKxB0brUbPyoli2wxJpkKNZ7QuoRoMgDzTIXRTJCR1deDs6lEg8rXiSoFigza
20230730-160731-0538 03070 * HandleRequestStateTransfer (replica.cc:727):   [0] Sending state transfer from <0,109185> to <0,109188>
20230730-160731-0540 03070 * HandleRequestStateTransfer (replica.cc:727):   [0] Sending state transfer from <0,109186> to <0,109189>
20230730-160732-3046 03070 ! releaseForRead  (lockserver.cc:293): [4069556593160430066] Releasing unheld read lock: ESAjKxB0brUbPyoli2wxJpkKNZ7QuoRoMgDzTIXRTJCR1deDs6lEg8rXiSoFigza
20230730-160732-3160 03070 ! releaseForRead  (lockserver.cc:293): [5671080709775800050] Releasing unheld read lock: ESAjKxB0brUbPyoli2wxJpkKNZ7QuoRoMgDzTIXRTJCR1deDs6lEg8rXiSoFigza
20230730-160732-3231 03070 ! releaseForRead  (lockserver.cc:293): [-4762859985997531563] Releasing unheld read lock: ESAjKxB0brUbPyoli2wxJpkKNZ7QuoRoMgDzTIXRTJCR1deDs6lEg8rXiSoFigza
20230730-160732-3242 03070 ! releaseForWrite (lockserver.cc:353): [-7843844493883251555] Releasing unheld write lock: ESAjKxB0brUbPyoli2wxJpkKNZ7QuoRoMgDzTIXRTJCR1deDs6lEg8rXiSoFigza
20230730-160732-3254 03070 ! releaseForWrite (lockserver.cc:353): [-7697691668793211563] Releasing unheld write lock: ESAjKxB0brUbPyoli2wxJpkKNZ7QuoRoMgDzTIXRTJCR1deDs6lEg8rXiSoFigza
20230730-160732-3293 03070 ! releaseForWrite (lockserver.cc:353): [-6047264510764771578] Releasing unheld write lock: ESAjKxB0brUbPyoli2wxJpkKNZ7QuoRoMgDzTIXRTJCR1deDs6lEg8rXiSoFigza
20230730-160732-3653 03070 * HandleRequestStateTransfer (replica.cc:727):   [0] Sending state transfer from <0,117723> to <0,117728>
20230730-160732-7659 03070 * HandleRequestStateTransfer (replica.cc:727):   [0] Sending state transfer from <0,120226> to <0,120235>
20230730-160732-7663 03070 * HandleRequestStateTransfer (replica.cc:727):   [0] Sending state transfer from <0,120227> to <0,120235>
20230730-160732-7670 03070 * HandleRequestStateTransfer (replica.cc:727):   [0] Sending state transfer from <0,120231> to <0,120239>
20230730-160733-2791 03070 * HandleRequestStateTransfer (replica.cc:727):   [0] Sending state transfer from <0,123313> to <0,123316>
20230730-160733-2792 03070 * HandleRequestStateTransfer (replica.cc:727):   [0] Sending state transfer from <0,123314> to <0,123317>
20230730-160733-2793 03070 * HandleRequestStateTransfer (replica.cc:727):   [0] Sending state transfer from <0,123316> to <0,123318>
20230730-160734-0843 03070 * HandleRequestStateTransfer (replica.cc:727):   [0] Sending state transfer from <0,129143> to <0,129149>
20230730-160734-0849 03070 * HandleRequestStateTransfer (replica.cc:727):   [0] Sending state transfer from <0,129144> to <0,129157>
20230730-160734-0852 03070 * HandleRequestStateTransfer (replica.cc:727):   [0] Sending state transfer from <0,129146> to <0,129160>
20230730-160734-5116 03070 * HandleRequestStateTransfer (replica.cc:727):   [0] Sending state transfer from <0,131072> to <0,131112>
20230730-160734-5246 03070 * SendMessageInternal (udptransport.cc:442): Sending large replication.vr.proto.StateTransferMessage message in 3 fragments
20230730-160734-5249 03070 * HandleRequestStateTransfer (replica.cc:727):   [0] Sending state transfer from <0,131093> to <0,131112>
20230730-160734-5258 03070 * SendMessageInternal (udptransport.cc:442): Sending large replication.vr.proto.StateTransferMessage message in 2 fragments
20230730-160734-5259 03070 * HandleRequestStateTransfer (replica.cc:727):   [0] Sending state transfer from <0,131102> to <0,131112>
20230730-160734-5261 03070 * SendMessageInternal (udptransport.cc:442): Sending large replication.vr.proto.StateTransferMessage message in 2 fragments
20230730-160734-5262 03070 * HandleRequestStateTransfer (replica.cc:727):   [0] Sending state transfer from <0,131103> to <0,131112>
20230730-160734-5262 03070 * SendMessageInternal (udptransport.cc:442): Sending large replication.vr.proto.StateTransferMessage message in 2 fragments
20230730-160734-5263 03070 * HandleRequestStateTransfer (replica.cc:727):   [0] Sending state transfer from <0,131107> to <0,131112>
20230730-160734-5264 03070 * SendMessageInternal (udptransport.cc:442): Sending large replication.vr.proto.StateTransferMessage message in 2 fragments
20230730-160734-5264 03070 * HandleRequestStateTransfer (replica.cc:727):   [0] Sending state transfer from <0,131109> to <0,131112>
20230730-160734-5265 03070 * SendMessageInternal (udptransport.cc:442): Sending large replication.vr.proto.StateTransferMessage message in 2 fragments
20230730-160734-5265 03070 * HandleRequestStateTransfer (replica.cc:727):   [0] Sending state transfer from <0,131112> to <0,131112>
20230730-160734-5271 03070 * HandleRequestStateTransfer (replica.cc:727):   [0] Sending state transfer from <0,131072> to <0,131112>
20230730-160734-5271 03070 * SendMessageInternal (udptransport.cc:442): Sending large replication.vr.proto.StateTransferMessage message in 3 fragments
20230730-160738-3164 03070 * HandleRequestStateTransfer (replica.cc:727):   [0] Sending state transfer from <0,159124> to <0,159132>
20230730-160738-3178 03070 * SendMessageInternal (udptransport.cc:442): Sending large replication.vr.proto.StateTransferMessage message in 2 fragments
20230730-160738-3179 03070 * HandleRequestStateTransfer (replica.cc:727):   [0] Sending state transfer from <0,159125> to <0,159133>
20230730-160738-3180 03070 * SendMessageInternal (udptransport.cc:442): Sending large replication.vr.proto.StateTransferMessage message in 2 fragments
20230730-160738-3182 03070 * HandleRequestStateTransfer (replica.cc:727):   [0] Sending state transfer from <0,159127> to <0,159133>
20230730-160738-3183 03070 * SendMessageInternal (udptransport.cc:442): Sending large replication.vr.proto.StateTransferMessage message in 2 fragments
20230730-160738-3184 03070 * HandleRequestStateTransfer (replica.cc:727):   [0] Sending state transfer from <0,159128> to <0,159133>
20230730-160738-3184 03070 * SendMessageInternal (udptransport.cc:442): Sending large replication.vr.proto.StateTransferMessage message in 2 fragments
20230730-160738-3184 03070 * HandleRequestStateTransfer (replica.cc:727):   [0] Sending state transfer from <0,159129> to <0,159133>
20230730-160738-3187 03070 * HandleRequestStateTransfer (replica.cc:727):   [0] Sending state transfer from <0,159131> to <0,159133>
20230730-160738-3188 03070 * SendMessageInternal (udptransport.cc:442): Sending large replication.vr.proto.StateTransferMessage message in 2 fragments
20230730-160738-3188 03070 * HandleRequestStateTransfer (replica.cc:727):   [0] Sending state transfer from <0,159132> to <0,159133>
20230730-160738-3188 03070 * SendMessageInternal (udptransport.cc:442): Sending large replication.vr.proto.StateTransferMessage message in 2 fragments
20230730-160738-3203 03070 * HandleRequestStateTransfer (replica.cc:727):   [0] Sending state transfer from <0,159124> to <0,159154>
20230730-160738-3204 03070 * SendMessageInternal (udptransport.cc:442): Sending large replication.vr.proto.StateTransferMessage message in 2 fragments
20230730-160738-3205 03070 * HandleRequestStateTransfer (replica.cc:727):   [0] Sending state transfer from <0,159125> to <0,159154>
20230730-160738-3205 03070 * SendMessageInternal (udptransport.cc:442): Sending large replication.vr.proto.StateTransferMessage message in 2 fragments
20230730-160738-3206 03070 * HandleRequestStateTransfer (replica.cc:727):   [0] Sending state transfer from <0,159127> to <0,159154>
20230730-160738-3206 03070 * SendMessageInternal (udptransport.cc:442): Sending large replication.vr.proto.StateTransferMessage message in 2 fragments
20230730-160738-3207 03070 * HandleRequestStateTransfer (replica.cc:727):   [0] Sending state transfer from <0,159128> to <0,159154>
20230730-160738-3207 03070 * SendMessageInternal (udptransport.cc:442): Sending large replication.vr.proto.StateTransferMessage message in 2 fragments
20230730-160738-3208 03070 * HandleRequestStateTransfer (replica.cc:727):   [0] Sending state transfer from <0,159129> to <0,159154>
20230730-160738-3209 03070 * SendMessageInternal (udptransport.cc:442): Sending large replication.vr.proto.StateTransferMessage message in 2 fragments
20230730-160738-3210 03070 * HandleRequestStateTransfer (replica.cc:727):   [0] Sending state transfer from <0,159131> to <0,159157>
20230730-160738-3211 03070 * SendMessageInternal (udptransport.cc:442): Sending large replication.vr.proto.StateTransferMessage message in 2 fragments
20230730-160738-3212 03070 * HandleRequestStateTransfer (replica.cc:727):   [0] Sending state transfer from <0,159132> to <0,159157>
20230730-160738-3212 03070 * SendMessageInternal (udptransport.cc:442): Sending large replication.vr.proto.StateTransferMessage message in 2 fragments
20230730-160738-3215 03070 * HandleRequestStateTransfer (replica.cc:727):   [0] Sending state transfer from <0,159133> to <0,159157>
20230730-160738-3216 03070 * SendMessageInternal (udptransport.cc:442): Sending large replication.vr.proto.StateTransferMessage message in 2 fragments
20230730-160738-3631 03070 * HandleRequestStateTransfer (replica.cc:727):   [0] Sending state transfer from <0,159461> to <0,159471>
20230730-160738-3632 03070 * SendMessageInternal (udptransport.cc:442): Sending large replication.vr.proto.StateTransferMessage message in 2 fragments
20230730-160738-3637 03070 * HandleRequestStateTransfer (replica.cc:727):   [0] Sending state transfer from <0,159462> to <0,159477>
20230730-160738-3638 03070 * SendMessageInternal (udptransport.cc:442): Sending large replication.vr.proto.StateTransferMessage message in 2 fragments
20230730-160738-5603 03070 * HandleRequestStateTransfer (replica.cc:727):   [0] Sending state transfer from <0,161049> to <0,161052>
20230730-160738-5608 03070 * HandleRequestStateTransfer (replica.cc:727):   [0] Sending state transfer from <0,161050> to <0,161053>
20230730-160738-5609 03070 * HandleRequestStateTransfer (replica.cc:727):   [0] Sending state transfer from <0,161051> to <0,161053>
20230730-160739-4243 03070 * HandleRequestStateTransfer (replica.cc:727):   [0] Sending state transfer from <0,168108> to <0,168112>
20230730-160739-5916 03070 * HandleRequestStateTransfer (replica.cc:727):   [0] Sending state transfer from <0,169385> to <0,169386>
20230730-160740-2344 03070 * HandleRequestStateTransfer (replica.cc:727):   [0] Sending state transfer from <0,174018> to <0,174069>
20230730-160740-2345 03070 * SendMessageInternal (udptransport.cc:442): Sending large replication.vr.proto.StateTransferMessage message in 3 fragments
20230730-160740-4719 03070 * HandleRequestStateTransfer (replica.cc:727):   [0] Sending state transfer from <0,175868> to <0,175900>
20230730-160740-4720 03070 * SendMessageInternal (udptransport.cc:442): Sending large replication.vr.proto.StateTransferMessage message in 2 fragments
20230730-160740-4721 03070 * HandleRequestStateTransfer (replica.cc:727):   [0] Sending state transfer from <0,175869> to <0,175900>
20230730-160740-4722 03070 * SendMessageInternal (udptransport.cc:442): Sending large replication.vr.proto.StateTransferMessage message in 2 fragments
20230730-160740-4724 03070 * HandleRequestStateTransfer (replica.cc:727):   [0] Sending state transfer from <0,175872> to <0,175900>
20230730-160740-4724 03070 * SendMessageInternal (udptransport.cc:442): Sending large replication.vr.proto.StateTransferMessage message in 2 fragments
20230730-160740-4734 03070 * HandleRequestStateTransfer (replica.cc:727):   [0] Sending state transfer from <0,175899> to <0,175909>
20230730-160740-4737 03070 * HandleRequestStateTransfer (replica.cc:727):   [0] Sending state transfer from <0,175900> to <0,175911>
20230730-160740-6152 03070 * HandleRequestStateTransfer (replica.cc:727):   [0] Sending state transfer from <0,177004> to <0,177021>
20230730-160740-6152 03070 * SendMessageInternal (udptransport.cc:442): Sending large replication.vr.proto.StateTransferMessage message in 2 fragments
20230730-160740-6154 03070 * HandleRequestStateTransfer (replica.cc:727):   [0] Sending state transfer from <0,177007> to <0,177022>
20230730-160740-6155 03070 * SendMessageInternal (udptransport.cc:442): Sending large replication.vr.proto.StateTransferMessage message in 2 fragments
20230730-160740-6156 03070 * HandleRequestStateTransfer (replica.cc:727):   [0] Sending state transfer from <0,177008> to <0,177022>
20230730-160740-6156 03070 * SendMessageInternal (udptransport.cc:442): Sending large replication.vr.proto.StateTransferMessage message in 2 fragments
20230730-160740-6157 03070 * HandleRequestStateTransfer (replica.cc:727):   [0] Sending state transfer from <0,177011> to <0,177023>
20230730-160740-6159 03070 * HandleRequestStateTransfer (replica.cc:727):   [0] Sending state transfer from <0,177015> to <0,177024>
20230730-160742-2792 03070 * HandleRequestStateTransfer (replica.cc:727):   [0] Sending state transfer from <0,189417> to <0,189426>
20230730-160742-2793 03070 * HandleRequestStateTransfer (replica.cc:727):   [0] Sending state transfer from <0,189417> to <0,189426>
20230730-160742-2795 03070 * HandleRequestStateTransfer (replica.cc:727):   [0] Sending state transfer from <0,189419> to <0,189427>
20230730-160742-2797 03070 * HandleRequestStateTransfer (replica.cc:727):   [0] Sending state transfer from <0,189419> to <0,189427>
20230730-160742-2798 03070 * HandleRequestStateTransfer (replica.cc:727):   [0] Sending state transfer from <0,189420> to <0,189427>
20230730-160742-2799 03070 * HandleRequestStateTransfer (replica.cc:727):   [0] Sending state transfer from <0,189420> to <0,189427>
20230730-160742-2800 03070 * HandleRequestStateTransfer (replica.cc:727):   [0] Sending state transfer from <0,189421> to <0,189427>
20230730-160742-2800 03070 * HandleRequestStateTransfer (replica.cc:727):   [0] Sending state transfer from <0,189421> to <0,189427>
20230730-160742-2804 03070 * HandleRequestStateTransfer (replica.cc:727):   [0] Sending state transfer from <0,189426> to <0,189427>
20230730-160742-2805 03070 * HandleRequestStateTransfer (replica.cc:727):   [0] Sending state transfer from <0,189426> to <0,189427>
20230730-160742-2925 03070 * HandleRequestStateTransfer (replica.cc:727):   [0] Sending state transfer from <0,189516> to <0,189524>
20230730-160742-2927 03070 * HandleRequestStateTransfer (replica.cc:727):   [0] Sending state transfer from <0,189520> to <0,189525>
20230730-160742-2928 03070 * HandleRequestStateTransfer (replica.cc:727):   [0] Sending state transfer from <0,189522> to <0,189525>
20230730-160742-2929 03070 * HandleRequestStateTransfer (replica.cc:727):   [0] Sending state transfer from <0,189523> to <0,189525>
20230730-160742-2929 03070 * HandleRequestStateTransfer (replica.cc:727):   [0] Sending state transfer from <0,189524> to <0,189525>
20230730-160742-4305 03070 * HandleRequestStateTransfer (replica.cc:727):   [0] Sending state transfer from <0,190708> to <0,190716>
20230730-160742-4311 03070 * HandleRequestStateTransfer (replica.cc:727):   [0] Sending state transfer from <0,190709> to <0,190721>
20230730-160743-0770 03070 * HandleRequestStateTransfer (replica.cc:727):   [0] Sending state transfer from <0,195563> to <0,195567>
20230730-160743-2235 03070 * HandleRequestStateTransfer (replica.cc:727):   [0] Sending state transfer from <0,196690> to <0,196692>
20230730-160743-2892 03070 ! releaseForRead  (lockserver.cc:293): [4931479806495690115] Releasing unheld read lock: ESAjKxB0brUbPyoli2wxJpkKNZ7QuoRoMgDzTIXRTJCR1deDs6lEg8rXiSoFigza
20230730-160743-9823 03070 * HandleRequestStateTransfer (replica.cc:727):   [0] Sending state transfer from <0,202357> to <0,202371>
20230730-160744-1824 03070 * HandleRequestStateTransfer (replica.cc:727):   [0] Sending state transfer from <0,203955> to <0,203964>
20230730-160744-1830 03070 * HandleRequestStateTransfer (replica.cc:727):   [0] Sending state transfer from <0,203956> to <0,203965>
20230730-160744-7566 03070 ! releaseForWrite (lockserver.cc:353): [-4348867358753511464] Releasing unheld write lock: ESAjKxB0brUbPyoli2wxJpkKNZ7QuoRoMgDzTIXRTJCR1deDs6lEg8rXiSoFigza
20230730-160744-7582 03070 ! releaseForRead  (lockserver.cc:293): [-8886411195020831498] Releasing unheld read lock: ESAjKxB0brUbPyoli2wxJpkKNZ7QuoRoMgDzTIXRTJCR1deDs6lEg8rXiSoFigza
20230730-160744-7741 03070 ! releaseForWrite (lockserver.cc:353): [5169365877005980087] Releasing unheld write lock: ESAjKxB0brUbPyoli2wxJpkKNZ7QuoRoMgDzTIXRTJCR1deDs6lEg8rXiSoFigza
20230730-160744-8458 03070 ! releaseForWrite (lockserver.cc:353): [-532359443818561526] Releasing unheld write lock: ESAjKxB0brUbPyoli2wxJpkKNZ7QuoRoMgDzTIXRTJCR1deDs6lEg8rXiSoFigza
20230730-160745-1196 03070 * HandleRequestStateTransfer (replica.cc:727):   [0] Sending state transfer from <0,210335> to <0,210366>
20230730-160745-1200 03070 * SendMessageInternal (udptransport.cc:442): Sending large replication.vr.proto.StateTransferMessage message in 2 fragments
20230730-160745-1201 03070 * HandleRequestStateTransfer (replica.cc:727):   [0] Sending state transfer from <0,210336> to <0,210366>
20230730-160745-1201 03070 * SendMessageInternal (udptransport.cc:442): Sending large replication.vr.proto.StateTransferMessage message in 2 fragments
20230730-160745-1202 03070 * HandleRequestStateTransfer (replica.cc:727):   [0] Sending state transfer from <0,210340> to <0,210366>
20230730-160745-1202 03070 * SendMessageInternal (udptransport.cc:442): Sending large replication.vr.proto.StateTransferMessage message in 2 fragments
20230730-160745-1203 03070 * HandleRequestStateTransfer (replica.cc:727):   [0] Sending state transfer from <0,210341> to <0,210366>
20230730-160745-1203 03070 * SendMessageInternal (udptransport.cc:442): Sending large replication.vr.proto.StateTransferMessage message in 2 fragments
20230730-160745-2693 03070 ! releaseForWrite (lockserver.cc:353): [5671080709775800105] Releasing unheld write lock: ESAjKxB0brUbPyoli2wxJpkKNZ7QuoRoMgDzTIXRTJCR1deDs6lEg8rXiSoFigza
20230730-160745-2942 03070 ! releaseForWrite (lockserver.cc:353): [-5236098405009831514] Releasing unheld write lock: ESAjKxB0brUbPyoli2wxJpkKNZ7QuoRoMgDzTIXRTJCR1deDs6lEg8rXiSoFigza
20230730-160745-4170 03070 ! releaseForWrite (lockserver.cc:353): [-5005176481280291490] Releasing unheld write lock: ESAjKxB0brUbPyoli2wxJpkKNZ7QuoRoMgDzTIXRTJCR1deDs6lEg8rXiSoFigza
20230730-160745-5400 03070 * HandleRequestStateTransfer (replica.cc:727):   [0] Sending state transfer from <0,212821> to <0,212822>
20230730-160745-5403 03070 * HandleRequestStateTransfer (replica.cc:727):   [0] Sending state transfer from <0,212821> to <0,212822>
20230730-160745-5405 03070 * HandleRequestStateTransfer (replica.cc:727):   [0] Sending state transfer from <0,212822> to <0,212823>
20230730-160745-5406 03070 * HandleRequestStateTransfer (replica.cc:727):   [0] Sending state transfer from <0,212822> to <0,212823>
20230730-160745-5878 03070 ! releaseForWrite (lockserver.cc:353): [6090032288934650169] Releasing unheld write lock: ESAjKxB0brUbPyoli2wxJpkKNZ7QuoRoMgDzTIXRTJCR1deDs6lEg8rXiSoFigza
20230730-160745-7656 03070 ! releaseForWrite (lockserver.cc:353): [-4348867358753511462] Releasing unheld write lock: ESAjKxB0brUbPyoli2wxJpkKNZ7QuoRoMgDzTIXRTJCR1deDs6lEg8rXiSoFigza
20230730-160745-7771 03070 ! releaseForWrite (lockserver.cc:353): [1390631926199580117] Releasing unheld write lock: ESAjKxB0brUbPyoli2wxJpkKNZ7QuoRoMgDzTIXRTJCR1deDs6lEg8rXiSoFigza
20230730-160745-7815 03070 ! releaseForWrite (lockserver.cc:353): [8056190734138330106] Releasing unheld write lock: ESAjKxB0brUbPyoli2wxJpkKNZ7QuoRoMgDzTIXRTJCR1deDs6lEg8rXiSoFigza
20230730-160745-7816 03070 ! releaseForRead  (lockserver.cc:293): [8056190734138330106] Releasing unheld read lock: ESAjKxB0brUbPyoli2wxJpkKNZ7QuoRoMgDzTIXRTJCR1deDs6lEg8rXiSoFigza
20230730-160745-8594 03070 ! releaseForWrite (lockserver.cc:353): [9057957154433050107] Releasing unheld write lock: ESAjKxB0brUbPyoli2wxJpkKNZ7QuoRoMgDzTIXRTJCR1deDs6lEg8rXiSoFigza
20230730-160746-0119 03070 ! releaseForWrite (lockserver.cc:353): [3820154902825010118] Releasing unheld write lock: ESAjKxB0brUbPyoli2wxJpkKNZ7QuoRoMgDzTIXRTJCR1deDs6lEg8rXiSoFigza
20230730-160747-0192 03070 ! releaseForWrite (lockserver.cc:353): [-8027185467977361508] Releasing unheld write lock: ESAjKxB0brUbPyoli2wxJpkKNZ7QuoRoMgDzTIXRTJCR1deDs6lEg8rXiSoFigza
20230730-160747-0226 03070 ! releaseForWrite (lockserver.cc:353): [1428320452756470124] Releasing unheld write lock: ESAjKxB0brUbPyoli2wxJpkKNZ7QuoRoMgDzTIXRTJCR1deDs6lEg8rXiSoFigza
20230730-160747-0281 03070 ! releaseForWrite (lockserver.cc:353): [-6047264510764771522] Releasing unheld write lock: ESAjKxB0brUbPyoli2wxJpkKNZ7QuoRoMgDzTIXRTJCR1deDs6lEg8rXiSoFigza
20230730-160747-1504 03070 ! releaseForWrite (lockserver.cc:353): [6090032288934650170] Releasing unheld write lock: ESAjKxB0brUbPyoli2wxJpkKNZ7QuoRoMgDzTIXRTJCR1deDs6lEg8rXiSoFigza
20230730-160747-1799 03070 ! releaseForRead  (lockserver.cc:293): [-7843844493883251497] Releasing unheld read lock: ESAjKxB0brUbPyoli2wxJpkKNZ7QuoRoMgDzTIXRTJCR1deDs6lEg8rXiSoFigza
20230730-160747-7243 03070 * HandleRequestStateTransfer (replica.cc:727):   [0] Sending state transfer from <0,227644> to <0,227651>
20230730-160749-3183 03070 * HandleRequest   (replica.cc:436):   [0] Received duplicate request; resending reply
20230730-160749-4922 03070 * HandleRequestStateTransfer (replica.cc:727):   [0] Sending state transfer from <0,239501> to <0,239503>
20230730-160749-4923 03070 * HandleRequestStateTransfer (replica.cc:727):   [0] Sending state transfer from <0,239502> to <0,239503>
20230730-160749-6418 03070 * HandleRequestStateTransfer (replica.cc:727):   [0] Sending state transfer from <0,240526> to <0,240532>
20230730-160749-6420 03070 * HandleRequestStateTransfer (replica.cc:727):   [0] Sending state transfer from <0,240528> to <0,240533>
20230730-160750-3856 03070 * HandleRequestStateTransfer (replica.cc:727):   [0] Sending state transfer from <0,246851> to <0,246867>
20230730-160750-3857 03070 * SendMessageInternal (udptransport.cc:442): Sending large replication.vr.proto.StateTransferMessage message in 2 fragments
20230730-160750-3858 03070 * HandleRequestStateTransfer (replica.cc:727):   [0] Sending state transfer from <0,246852> to <0,246868>
20230730-160750-3858 03070 * SendMessageInternal (udptransport.cc:442): Sending large replication.vr.proto.StateTransferMessage message in 2 fragments
20230730-160750-7340 03070 * HandleRequestStateTransfer (replica.cc:727):   [0] Sending state transfer from <0,249469> to <0,249476>
20230730-160750-7341 03070 * HandleRequestStateTransfer (replica.cc:727):   [0] Sending state transfer from <0,249469> to <0,249476>
20230730-160750-7343 03070 * HandleRequestStateTransfer (replica.cc:727):   [0] Sending state transfer from <0,249471> to <0,249477>
20230730-160750-7344 03070 * HandleRequestStateTransfer (replica.cc:727):   [0] Sending state transfer from <0,249471> to <0,249477>
20230730-160750-7345 03070 * HandleRequestStateTransfer (replica.cc:727):   [0] Sending state transfer from <0,249473> to <0,249477>
20230730-160750-7346 03070 * HandleRequestStateTransfer (replica.cc:727):   [0] Sending state transfer from <0,249473> to <0,249477>
20230730-160750-7348 03070 * HandleRequestStateTransfer (replica.cc:727):   [0] Sending state transfer from <0,249474> to <0,249477>
20230730-160750-7348 03070 * HandleRequestStateTransfer (replica.cc:727):   [0] Sending state transfer from <0,249474> to <0,249477>
20230730-160750-7350 03070 * HandleRequestStateTransfer (replica.cc:727):   [0] Sending state transfer from <0,249475> to <0,249477>
20230730-160750-7350 03070 * SendMessageInternal (udptransport.cc:442): Sending large replication.vr.proto.StateTransferMessage message in 2 fragments
20230730-160750-7350 03070 * HandleRequestStateTransfer (replica.cc:727):   [0] Sending state transfer from <0,249475> to <0,249477>
20230730-160750-7350 03070 * SendMessageInternal (udptransport.cc:442): Sending large replication.vr.proto.StateTransferMessage message in 2 fragments
20230730-160750-7351 03070 * HandleRequestStateTransfer (replica.cc:727):   [0] Sending state transfer from <0,249476> to <0,249477>
20230730-160750-7351 03070 * HandleRequestStateTransfer (replica.cc:727):   [0] Sending state transfer from <0,249476> to <0,249477>
20230730-160750-8293 03070 * HandleRequestStateTransfer (replica.cc:727):   [0] Sending state transfer from <0,250464> to <0,250464>
20230730-160750-8293 03070 * HandleRequestStateTransfer (replica.cc:727):   [0] Sending state transfer from <0,250464> to <0,250464>
20230730-160750-8377 03070 * HandleRequestStateTransfer (replica.cc:727):   [0] Sending state transfer from <0,250546> to <0,250557>
20230730-160750-8378 03070 * SendMessageInternal (udptransport.cc:442): Sending large replication.vr.proto.StateTransferMessage message in 2 fragments
20230730-160750-8381 03070 * HandleRequestStateTransfer (replica.cc:727):   [0] Sending state transfer from <0,250547> to <0,250564>
20230730-160750-8383 03070 * HandleRequestStateTransfer (replica.cc:727):   [0] Sending state transfer from <0,250549> to <0,250564>
20230730-160750-8383 03070 * SendMessageInternal (udptransport.cc:442): Sending large replication.vr.proto.StateTransferMessage message in 2 fragments
20230730-160750-8387 03070 * HandleRequestStateTransfer (replica.cc:727):   [0] Sending state transfer from <0,250550> to <0,250567>
20230730-160750-8387 03070 * SendMessageInternal (udptransport.cc:442): Sending large replication.vr.proto.StateTransferMessage message in 2 fragments
20230730-160750-8390 03070 * HandleRequestStateTransfer (replica.cc:727):   [0] Sending state transfer from <0,250551> to <0,250569>
20230730-160750-8390 03070 * SendMessageInternal (udptransport.cc:442): Sending large replication.vr.proto.StateTransferMessage message in 2 fragments
20230730-160750-8393 03070 * HandleRequestStateTransfer (replica.cc:727):   [0] Sending state transfer from <0,250553> to <0,250572>
20230730-160750-8393 03070 * SendMessageInternal (udptransport.cc:442): Sending large replication.vr.proto.StateTransferMessage message in 2 fragments
20230730-160750-8394 03070 * HandleRequestStateTransfer (replica.cc:727):   [0] Sending state transfer from <0,250555> to <0,250573>
20230730-160750-8395 03070 * SendMessageInternal (udptransport.cc:442): Sending large replication.vr.proto.StateTransferMessage message in 2 fragments
20230730-160750-8456 03070 * HandleRequestStateTransfer (replica.cc:727):   [0] Sending state transfer from <0,250649> to <0,250655>
20230730-160750-8457 03070 * HandleRequestStateTransfer (replica.cc:727):   [0] Sending state transfer from <0,250649> to <0,250655>
20230730-160750-8459 03070 * HandleRequestStateTransfer (replica.cc:727):   [0] Sending state transfer from <0,250651> to <0,250656>
20230730-160750-8460 03070 * HandleRequestStateTransfer (replica.cc:727):   [0] Sending state transfer from <0,250651> to <0,250656>
20230730-160750-8461 03070 * HandleRequestStateTransfer (replica.cc:727):   [0] Sending state transfer from <0,250653> to <0,250656>
20230730-160750-8461 03070 * HandleRequestStateTransfer (replica.cc:727):   [0] Sending state transfer from <0,250654> to <0,250656>
20230730-160750-8464 03070 * HandleRequestStateTransfer (replica.cc:727):   [0] Sending state transfer from <0,250653> to <0,250662>
20230730-160750-8465 03070 * HandleRequestStateTransfer (replica.cc:727):   [0] Sending state transfer from <0,250654> to <0,250664>
20230730-160750-8558 03070 * HandleRequestStateTransfer (replica.cc:727):   [0] Sending state transfer from <0,250779> to <0,250784>
20230730-160750-8559 03070 * HandleRequestStateTransfer (replica.cc:727):   [0] Sending state transfer from <0,250779> to <0,250784>
20230730-160750-8560 03070 * HandleRequestStateTransfer (replica.cc:727):   [0] Sending state transfer from <0,250782> to <0,250785>
20230730-160750-8561 03070 * HandleRequestStateTransfer (replica.cc:727):   [0] Sending state transfer from <0,250782> to <0,250785>
20230730-160750-8562 03070 * HandleRequestStateTransfer (replica.cc:727):   [0] Sending state transfer from <0,250783> to <0,250785>
20230730-160750-8562 03070 * HandleRequestStateTransfer (replica.cc:727):   [0] Sending state transfer from <0,250783> to <0,250785>
20230730-160750-8608 03070 * HandleRequestStateTransfer (replica.cc:727):   [0] Sending state transfer from <0,250835> to <0,250842>
20230730-160750-8610 03070 * HandleRequestStateTransfer (replica.cc:727):   [0] Sending state transfer from <0,250836> to <0,250843>
20230730-160750-8611 03070 * HandleRequestStateTransfer (replica.cc:727):   [0] Sending state transfer from <0,250838> to <0,250846>
20230730-160750-8745 03070 * HandleRequestStateTransfer (replica.cc:727):   [0] Sending state transfer from <0,250977> to <0,250982>
20230730-160750-8746 03070 * HandleRequestStateTransfer (replica.cc:727):   [0] Sending state transfer from <0,250977> to <0,250982>
20230730-160750-8748 03070 * HandleRequestStateTransfer (replica.cc:727):   [0] Sending state transfer from <0,250979> to <0,250983>
20230730-160750-8749 03070 * HandleRequestStateTransfer (replica.cc:727):   [0] Sending state transfer from <0,250979> to <0,250983>
20230730-160750-8749 03070 * HandleRequestStateTransfer (replica.cc:727):   [0] Sending state transfer from <0,250980> to <0,250983>
20230730-160750-8750 03070 * HandleRequestStateTransfer (replica.cc:727):   [0] Sending state transfer from <0,250980> to <0,250983>
20230730-160750-8751 03070 * HandleRequestStateTransfer (replica.cc:727):   [0] Sending state transfer from <0,250981> to <0,250983>
20230730-160750-8752 03070 * HandleRequestStateTransfer (replica.cc:727):   [0] Sending state transfer from <0,250981> to <0,250983>
20230730-160750-8752 03070 * HandleRequestStateTransfer (replica.cc:727):   [0] Sending state transfer from <0,250982> to <0,250983>
20230730-160750-8753 03070 * HandleRequestStateTransfer (replica.cc:727):   [0] Sending state transfer from <0,250982> to <0,250983>
20230730-160750-9159 03070 * HandleRequestStateTransfer (replica.cc:727):   [0] Sending state transfer from <0,251341> to <0,251344>
20230730-160750-9162 03070 * HandleRequestStateTransfer (replica.cc:727):   [0] Sending state transfer from <0,251342> to <0,251345>
20230730-160750-9163 03070 * HandleRequestStateTransfer (replica.cc:727):   [0] Sending state transfer from <0,251343> to <0,251345>
20230730-160752-4561 03070 ! releaseForWrite (lockserver.cc:353): [2668859210166980133] Releasing unheld write lock: ESAjKxB0brUbPyoli2wxJpkKNZ7QuoRoMgDzTIXRTJCR1deDs6lEg8rXiSoFigza
20230730-160752-5053 03070 ! releaseForRead  (lockserver.cc:293): [-5341832289123771470] Releasing unheld read lock: ESAjKxB0brUbPyoli2wxJpkKNZ7QuoRoMgDzTIXRTJCR1deDs6lEg8rXiSoFigza
20230730-160752-6029 03070 ! releaseForRead  (lockserver.cc:293): [4060111593358690130] Releasing unheld read lock: ESAjKxB0brUbPyoli2wxJpkKNZ7QuoRoMgDzTIXRTJCR1deDs6lEg8rXiSoFigza
20230730-160752-6574 03070 ! releaseForRead  (lockserver.cc:293): [-1215933947923761491] Releasing unheld read lock: ESAjKxB0brUbPyoli2wxJpkKNZ7QuoRoMgDzTIXRTJCR1deDs6lEg8rXiSoFigza
20230730-160752-6801 03070 ! releaseForWrite (lockserver.cc:353): [-4827026276673031449] Releasing unheld write lock: ESAjKxB0brUbPyoli2wxJpkKNZ7QuoRoMgDzTIXRTJCR1deDs6lEg8rXiSoFigza
20230730-160753-1511 03070 * HandleRequestStateTransfer (replica.cc:727):   [0] Sending state transfer from <0,262161> to <0,262183>
20230730-160753-1744 03070 * SendMessageInternal (udptransport.cc:442): Sending large replication.vr.proto.StateTransferMessage message in 2 fragments
20230730-160753-1750 03070 * HandleRequestStateTransfer (replica.cc:727):   [0] Sending state transfer from <0,262164> to <0,262183>
20230730-160753-1769 03070 * SendMessageInternal (udptransport.cc:442): Sending large replication.vr.proto.StateTransferMessage message in 2 fragments
20230730-160753-1770 03070 * HandleRequestStateTransfer (replica.cc:727):   [0] Sending state transfer from <0,262169> to <0,262183>
20230730-160753-1788 03070 * SendMessageInternal (udptransport.cc:442): Sending large replication.vr.proto.StateTransferMessage message in 2 fragments
20230730-160753-1789 03070 * HandleRequestStateTransfer (replica.cc:727):   [0] Sending state transfer from <0,262171> to <0,262183>
20230730-160753-1794 03070 * SendMessageInternal (udptransport.cc:442): Sending large replication.vr.proto.StateTransferMessage message in 2 fragments
20230730-160753-1795 03070 * HandleRequestStateTransfer (replica.cc:727):   [0] Sending state transfer from <0,262172> to <0,262183>
20230730-160753-1795 03070 * SendMessageInternal (udptransport.cc:442): Sending large replication.vr.proto.StateTransferMessage message in 2 fragments
20230730-160753-1796 03070 * HandleRequestStateTransfer (replica.cc:727):   [0] Sending state transfer from <0,262174> to <0,262183>
20230730-160753-1797 03070 * SendMessageInternal (udptransport.cc:442): Sending large replication.vr.proto.StateTransferMessage message in 2 fragments
20230730-160753-1797 03070 * HandleRequestStateTransfer (replica.cc:727):   [0] Sending state transfer from <0,262176> to <0,262183>
20230730-160753-1798 03070 * SendMessageInternal (udptransport.cc:442): Sending large replication.vr.proto.StateTransferMessage message in 2 fragments
20230730-160753-1798 03070 * HandleRequestStateTransfer (replica.cc:727):   [0] Sending state transfer from <0,262180> to <0,262183>
20230730-160753-1799 03070 * HandleRequestStateTransfer (replica.cc:727):   [0] Sending state transfer from <0,262183> to <0,262183>
20230730-160753-1809 03070 * HandleRequestStateTransfer (replica.cc:727):   [0] Sending state transfer from <0,262144> to <0,262183>
20230730-160753-1810 03070 * SendMessageInternal (udptransport.cc:442): Sending large replication.vr.proto.StateTransferMessage message in 2 fragments
20230730-160753-1995 03070 * HandleRequestStateTransfer (replica.cc:727):   [0] Sending state transfer from <0,262209> to <0,262212>
20230730-160753-1996 03070 * HandleRequestStateTransfer (replica.cc:727):   [0] Sending state transfer from <0,262210> to <0,262212>
20230730-160753-1997 03070 * HandleRequestStateTransfer (replica.cc:727):   [0] Sending state transfer from <0,262211> to <0,262212>
20230730-160753-1998 03070 * HandleRequestStateTransfer (replica.cc:727):   [0] Sending state transfer from <0,262212> to <0,262212>
20230730-160753-2068 03070 * HandleRequestStateTransfer (replica.cc:727):   [0] Sending state transfer from <0,262200> to <0,262283>
20230730-160753-2070 03070 * SendMessageInternal (udptransport.cc:442): Sending large replication.vr.proto.StateTransferMessage message in 3 fragments
