20230730-160715-2656 10320 * RequestStateTransfer (replica.cc:212):   [1] Requesting state transfer: <0,4533>
20230730-160715-2658 10320 * RequestStateTransfer (replica.cc:212):   [1] Requesting state transfer: <0,4534>
20230730-160715-2701 10320 * RequestStateTransfer (replica.cc:212):   [1] Requesting state transfer: <0,4539>
20230730-160715-2706 10320 * HandleRequestStateTransfer (replica.cc:727):   [1] Sending state transfer from <0,4533> to <0,4540>
20230730-160715-2707 10320 * SendMessageInternal (udptransport.cc:442): Sending large replication.vr.proto.StateTransferMessage message in 2 fragments
20230730-160715-2707 10320 * HandleRequestStateTransfer (replica.cc:727):   [1] Sending state transfer from <0,4534> to <0,4540>
20230730-160715-2708 10320 * SendMessageInternal (udptransport.cc:442): Sending large replication.vr.proto.StateTransferMessage message in 2 fragments
20230730-160715-2709 10320 * HandleRequestStateTransfer (replica.cc:727):   [1] Sending state transfer from <0,4539> to <0,4540>
20230730-160715-2710 10320 * SendMessageInternal (udptransport.cc:442): Sending large replication.vr.proto.StateTransferMessage message in 2 fragments
20230730-160715-2710 10320 * HandleRequestStateTransfer (replica.cc:727):   [1] Sending state transfer from <0,4540> to <0,4540>
20230730-160716-3454 10320 * RequestStateTransfer (replica.cc:212):   [1] Requesting state transfer: <0,12593>
20230730-160716-3467 10320 * RequestStateTransfer (replica.cc:212):   [1] Requesting state transfer: <0,12644>
20230730-160716-3468 10320 * RequestStateTransfer (replica.cc:212):   [1] Requesting state transfer: <0,12647>
20230730-160716-3469 10320 * RequestStateTransfer (replica.cc:212):   [1] Requesting state transfer: <0,12649>
20230730-160716-3471 10320 * RequestStateTransfer (replica.cc:212):   [1] Requesting state transfer: <0,12653>
20230730-160716-3473 10320 * RequestStateTransfer (replica.cc:212):   [1] Requesting state transfer: <0,12655>
20230730-160716-3498 10320 ! OnReadable      (udptransport.cc:573): Fragments out of order for packet a; expected start 0, got 9000
20230730-160716-4217 10320 * HandleRequestStateTransfer (replica.cc:727):   [1] Sending state transfer from <0,13269> to <0,13296>
20230730-160716-4218 10320 * SendMessageInternal (udptransport.cc:442): Sending large replication.vr.proto.StateTransferMessage message in 2 fragments
20230730-160716-4219 10320 * HandleRequestStateTransfer (replica.cc:727):   [1] Sending state transfer from <0,13271> to <0,13297>
20230730-160716-4219 10320 * SendMessageInternal (udptransport.cc:442): Sending large replication.vr.proto.StateTransferMessage message in 2 fragments
20230730-160716-4220 10320 * HandleRequestStateTransfer (replica.cc:727):   [1] Sending state transfer from <0,13272> to <0,13297>
20230730-160716-4221 10320 * SendMessageInternal (udptransport.cc:442): Sending large replication.vr.proto.StateTransferMessage message in 2 fragments
20230730-160716-4228 10320 * HandleRequestStateTransfer (replica.cc:727):   [1] Sending state transfer from <0,13296> to <0,13303>
20230730-160716-4716 10320 * HandleRequestStateTransfer (replica.cc:727):   [1] Sending state transfer from <0,13697> to <0,13698>
20230730-160717-9232 10320 * RequestStateTransfer (replica.cc:212):   [1] Requesting state transfer: <0,25603>
20230730-160717-9233 10320 * HandleRequestStateTransfer (replica.cc:727):   [1] Sending state transfer from <0,25603> to <0,25604>
20230730-160717-9235 10320 * RequestStateTransfer (replica.cc:212):   [1] Requesting state transfer: <0,25607>
20230730-160717-9236 10320 * HandleRequestStateTransfer (replica.cc:727):   [1] Sending state transfer from <0,25607> to <0,25608>
20230730-160717-9236 10320 * RequestStateTransfer (replica.cc:212):   [1] Requesting state transfer: <0,25608>
20230730-160717-9237 10320 * HandleRequestStateTransfer (replica.cc:727):   [1] Sending state transfer from <0,25608> to <0,25610>
20230730-160717-9238 10320 * RequestStateTransfer (replica.cc:212):   [1] Requesting state transfer: <0,25610>
20230730-160717-9239 10320 * HandleRequestStateTransfer (replica.cc:727):   [1] Sending state transfer from <0,25610> to <0,25611>
20230730-160718-9738 10320 * RequestStateTransfer (replica.cc:212):   [1] Requesting state transfer: <0,33516>
20230730-160718-9749 10320 * RequestStateTransfer (replica.cc:212):   [1] Requesting state transfer: <0,33555>
20230730-160718-9750 10320 * RequestStateTransfer (replica.cc:212):   [1] Requesting state transfer: <0,33556>
20230730-160718-9751 10320 * RequestStateTransfer (replica.cc:212):   [1] Requesting state transfer: <0,33557>
20230730-160718-9753 10320 ! OnReadable      (udptransport.cc:565): Failed to reconstruct packet a
20230730-160719-7106 10320 * HandleRequestStateTransfer (replica.cc:727):   [1] Sending state transfer from <0,39956> to <0,39957>
20230730-160719-9410 10320 * RequestStateTransfer (replica.cc:212):   [1] Requesting state transfer: <0,42107>
20230730-160720-2270 10320 * RequestStateTransfer (replica.cc:212):   [1] Requesting state transfer: <0,44628>
20230730-160721-3305 10320 * RequestStateTransfer (replica.cc:212):   [1] Requesting state transfer: <0,53863>
20230730-160721-3307 10320 * HandleRequestStateTransfer (replica.cc:727):   [1] Sending state transfer from <0,53863> to <0,53863>
20230730-160721-3309 10320 * RequestStateTransfer (replica.cc:212):   [1] Requesting state transfer: <0,53865>
20230730-160721-3312 10320 * HandleRequestStateTransfer (replica.cc:727):   [1] Sending state transfer from <0,53865> to <0,53865>
20230730-160721-3313 10320 * RequestStateTransfer (replica.cc:212):   [1] Requesting state transfer: <0,53866>
20230730-160721-3314 10320 * HandleRequestStateTransfer (replica.cc:727):   [1] Sending state transfer from <0,53866> to <0,53867>
20230730-160721-3314 10320 * RequestStateTransfer (replica.cc:212):   [1] Requesting state transfer: <0,53867>
20230730-160721-3315 10320 * HandleRequestStateTransfer (replica.cc:727):   [1] Sending state transfer from <0,53867> to <0,53867>
20230730-160722-8215 10320 * RequestStateTransfer (replica.cc:212):   [1] Requesting state transfer: <0,65555>
20230730-160722-8218 10320 * RequestStateTransfer (replica.cc:212):   [1] Requesting state transfer: <0,65569>
20230730-160722-8219 10320 * RequestStateTransfer (replica.cc:212):   [1] Requesting state transfer: <0,65575>
20230730-160722-8220 10320 * RequestStateTransfer (replica.cc:212):   [1] Requesting state transfer: <0,65578>
20230730-160722-8221 10320 * RequestStateTransfer (replica.cc:212):   [1] Requesting state transfer: <0,65579>
20230730-160722-8223 10320 * RequestStateTransfer (replica.cc:212):   [1] Requesting state transfer: <0,65583>
20230730-160722-8223 10320 * HandleRequestStateTransfer (replica.cc:727):   [1] Sending state transfer from <0,65569> to <0,65583>
20230730-160722-8226 10320 * HandleRequestStateTransfer (replica.cc:727):   [1] Sending state transfer from <0,65575> to <0,65587>
20230730-160722-8228 10320 * HandleRequestStateTransfer (replica.cc:727):   [1] Sending state transfer from <0,65578> to <0,65589>
20230730-160722-8229 10320 * RequestStateTransfer (replica.cc:212):   [1] Requesting state transfer: <0,65589>
20230730-160722-8229 10320 * HandleRequestStateTransfer (replica.cc:727):   [1] Sending state transfer from <0,65579> to <0,65589>
20230730-160722-8232 10320 * HandleRequestStateTransfer (replica.cc:727):   [1] Sending state transfer from <0,65583> to <0,65589>
20230730-160722-8234 10320 * HandleRequestStateTransfer (replica.cc:727):   [1] Sending state transfer from <0,65589> to <0,65589>
20230730-160723-7965 10320 * RequestStateTransfer (replica.cc:212):   [1] Requesting state transfer: <0,74060>
20230730-160723-7966 10320 * HandleRequestStateTransfer (replica.cc:727):   [1] Sending state transfer from <0,74060> to <0,74061>
20230730-160723-7968 10320 * RequestStateTransfer (replica.cc:212):   [1] Requesting state transfer: <0,74064>
20230730-160723-7969 10320 * HandleRequestStateTransfer (replica.cc:727):   [1] Sending state transfer from <0,74064> to <0,74065>
20230730-160723-7971 10320 * RequestStateTransfer (replica.cc:212):   [1] Requesting state transfer: <0,74067>
20230730-160723-7972 10320 * RequestStateTransfer (replica.cc:212):   [1] Requesting state transfer: <0,74068>
20230730-160723-7973 10320 * HandleRequestStateTransfer (replica.cc:727):   [1] Sending state transfer from <0,74067> to <0,74068>
20230730-160723-7974 10320 * HandleRequestStateTransfer (replica.cc:727):   [1] Sending state transfer from <0,74068> to <0,74068>
20230730-160723-7975 10320 * RequestStateTransfer (replica.cc:212):   [1] Requesting state transfer: <0,74069>
20230730-160723-7976 10320 * RequestStateTransfer (replica.cc:212):   [1] Requesting state transfer: <0,74071>
20230730-160723-7977 10320 * HandleRequestStateTransfer (replica.cc:727):   [1] Sending state transfer from <0,74069> to <0,74071>
20230730-160723-7977 10320 * RequestStateTransfer (replica.cc:212):   [1] Requesting state transfer: <0,74072>
20230730-160723-7978 10320 * HandleRequestStateTransfer (replica.cc:727):   [1] Sending state transfer from <0,74071> to <0,74072>
20230730-160723-7979 10320 * RequestStateTransfer (replica.cc:212):   [1] Requesting state transfer: <0,74073>
20230730-160723-7980 10320 * HandleRequestStateTransfer (replica.cc:727):   [1] Sending state transfer from <0,74072> to <0,74074>
20230730-160723-7981 10320 * RequestStateTransfer (replica.cc:212):   [1] Requesting state transfer: <0,74075>
20230730-160723-7982 10320 * HandleRequestStateTransfer (replica.cc:727):   [1] Sending state transfer from <0,74073> to <0,74076>
20230730-160723-7983 10320 * RequestStateTransfer (replica.cc:212):   [1] Requesting state transfer: <0,74076>
20230730-160723-7984 10320 * HandleRequestStateTransfer (replica.cc:727):   [1] Sending state transfer from <0,74075> to <0,74076>
20230730-160723-7985 10320 * HandleRequestStateTransfer (replica.cc:727):   [1] Sending state transfer from <0,74076> to <0,74076>
20230730-160725-1561 10320 * HandleRequestStateTransfer (replica.cc:727):   [1] Sending state transfer from <0,85602> to <0,85628>
20230730-160725-1562 10320 * SendMessageInternal (udptransport.cc:442): Sending large replication.vr.proto.StateTransferMessage message in 2 fragments
20230730-160725-1563 10320 * HandleRequestStateTransfer (replica.cc:727):   [1] Sending state transfer from <0,85613> to <0,85628>
20230730-160725-1563 10320 * SendMessageInternal (udptransport.cc:442): Sending large replication.vr.proto.StateTransferMessage message in 2 fragments
20230730-160725-1564 10320 * HandleRequestStateTransfer (replica.cc:727):   [1] Sending state transfer from <0,85614> to <0,85629>
20230730-160725-1565 10320 * HandleRequestStateTransfer (replica.cc:727):   [1] Sending state transfer from <0,85616> to <0,85629>
20230730-160725-1566 10320 * HandleRequestStateTransfer (replica.cc:727):   [1] Sending state transfer from <0,85617> to <0,85629>
20230730-160725-1568 10320 * HandleRequestStateTransfer (replica.cc:727):   [1] Sending state transfer from <0,85629> to <0,85632>
20230730-160725-1570 10320 * HandleRequestStateTransfer (replica.cc:727):   [1] Sending state transfer from <0,85630> to <0,85633>
20230730-160725-1572 10320 * HandleRequestStateTransfer (replica.cc:727):   [1] Sending state transfer from <0,85631> to <0,85635>
20230730-160725-2276 10320 ! releaseForWrite (lockserver.cc:353): [-7782599812609301600] Releasing unheld write lock: lhzH2cflfeLT5svkvjRfVfYzOQlqYjVKn5czxgCijbbVFMR3qw8kxbl33tge29oK
20230730-160725-2375 10320 * RequestStateTransfer (replica.cc:212):   [1] Requesting state transfer: <0,86306>
20230730-160725-2376 10320 * HandleRequestStateTransfer (replica.cc:727):   [1] Sending state transfer from <0,86306> to <0,86307>
20230730-160725-2377 10320 * RequestStateTransfer (replica.cc:212):   [1] Requesting state transfer: <0,86308>
20230730-160725-2378 10320 * HandleRequestStateTransfer (replica.cc:727):   [1] Sending state transfer from <0,86308> to <0,86308>
20230730-160725-2379 10320 * RequestStateTransfer (replica.cc:212):   [1] Requesting state transfer: <0,86309>
20230730-160725-2380 10320 * RequestStateTransfer (replica.cc:212):   [1] Requesting state transfer: <0,86310>
20230730-160725-2381 10320 * HandleRequestStateTransfer (replica.cc:727):   [1] Sending state transfer from <0,86309> to <0,86311>
20230730-160725-2382 10320 * HandleRequestStateTransfer (replica.cc:727):   [1] Sending state transfer from <0,86310> to <0,86312>
20230730-160725-2386 10320 * RequestStateTransfer (replica.cc:212):   [1] Requesting state transfer: <0,86317>
20230730-160725-2387 10320 * HandleRequestStateTransfer (replica.cc:727):   [1] Sending state transfer from <0,86317> to <0,86317>
20230730-160725-8571 10320 * HandleRequestStateTransfer (replica.cc:727):   [1] Sending state transfer from <0,91717> to <0,91718>
20230730-160725-8573 10320 * HandleRequestStateTransfer (replica.cc:727):   [1] Sending state transfer from <0,91718> to <0,91719>
20230730-160725-8574 10320 * HandleRequestStateTransfer (replica.cc:727):   [1] Sending state transfer from <0,91720> to <0,91720>
20230730-160725-8575 10320 * HandleRequestStateTransfer (replica.cc:727):   [1] Sending state transfer from <0,91721> to <0,91721>
20230730-160726-7106 10320 ! releaseForWrite (lockserver.cc:353): [-2369141006471211580] Releasing unheld write lock: lhzH2cflfeLT5svkvjRfVfYzOQlqYjVKn5czxgCijbbVFMR3qw8kxbl33tge29oK
20230730-160726-7106 10320 ! releaseForWrite (lockserver.cc:353): [-2369141006471211580] Releasing unheld write lock: el7jr6xW5S4mY872BvXLBvLMOXWWgtukk9wbN9K6d0etGaCaJuH7Co3RM7P3bgfp
20230730-160726-7106 10320 ! releaseForRead  (lockserver.cc:293): [-2369141006471211580] Releasing unheld read lock: RF0QlFdkJ9OCSAyyCtVpJEkrZ7EXwDEGLrOiVp0WqTlHcRdPv0hhBd4kj1bhHLnv
20230730-160726-7107 10320 ! releaseForRead  (lockserver.cc:293): [-2369141006471211580] Releasing unheld read lock: KI4W9NGTuiRik4kxiA8ZOg5BUe4S1Hele9UM7ykb413oz8oRQv0N1IzgpF6gVSr5
20230730-160727-1983 10320 * HandleRequestStateTransfer (replica.cc:727):   [1] Sending state transfer from <0,103079> to <0,103080>
20230730-160727-1984 10320 * HandleRequestStateTransfer (replica.cc:727):   [1] Sending state transfer from <0,103080> to <0,103081>
20230730-160727-1985 10320 * HandleRequestStateTransfer (replica.cc:727):   [1] Sending state transfer from <0,103081> to <0,103082>
20230730-160727-6357 10320 * RequestStateTransfer (replica.cc:212):   [1] Requesting state transfer: <0,106617>
20230730-160727-6367 10320 ! OnReadable      (udptransport.cc:573): Fragments out of order for packet 4; expected start 9000, got 18000
20230730-160727-6367 10320 ! OnReadable      (udptransport.cc:573): Fragments out of order for packet 4; expected start 18000, got 27000
20230730-160729-1697 10320 ! releaseForWrite (lockserver.cc:353): [-473339761346521560] Releasing unheld write lock: 2rJ09Eka55cOFHHfov3DqOIGlVqrBXbtuYK5fD63TsTjA2oPwj8DkzznxfqdxrwC
20230730-160729-2330 10320 * HandleRequestStateTransfer (replica.cc:727):   [1] Sending state transfer from <0,119931> to <0,119972>
20230730-160729-2331 10320 * SendMessageInternal (udptransport.cc:442): Sending large replication.vr.proto.StateTransferMessage message in 3 fragments
20230730-160729-2332 10320 * HandleRequestStateTransfer (replica.cc:727):   [1] Sending state transfer from <0,119933> to <0,119973>
20230730-160729-2332 10320 * SendMessageInternal (udptransport.cc:442): Sending large replication.vr.proto.StateTransferMessage message in 2 fragments
20230730-160729-2333 10320 * HandleRequestStateTransfer (replica.cc:727):   [1] Sending state transfer from <0,119934> to <0,119974>
20230730-160729-2334 10320 * SendMessageInternal (udptransport.cc:442): Sending large replication.vr.proto.StateTransferMessage message in 2 fragments
20230730-160729-2335 10320 * HandleRequestStateTransfer (replica.cc:727):   [1] Sending state transfer from <0,119935> to <0,119976>
20230730-160729-2335 10320 * SendMessageInternal (udptransport.cc:442): Sending large replication.vr.proto.StateTransferMessage message in 2 fragments
20230730-160729-2336 10320 * HandleRequestStateTransfer (replica.cc:727):   [1] Sending state transfer from <0,119937> to <0,119976>
20230730-160729-2336 10320 * SendMessageInternal (udptransport.cc:442): Sending large replication.vr.proto.StateTransferMessage message in 2 fragments
20230730-160729-2337 10320 * HandleRequestStateTransfer (replica.cc:727):   [1] Sending state transfer from <0,119939> to <0,119977>
20230730-160729-2338 10320 * SendMessageInternal (udptransport.cc:442): Sending large replication.vr.proto.StateTransferMessage message in 2 fragments
20230730-160729-2339 10320 * HandleRequestStateTransfer (replica.cc:727):   [1] Sending state transfer from <0,119940> to <0,119978>
20230730-160729-2339 10320 * SendMessageInternal (udptransport.cc:442): Sending large replication.vr.proto.StateTransferMessage message in 2 fragments
20230730-160729-2772 10320 * RequestStateTransfer (replica.cc:212):   [1] Requesting state transfer: <0,120344>
20230730-160729-2773 10320 * RequestStateTransfer (replica.cc:212):   [1] Requesting state transfer: <0,120345>
20230730-160729-2773 10320 * HandleRequestStateTransfer (replica.cc:727):   [1] Sending state transfer from <0,120344> to <0,120345>
20230730-160729-2775 10320 * HandleRequestStateTransfer (replica.cc:727):   [1] Sending state transfer from <0,120345> to <0,120346>
20230730-160729-2775 10320 * RequestStateTransfer (replica.cc:212):   [1] Requesting state transfer: <0,120346>
20230730-160729-2777 10320 * HandleRequestStateTransfer (replica.cc:727):   [1] Sending state transfer from <0,120346> to <0,120349>
20230730-160729-4180 10320 * HandleRequestStateTransfer (replica.cc:727):   [1] Sending state transfer from <0,121458> to <0,121468>
20230730-160729-4180 10320 * SendMessageInternal (udptransport.cc:442): Sending large replication.vr.proto.StateTransferMessage message in 2 fragments
20230730-160729-4186 10320 * HandleRequestStateTransfer (replica.cc:727):   [1] Sending state transfer from <0,121468> to <0,121477>
20230730-160729-4188 10320 * HandleRequestStateTransfer (replica.cc:727):   [1] Sending state transfer from <0,121474> to <0,121479>
20230730-160729-6553 10320 ! releaseForRead  (lockserver.cc:293): [5319635357278350042] Releasing unheld read lock: lhzH2cflfeLT5svkvjRfVfYzOQlqYjVKn5czxgCijbbVFMR3qw8kxbl33tge29oK
20230730-160729-6554 10320 ! releaseForRead  (lockserver.cc:293): [5319635357278350042] Releasing unheld read lock: KSFdH7RIW3MFkJI54KoTtcIewlmh1UtahLZCv0xzcSZh47lgXiElnLgbDDSGrjg1
20230730-160729-6853 10320 ! releaseForRead  (lockserver.cc:293): [-8114152879704201590] Releasing unheld read lock: lhzH2cflfeLT5svkvjRfVfYzOQlqYjVKn5czxgCijbbVFMR3qw8kxbl33tge29oK
20230730-160729-6999 10320 ! releaseForRead  (lockserver.cc:293): [4251693557011710029] Releasing unheld read lock: xQG9zWFpSfhz306lgzD1113un1OH0hR5lqOaUfMrGNBPyWeswnoFnyPppRl6T7Y6
20230730-160729-7000 10320 ! releaseForRead  (lockserver.cc:293): [4251693557011710029] Releasing unheld read lock: lhzH2cflfeLT5svkvjRfVfYzOQlqYjVKn5czxgCijbbVFMR3qw8kxbl33tge29oK
20230730-160729-7038 10320 ! releaseForRead  (lockserver.cc:293): [2987325355880340036] Releasing unheld read lock: lhzH2cflfeLT5svkvjRfVfYzOQlqYjVKn5czxgCijbbVFMR3qw8kxbl33tge29oK
20230730-160729-8710 10320 ! releaseForRead  (lockserver.cc:293): [-4041585804513721563] Releasing unheld read lock: 2rJ09Eka55cOFHHfov3DqOIGlVqrBXbtuYK5fD63TsTjA2oPwj8DkzznxfqdxrwC
20230730-160729-8751 10320 ! releaseForRead  (lockserver.cc:293): [-2638231980003741586] Releasing unheld read lock: lhzH2cflfeLT5svkvjRfVfYzOQlqYjVKn5czxgCijbbVFMR3qw8kxbl33tge29oK
20230730-160729-9346 10320 ! releaseForWrite (lockserver.cc:353): [-2369141006471211575] Releasing unheld write lock: lhzH2cflfeLT5svkvjRfVfYzOQlqYjVKn5czxgCijbbVFMR3qw8kxbl33tge29oK
20230730-160729-9347 10320 ! releaseForRead  (lockserver.cc:293): [-2369141006471211575] Releasing unheld read lock: sKRwAM8gHHJzcJlNZUhqyBwmf4zHqK2pTIwVa16jcghQauaoYP8koezRiewIvGVr
20230730-160729-9351 10320 ! releaseForRead  (lockserver.cc:293): [-6673318093407091584] Releasing unheld read lock: 2rJ09Eka55cOFHHfov3DqOIGlVqrBXbtuYK5fD63TsTjA2oPwj8DkzznxfqdxrwC
20230730-160730-1637 10320 ! releaseForWrite (lockserver.cc:353): [-4833954214158681473] Releasing unheld write lock: lhzH2cflfeLT5svkvjRfVfYzOQlqYjVKn5czxgCijbbVFMR3qw8kxbl33tge29oK
20230730-160730-1980 10320 * HandleRequestStateTransfer (replica.cc:727):   [1] Sending state transfer from <0,127256> to <0,127284>
20230730-160730-1981 10320 * SendMessageInternal (udptransport.cc:442): Sending large replication.vr.proto.StateTransferMessage message in 2 fragments
20230730-160730-1990 10320 * HandleRequestStateTransfer (replica.cc:727):   [1] Sending state transfer from <0,127285> to <0,127286>
20230730-160730-1991 10320 * HandleRequestStateTransfer (replica.cc:727):   [1] Sending state transfer from <0,127286> to <0,127286>
20230730-160730-1994 10320 * HandleRequestStateTransfer (replica.cc:727):   [1] Sending state transfer from <0,127287> to <0,127288>
20230730-160730-1996 10320 * HandleRequestStateTransfer (replica.cc:727):   [1] Sending state transfer from <0,127288> to <0,127289>
20230730-160730-1997 10320 * HandleRequestStateTransfer (replica.cc:727):   [1] Sending state transfer from <0,127289> to <0,127289>
20230730-160730-8794 10320 * RequestStateTransfer (replica.cc:212):   [1] Requesting state transfer: <0,131072>
20230730-160730-8937 10320 ! OnReadable      (udptransport.cc:565): Failed to reconstruct packet 4
20230730-160730-8937 10320 ! OnReadable      (udptransport.cc:573): Fragments out of order for packet 5; expected start 0, got 9000
20230730-160730-8938 10320 ! OnReadable      (udptransport.cc:573): Fragments out of order for packet 5; expected start 9000, got 18000
20230730-160730-9908 10320 * HandleRequestStateTransfer (replica.cc:727):   [1] Sending state transfer from <0,131982> to <0,131982>
20230730-160730-9910 10320 * HandleRequestStateTransfer (replica.cc:727):   [1] Sending state transfer from <0,131983> to <0,131984>
20230730-160731-0193 10320 * RequestStateTransfer (replica.cc:212):   [1] Requesting state transfer: <0,132239>
20230730-160731-0195 10320 * RequestStateTransfer (replica.cc:212):   [1] Requesting state transfer: <0,132240>
20230730-160731-0196 10320 * RequestStateTransfer (replica.cc:212):   [1] Requesting state transfer: <0,132241>
20230730-160732-2311 10320 ! releaseForRead  (lockserver.cc:293): [-2607663121244341592] Releasing unheld read lock: 2rJ09Eka55cOFHHfov3DqOIGlVqrBXbtuYK5fD63TsTjA2oPwj8DkzznxfqdxrwC
20230730-160732-2312 10320 ! releaseForRead  (lockserver.cc:293): [-2607663121244341592] Releasing unheld read lock: oUaRvh84JFGkcmy9XRY4kpZVa6Ev1OkvvhRwPvisrxr1r5IyQDXVqU0kbIv34nlW
20230730-160733-4121 10320 ! releaseForWrite (lockserver.cc:353): [-7860436304454411586] Releasing unheld write lock: lhzH2cflfeLT5svkvjRfVfYzOQlqYjVKn5czxgCijbbVFMR3qw8kxbl33tge29oK
20230730-160733-4122 10320 ! releaseForWrite (lockserver.cc:353): [-7860436304454411586] Releasing unheld write lock: lvGr3WPBRZat6KdlxxYleWB0wR01KixMIx28UeyCvJkZLUa1oDKy1C69Nva9ia7a
20230730-160733-8332 10320 * RequestStateTransfer (replica.cc:212):   [1] Requesting state transfer: <0,155365>
20230730-160734-4934 10320 * RequestStateTransfer (replica.cc:212):   [1] Requesting state transfer: <0,160718>
20230730-160734-4935 10320 * RequestStateTransfer (replica.cc:212):   [1] Requesting state transfer: <0,160719>
20230730-160734-4941 10320 ! OnReadable      (udptransport.cc:565): Failed to reconstruct packet 5
20230730-160735-3320 10320 * RequestStateTransfer (replica.cc:212):   [1] Requesting state transfer: <0,167871>
20230730-160735-3326 10320 * RequestStateTransfer (replica.cc:212):   [1] Requesting state transfer: <0,167873>
20230730-160735-3327 10320 * RequestStateTransfer (replica.cc:212):   [1] Requesting state transfer: <0,167874>
20230730-160735-3331 10320 * RequestStateTransfer (replica.cc:212):   [1] Requesting state transfer: <0,167875>
20230730-160735-3332 10320 * RequestStateTransfer (replica.cc:212):   [1] Requesting state transfer: <0,167876>
20230730-160735-3333 10320 * RequestStateTransfer (replica.cc:212):   [1] Requesting state transfer: <0,167877>
20230730-160735-3335 10320 * RequestStateTransfer (replica.cc:212):   [1] Requesting state transfer: <0,167878>
20230730-160735-5167 10320 * HandleRequestStateTransfer (replica.cc:727):   [1] Sending state transfer from <0,169659> to <0,169660>
20230730-160735-5170 10320 * HandleRequestStateTransfer (replica.cc:727):   [1] Sending state transfer from <0,169661> to <0,169663>
20230730-160735-6350 10320 * RequestStateTransfer (replica.cc:212):   [1] Requesting state transfer: <0,170796>
20230730-160735-6351 10320 * HandleRequestStateTransfer (replica.cc:727):   [1] Sending state transfer from <0,170796> to <0,170797>
20230730-160735-6351 10320 * RequestStateTransfer (replica.cc:212):   [1] Requesting state transfer: <0,170797>
20230730-160735-6352 10320 * RequestStateTransfer (replica.cc:212):   [1] Requesting state transfer: <0,170798>
20230730-160735-6353 10320 * RequestStateTransfer (replica.cc:212):   [1] Requesting state transfer: <0,170799>
20230730-160735-6354 10320 * HandleRequestStateTransfer (replica.cc:727):   [1] Sending state transfer from <0,170797> to <0,170799>
20230730-160735-6355 10320 * RequestStateTransfer (replica.cc:212):   [1] Requesting state transfer: <0,170801>
20230730-160735-6355 10320 * HandleRequestStateTransfer (replica.cc:727):   [1] Sending state transfer from <0,170798> to <0,170801>
20230730-160735-6356 10320 * HandleRequestStateTransfer (replica.cc:727):   [1] Sending state transfer from <0,170799> to <0,170801>
20230730-160735-6357 10320 * RequestStateTransfer (replica.cc:212):   [1] Requesting state transfer: <0,170802>
20230730-160735-6358 10320 * HandleRequestStateTransfer (replica.cc:727):   [1] Sending state transfer from <0,170801> to <0,170802>
20230730-160735-6359 10320 * HandleRequestStateTransfer (replica.cc:727):   [1] Sending state transfer from <0,170802> to <0,170803>
20230730-160735-6360 10320 * RequestStateTransfer (replica.cc:212):   [1] Requesting state transfer: <0,170804>
20230730-160735-6361 10320 * RequestStateTransfer (replica.cc:212):   [1] Requesting state transfer: <0,170805>
20230730-160735-6362 10320 * HandleRequestStateTransfer (replica.cc:727):   [1] Sending state transfer from <0,170804> to <0,170805>
20230730-160735-6363 10320 * HandleRequestStateTransfer (replica.cc:727):   [1] Sending state transfer from <0,170805> to <0,170805>
20230730-160735-6364 10320 * RequestStateTransfer (replica.cc:212):   [1] Requesting state transfer: <0,170806>
20230730-160735-6365 10320 * RequestStateTransfer (replica.cc:212):   [1] Requesting state transfer: <0,170807>
20230730-160735-6366 10320 * HandleRequestStateTransfer (replica.cc:727):   [1] Sending state transfer from <0,170806> to <0,170807>
20230730-160735-6366 10320 * RequestStateTransfer (replica.cc:212):   [1] Requesting state transfer: <0,170808>
20230730-160735-6367 10320 * HandleRequestStateTransfer (replica.cc:727):   [1] Sending state transfer from <0,170807> to <0,170808>
20230730-160735-6370 10320 * HandleRequestStateTransfer (replica.cc:727):   [1] Sending state transfer from <0,170808> to <0,170808>
20230730-160736-1364 10320 * HandleRequestStateTransfer (replica.cc:727):   [1] Sending state transfer from <0,175303> to <0,175304>
20230730-160736-1365 10320 * HandleRequestStateTransfer (replica.cc:727):   [1] Sending state transfer from <0,175304> to <0,175307>
20230730-160736-1366 10320 * HandleRequestStateTransfer (replica.cc:727):   [1] Sending state transfer from <0,175307> to <0,175307>
20230730-160736-1489 10320 * HandleRequestStateTransfer (replica.cc:727):   [1] Sending state transfer from <0,175459> to <0,175460>
20230730-160736-1492 10320 * HandleRequestStateTransfer (replica.cc:727):   [1] Sending state transfer from <0,175460> to <0,175462>
20230730-160736-1519 10320 * HandleRequestStateTransfer (replica.cc:727):   [1] Sending state transfer from <0,175490> to <0,175490>
20230730-160736-1522 10320 * HandleRequestStateTransfer (replica.cc:727):   [1] Sending state transfer from <0,175491> to <0,175491>
20230730-160736-1524 10320 * HandleRequestStateTransfer (replica.cc:727):   [1] Sending state transfer from <0,175492> to <0,175493>
20230730-160736-1526 10320 * HandleRequestStateTransfer (replica.cc:727):   [1] Sending state transfer from <0,175493> to <0,175494>
20230730-160736-1529 10320 * HandleRequestStateTransfer (replica.cc:727):   [1] Sending state transfer from <0,175494> to <0,175498>
20230730-160736-1531 10320 * HandleRequestStateTransfer (replica.cc:727):   [1] Sending state transfer from <0,175495> to <0,175500>
20230730-160736-1533 10320 * HandleRequestStateTransfer (replica.cc:727):   [1] Sending state transfer from <0,175498> to <0,175503>
20230730-160736-1534 10320 * HandleRequestStateTransfer (replica.cc:727):   [1] Sending state transfer from <0,175501> to <0,175505>
20230730-160736-2625 10320 ! releaseForWrite (lockserver.cc:353): [-86256678346911569] Releasing unheld write lock: lhzH2cflfeLT5svkvjRfVfYzOQlqYjVKn5czxgCijbbVFMR3qw8kxbl33tge29oK
20230730-160736-2625 10320 ! releaseForRead  (lockserver.cc:293): [-86256678346911569] Releasing unheld read lock: 2rJ09Eka55cOFHHfov3DqOIGlVqrBXbtuYK5fD63TsTjA2oPwj8DkzznxfqdxrwC
20230730-160736-8651 10320 ! releaseForWrite (lockserver.cc:353): [-9159665730083651576] Releasing unheld write lock: uOxurMPoj6NbuPXjcaC2AjXkOGA6l2UYrfFvzBtFTFTcPAlG8FXjG5dHwPNkfMXV
20230730-160736-8652 10320 ! releaseForRead  (lockserver.cc:293): [-9159665730083651576] Releasing unheld read lock: lhzH2cflfeLT5svkvjRfVfYzOQlqYjVKn5czxgCijbbVFMR3qw8kxbl33tge29oK
20230730-160738-3998 10320 * HandleRequestStateTransfer (replica.cc:727):   [1] Sending state transfer from <0,194216> to <0,194217>
20230730-160738-4000 10320 * HandleRequestStateTransfer (replica.cc:727):   [1] Sending state transfer from <0,194217> to <0,194219>
20230730-160739-4297 10320 * RequestStateTransfer (replica.cc:212):   [1] Requesting state transfer: <0,202827>
20230730-160739-4298 10320 * RequestStateTransfer (replica.cc:212):   [1] Requesting state transfer: <0,202828>
20230730-160739-4299 10320 * RequestStateTransfer (replica.cc:212):   [1] Requesting state transfer: <0,202829>
20230730-160739-4300 10320 * RequestStateTransfer (replica.cc:212):   [1] Requesting state transfer: <0,202830>
20230730-160739-4301 10320 * RequestStateTransfer (replica.cc:212):   [1] Requesting state transfer: <0,202831>
20230730-160739-4302 10320 * RequestStateTransfer (replica.cc:212):   [1] Requesting state transfer: <0,202832>
20230730-160739-4304 10320 * RequestStateTransfer (replica.cc:212):   [1] Requesting state transfer: <0,202833>
20230730-160741-4562 10320 * RequestStateTransfer (replica.cc:212):   [1] Requesting state transfer: <0,218430>
20230730-160741-4563 10320 * HandleRequestStateTransfer (replica.cc:727):   [1] Sending state transfer from <0,218430> to <0,218431>
20230730-160741-4565 10320 * RequestStateTransfer (replica.cc:212):   [1] Requesting state transfer: <0,218434>
20230730-160741-4566 10320 * RequestStateTransfer (replica.cc:212):   [1] Requesting state transfer: <0,218435>
20230730-160741-4567 10320 * HandleRequestStateTransfer (replica.cc:727):   [1] Sending state transfer from <0,218434> to <0,218435>
20230730-160741-4568 10320 * RequestStateTransfer (replica.cc:212):   [1] Requesting state transfer: <0,218436>
20230730-160741-4569 10320 * HandleRequestStateTransfer (replica.cc:727):   [1] Sending state transfer from <0,218435> to <0,218436>
20230730-160741-4570 10320 * RequestStateTransfer (replica.cc:212):   [1] Requesting state transfer: <0,218437>
20230730-160741-4571 10320 * RequestStateTransfer (replica.cc:212):   [1] Requesting state transfer: <0,218438>
20230730-160741-4571 10320 * HandleRequestStateTransfer (replica.cc:727):   [1] Sending state transfer from <0,218436> to <0,218438>
20230730-160741-4572 10320 * RequestStateTransfer (replica.cc:212):   [1] Requesting state transfer: <0,218439>
20230730-160741-4573 10320 * HandleRequestStateTransfer (replica.cc:727):   [1] Sending state transfer from <0,218437> to <0,218439>
20230730-160741-4574 10320 * RequestStateTransfer (replica.cc:212):   [1] Requesting state transfer: <0,218440>
20230730-160741-4575 10320 * HandleRequestStateTransfer (replica.cc:727):   [1] Sending state transfer from <0,218438> to <0,218441>
20230730-160741-4575 10320 * RequestStateTransfer (replica.cc:212):   [1] Requesting state transfer: <0,218442>
20230730-160741-4577 10320 * RequestStateTransfer (replica.cc:212):   [1] Requesting state transfer: <0,218443>
20230730-160741-4578 10320 * HandleRequestStateTransfer (replica.cc:727):   [1] Sending state transfer from <0,218439> to <0,218443>
20230730-160741-4579 10320 * RequestStateTransfer (replica.cc:212):   [1] Requesting state transfer: <0,218444>
20230730-160741-4580 10320 * HandleRequestStateTransfer (replica.cc:727):   [1] Sending state transfer from <0,218440> to <0,218444>
20230730-160741-4581 10320 * HandleRequestStateTransfer (replica.cc:727):   [1] Sending state transfer from <0,218442> to <0,218444>
20230730-160741-4584 10320 * HandleRequestStateTransfer (replica.cc:727):   [1] Sending state transfer from <0,218443> to <0,218445>
20230730-160741-4585 10320 * HandleRequestStateTransfer (replica.cc:727):   [1] Sending state transfer from <0,218444> to <0,218445>
20230730-160741-4587 10320 * HandleRequestStateTransfer (replica.cc:727):   [1] Sending state transfer from <0,218445> to <0,218445>
20230730-160743-1185 10320 ! releaseForWrite (lockserver.cc:353): [-8114152879704201569] Releasing unheld write lock: 5gysZSlZEDRJG0JVz5wrqn4n3tvYDYz45W786Y4XpQ2ZM6Mre5dOZ9M0xLUXPzd2
20230730-160743-1185 10320 ! releaseForWrite (lockserver.cc:353): [-8114152879704201569] Releasing unheld write lock: lhzH2cflfeLT5svkvjRfVfYzOQlqYjVKn5czxgCijbbVFMR3qw8kxbl33tge29oK
20230730-160743-1185 10320 ! releaseForRead  (lockserver.cc:293): [-8114152879704201569] Releasing unheld read lock: D6piIVXGnJBbxavs74XCAYPzOeZDTiv9bEIJhYymkyUi3aOx3OZspPelExW3dPmg
20230730-160744-4335 10320 ! releaseForWrite (lockserver.cc:353): [-4041585804513721535] Releasing unheld write lock: 2rJ09Eka55cOFHHfov3DqOIGlVqrBXbtuYK5fD63TsTjA2oPwj8DkzznxfqdxrwC
20230730-160745-4768 10320 ! releaseForWrite (lockserver.cc:353): [-5887980057823551482] Releasing unheld write lock: lhzH2cflfeLT5svkvjRfVfYzOQlqYjVKn5czxgCijbbVFMR3qw8kxbl33tge29oK
20230730-160745-5153 10320 ! releaseForWrite (lockserver.cc:353): [-8027185467977361510] Releasing unheld write lock: lhzH2cflfeLT5svkvjRfVfYzOQlqYjVKn5czxgCijbbVFMR3qw8kxbl33tge29oK
20230730-160745-5566 10320 ! releaseForRead  (lockserver.cc:293): [-5092413906662191556] Releasing unheld read lock: lhzH2cflfeLT5svkvjRfVfYzOQlqYjVKn5czxgCijbbVFMR3qw8kxbl33tge29oK
20230730-160745-5985 10320 ! releaseForWrite (lockserver.cc:353): [2987325355880340063] Releasing unheld write lock: N2bnXLnpKKGndLM5Z7HFHgVfwJVu0PeywuDiJ190ZCpyVtojahryfHLBvJxRaNnP
20230730-160745-5985 10320 ! releaseForRead  (lockserver.cc:293): [2987325355880340063] Releasing unheld read lock: lhzH2cflfeLT5svkvjRfVfYzOQlqYjVKn5czxgCijbbVFMR3qw8kxbl33tge29oK
20230730-160745-5986 10320 ! releaseForRead  (lockserver.cc:293): [2987325355880340063] Releasing unheld read lock: nukGvgIF1Er3S11ECUq98fnW1LQ0Ll5800cyDgcg4DvKO1P0bNajJqmaukPNmnU0
20230730-160745-8091 10320 ! releaseForWrite (lockserver.cc:353): [-6381063306267221559] Releasing unheld write lock: NGuy2IhkVZKGxVMONbiaENTdouNMw7BfBfpg5HAOayFcIzRzDfyutTcJ29WRJW5z
20230730-160745-8092 10320 ! releaseForRead  (lockserver.cc:293): [-6381063306267221559] Releasing unheld read lock: mvOscTLlnZQSA60uNarRJqBAtqw2sqPOF9XWKtHWM9J3sKw6e4ORjCqI0QNfe6HC
20230730-160745-8092 10320 ! releaseForRead  (lockserver.cc:293): [-6381063306267221559] Releasing unheld read lock: lhzH2cflfeLT5svkvjRfVfYzOQlqYjVKn5czxgCijbbVFMR3qw8kxbl33tge29oK
20230730-160745-8107 10320 ! releaseForWrite (lockserver.cc:353): [1272565865209020044] Releasing unheld write lock: lQoohkDrNxnIPZBECdZY0KUmzToC0yPSIK9pRPt6nVqBS5amX5RZpXkTMWRwNae0
20230730-160745-8107 10320 ! releaseForRead  (lockserver.cc:293): [1272565865209020044] Releasing unheld read lock: lhzH2cflfeLT5svkvjRfVfYzOQlqYjVKn5czxgCijbbVFMR3qw8kxbl33tge29oK
20230730-160745-8302 10320 ! releaseForWrite (lockserver.cc:353): [-7602315279237141564] Releasing unheld write lock: WdDY9uYytIJxcrmtRM2TujLZoa5F0zR6OGNj2Y03WoMENChn7MibkJtJ0AVFpu9D
20230730-160745-8303 10320 ! releaseForRead  (lockserver.cc:293): [-7602315279237141564] Releasing unheld read lock: vb7wyUPgpnvexipr0r0sDpMaTabkCmUVp1OXs3p6YpGdT7Bl0ujk19lBXkPdQbXN
20230730-160745-8303 10320 ! releaseForRead  (lockserver.cc:293): [-7602315279237141564] Releasing unheld read lock: lhzH2cflfeLT5svkvjRfVfYzOQlqYjVKn5czxgCijbbVFMR3qw8kxbl33tge29oK
20230730-160745-8373 10320 ! releaseForWrite (lockserver.cc:353): [-7782599812609301568] Releasing unheld write lock: lhzH2cflfeLT5svkvjRfVfYzOQlqYjVKn5czxgCijbbVFMR3qw8kxbl33tge29oK
20230730-160745-8373 10320 ! releaseForRead  (lockserver.cc:293): [-7782599812609301568] Releasing unheld read lock: lhzH2cflfeLT5svkvjRfVfYzOQlqYjVKn5czxgCijbbVFMR3qw8kxbl33tge29oK
20230730-160745-8373 10320 ! releaseForRead  (lockserver.cc:293): [-7782599812609301568] Releasing unheld read lock: BCgmUX16Gl2qdJl4J4hcTZzxQHVntjJgR53Ev9I7zDkehsu6vdUeJxZikPRxbiE2
20230730-160745-8789 10320 ! releaseForWrite (lockserver.cc:353): [1896484280370920160] Releasing unheld write lock: lhzH2cflfeLT5svkvjRfVfYzOQlqYjVKn5czxgCijbbVFMR3qw8kxbl33tge29oK
20230730-160746-8189 10320 * RequestStateTransfer (replica.cc:212):   [1] Requesting state transfer: <0,262172>
20230730-160746-8190 10320 * RequestStateTransfer (replica.cc:212):   [1] Requesting state transfer: <0,262175>
20230730-160746-8191 10320 * RequestStateTransfer (replica.cc:212):   [1] Requesting state transfer: <0,262176>
20230730-160746-8193 10320 * RequestStateTransfer (replica.cc:212):   [1] Requesting state transfer: <0,262180>
20230730-160746-8193 10320 * RequestStateTransfer (replica.cc:212):   [1] Requesting state transfer: <0,262181>
20230730-160746-8195 10320 * RequestStateTransfer (replica.cc:212):   [1] Requesting state transfer: <0,262182>
20230730-160746-8527 10320 * HandleRequestStateTransfer (replica.cc:727):   [1] Sending state transfer from <0,262144> to <0,262184>
20230730-160746-8528 10320 * SendMessageInternal (udptransport.cc:442): Sending large replication.vr.proto.StateTransferMessage message in 3 fragments
20230730-160746-8560 10320 ! releaseForWrite (lockserver.cc:353): [-2369141006471211548] Releasing unheld write lock: QG7ggwJjBarlUTo0tFiXtibnqoCXPFpQBLteb0DIpukbLusNzHJSFufb0Svda1ss
20230730-160746-8561 10320 ! releaseForRead  (lockserver.cc:293): [-2369141006471211548] Releasing unheld read lock: Ns22OQwBGWxQzpsb3Oezu4tkhMS67ZxQ4PmXsp0ZSJRVlRZyWPgSYliCGlsmJRhF
20230730-160746-8561 10320 ! releaseForRead  (lockserver.cc:293): [-2369141006471211548] Releasing unheld read lock: gyX9LoCVIu4naoEYlClWpuYxQSx2xCcnNacnSqd9DrfZ8jSU8KQNsJxN0p6Vd1Vx
20230730-160746-8595 10320 ! releaseForRead  (lockserver.cc:293): [-5015115224456831560] Releasing unheld read lock: NGuy2IhkVZKGxVMONbiaENTdouNMw7BfBfpg5HAOayFcIzRzDfyutTcJ29WRJW5z
20230730-160746-9820 10320 * RequestStateTransfer (replica.cc:212):   [1] Requesting state transfer: <0,263384>
20230730-160746-9821 10320 * RequestStateTransfer (replica.cc:212):   [1] Requesting state transfer: <0,263387>
20230730-160746-9833 10320 ! OnReadable      (udptransport.cc:573): Fragments out of order for packet 9; expected start 0, got 9000
20230730-160746-9834 10320 * RequestStateTransfer (replica.cc:212):   [1] Requesting state transfer: <0,263422>
20230730-160746-9836 10320 * RequestStateTransfer (replica.cc:212):   [1] Requesting state transfer: <0,263426>
20230730-160746-9837 10320 * RequestStateTransfer (replica.cc:212):   [1] Requesting state transfer: <0,263427>
20230730-160746-9838 10320 * RequestStateTransfer (replica.cc:212):   [1] Requesting state transfer: <0,263428>
20230730-160746-9927 10320 * HandleRequestStateTransfer (replica.cc:727):   [1] Sending state transfer from <0,263501> to <0,263501>
20230730-160746-9932 10320 * HandleRequestStateTransfer (replica.cc:727):   [1] Sending state transfer from <0,263502> to <0,263503>
20230730-160747-8586 10320 ! releaseForWrite (lockserver.cc:353): [6689970629986490061] Releasing unheld write lock: mafy0ShjqX5lys7J8Q3gA8tPU0JHbda454dWZo4ZfQXPDSFJJHPYWNQkAD1ZbAjQ
20230730-160747-8586 10320 ! releaseForRead  (lockserver.cc:293): [6689970629986490061] Releasing unheld read lock: lhzH2cflfeLT5svkvjRfVfYzOQlqYjVKn5czxgCijbbVFMR3qw8kxbl33tge29oK
20230730-160748-6085 10320 * HandleRequestStateTransfer (replica.cc:727):   [1] Sending state transfer from <0,274607> to <0,274644>
20230730-160748-6089 10320 * SendMessageInternal (udptransport.cc:442): Sending large replication.vr.proto.StateTransferMessage message in 3 fragments
20230730-160749-9481 10320 * HandleRequestStateTransfer (replica.cc:727):   [1] Sending state transfer from <0,285047> to <0,285080>
20230730-160749-9483 10320 * SendMessageInternal (udptransport.cc:442): Sending large replication.vr.proto.StateTransferMessage message in 2 fragments
20230730-160749-9484 10320 * HandleRequestStateTransfer (replica.cc:727):   [1] Sending state transfer from <0,285048> to <0,285080>
20230730-160749-9485 10320 * SendMessageInternal (udptransport.cc:442): Sending large replication.vr.proto.StateTransferMessage message in 2 fragments
20230730-160749-9486 10320 * HandleRequestStateTransfer (replica.cc:727):   [1] Sending state transfer from <0,285049> to <0,285081>
20230730-160749-9486 10320 * SendMessageInternal (udptransport.cc:442): Sending large replication.vr.proto.StateTransferMessage message in 2 fragments
20230730-160749-9487 10320 * HandleRequestStateTransfer (replica.cc:727):   [1] Sending state transfer from <0,285050> to <0,285082>
20230730-160749-9488 10320 * SendMessageInternal (udptransport.cc:442): Sending large replication.vr.proto.StateTransferMessage message in 2 fragments
20230730-160749-9489 10320 * HandleRequestStateTransfer (replica.cc:727):   [1] Sending state transfer from <0,285051> to <0,285083>
20230730-160749-9490 10320 * SendMessageInternal (udptransport.cc:442): Sending large replication.vr.proto.StateTransferMessage message in 2 fragments
20230730-160749-9491 10320 * HandleRequestStateTransfer (replica.cc:727):   [1] Sending state transfer from <0,285053> to <0,285084>
20230730-160749-9492 10320 * SendMessageInternal (udptransport.cc:442): Sending large replication.vr.proto.StateTransferMessage message in 2 fragments
20230730-160749-9492 10320 * HandleRequestStateTransfer (replica.cc:727):   [1] Sending state transfer from <0,285054> to <0,285085>
20230730-160749-9493 10320 * SendMessageInternal (udptransport.cc:442): Sending large replication.vr.proto.StateTransferMessage message in 2 fragments
20230730-160749-9494 10320 * HandleRequestStateTransfer (replica.cc:727):   [1] Sending state transfer from <0,285056> to <0,285087>
20230730-160749-9495 10320 * SendMessageInternal (udptransport.cc:442): Sending large replication.vr.proto.StateTransferMessage message in 2 fragments
20230730-160749-9504 10320 * HandleRequestStateTransfer (replica.cc:727):   [1] Sending state transfer from <0,285087> to <0,285099>
20230730-160749-9506 10320 * HandleRequestStateTransfer (replica.cc:727):   [1] Sending state transfer from <0,285089> to <0,285099>
20230730-160749-9508 10320 * HandleRequestStateTransfer (replica.cc:727):   [1] Sending state transfer from <0,285091> to <0,285100>
20230730-160749-9510 10320 * HandleRequestStateTransfer (replica.cc:727):   [1] Sending state transfer from <0,285092> to <0,285100>
20230730-160749-9512 10320 * HandleRequestStateTransfer (replica.cc:727):   [1] Sending state transfer from <0,285093> to <0,285100>
20230730-160749-9514 10320 * HandleRequestStateTransfer (replica.cc:727):   [1] Sending state transfer from <0,285099> to <0,285101>
20230730-160751-4495 10320 * RequestStateTransfer (replica.cc:212):   [1] Requesting state transfer: <0,296820>
20230730-160751-4499 10320 ! OnReadable      (udptransport.cc:565): Failed to reconstruct packet 9
20230730-160751-4504 10320 * RequestStateTransfer (replica.cc:212):   [1] Requesting state transfer: <0,296852>
20230730-160751-4505 10320 * RequestStateTransfer (replica.cc:212):   [1] Requesting state transfer: <0,296853>
20230730-160751-4506 10320 * RequestStateTransfer (replica.cc:212):   [1] Requesting state transfer: <0,296854>
20230730-160751-4507 10320 * RequestStateTransfer (replica.cc:212):   [1] Requesting state transfer: <0,296856>
20230730-160751-4509 10320 * RequestStateTransfer (replica.cc:212):   [1] Requesting state transfer: <0,296857>
20230730-160751-4547 10320 ! OnReadable      (udptransport.cc:573): Fragments out of order for packet bc; expected start 0, got 9000
20230730-160751-4549 10320 ! OnReadable      (udptransport.cc:565): Failed to reconstruct packet bc
20230730-160751-4549 10320 ! OnReadable      (udptransport.cc:573): Fragments out of order for packet bd; expected start 0, got 9000
20230730-160751-4551 10320 ! OnReadable      (udptransport.cc:565): Failed to reconstruct packet bd
20230730-160752-4356 10320 * HandleRequestStateTransfer (replica.cc:727):   [1] Sending state transfer from <0,304752> to <0,304752>
20230730-160752-4372 10320 * HandleRequestStateTransfer (replica.cc:727):   [1] Sending state transfer from <0,304754> to <0,304759>
20230730-160752-4373 10320 * HandleRequestStateTransfer (replica.cc:727):   [1] Sending state transfer from <0,304756> to <0,304759>
20230730-160752-4374 10320 * HandleRequestStateTransfer (replica.cc:727):   [1] Sending state transfer from <0,304757> to <0,304759>
