20230730-160716-6022 02962 * RequestStateTransfer (replica.cc:212):   [2] Requesting state transfer: <0,7766>
20230730-160716-6023 02962 * HandleRequestStateTransfer (replica.cc:727):   [2] Sending state transfer from <0,7766> to <0,7766>
20230730-160716-6024 02962 * RequestStateTransfer (replica.cc:212):   [2] Requesting state transfer: <0,7767>
20230730-160716-6024 02962 * HandleRequestStateTransfer (replica.cc:727):   [2] Sending state transfer from <0,7767> to <0,7767>
20230730-160716-6025 02962 * RequestStateTransfer (replica.cc:212):   [2] Requesting state transfer: <0,7768>
20230730-160716-6025 02962 * HandleRequestStateTransfer (replica.cc:727):   [2] Sending state transfer from <0,7768> to <0,7768>
20230730-160716-6026 02962 * RequestStateTransfer (replica.cc:212):   [2] Requesting state transfer: <0,7769>
20230730-160716-6027 02962 * HandleRequestStateTransfer (replica.cc:727):   [2] Sending state transfer from <0,7769> to <0,7769>
20230730-160716-6028 02962 * RequestStateTransfer (replica.cc:212):   [2] Requesting state transfer: <0,7770>
20230730-160716-6028 02962 * HandleRequestStateTransfer (replica.cc:727):   [2] Sending state transfer from <0,7770> to <0,7770>
20230730-160716-6029 02962 * RequestStateTransfer (replica.cc:212):   [2] Requesting state transfer: <0,7772>
20230730-160716-6029 02962 * HandleRequestStateTransfer (replica.cc:727):   [2] Sending state transfer from <0,7772> to <0,7773>
20230730-160716-6030 02962 * RequestStateTransfer (replica.cc:212):   [2] Requesting state transfer: <0,7773>
20230730-160716-6030 02962 * HandleRequestStateTransfer (replica.cc:727):   [2] Sending state transfer from <0,7773> to <0,7773>
20230730-160716-6031 02962 * RequestStateTransfer (replica.cc:212):   [2] Requesting state transfer: <0,7774>
20230730-160716-6037 02962 * RequestStateTransfer (replica.cc:212):   [2] Requesting state transfer: <0,7796>
20230730-160716-6038 02962 * RequestStateTransfer (replica.cc:212):   [2] Requesting state transfer: <0,7797>
20230730-160716-6041 02962 * RequestStateTransfer (replica.cc:212):   [2] Requesting state transfer: <0,7798>
20230730-160716-6045 02962 * RequestStateTransfer (replica.cc:212):   [2] Requesting state transfer: <0,7799>
20230730-160716-6047 02962 * RequestStateTransfer (replica.cc:212):   [2] Requesting state transfer: <0,7800>
20230730-160716-6062 02962 ! OnReadable      (udptransport.cc:573): Fragments out of order for packet 8; expected start 0, got 9000
20230730-160716-6065 02962 ! OnReadable      (udptransport.cc:565): Failed to reconstruct packet 8
20230730-160716-6170 02962 ! releaseForWrite (lockserver.cc:353): [-789065263763681601] Releasing unheld write lock: ExBjjUckGLAp2Yw9TAP8KDcVKFuY0Nhr9VILZGtDklFTv9A2wdVFToc7wVLAq9zG
20230730-160718-5826 02962 * RequestStateTransfer (replica.cc:212):   [2] Requesting state transfer: <0,22756>
20230730-160718-5827 02962 * HandleRequestStateTransfer (replica.cc:727):   [2] Sending state transfer from <0,22756> to <0,22757>
20230730-160718-5827 02962 * RequestStateTransfer (replica.cc:212):   [2] Requesting state transfer: <0,22757>
20230730-160718-5829 02962 * HandleRequestStateTransfer (replica.cc:727):   [2] Sending state transfer from <0,22757> to <0,22758>
20230730-160718-5830 02962 * RequestStateTransfer (replica.cc:212):   [2] Requesting state transfer: <0,22759>
20230730-160718-5831 02962 * HandleRequestStateTransfer (replica.cc:727):   [2] Sending state transfer from <0,22759> to <0,22760>
20230730-160718-5832 02962 * RequestStateTransfer (replica.cc:212):   [2] Requesting state transfer: <0,22761>
20230730-160718-5832 02962 * HandleRequestStateTransfer (replica.cc:727):   [2] Sending state transfer from <0,22761> to <0,22761>
20230730-160718-5834 02962 * RequestStateTransfer (replica.cc:212):   [2] Requesting state transfer: <0,22762>
20230730-160718-5835 02962 * HandleRequestStateTransfer (replica.cc:727):   [2] Sending state transfer from <0,22762> to <0,22763>
20230730-160719-0118 02962 ! releaseForRead  (lockserver.cc:293): [-5114015941452601584] Releasing unheld read lock: ExBjjUckGLAp2Yw9TAP8KDcVKFuY0Nhr9VILZGtDklFTv9A2wdVFToc7wVLAq9zG
20230730-160719-4610 02962 * RequestStateTransfer (replica.cc:212):   [2] Requesting state transfer: <0,29733>
20230730-160719-4611 02962 * RequestStateTransfer (replica.cc:212):   [2] Requesting state transfer: <0,29734>
20230730-160719-4613 02962 * RequestStateTransfer (replica.cc:212):   [2] Requesting state transfer: <0,29737>
20230730-160719-8631 02962 * HandleRequestStateTransfer (replica.cc:727):   [2] Sending state transfer from <0,32784> to <0,32839>
20230730-160719-8632 02962 * SendMessageInternal (udptransport.cc:442): Sending large replication.vr.proto.StateTransferMessage message in 2 fragments
20230730-160719-8639 02962 * HandleRequestStateTransfer (replica.cc:727):   [2] Sending state transfer from <0,32842> to <0,32843>
20230730-160719-8640 02962 * HandleRequestStateTransfer (replica.cc:727):   [2] Sending state transfer from <0,32843> to <0,32843>
20230730-160719-8648 02962 * HandleRequestStateTransfer (replica.cc:727):   [2] Sending state transfer from <0,32845> to <0,32846>
20230730-160719-8650 02962 * HandleRequestStateTransfer (replica.cc:727):   [2] Sending state transfer from <0,32846> to <0,32846>
20230730-160719-9166 02962 ! releaseForRead  (lockserver.cc:293): [-4145916281122501608] Releasing unheld read lock: hisDRyaPXUFP36QbYWuGo4WWldoAoEz3KOzuW39xfOa0QPIlowPOrXDd921teRjo
20230730-160719-9166 02962 ! releaseForRead  (lockserver.cc:293): [-4145916281122501608] Releasing unheld read lock: ExBjjUckGLAp2Yw9TAP8KDcVKFuY0Nhr9VILZGtDklFTv9A2wdVFToc7wVLAq9zG
20230730-160719-9809 02962 * RequestStateTransfer (replica.cc:212):   [2] Requesting state transfer: <0,33849>
20230730-160719-9810 02962 * RequestStateTransfer (replica.cc:212):   [2] Requesting state transfer: <0,33850>
20230730-160719-9811 02962 * HandleRequestStateTransfer (replica.cc:727):   [2] Sending state transfer from <0,33849> to <0,33850>
20230730-160719-9812 02962 * HandleRequestStateTransfer (replica.cc:727):   [2] Sending state transfer from <0,33850> to <0,33850>
20230730-160719-9813 02962 * RequestStateTransfer (replica.cc:212):   [2] Requesting state transfer: <0,33851>
20230730-160719-9814 02962 * RequestStateTransfer (replica.cc:212):   [2] Requesting state transfer: <0,33853>
20230730-160719-9816 02962 * RequestStateTransfer (replica.cc:212):   [2] Requesting state transfer: <0,33855>
20230730-160719-9817 02962 * HandleRequestStateTransfer (replica.cc:727):   [2] Sending state transfer from <0,33851> to <0,33855>
20230730-160719-9817 02962 * HandleRequestStateTransfer (replica.cc:727):   [2] Sending state transfer from <0,33853> to <0,33855>
20230730-160719-9818 02962 * RequestStateTransfer (replica.cc:212):   [2] Requesting state transfer: <0,33856>
20230730-160719-9819 02962 * RequestStateTransfer (replica.cc:212):   [2] Requesting state transfer: <0,33857>
20230730-160719-9820 02962 * HandleRequestStateTransfer (replica.cc:727):   [2] Sending state transfer from <0,33855> to <0,33859>
20230730-160719-9821 02962 ! OnReadable      (udptransport.cc:573): Fragments out of order for packet 16; expected start 0, got 9000
20230730-160719-9822 02962 * RequestStateTransfer (replica.cc:212):   [2] Requesting state transfer: <0,33861>
20230730-160719-9822 02962 * HandleRequestStateTransfer (replica.cc:727):   [2] Sending state transfer from <0,33856> to <0,33861>
20230730-160719-9823 02962 ! OnReadable      (udptransport.cc:565): Failed to reconstruct packet 16
20230730-160719-9825 02962 * HandleRequestStateTransfer (replica.cc:727):   [2] Sending state transfer from <0,33857> to <0,33861>
20230730-160721-7732 02962 * HandleRequestStateTransfer (replica.cc:727):   [2] Sending state transfer from <0,49266> to <0,49266>
20230730-160722-8023 02962 * RequestStateTransfer (replica.cc:212):   [2] Requesting state transfer: <0,57334>
20230730-160722-8024 02962 * HandleRequestStateTransfer (replica.cc:727):   [2] Sending state transfer from <0,57334> to <0,57334>
20230730-160722-8025 02962 * RequestStateTransfer (replica.cc:212):   [2] Requesting state transfer: <0,57335>
20230730-160722-8027 02962 * HandleRequestStateTransfer (replica.cc:727):   [2] Sending state transfer from <0,57335> to <0,57335>
20230730-160722-8028 02962 * RequestStateTransfer (replica.cc:212):   [2] Requesting state transfer: <0,57336>
20230730-160722-8029 02962 * HandleRequestStateTransfer (replica.cc:727):   [2] Sending state transfer from <0,57336> to <0,57336>
20230730-160722-8031 02962 * RequestStateTransfer (replica.cc:212):   [2] Requesting state transfer: <0,57339>
20230730-160722-8032 02962 * HandleRequestStateTransfer (replica.cc:727):   [2] Sending state transfer from <0,57339> to <0,57340>
20230730-160722-8032 02962 * RequestStateTransfer (replica.cc:212):   [2] Requesting state transfer: <0,57340>
20230730-160722-8033 02962 * HandleRequestStateTransfer (replica.cc:727):   [2] Sending state transfer from <0,57340> to <0,57341>
20230730-160722-8034 02962 * RequestStateTransfer (replica.cc:212):   [2] Requesting state transfer: <0,57341>
20230730-160722-8035 02962 * HandleRequestStateTransfer (replica.cc:727):   [2] Sending state transfer from <0,57341> to <0,57342>
20230730-160722-8072 02962 * RequestStateTransfer (replica.cc:212):   [2] Requesting state transfer: <0,57365>
20230730-160722-8073 02962 * RequestStateTransfer (replica.cc:212):   [2] Requesting state transfer: <0,57366>
20230730-160723-1819 02962 * RequestStateTransfer (replica.cc:212):   [2] Requesting state transfer: <0,60481>
20230730-160723-1821 02962 * RequestStateTransfer (replica.cc:212):   [2] Requesting state transfer: <0,60482>
20230730-160723-1917 02962 * RequestStateTransfer (replica.cc:212):   [2] Requesting state transfer: <0,60558>
20230730-160723-2032 02962 ! releaseForRead  (lockserver.cc:293): [7036809448635550043] Releasing unheld read lock: ExBjjUckGLAp2Yw9TAP8KDcVKFuY0Nhr9VILZGtDklFTv9A2wdVFToc7wVLAq9zG
20230730-160723-4268 02962 * RequestStateTransfer (replica.cc:212):   [2] Requesting state transfer: <0,62507>
20230730-160723-4280 02962 * RequestStateTransfer (replica.cc:212):   [2] Requesting state transfer: <0,62557>
20230730-160723-4281 02962 * RequestStateTransfer (replica.cc:212):   [2] Requesting state transfer: <0,62558>
20230730-160723-4282 02962 * RequestStateTransfer (replica.cc:212):   [2] Requesting state transfer: <0,62559>
20230730-160723-4283 02962 * RequestStateTransfer (replica.cc:212):   [2] Requesting state transfer: <0,62562>
20230730-160723-8751 02962 * RequestStateTransfer (replica.cc:212):   [2] Requesting state transfer: <0,65562>
20230730-160723-8752 02962 * HandleRequestStateTransfer (replica.cc:727):   [2] Sending state transfer from <0,65557> to <0,65562>
20230730-160723-8753 02962 * HandleRequestStateTransfer (replica.cc:727):   [2] Sending state transfer from <0,65562> to <0,65563>
20230730-160723-8754 02962 * RequestStateTransfer (replica.cc:212):   [2] Requesting state transfer: <0,65567>
20230730-160723-8755 02962 * HandleRequestStateTransfer (replica.cc:727):   [2] Sending state transfer from <0,65567> to <0,65567>
20230730-160723-8755 02962 * RequestStateTransfer (replica.cc:212):   [2] Requesting state transfer: <0,65569>
20230730-160723-8756 02962 * HandleRequestStateTransfer (replica.cc:727):   [2] Sending state transfer from <0,65569> to <0,65569>
20230730-160723-8757 02962 * RequestStateTransfer (replica.cc:212):   [2] Requesting state transfer: <0,65571>
20230730-160723-8757 02962 * HandleRequestStateTransfer (replica.cc:727):   [2] Sending state transfer from <0,65571> to <0,65573>
20230730-160723-8758 02962 * RequestStateTransfer (replica.cc:212):   [2] Requesting state transfer: <0,65575>
20230730-160723-8759 02962 * HandleRequestStateTransfer (replica.cc:727):   [2] Sending state transfer from <0,65575> to <0,65577>
20230730-160723-8761 02962 * RequestStateTransfer (replica.cc:212):   [2] Requesting state transfer: <0,65579>
20230730-160723-8762 02962 * RequestStateTransfer (replica.cc:212):   [2] Requesting state transfer: <0,65580>
20230730-160723-8762 02962 * HandleRequestStateTransfer (replica.cc:727):   [2] Sending state transfer from <0,65579> to <0,65580>
20230730-160723-8762 02962 * HandleRequestStateTransfer (replica.cc:727):   [2] Sending state transfer from <0,65580> to <0,65580>
20230730-160723-8764 02962 * RequestStateTransfer (replica.cc:212):   [2] Requesting state transfer: <0,65581>
20230730-160723-8792 02962 ! releaseForWrite (lockserver.cc:353): [-6063399218608471602] Releasing unheld write lock: RXNe4gHHZS5tyPuW91tAxUEqsDBrVgX3Hmf5lfwNyjy9kVVGayAp00FzPV7NqIVF
20230730-160723-8792 02962 ! releaseForRead  (lockserver.cc:293): [-6063399218608471602] Releasing unheld read lock: jdk6G6cV2Bpe21KBVpURNzsZhp9VM2qqkNBrIXrvK1UplsVMZxFhCBhuihA37bAn
20230730-160723-8792 02962 ! releaseForRead  (lockserver.cc:293): [-6063399218608471602] Releasing unheld read lock: PyaYC55Vv8dS9Ad2eXqdVDsvZHxjJUFrYqOPI2jjGBnQxq6KapIwq4PTLlAbSJsl
20230730-160724-4471 02962 ! releaseForWrite (lockserver.cc:353): [7337916307767410016] Releasing unheld write lock: ExBjjUckGLAp2Yw9TAP8KDcVKFuY0Nhr9VILZGtDklFTv9A2wdVFToc7wVLAq9zG
20230730-160724-5069 02962 * RequestStateTransfer (replica.cc:212):   [2] Requesting state transfer: <0,70014>
20230730-160724-5070 02962 * RequestStateTransfer (replica.cc:212):   [2] Requesting state transfer: <0,70016>
20230730-160724-5071 02962 * HandleRequestStateTransfer (replica.cc:727):   [2] Sending state transfer from <0,70014> to <0,70016>
20230730-160724-5074 02962 * HandleRequestStateTransfer (replica.cc:727):   [2] Sending state transfer from <0,70016> to <0,70016>
20230730-160724-5079 02962 * RequestStateTransfer (replica.cc:212):   [2] Requesting state transfer: <0,70018>
20230730-160724-5080 02962 * HandleRequestStateTransfer (replica.cc:727):   [2] Sending state transfer from <0,70018> to <0,70018>
20230730-160724-5081 02962 * RequestStateTransfer (replica.cc:212):   [2] Requesting state transfer: <0,70019>
20230730-160724-5082 02962 * HandleRequestStateTransfer (replica.cc:727):   [2] Sending state transfer from <0,70019> to <0,70020>
20230730-160724-5084 02962 * RequestStateTransfer (replica.cc:212):   [2] Requesting state transfer: <0,70021>
20230730-160724-5085 02962 * HandleRequestStateTransfer (replica.cc:727):   [2] Sending state transfer from <0,70021> to <0,70021>
20230730-160724-5088 02962 * RequestStateTransfer (replica.cc:212):   [2] Requesting state transfer: <0,70025>
20230730-160724-5089 02962 * HandleRequestStateTransfer (replica.cc:727):   [2] Sending state transfer from <0,70025> to <0,70025>
20230730-160724-5092 02962 * HandleRequestStateTransfer (replica.cc:727):   [2] Sending state transfer from <0,70026> to <0,70026>
20230730-160725-3595 02962 * RequestStateTransfer (replica.cc:212):   [2] Requesting state transfer: <0,76721>
20230730-160725-3597 02962 * HandleRequestStateTransfer (replica.cc:727):   [2] Sending state transfer from <0,76721> to <0,76721>
20230730-160725-3599 02962 * RequestStateTransfer (replica.cc:212):   [2] Requesting state transfer: <0,76722>
20230730-160725-3599 02962 * HandleRequestStateTransfer (replica.cc:727):   [2] Sending state transfer from <0,76722> to <0,76722>
20230730-160725-3601 02962 * RequestStateTransfer (replica.cc:212):   [2] Requesting state transfer: <0,76723>
20230730-160725-3601 02962 * HandleRequestStateTransfer (replica.cc:727):   [2] Sending state transfer from <0,76723> to <0,76723>
20230730-160725-3602 02962 * RequestStateTransfer (replica.cc:212):   [2] Requesting state transfer: <0,76724>
20230730-160725-3603 02962 * HandleRequestStateTransfer (replica.cc:727):   [2] Sending state transfer from <0,76724> to <0,76725>
20230730-160725-3604 02962 * RequestStateTransfer (replica.cc:212):   [2] Requesting state transfer: <0,76725>
20230730-160725-3605 02962 * HandleRequestStateTransfer (replica.cc:727):   [2] Sending state transfer from <0,76725> to <0,76725>
20230730-160725-3606 02962 * RequestStateTransfer (replica.cc:212):   [2] Requesting state transfer: <0,76726>
20230730-160725-3607 02962 * RequestStateTransfer (replica.cc:212):   [2] Requesting state transfer: <0,76727>
20230730-160725-3607 02962 * HandleRequestStateTransfer (replica.cc:727):   [2] Sending state transfer from <0,76726> to <0,76728>
20230730-160725-3608 02962 * HandleRequestStateTransfer (replica.cc:727):   [2] Sending state transfer from <0,76727> to <0,76729>
20230730-160725-3610 02962 * RequestStateTransfer (replica.cc:212):   [2] Requesting state transfer: <0,76731>
20230730-160725-3611 02962 * HandleRequestStateTransfer (replica.cc:727):   [2] Sending state transfer from <0,76731> to <0,76731>
20230730-160725-3667 02962 * RequestStateTransfer (replica.cc:212):   [2] Requesting state transfer: <0,76759>
20230730-160725-3668 02962 * RequestStateTransfer (replica.cc:212):   [2] Requesting state transfer: <0,76760>
20230730-160725-3674 02962 * RequestStateTransfer (replica.cc:212):   [2] Requesting state transfer: <0,76761>
20230730-160725-3675 02962 * RequestStateTransfer (replica.cc:212):   [2] Requesting state transfer: <0,76762>
20230730-160725-5778 02962 * RequestStateTransfer (replica.cc:212):   [2] Requesting state transfer: <0,78505>
20230730-160725-5779 02962 * HandleRequestStateTransfer (replica.cc:727):   [2] Sending state transfer from <0,78505> to <0,78506>
20230730-160725-5780 02962 * RequestStateTransfer (replica.cc:212):   [2] Requesting state transfer: <0,78506>
20230730-160725-5781 02962 * HandleRequestStateTransfer (replica.cc:727):   [2] Sending state transfer from <0,78506> to <0,78506>
20230730-160725-6148 02962 * RequestStateTransfer (replica.cc:212):   [2] Requesting state transfer: <0,78772>
20230730-160725-6149 02962 * HandleRequestStateTransfer (replica.cc:727):   [2] Sending state transfer from <0,78772> to <0,78772>
20230730-160725-6149 02962 * RequestStateTransfer (replica.cc:212):   [2] Requesting state transfer: <0,78773>
20230730-160726-7386 02962 * RequestStateTransfer (replica.cc:212):   [2] Requesting state transfer: <0,86601>
20230730-160726-7388 02962 * RequestStateTransfer (replica.cc:212):   [2] Requesting state transfer: <0,86607>
20230730-160726-7395 02962 ! OnReadable      (udptransport.cc:573): Fragments out of order for packet a; expected start 0, got 9000
20230730-160726-7395 02962 ! OnReadable      (udptransport.cc:565): Failed to reconstruct packet a
20230730-160726-8478 02962 * RequestStateTransfer (replica.cc:212):   [2] Requesting state transfer: <0,87538>
20230730-160726-8482 02962 * RequestStateTransfer (replica.cc:212):   [2] Requesting state transfer: <0,87541>
20230730-160727-4957 02962 * HandleRequestStateTransfer (replica.cc:727):   [2] Sending state transfer from <0,93235> to <0,93237>
20230730-160727-4958 02962 * HandleRequestStateTransfer (replica.cc:727):   [2] Sending state transfer from <0,93236> to <0,93238>
20230730-160727-4959 02962 * HandleRequestStateTransfer (replica.cc:727):   [2] Sending state transfer from <0,93237> to <0,93238>
20230730-160727-4960 02962 * HandleRequestStateTransfer (replica.cc:727):   [2] Sending state transfer from <0,93238> to <0,93240>
20230730-160727-4961 02962 * HandleRequestStateTransfer (replica.cc:727):   [2] Sending state transfer from <0,93241> to <0,93241>
20230730-160727-4963 02962 * HandleRequestStateTransfer (replica.cc:727):   [2] Sending state transfer from <0,93244> to <0,93245>
20230730-160727-4964 02962 * HandleRequestStateTransfer (replica.cc:727):   [2] Sending state transfer from <0,93246> to <0,93246>
20230730-160727-4965 02962 * HandleRequestStateTransfer (replica.cc:727):   [2] Sending state transfer from <0,93247> to <0,93247>
20230730-160727-4967 02962 * HandleRequestStateTransfer (replica.cc:727):   [2] Sending state transfer from <0,93249> to <0,93250>
20230730-160727-4968 02962 * HandleRequestStateTransfer (replica.cc:727):   [2] Sending state transfer from <0,93250> to <0,93250>
20230730-160727-5765 02962 ! releaseForWrite (lockserver.cc:353): [3401479746584010019] Releasing unheld write lock: BMnSpRfjJBraPcwMsW51keJ1qgi6Oae44BUjQl22tT8dIFNj10ZiScuVjg79rd5Q
20230730-160727-5766 02962 ! releaseForWrite (lockserver.cc:353): [3401479746584010019] Releasing unheld write lock: ExBjjUckGLAp2Yw9TAP8KDcVKFuY0Nhr9VILZGtDklFTv9A2wdVFToc7wVLAq9zG
20230730-160727-6544 02962 ! releaseForWrite (lockserver.cc:353): [5051762475874400018] Releasing unheld write lock: ExBjjUckGLAp2Yw9TAP8KDcVKFuY0Nhr9VILZGtDklFTv9A2wdVFToc7wVLAq9zG
20230730-160727-6544 02962 ! releaseForRead  (lockserver.cc:293): [5051762475874400018] Releasing unheld read lock: bit0vltaXrGfe4OMWcg2iiFuF6JnE5AISPMp1NwllhHHmUNQeCrkhuEkUQh1wh6a
20230730-160728-0172 02962 * RequestStateTransfer (replica.cc:212):   [2] Requesting state transfer: <0,97441>
20230730-160728-0173 02962 * RequestStateTransfer (replica.cc:212):   [2] Requesting state transfer: <0,97442>
20230730-160728-0175 02962 * RequestStateTransfer (replica.cc:212):   [2] Requesting state transfer: <0,97445>
20230730-160728-0209 02962 * HandleRequestStateTransfer (replica.cc:727):   [2] Sending state transfer from <0,97441> to <0,97470>
20230730-160728-0209 02962 * SendMessageInternal (udptransport.cc:442): Sending large replication.vr.proto.StateTransferMessage message in 2 fragments
20230730-160728-0211 02962 * HandleRequestStateTransfer (replica.cc:727):   [2] Sending state transfer from <0,97442> to <0,97471>
20230730-160728-0211 02962 * SendMessageInternal (udptransport.cc:442): Sending large replication.vr.proto.StateTransferMessage message in 2 fragments
20230730-160728-0213 02962 * HandleRequestStateTransfer (replica.cc:727):   [2] Sending state transfer from <0,97445> to <0,97472>
20230730-160728-0214 02962 * SendMessageInternal (udptransport.cc:442): Sending large replication.vr.proto.StateTransferMessage message in 2 fragments
20230730-160728-0215 02962 * HandleRequestStateTransfer (replica.cc:727):   [2] Sending state transfer from <0,97447> to <0,97472>
20230730-160728-0215 02962 * SendMessageInternal (udptransport.cc:442): Sending large replication.vr.proto.StateTransferMessage message in 2 fragments
20230730-160728-0224 02962 * HandleRequestStateTransfer (replica.cc:727):   [2] Sending state transfer from <0,97471> to <0,97476>
20230730-160728-0226 02962 * HandleRequestStateTransfer (replica.cc:727):   [2] Sending state transfer from <0,97472> to <0,97476>
20230730-160728-0227 02962 * HandleRequestStateTransfer (replica.cc:727):   [2] Sending state transfer from <0,97473> to <0,97477>
20230730-160728-8309 02962 * HandleRequestStateTransfer (replica.cc:727):   [2] Sending state transfer from <0,103883> to <0,103883>
20230730-160728-8312 02962 * HandleRequestStateTransfer (replica.cc:727):   [2] Sending state transfer from <0,103885> to <0,103885>
20230730-160728-9647 02962 * RequestStateTransfer (replica.cc:212):   [2] Requesting state transfer: <0,104955>
20230730-160728-9649 02962 * RequestStateTransfer (replica.cc:212):   [2] Requesting state transfer: <0,104957>
20230730-160728-9650 02962 * RequestStateTransfer (replica.cc:212):   [2] Requesting state transfer: <0,104959>
20230730-160728-9655 02962 * RequestStateTransfer (replica.cc:212):   [2] Requesting state transfer: <0,104960>
20230730-160728-9657 02962 * RequestStateTransfer (replica.cc:212):   [2] Requesting state transfer: <0,104961>
20230730-160728-9675 02962 ! OnReadable      (udptransport.cc:573): Fragments out of order for packet 72; expected start 0, got 9000
20230730-160729-0358 02962 * HandleRequestStateTransfer (replica.cc:727):   [2] Sending state transfer from <0,105477> to <0,105478>
20230730-160729-0495 02962 * RequestStateTransfer (replica.cc:212):   [2] Requesting state transfer: <0,105575>
20230730-160729-0497 02962 * RequestStateTransfer (replica.cc:212):   [2] Requesting state transfer: <0,105576>
20230730-160729-0498 02962 * RequestStateTransfer (replica.cc:212):   [2] Requesting state transfer: <0,105577>
20230730-160729-0501 02962 * RequestStateTransfer (replica.cc:212):   [2] Requesting state transfer: <0,105579>
20230730-160729-0503 02962 * RequestStateTransfer (replica.cc:212):   [2] Requesting state transfer: <0,105582>
20230730-160729-0505 02962 * RequestStateTransfer (replica.cc:212):   [2] Requesting state transfer: <0,105584>
20230730-160729-1032 02962 ! releaseForRead  (lockserver.cc:293): [-6644923278141331598] Releasing unheld read lock: ExBjjUckGLAp2Yw9TAP8KDcVKFuY0Nhr9VILZGtDklFTv9A2wdVFToc7wVLAq9zG
20230730-160729-1032 02962 ! releaseForRead  (lockserver.cc:293): [-6644923278141331598] Releasing unheld read lock: QzuzpfIJ3YO7y81x8QKC7tXmjh6JFMtCUEUFuoVCerO6kLjmyrydr9wkepJoF4kZ
20230730-160729-1186 02962 ! releaseForWrite (lockserver.cc:353): [-4827026276673031488] Releasing unheld write lock: ExBjjUckGLAp2Yw9TAP8KDcVKFuY0Nhr9VILZGtDklFTv9A2wdVFToc7wVLAq9zG
20230730-160729-1186 02962 ! releaseForWrite (lockserver.cc:353): [-4827026276673031488] Releasing unheld write lock: y1M0hmR2QjnhdKkoH6pSIJKhRFEZIUhJoNhoSBkCmoq5fY0Ogs7t2WlT232TLXIS
20230730-160729-1186 02962 ! releaseForRead  (lockserver.cc:293): [-4827026276673031488] Releasing unheld read lock: ExBjjUckGLAp2Yw9TAP8KDcVKFuY0Nhr9VILZGtDklFTv9A2wdVFToc7wVLAq9zG
20230730-160729-1469 02962 ! releaseForWrite (lockserver.cc:353): [5244333039033160113] Releasing unheld write lock: ExBjjUckGLAp2Yw9TAP8KDcVKFuY0Nhr9VILZGtDklFTv9A2wdVFToc7wVLAq9zG
20230730-160729-1469 02962 ! releaseForRead  (lockserver.cc:293): [5244333039033160113] Releasing unheld read lock: 3k8GN41lLs2x2l1Z6OUoaj3Zg9lRVstCMOvilHeDKm9Sja941wTi6raaxtL0ZLCe
20230730-160729-1777 02962 ! releaseForWrite (lockserver.cc:353): [8684488449713540022] Releasing unheld write lock: ExBjjUckGLAp2Yw9TAP8KDcVKFuY0Nhr9VILZGtDklFTv9A2wdVFToc7wVLAq9zG
20230730-160729-1777 02962 ! releaseForWrite (lockserver.cc:353): [8684488449713540022] Releasing unheld write lock: zimCXJOFNKeNGcZebeekqq90WeTnVmhS1jXRR5p0Ny2FvyPIMlNbT5OuQqFanOmG
20230730-160729-1877 02962 ! releaseForWrite (lockserver.cc:353): [-8279668093004431592] Releasing unheld write lock: je0QIlvJEdsYXQvZ3lwVXQ8DEvetA1k9eptmGYsDYehpnh2nSf4ClZbaSpYgXAbZ
20230730-160729-1877 02962 ! releaseForRead  (lockserver.cc:293): [-8279668093004431592] Releasing unheld read lock: ExBjjUckGLAp2Yw9TAP8KDcVKFuY0Nhr9VILZGtDklFTv9A2wdVFToc7wVLAq9zG
20230730-160729-5295 02962 ! releaseForWrite (lockserver.cc:353): [1244883729846860023] Releasing unheld write lock: ExBjjUckGLAp2Yw9TAP8KDcVKFuY0Nhr9VILZGtDklFTv9A2wdVFToc7wVLAq9zG
20230730-160729-5295 02962 ! releaseForWrite (lockserver.cc:353): [1244883729846860023] Releasing unheld write lock: QcnLTpMHUNp6ME1EcQrAMmIfkKAZrBajfaUSUnibFuQdvKKsXs5AXLcpvE4puWW2
20230730-160729-6070 02962 * RequestStateTransfer (replica.cc:212):   [2] Requesting state transfer: <0,110342>
20230730-160729-6075 02962 * RequestStateTransfer (replica.cc:212):   [2] Requesting state transfer: <0,110347>
20230730-160729-6976 02962 * HandleRequestStateTransfer (replica.cc:727):   [2] Sending state transfer from <0,111136> to <0,111195>
20230730-160729-6977 02962 * SendMessageInternal (udptransport.cc:442): Sending large replication.vr.proto.StateTransferMessage message in 3 fragments
20230730-160729-7772 02962 ! releaseForWrite (lockserver.cc:353): [5493460089573700071] Releasing unheld write lock: qHxW92SCvlYkd3PJoS0iBh0wOzJQSVnylsZwVtCB7MPZ7GKRRhvuPrxFYgBDSlK1
20230730-160729-7773 02962 ! releaseForWrite (lockserver.cc:353): [5493460089573700071] Releasing unheld write lock: ExBjjUckGLAp2Yw9TAP8KDcVKFuY0Nhr9VILZGtDklFTv9A2wdVFToc7wVLAq9zG
20230730-160729-8946 02962 * RequestStateTransfer (replica.cc:212):   [2] Requesting state transfer: <0,112794>
20230730-160729-8948 02962 ! OnReadable      (udptransport.cc:565): Failed to reconstruct packet 72
20230730-160729-9275 02962 ! releaseForWrite (lockserver.cc:353): [5431630491031700068] Releasing unheld write lock: ExBjjUckGLAp2Yw9TAP8KDcVKFuY0Nhr9VILZGtDklFTv9A2wdVFToc7wVLAq9zG
20230730-160729-9399 02962 ! releaseForRead  (lockserver.cc:293): [2826745287411850022] Releasing unheld read lock: ExBjjUckGLAp2Yw9TAP8KDcVKFuY0Nhr9VILZGtDklFTv9A2wdVFToc7wVLAq9zG
20230730-160729-9400 02962 ! releaseForRead  (lockserver.cc:293): [2826745287411850022] Releasing unheld read lock: B0VLn6tlWaTuBZZooqDpFQAaXTHfFfDZxeTdG8xODm0Qvtd5aaRUqOhF8DVnIDM4
20230730-160729-9614 02962 ! releaseForWrite (lockserver.cc:353): [3979450848847970024] Releasing unheld write lock: ExBjjUckGLAp2Yw9TAP8KDcVKFuY0Nhr9VILZGtDklFTv9A2wdVFToc7wVLAq9zG
20230730-160729-9614 02962 ! releaseForRead  (lockserver.cc:293): [3979450848847970024] Releasing unheld read lock: T9iIZ2xmI05t56P54k6SgNveuuIKlakcIaULSTGJzBNjaOqSY5co3Ue7g4ejxuWT
20230730-160729-9614 02962 ! releaseForRead  (lockserver.cc:293): [3979450848847970024] Releasing unheld read lock: ExBjjUckGLAp2Yw9TAP8KDcVKFuY0Nhr9VILZGtDklFTv9A2wdVFToc7wVLAq9zG
20230730-160730-0321 02962 ! releaseForWrite (lockserver.cc:353): [-7031485897644131592] Releasing unheld write lock: QbJqp0unxT3Rrd7ThnY2a0uPTXtyJ3Q5jRP3swKhUNHWE0KQUJzrVyD4ZflGytLM
20230730-160730-0321 02962 ! releaseForWrite (lockserver.cc:353): [-7031485897644131592] Releasing unheld write lock: 5NaHnBTcBw2CX0IUyj4Kv3vEVirECyNoeaAVpFuusS9D5jfrLJuiGxkcUQ2mYzL2
20230730-160730-0321 02962 ! releaseForWrite (lockserver.cc:353): [-7031485897644131592] Releasing unheld write lock: ExBjjUckGLAp2Yw9TAP8KDcVKFuY0Nhr9VILZGtDklFTv9A2wdVFToc7wVLAq9zG
20230730-160730-0322 02962 ! releaseForRead  (lockserver.cc:293): [-7031485897644131592] Releasing unheld read lock: ErwI0Lj1MgOqFgIVWj6dbv54QhMQ19BjUOBkAVmFMWx155P6GfH2aidWp6mNHWYf
20230730-160730-0901 02962 ! releaseForWrite (lockserver.cc:353): [-5447688693671001587] Releasing unheld write lock: ExBjjUckGLAp2Yw9TAP8KDcVKFuY0Nhr9VILZGtDklFTv9A2wdVFToc7wVLAq9zG
20230730-160730-1123 02962 ! releaseForWrite (lockserver.cc:353): [-6644923278141331596] Releasing unheld write lock: ExBjjUckGLAp2Yw9TAP8KDcVKFuY0Nhr9VILZGtDklFTv9A2wdVFToc7wVLAq9zG
20230730-160730-1124 02962 ! releaseForRead  (lockserver.cc:293): [-6644923278141331596] Releasing unheld read lock: ExBjjUckGLAp2Yw9TAP8KDcVKFuY0Nhr9VILZGtDklFTv9A2wdVFToc7wVLAq9zG
20230730-160730-1417 02962 ! releaseForWrite (lockserver.cc:353): [-2357029018595561551] Releasing unheld write lock: ExBjjUckGLAp2Yw9TAP8KDcVKFuY0Nhr9VILZGtDklFTv9A2wdVFToc7wVLAq9zG
20230730-160730-1689 02962 ! releaseForWrite (lockserver.cc:353): [-118784263559281498] Releasing unheld write lock: K5dLXlOVnXUpVVDgqr6bT1giyXN4OHQa7hrEAaAO8t09iatV1JiDGaj6fvMweA3g
20230730-160730-1689 02962 ! releaseForRead  (lockserver.cc:293): [-118784263559281498] Releasing unheld read lock: QzuzpfIJ3YO7y81x8QKC7tXmjh6JFMtCUEUFuoVCerO6kLjmyrydr9wkepJoF4kZ
20230730-160730-1690 02962 ! releaseForWrite (lockserver.cc:353): [-2774690076446081543] Releasing unheld write lock: ExBjjUckGLAp2Yw9TAP8KDcVKFuY0Nhr9VILZGtDklFTv9A2wdVFToc7wVLAq9zG
20230730-160730-1820 02962 ! releaseForWrite (lockserver.cc:353): [8684488449713540023] Releasing unheld write lock: t7DLplAQ0ddK159HaNjixwxZpSb2QD82pddH2IJ0bMOMtrPbDCquau5vijs1MO0a
20230730-160730-1820 02962 ! releaseForRead  (lockserver.cc:293): [8684488449713540023] Releasing unheld read lock: ExBjjUckGLAp2Yw9TAP8KDcVKFuY0Nhr9VILZGtDklFTv9A2wdVFToc7wVLAq9zG
20230730-160730-1824 02962 ! releaseForWrite (lockserver.cc:353): [-7123789889436101522] Releasing unheld write lock: ExBjjUckGLAp2Yw9TAP8KDcVKFuY0Nhr9VILZGtDklFTv9A2wdVFToc7wVLAq9zG
20230730-160730-1985 02962 ! releaseForWrite (lockserver.cc:353): [-6713310473377271595] Releasing unheld write lock: sJyQXcf4mgs5dXZmSTBHDWDXS8grXBbH8KVtBiae54L2IOJZhK1AtAg3VQjuKMbj
20230730-160730-1985 02962 ! releaseForRead  (lockserver.cc:293): [-6713310473377271595] Releasing unheld read lock: ExBjjUckGLAp2Yw9TAP8KDcVKFuY0Nhr9VILZGtDklFTv9A2wdVFToc7wVLAq9zG
20230730-160730-2735 02962 * RequestStateTransfer (replica.cc:212):   [2] Requesting state transfer: <0,115697>
20230730-160730-2742 02962 * RequestStateTransfer (replica.cc:212):   [2] Requesting state transfer: <0,115698>
20230730-160730-2743 02962 * RequestStateTransfer (replica.cc:212):   [2] Requesting state transfer: <0,115699>
20230730-160730-7326 02962 ! releaseForWrite (lockserver.cc:353): [-8064486073354771590] Releasing unheld write lock: QzuzpfIJ3YO7y81x8QKC7tXmjh6JFMtCUEUFuoVCerO6kLjmyrydr9wkepJoF4kZ
20230730-160730-7326 02962 ! releaseForRead  (lockserver.cc:293): [-8064486073354771590] Releasing unheld read lock: ExBjjUckGLAp2Yw9TAP8KDcVKFuY0Nhr9VILZGtDklFTv9A2wdVFToc7wVLAq9zG
20230730-160730-8492 02962 * RequestStateTransfer (replica.cc:212):   [2] Requesting state transfer: <0,119424>
20230730-160730-8493 02962 * RequestStateTransfer (replica.cc:212):   [2] Requesting state transfer: <0,119425>
20230730-160730-8494 02962 * RequestStateTransfer (replica.cc:212):   [2] Requesting state transfer: <0,119426>
20230730-160731-2103 02962 ! releaseForWrite (lockserver.cc:353): [-4827026276673031484] Releasing unheld write lock: Sq9QzpRhlRrMg9ygsMyJO66whKgKLdtPMVVANXDFB3n0viW6PrlxKgnVngwYmC1v
20230730-160731-2103 02962 ! releaseForWrite (lockserver.cc:353): [-4827026276673031484] Releasing unheld write lock: ExBjjUckGLAp2Yw9TAP8KDcVKFuY0Nhr9VILZGtDklFTv9A2wdVFToc7wVLAq9zG
20230730-160731-2103 02962 ! releaseForRead  (lockserver.cc:293): [-4827026276673031484] Releasing unheld read lock: vrPNxLltbc4h0skyziN4n2OwRp1Jfr1CNhrsZ6fwhqr0VGPh89L2PkxhNZKuOAr2
20230730-160731-2104 02962 ! releaseForRead  (lockserver.cc:293): [-4827026276673031484] Releasing unheld read lock: ExBjjUckGLAp2Yw9TAP8KDcVKFuY0Nhr9VILZGtDklFTv9A2wdVFToc7wVLAq9zG
20230730-160731-2148 02962 ! releaseForWrite (lockserver.cc:353): [-8279668093004431589] Releasing unheld write lock: Sq9QzpRhlRrMg9ygsMyJO66whKgKLdtPMVVANXDFB3n0viW6PrlxKgnVngwYmC1v
20230730-160731-2472 02962 ! releaseForWrite (lockserver.cc:353): [-2774690076446081542] Releasing unheld write lock: bz5G8dgVIIvhoqiSPVVRQG8MNv3niC9xbKLxpN0yJ4XKyKHm3Bi8dLxb2gh4iAlw
20230730-160731-2472 02962 ! releaseForRead  (lockserver.cc:293): [-2774690076446081542] Releasing unheld read lock: ExBjjUckGLAp2Yw9TAP8KDcVKFuY0Nhr9VILZGtDklFTv9A2wdVFToc7wVLAq9zG
20230730-160731-7503 02962 * RequestStateTransfer (replica.cc:212):   [2] Requesting state transfer: <0,126434>
20230730-160732-4959 02962 * RequestStateTransfer (replica.cc:212):   [2] Requesting state transfer: <0,131072>
20230730-160732-5094 02962 ! releaseForWrite (lockserver.cc:353): [-7444005178902941572] Releasing unheld write lock: ExBjjUckGLAp2Yw9TAP8KDcVKFuY0Nhr9VILZGtDklFTv9A2wdVFToc7wVLAq9zG
20230730-160732-5095 02962 ! releaseForRead  (lockserver.cc:293): [-7444005178902941572] Releasing unheld read lock: Ttmnv1mdzmzkBj3MEO4G4akym6a5XAMKVxbMrpp90hrituAlAdKzlxCpXf7FPgDQ
20230730-160732-5095 02962 ! releaseForRead  (lockserver.cc:293): [-7444005178902941572] Releasing unheld read lock: PTclM2OzzZaVuyJRwsuTH1CwH2jMPhPkpDB75u3or7XMvx8EM4RfYWoncjwYjPiV
20230730-160732-5097 02962 ! releaseForWrite (lockserver.cc:353): [-1353074600069721571] Releasing unheld write lock: ExBjjUckGLAp2Yw9TAP8KDcVKFuY0Nhr9VILZGtDklFTv9A2wdVFToc7wVLAq9zG
20230730-160732-5097 02962 ! releaseForWrite (lockserver.cc:353): [-1353074600069721571] Releasing unheld write lock: laVygMQLkMGAjT0bHAFmrZG6FYuRaUlRxWqcSVDnmpEsbIPRcnkKNCni9ir0BSUM
20230730-160732-5097 02962 ! releaseForRead  (lockserver.cc:293): [-1353074600069721571] Releasing unheld read lock: Ku63V1UvH3Ids2Iqkx1Ejy3xC18767eSIwW1JzKDBDHDgG1jGZjKkUsoaJc5vBpF
20230730-160732-5097 02962 ! releaseForRead  (lockserver.cc:293): [-1353074600069721571] Releasing unheld read lock: sJyQXcf4mgs5dXZmSTBHDWDXS8grXBbH8KVtBiae54L2IOJZhK1AtAg3VQjuKMbj
20230730-160732-5098 02962 ! releaseForRead  (lockserver.cc:293): [-1353074600069721571] Releasing unheld read lock: nC9fYHackdpyDhldZs7dgkeaHk9rvzdM1VcenbbjhoYGa25PProzczeYcOm599Pt
20230730-160732-5098 02962 ! releaseForWrite (lockserver.cc:353): [1887369467421760028] Releasing unheld write lock: qHxW92SCvlYkd3PJoS0iBh0wOzJQSVnylsZwVtCB7MPZ7GKRRhvuPrxFYgBDSlK1
20230730-160732-5098 02962 ! releaseForWrite (lockserver.cc:353): [1887369467421760028] Releasing unheld write lock: t3SXV6KLJvdzThf1mZo6ThgtDocyLZ8HK3Ilnvq0XruJ7OnWfByvTKn6DnO6OBt6
20230730-160732-5107 02962 ! releaseForWrite (lockserver.cc:353): [-1487350023034011585] Releasing unheld write lock: ExBjjUckGLAp2Yw9TAP8KDcVKFuY0Nhr9VILZGtDklFTv9A2wdVFToc7wVLAq9zG
20230730-160732-5108 02962 ! releaseForRead  (lockserver.cc:293): [-1487350023034011585] Releasing unheld read lock: B0VLn6tlWaTuBZZooqDpFQAaXTHfFfDZxeTdG8xODm0Qvtd5aaRUqOhF8DVnIDM4
20230730-160732-5201 02962 ! releaseForWrite (lockserver.cc:353): [7511616248399870075] Releasing unheld write lock: ExBjjUckGLAp2Yw9TAP8KDcVKFuY0Nhr9VILZGtDklFTv9A2wdVFToc7wVLAq9zG
20230730-160732-9610 02962 * RequestStateTransfer (replica.cc:212):   [2] Requesting state transfer: <0,134264>
20230730-160732-9611 02962 * HandleRequestStateTransfer (replica.cc:727):   [2] Sending state transfer from <0,134264> to <0,134264>
20230730-160732-9614 02962 * RequestStateTransfer (replica.cc:212):   [2] Requesting state transfer: <0,134265>
20230730-160732-9614 02962 * HandleRequestStateTransfer (replica.cc:727):   [2] Sending state transfer from <0,134265> to <0,134265>
20230730-160732-9616 02962 * RequestStateTransfer (replica.cc:212):   [2] Requesting state transfer: <0,134266>
20230730-160732-9617 02962 * HandleRequestStateTransfer (replica.cc:727):   [2] Sending state transfer from <0,134266> to <0,134266>
20230730-160732-9622 02962 * RequestStateTransfer (replica.cc:212):   [2] Requesting state transfer: <0,134268>
20230730-160732-9623 02962 * HandleRequestStateTransfer (replica.cc:727):   [2] Sending state transfer from <0,134268> to <0,134269>
20230730-160732-9623 02962 * RequestStateTransfer (replica.cc:212):   [2] Requesting state transfer: <0,134269>
20230730-160733-1113 02962 * RequestStateTransfer (replica.cc:212):   [2] Requesting state transfer: <0,135721>
20230730-160733-1114 02962 * HandleRequestStateTransfer (replica.cc:727):   [2] Sending state transfer from <0,135721> to <0,135722>
20230730-160733-1116 02962 * RequestStateTransfer (replica.cc:212):   [2] Requesting state transfer: <0,135723>
20230730-160733-1117 02962 * RequestStateTransfer (replica.cc:212):   [2] Requesting state transfer: <0,135725>
20230730-160733-1118 02962 * RequestStateTransfer (replica.cc:212):   [2] Requesting state transfer: <0,135726>
20230730-160733-1118 02962 * HandleRequestStateTransfer (replica.cc:727):   [2] Sending state transfer from <0,135723> to <0,135726>
20230730-160733-1119 02962 * HandleRequestStateTransfer (replica.cc:727):   [2] Sending state transfer from <0,135725> to <0,135726>
20230730-160733-1120 02962 * HandleRequestStateTransfer (replica.cc:727):   [2] Sending state transfer from <0,135726> to <0,135727>
20230730-160733-1910 02962 * HandleRequestStateTransfer (replica.cc:727):   [2] Sending state transfer from <0,136419> to <0,136419>
20230730-160734-3834 02962 ! releaseForWrite (lockserver.cc:353): [-1629218770099311583] Releasing unheld write lock: ExBjjUckGLAp2Yw9TAP8KDcVKFuY0Nhr9VILZGtDklFTv9A2wdVFToc7wVLAq9zG
20230730-160734-3834 02962 ! releaseForWrite (lockserver.cc:353): [-1629218770099311583] Releasing unheld write lock: Vn5LzUYUYEVfLNEOHTsfdBXtdT0R8keiehgI9W2tH7bGkfEWK9DwPm8bHokCLzdI
20230730-160734-4025 02962 * RequestStateTransfer (replica.cc:212):   [2] Requesting state transfer: <0,145678>
20230730-160734-4026 02962 * RequestStateTransfer (replica.cc:212):   [2] Requesting state transfer: <0,145679>
20230730-160734-4029 02962 * RequestStateTransfer (replica.cc:212):   [2] Requesting state transfer: <0,145680>
20230730-160734-4030 02962 * RequestStateTransfer (replica.cc:212):   [2] Requesting state transfer: <0,145681>
20230730-160734-4032 02962 * RequestStateTransfer (replica.cc:212):   [2] Requesting state transfer: <0,145683>
20230730-160734-5783 02962 * RequestStateTransfer (replica.cc:212):   [2] Requesting state transfer: <0,147105>
20230730-160734-5784 02962 * RequestStateTransfer (replica.cc:212):   [2] Requesting state transfer: <0,147107>
20230730-160734-5785 02962 * RequestStateTransfer (replica.cc:212):   [2] Requesting state transfer: <0,147108>
20230730-160734-5786 02962 * RequestStateTransfer (replica.cc:212):   [2] Requesting state transfer: <0,147110>
20230730-160734-5786 02962 * RequestStateTransfer (replica.cc:212):   [2] Requesting state transfer: <0,147111>
20230730-160734-5787 02962 * RequestStateTransfer (replica.cc:212):   [2] Requesting state transfer: <0,147115>
20230730-160734-5788 02962 * RequestStateTransfer (replica.cc:212):   [2] Requesting state transfer: <0,147116>
20230730-160734-5789 02962 * RequestStateTransfer (replica.cc:212):   [2] Requesting state transfer: <0,147117>
20230730-160734-5795 02962 * RequestStateTransfer (replica.cc:212):   [2] Requesting state transfer: <0,147128>
20230730-160734-5797 02962 * RequestStateTransfer (replica.cc:212):   [2] Requesting state transfer: <0,147130>
20230730-160734-5800 02962 * RequestStateTransfer (replica.cc:212):   [2] Requesting state transfer: <0,147133>
20230730-160734-5803 02962 * RequestStateTransfer (replica.cc:212):   [2] Requesting state transfer: <0,147136>
20230730-160735-1063 02962 * HandleRequestStateTransfer (replica.cc:727):   [2] Sending state transfer from <0,151287> to <0,151312>
20230730-160735-1064 02962 * SendMessageInternal (udptransport.cc:442): Sending large replication.vr.proto.StateTransferMessage message in 2 fragments
20230730-160735-1065 02962 * HandleRequestStateTransfer (replica.cc:727):   [2] Sending state transfer from <0,151288> to <0,151313>
20230730-160735-1065 02962 * SendMessageInternal (udptransport.cc:442): Sending large replication.vr.proto.StateTransferMessage message in 2 fragments
20230730-160735-1066 02962 * HandleRequestStateTransfer (replica.cc:727):   [2] Sending state transfer from <0,151291> to <0,151313>
20230730-160735-1067 02962 * SendMessageInternal (udptransport.cc:442): Sending large replication.vr.proto.StateTransferMessage message in 2 fragments
20230730-160735-1074 02962 * HandleRequestStateTransfer (replica.cc:727):   [2] Sending state transfer from <0,151312> to <0,151318>
20230730-160735-1077 02962 * HandleRequestStateTransfer (replica.cc:727):   [2] Sending state transfer from <0,151316> to <0,151320>
20230730-160735-1079 02962 * HandleRequestStateTransfer (replica.cc:727):   [2] Sending state transfer from <0,151318> to <0,151321>
20230730-160735-2464 02962 * RequestStateTransfer (replica.cc:212):   [2] Requesting state transfer: <0,152328>
20230730-160735-2465 02962 * RequestStateTransfer (replica.cc:212):   [2] Requesting state transfer: <0,152333>
20230730-160735-2467 02962 * RequestStateTransfer (replica.cc:212):   [2] Requesting state transfer: <0,152336>
20230730-160735-2468 02962 * RequestStateTransfer (replica.cc:212):   [2] Requesting state transfer: <0,152339>
20230730-160735-2469 02962 * RequestStateTransfer (replica.cc:212):   [2] Requesting state transfer: <0,152340>
20230730-160735-2469 02962 * RequestStateTransfer (replica.cc:212):   [2] Requesting state transfer: <0,152341>
20230730-160735-2479 02962 * RequestStateTransfer (replica.cc:212):   [2] Requesting state transfer: <0,152361>
20230730-160735-2481 02962 ! OnReadable      (udptransport.cc:573): Fragments out of order for packet 1a; expected start 0, got 9000
20230730-160735-2482 02962 * RequestStateTransfer (replica.cc:212):   [2] Requesting state transfer: <0,152364>
20230730-160735-2482 02962 ! OnReadable      (udptransport.cc:565): Failed to reconstruct packet 1a
20230730-160735-2484 02962 * RequestStateTransfer (replica.cc:212):   [2] Requesting state transfer: <0,152365>
20230730-160735-2486 02962 * RequestStateTransfer (replica.cc:212):   [2] Requesting state transfer: <0,152367>
20230730-160735-2486 02962 * RequestStateTransfer (replica.cc:212):   [2] Requesting state transfer: <0,152368>
20230730-160735-2495 02962 ! OnReadable      (udptransport.cc:573): Fragments out of order for packet a5; expected start 0, got 9000
20230730-160735-2496 02962 ! OnReadable      (udptransport.cc:565): Failed to reconstruct packet a5
20230730-160735-2497 02962 ! OnReadable      (udptransport.cc:573): Fragments out of order for packet a7; expected start 0, got 9000
20230730-160735-2508 02962 ! OnReadable      (udptransport.cc:565): Failed to reconstruct packet a7
20230730-160735-5064 02962 * HandleRequestStateTransfer (replica.cc:727):   [2] Sending state transfer from <0,154270> to <0,154314>
20230730-160735-5065 02962 * SendMessageInternal (udptransport.cc:442): Sending large replication.vr.proto.StateTransferMessage message in 2 fragments
20230730-160735-5072 02962 * HandleRequestStateTransfer (replica.cc:727):   [2] Sending state transfer from <0,154315> to <0,154316>
20230730-160735-5074 02962 * HandleRequestStateTransfer (replica.cc:727):   [2] Sending state transfer from <0,154316> to <0,154317>
20230730-160735-5075 02962 * HandleRequestStateTransfer (replica.cc:727):   [2] Sending state transfer from <0,154317> to <0,154317>
20230730-160735-5079 02962 * HandleRequestStateTransfer (replica.cc:727):   [2] Sending state transfer from <0,154319> to <0,154320>
20230730-160735-7544 02962 * RequestStateTransfer (replica.cc:212):   [2] Requesting state transfer: <0,156253>
20230730-160735-7546 02962 * RequestStateTransfer (replica.cc:212):   [2] Requesting state transfer: <0,156254>
20230730-160735-7549 02962 * RequestStateTransfer (replica.cc:212):   [2] Requesting state transfer: <0,156256>
20230730-160735-7551 02962 * RequestStateTransfer (replica.cc:212):   [2] Requesting state transfer: <0,156257>
20230730-160735-7553 02962 * RequestStateTransfer (replica.cc:212):   [2] Requesting state transfer: <0,156260>
20230730-160735-7555 02962 * RequestStateTransfer (replica.cc:212):   [2] Requesting state transfer: <0,156261>
20230730-160735-7557 02962 * RequestStateTransfer (replica.cc:212):   [2] Requesting state transfer: <0,156262>
20230730-160735-7558 02962 * RequestStateTransfer (replica.cc:212):   [2] Requesting state transfer: <0,156263>
20230730-160735-7585 02962 ! OnReadable      (udptransport.cc:573): Fragments out of order for packet b4; expected start 0, got 9000
20230730-160735-7645 02962 * RequestStateTransfer (replica.cc:212):   [2] Requesting state transfer: <0,156339>
20230730-160735-7646 02962 * RequestStateTransfer (replica.cc:212):   [2] Requesting state transfer: <0,156340>
20230730-160735-7758 02962 * RequestStateTransfer (replica.cc:212):   [2] Requesting state transfer: <0,156458>
20230730-160735-7760 02962 * RequestStateTransfer (replica.cc:212):   [2] Requesting state transfer: <0,156460>
20230730-160735-7761 02962 * HandleRequestStateTransfer (replica.cc:727):   [2] Sending state transfer from <0,156459> to <0,156460>
20230730-160735-7762 02962 * HandleRequestStateTransfer (replica.cc:727):   [2] Sending state transfer from <0,156460> to <0,156461>
20230730-160735-7763 02962 * RequestStateTransfer (replica.cc:212):   [2] Requesting state transfer: <0,156461>
20230730-160735-7766 02962 * HandleRequestStateTransfer (replica.cc:727):   [2] Sending state transfer from <0,156461> to <0,156463>
20230730-160735-7767 02962 * RequestStateTransfer (replica.cc:212):   [2] Requesting state transfer: <0,156463>
20230730-160735-7769 02962 * RequestStateTransfer (replica.cc:212):   [2] Requesting state transfer: <0,156464>
20230730-160735-7770 02962 * RequestStateTransfer (replica.cc:212):   [2] Requesting state transfer: <0,156465>
20230730-160735-7771 02962 * HandleRequestStateTransfer (replica.cc:727):   [2] Sending state transfer from <0,156463> to <0,156465>
20230730-160735-7774 02962 * HandleRequestStateTransfer (replica.cc:727):   [2] Sending state transfer from <0,156464> to <0,156465>
20230730-160735-7777 02962 * HandleRequestStateTransfer (replica.cc:727):   [2] Sending state transfer from <0,156465> to <0,156466>
20230730-160735-7780 02962 ! OnReadable      (udptransport.cc:565): Failed to reconstruct packet b4
20230730-160736-4781 02962 * RequestStateTransfer (replica.cc:212):   [2] Requesting state transfer: <0,161933>
20230730-160736-4793 02962 * RequestStateTransfer (replica.cc:212):   [2] Requesting state transfer: <0,161997>
20230730-160736-4794 02962 * RequestStateTransfer (replica.cc:212):   [2] Requesting state transfer: <0,162001>
20230730-160736-5761 02962 * RequestStateTransfer (replica.cc:212):   [2] Requesting state transfer: <0,162760>
20230730-160736-5763 02962 * RequestStateTransfer (replica.cc:212):   [2] Requesting state transfer: <0,162761>
20230730-160736-5765 02962 * RequestStateTransfer (replica.cc:212):   [2] Requesting state transfer: <0,162762>
20230730-160736-5766 02962 * RequestStateTransfer (replica.cc:212):   [2] Requesting state transfer: <0,162763>
20230730-160736-5966 02962 * RequestStateTransfer (replica.cc:212):   [2] Requesting state transfer: <0,162922>
20230730-160737-6742 02962 * RequestStateTransfer (replica.cc:212):   [2] Requesting state transfer: <0,171158>
20230730-160737-6744 02962 * HandleRequestStateTransfer (replica.cc:727):   [2] Sending state transfer from <0,171158> to <0,171158>
20230730-160737-6745 02962 * RequestStateTransfer (replica.cc:212):   [2] Requesting state transfer: <0,171159>
20230730-160737-6746 02962 * HandleRequestStateTransfer (replica.cc:727):   [2] Sending state transfer from <0,171159> to <0,171159>
20230730-160737-6747 02962 * RequestStateTransfer (replica.cc:212):   [2] Requesting state transfer: <0,171160>
20230730-160737-6748 02962 * HandleRequestStateTransfer (replica.cc:727):   [2] Sending state transfer from <0,171160> to <0,171160>
20230730-160737-6751 02962 * RequestStateTransfer (replica.cc:212):   [2] Requesting state transfer: <0,171162>
20230730-160737-6753 02962 * HandleRequestStateTransfer (replica.cc:727):   [2] Sending state transfer from <0,171162> to <0,171163>
20230730-160737-6755 02962 * RequestStateTransfer (replica.cc:212):   [2] Requesting state transfer: <0,171166>
20230730-160737-6756 02962 * HandleRequestStateTransfer (replica.cc:727):   [2] Sending state transfer from <0,171166> to <0,171166>
20230730-160737-6758 02962 * RequestStateTransfer (replica.cc:212):   [2] Requesting state transfer: <0,171167>
20230730-160737-6759 02962 * HandleRequestStateTransfer (replica.cc:727):   [2] Sending state transfer from <0,171167> to <0,171168>
20230730-160738-0782 02962 * HandleRequestStateTransfer (replica.cc:727):   [2] Sending state transfer from <0,174361> to <0,174387>
20230730-160738-0783 02962 * SendMessageInternal (udptransport.cc:442): Sending large replication.vr.proto.StateTransferMessage message in 2 fragments
20230730-160738-0784 02962 * HandleRequestStateTransfer (replica.cc:727):   [2] Sending state transfer from <0,174364> to <0,174388>
20230730-160738-0784 02962 * SendMessageInternal (udptransport.cc:442): Sending large replication.vr.proto.StateTransferMessage message in 2 fragments
20230730-160738-0785 02962 * HandleRequestStateTransfer (replica.cc:727):   [2] Sending state transfer from <0,174366> to <0,174388>
20230730-160738-0786 02962 * SendMessageInternal (udptransport.cc:442): Sending large replication.vr.proto.StateTransferMessage message in 2 fragments
20230730-160738-0787 02962 * HandleRequestStateTransfer (replica.cc:727):   [2] Sending state transfer from <0,174368> to <0,174389>
20230730-160738-0787 02962 * SendMessageInternal (udptransport.cc:442): Sending large replication.vr.proto.StateTransferMessage message in 2 fragments
20230730-160738-0788 02962 * HandleRequestStateTransfer (replica.cc:727):   [2] Sending state transfer from <0,174369> to <0,174390>
20230730-160738-0789 02962 * SendMessageInternal (udptransport.cc:442): Sending large replication.vr.proto.StateTransferMessage message in 2 fragments
20230730-160738-0789 02962 * HandleRequestStateTransfer (replica.cc:727):   [2] Sending state transfer from <0,174370> to <0,174390>
20230730-160738-0790 02962 * SendMessageInternal (udptransport.cc:442): Sending large replication.vr.proto.StateTransferMessage message in 2 fragments
20230730-160738-0791 02962 * HandleRequestStateTransfer (replica.cc:727):   [2] Sending state transfer from <0,174371> to <0,174390>
20230730-160738-0791 02962 * SendMessageInternal (udptransport.cc:442): Sending large replication.vr.proto.StateTransferMessage message in 2 fragments
20230730-160738-0792 02962 * HandleRequestStateTransfer (replica.cc:727):   [2] Sending state transfer from <0,174372> to <0,174392>
20230730-160738-0792 02962 * SendMessageInternal (udptransport.cc:442): Sending large replication.vr.proto.StateTransferMessage message in 2 fragments
20230730-160738-0793 02962 * HandleRequestStateTransfer (replica.cc:727):   [2] Sending state transfer from <0,174373> to <0,174392>
20230730-160738-0794 02962 * SendMessageInternal (udptransport.cc:442): Sending large replication.vr.proto.StateTransferMessage message in 2 fragments
20230730-160738-0796 02962 * HandleRequestStateTransfer (replica.cc:727):   [2] Sending state transfer from <0,174387> to <0,174396>
20230730-160738-0796 02962 * SendMessageInternal (udptransport.cc:442): Sending large replication.vr.proto.StateTransferMessage message in 2 fragments
20230730-160738-0797 02962 * HandleRequestStateTransfer (replica.cc:727):   [2] Sending state transfer from <0,174390> to <0,174396>
20230730-160738-0800 02962 * HandleRequestStateTransfer (replica.cc:727):   [2] Sending state transfer from <0,174392> to <0,174400>
20230730-160738-0805 02962 * HandleRequestStateTransfer (replica.cc:727):   [2] Sending state transfer from <0,174395> to <0,174404>
20230730-160738-0807 02962 * HandleRequestStateTransfer (replica.cc:727):   [2] Sending state transfer from <0,174396> to <0,174404>
20230730-160739-5095 02962 ! releaseForWrite (lockserver.cc:353): [6524014829721040101] Releasing unheld write lock: 4ds5HBVN4qNT1R4PuagI8TsnP0QIRxvzYdacnmkn7zmj44uUpWI5Gvucv79uAU4e
20230730-160739-8448 02962 * RequestStateTransfer (replica.cc:212):   [2] Requesting state transfer: <0,187573>
20230730-160739-8449 02962 * HandleRequestStateTransfer (replica.cc:727):   [2] Sending state transfer from <0,187573> to <0,187574>
20230730-160739-8450 02962 * RequestStateTransfer (replica.cc:212):   [2] Requesting state transfer: <0,187575>
20230730-160739-8451 02962 * HandleRequestStateTransfer (replica.cc:727):   [2] Sending state transfer from <0,187575> to <0,187576>
20230730-160739-8452 02962 * RequestStateTransfer (replica.cc:212):   [2] Requesting state transfer: <0,187578>
20230730-160739-8453 02962 * HandleRequestStateTransfer (replica.cc:727):   [2] Sending state transfer from <0,187578> to <0,187578>
20230730-160739-8455 02962 * RequestStateTransfer (replica.cc:212):   [2] Requesting state transfer: <0,187579>
20230730-160739-8456 02962 * HandleRequestStateTransfer (replica.cc:727):   [2] Sending state transfer from <0,187579> to <0,187579>
20230730-160739-8458 02962 * RequestStateTransfer (replica.cc:212):   [2] Requesting state transfer: <0,187582>
20230730-160739-8458 02962 * HandleRequestStateTransfer (replica.cc:727):   [2] Sending state transfer from <0,187582> to <0,187582>
20230730-160739-8460 02962 * RequestStateTransfer (replica.cc:212):   [2] Requesting state transfer: <0,187585>
20230730-160739-8462 02962 * RequestStateTransfer (replica.cc:212):   [2] Requesting state transfer: <0,187587>
20230730-160739-8462 02962 * HandleRequestStateTransfer (replica.cc:727):   [2] Sending state transfer from <0,187585> to <0,187587>
20230730-160739-8463 02962 * HandleRequestStateTransfer (replica.cc:727):   [2] Sending state transfer from <0,187587> to <0,187587>
20230730-160740-2073 02962 * RequestStateTransfer (replica.cc:212):   [2] Requesting state transfer: <0,190563>
20230730-160740-2073 02962 * HandleRequestStateTransfer (replica.cc:727):   [2] Sending state transfer from <0,190563> to <0,190563>
20230730-160740-9271 02962 * RequestStateTransfer (replica.cc:212):   [2] Requesting state transfer: <0,196527>
20230730-160740-9272 02962 * HandleRequestStateTransfer (replica.cc:727):   [2] Sending state transfer from <0,196527> to <0,196527>
20230730-160740-9273 02962 * RequestStateTransfer (replica.cc:212):   [2] Requesting state transfer: <0,196528>
20230730-160740-9274 02962 * HandleRequestStateTransfer (replica.cc:727):   [2] Sending state transfer from <0,196528> to <0,196528>
20230730-160740-9275 02962 * RequestStateTransfer (replica.cc:212):   [2] Requesting state transfer: <0,196529>
20230730-160740-9276 02962 * RequestStateTransfer (replica.cc:212):   [2] Requesting state transfer: <0,196530>
20230730-160740-9277 02962 * HandleRequestStateTransfer (replica.cc:727):   [2] Sending state transfer from <0,196529> to <0,196530>
20230730-160740-9277 02962 * HandleRequestStateTransfer (replica.cc:727):   [2] Sending state transfer from <0,196530> to <0,196531>
20230730-160740-9278 02962 * RequestStateTransfer (replica.cc:212):   [2] Requesting state transfer: <0,196531>
20230730-160740-9279 02962 * RequestStateTransfer (replica.cc:212):   [2] Requesting state transfer: <0,196532>
20230730-160740-9280 02962 * HandleRequestStateTransfer (replica.cc:727):   [2] Sending state transfer from <0,196531> to <0,196533>
20230730-160740-9281 02962 * RequestStateTransfer (replica.cc:212):   [2] Requesting state transfer: <0,196533>
20230730-160740-9282 02962 * HandleRequestStateTransfer (replica.cc:727):   [2] Sending state transfer from <0,196532> to <0,196533>
20230730-160740-9282 02962 * RequestStateTransfer (replica.cc:212):   [2] Requesting state transfer: <0,196534>
20230730-160740-9284 02962 * HandleRequestStateTransfer (replica.cc:727):   [2] Sending state transfer from <0,196533> to <0,196535>
20230730-160740-9284 02962 * RequestStateTransfer (replica.cc:212):   [2] Requesting state transfer: <0,196535>
20230730-160740-9285 02962 * HandleRequestStateTransfer (replica.cc:727):   [2] Sending state transfer from <0,196534> to <0,196536>
20230730-160740-9286 02962 * RequestStateTransfer (replica.cc:212):   [2] Requesting state transfer: <0,196536>
20230730-160740-9287 02962 * HandleRequestStateTransfer (replica.cc:727):   [2] Sending state transfer from <0,196535> to <0,196537>
20230730-160740-9288 02962 * HandleRequestStateTransfer (replica.cc:727):   [2] Sending state transfer from <0,196536> to <0,196537>
20230730-160740-9291 02962 * HandleRequestStateTransfer (replica.cc:727):   [2] Sending state transfer from <0,196538> to <0,196538>
20230730-160740-9311 02962 ! OnReadable      (udptransport.cc:573): Fragments out of order for packet f2; expected start 0, got 9000
20230730-160741-5226 02962 * HandleRequestStateTransfer (replica.cc:727):   [2] Sending state transfer from <0,201483> to <0,201520>
20230730-160741-5227 02962 * SendMessageInternal (udptransport.cc:442): Sending large replication.vr.proto.StateTransferMessage message in 3 fragments
20230730-160741-5228 02962 * HandleRequestStateTransfer (replica.cc:727):   [2] Sending state transfer from <0,201491> to <0,201521>
20230730-160741-5229 02962 * SendMessageInternal (udptransport.cc:442): Sending large replication.vr.proto.StateTransferMessage message in 3 fragments
20230730-160741-5229 02962 * HandleRequestStateTransfer (replica.cc:727):   [2] Sending state transfer from <0,201492> to <0,201521>
20230730-160741-5230 02962 * SendMessageInternal (udptransport.cc:442): Sending large replication.vr.proto.StateTransferMessage message in 3 fragments
20230730-160741-5231 02962 * HandleRequestStateTransfer (replica.cc:727):   [2] Sending state transfer from <0,201493> to <0,201523>
20230730-160741-5231 02962 * SendMessageInternal (udptransport.cc:442): Sending large replication.vr.proto.StateTransferMessage message in 2 fragments
20230730-160742-1791 02962 * RequestStateTransfer (replica.cc:212):   [2] Requesting state transfer: <0,206257>
20230730-160742-1793 02962 * RequestStateTransfer (replica.cc:212):   [2] Requesting state transfer: <0,206258>
20230730-160743-2662 02962 * RequestStateTransfer (replica.cc:212):   [2] Requesting state transfer: <0,214257>
20230730-160743-2664 02962 * RequestStateTransfer (replica.cc:212):   [2] Requesting state transfer: <0,214263>
20230730-160743-2672 02962 * RequestStateTransfer (replica.cc:212):   [2] Requesting state transfer: <0,214290>
20230730-160743-2674 02962 * RequestStateTransfer (replica.cc:212):   [2] Requesting state transfer: <0,214293>
20230730-160743-2674 02962 ! OnReadable      (udptransport.cc:565): Failed to reconstruct packet f2
20230730-160743-4749 02962 ! releaseForWrite (lockserver.cc:353): [-4145916281122501568] Releasing unheld write lock: WMeQ1MW49kjTSNoygtAiw8kV3AqUk7mXJW6LHRE0XQZ7zv5Xcm03DoaGe758uKDv
20230730-160743-4876 02962 ! releaseForWrite (lockserver.cc:353): [3401479746584010045] Releasing unheld write lock: ExBjjUckGLAp2Yw9TAP8KDcVKFuY0Nhr9VILZGtDklFTv9A2wdVFToc7wVLAq9zG
20230730-160743-7907 02962 * RequestStateTransfer (replica.cc:212):   [2] Requesting state transfer: <0,218315>
20230730-160743-7908 02962 * RequestStateTransfer (replica.cc:212):   [2] Requesting state transfer: <0,218318>
20230730-160743-7910 02962 * RequestStateTransfer (replica.cc:212):   [2] Requesting state transfer: <0,218321>
20230730-160743-7911 02962 * RequestStateTransfer (replica.cc:212):   [2] Requesting state transfer: <0,218323>
20230730-160743-7938 02962 ! OnReadable      (udptransport.cc:573): Fragments out of order for packet fd; expected start 0, got 9000
20230730-160744-5111 02962 ! releaseForWrite (lockserver.cc:353): [4691371837854790048] Releasing unheld write lock: lDrSjZwB99U4ak6gxf1RT4vC7AC0pqPajjr7IMZATAihiTqwWsumdq3TejBPKo0K
20230730-160744-5111 02962 ! releaseForWrite (lockserver.cc:353): [4691371837854790048] Releasing unheld write lock: ExBjjUckGLAp2Yw9TAP8KDcVKFuY0Nhr9VILZGtDklFTv9A2wdVFToc7wVLAq9zG
20230730-160744-5111 02962 ! releaseForWrite (lockserver.cc:353): [4691371837854790048] Releasing unheld write lock: baekNbHlxPPMYR4Z9Fr5JdpFm9PTd6bHQa9wtkPu0fHrFgnRROYHQ0teGspcAdUe
20230730-160744-5774 02962 ! releaseForWrite (lockserver.cc:353): [166984614959870044] Releasing unheld write lock: y9SR6AUNE2ZA3cKeK6vTsCschevg5wO1SP3wFjuE6WO70SQ0WtOnsMWm2f8byZH7
20230730-160744-5775 02962 ! releaseForRead  (lockserver.cc:293): [166984614959870044] Releasing unheld read lock: UDkGYOHROH0QLOhsxC0kEe8yv2HTuuAWcGsG7Y8qlDs2nO1oyJF5geCrF7rH5mdu
20230730-160744-6579 02962 * RequestStateTransfer (replica.cc:212):   [2] Requesting state transfer: <0,225151>
20230730-160744-8054 02962 ! releaseForWrite (lockserver.cc:353): [-636307695349231565] Releasing unheld write lock: riMUE6vPh1xGosMg331L5BpanE4YsCTyn8sGKuZd7Y38rUuMO3AofuOQS7pi2HcI
20230730-160744-8054 02962 ! releaseForWrite (lockserver.cc:353): [-636307695349231565] Releasing unheld write lock: 8ZSmMkIKbs4ZVu1WFiuXtfePk6aOkKqCgACEifMXd1NYrigjKvUqIwe0TIdx9GnE
20230730-160744-8151 02962 ! releaseForWrite (lockserver.cc:353): [592811171175300052] Releasing unheld write lock: lKE02jy2l1QRPaRbqBznlSWXVNw52vRxZPIVifmwZKhzkyXtoFWOeaj3G8PtCMRq
20230730-160744-8358 02962 ! releaseForRead  (lockserver.cc:293): [1244883729846860052] Releasing unheld read lock: jdk6G6cV2Bpe21KBVpURNzsZhp9VM2qqkNBrIXrvK1UplsVMZxFhCBhuihA37bAn
20230730-160744-8359 02962 ! releaseForRead  (lockserver.cc:293): [1244883729846860052] Releasing unheld read lock: ExBjjUckGLAp2Yw9TAP8KDcVKFuY0Nhr9VILZGtDklFTv9A2wdVFToc7wVLAq9zG
20230730-160744-8367 02962 ! releaseForRead  (lockserver.cc:293): [-8041942175518291576] Releasing unheld read lock: ExBjjUckGLAp2Yw9TAP8KDcVKFuY0Nhr9VILZGtDklFTv9A2wdVFToc7wVLAq9zG
20230730-160745-0869 02962 * RequestStateTransfer (replica.cc:212):   [2] Requesting state transfer: <0,228221>
20230730-160745-0870 02962 * HandleRequestStateTransfer (replica.cc:727):   [2] Sending state transfer from <0,228221> to <0,228221>
20230730-160745-0871 02962 * RequestStateTransfer (replica.cc:212):   [2] Requesting state transfer: <0,228222>
20230730-160745-0872 02962 * RequestStateTransfer (replica.cc:212):   [2] Requesting state transfer: <0,228223>
20230730-160745-0873 02962 * HandleRequestStateTransfer (replica.cc:727):   [2] Sending state transfer from <0,228222> to <0,228223>
20230730-160745-0874 02962 * HandleRequestStateTransfer (replica.cc:727):   [2] Sending state transfer from <0,228223> to <0,228224>
20230730-160745-0875 02962 * RequestStateTransfer (replica.cc:212):   [2] Requesting state transfer: <0,228225>
20230730-160745-0876 02962 * HandleRequestStateTransfer (replica.cc:727):   [2] Sending state transfer from <0,228225> to <0,228226>
20230730-160745-0877 02962 * RequestStateTransfer (replica.cc:212):   [2] Requesting state transfer: <0,228226>
20230730-160745-0877 02962 * HandleRequestStateTransfer (replica.cc:727):   [2] Sending state transfer from <0,228226> to <0,228226>
20230730-160745-0882 02962 * RequestStateTransfer (replica.cc:212):   [2] Requesting state transfer: <0,228231>
20230730-160745-0883 02962 * RequestStateTransfer (replica.cc:212):   [2] Requesting state transfer: <0,228232>
20230730-160745-0884 02962 * HandleRequestStateTransfer (replica.cc:727):   [2] Sending state transfer from <0,228231> to <0,228232>
20230730-160745-0885 02962 * HandleRequestStateTransfer (replica.cc:727):   [2] Sending state transfer from <0,228232> to <0,228233>
20230730-160745-8415 02962 ! releaseForRead  (lockserver.cc:293): [-1970042709306121561] Releasing unheld read lock: lKE02jy2l1QRPaRbqBznlSWXVNw52vRxZPIVifmwZKhzkyXtoFWOeaj3G8PtCMRq
20230730-160746-8403 02962 ! releaseForWrite (lockserver.cc:353): [-8041942175518291574] Releasing unheld write lock: QzuzpfIJ3YO7y81x8QKC7tXmjh6JFMtCUEUFuoVCerO6kLjmyrydr9wkepJoF4kZ
20230730-160746-8916 02962 ! releaseForWrite (lockserver.cc:353): [592811171175300055] Releasing unheld write lock: riMUE6vPh1xGosMg331L5BpanE4YsCTyn8sGKuZd7Y38rUuMO3AofuOQS7pi2HcI
20230730-160746-8916 02962 ! releaseForRead  (lockserver.cc:293): [592811171175300055] Releasing unheld read lock: 76Dptm5xrfSTV48GWt2XmLqjgZ01ItyeqDxoGiuI8nHH2doex7dLTikrOykS6d4L
20230730-160748-1122 02962 ! releaseForRead  (lockserver.cc:293): [-7031485897644131565] Releasing unheld read lock: ExBjjUckGLAp2Yw9TAP8KDcVKFuY0Nhr9VILZGtDklFTv9A2wdVFToc7wVLAq9zG
20230730-160748-1612 02962 ! releaseForWrite (lockserver.cc:353): [1197012051866970126] Releasing unheld write lock: t3SXV6KLJvdzThf1mZo6ThgtDocyLZ8HK3Ilnvq0XruJ7OnWfByvTKn6DnO6OBt6
20230730-160748-8758 02962 ! releaseForRead  (lockserver.cc:293): [4867092057835250051] Releasing unheld read lock: ExBjjUckGLAp2Yw9TAP8KDcVKFuY0Nhr9VILZGtDklFTv9A2wdVFToc7wVLAq9zG
20230730-160748-8776 02962 ! releaseForWrite (lockserver.cc:353): [-1629218770099311562] Releasing unheld write lock: zjCK2b5mBOtOXUjtKgSCSrKDzwI8N8oLZ0sAmgkJD1FfzHNPtwTq1xvyeZQTH2nB
20230730-160748-8776 02962 ! releaseForRead  (lockserver.cc:293): [-1629218770099311562] Releasing unheld read lock: ExBjjUckGLAp2Yw9TAP8KDcVKFuY0Nhr9VILZGtDklFTv9A2wdVFToc7wVLAq9zG
20230730-160749-8510 02962 * RequestStateTransfer (replica.cc:212):   [2] Requesting state transfer: <0,262172>
20230730-160749-8511 02962 * RequestStateTransfer (replica.cc:212):   [2] Requesting state transfer: <0,262174>
20230730-160749-8518 02962 * RequestStateTransfer (replica.cc:212):   [2] Requesting state transfer: <0,262176>
20230730-160749-8519 02962 * RequestStateTransfer (replica.cc:212):   [2] Requesting state transfer: <0,262178>
20230730-160749-8521 02962 * RequestStateTransfer (replica.cc:212):   [2] Requesting state transfer: <0,262191>
20230730-160749-8522 02962 * RequestStateTransfer (replica.cc:212):   [2] Requesting state transfer: <0,262192>
20230730-160749-8803 02962 ! OnReadable      (udptransport.cc:565): Failed to reconstruct packet fd
20230730-160749-9015 02962 * HandleRequestStateTransfer (replica.cc:727):   [2] Sending state transfer from <0,262144> to <0,262192>
20230730-160749-9016 02962 * SendMessageInternal (udptransport.cc:442): Sending large replication.vr.proto.StateTransferMessage message in 3 fragments
20230730-160749-9035 02962 ! releaseForWrite (lockserver.cc:353): [-4203968466583521456] Releasing unheld write lock: ExBjjUckGLAp2Yw9TAP8KDcVKFuY0Nhr9VILZGtDklFTv9A2wdVFToc7wVLAq9zG
20230730-160749-9040 02962 ! releaseForRead  (lockserver.cc:293): [1887369467421760054] Releasing unheld read lock: ExBjjUckGLAp2Yw9TAP8KDcVKFuY0Nhr9VILZGtDklFTv9A2wdVFToc7wVLAq9zG
20230730-160749-9047 02962 ! releaseForWrite (lockserver.cc:353): [4867092057835250052] Releasing unheld write lock: xXmSuRWltZZQQoMgqx0bmCBVX6lZUY9p49CRogtVHqx43WrAJ38MzITR9WRMrmXJ
20230730-160749-9047 02962 ! releaseForWrite (lockserver.cc:353): [4867092057835250052] Releasing unheld write lock: 4r0HV2XJuDxb2ZBZJCvNTOHca9jHk5Kz0balPbMb6PB9ueX8Ua51DCTQs3ABMQf5
20230730-160749-9047 02962 ! releaseForWrite (lockserver.cc:353): [4867092057835250052] Releasing unheld write lock: ExBjjUckGLAp2Yw9TAP8KDcVKFuY0Nhr9VILZGtDklFTv9A2wdVFToc7wVLAq9zG
20230730-160749-9047 02962 ! releaseForRead  (lockserver.cc:293): [4867092057835250052] Releasing unheld read lock: beGQKqiBhovMD1wT3xjcqvz4eVfqyxgaNkkaWlkYoy4Pve67BINB7Ijlt74I5eTE
20230730-160749-9081 02962 * HandleRequestStateTransfer (replica.cc:727):   [2] Sending state transfer from <0,262223> to <0,262272>
20230730-160749-9082 02962 * SendMessageInternal (udptransport.cc:442): Sending large replication.vr.proto.StateTransferMessage message in 2 fragments
20230730-160750-9878 02962 ! releaseForWrite (lockserver.cc:353): [-3180685422364941496] Releasing unheld write lock: ExBjjUckGLAp2Yw9TAP8KDcVKFuY0Nhr9VILZGtDklFTv9A2wdVFToc7wVLAq9zG
20230730-160751-0718 02962 ! releaseForWrite (lockserver.cc:353): [6373982430719070054] Releasing unheld write lock: hisDRyaPXUFP36QbYWuGo4WWldoAoEz3KOzuW39xfOa0QPIlowPOrXDd921teRjo
20230730-160751-0718 02962 ! releaseForRead  (lockserver.cc:293): [6373982430719070054] Releasing unheld read lock: ExBjjUckGLAp2Yw9TAP8KDcVKFuY0Nhr9VILZGtDklFTv9A2wdVFToc7wVLAq9zG
20230730-160751-0995 02962 * RequestStateTransfer (replica.cc:212):   [2] Requesting state transfer: <0,269923>
20230730-160751-1004 02962 * RequestStateTransfer (replica.cc:212):   [2] Requesting state transfer: <0,269925>
20230730-160751-1363 02962 ! releaseForWrite (lockserver.cc:353): [-1970042709306121551] Releasing unheld write lock: ExBjjUckGLAp2Yw9TAP8KDcVKFuY0Nhr9VILZGtDklFTv9A2wdVFToc7wVLAq9zG
20230730-160751-5670 02962 * RequestStateTransfer (replica.cc:212):   [2] Requesting state transfer: <0,273782>
20230730-160751-5672 02962 * RequestStateTransfer (replica.cc:212):   [2] Requesting state transfer: <0,273783>
20230730-160751-5675 02962 * RequestStateTransfer (replica.cc:212):   [2] Requesting state transfer: <0,273784>
20230730-160751-5676 02962 * RequestStateTransfer (replica.cc:212):   [2] Requesting state transfer: <0,273786>
20230730-160751-5678 02962 * RequestStateTransfer (replica.cc:212):   [2] Requesting state transfer: <0,273787>
20230730-160752-9189 02962 * RequestStateTransfer (replica.cc:212):   [2] Requesting state transfer: <0,284633>
20230730-160752-9191 02962 * RequestStateTransfer (replica.cc:212):   [2] Requesting state transfer: <0,284636>
20230730-160752-9191 02962 * HandleRequestStateTransfer (replica.cc:727):   [2] Sending state transfer from <0,284633> to <0,284636>
20230730-160752-9194 02962 * RequestStateTransfer (replica.cc:212):   [2] Requesting state transfer: <0,284637>
20230730-160752-9195 02962 * RequestStateTransfer (replica.cc:212):   [2] Requesting state transfer: <0,284638>
20230730-160752-9196 02962 * RequestStateTransfer (replica.cc:212):   [2] Requesting state transfer: <0,284639>
20230730-160752-9196 02962 * HandleRequestStateTransfer (replica.cc:727):   [2] Sending state transfer from <0,284636> to <0,284639>
20230730-160752-9197 02962 * HandleRequestStateTransfer (replica.cc:727):   [2] Sending state transfer from <0,284637> to <0,284640>
20230730-160752-9200 02962 * HandleRequestStateTransfer (replica.cc:727):   [2] Sending state transfer from <0,284638> to <0,284641>
20230730-160752-9202 02962 * HandleRequestStateTransfer (replica.cc:727):   [2] Sending state transfer from <0,284639> to <0,284641>
20230730-160752-9742 02962 * RequestStateTransfer (replica.cc:212):   [2] Requesting state transfer: <0,285177>
20230730-160752-9744 02962 * RequestStateTransfer (replica.cc:212):   [2] Requesting state transfer: <0,285178>
20230730-160752-9917 02962 * RequestStateTransfer (replica.cc:212):   [2] Requesting state transfer: <0,285345>
20230730-160752-9920 02962 * RequestStateTransfer (replica.cc:212):   [2] Requesting state transfer: <0,285347>
20230730-160752-9922 02962 * RequestStateTransfer (replica.cc:212):   [2] Requesting state transfer: <0,285348>
20230730-160752-9924 02962 * RequestStateTransfer (replica.cc:212):   [2] Requesting state transfer: <0,285349>
20230730-160752-9926 02962 * RequestStateTransfer (replica.cc:212):   [2] Requesting state transfer: <0,285350>
20230730-160753-0114 02962 * RequestStateTransfer (replica.cc:212):   [2] Requesting state transfer: <0,285518>
20230730-160753-8664 02962 * RequestStateTransfer (replica.cc:212):   [2] Requesting state transfer: <0,292201>
20230730-160753-8666 02962 * RequestStateTransfer (replica.cc:212):   [2] Requesting state transfer: <0,292203>
20230730-160753-8670 02962 * RequestStateTransfer (replica.cc:212):   [2] Requesting state transfer: <0,292204>
20230730-160753-8735 02962 * RequestStateTransfer (replica.cc:212):   [2] Requesting state transfer: <0,292242>
