20230730-160717-6622 02867 * HandleRequestStateTransfer (replica.cc:727):   [0] Sending state transfer from <0,16089> to <0,16100>
20230730-160717-6624 02867 * HandleRequestStateTransfer (replica.cc:727):   [0] Sending state transfer from <0,16090> to <0,16100>
20230730-160717-6626 02867 * HandleRequestStateTransfer (replica.cc:727):   [0] Sending state transfer from <0,16091> to <0,16102>
20230730-160717-6628 02867 * HandleRequestStateTransfer (replica.cc:727):   [0] Sending state transfer from <0,16093> to <0,16103>
20230730-160717-6861 02867 * HandleRequestStateTransfer (replica.cc:727):   [0] Sending state transfer from <0,16280> to <0,16290>
20230730-160717-8212 02867 * HandleRequestStateTransfer (replica.cc:727):   [0] Sending state transfer from <0,17234> to <0,17264>
20230730-160717-8213 02867 * SendMessageInternal (udptransport.cc:442): Sending large replication.vr.proto.StateTransferMessage message in 2 fragments
20230730-160717-8221 02867 * HandleRequestStateTransfer (replica.cc:727):   [0] Sending state transfer from <0,17262> to <0,17269>
20230730-160717-8222 02867 * HandleRequestStateTransfer (replica.cc:727):   [0] Sending state transfer from <0,17263> to <0,17270>
20230730-160719-3550 02867 * HandleRequestStateTransfer (replica.cc:727):   [0] Sending state transfer from <0,30396> to <0,30412>
20230730-160719-7333 02867 * HandleRequestStateTransfer (replica.cc:727):   [0] Sending state transfer from <0,33340> to <0,33354>
20230730-160719-7334 02867 * SendMessageInternal (udptransport.cc:442): Sending large replication.vr.proto.StateTransferMessage message in 2 fragments
20230730-160719-7335 02867 * HandleRequestStateTransfer (replica.cc:727):   [0] Sending state transfer from <0,33341> to <0,33355>
20230730-160719-7335 02867 * SendMessageInternal (udptransport.cc:442): Sending large replication.vr.proto.StateTransferMessage message in 2 fragments
20230730-160719-7336 02867 * HandleRequestStateTransfer (replica.cc:727):   [0] Sending state transfer from <0,33342> to <0,33355>
20230730-160719-7337 02867 * SendMessageInternal (udptransport.cc:442): Sending large replication.vr.proto.StateTransferMessage message in 2 fragments
20230730-160719-7338 02867 * HandleRequestStateTransfer (replica.cc:727):   [0] Sending state transfer from <0,33343> to <0,33355>
20230730-160719-7338 02867 * SendMessageInternal (udptransport.cc:442): Sending large replication.vr.proto.StateTransferMessage message in 2 fragments
20230730-160719-7340 02867 * HandleRequestStateTransfer (replica.cc:727):   [0] Sending state transfer from <0,33344> to <0,33355>
20230730-160719-7340 02867 * SendMessageInternal (udptransport.cc:442): Sending large replication.vr.proto.StateTransferMessage message in 2 fragments
20230730-160719-7341 02867 * HandleRequestStateTransfer (replica.cc:727):   [0] Sending state transfer from <0,33345> to <0,33355>
20230730-160719-7341 02867 * SendMessageInternal (udptransport.cc:442): Sending large replication.vr.proto.StateTransferMessage message in 2 fragments
20230730-160719-7343 02867 * HandleRequestStateTransfer (replica.cc:727):   [0] Sending state transfer from <0,33346> to <0,33355>
20230730-160719-7344 02867 * SendMessageInternal (udptransport.cc:442): Sending large replication.vr.proto.StateTransferMessage message in 2 fragments
20230730-160719-7346 02867 * HandleRequestStateTransfer (replica.cc:727):   [0] Sending state transfer from <0,33349> to <0,33355>
20230730-160719-7346 02867 * SendMessageInternal (udptransport.cc:442): Sending large replication.vr.proto.StateTransferMessage message in 2 fragments
20230730-160719-7349 02867 * HandleRequestStateTransfer (replica.cc:727):   [0] Sending state transfer from <0,33340> to <0,33355>
20230730-160719-7350 02867 * SendMessageInternal (udptransport.cc:442): Sending large replication.vr.proto.StateTransferMessage message in 2 fragments
20230730-160719-7351 02867 * HandleRequestStateTransfer (replica.cc:727):   [0] Sending state transfer from <0,33341> to <0,33355>
20230730-160719-7352 02867 * SendMessageInternal (udptransport.cc:442): Sending large replication.vr.proto.StateTransferMessage message in 2 fragments
20230730-160719-7352 02867 * HandleRequestStateTransfer (replica.cc:727):   [0] Sending state transfer from <0,33352> to <0,33355>
20230730-160719-7353 02867 * SendMessageInternal (udptransport.cc:442): Sending large replication.vr.proto.StateTransferMessage message in 2 fragments
20230730-160719-7353 02867 * HandleRequestStateTransfer (replica.cc:727):   [0] Sending state transfer from <0,33342> to <0,33355>
20230730-160719-7354 02867 * SendMessageInternal (udptransport.cc:442): Sending large replication.vr.proto.StateTransferMessage message in 2 fragments
20230730-160719-7355 02867 * HandleRequestStateTransfer (replica.cc:727):   [0] Sending state transfer from <0,33343> to <0,33355>
20230730-160719-7356 02867 * SendMessageInternal (udptransport.cc:442): Sending large replication.vr.proto.StateTransferMessage message in 2 fragments
20230730-160719-7358 02867 * HandleRequestStateTransfer (replica.cc:727):   [0] Sending state transfer from <0,33344> to <0,33355>
20230730-160719-7359 02867 * SendMessageInternal (udptransport.cc:442): Sending large replication.vr.proto.StateTransferMessage message in 2 fragments
20230730-160719-7361 02867 * HandleRequestStateTransfer (replica.cc:727):   [0] Sending state transfer from <0,33354> to <0,33355>
20230730-160719-7361 02867 * SendMessageInternal (udptransport.cc:442): Sending large replication.vr.proto.StateTransferMessage message in 2 fragments
20230730-160719-7362 02867 * HandleRequestStateTransfer (replica.cc:727):   [0] Sending state transfer from <0,33345> to <0,33355>
20230730-160719-7362 02867 * SendMessageInternal (udptransport.cc:442): Sending large replication.vr.proto.StateTransferMessage message in 2 fragments
20230730-160719-7363 02867 * HandleRequestStateTransfer (replica.cc:727):   [0] Sending state transfer from <0,33346> to <0,33355>
20230730-160719-7364 02867 * SendMessageInternal (udptransport.cc:442): Sending large replication.vr.proto.StateTransferMessage message in 2 fragments
20230730-160719-7365 02867 * HandleRequestStateTransfer (replica.cc:727):   [0] Sending state transfer from <0,33349> to <0,33355>
20230730-160719-7365 02867 * SendMessageInternal (udptransport.cc:442): Sending large replication.vr.proto.StateTransferMessage message in 2 fragments
20230730-160719-7374 02867 * HandleRequestStateTransfer (replica.cc:727):   [0] Sending state transfer from <0,33352> to <0,33371>
20230730-160719-7375 02867 * SendMessageInternal (udptransport.cc:442): Sending large replication.vr.proto.StateTransferMessage message in 2 fragments
20230730-160719-7377 02867 * HandleRequestStateTransfer (replica.cc:727):   [0] Sending state transfer from <0,33354> to <0,33372>
20230730-160719-7378 02867 * SendMessageInternal (udptransport.cc:442): Sending large replication.vr.proto.StateTransferMessage message in 2 fragments
20230730-160719-7379 02867 * HandleRequestStateTransfer (replica.cc:727):   [0] Sending state transfer from <0,33355> to <0,33373>
20230730-160719-7380 02867 * SendMessageInternal (udptransport.cc:442): Sending large replication.vr.proto.StateTransferMessage message in 2 fragments
20230730-160720-1515 02867 * HandleRequestStateTransfer (replica.cc:727):   [0] Sending state transfer from <0,36881> to <0,36891>
20230730-160720-1518 02867 * HandleRequestStateTransfer (replica.cc:727):   [0] Sending state transfer from <0,36883> to <0,36894>
20230730-160720-1522 02867 * HandleRequestStateTransfer (replica.cc:727):   [0] Sending state transfer from <0,36884> to <0,36898>
20230730-160720-1522 02867 * SendMessageInternal (udptransport.cc:442): Sending large replication.vr.proto.StateTransferMessage message in 2 fragments
20230730-160720-4221 02867 * HandleRequestStateTransfer (replica.cc:727):   [0] Sending state transfer from <0,39268> to <0,39278>
20230730-160720-4225 02867 * SendMessageInternal (udptransport.cc:442): Sending large replication.vr.proto.StateTransferMessage message in 2 fragments
20230730-160720-4228 02867 * HandleRequestStateTransfer (replica.cc:727):   [0] Sending state transfer from <0,39269> to <0,39281>
20230730-160720-4228 02867 * SendMessageInternal (udptransport.cc:442): Sending large replication.vr.proto.StateTransferMessage message in 2 fragments
20230730-160720-4229 02867 * HandleRequestStateTransfer (replica.cc:727):   [0] Sending state transfer from <0,39270> to <0,39282>
20230730-160720-4230 02867 * SendMessageInternal (udptransport.cc:442): Sending large replication.vr.proto.StateTransferMessage message in 2 fragments
20230730-160720-4235 02867 * HandleRequestStateTransfer (replica.cc:727):   [0] Sending state transfer from <0,39272> to <0,39287>
20230730-160720-4236 02867 * SendMessageInternal (udptransport.cc:442): Sending large replication.vr.proto.StateTransferMessage message in 2 fragments
20230730-160720-4240 02867 * HandleRequestStateTransfer (replica.cc:727):   [0] Sending state transfer from <0,39274> to <0,39293>
20230730-160720-4240 02867 * SendMessageInternal (udptransport.cc:442): Sending large replication.vr.proto.StateTransferMessage message in 2 fragments
20230730-160720-4242 02867 * HandleRequestStateTransfer (replica.cc:727):   [0] Sending state transfer from <0,39275> to <0,39295>
20230730-160720-4242 02867 * SendMessageInternal (udptransport.cc:442): Sending large replication.vr.proto.StateTransferMessage message in 2 fragments
20230730-160720-4244 02867 * HandleRequestStateTransfer (replica.cc:727):   [0] Sending state transfer from <0,39276> to <0,39297>
20230730-160720-4245 02867 * SendMessageInternal (udptransport.cc:442): Sending large replication.vr.proto.StateTransferMessage message in 2 fragments
20230730-160720-4247 02867 * HandleRequestStateTransfer (replica.cc:727):   [0] Sending state transfer from <0,39277> to <0,39299>
20230730-160720-4247 02867 * SendMessageInternal (udptransport.cc:442): Sending large replication.vr.proto.StateTransferMessage message in 2 fragments
20230730-160721-5403 02867 * HandleRequestStateTransfer (replica.cc:727):   [0] Sending state transfer from <0,48622> to <0,48625>
20230730-160721-5408 02867 * HandleRequestStateTransfer (replica.cc:727):   [0] Sending state transfer from <0,48624> to <0,48626>
20230730-160723-6325 02867 * HandleRequestStateTransfer (replica.cc:727):   [0] Sending state transfer from <0,65536> to <0,65560>
20230730-160723-6329 02867 * SendMessageInternal (udptransport.cc:442): Sending large replication.vr.proto.StateTransferMessage message in 2 fragments
20230730-160723-6336 02867 * HandleRequestStateTransfer (replica.cc:727):   [0] Sending state transfer from <0,65551> to <0,65561>
20230730-160723-6337 02867 * SendMessageInternal (udptransport.cc:442): Sending large replication.vr.proto.StateTransferMessage message in 2 fragments
20230730-160723-6338 02867 * HandleRequestStateTransfer (replica.cc:727):   [0] Sending state transfer from <0,65552> to <0,65561>
20230730-160723-6338 02867 * SendMessageInternal (udptransport.cc:442): Sending large replication.vr.proto.StateTransferMessage message in 2 fragments
20230730-160723-6339 02867 * HandleRequestStateTransfer (replica.cc:727):   [0] Sending state transfer from <0,65554> to <0,65561>
20230730-160723-6339 02867 * SendMessageInternal (udptransport.cc:442): Sending large replication.vr.proto.StateTransferMessage message in 2 fragments
20230730-160723-6340 02867 * HandleRequestStateTransfer (replica.cc:727):   [0] Sending state transfer from <0,65557> to <0,65561>
20230730-160723-6341 02867 * SendMessageInternal (udptransport.cc:442): Sending large replication.vr.proto.StateTransferMessage message in 2 fragments
20230730-160723-6341 02867 * HandleRequestStateTransfer (replica.cc:727):   [0] Sending state transfer from <0,65560> to <0,65561>
20230730-160723-6342 02867 * SendMessageInternal (udptransport.cc:442): Sending large replication.vr.proto.StateTransferMessage message in 2 fragments
20230730-160723-6350 02867 ! releaseForWrite (lockserver.cc:353): [4665823188030060015] Releasing unheld write lock: EnMYn9YXufYig2N4Wuz0wae961g12yJNhKRX8zYlCw4b3qu8LbrmkRNxTvbbBg42
20230730-160723-6369 02867 * HandleRequestStateTransfer (replica.cc:727):   [0] Sending state transfer from <0,65581> to <0,65602>
20230730-160723-6370 02867 * SendMessageInternal (udptransport.cc:442): Sending large replication.vr.proto.StateTransferMessage message in 2 fragments
20230730-160724-5213 02867 * HandleRequestStateTransfer (replica.cc:727):   [0] Sending state transfer from <0,72930> to <0,72996>
20230730-160724-5215 02867 * SendMessageInternal (udptransport.cc:442): Sending large replication.vr.proto.StateTransferMessage message in 4 fragments
20230730-160724-5218 02867 * ResendPrepare   (replica.cc:306):   [0] Resending prepare
20230730-160724-5245 02867 * HandleRequestStateTransfer (replica.cc:727):   [0] Sending state transfer from <0,73008> to <0,73033>
20230730-160724-5246 02867 * SendMessageInternal (udptransport.cc:442): Sending large replication.vr.proto.StateTransferMessage message in 2 fragments
20230730-160724-5249 02867 * HandleRequestStateTransfer (replica.cc:727):   [0] Sending state transfer from <0,73012> to <0,73035>
20230730-160724-5250 02867 * SendMessageInternal (udptransport.cc:442): Sending large replication.vr.proto.StateTransferMessage message in 2 fragments
20230730-160724-5251 02867 * HandleRequestStateTransfer (replica.cc:727):   [0] Sending state transfer from <0,73013> to <0,73035>
20230730-160724-5252 02867 * SendMessageInternal (udptransport.cc:442): Sending large replication.vr.proto.StateTransferMessage message in 2 fragments
20230730-160724-5262 02867 * HandleRequestStateTransfer (replica.cc:727):   [0] Sending state transfer from <0,73028> to <0,73043>
20230730-160724-5263 02867 * SendMessageInternal (udptransport.cc:442): Sending large replication.vr.proto.StateTransferMessage message in 2 fragments
20230730-160724-5265 02867 * HandleRequestStateTransfer (replica.cc:727):   [0] Sending state transfer from <0,73029> to <0,73045>
20230730-160724-5265 02867 * SendMessageInternal (udptransport.cc:442): Sending large replication.vr.proto.StateTransferMessage message in 2 fragments
20230730-160727-9636 02867 * HandleRequestStateTransfer (replica.cc:727):   [0] Sending state transfer from <0,102662> to <0,102694>
20230730-160727-9644 02867 * SendMessageInternal (udptransport.cc:442): Sending large replication.vr.proto.StateTransferMessage message in 2 fragments
20230730-160727-9648 02867 * HandleRequestStateTransfer (replica.cc:727):   [0] Sending state transfer from <0,102663> to <0,102695>
20230730-160727-9648 02867 * SendMessageInternal (udptransport.cc:442): Sending large replication.vr.proto.StateTransferMessage message in 2 fragments
20230730-160727-9649 02867 * HandleRequestStateTransfer (replica.cc:727):   [0] Sending state transfer from <0,102664> to <0,102695>
20230730-160727-9650 02867 * SendMessageInternal (udptransport.cc:442): Sending large replication.vr.proto.StateTransferMessage message in 2 fragments
20230730-160727-9651 02867 * HandleRequestStateTransfer (replica.cc:727):   [0] Sending state transfer from <0,102665> to <0,102695>
20230730-160727-9651 02867 * SendMessageInternal (udptransport.cc:442): Sending large replication.vr.proto.StateTransferMessage message in 2 fragments
20230730-160729-6574 02867 * HandleRequestStateTransfer (replica.cc:727):   [0] Sending state transfer from <0,117096> to <0,117103>
20230730-160729-7699 02867 ! releaseForWrite (lockserver.cc:353): [-2920861398016691591] Releasing unheld write lock: Vwy8IgBgk7rZkzVgzHN5166WbSy3hN3qqQDuxsVbv6hhIGIcIo2mj1YIKue3e4By
20230730-160729-7862 02867 ! releaseForWrite (lockserver.cc:353): [-175561465184961595] Releasing unheld write lock: Vwy8IgBgk7rZkzVgzHN5166WbSy3hN3qqQDuxsVbv6hhIGIcIo2mj1YIKue3e4By
20230730-160729-9129 02867 ! releaseForWrite (lockserver.cc:353): [8821369102548150020] Releasing unheld write lock: EnMYn9YXufYig2N4Wuz0wae961g12yJNhKRX8zYlCw4b3qu8LbrmkRNxTvbbBg42
20230730-160729-9129 02867 ! releaseForRead  (lockserver.cc:293): [8821369102548150020] Releasing unheld read lock: EnMYn9YXufYig2N4Wuz0wae961g12yJNhKRX8zYlCw4b3qu8LbrmkRNxTvbbBg42
20230730-160729-9246 02867 ! releaseForWrite (lockserver.cc:353): [8418753263267410071] Releasing unheld write lock: EnMYn9YXufYig2N4Wuz0wae961g12yJNhKRX8zYlCw4b3qu8LbrmkRNxTvbbBg42
20230730-160730-1322 02867 ! releaseForRead  (lockserver.cc:293): [4900365599775910026] Releasing unheld read lock: Vwy8IgBgk7rZkzVgzHN5166WbSy3hN3qqQDuxsVbv6hhIGIcIo2mj1YIKue3e4By
20230730-160730-1351 02867 ! releaseForRead  (lockserver.cc:293): [5317648313169480150] Releasing unheld read lock: Vwy8IgBgk7rZkzVgzHN5166WbSy3hN3qqQDuxsVbv6hhIGIcIo2mj1YIKue3e4By
20230730-160730-3033 02867 ! releaseForRead  (lockserver.cc:293): [5549468332678130080] Releasing unheld read lock: Vwy8IgBgk7rZkzVgzHN5166WbSy3hN3qqQDuxsVbv6hhIGIcIo2mj1YIKue3e4By
20230730-160730-8033 02867 ! releaseForRead  (lockserver.cc:293): [7639035759530020017] Releasing unheld read lock: Vwy8IgBgk7rZkzVgzHN5166WbSy3hN3qqQDuxsVbv6hhIGIcIo2mj1YIKue3e4By
20230730-160730-8952 02867 ! releaseForRead  (lockserver.cc:293): [3124448454063420080] Releasing unheld read lock: Vwy8IgBgk7rZkzVgzHN5166WbSy3hN3qqQDuxsVbv6hhIGIcIo2mj1YIKue3e4By
20230730-160731-0071 02867 ! releaseForRead  (lockserver.cc:293): [6435250438341460165] Releasing unheld read lock: Vwy8IgBgk7rZkzVgzHN5166WbSy3hN3qqQDuxsVbv6hhIGIcIo2mj1YIKue3e4By
20230730-160731-5186 02867 * ResendPrepare   (replica.cc:306):   [0] Resending prepare
20230730-160731-5719 02867 * HandleRequestStateTransfer (replica.cc:727):   [0] Sending state transfer from <0,131083> to <0,131119>
20230730-160731-5876 02867 * SendMessageInternal (udptransport.cc:442): Sending large replication.vr.proto.StateTransferMessage message in 2 fragments
20230730-160731-5877 02867 * HandleRequestStateTransfer (replica.cc:727):   [0] Sending state transfer from <0,131089> to <0,131119>
20230730-160731-5882 02867 * SendMessageInternal (udptransport.cc:442): Sending large replication.vr.proto.StateTransferMessage message in 2 fragments
20230730-160731-5883 02867 * HandleRequestStateTransfer (replica.cc:727):   [0] Sending state transfer from <0,131090> to <0,131119>
20230730-160731-5884 02867 * SendMessageInternal (udptransport.cc:442): Sending large replication.vr.proto.StateTransferMessage message in 2 fragments
20230730-160731-5885 02867 * HandleRequestStateTransfer (replica.cc:727):   [0] Sending state transfer from <0,131102> to <0,131119>
20230730-160731-5886 02867 * SendMessageInternal (udptransport.cc:442): Sending large replication.vr.proto.StateTransferMessage message in 2 fragments
20230730-160731-5891 02867 * HandleRequestStateTransfer (replica.cc:727):   [0] Sending state transfer from <0,131109> to <0,131119>
20230730-160731-5891 02867 * SendMessageInternal (udptransport.cc:442): Sending large replication.vr.proto.StateTransferMessage message in 2 fragments
20230730-160731-5896 02867 * HandleRequestStateTransfer (replica.cc:727):   [0] Sending state transfer from <0,131117> to <0,131119>
20230730-160731-5897 02867 * SendMessageInternal (udptransport.cc:442): Sending large replication.vr.proto.StateTransferMessage message in 2 fragments
20230730-160731-5898 02867 * HandleRequestStateTransfer (replica.cc:727):   [0] Sending state transfer from <0,131119> to <0,131119>
20230730-160731-5899 02867 * SendMessageInternal (udptransport.cc:442): Sending large replication.vr.proto.StateTransferMessage message in 2 fragments
20230730-160731-5904 02867 * HandleRequestStateTransfer (replica.cc:727):   [0] Sending state transfer from <0,131072> to <0,131119>
20230730-160731-5905 02867 * SendMessageInternal (udptransport.cc:442): Sending large replication.vr.proto.StateTransferMessage message in 3 fragments
20230730-160731-5907 02867 * HandleRequestStateTransfer (replica.cc:727):   [0] Sending state transfer from <0,131072> to <0,131119>
20230730-160731-5907 02867 * SendMessageInternal (udptransport.cc:442): Sending large replication.vr.proto.StateTransferMessage message in 3 fragments
20230730-160731-6061 02867 * HandleRequestStateTransfer (replica.cc:727):   [0] Sending state transfer from <0,131173> to <0,131200>
20230730-160731-6062 02867 * SendMessageInternal (udptransport.cc:442): Sending large replication.vr.proto.StateTransferMessage message in 2 fragments
20230730-160731-6063 02867 * HandleRequestStateTransfer (replica.cc:727):   [0] Sending state transfer from <0,131175> to <0,131200>
20230730-160731-6064 02867 * SendMessageInternal (udptransport.cc:442): Sending large replication.vr.proto.StateTransferMessage message in 2 fragments
20230730-160731-6070 02867 * HandleRequestStateTransfer (replica.cc:727):   [0] Sending state transfer from <0,131185> to <0,131206>
20230730-160731-6071 02867 * SendMessageInternal (udptransport.cc:442): Sending large replication.vr.proto.StateTransferMessage message in 2 fragments
20230730-160731-6073 02867 * HandleRequestStateTransfer (replica.cc:727):   [0] Sending state transfer from <0,131189> to <0,131206>
20230730-160731-6073 02867 * SendMessageInternal (udptransport.cc:442): Sending large replication.vr.proto.StateTransferMessage message in 2 fragments
20230730-160733-4070 02867 * ResendPrepare   (replica.cc:306):   [0] Resending prepare
20230730-160734-2599 02867 * HandleRequestStateTransfer (replica.cc:727):   [0] Sending state transfer from <0,153548> to <0,153596>
20230730-160734-2616 02867 * SendMessageInternal (udptransport.cc:442): Sending large replication.vr.proto.StateTransferMessage message in 2 fragments
20230730-160734-2625 02867 * HandleRequestStateTransfer (replica.cc:727):   [0] Sending state transfer from <0,153595> to <0,153598>
20230730-160734-4457 02867 * HandleRequestStateTransfer (replica.cc:727):   [0] Sending state transfer from <0,155091> to <0,155098>
20230730-160734-4462 02867 * HandleRequestStateTransfer (replica.cc:727):   [0] Sending state transfer from <0,155093> to <0,155098>
20230730-160734-4465 02867 * HandleRequestStateTransfer (replica.cc:727):   [0] Sending state transfer from <0,155094> to <0,155101>
20230730-160734-4466 02867 * HandleRequestStateTransfer (replica.cc:727):   [0] Sending state transfer from <0,155095> to <0,155102>
20230730-160734-5961 02867 ! releaseForRead  (lockserver.cc:293): [-5081654106165981586] Releasing unheld read lock: Vwy8IgBgk7rZkzVgzHN5166WbSy3hN3qqQDuxsVbv6hhIGIcIo2mj1YIKue3e4By
20230730-160734-8128 02867 * HandleRequestStateTransfer (replica.cc:727):   [0] Sending state transfer from <0,158261> to <0,158277>
20230730-160734-8136 02867 * SendMessageInternal (udptransport.cc:442): Sending large replication.vr.proto.StateTransferMessage message in 2 fragments
20230730-160734-8731 02867 * HandleRequestStateTransfer (replica.cc:727):   [0] Sending state transfer from <0,158839> to <0,158855>
20230730-160734-8732 02867 * SendMessageInternal (udptransport.cc:442): Sending large replication.vr.proto.StateTransferMessage message in 2 fragments
20230730-160734-8733 02867 * HandleRequestStateTransfer (replica.cc:727):   [0] Sending state transfer from <0,158839> to <0,158855>
20230730-160734-8733 02867 * SendMessageInternal (udptransport.cc:442): Sending large replication.vr.proto.StateTransferMessage message in 2 fragments
20230730-160734-8734 02867 * HandleRequestStateTransfer (replica.cc:727):   [0] Sending state transfer from <0,158840> to <0,158856>
20230730-160734-8734 02867 * SendMessageInternal (udptransport.cc:442): Sending large replication.vr.proto.StateTransferMessage message in 2 fragments
20230730-160734-8735 02867 * HandleRequestStateTransfer (replica.cc:727):   [0] Sending state transfer from <0,158840> to <0,158856>
20230730-160734-8735 02867 * SendMessageInternal (udptransport.cc:442): Sending large replication.vr.proto.StateTransferMessage message in 2 fragments
20230730-160734-8739 02867 * HandleRequestStateTransfer (replica.cc:727):   [0] Sending state transfer from <0,158846> to <0,158856>
20230730-160734-8739 02867 * SendMessageInternal (udptransport.cc:442): Sending large replication.vr.proto.StateTransferMessage message in 2 fragments
20230730-160734-8740 02867 * HandleRequestStateTransfer (replica.cc:727):   [0] Sending state transfer from <0,158846> to <0,158856>
20230730-160734-8740 02867 * SendMessageInternal (udptransport.cc:442): Sending large replication.vr.proto.StateTransferMessage message in 2 fragments
20230730-160734-8741 02867 * HandleRequestStateTransfer (replica.cc:727):   [0] Sending state transfer from <0,158848> to <0,158856>
20230730-160734-8741 02867 * SendMessageInternal (udptransport.cc:442): Sending large replication.vr.proto.StateTransferMessage message in 2 fragments
20230730-160734-8742 02867 * HandleRequestStateTransfer (replica.cc:727):   [0] Sending state transfer from <0,158848> to <0,158856>
20230730-160734-8742 02867 * SendMessageInternal (udptransport.cc:442): Sending large replication.vr.proto.StateTransferMessage message in 2 fragments
20230730-160734-8744 02867 * HandleRequestStateTransfer (replica.cc:727):   [0] Sending state transfer from <0,158850> to <0,158856>
20230730-160734-8744 02867 * SendMessageInternal (udptransport.cc:442): Sending large replication.vr.proto.StateTransferMessage message in 2 fragments
20230730-160734-8744 02867 * HandleRequestStateTransfer (replica.cc:727):   [0] Sending state transfer from <0,158850> to <0,158856>
20230730-160734-8744 02867 * SendMessageInternal (udptransport.cc:442): Sending large replication.vr.proto.StateTransferMessage message in 2 fragments
20230730-160734-8745 02867 * HandleRequestStateTransfer (replica.cc:727):   [0] Sending state transfer from <0,158851> to <0,158856>
20230730-160734-8746 02867 * SendMessageInternal (udptransport.cc:442): Sending large replication.vr.proto.StateTransferMessage message in 2 fragments
20230730-160734-8746 02867 * HandleRequestStateTransfer (replica.cc:727):   [0] Sending state transfer from <0,158851> to <0,158856>
20230730-160734-8747 02867 * SendMessageInternal (udptransport.cc:442): Sending large replication.vr.proto.StateTransferMessage message in 2 fragments
20230730-160734-8747 02867 * HandleRequestStateTransfer (replica.cc:727):   [0] Sending state transfer from <0,158852> to <0,158856>
20230730-160734-8747 02867 * SendMessageInternal (udptransport.cc:442): Sending large replication.vr.proto.StateTransferMessage message in 2 fragments
20230730-160734-8749 02867 * HandleRequestStateTransfer (replica.cc:727):   [0] Sending state transfer from <0,158852> to <0,158856>
20230730-160734-8749 02867 * SendMessageInternal (udptransport.cc:442): Sending large replication.vr.proto.StateTransferMessage message in 2 fragments
20230730-160734-8749 02867 * HandleRequestStateTransfer (replica.cc:727):   [0] Sending state transfer from <0,158853> to <0,158856>
20230730-160734-8749 02867 * SendMessageInternal (udptransport.cc:442): Sending large replication.vr.proto.StateTransferMessage message in 2 fragments
20230730-160734-8750 02867 * HandleRequestStateTransfer (replica.cc:727):   [0] Sending state transfer from <0,158854> to <0,158856>
20230730-160734-8751 02867 * SendMessageInternal (udptransport.cc:442): Sending large replication.vr.proto.StateTransferMessage message in 2 fragments
20230730-160734-8751 02867 * HandleRequestStateTransfer (replica.cc:727):   [0] Sending state transfer from <0,158853> to <0,158856>
20230730-160734-8751 02867 * SendMessageInternal (udptransport.cc:442): Sending large replication.vr.proto.StateTransferMessage message in 2 fragments
20230730-160734-8752 02867 * HandleRequestStateTransfer (replica.cc:727):   [0] Sending state transfer from <0,158855> to <0,158856>
20230730-160734-8752 02867 * SendMessageInternal (udptransport.cc:442): Sending large replication.vr.proto.StateTransferMessage message in 2 fragments
20230730-160734-8753 02867 * HandleRequestStateTransfer (replica.cc:727):   [0] Sending state transfer from <0,158854> to <0,158856>
20230730-160734-8753 02867 * SendMessageInternal (udptransport.cc:442): Sending large replication.vr.proto.StateTransferMessage message in 2 fragments
20230730-160734-8753 02867 * HandleRequestStateTransfer (replica.cc:727):   [0] Sending state transfer from <0,158855> to <0,158856>
20230730-160734-8754 02867 * SendMessageInternal (udptransport.cc:442): Sending large replication.vr.proto.StateTransferMessage message in 2 fragments
20230730-160735-1435 02867 * HandleRequestStateTransfer (replica.cc:727):   [0] Sending state transfer from <0,161118> to <0,161160>
20230730-160735-1439 02867 * SendMessageInternal (udptransport.cc:442): Sending large replication.vr.proto.StateTransferMessage message in 3 fragments
20230730-160735-1834 02867 * HandleRequestStateTransfer (replica.cc:727):   [0] Sending state transfer from <0,161506> to <0,161567>
20230730-160735-1836 02867 * SendMessageInternal (udptransport.cc:442): Sending large replication.vr.proto.StateTransferMessage message in 3 fragments
20230730-160735-1850 02867 * HandleRequestStateTransfer (replica.cc:727):   [0] Sending state transfer from <0,161562> to <0,161578>
20230730-160735-1851 02867 * HandleRequestStateTransfer (replica.cc:727):   [0] Sending state transfer from <0,161565> to <0,161579>
20230730-160735-1853 02867 * HandleRequestStateTransfer (replica.cc:727):   [0] Sending state transfer from <0,161567> to <0,161581>
20230730-160735-1854 02867 * HandleRequestStateTransfer (replica.cc:727):   [0] Sending state transfer from <0,161568> to <0,161581>
20230730-160735-1859 02867 * HandleRequestStateTransfer (replica.cc:727):   [0] Sending state transfer from <0,161575> to <0,161584>
20230730-160735-1862 02867 * HandleRequestStateTransfer (replica.cc:727):   [0] Sending state transfer from <0,161578> to <0,161585>
20230730-160735-4436 02867 * HandleRequestStateTransfer (replica.cc:727):   [0] Sending state transfer from <0,163914> to <0,163934>
20230730-160735-4439 02867 * SendMessageInternal (udptransport.cc:442): Sending large replication.vr.proto.StateTransferMessage message in 2 fragments
20230730-160735-4441 02867 * HandleRequestStateTransfer (replica.cc:727):   [0] Sending state transfer from <0,163917> to <0,163934>
20230730-160735-4441 02867 * SendMessageInternal (udptransport.cc:442): Sending large replication.vr.proto.StateTransferMessage message in 2 fragments
20230730-160735-4442 02867 * HandleRequestStateTransfer (replica.cc:727):   [0] Sending state transfer from <0,163918> to <0,163935>
20230730-160735-4443 02867 * SendMessageInternal (udptransport.cc:442): Sending large replication.vr.proto.StateTransferMessage message in 2 fragments
20230730-160735-4443 02867 * HandleRequestStateTransfer (replica.cc:727):   [0] Sending state transfer from <0,163919> to <0,163935>
20230730-160735-4444 02867 * SendMessageInternal (udptransport.cc:442): Sending large replication.vr.proto.StateTransferMessage message in 2 fragments
20230730-160735-4445 02867 * HandleRequestStateTransfer (replica.cc:727):   [0] Sending state transfer from <0,163920> to <0,163936>
20230730-160735-4446 02867 * SendMessageInternal (udptransport.cc:442): Sending large replication.vr.proto.StateTransferMessage message in 2 fragments
20230730-160735-4448 02867 * HandleRequestStateTransfer (replica.cc:727):   [0] Sending state transfer from <0,163921> to <0,163937>
20230730-160735-4448 02867 * SendMessageInternal (udptransport.cc:442): Sending large replication.vr.proto.StateTransferMessage message in 2 fragments
20230730-160735-4452 02867 * HandleRequestStateTransfer (replica.cc:727):   [0] Sending state transfer from <0,163923> to <0,163939>
20230730-160735-4452 02867 * SendMessageInternal (udptransport.cc:442): Sending large replication.vr.proto.StateTransferMessage message in 2 fragments
20230730-160735-7791 02867 * HandleRequestStateTransfer (replica.cc:727):   [0] Sending state transfer from <0,166919> to <0,166930>
20230730-160735-9409 02867 ! releaseForRead  (lockserver.cc:293): [1844070160724150097] Releasing unheld read lock: 9nOslcsop3c6sOQNfYale8t7dAkXjqtp3ODNOfm6X17Kik6af1cUhm8IGO4OBZ0s
20230730-160736-2855 02867 ! releaseForWrite (lockserver.cc:353): [-86256678346911569] Releasing unheld write lock: Vwy8IgBgk7rZkzVgzHN5166WbSy3hN3qqQDuxsVbv6hhIGIcIo2mj1YIKue3e4By
20230730-160736-7610 02867 * HandleRequestStateTransfer (replica.cc:727):   [0] Sending state transfer from <0,175239> to <0,175245>
20230730-160736-7614 02867 * HandleRequestStateTransfer (replica.cc:727):   [0] Sending state transfer from <0,175241> to <0,175247>
20230730-160736-7938 02867 * HandleRequestStateTransfer (replica.cc:727):   [0] Sending state transfer from <0,175532> to <0,175538>
20230730-160737-4147 02867 * HandleRequestStateTransfer (replica.cc:727):   [0] Sending state transfer from <0,180988> to <0,180993>
20230730-160737-4155 02867 * HandleRequestStateTransfer (replica.cc:727):   [0] Sending state transfer from <0,180989> to <0,180999>
20230730-160738-5315 02867 * HandleRequestStateTransfer (replica.cc:727):   [0] Sending state transfer from <0,190392> to <0,190396>
20230730-160739-0190 02867 * HandleRequestStateTransfer (replica.cc:727):   [0] Sending state transfer from <0,194548> to <0,194556>
20230730-160739-0190 02867 * SendMessageInternal (udptransport.cc:442): Sending large replication.vr.proto.StateTransferMessage message in 2 fragments
20230730-160739-0191 02867 * HandleRequestStateTransfer (replica.cc:727):   [0] Sending state transfer from <0,194549> to <0,194556>
20230730-160739-0192 02867 * SendMessageInternal (udptransport.cc:442): Sending large replication.vr.proto.StateTransferMessage message in 2 fragments
20230730-160739-1877 02867 * HandleRequestStateTransfer (replica.cc:727):   [0] Sending state transfer from <0,196051> to <0,196054>
20230730-160739-1877 02867 * HandleRequestStateTransfer (replica.cc:727):   [0] Sending state transfer from <0,196053> to <0,196054>
20230730-160739-2796 02867 * HandleRequestStateTransfer (replica.cc:727):   [0] Sending state transfer from <0,196820> to <0,196832>
20230730-160739-2797 02867 * HandleRequestStateTransfer (replica.cc:727):   [0] Sending state transfer from <0,196820> to <0,196832>
20230730-160739-2798 02867 * HandleRequestStateTransfer (replica.cc:727):   [0] Sending state transfer from <0,196821> to <0,196833>
20230730-160739-2799 02867 * HandleRequestStateTransfer (replica.cc:727):   [0] Sending state transfer from <0,196821> to <0,196833>
20230730-160739-2800 02867 * HandleRequestStateTransfer (replica.cc:727):   [0] Sending state transfer from <0,196823> to <0,196833>
20230730-160739-2800 02867 * HandleRequestStateTransfer (replica.cc:727):   [0] Sending state transfer from <0,196823> to <0,196833>
20230730-160739-2801 02867 * HandleRequestStateTransfer (replica.cc:727):   [0] Sending state transfer from <0,196824> to <0,196833>
20230730-160739-2801 02867 * HandleRequestStateTransfer (replica.cc:727):   [0] Sending state transfer from <0,196824> to <0,196833>
20230730-160739-2802 02867 * HandleRequestStateTransfer (replica.cc:727):   [0] Sending state transfer from <0,196826> to <0,196833>
20230730-160739-2802 02867 * HandleRequestStateTransfer (replica.cc:727):   [0] Sending state transfer from <0,196826> to <0,196833>
20230730-160739-2802 02867 * HandleRequestStateTransfer (replica.cc:727):   [0] Sending state transfer from <0,196827> to <0,196833>
20230730-160739-2803 02867 * HandleRequestStateTransfer (replica.cc:727):   [0] Sending state transfer from <0,196827> to <0,196833>
20230730-160739-2804 02867 * HandleRequestStateTransfer (replica.cc:727):   [0] Sending state transfer from <0,196832> to <0,196833>
20230730-160739-2805 02867 * HandleRequestStateTransfer (replica.cc:727):   [0] Sending state transfer from <0,196832> to <0,196833>
20230730-160739-7146 02867 * HandleRequestStateTransfer (replica.cc:727):   [0] Sending state transfer from <0,200678> to <0,200678>
20230730-160740-3835 02867 * HandleRequestStateTransfer (replica.cc:727):   [0] Sending state transfer from <0,205705> to <0,205706>
20230730-160740-3843 02867 * HandleRequestStateTransfer (replica.cc:727):   [0] Sending state transfer from <0,205705> to <0,205706>
20230730-160740-3844 02867 * HandleRequestStateTransfer (replica.cc:727):   [0] Sending state transfer from <0,205706> to <0,205707>
20230730-160740-3846 02867 * HandleRequestStateTransfer (replica.cc:727):   [0] Sending state transfer from <0,205706> to <0,205707>
20230730-160740-6477 02867 * HandleRequestStateTransfer (replica.cc:727):   [0] Sending state transfer from <0,207731> to <0,207779>
20230730-160740-6479 02867 * SendMessageInternal (udptransport.cc:442): Sending large replication.vr.proto.StateTransferMessage message in 3 fragments
20230730-160740-6481 02867 * HandleRequestStateTransfer (replica.cc:727):   [0] Sending state transfer from <0,207743> to <0,207779>
20230730-160740-6482 02867 * SendMessageInternal (udptransport.cc:442): Sending large replication.vr.proto.StateTransferMessage message in 3 fragments
20230730-160740-6484 02867 * HandleRequestStateTransfer (replica.cc:727):   [0] Sending state transfer from <0,207744> to <0,207779>
20230730-160740-6484 02867 * SendMessageInternal (udptransport.cc:442): Sending large replication.vr.proto.StateTransferMessage message in 3 fragments
20230730-160740-6494 02867 * HandleRequestStateTransfer (replica.cc:727):   [0] Sending state transfer from <0,207765> to <0,207786>
20230730-160740-6495 02867 * SendMessageInternal (udptransport.cc:442): Sending large replication.vr.proto.StateTransferMessage message in 2 fragments
20230730-160740-6496 02867 * HandleRequestStateTransfer (replica.cc:727):   [0] Sending state transfer from <0,207767> to <0,207787>
20230730-160740-6497 02867 * SendMessageInternal (udptransport.cc:442): Sending large replication.vr.proto.StateTransferMessage message in 2 fragments
20230730-160740-6498 02867 * HandleRequestStateTransfer (replica.cc:727):   [0] Sending state transfer from <0,207769> to <0,207787>
20230730-160740-6498 02867 * SendMessageInternal (udptransport.cc:442): Sending large replication.vr.proto.StateTransferMessage message in 2 fragments
20230730-160740-6499 02867 * HandleRequestStateTransfer (replica.cc:727):   [0] Sending state transfer from <0,207770> to <0,207787>
20230730-160740-6499 02867 * SendMessageInternal (udptransport.cc:442): Sending large replication.vr.proto.StateTransferMessage message in 2 fragments
20230730-160740-6501 02867 * HandleRequestStateTransfer (replica.cc:727):   [0] Sending state transfer from <0,207772> to <0,207788>
20230730-160740-6501 02867 * SendMessageInternal (udptransport.cc:442): Sending large replication.vr.proto.StateTransferMessage message in 2 fragments
20230730-160741-8549 02867 ! releaseForWrite (lockserver.cc:353): [1244883729846860045] Releasing unheld write lock: Vwy8IgBgk7rZkzVgzHN5166WbSy3hN3qqQDuxsVbv6hhIGIcIo2mj1YIKue3e4By
20230730-160741-8944 02867 * HandleRequestStateTransfer (replica.cc:727):   [0] Sending state transfer from <0,217807> to <0,217821>
20230730-160741-8949 02867 * HandleRequestStateTransfer (replica.cc:727):   [0] Sending state transfer from <0,217808> to <0,217822>
20230730-160742-0169 02867 ! releaseForRead  (lockserver.cc:293): [-3734032351215311575] Releasing unheld read lock: RkXnDjWzijleJQDebssFZABip7bhYU3RUwC0DMvvJCYzLxICStQvSDrzgN9fwphw
20230730-160744-3932 02867 ! releaseForRead  (lockserver.cc:293): [-8266493555298731439] Releasing unheld read lock: TP1aheZ3wRaOjPRJ7ryA14eKYfpKGFVG44nFZXP8HMhsvEEfgiLLjJ72OxLb9rve
20230730-160744-7710 02867 ! releaseForWrite (lockserver.cc:353): [-6112169038485001572] Releasing unheld write lock: Vwy8IgBgk7rZkzVgzHN5166WbSy3hN3qqQDuxsVbv6hhIGIcIo2mj1YIKue3e4By
20230730-160745-0284 02867 ! releaseForRead  (lockserver.cc:293): [7645195587892780186] Releasing unheld read lock: 9nOslcsop3c6sOQNfYale8t7dAkXjqtp3ODNOfm6X17Kik6af1cUhm8IGO4OBZ0s
20230730-160745-3206 02867 * HandleRequestStateTransfer (replica.cc:727):   [0] Sending state transfer from <0,246017> to <0,246019>
20230730-160745-3207 02867 * HandleRequestStateTransfer (replica.cc:727):   [0] Sending state transfer from <0,246017> to <0,246019>
20230730-160745-3209 02867 * HandleRequestStateTransfer (replica.cc:727):   [0] Sending state transfer from <0,246019> to <0,246020>
20230730-160745-3211 02867 * HandleRequestStateTransfer (replica.cc:727):   [0] Sending state transfer from <0,246019> to <0,246020>
20230730-160745-8035 02867 ! releaseForWrite (lockserver.cc:353): [-4710972069399911573] Releasing unheld write lock: 9nOslcsop3c6sOQNfYale8t7dAkXjqtp3ODNOfm6X17Kik6af1cUhm8IGO4OBZ0s
20230730-160746-1254 02867 * HandleRequestStateTransfer (replica.cc:727):   [0] Sending state transfer from <0,252452> to <0,252462>
20230730-160746-1256 02867 * HandleRequestStateTransfer (replica.cc:727):   [0] Sending state transfer from <0,252453> to <0,252463>
20230730-160746-3995 02867 * HandleRequestStateTransfer (replica.cc:727):   [0] Sending state transfer from <0,254667> to <0,254678>
20230730-160746-3996 02867 * SendMessageInternal (udptransport.cc:442): Sending large replication.vr.proto.StateTransferMessage message in 2 fragments
20230730-160746-3997 02867 * HandleRequestStateTransfer (replica.cc:727):   [0] Sending state transfer from <0,254667> to <0,254678>
20230730-160746-3997 02867 * SendMessageInternal (udptransport.cc:442): Sending large replication.vr.proto.StateTransferMessage message in 2 fragments
20230730-160746-3999 02867 * HandleRequestStateTransfer (replica.cc:727):   [0] Sending state transfer from <0,254669> to <0,254679>
20230730-160746-4000 02867 * SendMessageInternal (udptransport.cc:442): Sending large replication.vr.proto.StateTransferMessage message in 2 fragments
20230730-160746-4000 02867 * HandleRequestStateTransfer (replica.cc:727):   [0] Sending state transfer from <0,254669> to <0,254679>
20230730-160746-4000 02867 * SendMessageInternal (udptransport.cc:442): Sending large replication.vr.proto.StateTransferMessage message in 2 fragments
20230730-160746-4001 02867 * HandleRequestStateTransfer (replica.cc:727):   [0] Sending state transfer from <0,254670> to <0,254679>
20230730-160746-4002 02867 * SendMessageInternal (udptransport.cc:442): Sending large replication.vr.proto.StateTransferMessage message in 2 fragments
20230730-160746-4003 02867 * HandleRequestStateTransfer (replica.cc:727):   [0] Sending state transfer from <0,254670> to <0,254679>
20230730-160746-4003 02867 * SendMessageInternal (udptransport.cc:442): Sending large replication.vr.proto.StateTransferMessage message in 2 fragments
20230730-160746-4004 02867 * HandleRequestStateTransfer (replica.cc:727):   [0] Sending state transfer from <0,254671> to <0,254679>
20230730-160746-4005 02867 * SendMessageInternal (udptransport.cc:442): Sending large replication.vr.proto.StateTransferMessage message in 2 fragments
20230730-160746-4006 02867 * HandleRequestStateTransfer (replica.cc:727):   [0] Sending state transfer from <0,254671> to <0,254679>
20230730-160746-4006 02867 * SendMessageInternal (udptransport.cc:442): Sending large replication.vr.proto.StateTransferMessage message in 2 fragments
20230730-160746-4007 02867 * HandleRequestStateTransfer (replica.cc:727):   [0] Sending state transfer from <0,254672> to <0,254679>
20230730-160746-4008 02867 * SendMessageInternal (udptransport.cc:442): Sending large replication.vr.proto.StateTransferMessage message in 2 fragments
20230730-160746-4009 02867 * HandleRequestStateTransfer (replica.cc:727):   [0] Sending state transfer from <0,254672> to <0,254679>
20230730-160746-4010 02867 * SendMessageInternal (udptransport.cc:442): Sending large replication.vr.proto.StateTransferMessage message in 2 fragments
20230730-160746-4011 02867 * HandleRequestStateTransfer (replica.cc:727):   [0] Sending state transfer from <0,254674> to <0,254679>
20230730-160746-4012 02867 * SendMessageInternal (udptransport.cc:442): Sending large replication.vr.proto.StateTransferMessage message in 2 fragments
20230730-160746-4013 02867 * HandleRequestStateTransfer (replica.cc:727):   [0] Sending state transfer from <0,254674> to <0,254679>
20230730-160746-4013 02867 * SendMessageInternal (udptransport.cc:442): Sending large replication.vr.proto.StateTransferMessage message in 2 fragments
20230730-160746-4015 02867 * HandleRequestStateTransfer (replica.cc:727):   [0] Sending state transfer from <0,254676> to <0,254679>
20230730-160746-4015 02867 * SendMessageInternal (udptransport.cc:442): Sending large replication.vr.proto.StateTransferMessage message in 2 fragments
20230730-160746-4016 02867 * HandleRequestStateTransfer (replica.cc:727):   [0] Sending state transfer from <0,254676> to <0,254679>
20230730-160746-4017 02867 * SendMessageInternal (udptransport.cc:442): Sending large replication.vr.proto.StateTransferMessage message in 2 fragments
20230730-160746-4017 02867 * HandleRequestStateTransfer (replica.cc:727):   [0] Sending state transfer from <0,254677> to <0,254679>
20230730-160746-4017 02867 * SendMessageInternal (udptransport.cc:442): Sending large replication.vr.proto.StateTransferMessage message in 2 fragments
20230730-160746-4018 02867 * HandleRequestStateTransfer (replica.cc:727):   [0] Sending state transfer from <0,254677> to <0,254679>
20230730-160746-4018 02867 * SendMessageInternal (udptransport.cc:442): Sending large replication.vr.proto.StateTransferMessage message in 2 fragments
20230730-160746-4019 02867 * HandleRequestStateTransfer (replica.cc:727):   [0] Sending state transfer from <0,254678> to <0,254679>
20230730-160746-4019 02867 * SendMessageInternal (udptransport.cc:442): Sending large replication.vr.proto.StateTransferMessage message in 2 fragments
20230730-160746-4021 02867 * HandleRequestStateTransfer (replica.cc:727):   [0] Sending state transfer from <0,254678> to <0,254679>
20230730-160746-4021 02867 * SendMessageInternal (udptransport.cc:442): Sending large replication.vr.proto.StateTransferMessage message in 2 fragments
20230730-160746-8208 02867 ! releaseForWrite (lockserver.cc:353): [-8674781487554461572] Releasing unheld write lock: Vwy8IgBgk7rZkzVgzHN5166WbSy3hN3qqQDuxsVbv6hhIGIcIo2mj1YIKue3e4By
20230730-160746-8675 02867 ! releaseForRead  (lockserver.cc:293): [7639035759530020042] Releasing unheld read lock: Vwy8IgBgk7rZkzVgzHN5166WbSy3hN3qqQDuxsVbv6hhIGIcIo2mj1YIKue3e4By
20230730-160746-8677 02867 ! releaseForWrite (lockserver.cc:353): [-3796219435061621575] Releasing unheld write lock: Vwy8IgBgk7rZkzVgzHN5166WbSy3hN3qqQDuxsVbv6hhIGIcIo2mj1YIKue3e4By
20230730-160746-8678 02867 ! releaseForWrite (lockserver.cc:353): [8821369102548150052] Releasing unheld write lock: PFTuqtLapDDXIOVSw2g263QPXr4xQDlKZDwO6re2J9zn9JlS7BMTmqxXm1cce1gt
20230730-160747-0107 02867 ! releaseForRead  (lockserver.cc:293): [7306900812714100101] Releasing unheld read lock: Vwy8IgBgk7rZkzVgzHN5166WbSy3hN3qqQDuxsVbv6hhIGIcIo2mj1YIKue3e4By
20230730-160747-0417 02867 ! releaseForRead  (lockserver.cc:293): [-7377376190639931467] Releasing unheld read lock: PFTuqtLapDDXIOVSw2g263QPXr4xQDlKZDwO6re2J9zn9JlS7BMTmqxXm1cce1gt
20230730-160747-1736 02867 ! releaseForWrite (lockserver.cc:353): [-2472896732960451403] Releasing unheld write lock: RkXnDjWzijleJQDebssFZABip7bhYU3RUwC0DMvvJCYzLxICStQvSDrzgN9fwphw
20230730-160747-6924 02867 ! releaseForRead  (lockserver.cc:293): [7653064813318670041] Releasing unheld read lock: Vwy8IgBgk7rZkzVgzHN5166WbSy3hN3qqQDuxsVbv6hhIGIcIo2mj1YIKue3e4By
20230730-160747-6931 02867 * HandleRequestStateTransfer (replica.cc:727):   [0] Sending state transfer from <0,262165> to <0,262182>
20230730-160747-7182 02867 * SendMessageInternal (udptransport.cc:442): Sending large replication.vr.proto.StateTransferMessage message in 2 fragments
20230730-160747-7183 02867 * HandleRequestStateTransfer (replica.cc:727):   [0] Sending state transfer from <0,262170> to <0,262182>
20230730-160747-7227 02867 * SendMessageInternal (udptransport.cc:442): Sending large replication.vr.proto.StateTransferMessage message in 2 fragments
20230730-160747-7229 02867 * HandleRequestStateTransfer (replica.cc:727):   [0] Sending state transfer from <0,262171> to <0,262182>
20230730-160747-7229 02867 * SendMessageInternal (udptransport.cc:442): Sending large replication.vr.proto.StateTransferMessage message in 2 fragments
20230730-160747-7231 02867 * HandleRequestStateTransfer (replica.cc:727):   [0] Sending state transfer from <0,262174> to <0,262182>
20230730-160747-7231 02867 * SendMessageInternal (udptransport.cc:442): Sending large replication.vr.proto.StateTransferMessage message in 2 fragments
20230730-160747-7233 02867 * HandleRequestStateTransfer (replica.cc:727):   [0] Sending state transfer from <0,262177> to <0,262182>
20230730-160747-7233 02867 * SendMessageInternal (udptransport.cc:442): Sending large replication.vr.proto.StateTransferMessage message in 2 fragments
20230730-160747-7234 02867 * HandleRequestStateTransfer (replica.cc:727):   [0] Sending state transfer from <0,262180> to <0,262182>
20230730-160747-7235 02867 * SendMessageInternal (udptransport.cc:442): Sending large replication.vr.proto.StateTransferMessage message in 2 fragments
20230730-160747-7236 02867 * HandleRequestStateTransfer (replica.cc:727):   [0] Sending state transfer from <0,262182> to <0,262182>
20230730-160747-7236 02867 * SendMessageInternal (udptransport.cc:442): Sending large replication.vr.proto.StateTransferMessage message in 2 fragments
20230730-160747-7241 02867 * HandleRequestStateTransfer (replica.cc:727):   [0] Sending state transfer from <0,262144> to <0,262182>
20230730-160747-7241 02867 * SendMessageInternal (udptransport.cc:442): Sending large replication.vr.proto.StateTransferMessage message in 3 fragments
20230730-160747-7479 02867 * HandleRequestStateTransfer (replica.cc:727):   [0] Sending state transfer from <0,262239> to <0,262279>
20230730-160747-7480 02867 * SendMessageInternal (udptransport.cc:442): Sending large replication.vr.proto.StateTransferMessage message in 3 fragments
20230730-160747-7482 02867 * HandleRequestStateTransfer (replica.cc:727):   [0] Sending state transfer from <0,262240> to <0,262279>
20230730-160747-7483 02867 * SendMessageInternal (udptransport.cc:442): Sending large replication.vr.proto.StateTransferMessage message in 3 fragments
20230730-160747-7484 02867 * HandleRequestStateTransfer (replica.cc:727):   [0] Sending state transfer from <0,262241> to <0,262279>
20230730-160747-7484 02867 * SendMessageInternal (udptransport.cc:442): Sending large replication.vr.proto.StateTransferMessage message in 3 fragments
20230730-160747-7487 02867 * HandleRequestStateTransfer (replica.cc:727):   [0] Sending state transfer from <0,262242> to <0,262280>
20230730-160747-7488 02867 * SendMessageInternal (udptransport.cc:442): Sending large replication.vr.proto.StateTransferMessage message in 3 fragments
20230730-160747-7495 02867 * HandleRequestStateTransfer (replica.cc:727):   [0] Sending state transfer from <0,262273> to <0,262290>
20230730-160747-7496 02867 * SendMessageInternal (udptransport.cc:442): Sending large replication.vr.proto.StateTransferMessage message in 2 fragments
20230730-160747-7498 02867 * HandleRequestStateTransfer (replica.cc:727):   [0] Sending state transfer from <0,262274> to <0,262293>
20230730-160747-7498 02867 * SendMessageInternal (udptransport.cc:442): Sending large replication.vr.proto.StateTransferMessage message in 2 fragments
20230730-160747-7500 02867 * HandleRequestStateTransfer (replica.cc:727):   [0] Sending state transfer from <0,262276> to <0,262297>
20230730-160747-7500 02867 * SendMessageInternal (udptransport.cc:442): Sending large replication.vr.proto.StateTransferMessage message in 2 fragments
20230730-160747-7501 02867 * HandleRequestStateTransfer (replica.cc:727):   [0] Sending state transfer from <0,262277> to <0,262298>
20230730-160747-7502 02867 * SendMessageInternal (udptransport.cc:442): Sending large replication.vr.proto.StateTransferMessage message in 2 fragments
20230730-160747-7503 02867 * HandleRequestStateTransfer (replica.cc:727):   [0] Sending state transfer from <0,262278> to <0,262300>
20230730-160747-7504 02867 * SendMessageInternal (udptransport.cc:442): Sending large replication.vr.proto.StateTransferMessage message in 2 fragments
20230730-160747-8229 02867 ! releaseForRead  (lockserver.cc:293): [-1353433443573691571] Releasing unheld read lock: Vwy8IgBgk7rZkzVgzHN5166WbSy3hN3qqQDuxsVbv6hhIGIcIo2mj1YIKue3e4By
20230730-160747-9052 02867 * HandleRequestStateTransfer (replica.cc:727):   [0] Sending state transfer from <0,264026> to <0,264037>
20230730-160747-9055 02867 * SendMessageInternal (udptransport.cc:442): Sending large replication.vr.proto.StateTransferMessage message in 2 fragments
20230730-160747-9058 02867 * HandleRequestStateTransfer (replica.cc:727):   [0] Sending state transfer from <0,264029> to <0,264040>
20230730-160747-9058 02867 * SendMessageInternal (udptransport.cc:442): Sending large replication.vr.proto.StateTransferMessage message in 2 fragments
20230730-160747-9059 02867 * HandleRequestStateTransfer (replica.cc:727):   [0] Sending state transfer from <0,264030> to <0,264040>
20230730-160747-9059 02867 * SendMessageInternal (udptransport.cc:442): Sending large replication.vr.proto.StateTransferMessage message in 2 fragments
20230730-160747-9062 02867 * HandleRequestStateTransfer (replica.cc:727):   [0] Sending state transfer from <0,264032> to <0,264042>
20230730-160747-9062 02867 * SendMessageInternal (udptransport.cc:442): Sending large replication.vr.proto.StateTransferMessage message in 2 fragments
20230730-160747-9063 02867 * HandleRequestStateTransfer (replica.cc:727):   [0] Sending state transfer from <0,264034> to <0,264043>
20230730-160747-9064 02867 * SendMessageInternal (udptransport.cc:442): Sending large replication.vr.proto.StateTransferMessage message in 2 fragments
20230730-160747-9064 02867 * HandleRequestStateTransfer (replica.cc:727):   [0] Sending state transfer from <0,264035> to <0,264043>
20230730-160747-9064 02867 * SendMessageInternal (udptransport.cc:442): Sending large replication.vr.proto.StateTransferMessage message in 2 fragments
20230730-160747-9066 02867 * HandleRequestStateTransfer (replica.cc:727):   [0] Sending state transfer from <0,264036> to <0,264044>
20230730-160747-9066 02867 * SendMessageInternal (udptransport.cc:442): Sending large replication.vr.proto.StateTransferMessage message in 2 fragments
20230730-160747-9457 02867 * HandleRequestStateTransfer (replica.cc:727):   [0] Sending state transfer from <0,264501> to <0,264506>
20230730-160747-9463 02867 * HandleRequestStateTransfer (replica.cc:727):   [0] Sending state transfer from <0,264503> to <0,264507>
20230730-160747-9464 02867 * HandleRequestStateTransfer (replica.cc:727):   [0] Sending state transfer from <0,264504> to <0,264507>
20230730-160747-9466 02867 * HandleRequestStateTransfer (replica.cc:727):   [0] Sending state transfer from <0,264505> to <0,264508>
20230730-160749-8095 02867 ! releaseForWrite (lockserver.cc:353): [-1154846598957371416] Releasing unheld write lock: Vwy8IgBgk7rZkzVgzHN5166WbSy3hN3qqQDuxsVbv6hhIGIcIo2mj1YIKue3e4By
20230730-160749-8115 02867 * HandleRequestStateTransfer (replica.cc:727):   [0] Sending state transfer from <0,277769> to <0,277775>
20230730-160749-8118 02867 * HandleRequestStateTransfer (replica.cc:727):   [0] Sending state transfer from <0,277770> to <0,277776>
20230730-160749-8122 02867 * HandleRequestStateTransfer (replica.cc:727):   [0] Sending state transfer from <0,277772> to <0,277778>
20230730-160749-8124 02867 * HandleRequestStateTransfer (replica.cc:727):   [0] Sending state transfer from <0,277773> to <0,277778>
20230730-160751-1181 02867 ! releaseForWrite (lockserver.cc:353): [5169365877005980097] Releasing unheld write lock: Vwy8IgBgk7rZkzVgzHN5166WbSy3hN3qqQDuxsVbv6hhIGIcIo2mj1YIKue3e4By
20230730-160753-0338 02867 * HandleRequestStateTransfer (replica.cc:727):   [0] Sending state transfer from <0,304729> to <0,304742>
20230730-160753-0368 02867 * SendMessageInternal (udptransport.cc:442): Sending large replication.vr.proto.StateTransferMessage message in 2 fragments
20230730-160753-0369 02867 * HandleRequestStateTransfer (replica.cc:727):   [0] Sending state transfer from <0,304730> to <0,304743>
20230730-160753-0370 02867 * SendMessageInternal (udptransport.cc:442): Sending large replication.vr.proto.StateTransferMessage message in 2 fragments
20230730-160753-0372 02867 * HandleRequestStateTransfer (replica.cc:727):   [0] Sending state transfer from <0,304731> to <0,304743>
20230730-160753-0372 02867 * SendMessageInternal (udptransport.cc:442): Sending large replication.vr.proto.StateTransferMessage message in 2 fragments
20230730-160753-0375 02867 * HandleRequestStateTransfer (replica.cc:727):   [0] Sending state transfer from <0,304732> to <0,304745>
20230730-160753-0375 02867 * SendMessageInternal (udptransport.cc:442): Sending large replication.vr.proto.StateTransferMessage message in 2 fragments
20230730-160753-0377 02867 * HandleRequestStateTransfer (replica.cc:727):   [0] Sending state transfer from <0,304734> to <0,304745>
20230730-160753-0378 02867 * SendMessageInternal (udptransport.cc:442): Sending large replication.vr.proto.StateTransferMessage message in 2 fragments
20230730-160753-0386 02867 * HandleRequestStateTransfer (replica.cc:727):   [0] Sending state transfer from <0,304737> to <0,304750>
20230730-160753-0387 02867 * SendMessageInternal (udptransport.cc:442): Sending large replication.vr.proto.StateTransferMessage message in 2 fragments
20230730-160753-0391 02867 * HandleRequestStateTransfer (replica.cc:727):   [0] Sending state transfer from <0,304740> to <0,304753>
20230730-160753-0391 02867 * SendMessageInternal (udptransport.cc:442): Sending large replication.vr.proto.StateTransferMessage message in 2 fragments
20230730-160753-0394 02867 * HandleRequestStateTransfer (replica.cc:727):   [0] Sending state transfer from <0,304742> to <0,304757>
20230730-160753-0394 02867 * SendMessageInternal (udptransport.cc:442): Sending large replication.vr.proto.StateTransferMessage message in 2 fragments
20230730-160753-0641 02867 * ResendPrepare   (replica.cc:306):   [0] Resending prepare
20230730-160753-2477 02867 * HandleRequestStateTransfer (replica.cc:727):   [0] Sending state transfer from <0,306394> to <0,306433>
20230730-160753-2492 02867 * SendMessageInternal (udptransport.cc:442): Sending large replication.vr.proto.StateTransferMessage message in 3 fragments
20230730-160753-2494 02867 * HandleRequestStateTransfer (replica.cc:727):   [0] Sending state transfer from <0,306401> to <0,306434>
20230730-160753-2495 02867 * SendMessageInternal (udptransport.cc:442): Sending large replication.vr.proto.StateTransferMessage message in 3 fragments
20230730-160753-2496 02867 * HandleRequestStateTransfer (replica.cc:727):   [0] Sending state transfer from <0,306402> to <0,306434>
20230730-160753-2496 02867 * SendMessageInternal (udptransport.cc:442): Sending large replication.vr.proto.StateTransferMessage message in 3 fragments
20230730-160753-2498 02867 * HandleRequestStateTransfer (replica.cc:727):   [0] Sending state transfer from <0,306403> to <0,306435>
20230730-160753-2498 02867 * SendMessageInternal (udptransport.cc:442): Sending large replication.vr.proto.StateTransferMessage message in 3 fragments
20230730-160753-2500 02867 * HandleRequestStateTransfer (replica.cc:727):   [0] Sending state transfer from <0,306404> to <0,306435>
20230730-160753-2500 02867 * SendMessageInternal (udptransport.cc:442): Sending large replication.vr.proto.StateTransferMessage message in 3 fragments
20230730-160753-2501 02867 * HandleRequestStateTransfer (replica.cc:727):   [0] Sending state transfer from <0,306405> to <0,306435>
20230730-160753-2502 02867 * SendMessageInternal (udptransport.cc:442): Sending large replication.vr.proto.StateTransferMessage message in 3 fragments
20230730-160753-2510 02867 * HandleRequestStateTransfer (replica.cc:727):   [0] Sending state transfer from <0,306425> to <0,306442>
20230730-160753-2510 02867 * SendMessageInternal (udptransport.cc:442): Sending large replication.vr.proto.StateTransferMessage message in 2 fragments
20230730-160753-3233 02867 * HandleRequestStateTransfer (replica.cc:727):   [0] Sending state transfer from <0,306968> to <0,307007>
20230730-160753-3236 02867 * SendMessageInternal (udptransport.cc:442): Sending large replication.vr.proto.StateTransferMessage message in 3 fragments
20230730-160753-3237 02867 * HandleRequestStateTransfer (replica.cc:727):   [0] Sending state transfer from <0,306974> to <0,307007>
20230730-160753-3238 02867 * SendMessageInternal (udptransport.cc:442): Sending large replication.vr.proto.StateTransferMessage message in 2 fragments
20230730-160753-3240 02867 * HandleRequestStateTransfer (replica.cc:727):   [0] Sending state transfer from <0,306976> to <0,307008>
20230730-160753-3240 02867 * SendMessageInternal (udptransport.cc:442): Sending large replication.vr.proto.StateTransferMessage message in 2 fragments
20230730-160753-3241 02867 * HandleRequestStateTransfer (replica.cc:727):   [0] Sending state transfer from <0,306977> to <0,307008>
20230730-160753-3242 02867 * SendMessageInternal (udptransport.cc:442): Sending large replication.vr.proto.StateTransferMessage message in 2 fragments
20230730-160753-3243 02867 * HandleRequestStateTransfer (replica.cc:727):   [0] Sending state transfer from <0,306980> to <0,307009>
20230730-160753-3244 02867 * SendMessageInternal (udptransport.cc:442): Sending large replication.vr.proto.StateTransferMessage message in 2 fragments
20230730-160753-3254 02867 * HandleRequestStateTransfer (replica.cc:727):   [0] Sending state transfer from <0,307001> to <0,307015>
20230730-160753-3254 02867 * SendMessageInternal (udptransport.cc:442): Sending large replication.vr.proto.StateTransferMessage message in 2 fragments
20230730-160753-3256 02867 * HandleRequestStateTransfer (replica.cc:727):   [0] Sending state transfer from <0,307002> to <0,307015>
20230730-160753-3256 02867 * SendMessageInternal (udptransport.cc:442): Sending large replication.vr.proto.StateTransferMessage message in 2 fragments
20230730-160753-3258 02867 * HandleRequestStateTransfer (replica.cc:727):   [0] Sending state transfer from <0,307004> to <0,307015>
20230730-160753-3259 02867 * SendMessageInternal (udptransport.cc:442): Sending large replication.vr.proto.StateTransferMessage message in 2 fragments
20230730-160753-3260 02867 * HandleRequestStateTransfer (replica.cc:727):   [0] Sending state transfer from <0,307005> to <0,307015>
20230730-160753-3260 02867 * SendMessageInternal (udptransport.cc:442): Sending large replication.vr.proto.StateTransferMessage message in 2 fragments
20230730-160753-3261 02867 * HandleRequestStateTransfer (replica.cc:727):   [0] Sending state transfer from <0,307006> to <0,307015>
20230730-160753-3261 02867 * SendMessageInternal (udptransport.cc:442): Sending large replication.vr.proto.StateTransferMessage message in 2 fragments
20230730-160754-3378 02867 * HandleRequestStateTransfer (replica.cc:727):   [0] Sending state transfer from <0,315007> to <0,315011>
20230730-160754-3414 02867 * HandleRequestStateTransfer (replica.cc:727):   [0] Sending state transfer from <0,315007> to <0,315011>
20230730-160754-3415 02867 * HandleRequestStateTransfer (replica.cc:727):   [0] Sending state transfer from <0,315009> to <0,315012>
20230730-160754-3415 02867 * HandleRequestStateTransfer (replica.cc:727):   [0] Sending state transfer from <0,315009> to <0,315012>
20230730-160754-3416 02867 * HandleRequestStateTransfer (replica.cc:727):   [0] Sending state transfer from <0,315011> to <0,315012>
20230730-160754-3416 02867 * HandleRequestStateTransfer (replica.cc:727):   [0] Sending state transfer from <0,315011> to <0,315012>
20230730-160754-3465 02867 * HandleRequestStateTransfer (replica.cc:727):   [0] Sending state transfer from <0,315052> to <0,315058>
20230730-160754-3469 02867 * HandleRequestStateTransfer (replica.cc:727):   [0] Sending state transfer from <0,315053> to <0,315065>
20230730-160754-3470 02867 * HandleRequestStateTransfer (replica.cc:727):   [0] Sending state transfer from <0,315054> to <0,315067>
20230730-160754-3475 02867 * HandleRequestStateTransfer (replica.cc:727):   [0] Sending state transfer from <0,315057> to <0,315070>
20230730-160754-4024 02867 * HandleRequestStateTransfer (replica.cc:727):   [0] Sending state transfer from <0,315609> to <0,315623>
20230730-160754-4028 02867 * HandleRequestStateTransfer (replica.cc:727):   [0] Sending state transfer from <0,315614> to <0,315625>
20230730-160754-4030 02867 * HandleRequestStateTransfer (replica.cc:727):   [0] Sending state transfer from <0,315624> to <0,315628>
20230730-160754-4032 02867 * HandleRequestStateTransfer (replica.cc:727):   [0] Sending state transfer from <0,315626> to <0,315629>
20230730-160754-4032 02867 * HandleRequestStateTransfer (replica.cc:727):   [0] Sending state transfer from <0,315627> to <0,315629>
20230730-160754-4033 02867 * HandleRequestStateTransfer (replica.cc:727):   [0] Sending state transfer from <0,315628> to <0,315629>
20230730-160754-4407 02867 * HandleRequestStateTransfer (replica.cc:727):   [0] Sending state transfer from <0,316045> to <0,316049>
20230730-160754-4409 02867 * HandleRequestStateTransfer (replica.cc:727):   [0] Sending state transfer from <0,316046> to <0,316050>
20230730-160754-4411 02867 * HandleRequestStateTransfer (replica.cc:727):   [0] Sending state transfer from <0,316047> to <0,316052>
20230730-160754-4412 02867 * HandleRequestStateTransfer (replica.cc:727):   [0] Sending state transfer from <0,316049> to <0,316054>
20230730-160754-4723 02867 * HandleRequestStateTransfer (replica.cc:727):   [0] Sending state transfer from <0,316351> to <0,316351>
20230730-160754-4723 02867 * HandleRequestStateTransfer (replica.cc:727):   [0] Sending state transfer from <0,316351> to <0,316351>
20230730-160755-1482 02867 * HandleRequestStateTransfer (replica.cc:727):   [0] Sending state transfer from <0,320334> to <0,320338>
20230730-160755-1491 02867 * HandleRequestStateTransfer (replica.cc:727):   [0] Sending state transfer from <0,320335> to <0,320339>
20230730-160755-1492 02867 * HandleRequestStateTransfer (replica.cc:727):   [0] Sending state transfer from <0,320336> to <0,320339>
20230730-160755-1534 02867 * HandleRequestStateTransfer (replica.cc:727):   [0] Sending state transfer from <0,320391> to <0,320392>
20230730-160755-1534 02867 * HandleRequestStateTransfer (replica.cc:727):   [0] Sending state transfer from <0,320391> to <0,320392>
20230730-160755-1535 02867 * HandleRequestStateTransfer (replica.cc:727):   [0] Sending state transfer from <0,320392> to <0,320393>
20230730-160755-1535 02867 * HandleRequestStateTransfer (replica.cc:727):   [0] Sending state transfer from <0,320392> to <0,320393>
20230730-160755-1651 02867 * HandleRequestStateTransfer (replica.cc:727):   [0] Sending state transfer from <0,320520> to <0,320521>
20230730-160755-1653 02867 * HandleRequestStateTransfer (replica.cc:727):   [0] Sending state transfer from <0,320520> to <0,320526>
20230730-160755-1656 02867 * HandleRequestStateTransfer (replica.cc:727):   [0] Sending state transfer from <0,320522> to <0,320529>
20230730-160755-1660 02867 * HandleRequestStateTransfer (replica.cc:727):   [0] Sending state transfer from <0,320529> to <0,320535>
20230730-160755-1666 02867 * HandleRequestStateTransfer (replica.cc:727):   [0] Sending state transfer from <0,320535> to <0,320544>
20230730-160755-1668 02867 * HandleRequestStateTransfer (replica.cc:727):   [0] Sending state transfer from <0,320536> to <0,320547>
20230730-160755-1688 02867 * HandleRequestStateTransfer (replica.cc:727):   [0] Sending state transfer from <0,320576> to <0,320577>
20230730-160755-1689 02867 * HandleRequestStateTransfer (replica.cc:727):   [0] Sending state transfer from <0,320577> to <0,320578>
20230730-160755-1691 02867 * HandleRequestStateTransfer (replica.cc:727):   [0] Sending state transfer from <0,320576> to <0,320581>
20230730-160755-1693 02867 * HandleRequestStateTransfer (replica.cc:727):   [0] Sending state transfer from <0,320577> to <0,320584>
20230730-160755-1695 02867 * HandleRequestStateTransfer (replica.cc:727):   [0] Sending state transfer from <0,320578> to <0,320586>
20230730-160755-1709 02867 * HandleRequestStateTransfer (replica.cc:727):   [0] Sending state transfer from <0,320607> to <0,320608>
20230730-160755-1710 02867 * HandleRequestStateTransfer (replica.cc:727):   [0] Sending state transfer from <0,320608> to <0,320609>
20230730-160755-1715 02867 * HandleRequestStateTransfer (replica.cc:727):   [0] Sending state transfer from <0,320607> to <0,320619>
20230730-160755-1718 02867 * HandleRequestStateTransfer (replica.cc:727):   [0] Sending state transfer from <0,320608> to <0,320623>
20230730-160755-1721 02867 * HandleRequestStateTransfer (replica.cc:727):   [0] Sending state transfer from <0,320609> to <0,320627>
20230730-160755-1729 02867 * HandleRequestStateTransfer (replica.cc:727):   [0] Sending state transfer from <0,320636> to <0,320636>
20230730-160755-1737 02867 * HandleRequestStateTransfer (replica.cc:727):   [0] Sending state transfer from <0,320636> to <0,320648>
20230730-160755-1738 02867 * HandleRequestStateTransfer (replica.cc:727):   [0] Sending state transfer from <0,320637> to <0,320648>
20230730-160755-1824 02867 * HandleRequestStateTransfer (replica.cc:727):   [0] Sending state transfer from <0,320777> to <0,320778>
20230730-160755-1824 02867 * HandleRequestStateTransfer (replica.cc:727):   [0] Sending state transfer from <0,320777> to <0,320778>
20230730-160755-1825 02867 * HandleRequestStateTransfer (replica.cc:727):   [0] Sending state transfer from <0,320778> to <0,320779>
20230730-160755-1826 02867 * HandleRequestStateTransfer (replica.cc:727):   [0] Sending state transfer from <0,320778> to <0,320779>
20230730-160755-1835 02867 * HandleRequestStateTransfer (replica.cc:727):   [0] Sending state transfer from <0,320794> to <0,320797>
20230730-160755-1836 02867 * HandleRequestStateTransfer (replica.cc:727):   [0] Sending state transfer from <0,320795> to <0,320799>
20230730-160755-1867 02867 * HandleRequestStateTransfer (replica.cc:727):   [0] Sending state transfer from <0,320840> to <0,320843>
20230730-160755-1867 02867 * HandleRequestStateTransfer (replica.cc:727):   [0] Sending state transfer from <0,320842> to <0,320843>
20230730-160755-1883 02867 * HandleRequestStateTransfer (replica.cc:727):   [0] Sending state transfer from <0,320860> to <0,320860>
20230730-160755-1884 02867 * HandleRequestStateTransfer (replica.cc:727):   [0] Sending state transfer from <0,320860> to <0,320860>
20230730-160755-2173 02867 * HandleRequestStateTransfer (replica.cc:727):   [0] Sending state transfer from <0,321287> to <0,321288>
20230730-160755-2173 02867 * HandleRequestStateTransfer (replica.cc:727):   [0] Sending state transfer from <0,321287> to <0,321288>
20230730-160755-2175 02867 * HandleRequestStateTransfer (replica.cc:727):   [0] Sending state transfer from <0,321288> to <0,321289>
20230730-160755-2175 02867 * HandleRequestStateTransfer (replica.cc:727):   [0] Sending state transfer from <0,321288> to <0,321289>
20230730-160755-2240 02867 * HandleRequestStateTransfer (replica.cc:727):   [0] Sending state transfer from <0,321389> to <0,321389>
20230730-160755-2240 02867 * HandleRequestStateTransfer (replica.cc:727):   [0] Sending state transfer from <0,321389> to <0,321389>
20230730-160755-2430 02867 * HandleRequestStateTransfer (replica.cc:727):   [0] Sending state transfer from <0,321667> to <0,321668>
20230730-160755-2504 02867 * HandleRequestStateTransfer (replica.cc:727):   [0] Sending state transfer from <0,321780> to <0,321781>
20230730-160755-2505 02867 * HandleRequestStateTransfer (replica.cc:727):   [0] Sending state transfer from <0,321780> to <0,321781>
