20230730-160716-9019 02851 * ResendPrepare   (replica.cc:306):   [0] Resending prepare
20230730-160717-5841 02851 * ResendPrepare   (replica.cc:306):   [0] Resending prepare
20230730-160717-6611 02851 * HandleRequestStateTransfer (replica.cc:727):   [0] Sending state transfer from <0,14184> to <0,14200>
20230730-160717-6612 02851 * SendMessageInternal (udptransport.cc:442): Sending large replication.vr.proto.StateTransferMessage message in 2 fragments
20230730-160718-3823 02851 * HandleRequestStateTransfer (replica.cc:727):   [0] Sending state transfer from <0,19982> to <0,19999>
20230730-160718-3825 02851 * SendMessageInternal (udptransport.cc:442): Sending large replication.vr.proto.StateTransferMessage message in 2 fragments
20230730-160718-3826 02851 * HandleRequestStateTransfer (replica.cc:727):   [0] Sending state transfer from <0,19983> to <0,19999>
20230730-160718-3826 02851 * SendMessageInternal (udptransport.cc:442): Sending large replication.vr.proto.StateTransferMessage message in 2 fragments
20230730-160718-3828 02851 * HandleRequestStateTransfer (replica.cc:727):   [0] Sending state transfer from <0,19984> to <0,20000>
20230730-160718-3828 02851 * SendMessageInternal (udptransport.cc:442): Sending large replication.vr.proto.StateTransferMessage message in 2 fragments
20230730-160718-8170 02851 ! releaseForWrite (lockserver.cc:353): [7273588589129020006] Releasing unheld write lock: uBcQAsseIAkEP1KufRVVgc7lG4zq3a0y551ZP3VO5bCW8utYxKBUQCChSYfCXoG8
20230730-160720-0463 02851 * HandleRequestStateTransfer (replica.cc:727):   [0] Sending state transfer from <0,32825> to <0,32858>
20230730-160720-0465 02851 * SendMessageInternal (udptransport.cc:442): Sending large replication.vr.proto.StateTransferMessage message in 2 fragments
20230730-160720-0465 02851 * HandleRequestStateTransfer (replica.cc:727):   [0] Sending state transfer from <0,32828> to <0,32858>
20230730-160720-0466 02851 * SendMessageInternal (udptransport.cc:442): Sending large replication.vr.proto.StateTransferMessage message in 2 fragments
20230730-160720-0467 02851 * HandleRequestStateTransfer (replica.cc:727):   [0] Sending state transfer from <0,32829> to <0,32858>
20230730-160720-0468 02851 * SendMessageInternal (udptransport.cc:442): Sending large replication.vr.proto.StateTransferMessage message in 3 fragments
20230730-160720-0469 02851 * HandleRequestStateTransfer (replica.cc:727):   [0] Sending state transfer from <0,32831> to <0,32860>
20230730-160720-0470 02851 * SendMessageInternal (udptransport.cc:442): Sending large replication.vr.proto.StateTransferMessage message in 2 fragments
20230730-160720-0471 02851 * HandleRequestStateTransfer (replica.cc:727):   [0] Sending state transfer from <0,32833> to <0,32861>
20230730-160720-0472 02851 * SendMessageInternal (udptransport.cc:442): Sending large replication.vr.proto.StateTransferMessage message in 2 fragments
20230730-160720-0472 02851 * HandleRequestStateTransfer (replica.cc:727):   [0] Sending state transfer from <0,32835> to <0,32861>
20230730-160720-0473 02851 * SendMessageInternal (udptransport.cc:442): Sending large replication.vr.proto.StateTransferMessage message in 2 fragments
20230730-160720-0474 02851 * HandleRequestStateTransfer (replica.cc:727):   [0] Sending state transfer from <0,32837> to <0,32862>
20230730-160720-0475 02851 * SendMessageInternal (udptransport.cc:442): Sending large replication.vr.proto.StateTransferMessage message in 2 fragments
20230730-160720-0475 02851 * HandleRequestStateTransfer (replica.cc:727):   [0] Sending state transfer from <0,32838> to <0,32862>
20230730-160720-0476 02851 * SendMessageInternal (udptransport.cc:442): Sending large replication.vr.proto.StateTransferMessage message in 2 fragments
20230730-160720-0482 02851 * HandleRequestStateTransfer (replica.cc:727):   [0] Sending state transfer from <0,32847> to <0,32866>
20230730-160720-0482 02851 * SendMessageInternal (udptransport.cc:442): Sending large replication.vr.proto.StateTransferMessage message in 2 fragments
20230730-160720-0484 02851 * HandleRequestStateTransfer (replica.cc:727):   [0] Sending state transfer from <0,32849> to <0,32866>
20230730-160720-0485 02851 * SendMessageInternal (udptransport.cc:442): Sending large replication.vr.proto.StateTransferMessage message in 2 fragments
20230730-160720-0488 02851 * HandleRequestStateTransfer (replica.cc:727):   [0] Sending state transfer from <0,32850> to <0,32869>
20230730-160720-0489 02851 * SendMessageInternal (udptransport.cc:442): Sending large replication.vr.proto.StateTransferMessage message in 2 fragments
20230730-160720-1011 02851 * HandleRequestStateTransfer (replica.cc:727):   [0] Sending state transfer from <0,33355> to <0,33363>
20230730-160720-2925 02851 * HandleRequestStateTransfer (replica.cc:727):   [0] Sending state transfer from <0,34902> to <0,34911>
20230730-160720-2925 02851 * SendMessageInternal (udptransport.cc:442): Sending large replication.vr.proto.StateTransferMessage message in 2 fragments
20230730-160720-2926 02851 * HandleRequestStateTransfer (replica.cc:727):   [0] Sending state transfer from <0,34903> to <0,34912>
20230730-160720-2926 02851 * SendMessageInternal (udptransport.cc:442): Sending large replication.vr.proto.StateTransferMessage message in 2 fragments
20230730-160720-2927 02851 * HandleRequestStateTransfer (replica.cc:727):   [0] Sending state transfer from <0,34904> to <0,34912>
20230730-160720-2928 02851 * SendMessageInternal (udptransport.cc:442): Sending large replication.vr.proto.StateTransferMessage message in 2 fragments
20230730-160720-2928 02851 * HandleRequestStateTransfer (replica.cc:727):   [0] Sending state transfer from <0,34905> to <0,34912>
20230730-160720-2928 02851 * SendMessageInternal (udptransport.cc:442): Sending large replication.vr.proto.StateTransferMessage message in 2 fragments
20230730-160720-2930 02851 * HandleRequestStateTransfer (replica.cc:727):   [0] Sending state transfer from <0,34906> to <0,34912>
20230730-160720-2930 02851 * SendMessageInternal (udptransport.cc:442): Sending large replication.vr.proto.StateTransferMessage message in 2 fragments
20230730-160720-2931 02851 * HandleRequestStateTransfer (replica.cc:727):   [0] Sending state transfer from <0,34908> to <0,34912>
20230730-160720-2931 02851 * SendMessageInternal (udptransport.cc:442): Sending large replication.vr.proto.StateTransferMessage message in 2 fragments
20230730-160720-2932 02851 * HandleRequestStateTransfer (replica.cc:727):   [0] Sending state transfer from <0,34910> to <0,34912>
20230730-160720-2933 02851 * HandleRequestStateTransfer (replica.cc:727):   [0] Sending state transfer from <0,34911> to <0,34912>
20230730-160720-2950 02851 * HandleRequestStateTransfer (replica.cc:727):   [0] Sending state transfer from <0,34902> to <0,34934>
20230730-160720-2951 02851 * SendMessageInternal (udptransport.cc:442): Sending large replication.vr.proto.StateTransferMessage message in 2 fragments
20230730-160720-2952 02851 * HandleRequestStateTransfer (replica.cc:727):   [0] Sending state transfer from <0,34903> to <0,34935>
20230730-160720-2952 02851 * SendMessageInternal (udptransport.cc:442): Sending large replication.vr.proto.StateTransferMessage message in 2 fragments
20230730-160720-2953 02851 * HandleRequestStateTransfer (replica.cc:727):   [0] Sending state transfer from <0,34904> to <0,34936>
20230730-160720-2954 02851 * SendMessageInternal (udptransport.cc:442): Sending large replication.vr.proto.StateTransferMessage message in 2 fragments
20230730-160720-2955 02851 * HandleRequestStateTransfer (replica.cc:727):   [0] Sending state transfer from <0,34905> to <0,34937>
20230730-160720-2955 02851 * SendMessageInternal (udptransport.cc:442): Sending large replication.vr.proto.StateTransferMessage message in 2 fragments
20230730-160720-2956 02851 * HandleRequestStateTransfer (replica.cc:727):   [0] Sending state transfer from <0,34906> to <0,34938>
20230730-160720-2957 02851 * SendMessageInternal (udptransport.cc:442): Sending large replication.vr.proto.StateTransferMessage message in 2 fragments
20230730-160720-2957 02851 * HandleRequestStateTransfer (replica.cc:727):   [0] Sending state transfer from <0,34908> to <0,34939>
20230730-160720-2958 02851 * SendMessageInternal (udptransport.cc:442): Sending large replication.vr.proto.StateTransferMessage message in 2 fragments
20230730-160720-2959 02851 * HandleRequestStateTransfer (replica.cc:727):   [0] Sending state transfer from <0,34910> to <0,34939>
20230730-160720-2959 02851 * SendMessageInternal (udptransport.cc:442): Sending large replication.vr.proto.StateTransferMessage message in 2 fragments
20230730-160720-2959 02851 * HandleRequestStateTransfer (replica.cc:727):   [0] Sending state transfer from <0,34911> to <0,34939>
20230730-160720-2960 02851 * SendMessageInternal (udptransport.cc:442): Sending large replication.vr.proto.StateTransferMessage message in 2 fragments
20230730-160720-2960 02851 * HandleRequestStateTransfer (replica.cc:727):   [0] Sending state transfer from <0,34912> to <0,34939>
20230730-160720-2961 02851 * SendMessageInternal (udptransport.cc:442): Sending large replication.vr.proto.StateTransferMessage message in 2 fragments
20230730-160720-2962 02851 * HandleRequestStateTransfer (replica.cc:727):   [0] Sending state transfer from <0,34932> to <0,34939>
20230730-160721-4690 02851 * HandleRequestStateTransfer (replica.cc:727):   [0] Sending state transfer from <0,43361> to <0,43406>
20230730-160721-4694 02851 * SendMessageInternal (udptransport.cc:442): Sending large replication.vr.proto.StateTransferMessage message in 3 fragments
20230730-160721-4697 02851 * HandleRequestStateTransfer (replica.cc:727):   [0] Sending state transfer from <0,43370> to <0,43407>
20230730-160721-4697 02851 * SendMessageInternal (udptransport.cc:442): Sending large replication.vr.proto.StateTransferMessage message in 2 fragments
20230730-160721-4700 02851 * HandleRequestStateTransfer (replica.cc:727):   [0] Sending state transfer from <0,43371> to <0,43410>
20230730-160721-4701 02851 * SendMessageInternal (udptransport.cc:442): Sending large replication.vr.proto.StateTransferMessage message in 2 fragments
20230730-160721-4709 02851 * HandleRequestStateTransfer (replica.cc:727):   [0] Sending state transfer from <0,43406> to <0,43414>
20230730-160722-2624 02851 * HandleRequestStateTransfer (replica.cc:727):   [0] Sending state transfer from <0,49919> to <0,49957>
20230730-160722-2624 02851 * SendMessageInternal (udptransport.cc:442): Sending large replication.vr.proto.StateTransferMessage message in 2 fragments
20230730-160722-2633 02851 * HandleRequestStateTransfer (replica.cc:727):   [0] Sending state transfer from <0,49943> to <0,49964>
20230730-160722-2633 02851 * SendMessageInternal (udptransport.cc:442): Sending large replication.vr.proto.StateTransferMessage message in 2 fragments
20230730-160722-2634 02851 * HandleRequestStateTransfer (replica.cc:727):   [0] Sending state transfer from <0,49944> to <0,49964>
20230730-160722-2634 02851 * SendMessageInternal (udptransport.cc:442): Sending large replication.vr.proto.StateTransferMessage message in 2 fragments
20230730-160722-2634 02851 * HandleRequestStateTransfer (replica.cc:727):   [0] Sending state transfer from <0,49945> to <0,49964>
20230730-160722-2635 02851 * SendMessageInternal (udptransport.cc:442): Sending large replication.vr.proto.StateTransferMessage message in 2 fragments
20230730-160722-2637 02851 * HandleRequestStateTransfer (replica.cc:727):   [0] Sending state transfer from <0,49948> to <0,49966>
20230730-160722-2638 02851 * SendMessageInternal (udptransport.cc:442): Sending large replication.vr.proto.StateTransferMessage message in 2 fragments
20230730-160722-2640 02851 * HandleRequestStateTransfer (replica.cc:727):   [0] Sending state transfer from <0,49950> to <0,49968>
20230730-160722-2640 02851 * SendMessageInternal (udptransport.cc:442): Sending large replication.vr.proto.StateTransferMessage message in 2 fragments
20230730-160722-2642 02851 * HandleRequestStateTransfer (replica.cc:727):   [0] Sending state transfer from <0,49952> to <0,49969>
20230730-160722-2643 02851 * SendMessageInternal (udptransport.cc:442): Sending large replication.vr.proto.StateTransferMessage message in 2 fragments
20230730-160722-2644 02851 * HandleRequestStateTransfer (replica.cc:727):   [0] Sending state transfer from <0,49953> to <0,49970>
20230730-160722-2645 02851 * SendMessageInternal (udptransport.cc:442): Sending large replication.vr.proto.StateTransferMessage message in 2 fragments
20230730-160722-2647 02851 * HandleRequestStateTransfer (replica.cc:727):   [0] Sending state transfer from <0,49954> to <0,49971>
20230730-160722-2647 02851 * SendMessageInternal (udptransport.cc:442): Sending large replication.vr.proto.StateTransferMessage message in 2 fragments
20230730-160724-2886 02851 * HandleRequestStateTransfer (replica.cc:727):   [0] Sending state transfer from <0,65559> to <0,65577>
20230730-160724-2890 02851 * SendMessageInternal (udptransport.cc:442): Sending large replication.vr.proto.StateTransferMessage message in 2 fragments
20230730-160724-2893 02851 * HandleRequestStateTransfer (replica.cc:727):   [0] Sending state transfer from <0,65567> to <0,65577>
20230730-160724-2893 02851 * SendMessageInternal (udptransport.cc:442): Sending large replication.vr.proto.StateTransferMessage message in 2 fragments
20230730-160724-2894 02851 * HandleRequestStateTransfer (replica.cc:727):   [0] Sending state transfer from <0,65574> to <0,65577>
20230730-160724-2895 02851 * SendMessageInternal (udptransport.cc:442): Sending large replication.vr.proto.StateTransferMessage message in 2 fragments
20230730-160724-2895 02851 * HandleRequestStateTransfer (replica.cc:727):   [0] Sending state transfer from <0,65576> to <0,65577>
20230730-160724-2895 02851 * SendMessageInternal (udptransport.cc:442): Sending large replication.vr.proto.StateTransferMessage message in 2 fragments
20230730-160724-2896 02851 * HandleRequestStateTransfer (replica.cc:727):   [0] Sending state transfer from <0,65577> to <0,65577>
20230730-160724-2896 02851 * SendMessageInternal (udptransport.cc:442): Sending large replication.vr.proto.StateTransferMessage message in 2 fragments
20230730-160724-2923 02851 * HandleRequestStateTransfer (replica.cc:727):   [0] Sending state transfer from <0,65536> to <0,65604>
20230730-160724-2924 02851 * SendMessageInternal (udptransport.cc:442): Sending large replication.vr.proto.StateTransferMessage message in 4 fragments
20230730-160724-3408 02851 * HandleRequestStateTransfer (replica.cc:727):   [0] Sending state transfer from <0,66002> to <0,66016>
20230730-160724-3408 02851 * SendMessageInternal (udptransport.cc:442): Sending large replication.vr.proto.StateTransferMessage message in 2 fragments
20230730-160724-3416 02851 * HandleRequestStateTransfer (replica.cc:727):   [0] Sending state transfer from <0,66003> to <0,66027>
20230730-160724-3416 02851 * SendMessageInternal (udptransport.cc:442): Sending large replication.vr.proto.StateTransferMessage message in 2 fragments
20230730-160724-3417 02851 * HandleRequestStateTransfer (replica.cc:727):   [0] Sending state transfer from <0,66004> to <0,66027>
20230730-160724-3417 02851 * SendMessageInternal (udptransport.cc:442): Sending large replication.vr.proto.StateTransferMessage message in 2 fragments
20230730-160724-3418 02851 * HandleRequestStateTransfer (replica.cc:727):   [0] Sending state transfer from <0,66005> to <0,66027>
20230730-160724-3418 02851 * SendMessageInternal (udptransport.cc:442): Sending large replication.vr.proto.StateTransferMessage message in 2 fragments
20230730-160724-3420 02851 * HandleRequestStateTransfer (replica.cc:727):   [0] Sending state transfer from <0,66006> to <0,66028>
20230730-160724-3420 02851 * SendMessageInternal (udptransport.cc:442): Sending large replication.vr.proto.StateTransferMessage message in 2 fragments
20230730-160724-3425 02851 * HandleRequestStateTransfer (replica.cc:727):   [0] Sending state transfer from <0,66008> to <0,66029>
20230730-160724-3425 02851 * SendMessageInternal (udptransport.cc:442): Sending large replication.vr.proto.StateTransferMessage message in 2 fragments
20230730-160724-3427 02851 * HandleRequestStateTransfer (replica.cc:727):   [0] Sending state transfer from <0,66010> to <0,66031>
20230730-160724-3428 02851 * SendMessageInternal (udptransport.cc:442): Sending large replication.vr.proto.StateTransferMessage message in 2 fragments
20230730-160724-3431 02851 * HandleRequestStateTransfer (replica.cc:727):   [0] Sending state transfer from <0,66012> to <0,66033>
20230730-160724-3431 02851 * SendMessageInternal (udptransport.cc:442): Sending large replication.vr.proto.StateTransferMessage message in 2 fragments
20230730-160724-3433 02851 * HandleRequestStateTransfer (replica.cc:727):   [0] Sending state transfer from <0,66014> to <0,66033>
20230730-160724-3433 02851 * SendMessageInternal (udptransport.cc:442): Sending large replication.vr.proto.StateTransferMessage message in 2 fragments
20230730-160724-3435 02851 * HandleRequestStateTransfer (replica.cc:727):   [0] Sending state transfer from <0,66015> to <0,66033>
20230730-160724-3435 02851 * SendMessageInternal (udptransport.cc:442): Sending large replication.vr.proto.StateTransferMessage message in 2 fragments
20230730-160724-9071 02851 * ResendPrepare   (replica.cc:306):   [0] Resending prepare
20230730-160724-9516 02851 * HandleRequestStateTransfer (replica.cc:727):   [0] Sending state transfer from <0,71213> to <0,71217>
20230730-160724-9519 02851 * HandleRequestStateTransfer (replica.cc:727):   [0] Sending state transfer from <0,71215> to <0,71217>
20230730-160725-0649 02851 * HandleRequestStateTransfer (replica.cc:727):   [0] Sending state transfer from <0,71827> to <0,71831>
20230730-160725-0650 02851 * HandleRequestStateTransfer (replica.cc:727):   [0] Sending state transfer from <0,71827> to <0,71831>
20230730-160725-0652 02851 * HandleRequestStateTransfer (replica.cc:727):   [0] Sending state transfer from <0,71831> to <0,71832>
20230730-160725-0653 02851 * HandleRequestStateTransfer (replica.cc:727):   [0] Sending state transfer from <0,71831> to <0,71832>
20230730-160725-1338 02851 * HandleRequestStateTransfer (replica.cc:727):   [0] Sending state transfer from <0,72362> to <0,72397>
20230730-160725-1339 02851 * SendMessageInternal (udptransport.cc:442): Sending large replication.vr.proto.StateTransferMessage message in 2 fragments
20230730-160725-1342 02851 * HandleRequestStateTransfer (replica.cc:727):   [0] Sending state transfer from <0,72364> to <0,72397>
20230730-160725-1342 02851 * SendMessageInternal (udptransport.cc:442): Sending large replication.vr.proto.StateTransferMessage message in 2 fragments
20230730-160725-1345 02851 * HandleRequestStateTransfer (replica.cc:727):   [0] Sending state transfer from <0,72368> to <0,72397>
20230730-160725-1346 02851 * SendMessageInternal (udptransport.cc:442): Sending large replication.vr.proto.StateTransferMessage message in 2 fragments
20230730-160725-8595 02851 * HandleRequestStateTransfer (replica.cc:727):   [0] Sending state transfer from <0,77588> to <0,77615>
20230730-160725-8602 02851 * SendMessageInternal (udptransport.cc:442): Sending large replication.vr.proto.StateTransferMessage message in 2 fragments
20230730-160725-8610 02851 * HandleRequestStateTransfer (replica.cc:727):   [0] Sending state transfer from <0,77593> to <0,77621>
20230730-160725-8610 02851 * SendMessageInternal (udptransport.cc:442): Sending large replication.vr.proto.StateTransferMessage message in 2 fragments
20230730-160725-8611 02851 * HandleRequestStateTransfer (replica.cc:727):   [0] Sending state transfer from <0,77594> to <0,77621>
20230730-160725-8611 02851 * SendMessageInternal (udptransport.cc:442): Sending large replication.vr.proto.StateTransferMessage message in 2 fragments
20230730-160725-9025 02851 ! releaseForRead  (lockserver.cc:293): [1132273544978140026] Releasing unheld read lock: zNcHKCmsf0NlPPGITEOcV4m1ks7AQjod2X0ED3XJpdFo4ZTRhNwsholOAXjtI4wv
20230730-160727-1235 02851 ! releaseForWrite (lockserver.cc:353): [-3453931972249341585] Releasing unheld write lock: n3cmB51J8AP87Fwa8xz5G9yOVISyb4MGKIlxv6fmsSgWggT0QsfBr3tYtO1b9hDm
20230730-160727-1603 02851 ! releaseForWrite (lockserver.cc:353): [3341154749599110025] Releasing unheld write lock: n3cmB51J8AP87Fwa8xz5G9yOVISyb4MGKIlxv6fmsSgWggT0QsfBr3tYtO1b9hDm
20230730-160727-4679 02851 * HandleRequestStateTransfer (replica.cc:727):   [0] Sending state transfer from <0,89467> to <0,89519>
20230730-160727-4687 02851 * SendMessageInternal (udptransport.cc:442): Sending large replication.vr.proto.StateTransferMessage message in 4 fragments
20230730-160727-4695 02851 * HandleRequestStateTransfer (replica.cc:727):   [0] Sending state transfer from <0,89508> to <0,89522>
20230730-160727-4696 02851 * SendMessageInternal (udptransport.cc:442): Sending large replication.vr.proto.StateTransferMessage message in 2 fragments
20230730-160727-4698 02851 * HandleRequestStateTransfer (replica.cc:727):   [0] Sending state transfer from <0,89514> to <0,89524>
20230730-160727-4698 02851 * SendMessageInternal (udptransport.cc:442): Sending large replication.vr.proto.StateTransferMessage message in 2 fragments
20230730-160727-4699 02851 * HandleRequestStateTransfer (replica.cc:727):   [0] Sending state transfer from <0,89515> to <0,89525>
20230730-160727-4700 02851 * SendMessageInternal (udptransport.cc:442): Sending large replication.vr.proto.StateTransferMessage message in 2 fragments
20230730-160727-4702 02851 * HandleRequestStateTransfer (replica.cc:727):   [0] Sending state transfer from <0,89516> to <0,89527>
20230730-160727-4703 02851 * SendMessageInternal (udptransport.cc:442): Sending large replication.vr.proto.StateTransferMessage message in 2 fragments
20230730-160728-4541 02851 * HandleRequestStateTransfer (replica.cc:727):   [0] Sending state transfer from <0,97499> to <0,97506>
20230730-160728-4546 02851 * HandleRequestStateTransfer (replica.cc:727):   [0] Sending state transfer from <0,97500> to <0,97512>
20230730-160728-4550 02851 * HandleRequestStateTransfer (replica.cc:727):   [0] Sending state transfer from <0,97502> to <0,97514>
20230730-160728-4554 02851 * HandleRequestStateTransfer (replica.cc:727):   [0] Sending state transfer from <0,97503> to <0,97518>
20230730-160728-4554 02851 * SendMessageInternal (udptransport.cc:442): Sending large replication.vr.proto.StateTransferMessage message in 2 fragments
20230730-160729-2898 02851 * HandleRequestStateTransfer (replica.cc:727):   [0] Sending state transfer from <0,103475> to <0,103529>
20230730-160729-2899 02851 * SendMessageInternal (udptransport.cc:442): Sending large replication.vr.proto.StateTransferMessage message in 4 fragments
20230730-160730-0075 02851 ! releaseForWrite (lockserver.cc:353): [-3453931972249341579] Releasing unheld write lock: n3cmB51J8AP87Fwa8xz5G9yOVISyb4MGKIlxv6fmsSgWggT0QsfBr3tYtO1b9hDm
20230730-160730-0149 02851 ! releaseForWrite (lockserver.cc:353): [9118173381756010033] Releasing unheld write lock: n3cmB51J8AP87Fwa8xz5G9yOVISyb4MGKIlxv6fmsSgWggT0QsfBr3tYtO1b9hDm
20230730-160730-1623 02851 ! releaseForRead  (lockserver.cc:293): [-118784263559281498] Releasing unheld read lock: n3cmB51J8AP87Fwa8xz5G9yOVISyb4MGKIlxv6fmsSgWggT0QsfBr3tYtO1b9hDm
20230730-160730-4215 02851 * HandleRequestStateTransfer (replica.cc:727):   [0] Sending state transfer from <0,111973> to <0,111989>
20230730-160730-4215 02851 * SendMessageInternal (udptransport.cc:442): Sending large replication.vr.proto.StateTransferMessage message in 2 fragments
20230730-160730-4216 02851 * HandleRequestStateTransfer (replica.cc:727):   [0] Sending state transfer from <0,111974> to <0,111989>
20230730-160730-4217 02851 * SendMessageInternal (udptransport.cc:442): Sending large replication.vr.proto.StateTransferMessage message in 2 fragments
20230730-160730-4219 02851 * HandleRequestStateTransfer (replica.cc:727):   [0] Sending state transfer from <0,111976> to <0,111990>
20230730-160730-4220 02851 * SendMessageInternal (udptransport.cc:442): Sending large replication.vr.proto.StateTransferMessage message in 2 fragments
20230730-160730-4221 02851 * HandleRequestStateTransfer (replica.cc:727):   [0] Sending state transfer from <0,111977> to <0,111991>
20230730-160730-4222 02851 * SendMessageInternal (udptransport.cc:442): Sending large replication.vr.proto.StateTransferMessage message in 2 fragments
20230730-160730-4222 02851 * HandleRequestStateTransfer (replica.cc:727):   [0] Sending state transfer from <0,111980> to <0,111991>
20230730-160730-4223 02851 * SendMessageInternal (udptransport.cc:442): Sending large replication.vr.proto.StateTransferMessage message in 2 fragments
20230730-160730-4227 02851 * HandleRequestStateTransfer (replica.cc:727):   [0] Sending state transfer from <0,111982> to <0,111995>
20230730-160730-4227 02851 * SendMessageInternal (udptransport.cc:442): Sending large replication.vr.proto.StateTransferMessage message in 2 fragments
20230730-160730-4230 02851 * HandleRequestStateTransfer (replica.cc:727):   [0] Sending state transfer from <0,111983> to <0,111997>
20230730-160730-4230 02851 * SendMessageInternal (udptransport.cc:442): Sending large replication.vr.proto.StateTransferMessage message in 2 fragments
20230730-160731-5602 02851 * HandleRequestStateTransfer (replica.cc:727):   [0] Sending state transfer from <0,120535> to <0,120546>
20230730-160731-5605 02851 * SendMessageInternal (udptransport.cc:442): Sending large replication.vr.proto.StateTransferMessage message in 2 fragments
20230730-160732-5788 02851 * HandleRequestStateTransfer (replica.cc:727):   [0] Sending state transfer from <0,127708> to <0,127721>
20230730-160732-5790 02851 * SendMessageInternal (udptransport.cc:442): Sending large replication.vr.proto.StateTransferMessage message in 2 fragments
20230730-160732-5790 02851 * HandleRequestStateTransfer (replica.cc:727):   [0] Sending state transfer from <0,127708> to <0,127721>
20230730-160732-5790 02851 * SendMessageInternal (udptransport.cc:442): Sending large replication.vr.proto.StateTransferMessage message in 2 fragments
20230730-160732-5791 02851 * HandleRequestStateTransfer (replica.cc:727):   [0] Sending state transfer from <0,127709> to <0,127722>
20230730-160732-5792 02851 * SendMessageInternal (udptransport.cc:442): Sending large replication.vr.proto.StateTransferMessage message in 2 fragments
20230730-160732-5792 02851 * HandleRequestStateTransfer (replica.cc:727):   [0] Sending state transfer from <0,127709> to <0,127722>
20230730-160732-5793 02851 * SendMessageInternal (udptransport.cc:442): Sending large replication.vr.proto.StateTransferMessage message in 2 fragments
20230730-160732-5793 02851 * HandleRequestStateTransfer (replica.cc:727):   [0] Sending state transfer from <0,127710> to <0,127722>
20230730-160732-5794 02851 * SendMessageInternal (udptransport.cc:442): Sending large replication.vr.proto.StateTransferMessage message in 2 fragments
20230730-160732-5795 02851 * HandleRequestStateTransfer (replica.cc:727):   [0] Sending state transfer from <0,127710> to <0,127722>
20230730-160732-5795 02851 * SendMessageInternal (udptransport.cc:442): Sending large replication.vr.proto.StateTransferMessage message in 2 fragments
20230730-160732-5796 02851 * HandleRequestStateTransfer (replica.cc:727):   [0] Sending state transfer from <0,127712> to <0,127722>
20230730-160732-5796 02851 * SendMessageInternal (udptransport.cc:442): Sending large replication.vr.proto.StateTransferMessage message in 2 fragments
20230730-160732-5797 02851 * HandleRequestStateTransfer (replica.cc:727):   [0] Sending state transfer from <0,127713> to <0,127722>
20230730-160732-5797 02851 * SendMessageInternal (udptransport.cc:442): Sending large replication.vr.proto.StateTransferMessage message in 2 fragments
20230730-160732-5798 02851 * HandleRequestStateTransfer (replica.cc:727):   [0] Sending state transfer from <0,127712> to <0,127722>
20230730-160732-5798 02851 * SendMessageInternal (udptransport.cc:442): Sending large replication.vr.proto.StateTransferMessage message in 2 fragments
20230730-160732-5799 02851 * HandleRequestStateTransfer (replica.cc:727):   [0] Sending state transfer from <0,127713> to <0,127722>
20230730-160732-5799 02851 * SendMessageInternal (udptransport.cc:442): Sending large replication.vr.proto.StateTransferMessage message in 2 fragments
20230730-160732-5801 02851 * HandleRequestStateTransfer (replica.cc:727):   [0] Sending state transfer from <0,127715> to <0,127722>
20230730-160732-5801 02851 * SendMessageInternal (udptransport.cc:442): Sending large replication.vr.proto.StateTransferMessage message in 2 fragments
20230730-160732-5802 02851 * HandleRequestStateTransfer (replica.cc:727):   [0] Sending state transfer from <0,127716> to <0,127722>
20230730-160732-5803 02851 * SendMessageInternal (udptransport.cc:442): Sending large replication.vr.proto.StateTransferMessage message in 2 fragments
20230730-160732-5803 02851 * HandleRequestStateTransfer (replica.cc:727):   [0] Sending state transfer from <0,127715> to <0,127722>
20230730-160732-5804 02851 * SendMessageInternal (udptransport.cc:442): Sending large replication.vr.proto.StateTransferMessage message in 2 fragments
20230730-160732-5804 02851 * HandleRequestStateTransfer (replica.cc:727):   [0] Sending state transfer from <0,127717> to <0,127722>
20230730-160732-5804 02851 * SendMessageInternal (udptransport.cc:442): Sending large replication.vr.proto.StateTransferMessage message in 2 fragments
20230730-160732-5805 02851 * HandleRequestStateTransfer (replica.cc:727):   [0] Sending state transfer from <0,127718> to <0,127722>
20230730-160732-5805 02851 * SendMessageInternal (udptransport.cc:442): Sending large replication.vr.proto.StateTransferMessage message in 2 fragments
20230730-160732-5805 02851 * HandleRequestStateTransfer (replica.cc:727):   [0] Sending state transfer from <0,127716> to <0,127722>
20230730-160732-5806 02851 * SendMessageInternal (udptransport.cc:442): Sending large replication.vr.proto.StateTransferMessage message in 2 fragments
20230730-160732-5807 02851 * HandleRequestStateTransfer (replica.cc:727):   [0] Sending state transfer from <0,127717> to <0,127722>
20230730-160732-5807 02851 * SendMessageInternal (udptransport.cc:442): Sending large replication.vr.proto.StateTransferMessage message in 2 fragments
20230730-160732-5807 02851 * HandleRequestStateTransfer (replica.cc:727):   [0] Sending state transfer from <0,127719> to <0,127722>
20230730-160732-5808 02851 * SendMessageInternal (udptransport.cc:442): Sending large replication.vr.proto.StateTransferMessage message in 2 fragments
20230730-160732-5808 02851 * HandleRequestStateTransfer (replica.cc:727):   [0] Sending state transfer from <0,127718> to <0,127722>
20230730-160732-5808 02851 * SendMessageInternal (udptransport.cc:442): Sending large replication.vr.proto.StateTransferMessage message in 2 fragments
20230730-160732-5809 02851 * HandleRequestStateTransfer (replica.cc:727):   [0] Sending state transfer from <0,127721> to <0,127722>
20230730-160732-5809 02851 * SendMessageInternal (udptransport.cc:442): Sending large replication.vr.proto.StateTransferMessage message in 2 fragments
20230730-160732-5810 02851 * HandleRequestStateTransfer (replica.cc:727):   [0] Sending state transfer from <0,127719> to <0,127722>
20230730-160732-5810 02851 * SendMessageInternal (udptransport.cc:442): Sending large replication.vr.proto.StateTransferMessage message in 2 fragments
20230730-160732-5811 02851 * HandleRequestStateTransfer (replica.cc:727):   [0] Sending state transfer from <0,127721> to <0,127722>
20230730-160732-5811 02851 * SendMessageInternal (udptransport.cc:442): Sending large replication.vr.proto.StateTransferMessage message in 2 fragments
20230730-160733-1165 02851 * ResendPrepare   (replica.cc:306):   [0] Resending prepare
20230730-160733-1917 02851 * HandleRequestStateTransfer (replica.cc:727):   [0] Sending state transfer from <0,131093> to <0,131122>
20230730-160733-2043 02851 * SendMessageInternal (udptransport.cc:442): Sending large replication.vr.proto.StateTransferMessage message in 2 fragments
20230730-160733-2045 02851 * HandleRequestStateTransfer (replica.cc:727):   [0] Sending state transfer from <0,131093> to <0,131122>
20230730-160733-2046 02851 * SendMessageInternal (udptransport.cc:442): Sending large replication.vr.proto.StateTransferMessage message in 2 fragments
20230730-160733-2048 02851 * HandleRequestStateTransfer (replica.cc:727):   [0] Sending state transfer from <0,131105> to <0,131122>
20230730-160733-2048 02851 * SendMessageInternal (udptransport.cc:442): Sending large replication.vr.proto.StateTransferMessage message in 2 fragments
20230730-160733-2049 02851 * HandleRequestStateTransfer (replica.cc:727):   [0] Sending state transfer from <0,131105> to <0,131122>
20230730-160733-2049 02851 * SendMessageInternal (udptransport.cc:442): Sending large replication.vr.proto.StateTransferMessage message in 2 fragments
20230730-160733-2056 02851 * HandleRequestStateTransfer (replica.cc:727):   [0] Sending state transfer from <0,131109> to <0,131122>
20230730-160733-2057 02851 * SendMessageInternal (udptransport.cc:442): Sending large replication.vr.proto.StateTransferMessage message in 3 fragments
20230730-160733-2057 02851 * HandleRequestStateTransfer (replica.cc:727):   [0] Sending state transfer from <0,131116> to <0,131122>
20230730-160733-2058 02851 * SendMessageInternal (udptransport.cc:442): Sending large replication.vr.proto.StateTransferMessage message in 2 fragments
20230730-160733-2058 02851 * HandleRequestStateTransfer (replica.cc:727):   [0] Sending state transfer from <0,131109> to <0,131122>
20230730-160733-2058 02851 * SendMessageInternal (udptransport.cc:442): Sending large replication.vr.proto.StateTransferMessage message in 3 fragments
20230730-160733-2059 02851 * HandleRequestStateTransfer (replica.cc:727):   [0] Sending state transfer from <0,131122> to <0,131122>
20230730-160733-2059 02851 * SendMessageInternal (udptransport.cc:442): Sending large replication.vr.proto.StateTransferMessage message in 2 fragments
20230730-160733-2060 02851 * HandleRequestStateTransfer (replica.cc:727):   [0] Sending state transfer from <0,131116> to <0,131122>
20230730-160733-2060 02851 * SendMessageInternal (udptransport.cc:442): Sending large replication.vr.proto.StateTransferMessage message in 2 fragments
20230730-160733-2060 02851 * HandleRequestStateTransfer (replica.cc:727):   [0] Sending state transfer from <0,131122> to <0,131122>
20230730-160733-2061 02851 * SendMessageInternal (udptransport.cc:442): Sending large replication.vr.proto.StateTransferMessage message in 2 fragments
20230730-160734-4123 02851 * HandleRequestStateTransfer (replica.cc:727):   [0] Sending state transfer from <0,140761> to <0,140769>
20230730-160734-4125 02851 * HandleRequestStateTransfer (replica.cc:727):   [0] Sending state transfer from <0,140764> to <0,140769>
20230730-160734-4128 02851 * HandleRequestStateTransfer (replica.cc:727):   [0] Sending state transfer from <0,140765> to <0,140774>
20230730-160734-4131 02851 * HandleRequestStateTransfer (replica.cc:727):   [0] Sending state transfer from <0,140769> to <0,140775>
20230730-160735-7168 02851 * HandleRequestStateTransfer (replica.cc:727):   [0] Sending state transfer from <0,150674> to <0,150683>
20230730-160735-7180 02851 * SendMessageInternal (udptransport.cc:442): Sending large replication.vr.proto.StateTransferMessage message in 2 fragments
20230730-160735-7181 02851 * HandleRequestStateTransfer (replica.cc:727):   [0] Sending state transfer from <0,150675> to <0,150684>
20230730-160735-7181 02851 * SendMessageInternal (udptransport.cc:442): Sending large replication.vr.proto.StateTransferMessage message in 2 fragments
20230730-160735-7183 02851 * HandleRequestStateTransfer (replica.cc:727):   [0] Sending state transfer from <0,150676> to <0,150684>
20230730-160735-7183 02851 * SendMessageInternal (udptransport.cc:442): Sending large replication.vr.proto.StateTransferMessage message in 2 fragments
20230730-160735-7184 02851 * HandleRequestStateTransfer (replica.cc:727):   [0] Sending state transfer from <0,150677> to <0,150684>
20230730-160735-7184 02851 * SendMessageInternal (udptransport.cc:442): Sending large replication.vr.proto.StateTransferMessage message in 2 fragments
20230730-160735-7185 02851 * HandleRequestStateTransfer (replica.cc:727):   [0] Sending state transfer from <0,150678> to <0,150684>
20230730-160735-7186 02851 * SendMessageInternal (udptransport.cc:442): Sending large replication.vr.proto.StateTransferMessage message in 2 fragments
20230730-160735-7188 02851 * HandleRequestStateTransfer (replica.cc:727):   [0] Sending state transfer from <0,150674> to <0,150684>
20230730-160735-7188 02851 * SendMessageInternal (udptransport.cc:442): Sending large replication.vr.proto.StateTransferMessage message in 2 fragments
20230730-160735-7189 02851 * HandleRequestStateTransfer (replica.cc:727):   [0] Sending state transfer from <0,150680> to <0,150684>
20230730-160735-7189 02851 * SendMessageInternal (udptransport.cc:442): Sending large replication.vr.proto.StateTransferMessage message in 2 fragments
20230730-160735-7190 02851 * HandleRequestStateTransfer (replica.cc:727):   [0] Sending state transfer from <0,150675> to <0,150684>
20230730-160735-7191 02851 * SendMessageInternal (udptransport.cc:442): Sending large replication.vr.proto.StateTransferMessage message in 2 fragments
20230730-160735-7192 02851 * HandleRequestStateTransfer (replica.cc:727):   [0] Sending state transfer from <0,150681> to <0,150684>
20230730-160735-7192 02851 * SendMessageInternal (udptransport.cc:442): Sending large replication.vr.proto.StateTransferMessage message in 2 fragments
20230730-160735-7193 02851 * HandleRequestStateTransfer (replica.cc:727):   [0] Sending state transfer from <0,150676> to <0,150684>
20230730-160735-7193 02851 * SendMessageInternal (udptransport.cc:442): Sending large replication.vr.proto.StateTransferMessage message in 2 fragments
20230730-160735-7195 02851 * HandleRequestStateTransfer (replica.cc:727):   [0] Sending state transfer from <0,150677> to <0,150684>
20230730-160735-7195 02851 * SendMessageInternal (udptransport.cc:442): Sending large replication.vr.proto.StateTransferMessage message in 2 fragments
20230730-160735-7196 02851 * HandleRequestStateTransfer (replica.cc:727):   [0] Sending state transfer from <0,150678> to <0,150684>
20230730-160735-7196 02851 * SendMessageInternal (udptransport.cc:442): Sending large replication.vr.proto.StateTransferMessage message in 2 fragments
20230730-160735-7197 02851 * HandleRequestStateTransfer (replica.cc:727):   [0] Sending state transfer from <0,150680> to <0,150684>
20230730-160735-7197 02851 * SendMessageInternal (udptransport.cc:442): Sending large replication.vr.proto.StateTransferMessage message in 2 fragments
20230730-160735-7198 02851 * HandleRequestStateTransfer (replica.cc:727):   [0] Sending state transfer from <0,150681> to <0,150684>
20230730-160735-7198 02851 * SendMessageInternal (udptransport.cc:442): Sending large replication.vr.proto.StateTransferMessage message in 2 fragments
20230730-160735-7211 02851 * HandleRequestStateTransfer (replica.cc:727):   [0] Sending state transfer from <0,150684> to <0,150702>
20230730-160735-7212 02851 * SendMessageInternal (udptransport.cc:442): Sending large replication.vr.proto.StateTransferMessage message in 2 fragments
20230730-160736-2780 02851 * HandleRequestStateTransfer (replica.cc:727):   [0] Sending state transfer from <0,155542> to <0,155559>
20230730-160736-2789 02851 * SendMessageInternal (udptransport.cc:442): Sending large replication.vr.proto.StateTransferMessage message in 2 fragments
20230730-160736-2790 02851 * HandleRequestStateTransfer (replica.cc:727):   [0] Sending state transfer from <0,155543> to <0,155560>
20230730-160736-2791 02851 * SendMessageInternal (udptransport.cc:442): Sending large replication.vr.proto.StateTransferMessage message in 2 fragments
20230730-160736-2794 02851 * HandleRequestStateTransfer (replica.cc:727):   [0] Sending state transfer from <0,155545> to <0,155563>
20230730-160736-2794 02851 * SendMessageInternal (udptransport.cc:442): Sending large replication.vr.proto.StateTransferMessage message in 2 fragments
20230730-160736-2797 02851 * HandleRequestStateTransfer (replica.cc:727):   [0] Sending state transfer from <0,155548> to <0,155565>
20230730-160736-2797 02851 * SendMessageInternal (udptransport.cc:442): Sending large replication.vr.proto.StateTransferMessage message in 2 fragments
20230730-160737-5682 02851 * HandleRequestStateTransfer (replica.cc:727):   [0] Sending state transfer from <0,166718> to <0,166735>
20230730-160737-5695 02851 * SendMessageInternal (udptransport.cc:442): Sending large replication.vr.proto.StateTransferMessage message in 2 fragments
20230730-160737-5696 02851 * HandleRequestStateTransfer (replica.cc:727):   [0] Sending state transfer from <0,166719> to <0,166735>
20230730-160737-5697 02851 * SendMessageInternal (udptransport.cc:442): Sending large replication.vr.proto.StateTransferMessage message in 2 fragments
20230730-160737-5699 02851 * HandleRequestStateTransfer (replica.cc:727):   [0] Sending state transfer from <0,166720> to <0,166736>
20230730-160737-5699 02851 * SendMessageInternal (udptransport.cc:442): Sending large replication.vr.proto.StateTransferMessage message in 2 fragments
20230730-160737-5702 02851 * HandleRequestStateTransfer (replica.cc:727):   [0] Sending state transfer from <0,166721> to <0,166739>
20230730-160737-5702 02851 * SendMessageInternal (udptransport.cc:442): Sending large replication.vr.proto.StateTransferMessage message in 2 fragments
20230730-160737-5703 02851 * HandleRequestStateTransfer (replica.cc:727):   [0] Sending state transfer from <0,166722> to <0,166739>
20230730-160737-5703 02851 * SendMessageInternal (udptransport.cc:442): Sending large replication.vr.proto.StateTransferMessage message in 2 fragments
20230730-160737-5706 02851 * HandleRequestStateTransfer (replica.cc:727):   [0] Sending state transfer from <0,166723> to <0,166741>
20230730-160737-5706 02851 * SendMessageInternal (udptransport.cc:442): Sending large replication.vr.proto.StateTransferMessage message in 2 fragments
20230730-160737-5710 02851 * HandleRequestStateTransfer (replica.cc:727):   [0] Sending state transfer from <0,166725> to <0,166744>
20230730-160737-5710 02851 * SendMessageInternal (udptransport.cc:442): Sending large replication.vr.proto.StateTransferMessage message in 2 fragments
20230730-160737-5712 02851 * HandleRequestStateTransfer (replica.cc:727):   [0] Sending state transfer from <0,166726> to <0,166746>
20230730-160737-5713 02851 * SendMessageInternal (udptransport.cc:442): Sending large replication.vr.proto.StateTransferMessage message in 2 fragments
20230730-160737-9535 02851 * HandleRequestStateTransfer (replica.cc:727):   [0] Sending state transfer from <0,169952> to <0,169999>
20230730-160737-9535 02851 * SendMessageInternal (udptransport.cc:442): Sending large replication.vr.proto.StateTransferMessage message in 3 fragments
20230730-160737-9538 02851 * HandleRequestStateTransfer (replica.cc:727):   [0] Sending state transfer from <0,169964> to <0,170000>
20230730-160737-9539 02851 * SendMessageInternal (udptransport.cc:442): Sending large replication.vr.proto.StateTransferMessage message in 2 fragments
20230730-160737-9540 02851 * HandleRequestStateTransfer (replica.cc:727):   [0] Sending state transfer from <0,169966> to <0,170000>
20230730-160737-9540 02851 * SendMessageInternal (udptransport.cc:442): Sending large replication.vr.proto.StateTransferMessage message in 2 fragments
20230730-160738-1623 02851 * HandleRequestStateTransfer (replica.cc:727):   [0] Sending state transfer from <0,171664> to <0,171709>
20230730-160738-1624 02851 * SendMessageInternal (udptransport.cc:442): Sending large replication.vr.proto.StateTransferMessage message in 3 fragments
20230730-160738-1624 02851 * HandleRequestStateTransfer (replica.cc:727):   [0] Sending state transfer from <0,171667> to <0,171709>
20230730-160738-1625 02851 * SendMessageInternal (udptransport.cc:442): Sending large replication.vr.proto.StateTransferMessage message in 3 fragments
20230730-160738-1626 02851 * HandleRequestStateTransfer (replica.cc:727):   [0] Sending state transfer from <0,171669> to <0,171709>
20230730-160738-1627 02851 * SendMessageInternal (udptransport.cc:442): Sending large replication.vr.proto.StateTransferMessage message in 3 fragments
20230730-160738-1628 02851 * HandleRequestStateTransfer (replica.cc:727):   [0] Sending state transfer from <0,171670> to <0,171709>
20230730-160738-1629 02851 * SendMessageInternal (udptransport.cc:442): Sending large replication.vr.proto.StateTransferMessage message in 3 fragments
20230730-160738-1631 02851 * HandleRequestStateTransfer (replica.cc:727):   [0] Sending state transfer from <0,171671> to <0,171710>
20230730-160738-1631 02851 * SendMessageInternal (udptransport.cc:442): Sending large replication.vr.proto.StateTransferMessage message in 3 fragments
20230730-160738-5047 02851 * HandleRequestStateTransfer (replica.cc:727):   [0] Sending state transfer from <0,174597> to <0,174612>
20230730-160738-5048 02851 * SendMessageInternal (udptransport.cc:442): Sending large replication.vr.proto.StateTransferMessage message in 2 fragments
20230730-160738-5051 02851 * HandleRequestStateTransfer (replica.cc:727):   [0] Sending state transfer from <0,174598> to <0,174614>
20230730-160738-5051 02851 * SendMessageInternal (udptransport.cc:442): Sending large replication.vr.proto.StateTransferMessage message in 2 fragments
20230730-160738-5053 02851 * HandleRequestStateTransfer (replica.cc:727):   [0] Sending state transfer from <0,174599> to <0,174615>
20230730-160738-5053 02851 * SendMessageInternal (udptransport.cc:442): Sending large replication.vr.proto.StateTransferMessage message in 2 fragments
20230730-160740-0154 02851 * HandleRequestStateTransfer (replica.cc:727):   [0] Sending state transfer from <0,187010> to <0,187026>
20230730-160740-0154 02851 * SendMessageInternal (udptransport.cc:442): Sending large replication.vr.proto.StateTransferMessage message in 2 fragments
20230730-160740-0156 02851 * HandleRequestStateTransfer (replica.cc:727):   [0] Sending state transfer from <0,187011> to <0,187027>
20230730-160740-0157 02851 * SendMessageInternal (udptransport.cc:442): Sending large replication.vr.proto.StateTransferMessage message in 2 fragments
20230730-160740-6829 02851 * HandleRequestStateTransfer (replica.cc:727):   [0] Sending state transfer from <0,191658> to <0,191724>
20230730-160740-6830 02851 * SendMessageInternal (udptransport.cc:442): Sending large replication.vr.proto.StateTransferMessage message in 4 fragments
20230730-160740-6844 02851 * HandleRequestStateTransfer (replica.cc:727):   [0] Sending state transfer from <0,191714> to <0,191737>
20230730-160740-6845 02851 * SendMessageInternal (udptransport.cc:442): Sending large replication.vr.proto.StateTransferMessage message in 2 fragments
20230730-160740-6846 02851 * HandleRequestStateTransfer (replica.cc:727):   [0] Sending state transfer from <0,191717> to <0,191737>
20230730-160740-6846 02851 * SendMessageInternal (udptransport.cc:442): Sending large replication.vr.proto.StateTransferMessage message in 2 fragments
20230730-160740-6848 02851 * HandleRequestStateTransfer (replica.cc:727):   [0] Sending state transfer from <0,191718> to <0,191738>
20230730-160740-6849 02851 * SendMessageInternal (udptransport.cc:442): Sending large replication.vr.proto.StateTransferMessage message in 2 fragments
20230730-160740-6850 02851 * HandleRequestStateTransfer (replica.cc:727):   [0] Sending state transfer from <0,191720> to <0,191739>
20230730-160740-6851 02851 * SendMessageInternal (udptransport.cc:442): Sending large replication.vr.proto.StateTransferMessage message in 2 fragments
20230730-160740-6851 02851 * HandleRequestStateTransfer (replica.cc:727):   [0] Sending state transfer from <0,191721> to <0,191739>
20230730-160740-6852 02851 * SendMessageInternal (udptransport.cc:442): Sending large replication.vr.proto.StateTransferMessage message in 2 fragments
20230730-160740-6852 02851 * HandleRequestStateTransfer (replica.cc:727):   [0] Sending state transfer from <0,191722> to <0,191739>
20230730-160740-6853 02851 * SendMessageInternal (udptransport.cc:442): Sending large replication.vr.proto.StateTransferMessage message in 2 fragments
20230730-160740-7642 02851 * HandleRequestStateTransfer (replica.cc:727):   [0] Sending state transfer from <0,192316> to <0,192328>
20230730-160740-7643 02851 * SendMessageInternal (udptransport.cc:442): Sending large replication.vr.proto.StateTransferMessage message in 2 fragments
20230730-160740-7645 02851 * HandleRequestStateTransfer (replica.cc:727):   [0] Sending state transfer from <0,192317> to <0,192330>
20230730-160740-7645 02851 * SendMessageInternal (udptransport.cc:442): Sending large replication.vr.proto.StateTransferMessage message in 2 fragments
20230730-160740-7649 02851 * HandleRequestStateTransfer (replica.cc:727):   [0] Sending state transfer from <0,192318> to <0,192332>
20230730-160740-7649 02851 * SendMessageInternal (udptransport.cc:442): Sending large replication.vr.proto.StateTransferMessage message in 2 fragments
20230730-160740-7651 02851 * HandleRequestStateTransfer (replica.cc:727):   [0] Sending state transfer from <0,192319> to <0,192332>
20230730-160740-7651 02851 * SendMessageInternal (udptransport.cc:442): Sending large replication.vr.proto.StateTransferMessage message in 2 fragments
20230730-160740-8398 02851 * HandleRequestStateTransfer (replica.cc:727):   [0] Sending state transfer from <0,192932> to <0,192945>
20230730-160740-8398 02851 * SendMessageInternal (udptransport.cc:442): Sending large replication.vr.proto.StateTransferMessage message in 2 fragments
20230730-160740-8402 02851 * HandleRequestStateTransfer (replica.cc:727):   [0] Sending state transfer from <0,192933> to <0,192948>
20230730-160740-8403 02851 * SendMessageInternal (udptransport.cc:442): Sending large replication.vr.proto.StateTransferMessage message in 2 fragments
20230730-160740-8407 02851 * HandleRequestStateTransfer (replica.cc:727):   [0] Sending state transfer from <0,192935> to <0,192951>
20230730-160740-8408 02851 * SendMessageInternal (udptransport.cc:442): Sending large replication.vr.proto.StateTransferMessage message in 2 fragments
20230730-160740-8415 02851 * HandleRequestStateTransfer (replica.cc:727):   [0] Sending state transfer from <0,192937> to <0,192960>
20230730-160740-8415 02851 * SendMessageInternal (udptransport.cc:442): Sending large replication.vr.proto.StateTransferMessage message in 2 fragments
20230730-160740-8420 02851 * HandleRequestStateTransfer (replica.cc:727):   [0] Sending state transfer from <0,192938> to <0,192963>
20230730-160740-8420 02851 * SendMessageInternal (udptransport.cc:442): Sending large replication.vr.proto.StateTransferMessage message in 2 fragments
20230730-160741-2261 02851 * HandleRequestStateTransfer (replica.cc:727):   [0] Sending state transfer from <0,195927> to <0,195988>
20230730-160741-2262 02851 * SendMessageInternal (udptransport.cc:442): Sending large replication.vr.proto.StateTransferMessage message in 3 fragments
20230730-160741-2701 02851 * HandleRequestStateTransfer (replica.cc:727):   [0] Sending state transfer from <0,196288> to <0,196328>
20230730-160741-2702 02851 * SendMessageInternal (udptransport.cc:442): Sending large replication.vr.proto.StateTransferMessage message in 3 fragments
20230730-160741-2703 02851 * HandleRequestStateTransfer (replica.cc:727):   [0] Sending state transfer from <0,196291> to <0,196329>
20230730-160741-2704 02851 * SendMessageInternal (udptransport.cc:442): Sending large replication.vr.proto.StateTransferMessage message in 3 fragments
20230730-160741-2706 02851 * HandleRequestStateTransfer (replica.cc:727):   [0] Sending state transfer from <0,196293> to <0,196330>
20230730-160741-2706 02851 * SendMessageInternal (udptransport.cc:442): Sending large replication.vr.proto.StateTransferMessage message in 2 fragments
20230730-160741-2707 02851 * HandleRequestStateTransfer (replica.cc:727):   [0] Sending state transfer from <0,196294> to <0,196330>
20230730-160741-2708 02851 * SendMessageInternal (udptransport.cc:442): Sending large replication.vr.proto.StateTransferMessage message in 2 fragments
20230730-160741-2710 02851 * HandleRequestStateTransfer (replica.cc:727):   [0] Sending state transfer from <0,196295> to <0,196331>
20230730-160741-2711 02851 * SendMessageInternal (udptransport.cc:442): Sending large replication.vr.proto.StateTransferMessage message in 2 fragments
20230730-160741-2712 02851 * HandleRequestStateTransfer (replica.cc:727):   [0] Sending state transfer from <0,196298> to <0,196331>
20230730-160741-2713 02851 * SendMessageInternal (udptransport.cc:442): Sending large replication.vr.proto.StateTransferMessage message in 2 fragments
20230730-160741-2714 02851 * HandleRequestStateTransfer (replica.cc:727):   [0] Sending state transfer from <0,196299> to <0,196331>
20230730-160741-2715 02851 * SendMessageInternal (udptransport.cc:442): Sending large replication.vr.proto.StateTransferMessage message in 2 fragments
20230730-160741-2717 02851 * HandleRequestStateTransfer (replica.cc:727):   [0] Sending state transfer from <0,196302> to <0,196332>
20230730-160741-2717 02851 * SendMessageInternal (udptransport.cc:442): Sending large replication.vr.proto.StateTransferMessage message in 2 fragments
20230730-160741-2719 02851 * HandleRequestStateTransfer (replica.cc:727):   [0] Sending state transfer from <0,196303> to <0,196333>
20230730-160741-2719 02851 * SendMessageInternal (udptransport.cc:442): Sending large replication.vr.proto.StateTransferMessage message in 2 fragments
20230730-160741-2721 02851 * HandleRequestStateTransfer (replica.cc:727):   [0] Sending state transfer from <0,196304> to <0,196333>
20230730-160741-2722 02851 * SendMessageInternal (udptransport.cc:442): Sending large replication.vr.proto.StateTransferMessage message in 2 fragments
20230730-160741-2727 02851 * HandleRequestStateTransfer (replica.cc:727):   [0] Sending state transfer from <0,196316> to <0,196337>
20230730-160741-2728 02851 * SendMessageInternal (udptransport.cc:442): Sending large replication.vr.proto.StateTransferMessage message in 2 fragments
20230730-160741-6974 02851 ! releaseForWrite (lockserver.cc:353): [1688237299413860061] Releasing unheld write lock: n3cmB51J8AP87Fwa8xz5G9yOVISyb4MGKIlxv6fmsSgWggT0QsfBr3tYtO1b9hDm
20230730-160741-7134 02851 * HandleRequestStateTransfer (replica.cc:727):   [0] Sending state transfer from <0,199385> to <0,199399>
20230730-160741-7139 02851 * HandleRequestStateTransfer (replica.cc:727):   [0] Sending state transfer from <0,199395> to <0,199402>
20230730-160741-7140 02851 * HandleRequestStateTransfer (replica.cc:727):   [0] Sending state transfer from <0,199396> to <0,199403>
20230730-160741-7142 02851 * HandleRequestStateTransfer (replica.cc:727):   [0] Sending state transfer from <0,199398> to <0,199404>
20230730-160741-7987 02851 * HandleRequestStateTransfer (replica.cc:727):   [0] Sending state transfer from <0,200011> to <0,200047>
20230730-160741-7988 02851 * SendMessageInternal (udptransport.cc:442): Sending large replication.vr.proto.StateTransferMessage message in 3 fragments
20230730-160741-7989 02851 * HandleRequestStateTransfer (replica.cc:727):   [0] Sending state transfer from <0,200013> to <0,200047>
20230730-160741-7990 02851 * SendMessageInternal (udptransport.cc:442): Sending large replication.vr.proto.StateTransferMessage message in 3 fragments
20230730-160741-7991 02851 * HandleRequestStateTransfer (replica.cc:727):   [0] Sending state transfer from <0,200014> to <0,200047>
20230730-160741-7991 02851 * SendMessageInternal (udptransport.cc:442): Sending large replication.vr.proto.StateTransferMessage message in 3 fragments
20230730-160741-7993 02851 * HandleRequestStateTransfer (replica.cc:727):   [0] Sending state transfer from <0,200015> to <0,200047>
20230730-160741-7993 02851 * SendMessageInternal (udptransport.cc:442): Sending large replication.vr.proto.StateTransferMessage message in 3 fragments
20230730-160742-4463 02851 * HandleRequestStateTransfer (replica.cc:727):   [0] Sending state transfer from <0,204779> to <0,204793>
20230730-160742-4469 02851 * SendMessageInternal (udptransport.cc:442): Sending large replication.vr.proto.StateTransferMessage message in 2 fragments
20230730-160743-1298 02851 * ResendPrepare   (replica.cc:306):   [0] Resending prepare
20230730-160743-1414 02851 * HandleRequestStateTransfer (replica.cc:727):   [0] Sending state transfer from <0,210113> to <0,210147>
20230730-160743-1417 02851 * SendMessageInternal (udptransport.cc:442): Sending large replication.vr.proto.StateTransferMessage message in 2 fragments
20230730-160743-1419 02851 * HandleRequestStateTransfer (replica.cc:727):   [0] Sending state transfer from <0,210114> to <0,210147>
20230730-160743-1420 02851 * SendMessageInternal (udptransport.cc:442): Sending large replication.vr.proto.StateTransferMessage message in 2 fragments
20230730-160743-1421 02851 * HandleRequestStateTransfer (replica.cc:727):   [0] Sending state transfer from <0,210115> to <0,210148>
20230730-160743-1421 02851 * SendMessageInternal (udptransport.cc:442): Sending large replication.vr.proto.StateTransferMessage message in 2 fragments
20230730-160743-1422 02851 * HandleRequestStateTransfer (replica.cc:727):   [0] Sending state transfer from <0,210116> to <0,210148>
20230730-160743-1423 02851 * SendMessageInternal (udptransport.cc:442): Sending large replication.vr.proto.StateTransferMessage message in 2 fragments
20230730-160743-1424 02851 * HandleRequestStateTransfer (replica.cc:727):   [0] Sending state transfer from <0,210117> to <0,210148>
20230730-160743-1424 02851 * SendMessageInternal (udptransport.cc:442): Sending large replication.vr.proto.StateTransferMessage message in 2 fragments
20230730-160743-1425 02851 * HandleRequestStateTransfer (replica.cc:727):   [0] Sending state transfer from <0,210118> to <0,210148>
20230730-160743-1426 02851 * SendMessageInternal (udptransport.cc:442): Sending large replication.vr.proto.StateTransferMessage message in 2 fragments
20230730-160743-1427 02851 * HandleRequestStateTransfer (replica.cc:727):   [0] Sending state transfer from <0,210119> to <0,210149>
20230730-160743-1427 02851 * SendMessageInternal (udptransport.cc:442): Sending large replication.vr.proto.StateTransferMessage message in 2 fragments
20230730-160743-1429 02851 * HandleRequestStateTransfer (replica.cc:727):   [0] Sending state transfer from <0,210121> to <0,210149>
20230730-160743-1429 02851 * SendMessageInternal (udptransport.cc:442): Sending large replication.vr.proto.StateTransferMessage message in 2 fragments
20230730-160743-1435 02851 * HandleRequestStateTransfer (replica.cc:727):   [0] Sending state transfer from <0,210140> to <0,210154>
20230730-160743-1435 02851 * SendMessageInternal (udptransport.cc:442): Sending large replication.vr.proto.StateTransferMessage message in 2 fragments
20230730-160743-1436 02851 * HandleRequestStateTransfer (replica.cc:727):   [0] Sending state transfer from <0,210142> to <0,210154>
20230730-160743-1436 02851 * SendMessageInternal (udptransport.cc:442): Sending large replication.vr.proto.StateTransferMessage message in 2 fragments
20230730-160743-1438 02851 * HandleRequestStateTransfer (replica.cc:727):   [0] Sending state transfer from <0,210144> to <0,210156>
20230730-160743-1439 02851 * HandleRequestStateTransfer (replica.cc:727):   [0] Sending state transfer from <0,210145> to <0,210157>
20230730-160743-1440 02851 * SendMessageInternal (udptransport.cc:442): Sending large replication.vr.proto.StateTransferMessage message in 2 fragments
20230730-160743-1441 02851 * HandleRequestStateTransfer (replica.cc:727):   [0] Sending state transfer from <0,210146> to <0,210158>
20230730-160743-1446 02851 ! releaseForWrite (lockserver.cc:353): [-3665616270863751540] Releasing unheld write lock: n3cmB51J8AP87Fwa8xz5G9yOVISyb4MGKIlxv6fmsSgWggT0QsfBr3tYtO1b9hDm
20230730-160743-1464 02851 ! releaseForRead  (lockserver.cc:293): [7964377278287390062] Releasing unheld read lock: n3cmB51J8AP87Fwa8xz5G9yOVISyb4MGKIlxv6fmsSgWggT0QsfBr3tYtO1b9hDm
20230730-160743-6132 02851 * HandleRequestStateTransfer (replica.cc:727):   [0] Sending state transfer from <0,213707> to <0,213776>
20230730-160743-6135 02851 * SendMessageInternal (udptransport.cc:442): Sending large replication.vr.proto.StateTransferMessage message in 4 fragments
20230730-160743-6147 02851 * HandleRequestStateTransfer (replica.cc:727):   [0] Sending state transfer from <0,213766> to <0,213784>
20230730-160743-6147 02851 * SendMessageInternal (udptransport.cc:442): Sending large replication.vr.proto.StateTransferMessage message in 2 fragments
20230730-160743-6149 02851 * HandleRequestStateTransfer (replica.cc:727):   [0] Sending state transfer from <0,213769> to <0,213784>
20230730-160743-6149 02851 * SendMessageInternal (udptransport.cc:442): Sending large replication.vr.proto.StateTransferMessage message in 2 fragments
20230730-160743-6151 02851 * HandleRequestStateTransfer (replica.cc:727):   [0] Sending state transfer from <0,213772> to <0,213785>
20230730-160743-6153 02851 * HandleRequestStateTransfer (replica.cc:727):   [0] Sending state transfer from <0,213774> to <0,213786>
20230730-160743-6156 02851 * HandleRequestStateTransfer (replica.cc:727):   [0] Sending state transfer from <0,213775> to <0,213787>
20230730-160743-6158 02851 * HandleRequestStateTransfer (replica.cc:727):   [0] Sending state transfer from <0,213776> to <0,213789>
20230730-160743-6536 02851 * HandleRequestStateTransfer (replica.cc:727):   [0] Sending state transfer from <0,214020> to <0,214056>
20230730-160743-6540 02851 * SendMessageInternal (udptransport.cc:442): Sending large replication.vr.proto.StateTransferMessage message in 2 fragments
20230730-160743-6542 02851 * HandleRequestStateTransfer (replica.cc:727):   [0] Sending state transfer from <0,214027> to <0,214057>
20230730-160743-6543 02851 * SendMessageInternal (udptransport.cc:442): Sending large replication.vr.proto.StateTransferMessage message in 2 fragments
20230730-160743-6543 02851 * HandleRequestStateTransfer (replica.cc:727):   [0] Sending state transfer from <0,214028> to <0,214057>
20230730-160743-6544 02851 * SendMessageInternal (udptransport.cc:442): Sending large replication.vr.proto.StateTransferMessage message in 2 fragments
20230730-160743-6545 02851 * HandleRequestStateTransfer (replica.cc:727):   [0] Sending state transfer from <0,214030> to <0,214058>
20230730-160743-6546 02851 * SendMessageInternal (udptransport.cc:442): Sending large replication.vr.proto.StateTransferMessage message in 2 fragments
20230730-160743-6547 02851 * HandleRequestStateTransfer (replica.cc:727):   [0] Sending state transfer from <0,214031> to <0,214058>
20230730-160743-6548 02851 * SendMessageInternal (udptransport.cc:442): Sending large replication.vr.proto.StateTransferMessage message in 2 fragments
20230730-160743-6555 02851 * HandleRequestStateTransfer (replica.cc:727):   [0] Sending state transfer from <0,214045> to <0,214062>
20230730-160743-6555 02851 * SendMessageInternal (udptransport.cc:442): Sending large replication.vr.proto.StateTransferMessage message in 2 fragments
20230730-160743-6558 02851 * HandleRequestStateTransfer (replica.cc:727):   [0] Sending state transfer from <0,214046> to <0,214064>
20230730-160743-6558 02851 * SendMessageInternal (udptransport.cc:442): Sending large replication.vr.proto.StateTransferMessage message in 2 fragments
20230730-160743-6559 02851 * HandleRequestStateTransfer (replica.cc:727):   [0] Sending state transfer from <0,214047> to <0,214064>
20230730-160743-6560 02851 * SendMessageInternal (udptransport.cc:442): Sending large replication.vr.proto.StateTransferMessage message in 2 fragments
20230730-160743-6562 02851 * HandleRequestStateTransfer (replica.cc:727):   [0] Sending state transfer from <0,214051> to <0,214066>
20230730-160743-8847 02851 ! releaseForRead  (lockserver.cc:293): [8652656222927090062] Releasing unheld read lock: N4D4SS9SqVvXGG1nLJLaYK3iNQh9jNHDaEIERxFEdaopomaApgz7yVE0A2P03Tk5
20230730-160744-2803 02851 ! releaseForRead  (lockserver.cc:293): [1688237299413860064] Releasing unheld read lock: n3cmB51J8AP87Fwa8xz5G9yOVISyb4MGKIlxv6fmsSgWggT0QsfBr3tYtO1b9hDm
20230730-160744-2828 02851 ! releaseForWrite (lockserver.cc:353): [2764595830992720066] Releasing unheld write lock: 2sqHNNHGo9WoZRvjSqL9v40KTxt84bOgWtis7sveHo6a85E7JnYESWGvpD6a3Cie
20230730-160744-3040 02851 ! releaseForWrite (lockserver.cc:353): [1132273544978140072] Releasing unheld write lock: n3cmB51J8AP87Fwa8xz5G9yOVISyb4MGKIlxv6fmsSgWggT0QsfBr3tYtO1b9hDm
20230730-160744-3715 02851 ! releaseForWrite (lockserver.cc:353): [-5447688693671001550] Releasing unheld write lock: n3cmB51J8AP87Fwa8xz5G9yOVISyb4MGKIlxv6fmsSgWggT0QsfBr3tYtO1b9hDm
20230730-160744-9376 02851 * ResendPrepare   (replica.cc:306):   [0] Resending prepare
20230730-160745-0422 02851 ! releaseForWrite (lockserver.cc:353): [-8348191458036001511] Releasing unheld write lock: 4KgThFjsYPodsIUrgvCgAqiYz3GPxk6v0uIbqkfh6QHn6jVo974H5UYa0Z5whgLk
20230730-160745-2019 02851 ! releaseForRead  (lockserver.cc:293): [1601191879601220069] Releasing unheld read lock: n3cmB51J8AP87Fwa8xz5G9yOVISyb4MGKIlxv6fmsSgWggT0QsfBr3tYtO1b9hDm
20230730-160745-8120 02851 * HandleRequestStateTransfer (replica.cc:727):   [0] Sending state transfer from <0,230756> to <0,230764>
20230730-160745-8121 02851 * HandleRequestStateTransfer (replica.cc:727):   [0] Sending state transfer from <0,230757> to <0,230764>
20230730-160745-8124 02851 * HandleRequestStateTransfer (replica.cc:727):   [0] Sending state transfer from <0,230759> to <0,230768>
20230730-160745-8799 02851 ! releaseForRead  (lockserver.cc:293): [-473339761346521491] Releasing unheld read lock: n3cmB51J8AP87Fwa8xz5G9yOVISyb4MGKIlxv6fmsSgWggT0QsfBr3tYtO1b9hDm
20230730-160745-9320 02851 ! releaseForWrite (lockserver.cc:353): [-1333231209533781554] Releasing unheld write lock: n3cmB51J8AP87Fwa8xz5G9yOVISyb4MGKIlxv6fmsSgWggT0QsfBr3tYtO1b9hDm
20230730-160745-9439 02851 ! releaseForWrite (lockserver.cc:353): [4344108807788520075] Releasing unheld write lock: n3cmB51J8AP87Fwa8xz5G9yOVISyb4MGKIlxv6fmsSgWggT0QsfBr3tYtO1b9hDm
20230730-160745-9473 02851 ! releaseForWrite (lockserver.cc:353): [1132273544978140074] Releasing unheld write lock: n3cmB51J8AP87Fwa8xz5G9yOVISyb4MGKIlxv6fmsSgWggT0QsfBr3tYtO1b9hDm
20230730-160746-0003 02851 ! releaseForWrite (lockserver.cc:353): [-8265785854571091547] Releasing unheld write lock: n3cmB51J8AP87Fwa8xz5G9yOVISyb4MGKIlxv6fmsSgWggT0QsfBr3tYtO1b9hDm
20230730-160746-1153 02851 * HandleRequestStateTransfer (replica.cc:727):   [0] Sending state transfer from <0,232940> to <0,232949>
20230730-160746-1156 02851 * HandleRequestStateTransfer (replica.cc:727):   [0] Sending state transfer from <0,232941> to <0,232950>
20230730-160746-1157 02851 * HandleRequestStateTransfer (replica.cc:727):   [0] Sending state transfer from <0,232942> to <0,232950>
20230730-160746-1159 02851 * HandleRequestStateTransfer (replica.cc:727):   [0] Sending state transfer from <0,232943> to <0,232950>
20230730-160746-1161 02851 * HandleRequestStateTransfer (replica.cc:727):   [0] Sending state transfer from <0,232945> to <0,232950>
20230730-160746-1164 02851 * HandleRequestStateTransfer (replica.cc:727):   [0] Sending state transfer from <0,232947> to <0,232950>
20230730-160746-1166 02851 * HandleRequestStateTransfer (replica.cc:727):   [0] Sending state transfer from <0,232948> to <0,232950>
20230730-160746-1168 02851 * HandleRequestStateTransfer (replica.cc:727):   [0] Sending state transfer from <0,232949> to <0,232950>
20230730-160746-2564 02851 ! releaseForWrite (lockserver.cc:353): [-2128313312505041536] Releasing unheld write lock: n3cmB51J8AP87Fwa8xz5G9yOVISyb4MGKIlxv6fmsSgWggT0QsfBr3tYtO1b9hDm
20230730-160746-3171 02851 ! releaseForRead  (lockserver.cc:293): [5642395579163170069] Releasing unheld read lock: n3cmB51J8AP87Fwa8xz5G9yOVISyb4MGKIlxv6fmsSgWggT0QsfBr3tYtO1b9hDm
20230730-160746-3878 02851 ! releaseForRead  (lockserver.cc:293): [-3363580195887531543] Releasing unheld read lock: lmoZwtnSvwyVY4ShtV3fnE1muBsv1RZUfo1NumCbwGAh3wLlcBzgql8ev7k5XD6s
20230730-160746-4661 02851 * HandleRequestStateTransfer (replica.cc:727):   [0] Sending state transfer from <0,235707> to <0,235717>
20230730-160746-4663 02851 * HandleRequestStateTransfer (replica.cc:727):   [0] Sending state transfer from <0,235707> to <0,235717>
20230730-160746-4664 02851 * HandleRequestStateTransfer (replica.cc:727):   [0] Sending state transfer from <0,235708> to <0,235718>
20230730-160746-4665 02851 * HandleRequestStateTransfer (replica.cc:727):   [0] Sending state transfer from <0,235708> to <0,235718>
20230730-160746-4666 02851 * HandleRequestStateTransfer (replica.cc:727):   [0] Sending state transfer from <0,235709> to <0,235718>
20230730-160746-4667 02851 * HandleRequestStateTransfer (replica.cc:727):   [0] Sending state transfer from <0,235709> to <0,235718>
20230730-160746-4668 02851 * HandleRequestStateTransfer (replica.cc:727):   [0] Sending state transfer from <0,235711> to <0,235718>
20230730-160746-4669 02851 * HandleRequestStateTransfer (replica.cc:727):   [0] Sending state transfer from <0,235711> to <0,235718>
20230730-160746-4673 02851 * HandleRequestStateTransfer (replica.cc:727):   [0] Sending state transfer from <0,235716> to <0,235718>
20230730-160746-4673 02851 * HandleRequestStateTransfer (replica.cc:727):   [0] Sending state transfer from <0,235716> to <0,235718>
20230730-160746-4681 02851 ! releaseForRead  (lockserver.cc:293): [-5447688693671001544] Releasing unheld read lock: n3cmB51J8AP87Fwa8xz5G9yOVISyb4MGKIlxv6fmsSgWggT0QsfBr3tYtO1b9hDm
20230730-160746-8427 02851 ! releaseForWrite (lockserver.cc:353): [1688237299413860067] Releasing unheld write lock: n3cmB51J8AP87Fwa8xz5G9yOVISyb4MGKIlxv6fmsSgWggT0QsfBr3tYtO1b9hDm
20230730-160746-9353 02851 ! releaseForWrite (lockserver.cc:353): [-1333231209533781553] Releasing unheld write lock: n3cmB51J8AP87Fwa8xz5G9yOVISyb4MGKIlxv6fmsSgWggT0QsfBr3tYtO1b9hDm
20230730-160747-0402 02851 ! releaseForWrite (lockserver.cc:353): [-4257239180524951560] Releasing unheld write lock: jYJLvfvV6sVLN0C2VpDApSIB7VR2eyFkFxw1lRGI9mAicQWzyrAHqISONLWvgsvh
20230730-160747-0443 02851 ! releaseForRead  (lockserver.cc:293): [-2774690076446081462] Releasing unheld read lock: n3cmB51J8AP87Fwa8xz5G9yOVISyb4MGKIlxv6fmsSgWggT0QsfBr3tYtO1b9hDm
20230730-160749-2517 02851 ! releaseForWrite (lockserver.cc:353): [-2128313312505041530] Releasing unheld write lock: udDOsmhikcpzP7OsE3iw7Vc5f9JOthCrigzuDt7BAIFXNyz1pIpCPXwVUe83kFzY
20230730-160749-2540 02851 ! releaseForWrite (lockserver.cc:353): [-5447688693671001540] Releasing unheld write lock: udDOsmhikcpzP7OsE3iw7Vc5f9JOthCrigzuDt7BAIFXNyz1pIpCPXwVUe83kFzY
20230730-160749-4972 02851 * HandleRequestStateTransfer (replica.cc:727):   [0] Sending state transfer from <0,259254> to <0,259305>
20230730-160749-4974 02851 * SendMessageInternal (udptransport.cc:442): Sending large replication.vr.proto.StateTransferMessage message in 4 fragments
20230730-160749-8002 02851 * HandleRequestStateTransfer (replica.cc:727):   [0] Sending state transfer from <0,261816> to <0,261827>
20230730-160749-8006 02851 * HandleRequestStateTransfer (replica.cc:727):   [0] Sending state transfer from <0,261818> to <0,261829>
20230730-160749-8006 02851 * SendMessageInternal (udptransport.cc:442): Sending large replication.vr.proto.StateTransferMessage message in 2 fragments
20230730-160749-8008 02851 * HandleRequestStateTransfer (replica.cc:727):   [0] Sending state transfer from <0,261821> to <0,261831>
20230730-160749-8009 02851 * HandleRequestStateTransfer (replica.cc:727):   [0] Sending state transfer from <0,261820> to <0,261831>
20230730-160749-8009 02851 * SendMessageInternal (udptransport.cc:442): Sending large replication.vr.proto.StateTransferMessage message in 2 fragments
20230730-160749-8009 02851 * HandleRequestStateTransfer (replica.cc:727):   [0] Sending state transfer from <0,261822> to <0,261832>
20230730-160749-8010 02851 * HandleRequestStateTransfer (replica.cc:727):   [0] Sending state transfer from <0,261821> to <0,261832>
20230730-160749-8011 02851 * HandleRequestStateTransfer (replica.cc:727):   [0] Sending state transfer from <0,261824> to <0,261832>
20230730-160749-8011 02851 * HandleRequestStateTransfer (replica.cc:727):   [0] Sending state transfer from <0,261822> to <0,261832>
20230730-160749-8011 02851 * SendMessageInternal (udptransport.cc:442): Sending large replication.vr.proto.StateTransferMessage message in 2 fragments
20230730-160749-8012 02851 * HandleRequestStateTransfer (replica.cc:727):   [0] Sending state transfer from <0,261827> to <0,261832>
20230730-160749-8015 02851 * HandleRequestStateTransfer (replica.cc:727):   [0] Sending state transfer from <0,261824> to <0,261832>
20230730-160749-8015 02851 * SendMessageInternal (udptransport.cc:442): Sending large replication.vr.proto.StateTransferMessage message in 2 fragments
20230730-160749-8015 02851 * HandleRequestStateTransfer (replica.cc:727):   [0] Sending state transfer from <0,261828> to <0,261832>
20230730-160749-8017 02851 * HandleRequestStateTransfer (replica.cc:727):   [0] Sending state transfer from <0,261829> to <0,261832>
20230730-160749-8018 02851 * HandleRequestStateTransfer (replica.cc:727):   [0] Sending state transfer from <0,261831> to <0,261832>
20230730-160749-8022 02851 * HandleRequestStateTransfer (replica.cc:727):   [0] Sending state transfer from <0,261827> to <0,261842>
20230730-160749-8022 02851 * SendMessageInternal (udptransport.cc:442): Sending large replication.vr.proto.StateTransferMessage message in 2 fragments
20230730-160750-0012 02851 * ResendPrepare   (replica.cc:306):   [0] Resending prepare
20230730-160750-1400 02851 * HandleRequestStateTransfer (replica.cc:727):   [0] Sending state transfer from <0,262185> to <0,262206>
20230730-160750-1652 02851 * SendMessageInternal (udptransport.cc:442): Sending large replication.vr.proto.StateTransferMessage message in 2 fragments
20230730-160750-1661 02851 * HandleRequestStateTransfer (replica.cc:727):   [0] Sending state transfer from <0,262205> to <0,262206>
20230730-160750-1708 02851 * SendMessageInternal (udptransport.cc:442): Sending large replication.vr.proto.StateTransferMessage message in 2 fragments
20230730-160750-1709 02851 * HandleRequestStateTransfer (replica.cc:727):   [0] Sending state transfer from <0,262206> to <0,262206>
20230730-160750-1709 02851 * SendMessageInternal (udptransport.cc:442): Sending large replication.vr.proto.StateTransferMessage message in 2 fragments
20230730-160750-1710 02851 * HandleRequestStateTransfer (replica.cc:727):   [0] Sending state transfer from <0,262144> to <0,262206>
20230730-160750-1711 02851 * SendMessageInternal (udptransport.cc:442): Sending large replication.vr.proto.StateTransferMessage message in 4 fragments
20230730-160750-1838 02851 * HandleRequestStateTransfer (replica.cc:727):   [0] Sending state transfer from <0,262206> to <0,262315>
20230730-160750-1840 02851 * SendMessageInternal (udptransport.cc:442): Sending large replication.vr.proto.StateTransferMessage message in 6 fragments
20230730-160750-1885 02851 * HandleRequestStateTransfer (replica.cc:727):   [0] Sending state transfer from <0,262315> to <0,262343>
20230730-160750-1887 02851 * SendMessageInternal (udptransport.cc:442): Sending large replication.vr.proto.StateTransferMessage message in 3 fragments
20230730-160750-1889 02851 * HandleRequestStateTransfer (replica.cc:727):   [0] Sending state transfer from <0,262320> to <0,262343>
20230730-160750-1890 02851 * SendMessageInternal (udptransport.cc:442): Sending large replication.vr.proto.StateTransferMessage message in 2 fragments
20230730-160750-1892 02851 * HandleRequestStateTransfer (replica.cc:727):   [0] Sending state transfer from <0,262321> to <0,262343>
20230730-160750-1892 02851 * SendMessageInternal (udptransport.cc:442): Sending large replication.vr.proto.StateTransferMessage message in 2 fragments
20230730-160750-1893 02851 * HandleRequestStateTransfer (replica.cc:727):   [0] Sending state transfer from <0,262326> to <0,262343>
20230730-160750-1894 02851 * SendMessageInternal (udptransport.cc:442): Sending large replication.vr.proto.StateTransferMessage message in 2 fragments
20230730-160750-1904 02851 * HandleRequestStateTransfer (replica.cc:727):   [0] Sending state transfer from <0,262337> to <0,262346>
20230730-160750-1905 02851 * SendMessageInternal (udptransport.cc:442): Sending large replication.vr.proto.StateTransferMessage message in 2 fragments
20230730-160750-1909 02851 * HandleRequestStateTransfer (replica.cc:727):   [0] Sending state transfer from <0,262339> to <0,262352>
20230730-160750-1909 02851 * SendMessageInternal (udptransport.cc:442): Sending large replication.vr.proto.StateTransferMessage message in 2 fragments
20230730-160751-5100 02851 * HandleRequestStateTransfer (replica.cc:727):   [0] Sending state transfer from <0,272711> to <0,272719>
20230730-160751-5101 02851 * SendMessageInternal (udptransport.cc:442): Sending large replication.vr.proto.StateTransferMessage message in 2 fragments
20230730-160751-5108 02851 * HandleRequestStateTransfer (replica.cc:727):   [0] Sending state transfer from <0,272712> to <0,272729>
20230730-160751-5109 02851 * SendMessageInternal (udptransport.cc:442): Sending large replication.vr.proto.StateTransferMessage message in 2 fragments
20230730-160751-5116 02851 * HandleRequestStateTransfer (replica.cc:727):   [0] Sending state transfer from <0,272713> to <0,272736>
20230730-160751-5117 02851 * SendMessageInternal (udptransport.cc:442): Sending large replication.vr.proto.StateTransferMessage message in 2 fragments
20230730-160751-5119 02851 * HandleRequestStateTransfer (replica.cc:727):   [0] Sending state transfer from <0,272714> to <0,272737>
20230730-160751-5119 02851 * SendMessageInternal (udptransport.cc:442): Sending large replication.vr.proto.StateTransferMessage message in 2 fragments
20230730-160752-8613 02851 * HandleRequestStateTransfer (replica.cc:727):   [0] Sending state transfer from <0,282257> to <0,282266>
20230730-160752-8614 02851 * SendMessageInternal (udptransport.cc:442): Sending large replication.vr.proto.StateTransferMessage message in 2 fragments
20230730-160752-8615 02851 * HandleRequestStateTransfer (replica.cc:727):   [0] Sending state transfer from <0,282258> to <0,282267>
20230730-160752-8616 02851 * SendMessageInternal (udptransport.cc:442): Sending large replication.vr.proto.StateTransferMessage message in 2 fragments
20230730-160752-8618 02851 * HandleRequestStateTransfer (replica.cc:727):   [0] Sending state transfer from <0,282259> to <0,282268>
20230730-160752-8618 02851 * SendMessageInternal (udptransport.cc:442): Sending large replication.vr.proto.StateTransferMessage message in 2 fragments
20230730-160752-8627 02851 * HandleRequestStateTransfer (replica.cc:727):   [0] Sending state transfer from <0,282260> to <0,282278>
20230730-160752-8627 02851 * SendMessageInternal (udptransport.cc:442): Sending large replication.vr.proto.StateTransferMessage message in 2 fragments
20230730-160752-8633 02851 * HandleRequestStateTransfer (replica.cc:727):   [0] Sending state transfer from <0,282262> to <0,282283>
20230730-160752-8634 02851 * SendMessageInternal (udptransport.cc:442): Sending large replication.vr.proto.StateTransferMessage message in 2 fragments
20230730-160752-8638 02851 * HandleRequestStateTransfer (replica.cc:727):   [0] Sending state transfer from <0,282264> to <0,282284>
20230730-160752-8638 02851 * SendMessageInternal (udptransport.cc:442): Sending large replication.vr.proto.StateTransferMessage message in 2 fragments
20230730-160752-8640 02851 * HandleRequestStateTransfer (replica.cc:727):   [0] Sending state transfer from <0,282265> to <0,282284>
20230730-160752-8640 02851 * SendMessageInternal (udptransport.cc:442): Sending large replication.vr.proto.StateTransferMessage message in 2 fragments
20230730-160753-0338 02851 * HandleRequestStateTransfer (replica.cc:727):   [0] Sending state transfer from <0,283521> to <0,283554>
20230730-160753-0339 02851 * SendMessageInternal (udptransport.cc:442): Sending large replication.vr.proto.StateTransferMessage message in 3 fragments
20230730-160753-0341 02851 * HandleRequestStateTransfer (replica.cc:727):   [0] Sending state transfer from <0,283522> to <0,283554>
20230730-160753-0341 02851 * SendMessageInternal (udptransport.cc:442): Sending large replication.vr.proto.StateTransferMessage message in 3 fragments
20230730-160753-0342 02851 * HandleRequestStateTransfer (replica.cc:727):   [0] Sending state transfer from <0,283523> to <0,283554>
20230730-160753-0343 02851 * SendMessageInternal (udptransport.cc:442): Sending large replication.vr.proto.StateTransferMessage message in 3 fragments
20230730-160753-0344 02851 * HandleRequestStateTransfer (replica.cc:727):   [0] Sending state transfer from <0,283524> to <0,283554>
20230730-160753-0344 02851 * SendMessageInternal (udptransport.cc:442): Sending large replication.vr.proto.StateTransferMessage message in 3 fragments
20230730-160753-0346 02851 * HandleRequestStateTransfer (replica.cc:727):   [0] Sending state transfer from <0,283525> to <0,283555>
20230730-160753-0347 02851 * SendMessageInternal (udptransport.cc:442): Sending large replication.vr.proto.StateTransferMessage message in 3 fragments
20230730-160753-0348 02851 * HandleRequestStateTransfer (replica.cc:727):   [0] Sending state transfer from <0,283527> to <0,283556>
20230730-160753-0349 02851 * SendMessageInternal (udptransport.cc:442): Sending large replication.vr.proto.StateTransferMessage message in 2 fragments
20230730-160753-0363 02851 * HandleRequestStateTransfer (replica.cc:727):   [0] Sending state transfer from <0,283544> to <0,283567>
20230730-160753-0363 02851 * SendMessageInternal (udptransport.cc:442): Sending large replication.vr.proto.StateTransferMessage message in 2 fragments
20230730-160753-0366 02851 * HandleRequestStateTransfer (replica.cc:727):   [0] Sending state transfer from <0,283547> to <0,283570>
20230730-160753-0366 02851 * SendMessageInternal (udptransport.cc:442): Sending large replication.vr.proto.StateTransferMessage message in 2 fragments
20230730-160753-0368 02851 * HandleRequestStateTransfer (replica.cc:727):   [0] Sending state transfer from <0,283548> to <0,283571>
20230730-160753-0369 02851 * SendMessageInternal (udptransport.cc:442): Sending large replication.vr.proto.StateTransferMessage message in 2 fragments
20230730-160753-0369 02851 * HandleRequestStateTransfer (replica.cc:727):   [0] Sending state transfer from <0,283549> to <0,283571>
20230730-160753-0370 02851 * SendMessageInternal (udptransport.cc:442): Sending large replication.vr.proto.StateTransferMessage message in 2 fragments
20230730-160753-0372 02851 * HandleRequestStateTransfer (replica.cc:727):   [0] Sending state transfer from <0,283551> to <0,283572>
20230730-160753-0372 02851 * SendMessageInternal (udptransport.cc:442): Sending large replication.vr.proto.StateTransferMessage message in 2 fragments
20230730-160753-0373 02851 * HandleRequestStateTransfer (replica.cc:727):   [0] Sending state transfer from <0,283553> to <0,283573>
20230730-160753-0374 02851 * SendMessageInternal (udptransport.cc:442): Sending large replication.vr.proto.StateTransferMessage message in 2 fragments
20230730-160753-0376 02851 * HandleRequestStateTransfer (replica.cc:727):   [0] Sending state transfer from <0,283554> to <0,283573>
20230730-160753-0376 02851 * SendMessageInternal (udptransport.cc:442): Sending large replication.vr.proto.StateTransferMessage message in 2 fragments
20230730-160753-7166 02851 * HandleRequestStateTransfer (replica.cc:727):   [0] Sending state transfer from <0,289122> to <0,289135>
20230730-160753-7177 02851 * HandleRequestStateTransfer (replica.cc:727):   [0] Sending state transfer from <0,289123> to <0,289136>
20230730-160753-7179 02851 * HandleRequestStateTransfer (replica.cc:727):   [0] Sending state transfer from <0,289125> to <0,289136>
20230730-160753-7183 02851 * HandleRequestStateTransfer (replica.cc:727):   [0] Sending state transfer from <0,289127> to <0,289138>
20230730-160753-7187 02851 * HandleRequestStateTransfer (replica.cc:727):   [0] Sending state transfer from <0,289129> to <0,289141>
20230730-160753-7187 02851 * SendMessageInternal (udptransport.cc:442): Sending large replication.vr.proto.StateTransferMessage message in 2 fragments
20230730-160753-7188 02851 * HandleRequestStateTransfer (replica.cc:727):   [0] Sending state transfer from <0,289130> to <0,289141>
20230730-160753-7188 02851 * SendMessageInternal (udptransport.cc:442): Sending large replication.vr.proto.StateTransferMessage message in 2 fragments
20230730-160753-7190 02851 * HandleRequestStateTransfer (replica.cc:727):   [0] Sending state transfer from <0,289132> to <0,289143>
20230730-160753-7191 02851 * SendMessageInternal (udptransport.cc:442): Sending large replication.vr.proto.StateTransferMessage message in 2 fragments
20230730-160753-7192 02851 * HandleRequestStateTransfer (replica.cc:727):   [0] Sending state transfer from <0,289134> to <0,289143>
20230730-160753-7193 02851 * SendMessageInternal (udptransport.cc:442): Sending large replication.vr.proto.StateTransferMessage message in 2 fragments
20230730-160753-7379 02851 * HandleRequestStateTransfer (replica.cc:727):   [0] Sending state transfer from <0,289355> to <0,289372>
20230730-160753-7382 02851 * SendMessageInternal (udptransport.cc:442): Sending large replication.vr.proto.StateTransferMessage message in 2 fragments
20230730-160753-7383 02851 * HandleRequestStateTransfer (replica.cc:727):   [0] Sending state transfer from <0,289357> to <0,289373>
20230730-160753-7384 02851 * SendMessageInternal (udptransport.cc:442): Sending large replication.vr.proto.StateTransferMessage message in 2 fragments
20230730-160753-7385 02851 * HandleRequestStateTransfer (replica.cc:727):   [0] Sending state transfer from <0,289359> to <0,289374>
20230730-160753-7385 02851 * SendMessageInternal (udptransport.cc:442): Sending large replication.vr.proto.StateTransferMessage message in 2 fragments
20230730-160753-7386 02851 * HandleRequestStateTransfer (replica.cc:727):   [0] Sending state transfer from <0,289360> to <0,289374>
20230730-160753-7386 02851 * SendMessageInternal (udptransport.cc:442): Sending large replication.vr.proto.StateTransferMessage message in 2 fragments
20230730-160753-7388 02851 * HandleRequestStateTransfer (replica.cc:727):   [0] Sending state transfer from <0,289361> to <0,289376>
20230730-160753-7389 02851 * SendMessageInternal (udptransport.cc:442): Sending large replication.vr.proto.StateTransferMessage message in 2 fragments
20230730-160753-7392 02851 * HandleRequestStateTransfer (replica.cc:727):   [0] Sending state transfer from <0,289364> to <0,289379>
20230730-160753-7392 02851 * SendMessageInternal (udptransport.cc:442): Sending large replication.vr.proto.StateTransferMessage message in 2 fragments
20230730-160753-7394 02851 * HandleRequestStateTransfer (replica.cc:727):   [0] Sending state transfer from <0,289365> to <0,289380>
20230730-160753-7395 02851 * SendMessageInternal (udptransport.cc:442): Sending large replication.vr.proto.StateTransferMessage message in 2 fragments
20230730-160753-7396 02851 * HandleRequestStateTransfer (replica.cc:727):   [0] Sending state transfer from <0,289368> to <0,289381>
20230730-160753-7396 02851 * SendMessageInternal (udptransport.cc:442): Sending large replication.vr.proto.StateTransferMessage message in 2 fragments
20230730-160753-7400 02851 * HandleRequestStateTransfer (replica.cc:727):   [0] Sending state transfer from <0,289372> to <0,289384>
20230730-160753-7400 02851 * SendMessageInternal (udptransport.cc:442): Sending large replication.vr.proto.StateTransferMessage message in 2 fragments
20230730-160753-7801 02851 * HandleRequestStateTransfer (replica.cc:727):   [0] Sending state transfer from <0,289802> to <0,289812>
20230730-160753-7804 02851 * SendMessageInternal (udptransport.cc:442): Sending large replication.vr.proto.StateTransferMessage message in 2 fragments
20230730-160753-7806 02851 * HandleRequestStateTransfer (replica.cc:727):   [0] Sending state transfer from <0,289803> to <0,289813>
20230730-160753-7806 02851 * SendMessageInternal (udptransport.cc:442): Sending large replication.vr.proto.StateTransferMessage message in 2 fragments
20230730-160753-7809 02851 * HandleRequestStateTransfer (replica.cc:727):   [0] Sending state transfer from <0,289804> to <0,289815>
20230730-160753-7809 02851 * SendMessageInternal (udptransport.cc:442): Sending large replication.vr.proto.StateTransferMessage message in 2 fragments
20230730-160753-7812 02851 * HandleRequestStateTransfer (replica.cc:727):   [0] Sending state transfer from <0,289805> to <0,289818>
20230730-160753-7812 02851 * SendMessageInternal (udptransport.cc:442): Sending large replication.vr.proto.StateTransferMessage message in 2 fragments
20230730-160753-7817 02851 * HandleRequestStateTransfer (replica.cc:727):   [0] Sending state transfer from <0,289807> to <0,289823>
20230730-160753-7817 02851 * SendMessageInternal (udptransport.cc:442): Sending large replication.vr.proto.StateTransferMessage message in 2 fragments
20230730-160753-7819 02851 * HandleRequestStateTransfer (replica.cc:727):   [0] Sending state transfer from <0,289808> to <0,289824>
20230730-160753-7819 02851 * SendMessageInternal (udptransport.cc:442): Sending large replication.vr.proto.StateTransferMessage message in 2 fragments
20230730-160753-7820 02851 * HandleRequestStateTransfer (replica.cc:727):   [0] Sending state transfer from <0,289809> to <0,289824>
20230730-160753-7820 02851 * SendMessageInternal (udptransport.cc:442): Sending large replication.vr.proto.StateTransferMessage message in 2 fragments
20230730-160753-7821 02851 * HandleRequestStateTransfer (replica.cc:727):   [0] Sending state transfer from <0,289810> to <0,289825>
20230730-160753-7822 02851 * SendMessageInternal (udptransport.cc:442): Sending large replication.vr.proto.StateTransferMessage message in 2 fragments
20230730-160753-7824 02851 * HandleRequestStateTransfer (replica.cc:727):   [0] Sending state transfer from <0,289812> to <0,289826>
20230730-160753-7825 02851 * SendMessageInternal (udptransport.cc:442): Sending large replication.vr.proto.StateTransferMessage message in 2 fragments
20230730-160753-8487 02851 * HandleRequestStateTransfer (replica.cc:727):   [0] Sending state transfer from <0,290335> to <0,290373>
20230730-160753-8492 02851 * SendMessageInternal (udptransport.cc:442): Sending large replication.vr.proto.StateTransferMessage message in 3 fragments
20230730-160753-8494 02851 * HandleRequestStateTransfer (replica.cc:727):   [0] Sending state transfer from <0,290342> to <0,290374>
20230730-160753-8495 02851 * SendMessageInternal (udptransport.cc:442): Sending large replication.vr.proto.StateTransferMessage message in 2 fragments
20230730-160753-8496 02851 * HandleRequestStateTransfer (replica.cc:727):   [0] Sending state transfer from <0,290343> to <0,290374>
20230730-160753-8496 02851 * SendMessageInternal (udptransport.cc:442): Sending large replication.vr.proto.StateTransferMessage message in 2 fragments
20230730-160753-8506 02851 * HandleRequestStateTransfer (replica.cc:727):   [0] Sending state transfer from <0,290364> to <0,290385>
20230730-160753-8507 02851 * SendMessageInternal (udptransport.cc:442): Sending large replication.vr.proto.StateTransferMessage message in 2 fragments
20230730-160753-8510 02851 * HandleRequestStateTransfer (replica.cc:727):   [0] Sending state transfer from <0,290365> to <0,290386>
20230730-160753-8510 02851 * SendMessageInternal (udptransport.cc:442): Sending large replication.vr.proto.StateTransferMessage message in 2 fragments
20230730-160753-8512 02851 * HandleRequestStateTransfer (replica.cc:727):   [0] Sending state transfer from <0,290366> to <0,290386>
20230730-160753-8512 02851 * SendMessageInternal (udptransport.cc:442): Sending large replication.vr.proto.StateTransferMessage message in 2 fragments
20230730-160753-8513 02851 * HandleRequestStateTransfer (replica.cc:727):   [0] Sending state transfer from <0,290367> to <0,290386>
20230730-160753-8513 02851 * SendMessageInternal (udptransport.cc:442): Sending large replication.vr.proto.StateTransferMessage message in 2 fragments
20230730-160754-2209 02851 * HandleRequestStateTransfer (replica.cc:727):   [0] Sending state transfer from <0,292439> to <0,292465>
20230730-160754-2235 02851 * SendMessageInternal (udptransport.cc:442): Sending large replication.vr.proto.StateTransferMessage message in 2 fragments
20230730-160754-2247 02851 * HandleRequestStateTransfer (replica.cc:727):   [0] Sending state transfer from <0,292457> to <0,292475>
20230730-160754-2250 02851 * HandleRequestStateTransfer (replica.cc:727):   [0] Sending state transfer from <0,292460> to <0,292476>
20230730-160754-2251 02851 * HandleRequestStateTransfer (replica.cc:727):   [0] Sending state transfer from <0,292461> to <0,292476>
20230730-160754-2252 02851 * HandleRequestStateTransfer (replica.cc:727):   [0] Sending state transfer from <0,292464> to <0,292476>
20230730-160754-2544 02851 * HandleRequestStateTransfer (replica.cc:727):   [0] Sending state transfer from <0,292662> to <0,292703>
20230730-160754-2547 02851 * SendMessageInternal (udptransport.cc:442): Sending large replication.vr.proto.StateTransferMessage message in 3 fragments
20230730-160754-2559 02851 * HandleRequestStateTransfer (replica.cc:727):   [0] Sending state transfer from <0,292701> to <0,292712>
20230730-160754-2560 02851 * HandleRequestStateTransfer (replica.cc:727):   [0] Sending state transfer from <0,292702> to <0,292712>
20230730-160754-2560 02851 * HandleRequestStateTransfer (replica.cc:727):   [0] Sending state transfer from <0,292703> to <0,292712>
20230730-160754-3412 02851 * HandleRequestStateTransfer (replica.cc:727):   [0] Sending state transfer from <0,293225> to <0,293241>
20230730-160754-3416 02851 * SendMessageInternal (udptransport.cc:442): Sending large replication.vr.proto.StateTransferMessage message in 2 fragments
20230730-160754-3425 02851 * HandleRequestStateTransfer (replica.cc:727):   [0] Sending state transfer from <0,293238> to <0,293250>
20230730-160754-3428 02851 * HandleRequestStateTransfer (replica.cc:727):   [0] Sending state transfer from <0,293239> to <0,293252>
20230730-160754-3428 02851 * HandleRequestStateTransfer (replica.cc:727):   [0] Sending state transfer from <0,293240> to <0,293252>
20230730-160754-4772 02851 * HandleRequestStateTransfer (replica.cc:727):   [0] Sending state transfer from <0,294195> to <0,294231>
20230730-160754-4776 02851 * SendMessageInternal (udptransport.cc:442): Sending large replication.vr.proto.StateTransferMessage message in 2 fragments
20230730-160754-4788 02851 * HandleRequestStateTransfer (replica.cc:727):   [0] Sending state transfer from <0,294231> to <0,294239>
20230730-160754-5679 02851 * HandleRequestStateTransfer (replica.cc:727):   [0] Sending state transfer from <0,294867> to <0,294897>
20230730-160754-5684 02851 * SendMessageInternal (udptransport.cc:442): Sending large replication.vr.proto.StateTransferMessage message in 2 fragments
20230730-160755-0225 02851 * HandleRequestStateTransfer (replica.cc:727):   [0] Sending state transfer from <0,297769> to <0,297771>
20230730-160755-0236 02851 * HandleRequestStateTransfer (replica.cc:727):   [0] Sending state transfer from <0,297769> to <0,297771>
20230730-160755-0241 02851 * HandleRequestStateTransfer (replica.cc:727):   [0] Sending state transfer from <0,297771> to <0,297772>
20230730-160755-0241 02851 * HandleRequestStateTransfer (replica.cc:727):   [0] Sending state transfer from <0,297771> to <0,297772>
20230730-160755-0708 02851 * HandleRequestStateTransfer (replica.cc:727):   [0] Sending state transfer from <0,298073> to <0,298077>
20230730-160755-0710 02851 * HandleRequestStateTransfer (replica.cc:727):   [0] Sending state transfer from <0,298074> to <0,298077>
20230730-160755-0710 02851 * HandleRequestStateTransfer (replica.cc:727):   [0] Sending state transfer from <0,298075> to <0,298077>
20230730-160755-0759 02851 * HandleRequestStateTransfer (replica.cc:727):   [0] Sending state transfer from <0,298127> to <0,298129>
20230730-160755-0761 02851 * HandleRequestStateTransfer (replica.cc:727):   [0] Sending state transfer from <0,298128> to <0,298131>
20230730-160755-0762 02851 * HandleRequestStateTransfer (replica.cc:727):   [0] Sending state transfer from <0,298129> to <0,298132>
