20230730-160717-6614 02944 * RequestStateTransfer (replica.cc:212):   [2] Requesting state transfer: <0,16089>
20230730-160717-6615 02944 * RequestStateTransfer (replica.cc:212):   [2] Requesting state transfer: <0,16090>
20230730-160717-6617 02944 * RequestStateTransfer (replica.cc:212):   [2] Requesting state transfer: <0,16091>
20230730-160717-6619 02944 * RequestStateTransfer (replica.cc:212):   [2] Requesting state transfer: <0,16093>
20230730-160717-6849 02944 * RequestStateTransfer (replica.cc:212):   [2] Requesting state transfer: <0,16280>
20230730-160717-8206 02944 * RequestStateTransfer (replica.cc:212):   [2] Requesting state transfer: <0,17234>
20230730-160717-8214 02944 * RequestStateTransfer (replica.cc:212):   [2] Requesting state transfer: <0,17262>
20230730-160717-8215 02944 * RequestStateTransfer (replica.cc:212):   [2] Requesting state transfer: <0,17263>
20230730-160718-8710 02944 ! releaseForWrite (lockserver.cc:353): [-2369141006471211596] Releasing unheld write lock: Vwy8IgBgk7rZkzVgzHN5166WbSy3hN3qqQDuxsVbv6hhIGIcIo2mj1YIKue3e4By
20230730-160718-8710 02944 ! releaseForRead  (lockserver.cc:293): [-2369141006471211596] Releasing unheld read lock: Vwy8IgBgk7rZkzVgzHN5166WbSy3hN3qqQDuxsVbv6hhIGIcIo2mj1YIKue3e4By
20230730-160719-3537 02944 * RequestStateTransfer (replica.cc:212):   [2] Requesting state transfer: <0,30396>
20230730-160719-7315 02944 * RequestStateTransfer (replica.cc:212):   [2] Requesting state transfer: <0,33340>
20230730-160719-7316 02944 * RequestStateTransfer (replica.cc:212):   [2] Requesting state transfer: <0,33341>
20230730-160719-7316 02944 * RequestStateTransfer (replica.cc:212):   [2] Requesting state transfer: <0,33342>
20230730-160719-7317 02944 * RequestStateTransfer (replica.cc:212):   [2] Requesting state transfer: <0,33343>
20230730-160719-7320 02944 * RequestStateTransfer (replica.cc:212):   [2] Requesting state transfer: <0,33344>
20230730-160719-7321 02944 * RequestStateTransfer (replica.cc:212):   [2] Requesting state transfer: <0,33345>
20230730-160719-7323 02944 * RequestStateTransfer (replica.cc:212):   [2] Requesting state transfer: <0,33346>
20230730-160719-7326 02944 * RequestStateTransfer (replica.cc:212):   [2] Requesting state transfer: <0,33349>
20230730-160719-7329 02944 * HandleRequestStateTransfer (replica.cc:727):   [2] Sending state transfer from <0,33340> to <0,33352>
20230730-160719-7330 02944 * RequestStateTransfer (replica.cc:212):   [2] Requesting state transfer: <0,33352>
20230730-160719-7331 02944 * HandleRequestStateTransfer (replica.cc:727):   [2] Sending state transfer from <0,33341> to <0,33352>
20230730-160719-7332 02944 * HandleRequestStateTransfer (replica.cc:727):   [2] Sending state transfer from <0,33342> to <0,33353>
20230730-160719-7333 02944 * HandleRequestStateTransfer (replica.cc:727):   [2] Sending state transfer from <0,33343> to <0,33354>
20230730-160719-7334 02944 * RequestStateTransfer (replica.cc:212):   [2] Requesting state transfer: <0,33354>
20230730-160719-7335 02944 * HandleRequestStateTransfer (replica.cc:727):   [2] Sending state transfer from <0,33344> to <0,33354>
20230730-160719-7336 02944 ! OnReadable      (udptransport.cc:573): Fragments out of order for packet 2; expected start 0, got 9000
20230730-160719-7336 02944 * HandleRequestStateTransfer (replica.cc:727):   [2] Sending state transfer from <0,33345> to <0,33355>
20230730-160719-7337 02944 ! OnReadable      (udptransport.cc:565): Failed to reconstruct packet 2
20230730-160719-7339 02944 * HandleRequestStateTransfer (replica.cc:727):   [2] Sending state transfer from <0,33346> to <0,33355>
20230730-160719-7340 02944 * SendMessageInternal (udptransport.cc:442): Sending large replication.vr.proto.StateTransferMessage message in 2 fragments
20230730-160719-7341 02944 * HandleRequestStateTransfer (replica.cc:727):   [2] Sending state transfer from <0,33349> to <0,33355>
20230730-160719-7343 02944 * HandleRequestStateTransfer (replica.cc:727):   [2] Sending state transfer from <0,33352> to <0,33355>
20230730-160719-7345 02944 * HandleRequestStateTransfer (replica.cc:727):   [2] Sending state transfer from <0,33354> to <0,33355>
20230730-160719-7346 02944 * HandleRequestStateTransfer (replica.cc:727):   [2] Sending state transfer from <0,33355> to <0,33355>
20230730-160720-1503 02944 * HandleRequestStateTransfer (replica.cc:727):   [2] Sending state transfer from <0,36881> to <0,36881>
20230730-160720-1506 02944 * HandleRequestStateTransfer (replica.cc:727):   [2] Sending state transfer from <0,36883> to <0,36883>
20230730-160720-1508 02944 * HandleRequestStateTransfer (replica.cc:727):   [2] Sending state transfer from <0,36884> to <0,36884>
20230730-160720-4209 02944 * HandleRequestStateTransfer (replica.cc:727):   [2] Sending state transfer from <0,39268> to <0,39269>
20230730-160720-4210 02944 * HandleRequestStateTransfer (replica.cc:727):   [2] Sending state transfer from <0,39269> to <0,39270>
20230730-160720-4211 02944 * HandleRequestStateTransfer (replica.cc:727):   [2] Sending state transfer from <0,39270> to <0,39270>
20230730-160720-4213 02944 * HandleRequestStateTransfer (replica.cc:727):   [2] Sending state transfer from <0,39272> to <0,39272>
20230730-160720-4216 02944 * HandleRequestStateTransfer (replica.cc:727):   [2] Sending state transfer from <0,39274> to <0,39274>
20230730-160720-4218 02944 * HandleRequestStateTransfer (replica.cc:727):   [2] Sending state transfer from <0,39275> to <0,39276>
20230730-160720-4219 02944 * HandleRequestStateTransfer (replica.cc:727):   [2] Sending state transfer from <0,39276> to <0,39277>
20230730-160720-4221 02944 * HandleRequestStateTransfer (replica.cc:727):   [2] Sending state transfer from <0,39277> to <0,39277>
20230730-160721-5410 02944 * HandleRequestStateTransfer (replica.cc:727):   [2] Sending state transfer from <0,48622> to <0,48622>
20230730-160721-5411 02944 * HandleRequestStateTransfer (replica.cc:727):   [2] Sending state transfer from <0,48624> to <0,48624>
20230730-160723-6312 02944 * RequestStateTransfer (replica.cc:212):   [2] Requesting state transfer: <0,65536>
20230730-160723-6327 02944 * RequestStateTransfer (replica.cc:212):   [2] Requesting state transfer: <0,65551>
20230730-160723-6328 02944 * RequestStateTransfer (replica.cc:212):   [2] Requesting state transfer: <0,65552>
20230730-160723-6329 02944 * RequestStateTransfer (replica.cc:212):   [2] Requesting state transfer: <0,65554>
20230730-160723-6330 02944 * RequestStateTransfer (replica.cc:212):   [2] Requesting state transfer: <0,65557>
20230730-160723-6331 02944 * RequestStateTransfer (replica.cc:212):   [2] Requesting state transfer: <0,65560>
20230730-160723-6351 02944 ! releaseForWrite (lockserver.cc:353): [4665823188030060015] Releasing unheld write lock: EnMYn9YXufYig2N4Wuz0wae961g12yJNhKRX8zYlCw4b3qu8LbrmkRNxTvbbBg42
20230730-160723-6354 02944 * HandleRequestStateTransfer (replica.cc:727):   [2] Sending state transfer from <0,65581> to <0,65588>
20230730-160724-5203 02944 * RequestStateTransfer (replica.cc:212):   [2] Requesting state transfer: <0,72930>
20230730-160724-5216 02944 ! OnReadable      (udptransport.cc:573): Fragments out of order for packet 27; expected start 18000, got 27000
20230730-160724-5233 02944 * RequestStateTransfer (replica.cc:212):   [2] Requesting state transfer: <0,73008>
20230730-160724-5234 02944 * RequestStateTransfer (replica.cc:212):   [2] Requesting state transfer: <0,73012>
20230730-160724-5235 02944 * RequestStateTransfer (replica.cc:212):   [2] Requesting state transfer: <0,73013>
20230730-160724-5243 02944 * RequestStateTransfer (replica.cc:212):   [2] Requesting state transfer: <0,73028>
20230730-160724-5244 02944 * RequestStateTransfer (replica.cc:212):   [2] Requesting state transfer: <0,73029>
20230730-160724-5248 02944 ! OnReadable      (udptransport.cc:565): Failed to reconstruct packet 27
20230730-160724-5250 02944 ! OnReadable      (udptransport.cc:573): Fragments out of order for packet 29; expected start 0, got 9000
20230730-160724-5252 02944 ! OnReadable      (udptransport.cc:565): Failed to reconstruct packet 29
20230730-160727-7871 02944 ! releaseForWrite (lockserver.cc:353): [7639035759530020014] Releasing unheld write lock: 9nOslcsop3c6sOQNfYale8t7dAkXjqtp3ODNOfm6X17Kik6af1cUhm8IGO4OBZ0s
20230730-160727-7871 02944 ! releaseForRead  (lockserver.cc:293): [7639035759530020014] Releasing unheld read lock: 9nOslcsop3c6sOQNfYale8t7dAkXjqtp3ODNOfm6X17Kik6af1cUhm8IGO4OBZ0s
20230730-160727-9629 02944 * HandleRequestStateTransfer (replica.cc:727):   [2] Sending state transfer from <0,102662> to <0,102688>
20230730-160727-9629 02944 * SendMessageInternal (udptransport.cc:442): Sending large replication.vr.proto.StateTransferMessage message in 2 fragments
20230730-160727-9630 02944 * HandleRequestStateTransfer (replica.cc:727):   [2] Sending state transfer from <0,102663> to <0,102689>
20230730-160727-9630 02944 * SendMessageInternal (udptransport.cc:442): Sending large replication.vr.proto.StateTransferMessage message in 2 fragments
20230730-160727-9631 02944 * HandleRequestStateTransfer (replica.cc:727):   [2] Sending state transfer from <0,102664> to <0,102691>
20230730-160727-9632 02944 * SendMessageInternal (udptransport.cc:442): Sending large replication.vr.proto.StateTransferMessage message in 2 fragments
20230730-160727-9633 02944 * HandleRequestStateTransfer (replica.cc:727):   [2] Sending state transfer from <0,102665> to <0,102691>
20230730-160727-9633 02944 * SendMessageInternal (udptransport.cc:442): Sending large replication.vr.proto.StateTransferMessage message in 2 fragments
20230730-160729-6567 02944 * RequestStateTransfer (replica.cc:212):   [2] Requesting state transfer: <0,117096>
20230730-160729-7700 02944 ! releaseForWrite (lockserver.cc:353): [-2920861398016691591] Releasing unheld write lock: Vwy8IgBgk7rZkzVgzHN5166WbSy3hN3qqQDuxsVbv6hhIGIcIo2mj1YIKue3e4By
20230730-160729-7863 02944 ! releaseForWrite (lockserver.cc:353): [-175561465184961595] Releasing unheld write lock: Vwy8IgBgk7rZkzVgzHN5166WbSy3hN3qqQDuxsVbv6hhIGIcIo2mj1YIKue3e4By
20230730-160729-7864 02944 ! releaseForRead  (lockserver.cc:293): [-175561465184961595] Releasing unheld read lock: D4KIn1fw8XfpVhyMJGA7KkE5oX36PNQRZLMNhhWVh3avJqiScyVQfPWVutLTSm5j
20230730-160729-7864 02944 ! releaseForRead  (lockserver.cc:293): [-175561465184961595] Releasing unheld read lock: IiNQSlZ5W3RtMm8mCrqM2eO7dPdqMSUKAyDiubGJt9zply7A5q4AAVjfOluaGQCi
20230730-160729-9130 02944 ! releaseForWrite (lockserver.cc:353): [8821369102548150020] Releasing unheld write lock: EnMYn9YXufYig2N4Wuz0wae961g12yJNhKRX8zYlCw4b3qu8LbrmkRNxTvbbBg42
20230730-160729-9130 02944 ! releaseForRead  (lockserver.cc:293): [8821369102548150020] Releasing unheld read lock: EnMYn9YXufYig2N4Wuz0wae961g12yJNhKRX8zYlCw4b3qu8LbrmkRNxTvbbBg42
20230730-160729-9247 02944 ! releaseForWrite (lockserver.cc:353): [8418753263267410071] Releasing unheld write lock: EnMYn9YXufYig2N4Wuz0wae961g12yJNhKRX8zYlCw4b3qu8LbrmkRNxTvbbBg42
20230730-160730-1323 02944 ! releaseForRead  (lockserver.cc:293): [4900365599775910026] Releasing unheld read lock: Vwy8IgBgk7rZkzVgzHN5166WbSy3hN3qqQDuxsVbv6hhIGIcIo2mj1YIKue3e4By
20230730-160730-1351 02944 ! releaseForRead  (lockserver.cc:293): [5317648313169480150] Releasing unheld read lock: Vwy8IgBgk7rZkzVgzHN5166WbSy3hN3qqQDuxsVbv6hhIGIcIo2mj1YIKue3e4By
20230730-160730-3034 02944 ! releaseForRead  (lockserver.cc:293): [5549468332678130080] Releasing unheld read lock: Vwy8IgBgk7rZkzVgzHN5166WbSy3hN3qqQDuxsVbv6hhIGIcIo2mj1YIKue3e4By
20230730-160730-8034 02944 ! releaseForRead  (lockserver.cc:293): [7639035759530020017] Releasing unheld read lock: Vwy8IgBgk7rZkzVgzHN5166WbSy3hN3qqQDuxsVbv6hhIGIcIo2mj1YIKue3e4By
20230730-160730-8035 02944 ! releaseForRead  (lockserver.cc:293): [7639035759530020017] Releasing unheld read lock: shqszysKG4e4f2FBcQmRBwKMEDzmXUyYJa9KcBO3sYvBmKWILOF5G4aZSQx694A4
20230730-160730-8953 02944 ! releaseForRead  (lockserver.cc:293): [3124448454063420080] Releasing unheld read lock: Vwy8IgBgk7rZkzVgzHN5166WbSy3hN3qqQDuxsVbv6hhIGIcIo2mj1YIKue3e4By
20230730-160731-0072 02944 ! releaseForRead  (lockserver.cc:293): [6435250438341460165] Releasing unheld read lock: Vwy8IgBgk7rZkzVgzHN5166WbSy3hN3qqQDuxsVbv6hhIGIcIo2mj1YIKue3e4By
20230730-160731-5694 02944 * RequestStateTransfer (replica.cc:212):   [2] Requesting state transfer: <0,131083>
20230730-160731-5695 02944 * RequestStateTransfer (replica.cc:212):   [2] Requesting state transfer: <0,131089>
20230730-160731-5696 02944 * RequestStateTransfer (replica.cc:212):   [2] Requesting state transfer: <0,131090>
20230730-160731-5701 02944 * RequestStateTransfer (replica.cc:212):   [2] Requesting state transfer: <0,131102>
20230730-160731-5706 02944 * RequestStateTransfer (replica.cc:212):   [2] Requesting state transfer: <0,131109>
20230730-160731-5712 02944 * RequestStateTransfer (replica.cc:212):   [2] Requesting state transfer: <0,131117>
20230730-160731-5713 02944 * RequestStateTransfer (replica.cc:212):   [2] Requesting state transfer: <0,131119>
20230730-160731-5994 02944 * HandleRequestStateTransfer (replica.cc:727):   [2] Sending state transfer from <0,131072> to <0,131119>
20230730-160731-5996 02944 * SendMessageInternal (udptransport.cc:442): Sending large replication.vr.proto.StateTransferMessage message in 3 fragments
20230730-160731-5999 02944 * HandleRequestStateTransfer (replica.cc:727):   [2] Sending state transfer from <0,131072> to <0,131119>
20230730-160731-6000 02944 * SendMessageInternal (udptransport.cc:442): Sending large replication.vr.proto.StateTransferMessage message in 3 fragments
20230730-160731-6049 02944 * HandleRequestStateTransfer (replica.cc:727):   [2] Sending state transfer from <0,131173> to <0,131185>
20230730-160731-6050 02944 * SendMessageInternal (udptransport.cc:442): Sending large replication.vr.proto.StateTransferMessage message in 2 fragments
20230730-160731-6051 02944 * HandleRequestStateTransfer (replica.cc:727):   [2] Sending state transfer from <0,131175> to <0,131187>
20230730-160731-6054 02944 * HandleRequestStateTransfer (replica.cc:727):   [2] Sending state transfer from <0,131185> to <0,131189>
20230730-160731-6056 02944 * HandleRequestStateTransfer (replica.cc:727):   [2] Sending state transfer from <0,131189> to <0,131192>
20230730-160734-2597 02944 * RequestStateTransfer (replica.cc:212):   [2] Requesting state transfer: <0,153548>
20230730-160734-2607 02944 * RequestStateTransfer (replica.cc:212):   [2] Requesting state transfer: <0,153595>
20230730-160734-4451 02944 * RequestStateTransfer (replica.cc:212):   [2] Requesting state transfer: <0,155091>
20230730-160734-4452 02944 * RequestStateTransfer (replica.cc:212):   [2] Requesting state transfer: <0,155093>
20230730-160734-4454 02944 * RequestStateTransfer (replica.cc:212):   [2] Requesting state transfer: <0,155094>
20230730-160734-4455 02944 * RequestStateTransfer (replica.cc:212):   [2] Requesting state transfer: <0,155095>
20230730-160734-5963 02944 ! releaseForWrite (lockserver.cc:353): [-5081654106165981586] Releasing unheld write lock: 2pjoZi6l5hIAutBa3yb7gMMrgXeB89ByRrnKRON7GfeAmifFUaaREz4fMGJA0D6c
20230730-160734-5964 02944 ! releaseForRead  (lockserver.cc:293): [-5081654106165981586] Releasing unheld read lock: cIElcndVA1dukYlZdXzYyTAsNTGqUYFWHGwQDBjDz1plLIcWnA7GkqH81kxwq014
20230730-160734-5964 02944 ! releaseForRead  (lockserver.cc:293): [-5081654106165981586] Releasing unheld read lock: Vwy8IgBgk7rZkzVgzHN5166WbSy3hN3qqQDuxsVbv6hhIGIcIo2mj1YIKue3e4By
20230730-160734-8114 02944 * HandleRequestStateTransfer (replica.cc:727):   [2] Sending state transfer from <0,158261> to <0,158262>
20230730-160734-8720 02944 * RequestStateTransfer (replica.cc:212):   [2] Requesting state transfer: <0,158839>
20230730-160734-8721 02944 * RequestStateTransfer (replica.cc:212):   [2] Requesting state transfer: <0,158840>
20230730-160734-8722 02944 * HandleRequestStateTransfer (replica.cc:727):   [2] Sending state transfer from <0,158839> to <0,158840>
20230730-160734-8724 02944 * HandleRequestStateTransfer (replica.cc:727):   [2] Sending state transfer from <0,158840> to <0,158842>
20230730-160734-8726 02944 * RequestStateTransfer (replica.cc:212):   [2] Requesting state transfer: <0,158846>
20230730-160734-8727 02944 * RequestStateTransfer (replica.cc:212):   [2] Requesting state transfer: <0,158848>
20230730-160734-8728 02944 * HandleRequestStateTransfer (replica.cc:727):   [2] Sending state transfer from <0,158846> to <0,158850>
20230730-160734-8728 02944 * RequestStateTransfer (replica.cc:212):   [2] Requesting state transfer: <0,158850>
20230730-160734-8729 02944 * HandleRequestStateTransfer (replica.cc:727):   [2] Sending state transfer from <0,158848> to <0,158851>
20230730-160734-8730 02944 * RequestStateTransfer (replica.cc:212):   [2] Requesting state transfer: <0,158851>
20230730-160734-8731 02944 * RequestStateTransfer (replica.cc:212):   [2] Requesting state transfer: <0,158852>
20230730-160734-8732 02944 * HandleRequestStateTransfer (replica.cc:727):   [2] Sending state transfer from <0,158850> to <0,158852>
20230730-160734-8732 02944 * RequestStateTransfer (replica.cc:212):   [2] Requesting state transfer: <0,158853>
20230730-160734-8733 02944 * RequestStateTransfer (replica.cc:212):   [2] Requesting state transfer: <0,158854>
20230730-160734-8734 02944 * HandleRequestStateTransfer (replica.cc:727):   [2] Sending state transfer from <0,158851> to <0,158854>
20230730-160734-8734 02944 * RequestStateTransfer (replica.cc:212):   [2] Requesting state transfer: <0,158855>
20230730-160734-8735 02944 * HandleRequestStateTransfer (replica.cc:727):   [2] Sending state transfer from <0,158852> to <0,158855>
20230730-160734-8735 02944 * HandleRequestStateTransfer (replica.cc:727):   [2] Sending state transfer from <0,158853> to <0,158855>
20230730-160734-8736 02944 * HandleRequestStateTransfer (replica.cc:727):   [2] Sending state transfer from <0,158854> to <0,158855>
20230730-160734-8737 02944 * HandleRequestStateTransfer (replica.cc:727):   [2] Sending state transfer from <0,158855> to <0,158855>
20230730-160734-8754 02944 ! OnReadable      (udptransport.cc:573): Fragments out of order for packet 53; expected start 0, got 9000
20230730-160735-1414 02944 * RequestStateTransfer (replica.cc:212):   [2] Requesting state transfer: <0,161118>
20230730-160735-1440 02944 ! OnReadable      (udptransport.cc:565): Failed to reconstruct packet 53
20230730-160735-1830 02944 * HandleRequestStateTransfer (replica.cc:727):   [2] Sending state transfer from <0,161506> to <0,161562>
20230730-160735-1831 02944 * SendMessageInternal (udptransport.cc:442): Sending large replication.vr.proto.StateTransferMessage message in 3 fragments
20230730-160735-1844 02944 * HandleRequestStateTransfer (replica.cc:727):   [2] Sending state transfer from <0,161562> to <0,161572>
20230730-160735-1846 02944 * HandleRequestStateTransfer (replica.cc:727):   [2] Sending state transfer from <0,161565> to <0,161572>
20230730-160735-1848 02944 * HandleRequestStateTransfer (replica.cc:727):   [2] Sending state transfer from <0,161567> to <0,161575>
20230730-160735-1849 02944 * HandleRequestStateTransfer (replica.cc:727):   [2] Sending state transfer from <0,161568> to <0,161575>
20230730-160735-1851 02944 * HandleRequestStateTransfer (replica.cc:727):   [2] Sending state transfer from <0,161575> to <0,161578>
20230730-160735-1854 02944 * HandleRequestStateTransfer (replica.cc:727):   [2] Sending state transfer from <0,161578> to <0,161579>
20230730-160735-4421 02944 * RequestStateTransfer (replica.cc:212):   [2] Requesting state transfer: <0,163914>
20230730-160735-4422 02944 * RequestStateTransfer (replica.cc:212):   [2] Requesting state transfer: <0,163917>
20230730-160735-4423 02944 * RequestStateTransfer (replica.cc:212):   [2] Requesting state transfer: <0,163918>
20230730-160735-4424 02944 * RequestStateTransfer (replica.cc:212):   [2] Requesting state transfer: <0,163919>
20230730-160735-4425 02944 * RequestStateTransfer (replica.cc:212):   [2] Requesting state transfer: <0,163920>
20230730-160735-4427 02944 * RequestStateTransfer (replica.cc:212):   [2] Requesting state transfer: <0,163921>
20230730-160735-4429 02944 * RequestStateTransfer (replica.cc:212):   [2] Requesting state transfer: <0,163923>
20230730-160735-7778 02944 * RequestStateTransfer (replica.cc:212):   [2] Requesting state transfer: <0,166919>
20230730-160735-9409 02944 ! releaseForRead  (lockserver.cc:293): [1844070160724150097] Releasing unheld read lock: 9nOslcsop3c6sOQNfYale8t7dAkXjqtp3ODNOfm6X17Kik6af1cUhm8IGO4OBZ0s
20230730-160736-2856 02944 ! releaseForWrite (lockserver.cc:353): [-86256678346911569] Releasing unheld write lock: Vwy8IgBgk7rZkzVgzHN5166WbSy3hN3qqQDuxsVbv6hhIGIcIo2mj1YIKue3e4By
20230730-160736-7603 02944 * RequestStateTransfer (replica.cc:212):   [2] Requesting state transfer: <0,175239>
20230730-160736-7605 02944 * RequestStateTransfer (replica.cc:212):   [2] Requesting state transfer: <0,175241>
20230730-160736-7931 02944 * HandleRequestStateTransfer (replica.cc:727):   [2] Sending state transfer from <0,175532> to <0,175532>
20230730-160737-4137 02944 * RequestStateTransfer (replica.cc:212):   [2] Requesting state transfer: <0,180988>
20230730-160737-4144 02944 * RequestStateTransfer (replica.cc:212):   [2] Requesting state transfer: <0,180989>
20230730-160738-5311 02944 * RequestStateTransfer (replica.cc:212):   [2] Requesting state transfer: <0,190392>
20230730-160739-0167 02944 * RequestStateTransfer (replica.cc:212):   [2] Requesting state transfer: <0,194548>
20230730-160739-0169 02944 * RequestStateTransfer (replica.cc:212):   [2] Requesting state transfer: <0,194549>
20230730-160739-1875 02944 * RequestStateTransfer (replica.cc:212):   [2] Requesting state transfer: <0,196051>
20230730-160739-1877 02944 * RequestStateTransfer (replica.cc:212):   [2] Requesting state transfer: <0,196053>
20230730-160739-2786 02944 * RequestStateTransfer (replica.cc:212):   [2] Requesting state transfer: <0,196820>
20230730-160739-2787 02944 * RequestStateTransfer (replica.cc:212):   [2] Requesting state transfer: <0,196821>
20230730-160739-2787 02944 * HandleRequestStateTransfer (replica.cc:727):   [2] Sending state transfer from <0,196820> to <0,196821>
20230730-160739-2788 02944 * HandleRequestStateTransfer (replica.cc:727):   [2] Sending state transfer from <0,196821> to <0,196823>
20230730-160739-2789 02944 * RequestStateTransfer (replica.cc:212):   [2] Requesting state transfer: <0,196823>
20230730-160739-2790 02944 * HandleRequestStateTransfer (replica.cc:727):   [2] Sending state transfer from <0,196823> to <0,196824>
20230730-160739-2791 02944 * RequestStateTransfer (replica.cc:212):   [2] Requesting state transfer: <0,196824>
20230730-160739-2791 02944 * HandleRequestStateTransfer (replica.cc:727):   [2] Sending state transfer from <0,196824> to <0,196825>
20230730-160739-2792 02944 * RequestStateTransfer (replica.cc:212):   [2] Requesting state transfer: <0,196826>
20230730-160739-2793 02944 * HandleRequestStateTransfer (replica.cc:727):   [2] Sending state transfer from <0,196826> to <0,196827>
20230730-160739-2793 02944 * RequestStateTransfer (replica.cc:212):   [2] Requesting state transfer: <0,196827>
20230730-160739-2794 02944 * HandleRequestStateTransfer (replica.cc:727):   [2] Sending state transfer from <0,196827> to <0,196829>
20230730-160739-2796 02944 * RequestStateTransfer (replica.cc:212):   [2] Requesting state transfer: <0,196832>
20230730-160739-2797 02944 * HandleRequestStateTransfer (replica.cc:727):   [2] Sending state transfer from <0,196832> to <0,196832>
20230730-160739-7145 02944 * RequestStateTransfer (replica.cc:212):   [2] Requesting state transfer: <0,200678>
20230730-160740-3833 02944 * RequestStateTransfer (replica.cc:212):   [2] Requesting state transfer: <0,205705>
20230730-160740-3834 02944 * HandleRequestStateTransfer (replica.cc:727):   [2] Sending state transfer from <0,205705> to <0,205706>
20230730-160740-3835 02944 * RequestStateTransfer (replica.cc:212):   [2] Requesting state transfer: <0,205706>
20230730-160740-3835 02944 * HandleRequestStateTransfer (replica.cc:727):   [2] Sending state transfer from <0,205706> to <0,205706>
20230730-160740-6457 02944 * HandleRequestStateTransfer (replica.cc:727):   [2] Sending state transfer from <0,207731> to <0,207763>
20230730-160740-6458 02944 * SendMessageInternal (udptransport.cc:442): Sending large replication.vr.proto.StateTransferMessage message in 3 fragments
20230730-160740-6459 02944 * HandleRequestStateTransfer (replica.cc:727):   [2] Sending state transfer from <0,207743> to <0,207765>
20230730-160740-6459 02944 * SendMessageInternal (udptransport.cc:442): Sending large replication.vr.proto.StateTransferMessage message in 2 fragments
20230730-160740-6460 02944 * HandleRequestStateTransfer (replica.cc:727):   [2] Sending state transfer from <0,207744> to <0,207765>
20230730-160740-6461 02944 * SendMessageInternal (udptransport.cc:442): Sending large replication.vr.proto.StateTransferMessage message in 2 fragments
20230730-160740-6469 02944 * HandleRequestStateTransfer (replica.cc:727):   [2] Sending state transfer from <0,207765> to <0,207772>
20230730-160740-6470 02944 * HandleRequestStateTransfer (replica.cc:727):   [2] Sending state transfer from <0,207767> to <0,207774>
20230730-160740-6472 02944 * HandleRequestStateTransfer (replica.cc:727):   [2] Sending state transfer from <0,207769> to <0,207776>
20230730-160740-6473 02944 * HandleRequestStateTransfer (replica.cc:727):   [2] Sending state transfer from <0,207770> to <0,207776>
20230730-160740-6473 02944 * HandleRequestStateTransfer (replica.cc:727):   [2] Sending state transfer from <0,207772> to <0,207777>
20230730-160741-8550 02944 ! releaseForWrite (lockserver.cc:353): [1244883729846860045] Releasing unheld write lock: Vwy8IgBgk7rZkzVgzHN5166WbSy3hN3qqQDuxsVbv6hhIGIcIo2mj1YIKue3e4By
20230730-160741-8930 02944 * RequestStateTransfer (replica.cc:212):   [2] Requesting state transfer: <0,217807>
20230730-160741-8931 02944 * RequestStateTransfer (replica.cc:212):   [2] Requesting state transfer: <0,217808>
20230730-160742-0170 02944 ! releaseForRead  (lockserver.cc:293): [-3734032351215311575] Releasing unheld read lock: RkXnDjWzijleJQDebssFZABip7bhYU3RUwC0DMvvJCYzLxICStQvSDrzgN9fwphw
20230730-160744-3932 02944 ! releaseForRead  (lockserver.cc:293): [-8266493555298731439] Releasing unheld read lock: TP1aheZ3wRaOjPRJ7ryA14eKYfpKGFVG44nFZXP8HMhsvEEfgiLLjJ72OxLb9rve
20230730-160744-7711 02944 ! releaseForWrite (lockserver.cc:353): [-6112169038485001572] Releasing unheld write lock: Vwy8IgBgk7rZkzVgzHN5166WbSy3hN3qqQDuxsVbv6hhIGIcIo2mj1YIKue3e4By
20230730-160744-7712 02944 ! releaseForRead  (lockserver.cc:293): [-6112169038485001572] Releasing unheld read lock: bTRPRRGqaB2g0Fs8oWnuwPalXbM2DqbLzqNN4dIT53j495M7eM3uxk1r5jLdXLS3
20230730-160745-0285 02944 ! releaseForWrite (lockserver.cc:353): [7645195587892780186] Releasing unheld write lock: ttF5oyA3ANbLcjmLtvu82NeTMJE1eyqLzN2ZJ6HMa8dqthe6rKJLYY4ox2Fe4X6D
20230730-160745-0285 02944 ! releaseForRead  (lockserver.cc:293): [7645195587892780186] Releasing unheld read lock: 9nOslcsop3c6sOQNfYale8t7dAkXjqtp3ODNOfm6X17Kik6af1cUhm8IGO4OBZ0s
20230730-160745-3203 02944 * RequestStateTransfer (replica.cc:212):   [2] Requesting state transfer: <0,246017>
20230730-160745-3204 02944 * HandleRequestStateTransfer (replica.cc:727):   [2] Sending state transfer from <0,246017> to <0,246017>
20230730-160745-3206 02944 * RequestStateTransfer (replica.cc:212):   [2] Requesting state transfer: <0,246019>
20230730-160745-3206 02944 * HandleRequestStateTransfer (replica.cc:727):   [2] Sending state transfer from <0,246019> to <0,246019>
20230730-160745-8036 02944 ! releaseForWrite (lockserver.cc:353): [-4710972069399911573] Releasing unheld write lock: kXG0vjCwqmdPSjbt3XxHSpno8Bok5Pi2KiGomoX4nOOHbbMEMDBuT7sGYOh0eFi6
20230730-160745-8036 02944 ! releaseForWrite (lockserver.cc:353): [-4710972069399911573] Releasing unheld write lock: 9nOslcsop3c6sOQNfYale8t7dAkXjqtp3ODNOfm6X17Kik6af1cUhm8IGO4OBZ0s
20230730-160745-8037 02944 ! releaseForRead  (lockserver.cc:293): [-4710972069399911573] Releasing unheld read lock: SgOqK9wUGRiHBV4dvhcdpkwjrsWTrFz6YFpDM10BjXX9atGL9XcgyKGVOJ6WIeb2
20230730-160746-1240 02944 * RequestStateTransfer (replica.cc:212):   [2] Requesting state transfer: <0,252452>
20230730-160746-1241 02944 * RequestStateTransfer (replica.cc:212):   [2] Requesting state transfer: <0,252453>
20230730-160746-3983 02944 * RequestStateTransfer (replica.cc:212):   [2] Requesting state transfer: <0,254667>
20230730-160746-3983 02944 * HandleRequestStateTransfer (replica.cc:727):   [2] Sending state transfer from <0,254667> to <0,254667>
20230730-160746-3984 02944 * RequestStateTransfer (replica.cc:212):   [2] Requesting state transfer: <0,254669>
20230730-160746-3985 02944 * HandleRequestStateTransfer (replica.cc:727):   [2] Sending state transfer from <0,254669> to <0,254670>
20230730-160746-3986 02944 * RequestStateTransfer (replica.cc:212):   [2] Requesting state transfer: <0,254670>
20230730-160746-3987 02944 * HandleRequestStateTransfer (replica.cc:727):   [2] Sending state transfer from <0,254670> to <0,254670>
20230730-160746-3988 02944 * RequestStateTransfer (replica.cc:212):   [2] Requesting state transfer: <0,254671>
20230730-160746-3989 02944 * RequestStateTransfer (replica.cc:212):   [2] Requesting state transfer: <0,254672>
20230730-160746-3989 02944 * HandleRequestStateTransfer (replica.cc:727):   [2] Sending state transfer from <0,254671> to <0,254672>
20230730-160746-3991 02944 * RequestStateTransfer (replica.cc:212):   [2] Requesting state transfer: <0,254674>
20230730-160746-3991 02944 * HandleRequestStateTransfer (replica.cc:727):   [2] Sending state transfer from <0,254672> to <0,254674>
20230730-160746-3993 02944 * RequestStateTransfer (replica.cc:212):   [2] Requesting state transfer: <0,254676>
20230730-160746-3993 02944 * HandleRequestStateTransfer (replica.cc:727):   [2] Sending state transfer from <0,254674> to <0,254676>
20230730-160746-3994 02944 * RequestStateTransfer (replica.cc:212):   [2] Requesting state transfer: <0,254677>
20230730-160746-3995 02944 * HandleRequestStateTransfer (replica.cc:727):   [2] Sending state transfer from <0,254676> to <0,254677>
20230730-160746-3996 02944 * RequestStateTransfer (replica.cc:212):   [2] Requesting state transfer: <0,254678>
20230730-160746-3996 02944 * HandleRequestStateTransfer (replica.cc:727):   [2] Sending state transfer from <0,254677> to <0,254678>
20230730-160746-3997 02944 * HandleRequestStateTransfer (replica.cc:727):   [2] Sending state transfer from <0,254678> to <0,254678>
20230730-160746-8210 02944 ! releaseForWrite (lockserver.cc:353): [-8674781487554461572] Releasing unheld write lock: Vwy8IgBgk7rZkzVgzHN5166WbSy3hN3qqQDuxsVbv6hhIGIcIo2mj1YIKue3e4By
20230730-160746-8210 02944 ! releaseForWrite (lockserver.cc:353): [-8674781487554461572] Releasing unheld write lock: EnMYn9YXufYig2N4Wuz0wae961g12yJNhKRX8zYlCw4b3qu8LbrmkRNxTvbbBg42
20230730-160746-8676 02944 ! releaseForRead  (lockserver.cc:293): [7639035759530020042] Releasing unheld read lock: Vwy8IgBgk7rZkzVgzHN5166WbSy3hN3qqQDuxsVbv6hhIGIcIo2mj1YIKue3e4By
20230730-160746-8676 02944 ! releaseForRead  (lockserver.cc:293): [7639035759530020042] Releasing unheld read lock: n8sW8NuSeVTYkYjIwvP4VTprL7gs7R2xkcSoWEckucGWacn1n3XGcGlH38x4JfvE
20230730-160746-8678 02944 ! releaseForWrite (lockserver.cc:353): [-3796219435061621575] Releasing unheld write lock: Vwy8IgBgk7rZkzVgzHN5166WbSy3hN3qqQDuxsVbv6hhIGIcIo2mj1YIKue3e4By
20230730-160746-8678 02944 ! releaseForRead  (lockserver.cc:293): [-3796219435061621575] Releasing unheld read lock: VOycHjXVKxCUeppm7dKI9C7gRkLdfaBR1hAAmg5rldzz3WiuukWJe8eZlJfYC6BM
20230730-160746-8680 02944 ! releaseForWrite (lockserver.cc:353): [8821369102548150052] Releasing unheld write lock: PFTuqtLapDDXIOVSw2g263QPXr4xQDlKZDwO6re2J9zn9JlS7BMTmqxXm1cce1gt
20230730-160746-8680 02944 ! releaseForRead  (lockserver.cc:293): [8821369102548150052] Releasing unheld read lock: sTQTiewIyPObYwDk3pZQxqddsWnKL946ON32dQGYh6Q68UqbclkvhPOfOBzJyInm
20230730-160747-0108 02944 ! releaseForRead  (lockserver.cc:293): [7306900812714100101] Releasing unheld read lock: Vwy8IgBgk7rZkzVgzHN5166WbSy3hN3qqQDuxsVbv6hhIGIcIo2mj1YIKue3e4By
20230730-160747-0108 02944 ! releaseForRead  (lockserver.cc:293): [7306900812714100101] Releasing unheld read lock: oxuaoVlTrkCNbgXZVZtU7FOfDkUyMiUcpcBlFEExxsNiwxIHElADnzG9en98sQQN
20230730-160747-0427 02944 ! releaseForRead  (lockserver.cc:293): [-7377376190639931467] Releasing unheld read lock: PFTuqtLapDDXIOVSw2g263QPXr4xQDlKZDwO6re2J9zn9JlS7BMTmqxXm1cce1gt
20230730-160747-1737 02944 ! releaseForWrite (lockserver.cc:353): [-2472896732960451403] Releasing unheld write lock: RkXnDjWzijleJQDebssFZABip7bhYU3RUwC0DMvvJCYzLxICStQvSDrzgN9fwphw
20230730-160747-6924 02944 * RequestStateTransfer (replica.cc:212):   [2] Requesting state transfer: <0,262165>
20230730-160747-6926 02944 * RequestStateTransfer (replica.cc:212):   [2] Requesting state transfer: <0,262170>
20230730-160747-6927 02944 * RequestStateTransfer (replica.cc:212):   [2] Requesting state transfer: <0,262171>
20230730-160747-6928 02944 * RequestStateTransfer (replica.cc:212):   [2] Requesting state transfer: <0,262174>
20230730-160747-6929 02944 * RequestStateTransfer (replica.cc:212):   [2] Requesting state transfer: <0,262177>
20230730-160747-6929 02944 ! releaseForWrite (lockserver.cc:353): [7653064813318670041] Releasing unheld write lock: nt8ExH76xqGowHimCvAQQ4tRPdCmR7BQBNZFr1V1ee16ZaCPDmylV8bwKot180a5
20230730-160747-6930 02944 ! releaseForRead  (lockserver.cc:293): [7653064813318670041] Releasing unheld read lock: Vwy8IgBgk7rZkzVgzHN5166WbSy3hN3qqQDuxsVbv6hhIGIcIo2mj1YIKue3e4By
20230730-160747-6930 02944 ! releaseForRead  (lockserver.cc:293): [7653064813318670041] Releasing unheld read lock: Z36nzNNVHB7r0Fkzukp9xVGggzLftSCJTpiy9kc0JmHQEyWgGdPXfL3q3sjK4ImU
20230730-160747-6930 02944 * RequestStateTransfer (replica.cc:212):   [2] Requesting state transfer: <0,262180>
20230730-160747-6931 02944 * RequestStateTransfer (replica.cc:212):   [2] Requesting state transfer: <0,262182>
20230730-160747-7387 02944 * HandleRequestStateTransfer (replica.cc:727):   [2] Sending state transfer from <0,262144> to <0,262182>
20230730-160747-7388 02944 * SendMessageInternal (udptransport.cc:442): Sending large replication.vr.proto.StateTransferMessage message in 3 fragments
20230730-160747-7466 02944 * HandleRequestStateTransfer (replica.cc:727):   [2] Sending state transfer from <0,262239> to <0,262273>
20230730-160747-7467 02944 * SendMessageInternal (udptransport.cc:442): Sending large replication.vr.proto.StateTransferMessage message in 2 fragments
20230730-160747-7468 02944 * HandleRequestStateTransfer (replica.cc:727):   [2] Sending state transfer from <0,262240> to <0,262274>
20230730-160747-7468 02944 * SendMessageInternal (udptransport.cc:442): Sending large replication.vr.proto.StateTransferMessage message in 2 fragments
20230730-160747-7469 02944 * HandleRequestStateTransfer (replica.cc:727):   [2] Sending state transfer from <0,262241> to <0,262275>
20230730-160747-7469 02944 * SendMessageInternal (udptransport.cc:442): Sending large replication.vr.proto.StateTransferMessage message in 2 fragments
20230730-160747-7470 02944 * HandleRequestStateTransfer (replica.cc:727):   [2] Sending state transfer from <0,262242> to <0,262275>
20230730-160747-7470 02944 * SendMessageInternal (udptransport.cc:442): Sending large replication.vr.proto.StateTransferMessage message in 2 fragments
20230730-160747-7475 02944 * HandleRequestStateTransfer (replica.cc:727):   [2] Sending state transfer from <0,262273> to <0,262278>
20230730-160747-7477 02944 * HandleRequestStateTransfer (replica.cc:727):   [2] Sending state transfer from <0,262274> to <0,262278>
20230730-160747-7478 02944 * HandleRequestStateTransfer (replica.cc:727):   [2] Sending state transfer from <0,262276> to <0,262278>
20230730-160747-7479 02944 * HandleRequestStateTransfer (replica.cc:727):   [2] Sending state transfer from <0,262277> to <0,262278>
20230730-160747-7480 02944 * HandleRequestStateTransfer (replica.cc:727):   [2] Sending state transfer from <0,262278> to <0,262279>
20230730-160747-8230 02944 ! releaseForWrite (lockserver.cc:353): [-1353433443573691571] Releasing unheld write lock: EnMYn9YXufYig2N4Wuz0wae961g12yJNhKRX8zYlCw4b3qu8LbrmkRNxTvbbBg42
20230730-160747-8230 02944 ! releaseForWrite (lockserver.cc:353): [-1353433443573691571] Releasing unheld write lock: HTfXPQpXOvewEoydNh2r48sNbWCieVsLKgzLpXBegBnG5ud51xBexaUJZOOxuFaR
20230730-160747-8231 02944 ! releaseForRead  (lockserver.cc:293): [-1353433443573691571] Releasing unheld read lock: Yrs8AY6H50yX7VQ29caDLDcIQf3xDVC0NNIXBf73clgNy9Mq8T4jhXR8qgWFJjLE
20230730-160747-8231 02944 ! releaseForRead  (lockserver.cc:293): [-1353433443573691571] Releasing unheld read lock: Vwy8IgBgk7rZkzVgzHN5166WbSy3hN3qqQDuxsVbv6hhIGIcIo2mj1YIKue3e4By
20230730-160747-9047 02944 * HandleRequestStateTransfer (replica.cc:727):   [2] Sending state transfer from <0,264026> to <0,264026>
20230730-160747-9051 02944 * HandleRequestStateTransfer (replica.cc:727):   [2] Sending state transfer from <0,264029> to <0,264030>
20230730-160747-9053 02944 * HandleRequestStateTransfer (replica.cc:727):   [2] Sending state transfer from <0,264030> to <0,264031>
20230730-160747-9057 02944 * HandleRequestStateTransfer (replica.cc:727):   [2] Sending state transfer from <0,264032> to <0,264035>
20230730-160747-9059 02944 * HandleRequestStateTransfer (replica.cc:727):   [2] Sending state transfer from <0,264034> to <0,264036>
20230730-160747-9060 02944 * HandleRequestStateTransfer (replica.cc:727):   [2] Sending state transfer from <0,264035> to <0,264036>
20230730-160747-9062 02944 * HandleRequestStateTransfer (replica.cc:727):   [2] Sending state transfer from <0,264036> to <0,264037>
20230730-160747-9454 02944 * RequestStateTransfer (replica.cc:212):   [2] Requesting state transfer: <0,264501>
20230730-160747-9455 02944 * RequestStateTransfer (replica.cc:212):   [2] Requesting state transfer: <0,264503>
20230730-160747-9457 02944 * RequestStateTransfer (replica.cc:212):   [2] Requesting state transfer: <0,264504>
20230730-160747-9458 02944 * RequestStateTransfer (replica.cc:212):   [2] Requesting state transfer: <0,264505>
20230730-160749-8096 02944 ! releaseForWrite (lockserver.cc:353): [-1154846598957371416] Releasing unheld write lock: Vwy8IgBgk7rZkzVgzHN5166WbSy3hN3qqQDuxsVbv6hhIGIcIo2mj1YIKue3e4By
20230730-160749-8110 02944 * HandleRequestStateTransfer (replica.cc:727):   [2] Sending state transfer from <0,277769> to <0,277770>
20230730-160749-8112 02944 * HandleRequestStateTransfer (replica.cc:727):   [2] Sending state transfer from <0,277770> to <0,277771>
20230730-160749-8115 02944 * HandleRequestStateTransfer (replica.cc:727):   [2] Sending state transfer from <0,277772> to <0,277775>
20230730-160749-8117 02944 * HandleRequestStateTransfer (replica.cc:727):   [2] Sending state transfer from <0,277773> to <0,277775>
20230730-160751-1182 02944 ! releaseForWrite (lockserver.cc:353): [5169365877005980097] Releasing unheld write lock: Vwy8IgBgk7rZkzVgzHN5166WbSy3hN3qqQDuxsVbv6hhIGIcIo2mj1YIKue3e4By
20230730-160753-0323 02944 * RequestStateTransfer (replica.cc:212):   [2] Requesting state transfer: <0,304729>
20230730-160753-0324 02944 * RequestStateTransfer (replica.cc:212):   [2] Requesting state transfer: <0,304730>
20230730-160753-0325 02944 * RequestStateTransfer (replica.cc:212):   [2] Requesting state transfer: <0,304731>
20230730-160753-0330 02944 * RequestStateTransfer (replica.cc:212):   [2] Requesting state transfer: <0,304732>
20230730-160753-0331 02944 * RequestStateTransfer (replica.cc:212):   [2] Requesting state transfer: <0,304734>
20230730-160753-0335 02944 * RequestStateTransfer (replica.cc:212):   [2] Requesting state transfer: <0,304737>
20230730-160753-0337 02944 * RequestStateTransfer (replica.cc:212):   [2] Requesting state transfer: <0,304740>
20230730-160753-0339 02944 * RequestStateTransfer (replica.cc:212):   [2] Requesting state transfer: <0,304742>
20230730-160753-0376 02944 ! OnReadable      (udptransport.cc:573): Fragments out of order for packet 94; expected start 0, got 9000
20230730-160753-0378 02944 ! OnReadable      (udptransport.cc:565): Failed to reconstruct packet 94
20230730-160753-2456 02944 * RequestStateTransfer (replica.cc:212):   [2] Requesting state transfer: <0,306394>
20230730-160753-2457 02944 * RequestStateTransfer (replica.cc:212):   [2] Requesting state transfer: <0,306401>
20230730-160753-2458 02944 * RequestStateTransfer (replica.cc:212):   [2] Requesting state transfer: <0,306402>
20230730-160753-2459 02944 * RequestStateTransfer (replica.cc:212):   [2] Requesting state transfer: <0,306403>
20230730-160753-2460 02944 * RequestStateTransfer (replica.cc:212):   [2] Requesting state transfer: <0,306404>
20230730-160753-2461 02944 * RequestStateTransfer (replica.cc:212):   [2] Requesting state transfer: <0,306405>
20230730-160753-2470 02944 * RequestStateTransfer (replica.cc:212):   [2] Requesting state transfer: <0,306425>
20230730-160753-2502 02944 ! OnReadable      (udptransport.cc:573): Fragments out of order for packet 9d; expected start 9000, got 18000
20230730-160753-2502 02944 ! OnReadable      (udptransport.cc:565): Failed to reconstruct packet 9d
20230730-160753-3217 02944 * HandleRequestStateTransfer (replica.cc:727):   [2] Sending state transfer from <0,306968> to <0,306997>
20230730-160753-3218 02944 * SendMessageInternal (udptransport.cc:442): Sending large replication.vr.proto.StateTransferMessage message in 2 fragments
20230730-160753-3219 02944 * HandleRequestStateTransfer (replica.cc:727):   [2] Sending state transfer from <0,306974> to <0,306998>
20230730-160753-3219 02944 * SendMessageInternal (udptransport.cc:442): Sending large replication.vr.proto.StateTransferMessage message in 2 fragments
20230730-160753-3221 02944 * HandleRequestStateTransfer (replica.cc:727):   [2] Sending state transfer from <0,306976> to <0,306999>
20230730-160753-3221 02944 * SendMessageInternal (udptransport.cc:442): Sending large replication.vr.proto.StateTransferMessage message in 2 fragments
20230730-160753-3222 02944 * HandleRequestStateTransfer (replica.cc:727):   [2] Sending state transfer from <0,306977> to <0,306999>
20230730-160753-3222 02944 * SendMessageInternal (udptransport.cc:442): Sending large replication.vr.proto.StateTransferMessage message in 2 fragments
20230730-160753-3223 02944 * HandleRequestStateTransfer (replica.cc:727):   [2] Sending state transfer from <0,306980> to <0,307001>
20230730-160753-3224 02944 * SendMessageInternal (udptransport.cc:442): Sending large replication.vr.proto.StateTransferMessage message in 2 fragments
20230730-160753-3329 02944 * HandleRequestStateTransfer (replica.cc:727):   [2] Sending state transfer from <0,307001> to <0,307006>
20230730-160753-3330 02944 * HandleRequestStateTransfer (replica.cc:727):   [2] Sending state transfer from <0,307002> to <0,307007>
20230730-160753-3331 02944 * HandleRequestStateTransfer (replica.cc:727):   [2] Sending state transfer from <0,307004> to <0,307007>
20230730-160753-3331 02944 * HandleRequestStateTransfer (replica.cc:727):   [2] Sending state transfer from <0,307005> to <0,307007>
20230730-160753-3331 02944 * HandleRequestStateTransfer (replica.cc:727):   [2] Sending state transfer from <0,307006> to <0,307007>
20230730-160754-3376 02944 * RequestStateTransfer (replica.cc:212):   [2] Requesting state transfer: <0,315007>
20230730-160754-3377 02944 * RequestStateTransfer (replica.cc:212):   [2] Requesting state transfer: <0,315009>
20230730-160754-3377 02944 * HandleRequestStateTransfer (replica.cc:727):   [2] Sending state transfer from <0,315007> to <0,315009>
20230730-160754-3379 02944 * RequestStateTransfer (replica.cc:212):   [2] Requesting state transfer: <0,315011>
20230730-160754-3379 02944 * HandleRequestStateTransfer (replica.cc:727):   [2] Sending state transfer from <0,315009> to <0,315011>
20230730-160754-3380 02944 * HandleRequestStateTransfer (replica.cc:727):   [2] Sending state transfer from <0,315011> to <0,315011>
20230730-160754-3457 02944 * HandleRequestStateTransfer (replica.cc:727):   [2] Sending state transfer from <0,315052> to <0,315052>
20230730-160754-3462 02944 * HandleRequestStateTransfer (replica.cc:727):   [2] Sending state transfer from <0,315053> to <0,315053>
20230730-160754-3464 02944 * HandleRequestStateTransfer (replica.cc:727):   [2] Sending state transfer from <0,315054> to <0,315054>
20230730-160754-3468 02944 * HandleRequestStateTransfer (replica.cc:727):   [2] Sending state transfer from <0,315057> to <0,315058>
20230730-160754-4019 02944 * RequestStateTransfer (replica.cc:212):   [2] Requesting state transfer: <0,315609>
20230730-160754-4022 02944 * RequestStateTransfer (replica.cc:212):   [2] Requesting state transfer: <0,315614>
20230730-160754-4033 02944 * HandleRequestStateTransfer (replica.cc:727):   [2] Sending state transfer from <0,315624> to <0,315625>
20230730-160754-4036 02944 * HandleRequestStateTransfer (replica.cc:727):   [2] Sending state transfer from <0,315626> to <0,315627>
20230730-160754-4038 02944 * HandleRequestStateTransfer (replica.cc:727):   [2] Sending state transfer from <0,315627> to <0,315627>
20230730-160754-4039 02944 * HandleRequestStateTransfer (replica.cc:727):   [2] Sending state transfer from <0,315628> to <0,315628>
20230730-160754-4403 02944 * RequestStateTransfer (replica.cc:212):   [2] Requesting state transfer: <0,316045>
20230730-160754-4404 02944 * RequestStateTransfer (replica.cc:212):   [2] Requesting state transfer: <0,316046>
20230730-160754-4406 02944 * RequestStateTransfer (replica.cc:212):   [2] Requesting state transfer: <0,316047>
20230730-160754-4407 02944 * RequestStateTransfer (replica.cc:212):   [2] Requesting state transfer: <0,316049>
20230730-160754-4721 02944 * RequestStateTransfer (replica.cc:212):   [2] Requesting state transfer: <0,316351>
20230730-160754-4723 02944 * HandleRequestStateTransfer (replica.cc:727):   [2] Sending state transfer from <0,316351> to <0,316351>
20230730-160755-1481 02944 * HandleRequestStateTransfer (replica.cc:727):   [2] Sending state transfer from <0,320334> to <0,320335>
20230730-160755-1483 02944 * HandleRequestStateTransfer (replica.cc:727):   [2] Sending state transfer from <0,320335> to <0,320338>
20230730-160755-1483 02944 * HandleRequestStateTransfer (replica.cc:727):   [2] Sending state transfer from <0,320336> to <0,320338>
20230730-160755-1533 02944 * RequestStateTransfer (replica.cc:212):   [2] Requesting state transfer: <0,320391>
20230730-160755-1533 02944 * HandleRequestStateTransfer (replica.cc:727):   [2] Sending state transfer from <0,320391> to <0,320391>
20230730-160755-1534 02944 * RequestStateTransfer (replica.cc:212):   [2] Requesting state transfer: <0,320392>
20230730-160755-1536 02944 * HandleRequestStateTransfer (replica.cc:727):   [2] Sending state transfer from <0,320392> to <0,320392>
20230730-160755-1652 02944 * RequestStateTransfer (replica.cc:212):   [2] Requesting state transfer: <0,320520>
20230730-160755-1653 02944 * HandleRequestStateTransfer (replica.cc:727):   [2] Sending state transfer from <0,320520> to <0,320520>
20230730-160755-1655 02944 * RequestStateTransfer (replica.cc:212):   [2] Requesting state transfer: <0,320522>
20230730-160755-1659 02944 * RequestStateTransfer (replica.cc:212):   [2] Requesting state transfer: <0,320529>
20230730-160755-1665 02944 * RequestStateTransfer (replica.cc:212):   [2] Requesting state transfer: <0,320535>
20230730-160755-1667 02944 * RequestStateTransfer (replica.cc:212):   [2] Requesting state transfer: <0,320536>
20230730-160755-1690 02944 * RequestStateTransfer (replica.cc:212):   [2] Requesting state transfer: <0,320576>
20230730-160755-1691 02944 * HandleRequestStateTransfer (replica.cc:727):   [2] Sending state transfer from <0,320576> to <0,320577>
20230730-160755-1692 02944 * RequestStateTransfer (replica.cc:212):   [2] Requesting state transfer: <0,320577>
20230730-160755-1693 02944 * HandleRequestStateTransfer (replica.cc:727):   [2] Sending state transfer from <0,320577> to <0,320577>
20230730-160755-1694 02944 * RequestStateTransfer (replica.cc:212):   [2] Requesting state transfer: <0,320578>
20230730-160755-1714 02944 * RequestStateTransfer (replica.cc:212):   [2] Requesting state transfer: <0,320607>
20230730-160755-1716 02944 * RequestStateTransfer (replica.cc:212):   [2] Requesting state transfer: <0,320608>
20230730-160755-1718 02944 * HandleRequestStateTransfer (replica.cc:727):   [2] Sending state transfer from <0,320607> to <0,320608>
20230730-160755-1718 02944 * HandleRequestStateTransfer (replica.cc:727):   [2] Sending state transfer from <0,320608> to <0,320608>
20230730-160755-1719 02944 * RequestStateTransfer (replica.cc:212):   [2] Requesting state transfer: <0,320609>
20230730-160755-1735 02944 * RequestStateTransfer (replica.cc:212):   [2] Requesting state transfer: <0,320636>
20230730-160755-1735 02944 * HandleRequestStateTransfer (replica.cc:727):   [2] Sending state transfer from <0,320636> to <0,320636>
20230730-160755-1736 02944 * RequestStateTransfer (replica.cc:212):   [2] Requesting state transfer: <0,320637>
20230730-160755-1823 02944 * RequestStateTransfer (replica.cc:212):   [2] Requesting state transfer: <0,320777>
20230730-160755-1824 02944 * HandleRequestStateTransfer (replica.cc:727):   [2] Sending state transfer from <0,320777> to <0,320778>
20230730-160755-1824 02944 * RequestStateTransfer (replica.cc:212):   [2] Requesting state transfer: <0,320778>
20230730-160755-1826 02944 * HandleRequestStateTransfer (replica.cc:727):   [2] Sending state transfer from <0,320778> to <0,320778>
20230730-160755-1835 02944 * HandleRequestStateTransfer (replica.cc:727):   [2] Sending state transfer from <0,320794> to <0,320794>
20230730-160755-1836 02944 * HandleRequestStateTransfer (replica.cc:727):   [2] Sending state transfer from <0,320795> to <0,320797>
20230730-160755-1867 02944 * HandleRequestStateTransfer (replica.cc:727):   [2] Sending state transfer from <0,320840> to <0,320841>
20230730-160755-1867 02944 * HandleRequestStateTransfer (replica.cc:727):   [2] Sending state transfer from <0,320842> to <0,320843>
20230730-160755-1883 02944 * RequestStateTransfer (replica.cc:212):   [2] Requesting state transfer: <0,320860>
20230730-160755-1884 02944 * HandleRequestStateTransfer (replica.cc:727):   [2] Sending state transfer from <0,320860> to <0,320860>
20230730-160755-2172 02944 * RequestStateTransfer (replica.cc:212):   [2] Requesting state transfer: <0,321287>
20230730-160755-2173 02944 * HandleRequestStateTransfer (replica.cc:727):   [2] Sending state transfer from <0,321287> to <0,321288>
20230730-160755-2173 02944 * RequestStateTransfer (replica.cc:212):   [2] Requesting state transfer: <0,321288>
20230730-160755-2174 02944 * HandleRequestStateTransfer (replica.cc:727):   [2] Sending state transfer from <0,321288> to <0,321288>
20230730-160755-2239 02944 * RequestStateTransfer (replica.cc:212):   [2] Requesting state transfer: <0,321389>
20230730-160755-2240 02944 * HandleRequestStateTransfer (replica.cc:727):   [2] Sending state transfer from <0,321389> to <0,321389>
20230730-160755-2430 02944 * HandleRequestStateTransfer (replica.cc:727):   [2] Sending state transfer from <0,321667> to <0,321667>
20230730-160755-2504 02944 * RequestStateTransfer (replica.cc:212):   [2] Requesting state transfer: <0,321780>
20230730-160755-2505 02944 * HandleRequestStateTransfer (replica.cc:727):   [2] Sending state transfer from <0,321780> to <0,321781>
