20230730-160718-1803 03022 * HandleRequestStateTransfer (replica.cc:727):   [2] Sending state transfer from <0,17998> to <0,17999>
20230730-160718-1804 03022 * HandleRequestStateTransfer (replica.cc:727):   [2] Sending state transfer from <0,17999> to <0,17999>
20230730-160718-1805 03022 * HandleRequestStateTransfer (replica.cc:727):   [2] Sending state transfer from <0,18000> to <0,18000>
20230730-160718-1806 03022 * HandleRequestStateTransfer (replica.cc:727):   [2] Sending state transfer from <0,18003> to <0,18003>
20230730-160718-9431 03022 * RequestStateTransfer (replica.cc:212):   [2] Requesting state transfer: <0,23973>
20230730-160720-3193 03022 * RequestStateTransfer (replica.cc:212):   [2] Requesting state transfer: <0,34466>
20230730-160723-1395 03022 * RequestStateTransfer (replica.cc:212):   [2] Requesting state transfer: <0,52700>
20230730-160723-1396 03022 * HandleRequestStateTransfer (replica.cc:727):   [2] Sending state transfer from <0,52700> to <0,52701>
20230730-160723-1398 03022 * RequestStateTransfer (replica.cc:212):   [2] Requesting state transfer: <0,52704>
20230730-160723-1399 03022 * HandleRequestStateTransfer (replica.cc:727):   [2] Sending state transfer from <0,52704> to <0,52705>
20230730-160723-1401 03022 * RequestStateTransfer (replica.cc:212):   [2] Requesting state transfer: <0,52706>
20230730-160723-1401 03022 * HandleRequestStateTransfer (replica.cc:727):   [2] Sending state transfer from <0,52706> to <0,52706>
20230730-160723-1402 03022 * RequestStateTransfer (replica.cc:212):   [2] Requesting state transfer: <0,52707>
20230730-160723-1403 03022 * HandleRequestStateTransfer (replica.cc:727):   [2] Sending state transfer from <0,52707> to <0,52707>
20230730-160724-9967 03022 * HandleRequestStateTransfer (replica.cc:727):   [2] Sending state transfer from <0,65566> to <0,65536>
20230730-160724-9969 03022 * HandleRequestStateTransfer (replica.cc:727):   [2] Sending state transfer from <0,65567> to <0,65568>
20230730-160724-9970 03022 * RequestStateTransfer (replica.cc:212):   [2] Requesting state transfer: <0,65570>
20230730-160724-9971 03022 * HandleRequestStateTransfer (replica.cc:727):   [2] Sending state transfer from <0,65570> to <0,65571>
20230730-160724-9971 03022 * RequestStateTransfer (replica.cc:212):   [2] Requesting state transfer: <0,65571>
20230730-160724-9972 03022 * HandleRequestStateTransfer (replica.cc:727):   [2] Sending state transfer from <0,65571> to <0,65571>
20230730-160725-5123 03022 * HandleRequestStateTransfer (replica.cc:727):   [2] Sending state transfer from <0,68517> to <0,68534>
20230730-160725-5128 03022 * HandleRequestStateTransfer (replica.cc:727):   [2] Sending state transfer from <0,68534> to <0,68534>
20230730-160728-5291 03022 * RequestStateTransfer (replica.cc:212):   [2] Requesting state transfer: <0,91113>
20230730-160728-5292 03022 * RequestStateTransfer (replica.cc:212):   [2] Requesting state transfer: <0,91114>
20230730-160728-5294 03022 * RequestStateTransfer (replica.cc:212):   [2] Requesting state transfer: <0,91116>
20230730-160728-5296 03022 * RequestStateTransfer (replica.cc:212):   [2] Requesting state transfer: <0,91118>
20230730-160728-5515 03022 * RequestStateTransfer (replica.cc:212):   [2] Requesting state transfer: <0,91372>
20230730-160728-5518 03022 * RequestStateTransfer (replica.cc:212):   [2] Requesting state transfer: <0,91373>
20230730-160729-9567 03022 ! releaseForRead  (lockserver.cc:293): [300051740112890079] Releasing unheld read lock: pDIg84vI39pgbpHkWG7DCQiwddV2CDbwXfcSwajS9oiconf8Unx23SeSEWJoaqTy
20230730-160731-2920 03022 ! releaseForWrite (lockserver.cc:353): [4060111593358690052] Releasing unheld write lock: 1ZJ6GUmu5gsVmtR9RPCEWsXICmBMghCQHDMIiRB6tMZHVdDCrN6WZVD3RNuVPCfI
20230730-160732-9632 03022 * RequestStateTransfer (replica.cc:212):   [2] Requesting state transfer: <0,122117>
20230730-160732-9633 03022 * HandleRequestStateTransfer (replica.cc:727):   [2] Sending state transfer from <0,122117> to <0,122117>
20230730-160732-9634 03022 * RequestStateTransfer (replica.cc:212):   [2] Requesting state transfer: <0,122118>
20230730-160732-9635 03022 * HandleRequestStateTransfer (replica.cc:727):   [2] Sending state transfer from <0,122118> to <0,122118>
20230730-160732-9636 03022 * RequestStateTransfer (replica.cc:212):   [2] Requesting state transfer: <0,122119>
20230730-160732-9636 03022 * HandleRequestStateTransfer (replica.cc:727):   [2] Sending state transfer from <0,122119> to <0,122119>
20230730-160733-2896 03022 * HandleRequestStateTransfer (replica.cc:727):   [2] Sending state transfer from <0,124076> to <0,124093>
20230730-160733-2900 03022 * HandleRequestStateTransfer (replica.cc:727):   [2] Sending state transfer from <0,124095> to <0,124095>
20230730-160733-2902 03022 * HandleRequestStateTransfer (replica.cc:727):   [2] Sending state transfer from <0,124096> to <0,124096>
20230730-160734-0881 03022 * RequestStateTransfer (replica.cc:212):   [2] Requesting state transfer: <0,129042>
20230730-160734-0890 03022 * RequestStateTransfer (replica.cc:212):   [2] Requesting state transfer: <0,129066>
20230730-160734-0891 03022 * RequestStateTransfer (replica.cc:212):   [2] Requesting state transfer: <0,129067>
20230730-160734-0892 03022 * RequestStateTransfer (replica.cc:212):   [2] Requesting state transfer: <0,129068>
20230730-160734-0892 03022 * RequestStateTransfer (replica.cc:212):   [2] Requesting state transfer: <0,129069>
20230730-160734-5156 03022 * RequestStateTransfer (replica.cc:212):   [2] Requesting state transfer: <0,131072>
20230730-160735-5000 03022 * HandleRequestStateTransfer (replica.cc:727):   [2] Sending state transfer from <0,138483> to <0,138504>
20230730-160735-5001 03022 * HandleRequestStateTransfer (replica.cc:727):   [2] Sending state transfer from <0,138484> to <0,138504>
20230730-160735-5002 03022 * HandleRequestStateTransfer (replica.cc:727):   [2] Sending state transfer from <0,138485> to <0,138504>
20230730-160735-5003 03022 * HandleRequestStateTransfer (replica.cc:727):   [2] Sending state transfer from <0,138486> to <0,138504>
20230730-160735-5003 03022 * HandleRequestStateTransfer (replica.cc:727):   [2] Sending state transfer from <0,138487> to <0,138504>
20230730-160739-7844 03022 * RequestStateTransfer (replica.cc:212):   [2] Requesting state transfer: <0,168231>
20230730-160739-7849 03022 * RequestStateTransfer (replica.cc:212):   [2] Requesting state transfer: <0,168250>
20230730-160739-7850 03022 * RequestStateTransfer (replica.cc:212):   [2] Requesting state transfer: <0,168253>
20230730-160739-7851 03022 * RequestStateTransfer (replica.cc:212):   [2] Requesting state transfer: <0,168254>
20230730-160739-7852 03022 * RequestStateTransfer (replica.cc:212):   [2] Requesting state transfer: <0,168255>
20230730-160739-7853 03022 * RequestStateTransfer (replica.cc:212):   [2] Requesting state transfer: <0,168256>
20230730-160739-7855 03022 * RequestStateTransfer (replica.cc:212):   [2] Requesting state transfer: <0,168257>
20230730-160739-7856 03022 * RequestStateTransfer (replica.cc:212):   [2] Requesting state transfer: <0,168258>
20230730-160740-1098 03022 * RequestStateTransfer (replica.cc:212):   [2] Requesting state transfer: <0,170462>
20230730-160740-1100 03022 * RequestStateTransfer (replica.cc:212):   [2] Requesting state transfer: <0,170463>
20230730-160741-6137 03022 * RequestStateTransfer (replica.cc:212):   [2] Requesting state transfer: <0,179597>
20230730-160741-6139 03022 * RequestStateTransfer (replica.cc:212):   [2] Requesting state transfer: <0,179598>
20230730-160741-6140 03022 * RequestStateTransfer (replica.cc:212):   [2] Requesting state transfer: <0,179599>
20230730-160741-6141 03022 * RequestStateTransfer (replica.cc:212):   [2] Requesting state transfer: <0,179600>
20230730-160741-6143 03022 * RequestStateTransfer (replica.cc:212):   [2] Requesting state transfer: <0,179602>
20230730-160741-6145 03022 * RequestStateTransfer (replica.cc:212):   [2] Requesting state transfer: <0,179603>
20230730-160741-6146 03022 * RequestStateTransfer (replica.cc:212):   [2] Requesting state transfer: <0,179604>
20230730-160741-6376 03022 * RequestStateTransfer (replica.cc:212):   [2] Requesting state transfer: <0,179791>
20230730-160741-6377 03022 * RequestStateTransfer (replica.cc:212):   [2] Requesting state transfer: <0,179793>
20230730-160741-6378 03022 * RequestStateTransfer (replica.cc:212):   [2] Requesting state transfer: <0,179794>
20230730-160741-6379 03022 * RequestStateTransfer (replica.cc:212):   [2] Requesting state transfer: <0,179795>
20230730-160742-3330 03022 ! releaseForRead  (lockserver.cc:293): [1896484280370920152] Releasing unheld read lock: 7srRSU74ibmo7lEKAeC5PpfMG84eq6ATogMdmgAvoSwG5e8JMtCep0HsNzKMNXcH
20230730-160742-3330 03022 ! releaseForRead  (lockserver.cc:293): [1896484280370920152] Releasing unheld read lock: XrnvNKROl9bLO6EEX872oGKxjYJn8m3ZAUddklfexvqv1WEDQizHqTfIz8ypr2ah
20230730-160743-2205 03022 * RequestStateTransfer (replica.cc:212):   [2] Requesting state transfer: <0,191464>
20230730-160743-8375 03022 * HandleRequestStateTransfer (replica.cc:727):   [2] Sending state transfer from <0,195964> to <0,195965>
20230730-160743-8377 03022 * HandleRequestStateTransfer (replica.cc:727):   [2] Sending state transfer from <0,195965> to <0,195967>
20230730-160744-4445 03022 * HandleRequestStateTransfer (replica.cc:727):   [2] Sending state transfer from <0,200676> to <0,200719>
20230730-160744-4446 03022 * SendMessageInternal (udptransport.cc:442): Sending large replication.vr.proto.StateTransferMessage message in 3 fragments
20230730-160745-4491 03022 ! releaseForWrite (lockserver.cc:353): [7511616248399870129] Releasing unheld write lock: OZPcfFbQ3zPIn4tTaDjvO5bNdBlLg4VpJ3kJCA27nB1SsSWJUOiyO5B0SHcI9qAt
20230730-160745-5728 03022 ! releaseForWrite (lockserver.cc:353): [3595679316215390172] Releasing unheld write lock: OZPcfFbQ3zPIn4tTaDjvO5bNdBlLg4VpJ3kJCA27nB1SsSWJUOiyO5B0SHcI9qAt
20230730-160745-5728 03022 ! releaseForWrite (lockserver.cc:353): [3595679316215390172] Releasing unheld write lock: VDd2bhs6Y776NljqWHzve044SGMBS6ooNFnHD05BzPBfGV04DOVDnjFKc5XW6fFS
20230730-160745-5728 03022 ! releaseForWrite (lockserver.cc:353): [3595679316215390172] Releasing unheld write lock: 84nTXYkZGYCmYJ46poeZf6E4fMlSni5LWHDJlBQnfsGLtQs0uLk66Grede0waQx9
20230730-160745-8612 03022 ! releaseForWrite (lockserver.cc:353): [-4494022780663391548] Releasing unheld write lock: 7srRSU74ibmo7lEKAeC5PpfMG84eq6ATogMdmgAvoSwG5e8JMtCep0HsNzKMNXcH
20230730-160746-4536 03022 ! releaseForWrite (lockserver.cc:353): [7511616248399870130] Releasing unheld write lock: zqV2r7A8TLHm2qO2lg0zX9N9F6XZSnZZLxTG619e14Dg1CtNJkRZcDNAGDl8oLAI
20230730-160746-4536 03022 ! releaseForRead  (lockserver.cc:293): [7511616248399870130] Releasing unheld read lock: 2az2SCDo1tpci6PNULBroxObb6WP9gQXL2ZMyP7O1ZkyITytDTxZY2wJzpqaZaA0
20230730-160746-4537 03022 ! releaseForRead  (lockserver.cc:293): [7511616248399870130] Releasing unheld read lock: 4IrDYcDu9kXlhZIvVt7A87LzPqdxympv1k6ie2DpTei4It5fgUzAO2Z8V3bpGiU2
20230730-160746-5437 03022 * HandleRequestStateTransfer (replica.cc:727):   [2] Sending state transfer from <0,214115> to <0,214115>
20230730-160746-5440 03022 * HandleRequestStateTransfer (replica.cc:727):   [2] Sending state transfer from <0,214116> to <0,214117>
20230730-160746-5441 03022 * HandleRequestStateTransfer (replica.cc:727):   [2] Sending state transfer from <0,214118> to <0,214119>
20230730-160747-0247 03022 ! releaseForWrite (lockserver.cc:353): [-3873309292950741490] Releasing unheld write lock: QitBO2v2626yI635z8aG5HXjuWjy8sv3bybV0QOg6IjK9caxO8ZYma3PI0iSygGp
20230730-160747-0247 03022 ! releaseForWrite (lockserver.cc:353): [-3873309292950741490] Releasing unheld write lock: XDsPhHtQgXvCON3KuGXT333fsR5QEUdt2dORdYi7rMG9nC0xDdqIPeO8ThLlc1gq
20230730-160747-0363 03022 ! releaseForRead  (lockserver.cc:293): [2689912326247530164] Releasing unheld read lock: 2az2SCDo1tpci6PNULBroxObb6WP9gQXL2ZMyP7O1ZkyITytDTxZY2wJzpqaZaA0
20230730-160747-0363 03022 ! releaseForRead  (lockserver.cc:293): [2689912326247530164] Releasing unheld read lock: zioWNDZIWM0khRAPzOXhQCGMPgzbNGGRilcBRbBqQb2mTdigKinx3viiWI2siuGw
20230730-160747-1732 03022 ! releaseForRead  (lockserver.cc:293): [4026228968235160133] Releasing unheld read lock: 7srRSU74ibmo7lEKAeC5PpfMG84eq6ATogMdmgAvoSwG5e8JMtCep0HsNzKMNXcH
20230730-160747-1739 03022 ! releaseForWrite (lockserver.cc:353): [-5114015941452601540] Releasing unheld write lock: 2az2SCDo1tpci6PNULBroxObb6WP9gQXL2ZMyP7O1ZkyITytDTxZY2wJzpqaZaA0
20230730-160747-8829 03022 ! releaseForWrite (lockserver.cc:353): [4728019684135260182] Releasing unheld write lock: 4hQA9r3aDOTegMKAaUheWkKvP5FaKJqTrzh1IihVpn6rPIA1ylGvPKvnffUrwhqZ
20230730-160747-8829 03022 ! releaseForRead  (lockserver.cc:293): [4728019684135260182] Releasing unheld read lock: 7srRSU74ibmo7lEKAeC5PpfMG84eq6ATogMdmgAvoSwG5e8JMtCep0HsNzKMNXcH
20230730-160747-8829 03022 ! releaseForRead  (lockserver.cc:293): [4728019684135260182] Releasing unheld read lock: tttyOxb104XZ4e4Nx1e6Qqn1ZyZjXFCkTNRG33IT5JjPZlZet1Mzsryf3MbbLdOD
20230730-160747-8829 03022 ! releaseForRead  (lockserver.cc:293): [4728019684135260182] Releasing unheld read lock: FieJEMW4dkwD4pU5yuK95SgHfTxdWtW6PxwvYduvDS8DOG3YyATOeUnrsXUjeUhz
20230730-160750-0351 03022 ! releaseForWrite (lockserver.cc:353): [-3873309292950741477] Releasing unheld write lock: xlnEXxQECsBGsR2TdCmsl90CepoigJvJNH7ZEJTb6wZ8xhU6MphnLcpQClycW5NE
20230730-160750-0351 03022 ! releaseForRead  (lockserver.cc:293): [-3873309292950741477] Releasing unheld read lock: dOMU2MuiHFZaIXmbfJkp10VTNPj74aKHKFeRQOZoPNZSo7hOMxBPfwPE4tk9a04F
20230730-160750-0354 03022 ! releaseForWrite (lockserver.cc:353): [1896484280370920176] Releasing unheld write lock: pv0kPD8NKdKoRWsZF4TpBTbTGL5wnRQUb2wmesAhcqOonEJgWdt9H10kacw3yNWE
20230730-160750-0354 03022 ! releaseForWrite (lockserver.cc:353): [1896484280370920176] Releasing unheld write lock: kFR3LrGOu9089at0PPSzCvXzPXFX1JionLD0FyHhRq9x8UnEYkH1eaQcTQjwH9X3
20230730-160750-0668 03022 ! releaseForRead  (lockserver.cc:293): [-8587128280783381432] Releasing unheld read lock: aCYJKXtyEmuiQlTfGL5PsWOfct3UDzinn1OxPS2W5x6l2oVpOS6oaR5z0l1p8pCE
20230730-160750-0668 03022 ! releaseForRead  (lockserver.cc:293): [-8587128280783381432] Releasing unheld read lock: 7srRSU74ibmo7lEKAeC5PpfMG84eq6ATogMdmgAvoSwG5e8JMtCep0HsNzKMNXcH
20230730-160750-0669 03022 ! releaseForRead  (lockserver.cc:293): [-8587128280783381432] Releasing unheld read lock: NvXWLbcRYUB2Q9Fr7In9pye1sCwIPTquvx5Ug9Z5KLeOLsbWFVkOt872sSnEKVmM
20230730-160750-1304 03022 * HandleRequestStateTransfer (replica.cc:727):   [2] Sending state transfer from <0,238028> to <0,238029>
20230730-160750-1306 03022 * HandleRequestStateTransfer (replica.cc:727):   [2] Sending state transfer from <0,238029> to <0,238030>
20230730-160750-1306 03022 * HandleRequestStateTransfer (replica.cc:727):   [2] Sending state transfer from <0,238030> to <0,238030>
20230730-160750-7219 03022 * HandleRequestStateTransfer (replica.cc:727):   [2] Sending state transfer from <0,242647> to <0,242647>
20230730-160750-7221 03022 * HandleRequestStateTransfer (replica.cc:727):   [2] Sending state transfer from <0,242648> to <0,242649>
20230730-160750-7222 03022 * HandleRequestStateTransfer (replica.cc:727):   [2] Sending state transfer from <0,242651> to <0,242652>
20230730-160750-7224 03022 * HandleRequestStateTransfer (replica.cc:727):   [2] Sending state transfer from <0,242652> to <0,242654>
20230730-160750-7225 03022 * HandleRequestStateTransfer (replica.cc:727):   [2] Sending state transfer from <0,242654> to <0,242654>
20230730-160750-7227 03022 * HandleRequestStateTransfer (replica.cc:727):   [2] Sending state transfer from <0,242656> to <0,242656>
20230730-160750-7228 03022 * HandleRequestStateTransfer (replica.cc:727):   [2] Sending state transfer from <0,242657> to <0,242657>
20230730-160750-7843 03022 * HandleRequestStateTransfer (replica.cc:727):   [2] Sending state transfer from <0,243119> to <0,243153>
20230730-160750-7844 03022 * SendMessageInternal (udptransport.cc:442): Sending large replication.vr.proto.StateTransferMessage message in 2 fragments
20230730-160750-7852 03022 * HandleRequestStateTransfer (replica.cc:727):   [2] Sending state transfer from <0,243153> to <0,243160>
20230730-160750-7853 03022 * HandleRequestStateTransfer (replica.cc:727):   [2] Sending state transfer from <0,243156> to <0,243162>
20230730-160750-7854 03022 * HandleRequestStateTransfer (replica.cc:727):   [2] Sending state transfer from <0,243157> to <0,243163>
20230730-160750-7941 03022 * HandleRequestStateTransfer (replica.cc:727):   [2] Sending state transfer from <0,243223> to <0,243224>
20230730-160753-9399 03022 * RequestStateTransfer (replica.cc:212):   [2] Requesting state transfer: <0,262167>
20230730-160753-9680 03022 * RequestStateTransfer (replica.cc:212):   [2] Requesting state transfer: <0,262174>
20230730-160753-9681 03022 * RequestStateTransfer (replica.cc:212):   [2] Requesting state transfer: <0,262179>
20230730-160753-9683 03022 * RequestStateTransfer (replica.cc:212):   [2] Requesting state transfer: <0,262184>
20230730-160753-9693 03022 * HandleRequestStateTransfer (replica.cc:727):   [2] Sending state transfer from <0,262144> to <0,262184>
20230730-160754-0014 03022 * SendMessageInternal (udptransport.cc:442): Sending large replication.vr.proto.StateTransferMessage message in 2 fragments
