20230730-160715-2665 10253 * HandleRequestStateTransfer (replica.cc:727):   [0] Sending state transfer from <0,4533> to <0,4539>
20230730-160715-2672 10253 * HandleRequestStateTransfer (replica.cc:727):   [0] Sending state transfer from <0,4534> to <0,4540>
20230730-160715-2686 10253 * HandleRequestStateTransfer (replica.cc:727):   [0] Sending state transfer from <0,4533> to <0,4540>
20230730-160715-2687 10253 * SendMessageInternal (udptransport.cc:442): Sending large replication.vr.proto.StateTransferMessage message in 2 fragments
20230730-160715-2688 10253 * HandleRequestStateTransfer (replica.cc:727):   [0] Sending state transfer from <0,4534> to <0,4540>
20230730-160715-2688 10253 * SendMessageInternal (udptransport.cc:442): Sending large replication.vr.proto.StateTransferMessage message in 2 fragments
20230730-160715-2689 10253 * HandleRequestStateTransfer (replica.cc:727):   [0] Sending state transfer from <0,4539> to <0,4540>
20230730-160715-2689 10253 * SendMessageInternal (udptransport.cc:442): Sending large replication.vr.proto.StateTransferMessage message in 2 fragments
20230730-160715-2695 10253 * HandleRequestStateTransfer (replica.cc:727):   [0] Sending state transfer from <0,4540> to <0,4540>
20230730-160715-2722 10253 * HandleRequestStateTransfer (replica.cc:727):   [0] Sending state transfer from <0,4539> to <0,4567>
20230730-160715-2722 10253 * SendMessageInternal (udptransport.cc:442): Sending large replication.vr.proto.StateTransferMessage message in 2 fragments
20230730-160716-3474 10253 * HandleRequestStateTransfer (replica.cc:727):   [0] Sending state transfer from <0,12593> to <0,12656>
20230730-160716-3476 10253 * SendMessageInternal (udptransport.cc:442): Sending large replication.vr.proto.StateTransferMessage message in 4 fragments
20230730-160716-3487 10253 * HandleRequestStateTransfer (replica.cc:727):   [0] Sending state transfer from <0,12644> to <0,12665>
20230730-160716-3488 10253 * SendMessageInternal (udptransport.cc:442): Sending large replication.vr.proto.StateTransferMessage message in 2 fragments
20230730-160716-3490 10253 * HandleRequestStateTransfer (replica.cc:727):   [0] Sending state transfer from <0,12647> to <0,12665>
20230730-160716-3491 10253 * SendMessageInternal (udptransport.cc:442): Sending large replication.vr.proto.StateTransferMessage message in 2 fragments
20230730-160716-3491 10253 * HandleRequestStateTransfer (replica.cc:727):   [0] Sending state transfer from <0,12649> to <0,12665>
20230730-160716-3492 10253 * SendMessageInternal (udptransport.cc:442): Sending large replication.vr.proto.StateTransferMessage message in 2 fragments
20230730-160716-3494 10253 * HandleRequestStateTransfer (replica.cc:727):   [0] Sending state transfer from <0,12653> to <0,12666>
20230730-160716-3494 10253 * SendMessageInternal (udptransport.cc:442): Sending large replication.vr.proto.StateTransferMessage message in 2 fragments
20230730-160716-3497 10253 * HandleRequestStateTransfer (replica.cc:727):   [0] Sending state transfer from <0,12655> to <0,12669>
20230730-160716-3497 10253 * SendMessageInternal (udptransport.cc:442): Sending large replication.vr.proto.StateTransferMessage message in 2 fragments
20230730-160716-4236 10253 * HandleRequestStateTransfer (replica.cc:727):   [0] Sending state transfer from <0,13269> to <0,13307>
20230730-160716-4237 10253 * SendMessageInternal (udptransport.cc:442): Sending large replication.vr.proto.StateTransferMessage message in 3 fragments
20230730-160716-4239 10253 * HandleRequestStateTransfer (replica.cc:727):   [0] Sending state transfer from <0,13271> to <0,13307>
20230730-160716-4239 10253 * SendMessageInternal (udptransport.cc:442): Sending large replication.vr.proto.StateTransferMessage message in 3 fragments
20230730-160716-4242 10253 * HandleRequestStateTransfer (replica.cc:727):   [0] Sending state transfer from <0,13272> to <0,13308>
20230730-160716-4243 10253 * SendMessageInternal (udptransport.cc:442): Sending large replication.vr.proto.StateTransferMessage message in 3 fragments
20230730-160716-4251 10253 * HandleRequestStateTransfer (replica.cc:727):   [0] Sending state transfer from <0,13296> to <0,13317>
20230730-160716-4252 10253 * SendMessageInternal (udptransport.cc:442): Sending large replication.vr.proto.StateTransferMessage message in 2 fragments
20230730-160716-4732 10253 * HandleRequestStateTransfer (replica.cc:727):   [0] Sending state transfer from <0,13697> to <0,13711>
20230730-160716-4733 10253 * SendMessageInternal (udptransport.cc:442): Sending large replication.vr.proto.StateTransferMessage message in 2 fragments
20230730-160716-8544 10253 * ResendPrepare   (replica.cc:306):   [0] Resending prepare
20230730-160717-9239 10253 * HandleRequestStateTransfer (replica.cc:727):   [0] Sending state transfer from <0,25603> to <0,25611>
20230730-160717-9241 10253 * HandleRequestStateTransfer (replica.cc:727):   [0] Sending state transfer from <0,25603> to <0,25611>
20230730-160717-9244 10253 * HandleRequestStateTransfer (replica.cc:727):   [0] Sending state transfer from <0,25607> to <0,25612>
20230730-160717-9245 10253 * HandleRequestStateTransfer (replica.cc:727):   [0] Sending state transfer from <0,25607> to <0,25612>
20230730-160717-9246 10253 * HandleRequestStateTransfer (replica.cc:727):   [0] Sending state transfer from <0,25608> to <0,25612>
20230730-160717-9247 10253 * HandleRequestStateTransfer (replica.cc:727):   [0] Sending state transfer from <0,25608> to <0,25612>
20230730-160717-9248 10253 * HandleRequestStateTransfer (replica.cc:727):   [0] Sending state transfer from <0,25610> to <0,25612>
20230730-160717-9249 10253 * HandleRequestStateTransfer (replica.cc:727):   [0] Sending state transfer from <0,25610> to <0,25612>
20230730-160718-9747 10253 * HandleRequestStateTransfer (replica.cc:727):   [0] Sending state transfer from <0,33516> to <0,33564>
20230730-160718-9748 10253 * SendMessageInternal (udptransport.cc:442): Sending large replication.vr.proto.StateTransferMessage message in 2 fragments
20230730-160718-9757 10253 * HandleRequestStateTransfer (replica.cc:727):   [0] Sending state transfer from <0,33555> to <0,33570>
20230730-160718-9759 10253 * HandleRequestStateTransfer (replica.cc:727):   [0] Sending state transfer from <0,33556> to <0,33570>
20230730-160718-9760 10253 * HandleRequestStateTransfer (replica.cc:727):   [0] Sending state transfer from <0,33557> to <0,33570>
20230730-160719-7108 10253 * HandleRequestStateTransfer (replica.cc:727):   [0] Sending state transfer from <0,39956> to <0,39960>
20230730-160719-9415 10253 * HandleRequestStateTransfer (replica.cc:727):   [0] Sending state transfer from <0,42107> to <0,42110>
20230730-160720-2274 10253 * HandleRequestStateTransfer (replica.cc:727):   [0] Sending state transfer from <0,44628> to <0,44634>
20230730-160721-3316 10253 * HandleRequestStateTransfer (replica.cc:727):   [0] Sending state transfer from <0,53863> to <0,53867>
20230730-160721-3317 10253 * HandleRequestStateTransfer (replica.cc:727):   [0] Sending state transfer from <0,53863> to <0,53867>
20230730-160721-3320 10253 * HandleRequestStateTransfer (replica.cc:727):   [0] Sending state transfer from <0,53865> to <0,53868>
20230730-160721-3320 10253 * SendMessageInternal (udptransport.cc:442): Sending large replication.vr.proto.StateTransferMessage message in 2 fragments
20230730-160721-3322 10253 * HandleRequestStateTransfer (replica.cc:727):   [0] Sending state transfer from <0,53865> to <0,53868>
20230730-160721-3323 10253 * SendMessageInternal (udptransport.cc:442): Sending large replication.vr.proto.StateTransferMessage message in 2 fragments
20230730-160721-3324 10253 * HandleRequestStateTransfer (replica.cc:727):   [0] Sending state transfer from <0,53866> to <0,53868>
20230730-160721-3325 10253 * SendMessageInternal (udptransport.cc:442): Sending large replication.vr.proto.StateTransferMessage message in 2 fragments
20230730-160721-3326 10253 * HandleRequestStateTransfer (replica.cc:727):   [0] Sending state transfer from <0,53866> to <0,53868>
20230730-160721-3326 10253 * SendMessageInternal (udptransport.cc:442): Sending large replication.vr.proto.StateTransferMessage message in 2 fragments
20230730-160721-3327 10253 * HandleRequestStateTransfer (replica.cc:727):   [0] Sending state transfer from <0,53867> to <0,53868>
20230730-160721-3327 10253 * SendMessageInternal (udptransport.cc:442): Sending large replication.vr.proto.StateTransferMessage message in 2 fragments
20230730-160721-3328 10253 * HandleRequestStateTransfer (replica.cc:727):   [0] Sending state transfer from <0,53867> to <0,53868>
20230730-160721-3329 10253 * SendMessageInternal (udptransport.cc:442): Sending large replication.vr.proto.StateTransferMessage message in 2 fragments
20230730-160722-7857 10253 * ResendPrepare   (replica.cc:306):   [0] Resending prepare
20230730-160722-8232 10253 * HandleRequestStateTransfer (replica.cc:727):   [0] Sending state transfer from <0,65555> to <0,65589>
20230730-160722-8236 10253 * SendMessageInternal (udptransport.cc:442): Sending large replication.vr.proto.StateTransferMessage message in 2 fragments
20230730-160722-8239 10253 * HandleRequestStateTransfer (replica.cc:727):   [0] Sending state transfer from <0,65569> to <0,65589>
20230730-160722-8239 10253 * SendMessageInternal (udptransport.cc:442): Sending large replication.vr.proto.StateTransferMessage message in 2 fragments
20230730-160722-8242 10253 * HandleRequestStateTransfer (replica.cc:727):   [0] Sending state transfer from <0,65575> to <0,65589>
20230730-160722-8242 10253 * SendMessageInternal (udptransport.cc:442): Sending large replication.vr.proto.StateTransferMessage message in 2 fragments
20230730-160722-8243 10253 * HandleRequestStateTransfer (replica.cc:727):   [0] Sending state transfer from <0,65578> to <0,65589>
20230730-160722-8243 10253 * SendMessageInternal (udptransport.cc:442): Sending large replication.vr.proto.StateTransferMessage message in 2 fragments
20230730-160722-8244 10253 * HandleRequestStateTransfer (replica.cc:727):   [0] Sending state transfer from <0,65579> to <0,65589>
20230730-160722-8245 10253 * SendMessageInternal (udptransport.cc:442): Sending large replication.vr.proto.StateTransferMessage message in 2 fragments
20230730-160722-8247 10253 * HandleRequestStateTransfer (replica.cc:727):   [0] Sending state transfer from <0,65569> to <0,65589>
20230730-160722-8248 10253 * SendMessageInternal (udptransport.cc:442): Sending large replication.vr.proto.StateTransferMessage message in 2 fragments
20230730-160722-8248 10253 * HandleRequestStateTransfer (replica.cc:727):   [0] Sending state transfer from <0,65583> to <0,65589>
20230730-160722-8249 10253 * SendMessageInternal (udptransport.cc:442): Sending large replication.vr.proto.StateTransferMessage message in 2 fragments
20230730-160722-8250 10253 * HandleRequestStateTransfer (replica.cc:727):   [0] Sending state transfer from <0,65575> to <0,65589>
20230730-160722-8251 10253 * SendMessageInternal (udptransport.cc:442): Sending large replication.vr.proto.StateTransferMessage message in 2 fragments
20230730-160722-8253 10253 * HandleRequestStateTransfer (replica.cc:727):   [0] Sending state transfer from <0,65578> to <0,65589>
20230730-160722-8254 10253 * SendMessageInternal (udptransport.cc:442): Sending large replication.vr.proto.StateTransferMessage message in 2 fragments
20230730-160722-8255 10253 * HandleRequestStateTransfer (replica.cc:727):   [0] Sending state transfer from <0,65589> to <0,65589>
20230730-160722-8255 10253 * SendMessageInternal (udptransport.cc:442): Sending large replication.vr.proto.StateTransferMessage message in 2 fragments
20230730-160722-8256 10253 * HandleRequestStateTransfer (replica.cc:727):   [0] Sending state transfer from <0,65579> to <0,65589>
20230730-160722-8256 10253 * SendMessageInternal (udptransport.cc:442): Sending large replication.vr.proto.StateTransferMessage message in 2 fragments
20230730-160722-8258 10253 * HandleRequestStateTransfer (replica.cc:727):   [0] Sending state transfer from <0,65583> to <0,65589>
20230730-160722-8258 10253 * SendMessageInternal (udptransport.cc:442): Sending large replication.vr.proto.StateTransferMessage message in 2 fragments
20230730-160722-8259 10253 * HandleRequestStateTransfer (replica.cc:727):   [0] Sending state transfer from <0,65589> to <0,65589>
20230730-160722-8260 10253 * SendMessageInternal (udptransport.cc:442): Sending large replication.vr.proto.StateTransferMessage message in 2 fragments
20230730-160723-7983 10253 * HandleRequestStateTransfer (replica.cc:727):   [0] Sending state transfer from <0,74060> to <0,74076>
20230730-160723-7988 10253 * SendMessageInternal (udptransport.cc:442): Sending large replication.vr.proto.StateTransferMessage message in 2 fragments
20230730-160723-7988 10253 * HandleRequestStateTransfer (replica.cc:727):   [0] Sending state transfer from <0,74060> to <0,74076>
20230730-160723-7988 10253 * SendMessageInternal (udptransport.cc:442): Sending large replication.vr.proto.StateTransferMessage message in 2 fragments
20230730-160723-7991 10253 * HandleRequestStateTransfer (replica.cc:727):   [0] Sending state transfer from <0,74064> to <0,74077>
20230730-160723-7992 10253 * SendMessageInternal (udptransport.cc:442): Sending large replication.vr.proto.StateTransferMessage message in 2 fragments
20230730-160723-7992 10253 * HandleRequestStateTransfer (replica.cc:727):   [0] Sending state transfer from <0,74064> to <0,74077>
20230730-160723-7993 10253 * SendMessageInternal (udptransport.cc:442): Sending large replication.vr.proto.StateTransferMessage message in 2 fragments
20230730-160723-7994 10253 * HandleRequestStateTransfer (replica.cc:727):   [0] Sending state transfer from <0,74067> to <0,74077>
20230730-160723-7995 10253 * SendMessageInternal (udptransport.cc:442): Sending large replication.vr.proto.StateTransferMessage message in 2 fragments
20230730-160723-7996 10253 * HandleRequestStateTransfer (replica.cc:727):   [0] Sending state transfer from <0,74067> to <0,74077>
20230730-160723-7997 10253 * SendMessageInternal (udptransport.cc:442): Sending large replication.vr.proto.StateTransferMessage message in 2 fragments
20230730-160723-7998 10253 * HandleRequestStateTransfer (replica.cc:727):   [0] Sending state transfer from <0,74068> to <0,74077>
20230730-160723-7998 10253 * SendMessageInternal (udptransport.cc:442): Sending large replication.vr.proto.StateTransferMessage message in 2 fragments
20230730-160723-8000 10253 * HandleRequestStateTransfer (replica.cc:727):   [0] Sending state transfer from <0,74068> to <0,74077>
20230730-160723-8000 10253 * SendMessageInternal (udptransport.cc:442): Sending large replication.vr.proto.StateTransferMessage message in 2 fragments
20230730-160723-8002 10253 * HandleRequestStateTransfer (replica.cc:727):   [0] Sending state transfer from <0,74069> to <0,74077>
20230730-160723-8002 10253 * SendMessageInternal (udptransport.cc:442): Sending large replication.vr.proto.StateTransferMessage message in 2 fragments
20230730-160723-8003 10253 * HandleRequestStateTransfer (replica.cc:727):   [0] Sending state transfer from <0,74069> to <0,74077>
20230730-160723-8004 10253 * SendMessageInternal (udptransport.cc:442): Sending large replication.vr.proto.StateTransferMessage message in 2 fragments
20230730-160723-8005 10253 * HandleRequestStateTransfer (replica.cc:727):   [0] Sending state transfer from <0,74071> to <0,74077>
20230730-160723-8006 10253 * SendMessageInternal (udptransport.cc:442): Sending large replication.vr.proto.StateTransferMessage message in 2 fragments
20230730-160723-8006 10253 * HandleRequestStateTransfer (replica.cc:727):   [0] Sending state transfer from <0,74071> to <0,74077>
20230730-160723-8007 10253 * SendMessageInternal (udptransport.cc:442): Sending large replication.vr.proto.StateTransferMessage message in 2 fragments
20230730-160723-8008 10253 * HandleRequestStateTransfer (replica.cc:727):   [0] Sending state transfer from <0,74072> to <0,74077>
20230730-160723-8008 10253 * SendMessageInternal (udptransport.cc:442): Sending large replication.vr.proto.StateTransferMessage message in 2 fragments
20230730-160723-8011 10253 * HandleRequestStateTransfer (replica.cc:727):   [0] Sending state transfer from <0,74072> to <0,74077>
20230730-160723-8011 10253 * SendMessageInternal (udptransport.cc:442): Sending large replication.vr.proto.StateTransferMessage message in 2 fragments
20230730-160723-8013 10253 * HandleRequestStateTransfer (replica.cc:727):   [0] Sending state transfer from <0,74073> to <0,74077>
20230730-160723-8013 10253 * SendMessageInternal (udptransport.cc:442): Sending large replication.vr.proto.StateTransferMessage message in 2 fragments
20230730-160723-8015 10253 * HandleRequestStateTransfer (replica.cc:727):   [0] Sending state transfer from <0,74073> to <0,74077>
20230730-160723-8016 10253 * SendMessageInternal (udptransport.cc:442): Sending large replication.vr.proto.StateTransferMessage message in 2 fragments
20230730-160723-8017 10253 * HandleRequestStateTransfer (replica.cc:727):   [0] Sending state transfer from <0,74075> to <0,74077>
20230730-160723-8017 10253 * SendMessageInternal (udptransport.cc:442): Sending large replication.vr.proto.StateTransferMessage message in 2 fragments
20230730-160723-8018 10253 * HandleRequestStateTransfer (replica.cc:727):   [0] Sending state transfer from <0,74075> to <0,74077>
20230730-160723-8019 10253 * SendMessageInternal (udptransport.cc:442): Sending large replication.vr.proto.StateTransferMessage message in 2 fragments
20230730-160723-8020 10253 * HandleRequestStateTransfer (replica.cc:727):   [0] Sending state transfer from <0,74076> to <0,74077>
20230730-160723-8020 10253 * SendMessageInternal (udptransport.cc:442): Sending large replication.vr.proto.StateTransferMessage message in 2 fragments
20230730-160723-8021 10253 * HandleRequestStateTransfer (replica.cc:727):   [0] Sending state transfer from <0,74076> to <0,74077>
20230730-160723-8021 10253 * SendMessageInternal (udptransport.cc:442): Sending large replication.vr.proto.StateTransferMessage message in 2 fragments
20230730-160725-1582 10253 * HandleRequestStateTransfer (replica.cc:727):   [0] Sending state transfer from <0,85602> to <0,85640>
20230730-160725-1589 10253 * SendMessageInternal (udptransport.cc:442): Sending large replication.vr.proto.StateTransferMessage message in 2 fragments
20230730-160725-1591 10253 * HandleRequestStateTransfer (replica.cc:727):   [0] Sending state transfer from <0,85613> to <0,85641>
20230730-160725-1592 10253 * SendMessageInternal (udptransport.cc:442): Sending large replication.vr.proto.StateTransferMessage message in 2 fragments
20230730-160725-1592 10253 * HandleRequestStateTransfer (replica.cc:727):   [0] Sending state transfer from <0,85614> to <0,85641>
20230730-160725-1593 10253 * SendMessageInternal (udptransport.cc:442): Sending large replication.vr.proto.StateTransferMessage message in 2 fragments
20230730-160725-1593 10253 * HandleRequestStateTransfer (replica.cc:727):   [0] Sending state transfer from <0,85616> to <0,85641>
20230730-160725-1594 10253 * SendMessageInternal (udptransport.cc:442): Sending large replication.vr.proto.StateTransferMessage message in 2 fragments
20230730-160725-1595 10253 * HandleRequestStateTransfer (replica.cc:727):   [0] Sending state transfer from <0,85617> to <0,85641>
20230730-160725-1596 10253 * SendMessageInternal (udptransport.cc:442): Sending large replication.vr.proto.StateTransferMessage message in 2 fragments
20230730-160725-1601 10253 * HandleRequestStateTransfer (replica.cc:727):   [0] Sending state transfer from <0,85629> to <0,85647>
20230730-160725-1602 10253 * SendMessageInternal (udptransport.cc:442): Sending large replication.vr.proto.StateTransferMessage message in 2 fragments
20230730-160725-1604 10253 * HandleRequestStateTransfer (replica.cc:727):   [0] Sending state transfer from <0,85630> to <0,85647>
20230730-160725-1604 10253 * SendMessageInternal (udptransport.cc:442): Sending large replication.vr.proto.StateTransferMessage message in 2 fragments
20230730-160725-1606 10253 * HandleRequestStateTransfer (replica.cc:727):   [0] Sending state transfer from <0,85631> to <0,85647>
20230730-160725-1606 10253 * SendMessageInternal (udptransport.cc:442): Sending large replication.vr.proto.StateTransferMessage message in 2 fragments
20230730-160725-2275 10253 ! releaseForWrite (lockserver.cc:353): [-7782599812609301600] Releasing unheld write lock: lhzH2cflfeLT5svkvjRfVfYzOQlqYjVKn5czxgCijbbVFMR3qw8kxbl33tge29oK
20230730-160725-2385 10253 * HandleRequestStateTransfer (replica.cc:727):   [0] Sending state transfer from <0,86306> to <0,86317>
20230730-160725-2386 10253 * HandleRequestStateTransfer (replica.cc:727):   [0] Sending state transfer from <0,86306> to <0,86317>
20230730-160725-2387 10253 * HandleRequestStateTransfer (replica.cc:727):   [0] Sending state transfer from <0,86308> to <0,86318>
20230730-160725-2388 10253 * HandleRequestStateTransfer (replica.cc:727):   [0] Sending state transfer from <0,86308> to <0,86318>
20230730-160725-2389 10253 * HandleRequestStateTransfer (replica.cc:727):   [0] Sending state transfer from <0,86309> to <0,86318>
20230730-160725-2390 10253 * HandleRequestStateTransfer (replica.cc:727):   [0] Sending state transfer from <0,86310> to <0,86318>
20230730-160725-2390 10253 * HandleRequestStateTransfer (replica.cc:727):   [0] Sending state transfer from <0,86309> to <0,86318>
20230730-160725-2391 10253 * HandleRequestStateTransfer (replica.cc:727):   [0] Sending state transfer from <0,86310> to <0,86318>
20230730-160725-2395 10253 * HandleRequestStateTransfer (replica.cc:727):   [0] Sending state transfer from <0,86317> to <0,86318>
20230730-160725-2396 10253 * HandleRequestStateTransfer (replica.cc:727):   [0] Sending state transfer from <0,86317> to <0,86318>
20230730-160725-8582 10253 * HandleRequestStateTransfer (replica.cc:727):   [0] Sending state transfer from <0,91717> to <0,91729>
20230730-160725-8584 10253 * HandleRequestStateTransfer (replica.cc:727):   [0] Sending state transfer from <0,91718> to <0,91730>
20230730-160725-8587 10253 * HandleRequestStateTransfer (replica.cc:727):   [0] Sending state transfer from <0,91720> to <0,91733>
20230730-160725-8588 10253 * HandleRequestStateTransfer (replica.cc:727):   [0] Sending state transfer from <0,91721> to <0,91735>
20230730-160726-7105 10253 ! releaseForWrite (lockserver.cc:353): [-2369141006471211580] Releasing unheld write lock: lhzH2cflfeLT5svkvjRfVfYzOQlqYjVKn5czxgCijbbVFMR3qw8kxbl33tge29oK
20230730-160727-1993 10253 * HandleRequestStateTransfer (replica.cc:727):   [0] Sending state transfer from <0,103079> to <0,103091>
20230730-160727-1996 10253 * HandleRequestStateTransfer (replica.cc:727):   [0] Sending state transfer from <0,103080> to <0,103092>
20230730-160727-1997 10253 * HandleRequestStateTransfer (replica.cc:727):   [0] Sending state transfer from <0,103081> to <0,103092>
20230730-160727-3723 10253 * ResendPrepare   (replica.cc:306):   [0] Resending prepare
20230730-160727-6366 10253 * HandleRequestStateTransfer (replica.cc:727):   [0] Sending state transfer from <0,106617> to <0,106689>
20230730-160727-6368 10253 * SendMessageInternal (udptransport.cc:442): Sending large replication.vr.proto.StateTransferMessage message in 4 fragments
20230730-160729-1697 10253 ! releaseForWrite (lockserver.cc:353): [-473339761346521560] Releasing unheld write lock: 2rJ09Eka55cOFHHfov3DqOIGlVqrBXbtuYK5fD63TsTjA2oPwj8DkzznxfqdxrwC
20230730-160729-2321 10253 * HandleRequestStateTransfer (replica.cc:727):   [0] Sending state transfer from <0,119931> to <0,119980>
20230730-160729-2324 10253 * SendMessageInternal (udptransport.cc:442): Sending large replication.vr.proto.StateTransferMessage message in 3 fragments
20230730-160729-2325 10253 * HandleRequestStateTransfer (replica.cc:727):   [0] Sending state transfer from <0,119933> to <0,119980>
20230730-160729-2325 10253 * SendMessageInternal (udptransport.cc:442): Sending large replication.vr.proto.StateTransferMessage message in 3 fragments
20230730-160729-2326 10253 * HandleRequestStateTransfer (replica.cc:727):   [0] Sending state transfer from <0,119934> to <0,119980>
20230730-160729-2327 10253 * SendMessageInternal (udptransport.cc:442): Sending large replication.vr.proto.StateTransferMessage message in 3 fragments
20230730-160729-2330 10253 * HandleRequestStateTransfer (replica.cc:727):   [0] Sending state transfer from <0,119935> to <0,119980>
20230730-160729-2331 10253 * SendMessageInternal (udptransport.cc:442): Sending large replication.vr.proto.StateTransferMessage message in 3 fragments
20230730-160729-2333 10253 * HandleRequestStateTransfer (replica.cc:727):   [0] Sending state transfer from <0,119937> to <0,119980>
20230730-160729-2334 10253 * SendMessageInternal (udptransport.cc:442): Sending large replication.vr.proto.StateTransferMessage message in 3 fragments
20230730-160729-2335 10253 * HandleRequestStateTransfer (replica.cc:727):   [0] Sending state transfer from <0,119939> to <0,119980>
20230730-160729-2336 10253 * SendMessageInternal (udptransport.cc:442): Sending large replication.vr.proto.StateTransferMessage message in 3 fragments
20230730-160729-2337 10253 * HandleRequestStateTransfer (replica.cc:727):   [0] Sending state transfer from <0,119940> to <0,119980>
20230730-160729-2338 10253 * SendMessageInternal (udptransport.cc:442): Sending large replication.vr.proto.StateTransferMessage message in 3 fragments
20230730-160729-2779 10253 * HandleRequestStateTransfer (replica.cc:727):   [0] Sending state transfer from <0,120344> to <0,120352>
20230730-160729-2781 10253 * HandleRequestStateTransfer (replica.cc:727):   [0] Sending state transfer from <0,120344> to <0,120352>
20230730-160729-2783 10253 * HandleRequestStateTransfer (replica.cc:727):   [0] Sending state transfer from <0,120345> to <0,120353>
20230730-160729-2784 10253 * HandleRequestStateTransfer (replica.cc:727):   [0] Sending state transfer from <0,120345> to <0,120353>
20230730-160729-2785 10253 * HandleRequestStateTransfer (replica.cc:727):   [0] Sending state transfer from <0,120346> to <0,120353>
20230730-160729-2786 10253 * HandleRequestStateTransfer (replica.cc:727):   [0] Sending state transfer from <0,120346> to <0,120353>
20230730-160729-4192 10253 * HandleRequestStateTransfer (replica.cc:727):   [0] Sending state transfer from <0,121458> to <0,121485>
20230730-160729-4194 10253 * SendMessageInternal (udptransport.cc:442): Sending large replication.vr.proto.StateTransferMessage message in 2 fragments
20230730-160729-4203 10253 * HandleRequestStateTransfer (replica.cc:727):   [0] Sending state transfer from <0,121468> to <0,121492>
20230730-160729-4204 10253 * SendMessageInternal (udptransport.cc:442): Sending large replication.vr.proto.StateTransferMessage message in 2 fragments
20230730-160729-4205 10253 * HandleRequestStateTransfer (replica.cc:727):   [0] Sending state transfer from <0,121474> to <0,121492>
20230730-160729-4206 10253 * SendMessageInternal (udptransport.cc:442): Sending large replication.vr.proto.StateTransferMessage message in 2 fragments
20230730-160729-6552 10253 ! releaseForRead  (lockserver.cc:293): [5319635357278350042] Releasing unheld read lock: lhzH2cflfeLT5svkvjRfVfYzOQlqYjVKn5czxgCijbbVFMR3qw8kxbl33tge29oK
20230730-160729-6852 10253 ! releaseForRead  (lockserver.cc:293): [-8114152879704201590] Releasing unheld read lock: lhzH2cflfeLT5svkvjRfVfYzOQlqYjVKn5czxgCijbbVFMR3qw8kxbl33tge29oK
20230730-160729-6997 10253 ! releaseForRead  (lockserver.cc:293): [4251693557011710029] Releasing unheld read lock: lhzH2cflfeLT5svkvjRfVfYzOQlqYjVKn5czxgCijbbVFMR3qw8kxbl33tge29oK
20230730-160729-7037 10253 ! releaseForRead  (lockserver.cc:293): [2987325355880340036] Releasing unheld read lock: lhzH2cflfeLT5svkvjRfVfYzOQlqYjVKn5czxgCijbbVFMR3qw8kxbl33tge29oK
20230730-160729-8708 10253 ! releaseForRead  (lockserver.cc:293): [-4041585804513721563] Releasing unheld read lock: 2rJ09Eka55cOFHHfov3DqOIGlVqrBXbtuYK5fD63TsTjA2oPwj8DkzznxfqdxrwC
20230730-160729-8750 10253 ! releaseForRead  (lockserver.cc:293): [-2638231980003741586] Releasing unheld read lock: lhzH2cflfeLT5svkvjRfVfYzOQlqYjVKn5czxgCijbbVFMR3qw8kxbl33tge29oK
20230730-160729-9345 10253 ! releaseForWrite (lockserver.cc:353): [-2369141006471211575] Releasing unheld write lock: lhzH2cflfeLT5svkvjRfVfYzOQlqYjVKn5czxgCijbbVFMR3qw8kxbl33tge29oK
20230730-160729-9350 10253 ! releaseForRead  (lockserver.cc:293): [-6673318093407091584] Releasing unheld read lock: 2rJ09Eka55cOFHHfov3DqOIGlVqrBXbtuYK5fD63TsTjA2oPwj8DkzznxfqdxrwC
20230730-160730-1636 10253 ! releaseForWrite (lockserver.cc:353): [-4833954214158681473] Releasing unheld write lock: lhzH2cflfeLT5svkvjRfVfYzOQlqYjVKn5czxgCijbbVFMR3qw8kxbl33tge29oK
20230730-160730-1995 10253 * HandleRequestStateTransfer (replica.cc:727):   [0] Sending state transfer from <0,127256> to <0,127289>
20230730-160730-1998 10253 * SendMessageInternal (udptransport.cc:442): Sending large replication.vr.proto.StateTransferMessage message in 3 fragments
20230730-160730-2007 10253 * HandleRequestStateTransfer (replica.cc:727):   [0] Sending state transfer from <0,127285> to <0,127299>
20230730-160730-2008 10253 * SendMessageInternal (udptransport.cc:442): Sending large replication.vr.proto.StateTransferMessage message in 2 fragments
20230730-160730-2009 10253 * HandleRequestStateTransfer (replica.cc:727):   [0] Sending state transfer from <0,127286> to <0,127299>
20230730-160730-2009 10253 * SendMessageInternal (udptransport.cc:442): Sending large replication.vr.proto.StateTransferMessage message in 2 fragments
20230730-160730-2014 10253 * HandleRequestStateTransfer (replica.cc:727):   [0] Sending state transfer from <0,127287> to <0,127304>
20230730-160730-2015 10253 * SendMessageInternal (udptransport.cc:442): Sending large replication.vr.proto.StateTransferMessage message in 2 fragments
20230730-160730-2015 10253 * HandleRequestStateTransfer (replica.cc:727):   [0] Sending state transfer from <0,127288> to <0,127304>
20230730-160730-2018 10253 * HandleRequestStateTransfer (replica.cc:727):   [0] Sending state transfer from <0,127289> to <0,127306>
20230730-160730-2019 10253 * SendMessageInternal (udptransport.cc:442): Sending large replication.vr.proto.StateTransferMessage message in 2 fragments
20230730-160730-8640 10253 * HandleRequestStateTransfer (replica.cc:727):   [0] Sending state transfer from <0,131091> to <0,131118>
20230730-160730-8778 10253 * SendMessageInternal (udptransport.cc:442): Sending large replication.vr.proto.StateTransferMessage message in 2 fragments
20230730-160730-8779 10253 * HandleRequestStateTransfer (replica.cc:727):   [0] Sending state transfer from <0,131095> to <0,131118>
20230730-160730-8793 10253 * SendMessageInternal (udptransport.cc:442): Sending large replication.vr.proto.StateTransferMessage message in 2 fragments
20230730-160730-8795 10253 * HandleRequestStateTransfer (replica.cc:727):   [0] Sending state transfer from <0,131099> to <0,131118>
20230730-160730-8796 10253 * SendMessageInternal (udptransport.cc:442): Sending large replication.vr.proto.StateTransferMessage message in 2 fragments
20230730-160730-8798 10253 * HandleRequestStateTransfer (replica.cc:727):   [0] Sending state transfer from <0,131101> to <0,131118>
20230730-160730-8798 10253 * SendMessageInternal (udptransport.cc:442): Sending large replication.vr.proto.StateTransferMessage message in 2 fragments
20230730-160730-8799 10253 * HandleRequestStateTransfer (replica.cc:727):   [0] Sending state transfer from <0,131107> to <0,131118>
20230730-160730-8799 10253 * SendMessageInternal (udptransport.cc:442): Sending large replication.vr.proto.StateTransferMessage message in 2 fragments
20230730-160730-8801 10253 * HandleRequestStateTransfer (replica.cc:727):   [0] Sending state transfer from <0,131115> to <0,131118>
20230730-160730-8802 10253 * SendMessageInternal (udptransport.cc:442): Sending large replication.vr.proto.StateTransferMessage message in 2 fragments
20230730-160730-8803 10253 * HandleRequestStateTransfer (replica.cc:727):   [0] Sending state transfer from <0,131116> to <0,131118>
20230730-160730-8803 10253 * SendMessageInternal (udptransport.cc:442): Sending large replication.vr.proto.StateTransferMessage message in 2 fragments
20230730-160730-8805 10253 * HandleRequestStateTransfer (replica.cc:727):   [0] Sending state transfer from <0,131118> to <0,131118>
20230730-160730-8805 10253 * SendMessageInternal (udptransport.cc:442): Sending large replication.vr.proto.StateTransferMessage message in 2 fragments
20230730-160730-8808 10253 * HandleRequestStateTransfer (replica.cc:727):   [0] Sending state transfer from <0,131072> to <0,131118>
20230730-160730-8811 10253 * SendMessageInternal (udptransport.cc:442): Sending large replication.vr.proto.StateTransferMessage message in 3 fragments
20230730-160730-9910 10253 * HandleRequestStateTransfer (replica.cc:727):   [0] Sending state transfer from <0,131982> to <0,131985>
20230730-160730-9913 10253 * HandleRequestStateTransfer (replica.cc:727):   [0] Sending state transfer from <0,131983> to <0,131986>
20230730-160731-0195 10253 * HandleRequestStateTransfer (replica.cc:727):   [0] Sending state transfer from <0,132239> to <0,132243>
20230730-160731-0198 10253 * HandleRequestStateTransfer (replica.cc:727):   [0] Sending state transfer from <0,132240> to <0,132245>
20230730-160731-0198 10253 * HandleRequestStateTransfer (replica.cc:727):   [0] Sending state transfer from <0,132241> to <0,132245>
20230730-160732-2310 10253 ! releaseForRead  (lockserver.cc:293): [-2607663121244341592] Releasing unheld read lock: 2rJ09Eka55cOFHHfov3DqOIGlVqrBXbtuYK5fD63TsTjA2oPwj8DkzznxfqdxrwC
20230730-160733-4121 10253 ! releaseForWrite (lockserver.cc:353): [-7860436304454411586] Releasing unheld write lock: lhzH2cflfeLT5svkvjRfVfYzOQlqYjVKn5czxgCijbbVFMR3qw8kxbl33tge29oK
20230730-160733-8355 10253 * HandleRequestStateTransfer (replica.cc:727):   [0] Sending state transfer from <0,155365> to <0,155383>
20230730-160733-8366 10253 * SendMessageInternal (udptransport.cc:442): Sending large replication.vr.proto.StateTransferMessage message in 2 fragments
20230730-160734-4954 10253 * HandleRequestStateTransfer (replica.cc:727):   [0] Sending state transfer from <0,160718> to <0,160762>
20230730-160734-4956 10253 * SendMessageInternal (udptransport.cc:442): Sending large replication.vr.proto.StateTransferMessage message in 3 fragments
20230730-160734-4957 10253 * HandleRequestStateTransfer (replica.cc:727):   [0] Sending state transfer from <0,160719> to <0,160762>
20230730-160734-4958 10253 * SendMessageInternal (udptransport.cc:442): Sending large replication.vr.proto.StateTransferMessage message in 3 fragments
20230730-160735-3342 10253 * HandleRequestStateTransfer (replica.cc:727):   [0] Sending state transfer from <0,167871> to <0,167882>
20230730-160735-3346 10253 * SendMessageInternal (udptransport.cc:442): Sending large replication.vr.proto.StateTransferMessage message in 2 fragments
20230730-160735-3355 10253 * HandleRequestStateTransfer (replica.cc:727):   [0] Sending state transfer from <0,167873> to <0,167891>
20230730-160735-3355 10253 * SendMessageInternal (udptransport.cc:442): Sending large replication.vr.proto.StateTransferMessage message in 2 fragments
20230730-160735-3357 10253 * HandleRequestStateTransfer (replica.cc:727):   [0] Sending state transfer from <0,167874> to <0,167893>
20230730-160735-3358 10253 * SendMessageInternal (udptransport.cc:442): Sending large replication.vr.proto.StateTransferMessage message in 2 fragments
20230730-160735-3363 10253 * HandleRequestStateTransfer (replica.cc:727):   [0] Sending state transfer from <0,167875> to <0,167896>
20230730-160735-3363 10253 * SendMessageInternal (udptransport.cc:442): Sending large replication.vr.proto.StateTransferMessage message in 2 fragments
20230730-160735-3365 10253 * HandleRequestStateTransfer (replica.cc:727):   [0] Sending state transfer from <0,167876> to <0,167898>
20230730-160735-3366 10253 * SendMessageInternal (udptransport.cc:442): Sending large replication.vr.proto.StateTransferMessage message in 2 fragments
20230730-160735-3368 10253 * HandleRequestStateTransfer (replica.cc:727):   [0] Sending state transfer from <0,167877> to <0,167899>
20230730-160735-3369 10253 * SendMessageInternal (udptransport.cc:442): Sending large replication.vr.proto.StateTransferMessage message in 2 fragments
20230730-160735-3372 10253 * HandleRequestStateTransfer (replica.cc:727):   [0] Sending state transfer from <0,167878> to <0,167901>
20230730-160735-3372 10253 * SendMessageInternal (udptransport.cc:442): Sending large replication.vr.proto.StateTransferMessage message in 2 fragments
20230730-160735-5168 10253 * HandleRequestStateTransfer (replica.cc:727):   [0] Sending state transfer from <0,169659> to <0,169663>
20230730-160735-5173 10253 * HandleRequestStateTransfer (replica.cc:727):   [0] Sending state transfer from <0,169661> to <0,169663>
20230730-160735-6365 10253 * HandleRequestStateTransfer (replica.cc:727):   [0] Sending state transfer from <0,170796> to <0,170808>
20230730-160735-6365 10253 * SendMessageInternal (udptransport.cc:442): Sending large replication.vr.proto.StateTransferMessage message in 2 fragments
20230730-160735-6367 10253 * HandleRequestStateTransfer (replica.cc:727):   [0] Sending state transfer from <0,170796> to <0,170809>
20230730-160735-6367 10253 * SendMessageInternal (udptransport.cc:442): Sending large replication.vr.proto.StateTransferMessage message in 2 fragments
20230730-160735-6368 10253 * HandleRequestStateTransfer (replica.cc:727):   [0] Sending state transfer from <0,170797> to <0,170809>
20230730-160735-6369 10253 * SendMessageInternal (udptransport.cc:442): Sending large replication.vr.proto.StateTransferMessage message in 2 fragments
20230730-160735-6369 10253 * HandleRequestStateTransfer (replica.cc:727):   [0] Sending state transfer from <0,170797> to <0,170809>
20230730-160735-6370 10253 * SendMessageInternal (udptransport.cc:442): Sending large replication.vr.proto.StateTransferMessage message in 2 fragments
20230730-160735-6371 10253 * HandleRequestStateTransfer (replica.cc:727):   [0] Sending state transfer from <0,170798> to <0,170809>
20230730-160735-6372 10253 * SendMessageInternal (udptransport.cc:442): Sending large replication.vr.proto.StateTransferMessage message in 2 fragments
20230730-160735-6372 10253 * HandleRequestStateTransfer (replica.cc:727):   [0] Sending state transfer from <0,170798> to <0,170809>
20230730-160735-6372 10253 * SendMessageInternal (udptransport.cc:442): Sending large replication.vr.proto.StateTransferMessage message in 2 fragments
20230730-160735-6374 10253 * HandleRequestStateTransfer (replica.cc:727):   [0] Sending state transfer from <0,170799> to <0,170809>
20230730-160735-6374 10253 * SendMessageInternal (udptransport.cc:442): Sending large replication.vr.proto.StateTransferMessage message in 2 fragments
20230730-160735-6375 10253 * HandleRequestStateTransfer (replica.cc:727):   [0] Sending state transfer from <0,170799> to <0,170809>
20230730-160735-6375 10253 * SendMessageInternal (udptransport.cc:442): Sending large replication.vr.proto.StateTransferMessage message in 2 fragments
20230730-160735-6376 10253 * HandleRequestStateTransfer (replica.cc:727):   [0] Sending state transfer from <0,170801> to <0,170809>
20230730-160735-6376 10253 * SendMessageInternal (udptransport.cc:442): Sending large replication.vr.proto.StateTransferMessage message in 2 fragments
20230730-160735-6377 10253 * HandleRequestStateTransfer (replica.cc:727):   [0] Sending state transfer from <0,170801> to <0,170809>
20230730-160735-6377 10253 * SendMessageInternal (udptransport.cc:442): Sending large replication.vr.proto.StateTransferMessage message in 2 fragments
20230730-160735-6378 10253 * HandleRequestStateTransfer (replica.cc:727):   [0] Sending state transfer from <0,170802> to <0,170809>
20230730-160735-6378 10253 * SendMessageInternal (udptransport.cc:442): Sending large replication.vr.proto.StateTransferMessage message in 2 fragments
20230730-160735-6380 10253 * HandleRequestStateTransfer (replica.cc:727):   [0] Sending state transfer from <0,170802> to <0,170809>
20230730-160735-6381 10253 * SendMessageInternal (udptransport.cc:442): Sending large replication.vr.proto.StateTransferMessage message in 2 fragments
20230730-160735-6382 10253 * HandleRequestStateTransfer (replica.cc:727):   [0] Sending state transfer from <0,170804> to <0,170809>
20230730-160735-6382 10253 * SendMessageInternal (udptransport.cc:442): Sending large replication.vr.proto.StateTransferMessage message in 2 fragments
20230730-160735-6384 10253 * HandleRequestStateTransfer (replica.cc:727):   [0] Sending state transfer from <0,170804> to <0,170809>
20230730-160735-6384 10253 * SendMessageInternal (udptransport.cc:442): Sending large replication.vr.proto.StateTransferMessage message in 2 fragments
20230730-160735-6385 10253 * HandleRequestStateTransfer (replica.cc:727):   [0] Sending state transfer from <0,170805> to <0,170809>
20230730-160735-6386 10253 * SendMessageInternal (udptransport.cc:442): Sending large replication.vr.proto.StateTransferMessage message in 2 fragments
20230730-160735-6387 10253 * HandleRequestStateTransfer (replica.cc:727):   [0] Sending state transfer from <0,170805> to <0,170809>
20230730-160735-6387 10253 * SendMessageInternal (udptransport.cc:442): Sending large replication.vr.proto.StateTransferMessage message in 2 fragments
20230730-160735-6389 10253 * HandleRequestStateTransfer (replica.cc:727):   [0] Sending state transfer from <0,170806> to <0,170809>
20230730-160735-6389 10253 * SendMessageInternal (udptransport.cc:442): Sending large replication.vr.proto.StateTransferMessage message in 2 fragments
20230730-160735-6390 10253 * HandleRequestStateTransfer (replica.cc:727):   [0] Sending state transfer from <0,170806> to <0,170809>
20230730-160735-6391 10253 * SendMessageInternal (udptransport.cc:442): Sending large replication.vr.proto.StateTransferMessage message in 2 fragments
20230730-160735-6391 10253 * HandleRequestStateTransfer (replica.cc:727):   [0] Sending state transfer from <0,170807> to <0,170809>
20230730-160735-6391 10253 * SendMessageInternal (udptransport.cc:442): Sending large replication.vr.proto.StateTransferMessage message in 2 fragments
20230730-160735-6392 10253 * HandleRequestStateTransfer (replica.cc:727):   [0] Sending state transfer from <0,170807> to <0,170809>
20230730-160735-6393 10253 * SendMessageInternal (udptransport.cc:442): Sending large replication.vr.proto.StateTransferMessage message in 2 fragments
20230730-160735-6393 10253 * HandleRequestStateTransfer (replica.cc:727):   [0] Sending state transfer from <0,170808> to <0,170809>
20230730-160735-6393 10253 * SendMessageInternal (udptransport.cc:442): Sending large replication.vr.proto.StateTransferMessage message in 2 fragments
20230730-160735-6394 10253 * HandleRequestStateTransfer (replica.cc:727):   [0] Sending state transfer from <0,170808> to <0,170809>
20230730-160735-6394 10253 * SendMessageInternal (udptransport.cc:442): Sending large replication.vr.proto.StateTransferMessage message in 2 fragments
20230730-160736-1365 10253 * HandleRequestStateTransfer (replica.cc:727):   [0] Sending state transfer from <0,175303> to <0,175307>
20230730-160736-1366 10253 * HandleRequestStateTransfer (replica.cc:727):   [0] Sending state transfer from <0,175304> to <0,175307>
20230730-160736-1367 10253 * HandleRequestStateTransfer (replica.cc:727):   [0] Sending state transfer from <0,175307> to <0,175310>
20230730-160736-1495 10253 * HandleRequestStateTransfer (replica.cc:727):   [0] Sending state transfer from <0,175459> to <0,175466>
20230730-160736-1498 10253 * HandleRequestStateTransfer (replica.cc:727):   [0] Sending state transfer from <0,175460> to <0,175468>
20230730-160736-1528 10253 * HandleRequestStateTransfer (replica.cc:727):   [0] Sending state transfer from <0,175490> to <0,175503>
20230730-160736-1528 10253 * SendMessageInternal (udptransport.cc:442): Sending large replication.vr.proto.StateTransferMessage message in 2 fragments
20230730-160736-1530 10253 * HandleRequestStateTransfer (replica.cc:727):   [0] Sending state transfer from <0,175491> to <0,175505>
20230730-160736-1530 10253 * SendMessageInternal (udptransport.cc:442): Sending large replication.vr.proto.StateTransferMessage message in 2 fragments
20230730-160736-1533 10253 * HandleRequestStateTransfer (replica.cc:727):   [0] Sending state transfer from <0,175492> to <0,175509>
20230730-160736-1533 10253 * SendMessageInternal (udptransport.cc:442): Sending large replication.vr.proto.StateTransferMessage message in 2 fragments
20230730-160736-1534 10253 * HandleRequestStateTransfer (replica.cc:727):   [0] Sending state transfer from <0,175493> to <0,175509>
20230730-160736-1535 10253 * SendMessageInternal (udptransport.cc:442): Sending large replication.vr.proto.StateTransferMessage message in 2 fragments
20230730-160736-1537 10253 * HandleRequestStateTransfer (replica.cc:727):   [0] Sending state transfer from <0,175494> to <0,175512>
20230730-160736-1538 10253 * SendMessageInternal (udptransport.cc:442): Sending large replication.vr.proto.StateTransferMessage message in 2 fragments
20230730-160736-1539 10253 * HandleRequestStateTransfer (replica.cc:727):   [0] Sending state transfer from <0,175495> to <0,175514>
20230730-160736-1540 10253 * SendMessageInternal (udptransport.cc:442): Sending large replication.vr.proto.StateTransferMessage message in 2 fragments
20230730-160736-1543 10253 * HandleRequestStateTransfer (replica.cc:727):   [0] Sending state transfer from <0,175498> to <0,175516>
20230730-160736-1544 10253 * SendMessageInternal (udptransport.cc:442): Sending large replication.vr.proto.StateTransferMessage message in 2 fragments
20230730-160736-1545 10253 * HandleRequestStateTransfer (replica.cc:727):   [0] Sending state transfer from <0,175501> to <0,175517>
20230730-160736-1546 10253 * SendMessageInternal (udptransport.cc:442): Sending large replication.vr.proto.StateTransferMessage message in 2 fragments
20230730-160736-2624 10253 ! releaseForRead  (lockserver.cc:293): [-86256678346911569] Releasing unheld read lock: 2rJ09Eka55cOFHHfov3DqOIGlVqrBXbtuYK5fD63TsTjA2oPwj8DkzznxfqdxrwC
20230730-160736-8638 10253 ! releaseForRead  (lockserver.cc:293): [-9159665730083651576] Releasing unheld read lock: lhzH2cflfeLT5svkvjRfVfYzOQlqYjVKn5czxgCijbbVFMR3qw8kxbl33tge29oK
20230730-160738-4014 10253 * HandleRequestStateTransfer (replica.cc:727):   [0] Sending state transfer from <0,194216> to <0,194232>
20230730-160738-4015 10253 * SendMessageInternal (udptransport.cc:442): Sending large replication.vr.proto.StateTransferMessage message in 2 fragments
20230730-160738-4017 10253 * HandleRequestStateTransfer (replica.cc:727):   [0] Sending state transfer from <0,194217> to <0,194233>
20230730-160738-4017 10253 * SendMessageInternal (udptransport.cc:442): Sending large replication.vr.proto.StateTransferMessage message in 2 fragments
20230730-160739-4310 10253 * HandleRequestStateTransfer (replica.cc:727):   [0] Sending state transfer from <0,202827> to <0,202839>
20230730-160739-4314 10253 * SendMessageInternal (udptransport.cc:442): Sending large replication.vr.proto.StateTransferMessage message in 2 fragments
20230730-160739-4316 10253 * HandleRequestStateTransfer (replica.cc:727):   [0] Sending state transfer from <0,202828> to <0,202840>
20230730-160739-4316 10253 * SendMessageInternal (udptransport.cc:442): Sending large replication.vr.proto.StateTransferMessage message in 2 fragments
20230730-160739-4318 10253 * HandleRequestStateTransfer (replica.cc:727):   [0] Sending state transfer from <0,202829> to <0,202841>
20230730-160739-4318 10253 * SendMessageInternal (udptransport.cc:442): Sending large replication.vr.proto.StateTransferMessage message in 2 fragments
20230730-160739-4320 10253 * HandleRequestStateTransfer (replica.cc:727):   [0] Sending state transfer from <0,202830> to <0,202842>
20230730-160739-4320 10253 * SendMessageInternal (udptransport.cc:442): Sending large replication.vr.proto.StateTransferMessage message in 2 fragments
20230730-160739-4322 10253 * HandleRequestStateTransfer (replica.cc:727):   [0] Sending state transfer from <0,202831> to <0,202843>
20230730-160739-4322 10253 * SendMessageInternal (udptransport.cc:442): Sending large replication.vr.proto.StateTransferMessage message in 2 fragments
20230730-160739-4325 10253 * HandleRequestStateTransfer (replica.cc:727):   [0] Sending state transfer from <0,202832> to <0,202845>
20230730-160739-4326 10253 * SendMessageInternal (udptransport.cc:442): Sending large replication.vr.proto.StateTransferMessage message in 2 fragments
20230730-160739-4329 10253 * HandleRequestStateTransfer (replica.cc:727):   [0] Sending state transfer from <0,202833> to <0,202849>
20230730-160739-4329 10253 * SendMessageInternal (udptransport.cc:442): Sending large replication.vr.proto.StateTransferMessage message in 2 fragments
20230730-160741-4575 10253 * HandleRequestStateTransfer (replica.cc:727):   [0] Sending state transfer from <0,218430> to <0,218444>
20230730-160741-4576 10253 * SendMessageInternal (udptransport.cc:442): Sending large replication.vr.proto.StateTransferMessage message in 2 fragments
20230730-160741-4577 10253 * HandleRequestStateTransfer (replica.cc:727):   [0] Sending state transfer from <0,218430> to <0,218444>
20230730-160741-4577 10253 * SendMessageInternal (udptransport.cc:442): Sending large replication.vr.proto.StateTransferMessage message in 2 fragments
20230730-160741-4580 10253 * HandleRequestStateTransfer (replica.cc:727):   [0] Sending state transfer from <0,218434> to <0,218445>
20230730-160741-4580 10253 * SendMessageInternal (udptransport.cc:442): Sending large replication.vr.proto.StateTransferMessage message in 2 fragments
20230730-160741-4581 10253 * HandleRequestStateTransfer (replica.cc:727):   [0] Sending state transfer from <0,218434> to <0,218445>
20230730-160741-4581 10253 * SendMessageInternal (udptransport.cc:442): Sending large replication.vr.proto.StateTransferMessage message in 2 fragments
20230730-160741-4583 10253 * HandleRequestStateTransfer (replica.cc:727):   [0] Sending state transfer from <0,218435> to <0,218445>
20230730-160741-4584 10253 * SendMessageInternal (udptransport.cc:442): Sending large replication.vr.proto.StateTransferMessage message in 2 fragments
20230730-160741-4584 10253 * HandleRequestStateTransfer (replica.cc:727):   [0] Sending state transfer from <0,218435> to <0,218445>
20230730-160741-4585 10253 * SendMessageInternal (udptransport.cc:442): Sending large replication.vr.proto.StateTransferMessage message in 2 fragments
20230730-160741-4586 10253 * HandleRequestStateTransfer (replica.cc:727):   [0] Sending state transfer from <0,218436> to <0,218445>
20230730-160741-4587 10253 * SendMessageInternal (udptransport.cc:442): Sending large replication.vr.proto.StateTransferMessage message in 2 fragments
20230730-160741-4587 10253 * HandleRequestStateTransfer (replica.cc:727):   [0] Sending state transfer from <0,218436> to <0,218445>
20230730-160741-4588 10253 * SendMessageInternal (udptransport.cc:442): Sending large replication.vr.proto.StateTransferMessage message in 2 fragments
20230730-160741-4589 10253 * HandleRequestStateTransfer (replica.cc:727):   [0] Sending state transfer from <0,218437> to <0,218445>
20230730-160741-4590 10253 * SendMessageInternal (udptransport.cc:442): Sending large replication.vr.proto.StateTransferMessage message in 2 fragments
20230730-160741-4591 10253 * HandleRequestStateTransfer (replica.cc:727):   [0] Sending state transfer from <0,218437> to <0,218445>
20230730-160741-4591 10253 * SendMessageInternal (udptransport.cc:442): Sending large replication.vr.proto.StateTransferMessage message in 2 fragments
20230730-160741-4592 10253 * HandleRequestStateTransfer (replica.cc:727):   [0] Sending state transfer from <0,218438> to <0,218445>
20230730-160741-4593 10253 * SendMessageInternal (udptransport.cc:442): Sending large replication.vr.proto.StateTransferMessage message in 2 fragments
20230730-160741-4593 10253 * HandleRequestStateTransfer (replica.cc:727):   [0] Sending state transfer from <0,218438> to <0,218445>
20230730-160741-4594 10253 * SendMessageInternal (udptransport.cc:442): Sending large replication.vr.proto.StateTransferMessage message in 2 fragments
20230730-160741-4595 10253 * HandleRequestStateTransfer (replica.cc:727):   [0] Sending state transfer from <0,218439> to <0,218445>
20230730-160741-4596 10253 * SendMessageInternal (udptransport.cc:442): Sending large replication.vr.proto.StateTransferMessage message in 2 fragments
20230730-160741-4597 10253 * HandleRequestStateTransfer (replica.cc:727):   [0] Sending state transfer from <0,218439> to <0,218445>
20230730-160741-4597 10253 * SendMessageInternal (udptransport.cc:442): Sending large replication.vr.proto.StateTransferMessage message in 2 fragments
20230730-160741-4598 10253 * HandleRequestStateTransfer (replica.cc:727):   [0] Sending state transfer from <0,218440> to <0,218445>
20230730-160741-4599 10253 * SendMessageInternal (udptransport.cc:442): Sending large replication.vr.proto.StateTransferMessage message in 2 fragments
20230730-160741-4600 10253 * HandleRequestStateTransfer (replica.cc:727):   [0] Sending state transfer from <0,218440> to <0,218445>
20230730-160741-4600 10253 * SendMessageInternal (udptransport.cc:442): Sending large replication.vr.proto.StateTransferMessage message in 2 fragments
20230730-160741-4601 10253 * HandleRequestStateTransfer (replica.cc:727):   [0] Sending state transfer from <0,218442> to <0,218445>
20230730-160741-4601 10253 * SendMessageInternal (udptransport.cc:442): Sending large replication.vr.proto.StateTransferMessage message in 2 fragments
20230730-160741-4602 10253 * HandleRequestStateTransfer (replica.cc:727):   [0] Sending state transfer from <0,218442> to <0,218445>
20230730-160741-4602 10253 * SendMessageInternal (udptransport.cc:442): Sending large replication.vr.proto.StateTransferMessage message in 2 fragments
20230730-160741-4603 10253 * HandleRequestStateTransfer (replica.cc:727):   [0] Sending state transfer from <0,218443> to <0,218445>
20230730-160741-4604 10253 * SendMessageInternal (udptransport.cc:442): Sending large replication.vr.proto.StateTransferMessage message in 2 fragments
20230730-160741-4605 10253 * HandleRequestStateTransfer (replica.cc:727):   [0] Sending state transfer from <0,218443> to <0,218445>
20230730-160741-4605 10253 * SendMessageInternal (udptransport.cc:442): Sending large replication.vr.proto.StateTransferMessage message in 2 fragments
20230730-160741-4606 10253 * HandleRequestStateTransfer (replica.cc:727):   [0] Sending state transfer from <0,218444> to <0,218445>
20230730-160741-4607 10253 * SendMessageInternal (udptransport.cc:442): Sending large replication.vr.proto.StateTransferMessage message in 2 fragments
20230730-160741-4607 10253 * HandleRequestStateTransfer (replica.cc:727):   [0] Sending state transfer from <0,218444> to <0,218445>
20230730-160741-4608 10253 * SendMessageInternal (udptransport.cc:442): Sending large replication.vr.proto.StateTransferMessage message in 2 fragments
20230730-160741-4617 10253 * HandleRequestStateTransfer (replica.cc:727):   [0] Sending state transfer from <0,218445> to <0,218461>
20230730-160741-4618 10253 * SendMessageInternal (udptransport.cc:442): Sending large replication.vr.proto.StateTransferMessage message in 2 fragments
20230730-160743-1184 10253 ! releaseForWrite (lockserver.cc:353): [-8114152879704201569] Releasing unheld write lock: lhzH2cflfeLT5svkvjRfVfYzOQlqYjVKn5czxgCijbbVFMR3qw8kxbl33tge29oK
20230730-160744-4334 10253 ! releaseForWrite (lockserver.cc:353): [-4041585804513721535] Releasing unheld write lock: 2rJ09Eka55cOFHHfov3DqOIGlVqrBXbtuYK5fD63TsTjA2oPwj8DkzznxfqdxrwC
20230730-160745-4767 10253 ! releaseForWrite (lockserver.cc:353): [-5887980057823551482] Releasing unheld write lock: lhzH2cflfeLT5svkvjRfVfYzOQlqYjVKn5czxgCijbbVFMR3qw8kxbl33tge29oK
20230730-160745-5152 10253 ! releaseForWrite (lockserver.cc:353): [-8027185467977361510] Releasing unheld write lock: lhzH2cflfeLT5svkvjRfVfYzOQlqYjVKn5czxgCijbbVFMR3qw8kxbl33tge29oK
20230730-160745-5565 10253 ! releaseForRead  (lockserver.cc:293): [-5092413906662191556] Releasing unheld read lock: lhzH2cflfeLT5svkvjRfVfYzOQlqYjVKn5czxgCijbbVFMR3qw8kxbl33tge29oK
20230730-160745-5984 10253 ! releaseForRead  (lockserver.cc:293): [2987325355880340063] Releasing unheld read lock: lhzH2cflfeLT5svkvjRfVfYzOQlqYjVKn5czxgCijbbVFMR3qw8kxbl33tge29oK
20230730-160745-8090 10253 ! releaseForRead  (lockserver.cc:293): [-6381063306267221559] Releasing unheld read lock: lhzH2cflfeLT5svkvjRfVfYzOQlqYjVKn5czxgCijbbVFMR3qw8kxbl33tge29oK
20230730-160745-8106 10253 ! releaseForRead  (lockserver.cc:293): [1272565865209020044] Releasing unheld read lock: lhzH2cflfeLT5svkvjRfVfYzOQlqYjVKn5czxgCijbbVFMR3qw8kxbl33tge29oK
20230730-160745-8301 10253 ! releaseForRead  (lockserver.cc:293): [-7602315279237141564] Releasing unheld read lock: lhzH2cflfeLT5svkvjRfVfYzOQlqYjVKn5czxgCijbbVFMR3qw8kxbl33tge29oK
20230730-160745-8361 10253 ! releaseForWrite (lockserver.cc:353): [-7782599812609301568] Releasing unheld write lock: lhzH2cflfeLT5svkvjRfVfYzOQlqYjVKn5czxgCijbbVFMR3qw8kxbl33tge29oK
20230730-160745-8362 10253 ! releaseForRead  (lockserver.cc:293): [-7782599812609301568] Releasing unheld read lock: lhzH2cflfeLT5svkvjRfVfYzOQlqYjVKn5czxgCijbbVFMR3qw8kxbl33tge29oK
20230730-160745-8789 10253 ! releaseForWrite (lockserver.cc:353): [1896484280370920160] Releasing unheld write lock: lhzH2cflfeLT5svkvjRfVfYzOQlqYjVKn5czxgCijbbVFMR3qw8kxbl33tge29oK
20230730-160746-6916 10253 * ResendPrepare   (replica.cc:306):   [0] Resending prepare
20230730-160746-8189 10253 * HandleRequestStateTransfer (replica.cc:727):   [0] Sending state transfer from <0,262172> to <0,262182>
20230730-160746-8464 10253 * SendMessageInternal (udptransport.cc:442): Sending large replication.vr.proto.StateTransferMessage message in 2 fragments
20230730-160746-8465 10253 * HandleRequestStateTransfer (replica.cc:727):   [0] Sending state transfer from <0,262175> to <0,262182>
20230730-160746-8496 10253 * SendMessageInternal (udptransport.cc:442): Sending large replication.vr.proto.StateTransferMessage message in 2 fragments
20230730-160746-8498 10253 * HandleRequestStateTransfer (replica.cc:727):   [0] Sending state transfer from <0,262176> to <0,262182>
20230730-160746-8519 10253 * SendMessageInternal (udptransport.cc:442): Sending large replication.vr.proto.StateTransferMessage message in 2 fragments
20230730-160746-8520 10253 * HandleRequestStateTransfer (replica.cc:727):   [0] Sending state transfer from <0,262180> to <0,262182>
20230730-160746-8520 10253 * SendMessageInternal (udptransport.cc:442): Sending large replication.vr.proto.StateTransferMessage message in 2 fragments
20230730-160746-8521 10253 * HandleRequestStateTransfer (replica.cc:727):   [0] Sending state transfer from <0,262181> to <0,262182>
20230730-160746-8522 10253 * SendMessageInternal (udptransport.cc:442): Sending large replication.vr.proto.StateTransferMessage message in 2 fragments
20230730-160746-8522 10253 * HandleRequestStateTransfer (replica.cc:727):   [0] Sending state transfer from <0,262182> to <0,262182>
20230730-160746-8523 10253 * SendMessageInternal (udptransport.cc:442): Sending large replication.vr.proto.StateTransferMessage message in 2 fragments
20230730-160746-8547 10253 * HandleRequestStateTransfer (replica.cc:727):   [0] Sending state transfer from <0,262144> to <0,262213>
20230730-160746-8548 10253 * SendMessageInternal (udptransport.cc:442): Sending large replication.vr.proto.StateTransferMessage message in 3 fragments
20230730-160746-8560 10253 ! releaseForRead  (lockserver.cc:293): [-2369141006471211548] Releasing unheld read lock: Ns22OQwBGWxQzpsb3Oezu4tkhMS67ZxQ4PmXsp0ZSJRVlRZyWPgSYliCGlsmJRhF
20230730-160746-8593 10253 ! releaseForRead  (lockserver.cc:293): [-5015115224456831560] Releasing unheld read lock: NGuy2IhkVZKGxVMONbiaENTdouNMw7BfBfpg5HAOayFcIzRzDfyutTcJ29WRJW5z
20230730-160746-9835 10253 * HandleRequestStateTransfer (replica.cc:727):   [0] Sending state transfer from <0,263384> to <0,263428>
20230730-160746-9837 10253 * SendMessageInternal (udptransport.cc:442): Sending large replication.vr.proto.StateTransferMessage message in 3 fragments
20230730-160746-9838 10253 * HandleRequestStateTransfer (replica.cc:727):   [0] Sending state transfer from <0,263387> to <0,263429>
20230730-160746-9839 10253 * SendMessageInternal (udptransport.cc:442): Sending large replication.vr.proto.StateTransferMessage message in 2 fragments
20230730-160746-9853 10253 * HandleRequestStateTransfer (replica.cc:727):   [0] Sending state transfer from <0,263422> to <0,263443>
20230730-160746-9854 10253 * SendMessageInternal (udptransport.cc:442): Sending large replication.vr.proto.StateTransferMessage message in 2 fragments
20230730-160746-9855 10253 * HandleRequestStateTransfer (replica.cc:727):   [0] Sending state transfer from <0,263426> to <0,263443>
20230730-160746-9856 10253 * HandleRequestStateTransfer (replica.cc:727):   [0] Sending state transfer from <0,263427> to <0,263443>
20230730-160746-9857 10253 * HandleRequestStateTransfer (replica.cc:727):   [0] Sending state transfer from <0,263428> to <0,263443>
20230730-160746-9941 10253 * HandleRequestStateTransfer (replica.cc:727):   [0] Sending state transfer from <0,263501> to <0,263511>
20230730-160746-9946 10253 * HandleRequestStateTransfer (replica.cc:727):   [0] Sending state transfer from <0,263502> to <0,263517>
20230730-160747-8585 10253 ! releaseForRead  (lockserver.cc:293): [6689970629986490061] Releasing unheld read lock: lhzH2cflfeLT5svkvjRfVfYzOQlqYjVKn5czxgCijbbVFMR3qw8kxbl33tge29oK
20230730-160748-6109 10253 * HandleRequestStateTransfer (replica.cc:727):   [0] Sending state transfer from <0,274607> to <0,274668>
20230730-160748-6111 10253 * SendMessageInternal (udptransport.cc:442): Sending large replication.vr.proto.StateTransferMessage message in 3 fragments
20230730-160749-9499 10253 * HandleRequestStateTransfer (replica.cc:727):   [0] Sending state transfer from <0,285047> to <0,285099>
20230730-160749-9500 10253 * SendMessageInternal (udptransport.cc:442): Sending large replication.vr.proto.StateTransferMessage message in 3 fragments
20230730-160749-9502 10253 * HandleRequestStateTransfer (replica.cc:727):   [0] Sending state transfer from <0,285048> to <0,285099>
20230730-160749-9502 10253 * SendMessageInternal (udptransport.cc:442): Sending large replication.vr.proto.StateTransferMessage message in 3 fragments
20230730-160749-9504 10253 * HandleRequestStateTransfer (replica.cc:727):   [0] Sending state transfer from <0,285049> to <0,285099>
20230730-160749-9504 10253 * SendMessageInternal (udptransport.cc:442): Sending large replication.vr.proto.StateTransferMessage message in 3 fragments
20230730-160749-9506 10253 * HandleRequestStateTransfer (replica.cc:727):   [0] Sending state transfer from <0,285050> to <0,285099>
20230730-160749-9506 10253 * SendMessageInternal (udptransport.cc:442): Sending large replication.vr.proto.StateTransferMessage message in 3 fragments
20230730-160749-9508 10253 * HandleRequestStateTransfer (replica.cc:727):   [0] Sending state transfer from <0,285051> to <0,285100>
20230730-160749-9509 10253 * SendMessageInternal (udptransport.cc:442): Sending large replication.vr.proto.StateTransferMessage message in 3 fragments
20230730-160749-9510 10253 * HandleRequestStateTransfer (replica.cc:727):   [0] Sending state transfer from <0,285053> to <0,285100>
20230730-160749-9510 10253 * SendMessageInternal (udptransport.cc:442): Sending large replication.vr.proto.StateTransferMessage message in 3 fragments
20230730-160749-9512 10253 * HandleRequestStateTransfer (replica.cc:727):   [0] Sending state transfer from <0,285054> to <0,285101>
20230730-160749-9513 10253 * SendMessageInternal (udptransport.cc:442): Sending large replication.vr.proto.StateTransferMessage message in 3 fragments
20230730-160749-9515 10253 * HandleRequestStateTransfer (replica.cc:727):   [0] Sending state transfer from <0,285056> to <0,285102>
20230730-160749-9515 10253 * SendMessageInternal (udptransport.cc:442): Sending large replication.vr.proto.StateTransferMessage message in 3 fragments
20230730-160749-9531 10253 * HandleRequestStateTransfer (replica.cc:727):   [0] Sending state transfer from <0,285087> to <0,285111>
20230730-160749-9531 10253 * SendMessageInternal (udptransport.cc:442): Sending large replication.vr.proto.StateTransferMessage message in 2 fragments
20230730-160749-9533 10253 * HandleRequestStateTransfer (replica.cc:727):   [0] Sending state transfer from <0,285089> to <0,285111>
20230730-160749-9533 10253 * SendMessageInternal (udptransport.cc:442): Sending large replication.vr.proto.StateTransferMessage message in 2 fragments
20230730-160749-9535 10253 * HandleRequestStateTransfer (replica.cc:727):   [0] Sending state transfer from <0,285091> to <0,285113>
20230730-160749-9536 10253 * SendMessageInternal (udptransport.cc:442): Sending large replication.vr.proto.StateTransferMessage message in 2 fragments
20230730-160749-9537 10253 * HandleRequestStateTransfer (replica.cc:727):   [0] Sending state transfer from <0,285092> to <0,285113>
20230730-160749-9537 10253 * SendMessageInternal (udptransport.cc:442): Sending large replication.vr.proto.StateTransferMessage message in 2 fragments
20230730-160749-9539 10253 * HandleRequestStateTransfer (replica.cc:727):   [0] Sending state transfer from <0,285093> to <0,285113>
20230730-160749-9539 10253 * SendMessageInternal (udptransport.cc:442): Sending large replication.vr.proto.StateTransferMessage message in 2 fragments
20230730-160749-9541 10253 * HandleRequestStateTransfer (replica.cc:727):   [0] Sending state transfer from <0,285099> to <0,285114>
20230730-160749-9542 10253 * SendMessageInternal (udptransport.cc:442): Sending large replication.vr.proto.StateTransferMessage message in 2 fragments
20230730-160751-4518 10253 * HandleRequestStateTransfer (replica.cc:727):   [0] Sending state transfer from <0,296820> to <0,296857>
20230730-160751-4533 10253 * SendMessageInternal (udptransport.cc:442): Sending large replication.vr.proto.StateTransferMessage message in 3 fragments
20230730-160751-4544 10253 * HandleRequestStateTransfer (replica.cc:727):   [0] Sending state transfer from <0,296852> to <0,296863>
20230730-160751-4545 10253 * SendMessageInternal (udptransport.cc:442): Sending large replication.vr.proto.StateTransferMessage message in 2 fragments
20230730-160751-4546 10253 * HandleRequestStateTransfer (replica.cc:727):   [0] Sending state transfer from <0,296853> to <0,296863>
20230730-160751-4546 10253 * SendMessageInternal (udptransport.cc:442): Sending large replication.vr.proto.StateTransferMessage message in 2 fragments
20230730-160751-4548 10253 * HandleRequestStateTransfer (replica.cc:727):   [0] Sending state transfer from <0,296854> to <0,296864>
20230730-160751-4549 10253 * SendMessageInternal (udptransport.cc:442): Sending large replication.vr.proto.StateTransferMessage message in 2 fragments
20230730-160751-4550 10253 * HandleRequestStateTransfer (replica.cc:727):   [0] Sending state transfer from <0,296856> to <0,296865>
20230730-160751-4550 10253 * SendMessageInternal (udptransport.cc:442): Sending large replication.vr.proto.StateTransferMessage message in 2 fragments
20230730-160751-4553 10253 * HandleRequestStateTransfer (replica.cc:727):   [0] Sending state transfer from <0,296857> to <0,296866>
20230730-160751-4553 10253 * SendMessageInternal (udptransport.cc:442): Sending large replication.vr.proto.StateTransferMessage message in 2 fragments
20230730-160752-4380 10253 * HandleRequestStateTransfer (replica.cc:727):   [0] Sending state transfer from <0,304752> to <0,304759>
20230730-160752-4433 10253 * HandleRequestStateTransfer (replica.cc:727):   [0] Sending state transfer from <0,304754> to <0,304774>
20230730-160752-4434 10253 * HandleRequestStateTransfer (replica.cc:727):   [0] Sending state transfer from <0,304756> to <0,304774>
20230730-160752-4435 10253 * HandleRequestStateTransfer (replica.cc:727):   [0] Sending state transfer from <0,304757> to <0,304774>
