20230730-160716-7499 03066 * ResendPrepare   (replica.cc:306):   [0] Resending prepare
20230730-160716-8053 03066 * HandleRequestStateTransfer (replica.cc:727):   [0] Sending state transfer from <0,8640> to <0,8653>
20230730-160716-8054 03066 * SendMessageInternal (udptransport.cc:442): Sending large replication.vr.proto.StateTransferMessage message in 2 fragments
20230730-160716-8058 03066 * HandleRequestStateTransfer (replica.cc:727):   [0] Sending state transfer from <0,8641> to <0,8659>
20230730-160716-8058 03066 * SendMessageInternal (udptransport.cc:442): Sending large replication.vr.proto.StateTransferMessage message in 2 fragments
20230730-160717-2271 03066 * HandleRequestStateTransfer (replica.cc:727):   [0] Sending state transfer from <0,12142> to <0,12147>
20230730-160717-2274 03066 * HandleRequestStateTransfer (replica.cc:727):   [0] Sending state transfer from <0,12143> to <0,12150>
20230730-160717-5260 03066 * HandleRequestStateTransfer (replica.cc:727):   [0] Sending state transfer from <0,14401> to <0,14410>
20230730-160717-7532 03066 * HandleRequestStateTransfer (replica.cc:727):   [0] Sending state transfer from <0,16129> to <0,16132>
20230730-160717-7534 03066 * HandleRequestStateTransfer (replica.cc:727):   [0] Sending state transfer from <0,16129> to <0,16133>
20230730-160717-7535 03066 * HandleRequestStateTransfer (replica.cc:727):   [0] Sending state transfer from <0,16130> to <0,16133>
20230730-160717-7536 03066 * HandleRequestStateTransfer (replica.cc:727):   [0] Sending state transfer from <0,16130> to <0,16133>
20230730-160717-7539 03066 * HandleRequestStateTransfer (replica.cc:727):   [0] Sending state transfer from <0,16131> to <0,16133>
20230730-160717-7542 03066 * HandleRequestStateTransfer (replica.cc:727):   [0] Sending state transfer from <0,16131> to <0,16133>
20230730-160718-6218 03066 ! releaseForWrite (lockserver.cc:353): [4069556593160430018] Releasing unheld write lock: w6TM7K3HtSQ2sLflIXW4DbSH9wam80wBxGvwqP3bF91grrYlZ654gXTcPXc4GQ6m
20230730-160718-6605 03066 ! releaseForWrite (lockserver.cc:353): [-8348191458036001600] Releasing unheld write lock: w6TM7K3HtSQ2sLflIXW4DbSH9wam80wBxGvwqP3bF91grrYlZ654gXTcPXc4GQ6m
20230730-160718-7215 03066 ! releaseForWrite (lockserver.cc:353): [-8962289249716931472] Releasing unheld write lock: w6TM7K3HtSQ2sLflIXW4DbSH9wam80wBxGvwqP3bF91grrYlZ654gXTcPXc4GQ6m
20230730-160718-8257 03066 ! releaseForRead  (lockserver.cc:293): [-6472852349798261601] Releasing unheld read lock: 5kEaseH1PupGkwrnsD0ExoTZYooupG2a4lI6Zes3iEfBazgrFJNqBpJknmwYI4U2
20230730-160719-9857 03066 * ResendPrepare   (replica.cc:306):   [0] Resending prepare
20230730-160720-0087 03066 * HandleRequestStateTransfer (replica.cc:727):   [0] Sending state transfer from <0,32821> to <0,32836>
20230730-160720-0089 03066 * SendMessageInternal (udptransport.cc:442): Sending large replication.vr.proto.StateTransferMessage message in 2 fragments
20230730-160720-0090 03066 * HandleRequestStateTransfer (replica.cc:727):   [0] Sending state transfer from <0,32827> to <0,32836>
20230730-160720-0091 03066 * SendMessageInternal (udptransport.cc:442): Sending large replication.vr.proto.StateTransferMessage message in 2 fragments
20230730-160721-1437 03066 * HandleRequestStateTransfer (replica.cc:727):   [0] Sending state transfer from <0,41859> to <0,41914>
20230730-160721-1441 03066 * SendMessageInternal (udptransport.cc:442): Sending large replication.vr.proto.StateTransferMessage message in 4 fragments
20230730-160721-1451 03066 * HandleRequestStateTransfer (replica.cc:727):   [0] Sending state transfer from <0,41903> to <0,41924>
20230730-160721-1452 03066 * SendMessageInternal (udptransport.cc:442): Sending large replication.vr.proto.StateTransferMessage message in 2 fragments
20230730-160721-1454 03066 * HandleRequestStateTransfer (replica.cc:727):   [0] Sending state transfer from <0,41907> to <0,41924>
20230730-160721-1454 03066 * SendMessageInternal (udptransport.cc:442): Sending large replication.vr.proto.StateTransferMessage message in 2 fragments
20230730-160721-1456 03066 * HandleRequestStateTransfer (replica.cc:727):   [0] Sending state transfer from <0,41908> to <0,41926>
20230730-160721-1457 03066 * SendMessageInternal (udptransport.cc:442): Sending large replication.vr.proto.StateTransferMessage message in 2 fragments
20230730-160721-1459 03066 * HandleRequestStateTransfer (replica.cc:727):   [0] Sending state transfer from <0,41911> to <0,41926>
20230730-160721-1460 03066 * SendMessageInternal (udptransport.cc:442): Sending large replication.vr.proto.StateTransferMessage message in 2 fragments
20230730-160721-7586 03066 * HandleRequestStateTransfer (replica.cc:727):   [0] Sending state transfer from <0,46979> to <0,46993>
20230730-160721-7586 03066 * SendMessageInternal (udptransport.cc:442): Sending large replication.vr.proto.StateTransferMessage message in 2 fragments
20230730-160721-7589 03066 * HandleRequestStateTransfer (replica.cc:727):   [0] Sending state transfer from <0,46980> to <0,46995>
20230730-160721-7589 03066 * SendMessageInternal (udptransport.cc:442): Sending large replication.vr.proto.StateTransferMessage message in 2 fragments
20230730-160721-8311 03066 * HandleRequestStateTransfer (replica.cc:727):   [0] Sending state transfer from <0,47562> to <0,47576>
20230730-160721-8311 03066 * SendMessageInternal (udptransport.cc:442): Sending large replication.vr.proto.StateTransferMessage message in 2 fragments
20230730-160722-9228 03066 * HandleRequestStateTransfer (replica.cc:727):   [0] Sending state transfer from <0,55051> to <0,55097>
20230730-160722-9229 03066 * SendMessageInternal (udptransport.cc:442): Sending large replication.vr.proto.StateTransferMessage message in 3 fragments
20230730-160722-9242 03066 * HandleRequestStateTransfer (replica.cc:727):   [0] Sending state transfer from <0,55093> to <0,55101>
20230730-160722-9244 03066 * HandleRequestStateTransfer (replica.cc:727):   [0] Sending state transfer from <0,55097> to <0,55103>
20230730-160723-1382 03066 * HandleRequestStateTransfer (replica.cc:727):   [0] Sending state transfer from <0,56407> to <0,56414>
20230730-160723-4147 03066 * HandleRequestStateTransfer (replica.cc:727):   [0] Sending state transfer from <0,58499> to <0,58518>
20230730-160723-4148 03066 * SendMessageInternal (udptransport.cc:442): Sending large replication.vr.proto.StateTransferMessage message in 2 fragments
20230730-160723-4151 03066 * HandleRequestStateTransfer (replica.cc:727):   [0] Sending state transfer from <0,58500> to <0,58521>
20230730-160723-4152 03066 * SendMessageInternal (udptransport.cc:442): Sending large replication.vr.proto.StateTransferMessage message in 2 fragments
20230730-160723-4153 03066 * HandleRequestStateTransfer (replica.cc:727):   [0] Sending state transfer from <0,58501> to <0,58521>
20230730-160723-4154 03066 * SendMessageInternal (udptransport.cc:442): Sending large replication.vr.proto.StateTransferMessage message in 2 fragments
20230730-160723-4159 03066 * HandleRequestStateTransfer (replica.cc:727):   [0] Sending state transfer from <0,58503> to <0,58527>
20230730-160723-4159 03066 * SendMessageInternal (udptransport.cc:442): Sending large replication.vr.proto.StateTransferMessage message in 2 fragments
20230730-160724-2447 03066 * HandleRequestStateTransfer (replica.cc:727):   [0] Sending state transfer from <0,65075> to <0,65081>
20230730-160724-2448 03066 * HandleRequestStateTransfer (replica.cc:727):   [0] Sending state transfer from <0,65075> to <0,65081>
20230730-160724-2449 03066 * HandleRequestStateTransfer (replica.cc:727):   [0] Sending state transfer from <0,65076> to <0,65082>
20230730-160724-2449 03066 * HandleRequestStateTransfer (replica.cc:727):   [0] Sending state transfer from <0,65076> to <0,65082>
20230730-160724-2451 03066 * HandleRequestStateTransfer (replica.cc:727):   [0] Sending state transfer from <0,65078> to <0,65082>
20230730-160724-2452 03066 * HandleRequestStateTransfer (replica.cc:727):   [0] Sending state transfer from <0,65079> to <0,65082>
20230730-160724-2453 03066 * HandleRequestStateTransfer (replica.cc:727):   [0] Sending state transfer from <0,65078> to <0,65082>
20230730-160724-2454 03066 * HandleRequestStateTransfer (replica.cc:727):   [0] Sending state transfer from <0,65080> to <0,65082>
20230730-160724-2455 03066 * HandleRequestStateTransfer (replica.cc:727):   [0] Sending state transfer from <0,65079> to <0,65082>
20230730-160724-2461 03066 * HandleRequestStateTransfer (replica.cc:727):   [0] Sending state transfer from <0,65080> to <0,65089>
20230730-160724-3546 03066 * ResendPrepare   (replica.cc:306):   [0] Resending prepare
20230730-160724-3947 03066 * HandleRequestStateTransfer (replica.cc:727):   [0] Sending state transfer from <0,65556> to <0,65574>
20230730-160724-3951 03066 * SendMessageInternal (udptransport.cc:442): Sending large replication.vr.proto.StateTransferMessage message in 2 fragments
20230730-160724-3953 03066 * HandleRequestStateTransfer (replica.cc:727):   [0] Sending state transfer from <0,65560> to <0,65574>
20230730-160724-3953 03066 * SendMessageInternal (udptransport.cc:442): Sending large replication.vr.proto.StateTransferMessage message in 2 fragments
20230730-160724-3957 03066 * HandleRequestStateTransfer (replica.cc:727):   [0] Sending state transfer from <0,65563> to <0,65574>
20230730-160724-3958 03066 * SendMessageInternal (udptransport.cc:442): Sending large replication.vr.proto.StateTransferMessage message in 2 fragments
20230730-160724-3959 03066 * HandleRequestStateTransfer (replica.cc:727):   [0] Sending state transfer from <0,65568> to <0,65574>
20230730-160724-3959 03066 * SendMessageInternal (udptransport.cc:442): Sending large replication.vr.proto.StateTransferMessage message in 2 fragments
20230730-160724-3961 03066 * HandleRequestStateTransfer (replica.cc:727):   [0] Sending state transfer from <0,65570> to <0,65574>
20230730-160724-3961 03066 * SendMessageInternal (udptransport.cc:442): Sending large replication.vr.proto.StateTransferMessage message in 2 fragments
20230730-160724-3963 03066 * HandleRequestStateTransfer (replica.cc:727):   [0] Sending state transfer from <0,65572> to <0,65574>
20230730-160724-3964 03066 * SendMessageInternal (udptransport.cc:442): Sending large replication.vr.proto.StateTransferMessage message in 2 fragments
20230730-160724-3964 03066 * HandleRequestStateTransfer (replica.cc:727):   [0] Sending state transfer from <0,65574> to <0,65574>
20230730-160724-3965 03066 * SendMessageInternal (udptransport.cc:442): Sending large replication.vr.proto.StateTransferMessage message in 2 fragments
20230730-160724-3990 03066 * HandleRequestStateTransfer (replica.cc:727):   [0] Sending state transfer from <0,65536> to <0,65599>
20230730-160724-3991 03066 * SendMessageInternal (udptransport.cc:442): Sending large replication.vr.proto.StateTransferMessage message in 3 fragments
20230730-160724-9997 03066 ! releaseForRead  (lockserver.cc:293): [-9009746685831881551] Releasing unheld read lock: w6TM7K3HtSQ2sLflIXW4DbSH9wam80wBxGvwqP3bF91grrYlZ654gXTcPXc4GQ6m
20230730-160725-0624 03066 * HandleRequestStateTransfer (replica.cc:727):   [0] Sending state transfer from <0,70061> to <0,70071>
20230730-160725-1440 03066 * HandleRequestStateTransfer (replica.cc:727):   [0] Sending state transfer from <0,70662> to <0,70723>
20230730-160725-1440 03066 * SendMessageInternal (udptransport.cc:442): Sending large replication.vr.proto.StateTransferMessage message in 4 fragments
20230730-160725-1442 03066 * HandleRequestStateTransfer (replica.cc:727):   [0] Sending state transfer from <0,70663> to <0,70724>
20230730-160725-1442 03066 * SendMessageInternal (udptransport.cc:442): Sending large replication.vr.proto.StateTransferMessage message in 4 fragments
20230730-160725-1444 03066 * HandleRequestStateTransfer (replica.cc:727):   [0] Sending state transfer from <0,70667> to <0,70724>
20230730-160725-1444 03066 * SendMessageInternal (udptransport.cc:442): Sending large replication.vr.proto.StateTransferMessage message in 3 fragments
20230730-160725-1446 03066 * HandleRequestStateTransfer (replica.cc:727):   [0] Sending state transfer from <0,70669> to <0,70724>
20230730-160725-1446 03066 * SendMessageInternal (udptransport.cc:442): Sending large replication.vr.proto.StateTransferMessage message in 3 fragments
20230730-160725-1448 03066 * HandleRequestStateTransfer (replica.cc:727):   [0] Sending state transfer from <0,70671> to <0,70726>
20230730-160725-1449 03066 * SendMessageInternal (udptransport.cc:442): Sending large replication.vr.proto.StateTransferMessage message in 3 fragments
20230730-160725-1450 03066 * HandleRequestStateTransfer (replica.cc:727):   [0] Sending state transfer from <0,70672> to <0,70726>
20230730-160725-1451 03066 * SendMessageInternal (udptransport.cc:442): Sending large replication.vr.proto.StateTransferMessage message in 3 fragments
20230730-160725-1464 03066 * HandleRequestStateTransfer (replica.cc:727):   [0] Sending state transfer from <0,70713> to <0,70737>
20230730-160725-1465 03066 * SendMessageInternal (udptransport.cc:442): Sending large replication.vr.proto.StateTransferMessage message in 2 fragments
20230730-160725-1466 03066 * HandleRequestStateTransfer (replica.cc:727):   [0] Sending state transfer from <0,70716> to <0,70737>
20230730-160725-1466 03066 * SendMessageInternal (udptransport.cc:442): Sending large replication.vr.proto.StateTransferMessage message in 2 fragments
20230730-160725-1469 03066 * HandleRequestStateTransfer (replica.cc:727):   [0] Sending state transfer from <0,70718> to <0,70739>
20230730-160725-1469 03066 * SendMessageInternal (udptransport.cc:442): Sending large replication.vr.proto.StateTransferMessage message in 2 fragments
20230730-160725-1473 03066 * HandleRequestStateTransfer (replica.cc:727):   [0] Sending state transfer from <0,70719> to <0,70740>
20230730-160725-1473 03066 * SendMessageInternal (udptransport.cc:442): Sending large replication.vr.proto.StateTransferMessage message in 2 fragments
20230730-160725-1477 03066 * HandleRequestStateTransfer (replica.cc:727):   [0] Sending state transfer from <0,70720> to <0,70743>
20230730-160725-1477 03066 * SendMessageInternal (udptransport.cc:442): Sending large replication.vr.proto.StateTransferMessage message in 2 fragments
20230730-160728-7247 03066 ! releaseForWrite (lockserver.cc:353): [2991235371628860052] Releasing unheld write lock: 5kEaseH1PupGkwrnsD0ExoTZYooupG2a4lI6Zes3iEfBazgrFJNqBpJknmwYI4U2
20230730-160728-7390 03066 ! releaseForWrite (lockserver.cc:353): [5671080709775800038] Releasing unheld write lock: 5kEaseH1PupGkwrnsD0ExoTZYooupG2a4lI6Zes3iEfBazgrFJNqBpJknmwYI4U2
20230730-160729-1447 03066 ! releaseForWrite (lockserver.cc:353): [7230353732069630055] Releasing unheld write lock: 5kEaseH1PupGkwrnsD0ExoTZYooupG2a4lI6Zes3iEfBazgrFJNqBpJknmwYI4U2
20230730-160729-1696 03066 ! releaseForWrite (lockserver.cc:353): [-6998688089349591550] Releasing unheld write lock: qs6iOORwsV7JvsM4CkEXfI2LGQUqvqD4I73XX1XZpLZLy8g37XNhA9JV5aOmHWBq
20230730-160729-7130 03066 ! releaseForRead  (lockserver.cc:293): [2668859210166980049] Releasing unheld read lock: 5kEaseH1PupGkwrnsD0ExoTZYooupG2a4lI6Zes3iEfBazgrFJNqBpJknmwYI4U2
20230730-160729-7659 03066 ! releaseForRead  (lockserver.cc:293): [3820154902825010060] Releasing unheld read lock: 5kEaseH1PupGkwrnsD0ExoTZYooupG2a4lI6Zes3iEfBazgrFJNqBpJknmwYI4U2
20230730-160729-8710 03066 ! releaseForRead  (lockserver.cc:293): [-4348867358753511507] Releasing unheld read lock: qs6iOORwsV7JvsM4CkEXfI2LGQUqvqD4I73XX1XZpLZLy8g37XNhA9JV5aOmHWBq
20230730-160729-9010 03066 ! releaseForWrite (lockserver.cc:353): [4060111593358690049] Releasing unheld write lock: fi4U6dMfBo6XFDlGnRGitM9xrNkXeDNvcvsMe7KbWrrJbU8jiuj4oc0bSfsiVKnd
20230730-160730-0858 03066 ! releaseForWrite (lockserver.cc:353): [-4419525780292871553] Releasing unheld write lock: fi4U6dMfBo6XFDlGnRGitM9xrNkXeDNvcvsMe7KbWrrJbU8jiuj4oc0bSfsiVKnd
20230730-160730-1425 03066 ! releaseForWrite (lockserver.cc:353): [4491691772652220051] Releasing unheld write lock: 5kEaseH1PupGkwrnsD0ExoTZYooupG2a4lI6Zes3iEfBazgrFJNqBpJknmwYI4U2
20230730-160730-1670 03066 ! releaseForRead  (lockserver.cc:293): [8812134351457650020] Releasing unheld read lock: mMMEIw4b2zcqf4mcFsj0A8keodSv2hSMRRmqxeCsRr6WuLLF3U9b7c9hG0Lz9UUn
20230730-160730-1683 03066 ! releaseForWrite (lockserver.cc:353): [5982480696045640022] Releasing unheld write lock: 5kEaseH1PupGkwrnsD0ExoTZYooupG2a4lI6Zes3iEfBazgrFJNqBpJknmwYI4U2
20230730-160730-5722 03066 * HandleRequestStateTransfer (replica.cc:727):   [0] Sending state transfer from <0,112120> to <0,112134>
20230730-160730-5722 03066 * SendMessageInternal (udptransport.cc:442): Sending large replication.vr.proto.StateTransferMessage message in 2 fragments
20230730-160730-5734 03066 * HandleRequestStateTransfer (replica.cc:727):   [0] Sending state transfer from <0,112126> to <0,112145>
20230730-160730-5735 03066 * SendMessageInternal (udptransport.cc:442): Sending large replication.vr.proto.StateTransferMessage message in 2 fragments
20230730-160730-5737 03066 * HandleRequestStateTransfer (replica.cc:727):   [0] Sending state transfer from <0,112129> to <0,112145>
20230730-160730-5737 03066 * SendMessageInternal (udptransport.cc:442): Sending large replication.vr.proto.StateTransferMessage message in 2 fragments
20230730-160730-5740 03066 * HandleRequestStateTransfer (replica.cc:727):   [0] Sending state transfer from <0,112130> to <0,112147>
20230730-160730-5740 03066 * SendMessageInternal (udptransport.cc:442): Sending large replication.vr.proto.StateTransferMessage message in 2 fragments
20230730-160730-8347 03066 * HandleRequestStateTransfer (replica.cc:727):   [0] Sending state transfer from <0,114144> to <0,114162>
20230730-160730-8350 03066 * SendMessageInternal (udptransport.cc:442): Sending large replication.vr.proto.StateTransferMessage message in 2 fragments
20230730-160730-8354 03066 * HandleRequestStateTransfer (replica.cc:727):   [0] Sending state transfer from <0,114145> to <0,114166>
20230730-160730-8354 03066 * SendMessageInternal (udptransport.cc:442): Sending large replication.vr.proto.StateTransferMessage message in 2 fragments
20230730-160731-3184 03066 * HandleRequestStateTransfer (replica.cc:727):   [0] Sending state transfer from <0,118108> to <0,118122>
20230730-160732-3422 03066 * HandleRequestStateTransfer (replica.cc:727):   [0] Sending state transfer from <0,126256> to <0,126271>
20230730-160732-3769 03066 * HandleRequestStateTransfer (replica.cc:727):   [0] Sending state transfer from <0,126605> to <0,126612>
20230730-160732-3771 03066 * HandleRequestStateTransfer (replica.cc:727):   [0] Sending state transfer from <0,126605> to <0,126612>
20230730-160732-3772 03066 * HandleRequestStateTransfer (replica.cc:727):   [0] Sending state transfer from <0,126606> to <0,126613>
20230730-160732-3772 03066 * HandleRequestStateTransfer (replica.cc:727):   [0] Sending state transfer from <0,126606> to <0,126613>
20230730-160732-3774 03066 * HandleRequestStateTransfer (replica.cc:727):   [0] Sending state transfer from <0,126610> to <0,126613>
20230730-160732-3774 03066 * HandleRequestStateTransfer (replica.cc:727):   [0] Sending state transfer from <0,126610> to <0,126613>
20230730-160732-3776 03066 * HandleRequestStateTransfer (replica.cc:727):   [0] Sending state transfer from <0,126611> to <0,126613>
20230730-160732-3777 03066 * HandleRequestStateTransfer (replica.cc:727):   [0] Sending state transfer from <0,126611> to <0,126613>
20230730-160732-7108 03066 * HandleRequestStateTransfer (replica.cc:727):   [0] Sending state transfer from <0,129217> to <0,129226>
20230730-160732-7113 03066 * HandleRequestStateTransfer (replica.cc:727):   [0] Sending state transfer from <0,129219> to <0,129231>
20230730-160732-7115 03066 * HandleRequestStateTransfer (replica.cc:727):   [0] Sending state transfer from <0,129220> to <0,129232>
20230730-160732-7117 03066 * HandleRequestStateTransfer (replica.cc:727):   [0] Sending state transfer from <0,129221> to <0,129234>
20230730-160732-7119 03066 * HandleRequestStateTransfer (replica.cc:727):   [0] Sending state transfer from <0,129222> to <0,129235>
20230730-160732-7121 03066 * HandleRequestStateTransfer (replica.cc:727):   [0] Sending state transfer from <0,129223> to <0,129236>
20230730-160732-7123 03066 * HandleRequestStateTransfer (replica.cc:727):   [0] Sending state transfer from <0,129224> to <0,129236>
20230730-160732-7186 03066 * HandleRequestStateTransfer (replica.cc:727):   [0] Sending state transfer from <0,129282> to <0,129295>
20230730-160732-7379 03066 * HandleRequestStateTransfer (replica.cc:727):   [0] Sending state transfer from <0,129444> to <0,129448>
20230730-160732-7382 03066 * HandleRequestStateTransfer (replica.cc:727):   [0] Sending state transfer from <0,129445> to <0,129450>
20230730-160732-7386 03066 * HandleRequestStateTransfer (replica.cc:727):   [0] Sending state transfer from <0,129446> to <0,129453>
20230730-160732-7391 03066 * HandleRequestStateTransfer (replica.cc:727):   [0] Sending state transfer from <0,129447> to <0,129459>
20230730-160732-7405 03066 * HandleRequestStateTransfer (replica.cc:727):   [0] Sending state transfer from <0,129462> to <0,129465>
20230730-160732-7417 03066 * HandleRequestStateTransfer (replica.cc:727):   [0] Sending state transfer from <0,129463> to <0,129474>
20230730-160732-7420 03066 * HandleRequestStateTransfer (replica.cc:727):   [0] Sending state transfer from <0,129465> to <0,129475>
20230730-160733-1020 03066 * HandleRequestStateTransfer (replica.cc:727):   [0] Sending state transfer from <0,131088> to <0,131111>
20230730-160733-1126 03066 * SendMessageInternal (udptransport.cc:442): Sending large replication.vr.proto.StateTransferMessage message in 2 fragments
20230730-160733-1127 03066 * HandleRequestStateTransfer (replica.cc:727):   [0] Sending state transfer from <0,131103> to <0,131111>
20230730-160733-1132 03066 * SendMessageInternal (udptransport.cc:442): Sending large replication.vr.proto.StateTransferMessage message in 2 fragments
20230730-160733-1133 03066 * HandleRequestStateTransfer (replica.cc:727):   [0] Sending state transfer from <0,131110> to <0,131111>
20230730-160733-1134 03066 * HandleRequestStateTransfer (replica.cc:727):   [0] Sending state transfer from <0,131111> to <0,131111>
20230730-160733-1137 03066 * HandleRequestStateTransfer (replica.cc:727):   [0] Sending state transfer from <0,131072> to <0,131111>
20230730-160733-1138 03066 * SendMessageInternal (udptransport.cc:442): Sending large replication.vr.proto.StateTransferMessage message in 2 fragments
20230730-160733-3171 03066 * HandleRequestStateTransfer (replica.cc:727):   [0] Sending state transfer from <0,132591> to <0,132607>
20230730-160733-3171 03066 * SendMessageInternal (udptransport.cc:442): Sending large replication.vr.proto.StateTransferMessage message in 2 fragments
20230730-160733-3173 03066 * HandleRequestStateTransfer (replica.cc:727):   [0] Sending state transfer from <0,132593> to <0,132607>
20230730-160733-3174 03066 * SendMessageInternal (udptransport.cc:442): Sending large replication.vr.proto.StateTransferMessage message in 2 fragments
20230730-160733-3175 03066 * HandleRequestStateTransfer (replica.cc:727):   [0] Sending state transfer from <0,132595> to <0,132608>
20230730-160733-3176 03066 * SendMessageInternal (udptransport.cc:442): Sending large replication.vr.proto.StateTransferMessage message in 2 fragments
20230730-160733-3179 03066 * HandleRequestStateTransfer (replica.cc:727):   [0] Sending state transfer from <0,132597> to <0,132609>
20230730-160733-3181 03066 * SendMessageInternal (udptransport.cc:442): Sending large replication.vr.proto.StateTransferMessage message in 2 fragments
20230730-160733-8525 03066 * HandleRequestStateTransfer (replica.cc:727):   [0] Sending state transfer from <0,136648> to <0,136674>
20230730-160733-8526 03066 * SendMessageInternal (udptransport.cc:442): Sending large replication.vr.proto.StateTransferMessage message in 2 fragments
20230730-160733-8528 03066 * HandleRequestStateTransfer (replica.cc:727):   [0] Sending state transfer from <0,136649> to <0,136675>
20230730-160733-8528 03066 * SendMessageInternal (udptransport.cc:442): Sending large replication.vr.proto.StateTransferMessage message in 2 fragments
20230730-160733-8529 03066 * HandleRequestStateTransfer (replica.cc:727):   [0] Sending state transfer from <0,136651> to <0,136675>
20230730-160733-8530 03066 * SendMessageInternal (udptransport.cc:442): Sending large replication.vr.proto.StateTransferMessage message in 2 fragments
20230730-160733-8531 03066 * HandleRequestStateTransfer (replica.cc:727):   [0] Sending state transfer from <0,136652> to <0,136675>
20230730-160733-8531 03066 * SendMessageInternal (udptransport.cc:442): Sending large replication.vr.proto.StateTransferMessage message in 2 fragments
20230730-160733-8532 03066 * HandleRequestStateTransfer (replica.cc:727):   [0] Sending state transfer from <0,136653> to <0,136675>
20230730-160733-8532 03066 * SendMessageInternal (udptransport.cc:442): Sending large replication.vr.proto.StateTransferMessage message in 2 fragments
20230730-160733-8541 03066 * HandleRequestStateTransfer (replica.cc:727):   [0] Sending state transfer from <0,136669> to <0,136680>
20230730-160733-8543 03066 * HandleRequestStateTransfer (replica.cc:727):   [0] Sending state transfer from <0,136672> to <0,136680>
20230730-160733-8548 03066 * HandleRequestStateTransfer (replica.cc:727):   [0] Sending state transfer from <0,136675> to <0,136685>
20230730-160734-6779 03066 * HandleRequestStateTransfer (replica.cc:727):   [0] Sending state transfer from <0,143292> to <0,143303>
20230730-160734-6784 03066 * HandleRequestStateTransfer (replica.cc:727):   [0] Sending state transfer from <0,143293> to <0,143304>
20230730-160735-1248 03066 * HandleRequestStateTransfer (replica.cc:727):   [0] Sending state transfer from <0,146570> to <0,146585>
20230730-160735-1261 03066 * HandleRequestStateTransfer (replica.cc:727):   [0] Sending state transfer from <0,146573> to <0,146587>
20230730-160735-1389 03066 * HandleRequestStateTransfer (replica.cc:727):   [0] Sending state transfer from <0,146671> to <0,146683>
20230730-160735-1390 03066 * SendMessageInternal (udptransport.cc:442): Sending large replication.vr.proto.StateTransferMessage message in 2 fragments
20230730-160735-1390 03066 * HandleRequestStateTransfer (replica.cc:727):   [0] Sending state transfer from <0,146671> to <0,146683>
20230730-160735-1391 03066 * SendMessageInternal (udptransport.cc:442): Sending large replication.vr.proto.StateTransferMessage message in 2 fragments
20230730-160735-1393 03066 * HandleRequestStateTransfer (replica.cc:727):   [0] Sending state transfer from <0,146674> to <0,146684>
20230730-160735-1394 03066 * HandleRequestStateTransfer (replica.cc:727):   [0] Sending state transfer from <0,146674> to <0,146684>
20230730-160735-1396 03066 * HandleRequestStateTransfer (replica.cc:727):   [0] Sending state transfer from <0,146676> to <0,146684>
20230730-160735-1398 03066 * HandleRequestStateTransfer (replica.cc:727):   [0] Sending state transfer from <0,146676> to <0,146684>
20230730-160735-1398 03066 * SendMessageInternal (udptransport.cc:442): Sending large replication.vr.proto.StateTransferMessage message in 2 fragments
20230730-160735-1399 03066 * HandleRequestStateTransfer (replica.cc:727):   [0] Sending state transfer from <0,146678> to <0,146684>
20230730-160735-1400 03066 * SendMessageInternal (udptransport.cc:442): Sending large replication.vr.proto.StateTransferMessage message in 2 fragments
20230730-160735-1401 03066 * HandleRequestStateTransfer (replica.cc:727):   [0] Sending state transfer from <0,146679> to <0,146684>
20230730-160735-1402 03066 * SendMessageInternal (udptransport.cc:442): Sending large replication.vr.proto.StateTransferMessage message in 2 fragments
20230730-160735-1402 03066 * HandleRequestStateTransfer (replica.cc:727):   [0] Sending state transfer from <0,146678> to <0,146684>
20230730-160735-1402 03066 * SendMessageInternal (udptransport.cc:442): Sending large replication.vr.proto.StateTransferMessage message in 2 fragments
20230730-160735-1403 03066 * HandleRequestStateTransfer (replica.cc:727):   [0] Sending state transfer from <0,146679> to <0,146684>
20230730-160735-1404 03066 * SendMessageInternal (udptransport.cc:442): Sending large replication.vr.proto.StateTransferMessage message in 2 fragments
20230730-160735-1404 03066 * HandleRequestStateTransfer (replica.cc:727):   [0] Sending state transfer from <0,146681> to <0,146684>
20230730-160735-1406 03066 * HandleRequestStateTransfer (replica.cc:727):   [0] Sending state transfer from <0,146681> to <0,146684>
20230730-160735-1406 03066 * HandleRequestStateTransfer (replica.cc:727):   [0] Sending state transfer from <0,146682> to <0,146684>
20230730-160735-1408 03066 * HandleRequestStateTransfer (replica.cc:727):   [0] Sending state transfer from <0,146682> to <0,146684>
20230730-160735-1408 03066 * HandleRequestStateTransfer (replica.cc:727):   [0] Sending state transfer from <0,146683> to <0,146684>
20230730-160735-1409 03066 * HandleRequestStateTransfer (replica.cc:727):   [0] Sending state transfer from <0,146683> to <0,146684>
20230730-160735-3883 03066 * HandleRequestStateTransfer (replica.cc:727):   [0] Sending state transfer from <0,148516> to <0,148522>
20230730-160735-3891 03066 * HandleRequestStateTransfer (replica.cc:727):   [0] Sending state transfer from <0,148516> to <0,148522>
20230730-160735-3894 03066 * HandleRequestStateTransfer (replica.cc:727):   [0] Sending state transfer from <0,148519> to <0,148523>
20230730-160735-3895 03066 * HandleRequestStateTransfer (replica.cc:727):   [0] Sending state transfer from <0,148519> to <0,148523>
20230730-160735-3897 03066 * HandleRequestStateTransfer (replica.cc:727):   [0] Sending state transfer from <0,148522> to <0,148523>
20230730-160735-3898 03066 * HandleRequestStateTransfer (replica.cc:727):   [0] Sending state transfer from <0,148522> to <0,148523>
20230730-160736-5956 03066 * HandleRequestStateTransfer (replica.cc:727):   [0] Sending state transfer from <0,156979> to <0,156987>
20230730-160736-5967 03066 * SendMessageInternal (udptransport.cc:442): Sending large replication.vr.proto.StateTransferMessage message in 2 fragments
20230730-160736-5968 03066 * HandleRequestStateTransfer (replica.cc:727):   [0] Sending state transfer from <0,156980> to <0,156988>
20230730-160736-5968 03066 * SendMessageInternal (udptransport.cc:442): Sending large replication.vr.proto.StateTransferMessage message in 2 fragments
20230730-160736-5980 03066 * HandleRequestStateTransfer (replica.cc:727):   [0] Sending state transfer from <0,156981> to <0,157004>
20230730-160736-5981 03066 * SendMessageInternal (udptransport.cc:442): Sending large replication.vr.proto.StateTransferMessage message in 2 fragments
20230730-160736-5986 03066 * HandleRequestStateTransfer (replica.cc:727):   [0] Sending state transfer from <0,156982> to <0,157009>
20230730-160736-5987 03066 * SendMessageInternal (udptransport.cc:442): Sending large replication.vr.proto.StateTransferMessage message in 2 fragments
20230730-160736-5988 03066 * HandleRequestStateTransfer (replica.cc:727):   [0] Sending state transfer from <0,156984> to <0,157009>
20230730-160736-5988 03066 * SendMessageInternal (udptransport.cc:442): Sending large replication.vr.proto.StateTransferMessage message in 2 fragments
20230730-160737-2131 03066 * ResendPrepare   (replica.cc:306):   [0] Resending prepare
20230730-160737-2395 03066 * HandleRequestStateTransfer (replica.cc:727):   [0] Sending state transfer from <0,161875> to <0,161882>
20230730-160737-2406 03066 * HandleRequestStateTransfer (replica.cc:727):   [0] Sending state transfer from <0,161875> to <0,161883>
20230730-160737-2409 03066 * HandleRequestStateTransfer (replica.cc:727):   [0] Sending state transfer from <0,161876> to <0,161883>
20230730-160737-2410 03066 * HandleRequestStateTransfer (replica.cc:727):   [0] Sending state transfer from <0,161876> to <0,161883>
20230730-160737-2412 03066 * HandleRequestStateTransfer (replica.cc:727):   [0] Sending state transfer from <0,161877> to <0,161883>
20230730-160737-2413 03066 * HandleRequestStateTransfer (replica.cc:727):   [0] Sending state transfer from <0,161877> to <0,161883>
20230730-160737-2414 03066 * HandleRequestStateTransfer (replica.cc:727):   [0] Sending state transfer from <0,161878> to <0,161883>
20230730-160737-2415 03066 * HandleRequestStateTransfer (replica.cc:727):   [0] Sending state transfer from <0,161878> to <0,161883>
20230730-160737-2416 03066 * HandleRequestStateTransfer (replica.cc:727):   [0] Sending state transfer from <0,161880> to <0,161883>
20230730-160737-2416 03066 * HandleRequestStateTransfer (replica.cc:727):   [0] Sending state transfer from <0,161880> to <0,161883>
20230730-160737-2418 03066 * HandleRequestStateTransfer (replica.cc:727):   [0] Sending state transfer from <0,161882> to <0,161883>
20230730-160737-2418 03066 * HandleRequestStateTransfer (replica.cc:727):   [0] Sending state transfer from <0,161882> to <0,161883>
20230730-160738-3205 03066 * HandleRequestStateTransfer (replica.cc:727):   [0] Sending state transfer from <0,169888> to <0,169892>
20230730-160738-3206 03066 * HandleRequestStateTransfer (replica.cc:727):   [0] Sending state transfer from <0,169888> to <0,169892>
20230730-160738-3210 03066 * HandleRequestStateTransfer (replica.cc:727):   [0] Sending state transfer from <0,169889> to <0,169893>
20230730-160738-3211 03066 * HandleRequestStateTransfer (replica.cc:727):   [0] Sending state transfer from <0,169889> to <0,169893>
20230730-160738-3213 03066 * HandleRequestStateTransfer (replica.cc:727):   [0] Sending state transfer from <0,169890> to <0,169893>
20230730-160738-3214 03066 * HandleRequestStateTransfer (replica.cc:727):   [0] Sending state transfer from <0,169890> to <0,169893>
20230730-160738-3215 03066 * HandleRequestStateTransfer (replica.cc:727):   [0] Sending state transfer from <0,169891> to <0,169893>
20230730-160738-3216 03066 * HandleRequestStateTransfer (replica.cc:727):   [0] Sending state transfer from <0,169891> to <0,169893>
20230730-160738-3222 03066 * HandleRequestStateTransfer (replica.cc:727):   [0] Sending state transfer from <0,169892> to <0,169900>
20230730-160739-1378 03066 * HandleRequestStateTransfer (replica.cc:727):   [0] Sending state transfer from <0,176304> to <0,176314>
20230730-160739-1379 03066 * SendMessageInternal (udptransport.cc:442): Sending large replication.vr.proto.StateTransferMessage message in 2 fragments
20230730-160739-1383 03066 * HandleRequestStateTransfer (replica.cc:727):   [0] Sending state transfer from <0,176307> to <0,176315>
20230730-160739-1383 03066 * SendMessageInternal (udptransport.cc:442): Sending large replication.vr.proto.StateTransferMessage message in 2 fragments
20230730-160739-1384 03066 * HandleRequestStateTransfer (replica.cc:727):   [0] Sending state transfer from <0,176308> to <0,176315>
20230730-160739-1385 03066 * SendMessageInternal (udptransport.cc:442): Sending large replication.vr.proto.StateTransferMessage message in 2 fragments
20230730-160739-1386 03066 * HandleRequestStateTransfer (replica.cc:727):   [0] Sending state transfer from <0,176309> to <0,176315>
20230730-160739-1387 03066 * SendMessageInternal (udptransport.cc:442): Sending large replication.vr.proto.StateTransferMessage message in 2 fragments
20230730-160739-1389 03066 * HandleRequestStateTransfer (replica.cc:727):   [0] Sending state transfer from <0,176310> to <0,176315>
20230730-160739-1389 03066 * SendMessageInternal (udptransport.cc:442): Sending large replication.vr.proto.StateTransferMessage message in 2 fragments
20230730-160739-1393 03066 * HandleRequestStateTransfer (replica.cc:727):   [0] Sending state transfer from <0,176313> to <0,176315>
20230730-160739-1393 03066 * SendMessageInternal (udptransport.cc:442): Sending large replication.vr.proto.StateTransferMessage message in 2 fragments
20230730-160740-0063 03066 * HandleRequestStateTransfer (replica.cc:727):   [0] Sending state transfer from <0,183354> to <0,183384>
20230730-160740-0064 03066 * SendMessageInternal (udptransport.cc:442): Sending large replication.vr.proto.StateTransferMessage message in 2 fragments
20230730-160740-0065 03066 * HandleRequestStateTransfer (replica.cc:727):   [0] Sending state transfer from <0,183355> to <0,183384>
20230730-160740-0065 03066 * SendMessageInternal (udptransport.cc:442): Sending large replication.vr.proto.StateTransferMessage message in 2 fragments
20230730-160740-0066 03066 * HandleRequestStateTransfer (replica.cc:727):   [0] Sending state transfer from <0,183356> to <0,183384>
20230730-160740-0066 03066 * SendMessageInternal (udptransport.cc:442): Sending large replication.vr.proto.StateTransferMessage message in 2 fragments
20230730-160740-0066 03066 * HandleRequestStateTransfer (replica.cc:727):   [0] Sending state transfer from <0,183357> to <0,183384>
20230730-160740-0067 03066 * SendMessageInternal (udptransport.cc:442): Sending large replication.vr.proto.StateTransferMessage message in 2 fragments
20230730-160740-0067 03066 * HandleRequestStateTransfer (replica.cc:727):   [0] Sending state transfer from <0,183358> to <0,183384>
20230730-160740-0067 03066 * SendMessageInternal (udptransport.cc:442): Sending large replication.vr.proto.StateTransferMessage message in 2 fragments
20230730-160740-0068 03066 * HandleRequestStateTransfer (replica.cc:727):   [0] Sending state transfer from <0,183359> to <0,183384>
20230730-160740-0069 03066 * HandleRequestStateTransfer (replica.cc:727):   [0] Sending state transfer from <0,183360> to <0,183384>
20230730-160740-0070 03066 * HandleRequestStateTransfer (replica.cc:727):   [0] Sending state transfer from <0,183364> to <0,183384>
20230730-160740-9223 03066 * HandleRequestStateTransfer (replica.cc:727):   [0] Sending state transfer from <0,190320> to <0,190342>
20230730-160740-9223 03066 * SendMessageInternal (udptransport.cc:442): Sending large replication.vr.proto.StateTransferMessage message in 2 fragments
20230730-160740-9226 03066 * HandleRequestStateTransfer (replica.cc:727):   [0] Sending state transfer from <0,190322> to <0,190343>
20230730-160740-9226 03066 * SendMessageInternal (udptransport.cc:442): Sending large replication.vr.proto.StateTransferMessage message in 2 fragments
20230730-160740-9401 03066 * HandleRequestStateTransfer (replica.cc:727):   [0] Sending state transfer from <0,190455> to <0,190472>
20230730-160740-9402 03066 * HandleRequestStateTransfer (replica.cc:727):   [0] Sending state transfer from <0,190456> to <0,190472>
20230730-160743-0617 03066 * HandleRequestStateTransfer (replica.cc:727):   [0] Sending state transfer from <0,206903> to <0,206916>
20230730-160743-0618 03066 * SendMessageInternal (udptransport.cc:442): Sending large replication.vr.proto.StateTransferMessage message in 2 fragments
20230730-160743-2205 03066 * ResendPrepare   (replica.cc:306):   [0] Resending prepare
20230730-160743-2677 03066 * HandleRequestStateTransfer (replica.cc:727):   [0] Sending state transfer from <0,208469> to <0,208506>
20230730-160743-2679 03066 * SendMessageInternal (udptransport.cc:442): Sending large replication.vr.proto.StateTransferMessage message in 2 fragments
20230730-160743-3202 03066 ! releaseForRead  (lockserver.cc:293): [-5206249024684021443] Releasing unheld read lock: 29pjkmbqJ2l20zxTeELIOxOTSyUTPOnkQKYh1HjNc35rvouu8uoMUOS8bN3GMX86
20230730-160744-2564 03066 ! releaseForRead  (lockserver.cc:293): [-9176523317963941518] Releasing unheld read lock: WFVBuZaHZUfaNRMkNJ3mvTM820DRZSiSIz42WIGrQ03OWyg4nJZzfL0uaPxSFaVh
20230730-160744-8755 03066 * HandleRequestStateTransfer (replica.cc:727):   [0] Sending state transfer from <0,219993> to <0,220005>
20230730-160744-8757 03066 * SendMessageInternal (udptransport.cc:442): Sending large replication.vr.proto.StateTransferMessage message in 2 fragments
20230730-160745-0458 03066 ! releaseForWrite (lockserver.cc:353): [3222207614701490055] Releasing unheld write lock: WFVBuZaHZUfaNRMkNJ3mvTM820DRZSiSIz42WIGrQ03OWyg4nJZzfL0uaPxSFaVh
20230730-160745-5736 03066 * HandleRequestStateTransfer (replica.cc:727):   [0] Sending state transfer from <0,225470> to <0,225487>
20230730-160745-5737 03066 * SendMessageInternal (udptransport.cc:442): Sending large replication.vr.proto.StateTransferMessage message in 2 fragments
20230730-160746-2122 03066 * HandleRequestStateTransfer (replica.cc:727):   [0] Sending state transfer from <0,230275> to <0,230307>
20230730-160746-2124 03066 * SendMessageInternal (udptransport.cc:442): Sending large replication.vr.proto.StateTransferMessage message in 3 fragments
20230730-160746-2129 03066 * HandleRequestStateTransfer (replica.cc:727):   [0] Sending state transfer from <0,230299> to <0,230314>
20230730-160746-2130 03066 * SendMessageInternal (udptransport.cc:442): Sending large replication.vr.proto.StateTransferMessage message in 2 fragments
20230730-160747-0210 03066 ! releaseForRead  (lockserver.cc:293): [-1215933947923761512] Releasing unheld read lock: jrtZSOiDIZVM3Ap07ZySlzrz5tGTfx3x2zYeQfC5GocS5hLoD2g0K0CrRtAeu9RZ
20230730-160748-5331 03066 * HandleRequestStateTransfer (replica.cc:727):   [0] Sending state transfer from <0,247808> to <0,247817>
20230730-160748-5332 03066 * SendMessageInternal (udptransport.cc:442): Sending large replication.vr.proto.StateTransferMessage message in 2 fragments
20230730-160748-5335 03066 * HandleRequestStateTransfer (replica.cc:727):   [0] Sending state transfer from <0,247810> to <0,247821>
20230730-160748-5336 03066 * SendMessageInternal (udptransport.cc:442): Sending large replication.vr.proto.StateTransferMessage message in 2 fragments
20230730-160748-8577 03066 * ResendPrepare   (replica.cc:306):   [0] Resending prepare
20230730-160749-1280 03066 ! releaseForRead  (lockserver.cc:293): [-8027185467977361505] Releasing unheld read lock: rFmWvGF7oWpDe1iyARuUAcRHx7yYp3YPgj8IDbIPyNvNfUaKDsnCpm4ZV0F6ViTL
20230730-160749-1524 03066 ! releaseForRead  (lockserver.cc:293): [7073012177676770160] Releasing unheld read lock: rFmWvGF7oWpDe1iyARuUAcRHx7yYp3YPgj8IDbIPyNvNfUaKDsnCpm4ZV0F6ViTL
20230730-160749-5568 03066 * HandleRequestStateTransfer (replica.cc:727):   [0] Sending state transfer from <0,255834> to <0,255850>
20230730-160749-5569 03066 * SendMessageInternal (udptransport.cc:442): Sending large replication.vr.proto.StateTransferMessage message in 2 fragments
20230730-160749-5570 03066 * HandleRequestStateTransfer (replica.cc:727):   [0] Sending state transfer from <0,255834> to <0,255850>
20230730-160749-5570 03066 * SendMessageInternal (udptransport.cc:442): Sending large replication.vr.proto.StateTransferMessage message in 2 fragments
20230730-160749-5573 03066 * HandleRequestStateTransfer (replica.cc:727):   [0] Sending state transfer from <0,255837> to <0,255851>
20230730-160749-5573 03066 * SendMessageInternal (udptransport.cc:442): Sending large replication.vr.proto.StateTransferMessage message in 2 fragments
20230730-160749-5573 03066 * HandleRequestStateTransfer (replica.cc:727):   [0] Sending state transfer from <0,255837> to <0,255851>
20230730-160749-5573 03066 * SendMessageInternal (udptransport.cc:442): Sending large replication.vr.proto.StateTransferMessage message in 2 fragments
20230730-160749-5575 03066 * HandleRequestStateTransfer (replica.cc:727):   [0] Sending state transfer from <0,255839> to <0,255851>
20230730-160749-5575 03066 * SendMessageInternal (udptransport.cc:442): Sending large replication.vr.proto.StateTransferMessage message in 2 fragments
20230730-160749-5576 03066 * HandleRequestStateTransfer (replica.cc:727):   [0] Sending state transfer from <0,255840> to <0,255851>
20230730-160749-5577 03066 * SendMessageInternal (udptransport.cc:442): Sending large replication.vr.proto.StateTransferMessage message in 2 fragments
20230730-160749-5577 03066 * HandleRequestStateTransfer (replica.cc:727):   [0] Sending state transfer from <0,255839> to <0,255851>
20230730-160749-5577 03066 * SendMessageInternal (udptransport.cc:442): Sending large replication.vr.proto.StateTransferMessage message in 2 fragments
20230730-160749-5578 03066 * HandleRequestStateTransfer (replica.cc:727):   [0] Sending state transfer from <0,255840> to <0,255851>
20230730-160749-5578 03066 * SendMessageInternal (udptransport.cc:442): Sending large replication.vr.proto.StateTransferMessage message in 2 fragments
20230730-160749-5579 03066 * HandleRequestStateTransfer (replica.cc:727):   [0] Sending state transfer from <0,255841> to <0,255851>
20230730-160749-5579 03066 * SendMessageInternal (udptransport.cc:442): Sending large replication.vr.proto.StateTransferMessage message in 2 fragments
20230730-160749-5580 03066 * HandleRequestStateTransfer (replica.cc:727):   [0] Sending state transfer from <0,255843> to <0,255851>
20230730-160749-5580 03066 * SendMessageInternal (udptransport.cc:442): Sending large replication.vr.proto.StateTransferMessage message in 2 fragments
20230730-160749-5580 03066 * HandleRequestStateTransfer (replica.cc:727):   [0] Sending state transfer from <0,255841> to <0,255851>
20230730-160749-5581 03066 * SendMessageInternal (udptransport.cc:442): Sending large replication.vr.proto.StateTransferMessage message in 2 fragments
20230730-160749-5581 03066 * HandleRequestStateTransfer (replica.cc:727):   [0] Sending state transfer from <0,255844> to <0,255851>
20230730-160749-5582 03066 * SendMessageInternal (udptransport.cc:442): Sending large replication.vr.proto.StateTransferMessage message in 2 fragments
20230730-160749-5583 03066 * HandleRequestStateTransfer (replica.cc:727):   [0] Sending state transfer from <0,255843> to <0,255851>
20230730-160749-5583 03066 * SendMessageInternal (udptransport.cc:442): Sending large replication.vr.proto.StateTransferMessage message in 2 fragments
20230730-160749-5584 03066 * HandleRequestStateTransfer (replica.cc:727):   [0] Sending state transfer from <0,255844> to <0,255851>
20230730-160749-5585 03066 * SendMessageInternal (udptransport.cc:442): Sending large replication.vr.proto.StateTransferMessage message in 2 fragments
20230730-160749-5586 03066 * HandleRequestStateTransfer (replica.cc:727):   [0] Sending state transfer from <0,255846> to <0,255851>
20230730-160749-5586 03066 * SendMessageInternal (udptransport.cc:442): Sending large replication.vr.proto.StateTransferMessage message in 2 fragments
20230730-160749-5587 03066 * HandleRequestStateTransfer (replica.cc:727):   [0] Sending state transfer from <0,255850> to <0,255851>
20230730-160749-5587 03066 * SendMessageInternal (udptransport.cc:442): Sending large replication.vr.proto.StateTransferMessage message in 2 fragments
20230730-160749-5588 03066 * HandleRequestStateTransfer (replica.cc:727):   [0] Sending state transfer from <0,255846> to <0,255851>
20230730-160749-5588 03066 * SendMessageInternal (udptransport.cc:442): Sending large replication.vr.proto.StateTransferMessage message in 2 fragments
20230730-160749-5594 03066 * HandleRequestStateTransfer (replica.cc:727):   [0] Sending state transfer from <0,255850> to <0,255863>
20230730-160749-5595 03066 * SendMessageInternal (udptransport.cc:442): Sending large replication.vr.proto.StateTransferMessage message in 2 fragments
20230730-160749-6944 03066 * HandleRequestStateTransfer (replica.cc:727):   [0] Sending state transfer from <0,257092> to <0,257114>
20230730-160749-6945 03066 * SendMessageInternal (udptransport.cc:442): Sending large replication.vr.proto.StateTransferMessage message in 2 fragments
20230730-160749-6947 03066 * HandleRequestStateTransfer (replica.cc:727):   [0] Sending state transfer from <0,257093> to <0,257115>
20230730-160749-6947 03066 * SendMessageInternal (udptransport.cc:442): Sending large replication.vr.proto.StateTransferMessage message in 2 fragments
20230730-160749-6949 03066 * HandleRequestStateTransfer (replica.cc:727):   [0] Sending state transfer from <0,257094> to <0,257117>
20230730-160749-6949 03066 * SendMessageInternal (udptransport.cc:442): Sending large replication.vr.proto.StateTransferMessage message in 2 fragments
20230730-160749-6962 03066 * HandleRequestStateTransfer (replica.cc:727):   [0] Sending state transfer from <0,257111> to <0,257121>
20230730-160749-6962 03066 * SendMessageInternal (udptransport.cc:442): Sending large replication.vr.proto.StateTransferMessage message in 2 fragments
20230730-160749-9784 03066 * HandleRequestStateTransfer (replica.cc:727):   [0] Sending state transfer from <0,259225> to <0,259245>
20230730-160749-9785 03066 * SendMessageInternal (udptransport.cc:442): Sending large replication.vr.proto.StateTransferMessage message in 2 fragments
20230730-160749-9791 03066 * HandleRequestStateTransfer (replica.cc:727):   [0] Sending state transfer from <0,259244> to <0,259250>
20230730-160750-7455 03066 * HandleRequestStateTransfer (replica.cc:727):   [0] Sending state transfer from <0,262158> to <0,262175>
20230730-160750-7682 03066 * SendMessageInternal (udptransport.cc:442): Sending large replication.vr.proto.StateTransferMessage message in 2 fragments
20230730-160750-7684 03066 * HandleRequestStateTransfer (replica.cc:727):   [0] Sending state transfer from <0,262159> to <0,262175>
20230730-160750-7703 03066 * SendMessageInternal (udptransport.cc:442): Sending large replication.vr.proto.StateTransferMessage message in 2 fragments
20230730-160750-7704 03066 * HandleRequestStateTransfer (replica.cc:727):   [0] Sending state transfer from <0,262163> to <0,262175>
20230730-160750-7725 03066 * SendMessageInternal (udptransport.cc:442): Sending large replication.vr.proto.StateTransferMessage message in 2 fragments
20230730-160750-7726 03066 * HandleRequestStateTransfer (replica.cc:727):   [0] Sending state transfer from <0,262173> to <0,262175>
20230730-160750-7726 03066 * HandleRequestStateTransfer (replica.cc:727):   [0] Sending state transfer from <0,262174> to <0,262175>
20230730-160750-7727 03066 * HandleRequestStateTransfer (replica.cc:727):   [0] Sending state transfer from <0,262166> to <0,262175>
20230730-160750-7727 03066 * SendMessageInternal (udptransport.cc:442): Sending large replication.vr.proto.StateTransferMessage message in 2 fragments
20230730-160750-7728 03066 * HandleRequestStateTransfer (replica.cc:727):   [0] Sending state transfer from <0,262175> to <0,262175>
20230730-160750-7729 03066 * HandleRequestStateTransfer (replica.cc:727):   [0] Sending state transfer from <0,262171> to <0,262175>
20230730-160750-7729 03066 * HandleRequestStateTransfer (replica.cc:727):   [0] Sending state transfer from <0,262173> to <0,262175>
20230730-160750-7730 03066 * HandleRequestStateTransfer (replica.cc:727):   [0] Sending state transfer from <0,262174> to <0,262175>
20230730-160750-7730 03066 * HandleRequestStateTransfer (replica.cc:727):   [0] Sending state transfer from <0,262175> to <0,262175>
20230730-160750-7866 03066 * HandleRequestStateTransfer (replica.cc:727):   [0] Sending state transfer from <0,262252> to <0,262288>
20230730-160750-7867 03066 * SendMessageInternal (udptransport.cc:442): Sending large replication.vr.proto.StateTransferMessage message in 2 fragments
20230730-160750-7873 03066 * HandleRequestStateTransfer (replica.cc:727):   [0] Sending state transfer from <0,262276> to <0,262294>
20230730-160750-7873 03066 * HandleRequestStateTransfer (replica.cc:727):   [0] Sending state transfer from <0,262279> to <0,262294>
20230730-160750-7875 03066 * HandleRequestStateTransfer (replica.cc:727):   [0] Sending state transfer from <0,262280> to <0,262295>
20230730-160750-7876 03066 * HandleRequestStateTransfer (replica.cc:727):   [0] Sending state transfer from <0,262281> to <0,262295>
20230730-160750-8273 03066 * HandleRequestStateTransfer (replica.cc:727):   [0] Sending state transfer from <0,262632> to <0,262646>
20230730-160750-8274 03066 * HandleRequestStateTransfer (replica.cc:727):   [0] Sending state transfer from <0,262632> to <0,262646>
20230730-160750-8277 03066 * HandleRequestStateTransfer (replica.cc:727):   [0] Sending state transfer from <0,262633> to <0,262647>
20230730-160750-8278 03066 * HandleRequestStateTransfer (replica.cc:727):   [0] Sending state transfer from <0,262633> to <0,262647>
20230730-160750-8279 03066 * HandleRequestStateTransfer (replica.cc:727):   [0] Sending state transfer from <0,262634> to <0,262647>
20230730-160750-8280 03066 * HandleRequestStateTransfer (replica.cc:727):   [0] Sending state transfer from <0,262634> to <0,262647>
20230730-160750-8281 03066 * HandleRequestStateTransfer (replica.cc:727):   [0] Sending state transfer from <0,262635> to <0,262647>
20230730-160750-8282 03066 * HandleRequestStateTransfer (replica.cc:727):   [0] Sending state transfer from <0,262635> to <0,262647>
20230730-160750-8285 03066 * HandleRequestStateTransfer (replica.cc:727):   [0] Sending state transfer from <0,262638> to <0,262647>
20230730-160750-8286 03066 * HandleRequestStateTransfer (replica.cc:727):   [0] Sending state transfer from <0,262638> to <0,262647>
20230730-160750-8291 03066 * HandleRequestStateTransfer (replica.cc:727):   [0] Sending state transfer from <0,262646> to <0,262647>
20230730-160750-8292 03066 * HandleRequestStateTransfer (replica.cc:727):   [0] Sending state transfer from <0,262646> to <0,262647>
20230730-160750-8663 03066 * HandleRequestStateTransfer (replica.cc:727):   [0] Sending state transfer from <0,263017> to <0,263017>
20230730-160750-8672 03066 * HandleRequestStateTransfer (replica.cc:727):   [0] Sending state transfer from <0,263022> to <0,263026>
20230730-160750-8674 03066 * HandleRequestStateTransfer (replica.cc:727):   [0] Sending state transfer from <0,263024> to <0,263026>
20230730-160750-8678 03066 * HandleRequestStateTransfer (replica.cc:727):   [0] Sending state transfer from <0,263026> to <0,263030>
20230730-160750-8813 03066 * HandleRequestStateTransfer (replica.cc:727):   [0] Sending state transfer from <0,263161> to <0,263172>
20230730-160750-8815 03066 * HandleRequestStateTransfer (replica.cc:727):   [0] Sending state transfer from <0,263162> to <0,263173>
20230730-160750-8818 03066 * HandleRequestStateTransfer (replica.cc:727):   [0] Sending state transfer from <0,263164> to <0,263175>
20230730-160750-8819 03066 * HandleRequestStateTransfer (replica.cc:727):   [0] Sending state transfer from <0,263166> to <0,263175>
20230730-160750-8823 03066 * HandleRequestStateTransfer (replica.cc:727):   [0] Sending state transfer from <0,263170> to <0,263177>
20230730-160750-8825 03066 * HandleRequestStateTransfer (replica.cc:727):   [0] Sending state transfer from <0,263172> to <0,263178>
20230730-160750-8826 03066 * SendMessageInternal (udptransport.cc:442): Sending large replication.vr.proto.StateTransferMessage message in 2 fragments
20230730-160750-9105 03066 * HandleRequestStateTransfer (replica.cc:727):   [0] Sending state transfer from <0,263447> to <0,263463>
20230730-160750-9106 03066 * SendMessageInternal (udptransport.cc:442): Sending large replication.vr.proto.StateTransferMessage message in 2 fragments
20230730-160750-9111 03066 * HandleRequestStateTransfer (replica.cc:727):   [0] Sending state transfer from <0,263453> to <0,263467>
20230730-160750-9111 03066 * SendMessageInternal (udptransport.cc:442): Sending large replication.vr.proto.StateTransferMessage message in 2 fragments
20230730-160750-9116 03066 * HandleRequestStateTransfer (replica.cc:727):   [0] Sending state transfer from <0,263454> to <0,263470>
20230730-160750-9116 03066 * SendMessageInternal (udptransport.cc:442): Sending large replication.vr.proto.StateTransferMessage message in 2 fragments
20230730-160750-9117 03066 * HandleRequestStateTransfer (replica.cc:727):   [0] Sending state transfer from <0,263457> to <0,263470>
20230730-160750-9117 03066 * SendMessageInternal (udptransport.cc:442): Sending large replication.vr.proto.StateTransferMessage message in 2 fragments
20230730-160750-9119 03066 * HandleRequestStateTransfer (replica.cc:727):   [0] Sending state transfer from <0,263459> to <0,263471>
20230730-160750-9119 03066 * SendMessageInternal (udptransport.cc:442): Sending large replication.vr.proto.StateTransferMessage message in 2 fragments
20230730-160750-9122 03066 * HandleRequestStateTransfer (replica.cc:727):   [0] Sending state transfer from <0,263463> to <0,263472>
20230730-160750-9122 03066 * SendMessageInternal (udptransport.cc:442): Sending large replication.vr.proto.StateTransferMessage message in 2 fragments
20230730-160751-5044 03066 * ResendPrepare   (replica.cc:306):   [0] Resending prepare
20230730-160751-5464 03066 * HandleRequestStateTransfer (replica.cc:727):   [0] Sending state transfer from <0,268530> to <0,268545>
20230730-160751-5467 03066 * HandleRequestStateTransfer (replica.cc:727):   [0] Sending state transfer from <0,268533> to <0,268546>
20230730-160751-5472 03066 * HandleRequestStateTransfer (replica.cc:727):   [0] Sending state transfer from <0,268535> to <0,268550>
20230730-160752-4371 03066 * HandleRequestStateTransfer (replica.cc:727):   [0] Sending state transfer from <0,275769> to <0,275776>
20230730-160752-4372 03066 * SendMessageInternal (udptransport.cc:442): Sending large replication.vr.proto.StateTransferMessage message in 2 fragments
20230730-160752-4383 03066 * HandleRequestStateTransfer (replica.cc:727):   [0] Sending state transfer from <0,275770> to <0,275789>
20230730-160752-4384 03066 * SendMessageInternal (udptransport.cc:442): Sending large replication.vr.proto.StateTransferMessage message in 2 fragments
20230730-160752-4389 03066 * HandleRequestStateTransfer (replica.cc:727):   [0] Sending state transfer from <0,275771> to <0,275794>
20230730-160752-4389 03066 * SendMessageInternal (udptransport.cc:442): Sending large replication.vr.proto.StateTransferMessage message in 2 fragments
20230730-160752-4390 03066 * HandleRequestStateTransfer (replica.cc:727):   [0] Sending state transfer from <0,275772> to <0,275794>
20230730-160752-4391 03066 * SendMessageInternal (udptransport.cc:442): Sending large replication.vr.proto.StateTransferMessage message in 2 fragments
20230730-160752-5809 03066 * HandleRequestStateTransfer (replica.cc:727):   [0] Sending state transfer from <0,276876> to <0,276927>
20230730-160752-5810 03066 * SendMessageInternal (udptransport.cc:442): Sending large replication.vr.proto.StateTransferMessage message in 3 fragments
20230730-160752-5811 03066 * HandleRequestStateTransfer (replica.cc:727):   [0] Sending state transfer from <0,276885> to <0,276927>
20230730-160752-5812 03066 * SendMessageInternal (udptransport.cc:442): Sending large replication.vr.proto.StateTransferMessage message in 3 fragments
20230730-160752-5815 03066 * HandleRequestStateTransfer (replica.cc:727):   [0] Sending state transfer from <0,276893> to <0,276928>
20230730-160752-5815 03066 * SendMessageInternal (udptransport.cc:442): Sending large replication.vr.proto.StateTransferMessage message in 2 fragments
20230730-160752-5817 03066 * HandleRequestStateTransfer (replica.cc:727):   [0] Sending state transfer from <0,276894> to <0,276928>
20230730-160752-5817 03066 * SendMessageInternal (udptransport.cc:442): Sending large replication.vr.proto.StateTransferMessage message in 2 fragments
20230730-160752-6098 03066 * HandleRequestStateTransfer (replica.cc:727):   [0] Sending state transfer from <0,277131> to <0,277144>
20230730-160752-6099 03066 * SendMessageInternal (udptransport.cc:442): Sending large replication.vr.proto.StateTransferMessage message in 2 fragments
20230730-160752-6101 03066 * HandleRequestStateTransfer (replica.cc:727):   [0] Sending state transfer from <0,277134> to <0,277145>
20230730-160752-6102 03066 * SendMessageInternal (udptransport.cc:442): Sending large replication.vr.proto.StateTransferMessage message in 2 fragments
20230730-160752-6107 03066 * HandleRequestStateTransfer (replica.cc:727):   [0] Sending state transfer from <0,277135> to <0,277148>
20230730-160752-6108 03066 * SendMessageInternal (udptransport.cc:442): Sending large replication.vr.proto.StateTransferMessage message in 2 fragments
20230730-160752-7206 03066 * HandleRequestStateTransfer (replica.cc:727):   [0] Sending state transfer from <0,277965> to <0,278030>
20230730-160752-7207 03066 * SendMessageInternal (udptransport.cc:442): Sending large replication.vr.proto.StateTransferMessage message in 4 fragments
20230730-160752-7224 03066 * HandleRequestStateTransfer (replica.cc:727):   [0] Sending state transfer from <0,278018> to <0,278043>
20230730-160752-7224 03066 * SendMessageInternal (udptransport.cc:442): Sending large replication.vr.proto.StateTransferMessage message in 2 fragments
20230730-160752-7225 03066 * HandleRequestStateTransfer (replica.cc:727):   [0] Sending state transfer from <0,278025> to <0,278043>
20230730-160752-7226 03066 * SendMessageInternal (udptransport.cc:442): Sending large replication.vr.proto.StateTransferMessage message in 2 fragments
20230730-160752-7226 03066 * HandleRequestStateTransfer (replica.cc:727):   [0] Sending state transfer from <0,278026> to <0,278043>
20230730-160752-7227 03066 * SendMessageInternal (udptransport.cc:442): Sending large replication.vr.proto.StateTransferMessage message in 2 fragments
20230730-160752-7227 03066 * HandleRequestStateTransfer (replica.cc:727):   [0] Sending state transfer from <0,278027> to <0,278043>
20230730-160752-7228 03066 * SendMessageInternal (udptransport.cc:442): Sending large replication.vr.proto.StateTransferMessage message in 2 fragments
20230730-160752-7229 03066 * HandleRequestStateTransfer (replica.cc:727):   [0] Sending state transfer from <0,278028> to <0,278044>
20230730-160752-7229 03066 * SendMessageInternal (udptransport.cc:442): Sending large replication.vr.proto.StateTransferMessage message in 2 fragments
20230730-160752-7525 03066 * HandleRequestStateTransfer (replica.cc:727):   [0] Sending state transfer from <0,278246> to <0,278287>
20230730-160752-7526 03066 * SendMessageInternal (udptransport.cc:442): Sending large replication.vr.proto.StateTransferMessage message in 3 fragments
20230730-160752-7527 03066 * HandleRequestStateTransfer (replica.cc:727):   [0] Sending state transfer from <0,278251> to <0,278287>
20230730-160752-7528 03066 * SendMessageInternal (udptransport.cc:442): Sending large replication.vr.proto.StateTransferMessage message in 3 fragments
20230730-160752-7530 03066 * HandleRequestStateTransfer (replica.cc:727):   [0] Sending state transfer from <0,278252> to <0,278288>
20230730-160752-7531 03066 * SendMessageInternal (udptransport.cc:442): Sending large replication.vr.proto.StateTransferMessage message in 3 fragments
20230730-160752-7531 03066 * HandleRequestStateTransfer (replica.cc:727):   [0] Sending state transfer from <0,278253> to <0,278288>
20230730-160752-7532 03066 * SendMessageInternal (udptransport.cc:442): Sending large replication.vr.proto.StateTransferMessage message in 3 fragments
20230730-160752-7543 03066 * HandleRequestStateTransfer (replica.cc:727):   [0] Sending state transfer from <0,278275> to <0,278298>
20230730-160752-7544 03066 * SendMessageInternal (udptransport.cc:442): Sending large replication.vr.proto.StateTransferMessage message in 2 fragments
20230730-160752-7547 03066 * HandleRequestStateTransfer (replica.cc:727):   [0] Sending state transfer from <0,278276> to <0,278298>
20230730-160752-7547 03066 * SendMessageInternal (udptransport.cc:442): Sending large replication.vr.proto.StateTransferMessage message in 2 fragments
20230730-160752-7550 03066 * HandleRequestStateTransfer (replica.cc:727):   [0] Sending state transfer from <0,278277> to <0,278299>
20230730-160752-7551 03066 * SendMessageInternal (udptransport.cc:442): Sending large replication.vr.proto.StateTransferMessage message in 2 fragments
20230730-160752-7551 03066 * HandleRequestStateTransfer (replica.cc:727):   [0] Sending state transfer from <0,278278> to <0,278299>
20230730-160752-7552 03066 * SendMessageInternal (udptransport.cc:442): Sending large replication.vr.proto.StateTransferMessage message in 2 fragments
20230730-160752-7554 03066 * HandleRequestStateTransfer (replica.cc:727):   [0] Sending state transfer from <0,278280> to <0,278300>
20230730-160752-7554 03066 * SendMessageInternal (udptransport.cc:442): Sending large replication.vr.proto.StateTransferMessage message in 2 fragments
20230730-160752-8188 03066 ! releaseForWrite (lockserver.cc:353): [1136504265377010126] Releasing unheld write lock: WFVBuZaHZUfaNRMkNJ3mvTM820DRZSiSIz42WIGrQ03OWyg4nJZzfL0uaPxSFaVh
20230730-160753-2038 03066 * HandleRequestStateTransfer (replica.cc:727):   [0] Sending state transfer from <0,280391> to <0,280414>
20230730-160753-2041 03066 * HandleRequestStateTransfer (replica.cc:727):   [0] Sending state transfer from <0,280399> to <0,280414>
20230730-160753-9648 03066 * HandleRequestStateTransfer (replica.cc:727):   [0] Sending state transfer from <0,286148> to <0,286159>
20230730-160753-9650 03066 * HandleRequestStateTransfer (replica.cc:727):   [0] Sending state transfer from <0,286149> to <0,286160>
20230730-160753-9651 03066 * HandleRequestStateTransfer (replica.cc:727):   [0] Sending state transfer from <0,286150> to <0,286160>
20230730-160753-9654 03066 * HandleRequestStateTransfer (replica.cc:727):   [0] Sending state transfer from <0,286153> to <0,286162>
20230730-160753-9656 03066 * HandleRequestStateTransfer (replica.cc:727):   [0] Sending state transfer from <0,286154> to <0,286163>
20230730-160753-9660 03066 * HandleRequestStateTransfer (replica.cc:727):   [0] Sending state transfer from <0,286155> to <0,286166>
20230730-160753-9661 03066 * HandleRequestStateTransfer (replica.cc:727):   [0] Sending state transfer from <0,286156> to <0,286166>
