20230730-160716-8883 02928 ! releaseForWrite (lockserver.cc:353): [1800256785453280003] Releasing unheld write lock: pwsCiopDylmXGhWZHY09zwKATKq8z2oxUOhCxhyegIOyzYfqAMpqdTu8XcnpfyZ8
20230730-160716-8884 02928 ! releaseForRead  (lockserver.cc:293): [1800256785453280003] Releasing unheld read lock: IeVWLIWH4dMSqGTTrK7hEHrTcCO5LKzxJM93t979kyA8r2ceHst10UbjwJu51GaC
20230730-160716-8884 02928 ! releaseForRead  (lockserver.cc:293): [1800256785453280003] Releasing unheld read lock: pwsCiopDylmXGhWZHY09zwKATKq8z2oxUOhCxhyegIOyzYfqAMpqdTu8XcnpfyZ8
20230730-160718-7270 02928 ! releaseForWrite (lockserver.cc:353): [-3363580195887531610] Releasing unheld write lock: sCwtfPAKOLhUZ6hJ0AmStDjsfFdwHWuSpBXf2zU3WkjDySvvCtGjtEOWIV3UzDzi
20230730-160718-7270 02928 ! releaseForWrite (lockserver.cc:353): [-3363580195887531610] Releasing unheld write lock: pwsCiopDylmXGhWZHY09zwKATKq8z2oxUOhCxhyegIOyzYfqAMpqdTu8XcnpfyZ8
20230730-160718-7362 02928 ! releaseForWrite (lockserver.cc:353): [5587876445417200005] Releasing unheld write lock: pwsCiopDylmXGhWZHY09zwKATKq8z2oxUOhCxhyegIOyzYfqAMpqdTu8XcnpfyZ8
20230730-160718-7439 02928 ! releaseForRead  (lockserver.cc:293): [9223116180192290003] Releasing unheld read lock: pwsCiopDylmXGhWZHY09zwKATKq8z2oxUOhCxhyegIOyzYfqAMpqdTu8XcnpfyZ8
20230730-160718-7465 02928 ! releaseForRead  (lockserver.cc:293): [7337916307767410003] Releasing unheld read lock: jyaPVrQGavmxzXgTU1hHE1uVYGR4kiKAUtC1Dq93S3dFRV7VByMkYTu6Y3e7cNuR
20230730-160718-7465 02928 ! releaseForRead  (lockserver.cc:293): [7337916307767410003] Releasing unheld read lock: pwsCiopDylmXGhWZHY09zwKATKq8z2oxUOhCxhyegIOyzYfqAMpqdTu8XcnpfyZ8
20230730-160718-7509 02928 ! releaseForRead  (lockserver.cc:293): [8652656222927090004] Releasing unheld read lock: IeVWLIWH4dMSqGTTrK7hEHrTcCO5LKzxJM93t979kyA8r2ceHst10UbjwJu51GaC
20230730-160718-7509 02928 ! releaseForRead  (lockserver.cc:293): [8652656222927090004] Releasing unheld read lock: pwsCiopDylmXGhWZHY09zwKATKq8z2oxUOhCxhyegIOyzYfqAMpqdTu8XcnpfyZ8
20230730-160718-7514 02928 ! releaseForWrite (lockserver.cc:353): [8618445971672500029] Releasing unheld write lock: pwsCiopDylmXGhWZHY09zwKATKq8z2oxUOhCxhyegIOyzYfqAMpqdTu8XcnpfyZ8
20230730-160718-7514 02928 ! releaseForRead  (lockserver.cc:293): [8618445971672500029] Releasing unheld read lock: PHdSElIKYp2BM90EgsxHlBv3X9kUBsA9qrue3xEtGFOLFq41nkT14aLw2JPDrRM9
20230730-160718-7603 02928 ! releaseForWrite (lockserver.cc:353): [1800256785453280006] Releasing unheld write lock: 4uJpV3NoiYhwXzF0sRQnnpsTZqRAoomgBwOL03imk9escKTpba0jcOF3zWYW92bL
20230730-160718-7603 02928 ! releaseForRead  (lockserver.cc:293): [1800256785453280006] Releasing unheld read lock: pwsCiopDylmXGhWZHY09zwKATKq8z2oxUOhCxhyegIOyzYfqAMpqdTu8XcnpfyZ8
20230730-160718-7603 02928 ! releaseForRead  (lockserver.cc:293): [1800256785453280006] Releasing unheld read lock: pWZLgtQnDyFVU2ukUcbhM808LPyE362lCxYBLu0cLpIEhpgKI824Wzmq7eqNJhq1
20230730-160718-7750 02928 ! releaseForRead  (lockserver.cc:293): [7964377278287390018] Releasing unheld read lock: pwsCiopDylmXGhWZHY09zwKATKq8z2oxUOhCxhyegIOyzYfqAMpqdTu8XcnpfyZ8
20230730-160718-8126 02928 ! releaseForRead  (lockserver.cc:293): [-1333231209533781611] Releasing unheld read lock: v7j26peBwH38jkM06CUXNzfloxlRXTKCW7nFx68bvJCpDpnh7PvNis2ulYrof075
20230730-160718-8127 02928 ! releaseForRead  (lockserver.cc:293): [-1333231209533781611] Releasing unheld read lock: pwsCiopDylmXGhWZHY09zwKATKq8z2oxUOhCxhyegIOyzYfqAMpqdTu8XcnpfyZ8
20230730-160718-8197 02928 ! releaseForWrite (lockserver.cc:353): [12371821021270016] Releasing unheld write lock: pwsCiopDylmXGhWZHY09zwKATKq8z2oxUOhCxhyegIOyzYfqAMpqdTu8XcnpfyZ8
20230730-160718-8446 02928 ! releaseForRead  (lockserver.cc:293): [-2128313312505041600] Releasing unheld read lock: pwsCiopDylmXGhWZHY09zwKATKq8z2oxUOhCxhyegIOyzYfqAMpqdTu8XcnpfyZ8
20230730-160718-8489 02928 ! releaseForWrite (lockserver.cc:353): [1601191879601220007] Releasing unheld write lock: pwsCiopDylmXGhWZHY09zwKATKq8z2oxUOhCxhyegIOyzYfqAMpqdTu8XcnpfyZ8
20230730-160718-8872 02928 ! releaseForWrite (lockserver.cc:353): [1132273544978140003] Releasing unheld write lock: pwsCiopDylmXGhWZHY09zwKATKq8z2oxUOhCxhyegIOyzYfqAMpqdTu8XcnpfyZ8
20230730-160718-8873 02928 ! releaseForRead  (lockserver.cc:293): [1132273544978140003] Releasing unheld read lock: pwsCiopDylmXGhWZHY09zwKATKq8z2oxUOhCxhyegIOyzYfqAMpqdTu8XcnpfyZ8
20230730-160718-8890 02928 ! releaseForRead  (lockserver.cc:293): [-2357029018595561592] Releasing unheld read lock: pwsCiopDylmXGhWZHY09zwKATKq8z2oxUOhCxhyegIOyzYfqAMpqdTu8XcnpfyZ8
20230730-160718-8897 02928 ! releaseForWrite (lockserver.cc:353): [4432071524828770005] Releasing unheld write lock: PTaRoGTsy6qrjGt8do3MNFpD2wORd8de1TYF6IdZ9BRkY8sV7Ign07iFiuMs3BLt
20230730-160718-8897 02928 ! releaseForWrite (lockserver.cc:353): [4432071524828770005] Releasing unheld write lock: pwsCiopDylmXGhWZHY09zwKATKq8z2oxUOhCxhyegIOyzYfqAMpqdTu8XcnpfyZ8
20230730-160718-8978 02928 ! releaseForWrite (lockserver.cc:353): [5642395579163170017] Releasing unheld write lock: pwsCiopDylmXGhWZHY09zwKATKq8z2oxUOhCxhyegIOyzYfqAMpqdTu8XcnpfyZ8
20230730-160718-9981 02928 ! releaseForWrite (lockserver.cc:353): [8514147718960270017] Releasing unheld write lock: pwsCiopDylmXGhWZHY09zwKATKq8z2oxUOhCxhyegIOyzYfqAMpqdTu8XcnpfyZ8
20230730-160719-0036 02928 ! releaseForRead  (lockserver.cc:293): [5982480696045640004] Releasing unheld read lock: pwsCiopDylmXGhWZHY09zwKATKq8z2oxUOhCxhyegIOyzYfqAMpqdTu8XcnpfyZ8
20230730-160719-0036 02928 ! releaseForRead  (lockserver.cc:293): [5982480696045640004] Releasing unheld read lock: eORwBu6eVDBeWAl6yQNf0STZNK41ovN6Hramc7DLcHSG0NW3gvU7YE4G2H1B8snO
20230730-160719-1156 02928 ! releaseForRead  (lockserver.cc:293): [9118173381756010013] Releasing unheld read lock: pwsCiopDylmXGhWZHY09zwKATKq8z2oxUOhCxhyegIOyzYfqAMpqdTu8XcnpfyZ8
20230730-160719-1177 02928 ! releaseForWrite (lockserver.cc:353): [-3453931972249341600] Releasing unheld write lock: kMrJcDLu4X3kpm8VuOeDD5U6UaF3vPj1pSGl54JCq6WMnwTN8syztIb23GedcytR
20230730-160719-1178 02928 ! releaseForRead  (lockserver.cc:293): [-3453931972249341600] Releasing unheld read lock: HF2yE1FSv29awbnbdcCbzkZeHYkIHGISD3IYShUNWxTDfnU8foHucHX0W3ivgGQK
20230730-160719-1178 02928 ! releaseForRead  (lockserver.cc:293): [-3453931972249341600] Releasing unheld read lock: pwsCiopDylmXGhWZHY09zwKATKq8z2oxUOhCxhyegIOyzYfqAMpqdTu8XcnpfyZ8
20230730-160719-1178 02928 ! releaseForRead  (lockserver.cc:293): [-3453931972249341600] Releasing unheld read lock: 4H7ifCGuMyjN9CrdnHAZ4V9Mr7EiuuFgAyuWsHWQpXOaH40YuZ8mDGIZpLzuQeIH
20230730-160719-1819 02928 ! releaseForRead  (lockserver.cc:293): [-6998688089349591595] Releasing unheld read lock: pwsCiopDylmXGhWZHY09zwKATKq8z2oxUOhCxhyegIOyzYfqAMpqdTu8XcnpfyZ8
20230730-160719-1819 02928 ! releaseForRead  (lockserver.cc:293): [-6998688089349591595] Releasing unheld read lock: 9hGJKPCVmW206iv8gMgbnzDOw6Q4xDZf4S1bEeK40bPmnCpsbMcd4N0WKE7ASwhZ
20230730-160719-2826 02928 ! releaseForWrite (lockserver.cc:353): [1688237299413860008] Releasing unheld write lock: pwsCiopDylmXGhWZHY09zwKATKq8z2oxUOhCxhyegIOyzYfqAMpqdTu8XcnpfyZ8
20230730-160719-2826 02928 ! releaseForRead  (lockserver.cc:293): [1688237299413860008] Releasing unheld read lock: MvSuHuHkVT47K57AeaeGEM7Wb57FcnAnnqR5182WxnHXmJWs3qfZyHe47nZKoaKD
20230730-160719-9021 02928 ! releaseForWrite (lockserver.cc:353): [5642395579163170018] Releasing unheld write lock: iIsb4RJhTAsJMDEK3mNg5HQn3IHXXyqquD7LpwLI4AshoO08EKlbxGrinW2mUQaI
20230730-160719-9022 02928 ! releaseForWrite (lockserver.cc:353): [5642395579163170018] Releasing unheld write lock: pwsCiopDylmXGhWZHY09zwKATKq8z2oxUOhCxhyegIOyzYfqAMpqdTu8XcnpfyZ8
20230730-160719-9022 02928 ! releaseForRead  (lockserver.cc:293): [5642395579163170018] Releasing unheld read lock: IPlYw3iTXzM3bYfNnuO2pcWvkuNtpLNQ9Q5jEqUkRNjtg23lZHI6ZUSRRZ6ZoCbE
20230730-160719-9022 02928 ! releaseForRead  (lockserver.cc:293): [5642395579163170018] Releasing unheld read lock: pwsCiopDylmXGhWZHY09zwKATKq8z2oxUOhCxhyegIOyzYfqAMpqdTu8XcnpfyZ8
20230730-160720-0408 02928 ! releaseForWrite (lockserver.cc:353): [5982480696045640007] Releasing unheld write lock: 1NhD4JpfrCVzpststIZP84geByCkCwfsKRgaeuAxb2uJ5QzFpusQfghYaMPKSloT
20230730-160721-2566 02928 ! releaseForWrite (lockserver.cc:353): [3406389570097930085] Releasing unheld write lock: pwsCiopDylmXGhWZHY09zwKATKq8z2oxUOhCxhyegIOyzYfqAMpqdTu8XcnpfyZ8
20230730-160721-2818 02928 ! releaseForRead  (lockserver.cc:293): [50452160351890013] Releasing unheld read lock: pwsCiopDylmXGhWZHY09zwKATKq8z2oxUOhCxhyegIOyzYfqAMpqdTu8XcnpfyZ8
20230730-160722-2899 02928 ! releaseForRead  (lockserver.cc:293): [-6119981317198551557] Releasing unheld read lock: pwsCiopDylmXGhWZHY09zwKATKq8z2oxUOhCxhyegIOyzYfqAMpqdTu8XcnpfyZ8
20230730-160722-3118 02928 ! releaseForWrite (lockserver.cc:353): [9118173381756010017] Releasing unheld write lock: pwsCiopDylmXGhWZHY09zwKATKq8z2oxUOhCxhyegIOyzYfqAMpqdTu8XcnpfyZ8
20230730-160722-3132 02928 ! releaseForRead  (lockserver.cc:293): [-5447688693671001601] Releasing unheld read lock: pwsCiopDylmXGhWZHY09zwKATKq8z2oxUOhCxhyegIOyzYfqAMpqdTu8XcnpfyZ8
20230730-160722-3132 02928 ! releaseForRead  (lockserver.cc:293): [-5447688693671001601] Releasing unheld read lock: JCI5Z69XegNhAK4BY2kuGGY1FKqhIbiipBdEHID4hLL43owNtKXGFTxCEhsmuzJ8
20230730-160722-3196 02928 ! releaseForWrite (lockserver.cc:353): [-8283455371504841597] Releasing unheld write lock: 3mGC1TSGraElpZPJvrtIjpVldiXPSWIPJ2gur6mUSMpYEbdNL2tvqCZP1FII40lW
20230730-160722-3197 02928 ! releaseForWrite (lockserver.cc:353): [-8283455371504841597] Releasing unheld write lock: pwsCiopDylmXGhWZHY09zwKATKq8z2oxUOhCxhyegIOyzYfqAMpqdTu8XcnpfyZ8
20230730-160722-3236 02928 ! releaseForWrite (lockserver.cc:353): [2764595830992720019] Releasing unheld write lock: pwsCiopDylmXGhWZHY09zwKATKq8z2oxUOhCxhyegIOyzYfqAMpqdTu8XcnpfyZ8
20230730-160722-9456 02928 * RequestStateTransfer (replica.cc:212):   [2] Requesting state transfer: <0,35501>
20230730-160722-9457 02928 * RequestStateTransfer (replica.cc:212):   [2] Requesting state transfer: <0,35502>
20230730-160723-3692 02928 ! releaseForRead  (lockserver.cc:293): [-3665616270863751600] Releasing unheld read lock: pwsCiopDylmXGhWZHY09zwKATKq8z2oxUOhCxhyegIOyzYfqAMpqdTu8XcnpfyZ8
20230730-160723-3913 02928 ! releaseForWrite (lockserver.cc:353): [7337916307767410014] Releasing unheld write lock: pwsCiopDylmXGhWZHY09zwKATKq8z2oxUOhCxhyegIOyzYfqAMpqdTu8XcnpfyZ8
20230730-160723-3913 02928 ! releaseForWrite (lockserver.cc:353): [7337916307767410014] Releasing unheld write lock: a3m9MApyn3AygqwpFagCUazacQomyTzNrAwWwWpQOgCF6W3WZqmL1Tbdy98QPGpu
20230730-160723-3924 02928 ! releaseForWrite (lockserver.cc:353): [1132273544978140021] Releasing unheld write lock: uiWfBIXnvosPXrBvGFdHseoWdRU9np0VIyXNzonAFw06vip7JazkkfJmnscaObLr
20230730-160723-3924 02928 ! releaseForWrite (lockserver.cc:353): [1132273544978140021] Releasing unheld write lock: bdd4gpQNGsDc7WPhOlQJRkpqkWVwxEHAdGpNsCtK62dNWUItUJuBBIKNwtmtfUsG
20230730-160723-3924 02928 ! releaseForRead  (lockserver.cc:293): [1132273544978140021] Releasing unheld read lock: vsbLxt3bXZ15HYVsmiwwK8DawpC8BEIy300qkdOinZg2GTLC8FKeR5OBfuViZySk
20230730-160723-3925 02928 ! releaseForRead  (lockserver.cc:293): [1132273544978140021] Releasing unheld read lock: pwsCiopDylmXGhWZHY09zwKATKq8z2oxUOhCxhyegIOyzYfqAMpqdTu8XcnpfyZ8
20230730-160723-3925 02928 ! releaseForRead  (lockserver.cc:293): [1132273544978140021] Releasing unheld read lock: a3m9MApyn3AygqwpFagCUazacQomyTzNrAwWwWpQOgCF6W3WZqmL1Tbdy98QPGpu
20230730-160723-3928 02928 ! releaseForRead  (lockserver.cc:293): [-8265785854571091597] Releasing unheld read lock: pwsCiopDylmXGhWZHY09zwKATKq8z2oxUOhCxhyegIOyzYfqAMpqdTu8XcnpfyZ8
20230730-160723-3979 02928 ! releaseForRead  (lockserver.cc:293): [4344108807788520015] Releasing unheld read lock: pwsCiopDylmXGhWZHY09zwKATKq8z2oxUOhCxhyegIOyzYfqAMpqdTu8XcnpfyZ8
20230730-160723-3980 02928 ! releaseForRead  (lockserver.cc:293): [4344108807788520015] Releasing unheld read lock: tJN8ca9WIhQB6lXJc673a6d4Wiau7PtPhJ7edA4KuIDliSCko5Bws9ermbZ4M4t1
20230730-160723-4491 02928 ! releaseForWrite (lockserver.cc:353): [-4177853690970001601] Releasing unheld write lock: sADUrUSB1lOlG3FpGXO1vFNV38OEPT9675sQc5jDdzL45utzqF0DGpobeyG9dQc7
20230730-160723-4491 02928 ! releaseForWrite (lockserver.cc:353): [-4177853690970001601] Releasing unheld write lock: HF2yE1FSv29awbnbdcCbzkZeHYkIHGISD3IYShUNWxTDfnU8foHucHX0W3ivgGQK
20230730-160723-4491 02928 ! releaseForWrite (lockserver.cc:353): [-4177853690970001601] Releasing unheld write lock: pwsCiopDylmXGhWZHY09zwKATKq8z2oxUOhCxhyegIOyzYfqAMpqdTu8XcnpfyZ8
20230730-160723-4492 02928 ! releaseForRead  (lockserver.cc:293): [-4177853690970001601] Releasing unheld read lock: 5q0zBSfyiOekPAyU3smPf6F4xMz6hLlhEdOCZY5O5sW7KEMs47vd20R4z0yif4Hz
20230730-160723-4508 02928 ! releaseForWrite (lockserver.cc:353): [4469241324399000058] Releasing unheld write lock: 0U66ki3iriWBWv6IalvKWaplUygRTgYeBezSWXhKUhyNOo60xraadIlOniQJO8hr
20230730-160723-4508 02928 ! releaseForWrite (lockserver.cc:353): [4469241324399000058] Releasing unheld write lock: pwsCiopDylmXGhWZHY09zwKATKq8z2oxUOhCxhyegIOyzYfqAMpqdTu8XcnpfyZ8
20230730-160723-5084 02928 ! releaseForWrite (lockserver.cc:353): [-3158007273808691606] Releasing unheld write lock: pwsCiopDylmXGhWZHY09zwKATKq8z2oxUOhCxhyegIOyzYfqAMpqdTu8XcnpfyZ8
20230730-160723-5084 02928 ! releaseForRead  (lockserver.cc:293): [-3158007273808691606] Releasing unheld read lock: LRH2fqKqFdKJCSC1PuynjGqqWY8z0nucjU4Y2J47mqEaUHLsNZHQRDuBRyxvdAau
20230730-160723-5164 02928 ! releaseForWrite (lockserver.cc:353): [5587876445417200018] Releasing unheld write lock: pwsCiopDylmXGhWZHY09zwKATKq8z2oxUOhCxhyegIOyzYfqAMpqdTu8XcnpfyZ8
20230730-160723-5164 02928 ! releaseForWrite (lockserver.cc:353): [5587876445417200018] Releasing unheld write lock: ywqMUWK3bP2BNlhwJg5JiF0xnNvN0dM24EcpNpz0hsLvoqDbgfpXguswC97FujSJ
20230730-160723-5164 02928 ! releaseForWrite (lockserver.cc:353): [5587876445417200018] Releasing unheld write lock: HPbluYx7VT3Hxixwa42uo4O1byyOh5aCoIqZAsLcPrcYf0d9iNVJYYSTVLap73lG
20230730-160723-5164 02928 ! releaseForWrite (lockserver.cc:353): [5587876445417200018] Releasing unheld write lock: EEjEZ7vYBMwpGPxP5I1Gdn6orbKHhyqksVnvOKOsjJUNKkgbToY6bAp9g8f3xWST
20230730-160725-4600 02928 ! releaseForWrite (lockserver.cc:353): [-5447688693671001594] Releasing unheld write lock: CNTdEeAx0zCiAeAgeUAqaSQJCdpZ8n2iNF1BCAvPZG2PUssdYIXEH1k4mfiSVvBp
20230730-160725-4600 02928 ! releaseForWrite (lockserver.cc:353): [-5447688693671001594] Releasing unheld write lock: pwsCiopDylmXGhWZHY09zwKATKq8z2oxUOhCxhyegIOyzYfqAMpqdTu8XcnpfyZ8
20230730-160725-4600 02928 ! releaseForRead  (lockserver.cc:293): [-5447688693671001594] Releasing unheld read lock: pwsCiopDylmXGhWZHY09zwKATKq8z2oxUOhCxhyegIOyzYfqAMpqdTu8XcnpfyZ8
20230730-160725-4658 02928 ! releaseForRead  (lockserver.cc:293): [1800256785453280019] Releasing unheld read lock: pwsCiopDylmXGhWZHY09zwKATKq8z2oxUOhCxhyegIOyzYfqAMpqdTu8XcnpfyZ8
20230730-160725-4732 02928 ! releaseForWrite (lockserver.cc:353): [-3453931972249341588] Releasing unheld write lock: 3Q0WBdYqSLdu5tKK8TeNd4FOwDZu6naX4gNMec2E9ov7hHM7UyiSLjHWRtubxCky
20230730-160725-4733 02928 ! releaseForRead  (lockserver.cc:293): [-3453931972249341588] Releasing unheld read lock: pwsCiopDylmXGhWZHY09zwKATKq8z2oxUOhCxhyegIOyzYfqAMpqdTu8XcnpfyZ8
20230730-160725-4882 02928 ! releaseForRead  (lockserver.cc:293): [3242643894174680026] Releasing unheld read lock: pwsCiopDylmXGhWZHY09zwKATKq8z2oxUOhCxhyegIOyzYfqAMpqdTu8XcnpfyZ8
20230730-160725-6100 02928 ! releaseForRead  (lockserver.cc:293): [-1142579291200371579] Releasing unheld read lock: pwsCiopDylmXGhWZHY09zwKATKq8z2oxUOhCxhyegIOyzYfqAMpqdTu8XcnpfyZ8
20230730-160725-9845 02928 ! releaseForWrite (lockserver.cc:353): [-3158007273808691603] Releasing unheld write lock: IFqyRcxlD46hYnlSUG4ZIYo9OifeWjx6xD8HHrpWfnKyWiXNHFvYpJckbntqjUtZ
20230730-160725-9846 02928 ! releaseForWrite (lockserver.cc:353): [-3158007273808691603] Releasing unheld write lock: pwsCiopDylmXGhWZHY09zwKATKq8z2oxUOhCxhyegIOyzYfqAMpqdTu8XcnpfyZ8
20230730-160725-9846 02928 ! releaseForRead  (lockserver.cc:293): [-3158007273808691603] Releasing unheld read lock: h7kZW4kNizkd7ivO80bFbK7eYvVSONNYLntlx7c3JyBAQLsYJ5vrAhUtwtwgWVOx
20230730-160725-9854 02928 ! releaseForWrite (lockserver.cc:353): [5587876445417200022] Releasing unheld write lock: pwsCiopDylmXGhWZHY09zwKATKq8z2oxUOhCxhyegIOyzYfqAMpqdTu8XcnpfyZ8
20230730-160725-9854 02928 ! releaseForWrite (lockserver.cc:353): [5587876445417200022] Releasing unheld write lock: a3m9MApyn3AygqwpFagCUazacQomyTzNrAwWwWpQOgCF6W3WZqmL1Tbdy98QPGpu
20230730-160725-9854 02928 ! releaseForWrite (lockserver.cc:353): [5587876445417200022] Releasing unheld write lock: 0WQq3GgGdtuMKGcVJ7eQtGYKDGPukq1xHa3oqN3HbXgxMH4Tj1MjlYBS1Qe0hWiC
20230730-160725-9867 02928 ! releaseForRead  (lockserver.cc:293): [4900365599775910017] Releasing unheld read lock: pwsCiopDylmXGhWZHY09zwKATKq8z2oxUOhCxhyegIOyzYfqAMpqdTu8XcnpfyZ8
20230730-160727-1126 02928 ! releaseForRead  (lockserver.cc:293): [1800256785453280023] Releasing unheld read lock: 9hGJKPCVmW206iv8gMgbnzDOw6Q4xDZf4S1bEeK40bPmnCpsbMcd4N0WKE7ASwhZ
20230730-160727-1126 02928 ! releaseForRead  (lockserver.cc:293): [1800256785453280023] Releasing unheld read lock: dhhFAnNRx0VYhsA7UBWKrAfSzGfKlYiaE0kxgqP7XQro5w5CWoyE1qko9iHBpnJB
20230730-160727-1189 02928 ! releaseForRead  (lockserver.cc:293): [-2128313312505041578] Releasing unheld read lock: pwsCiopDylmXGhWZHY09zwKATKq8z2oxUOhCxhyegIOyzYfqAMpqdTu8XcnpfyZ8
20230730-160727-6653 02928 * RequestStateTransfer (replica.cc:212):   [2] Requesting state transfer: <0,60678>
20230730-160727-6654 02928 * RequestStateTransfer (replica.cc:212):   [2] Requesting state transfer: <0,60680>
20230730-160728-3545 02928 * RequestStateTransfer (replica.cc:212):   [2] Requesting state transfer: <0,64583>
20230730-160728-6076 02928 * RequestStateTransfer (replica.cc:212):   [2] Requesting state transfer: <0,65551>
20230730-160728-6078 02928 * RequestStateTransfer (replica.cc:212):   [2] Requesting state transfer: <0,65556>
20230730-160728-9797 02928 ! releaseForWrite (lockserver.cc:353): [3630457384497800026] Releasing unheld write lock: sCwtfPAKOLhUZ6hJ0AmStDjsfFdwHWuSpBXf2zU3WkjDySvvCtGjtEOWIV3UzDzi
20230730-160728-9798 02928 ! releaseForWrite (lockserver.cc:353): [3630457384497800026] Releasing unheld write lock: 4uJpV3NoiYhwXzF0sRQnnpsTZqRAoomgBwOL03imk9escKTpba0jcOF3zWYW92bL
20230730-160728-9799 02928 ! releaseForRead  (lockserver.cc:293): [3630457384497800026] Releasing unheld read lock: 56PUBAEc5DVk1Dp3S6WRtEOODJ8t86vqHYsSGXXGCOifMkT5dOmcvgvaehEjuf3G
20230730-160728-9835 02928 ! releaseForWrite (lockserver.cc:353): [-8265785854571091580] Releasing unheld write lock: W51cA253m2GxDEyP89TrL7868m2Y6a7gzUJIfCu7tH7GdLm5Toex9cXKXKAwBmgQ
20230730-160728-9835 02928 ! releaseForRead  (lockserver.cc:293): [-8265785854571091580] Releasing unheld read lock: 4uJpV3NoiYhwXzF0sRQnnpsTZqRAoomgBwOL03imk9escKTpba0jcOF3zWYW92bL
20230730-160728-9835 02928 ! releaseForRead  (lockserver.cc:293): [-8265785854571091580] Releasing unheld read lock: 51L7MJwlUTMsXNQsw5cQhCVqXerNbL3F2Zdb1iVmixfh3CISPIPBZXn4fyne4CDX
20230730-160728-9835 02928 ! releaseForRead  (lockserver.cc:293): [-8265785854571091580] Releasing unheld read lock: K5cjq21oUbP0inGR73BYbfrwUpQw5z2oRsMp91wQz0QM278MSsw6ZKc0tYB5hOMM
20230730-160728-9835 02928 ! releaseForRead  (lockserver.cc:293): [-8265785854571091580] Releasing unheld read lock: HF2yE1FSv29awbnbdcCbzkZeHYkIHGISD3IYShUNWxTDfnU8foHucHX0W3ivgGQK
20230730-160729-0006 02928 ! releaseForWrite (lockserver.cc:353): [-3453931972249341580] Releasing unheld write lock: sCwtfPAKOLhUZ6hJ0AmStDjsfFdwHWuSpBXf2zU3WkjDySvvCtGjtEOWIV3UzDzi
20230730-160729-0165 02928 ! releaseForRead  (lockserver.cc:293): [-3665616270863751575] Releasing unheld read lock: sDkvjcChIK5rLJo279g6D9o4Ftc574o5rQvIkRMnsLU4yO1yjJe5vdrkOw5wJv3X
20230730-160729-0166 02928 ! releaseForRead  (lockserver.cc:293): [-3665616270863751575] Releasing unheld read lock: 9hGJKPCVmW206iv8gMgbnzDOw6Q4xDZf4S1bEeK40bPmnCpsbMcd4N0WKE7ASwhZ
20230730-160729-0166 02928 ! releaseForRead  (lockserver.cc:293): [-3665616270863751575] Releasing unheld read lock: pwsCiopDylmXGhWZHY09zwKATKq8z2oxUOhCxhyegIOyzYfqAMpqdTu8XcnpfyZ8
20230730-160729-0228 02928 ! releaseForWrite (lockserver.cc:353): [4900365599775910023] Releasing unheld write lock: pwsCiopDylmXGhWZHY09zwKATKq8z2oxUOhCxhyegIOyzYfqAMpqdTu8XcnpfyZ8
20230730-160729-0885 02928 ! releaseForWrite (lockserver.cc:353): [-2068379051096651583] Releasing unheld write lock: sCwtfPAKOLhUZ6hJ0AmStDjsfFdwHWuSpBXf2zU3WkjDySvvCtGjtEOWIV3UzDzi
20230730-160729-0886 02928 ! releaseForWrite (lockserver.cc:353): [-2068379051096651583] Releasing unheld write lock: tBVVQsIVjv855eSzbrECjrA9NHb6uV651nSuBti9UZBpGVjWA2012VRO26t2nxdL
20230730-160729-0886 02928 ! releaseForRead  (lockserver.cc:293): [-2068379051096651583] Releasing unheld read lock: tG3F1gi85jhGb84Jw5KgU9Bd3gsf9zbidunAhEqmeRA7G4gFhGGX8jcAJP2XgmN4
20230730-160729-1313 02928 ! releaseForWrite (lockserver.cc:353): [-4177853690970001585] Releasing unheld write lock: sCwtfPAKOLhUZ6hJ0AmStDjsfFdwHWuSpBXf2zU3WkjDySvvCtGjtEOWIV3UzDzi
20230730-160729-1313 02928 ! releaseForRead  (lockserver.cc:293): [-4177853690970001585] Releasing unheld read lock: m0UTTb4qAyYaeLIozkb6zUyFKtAXTdF7PhJSpiHTWAAM6pCoiz8Nxt45OPAFaWyY
20230730-160729-9442 02928 ! releaseForWrite (lockserver.cc:353): [-8266493555298731530] Releasing unheld write lock: pwsCiopDylmXGhWZHY09zwKATKq8z2oxUOhCxhyegIOyzYfqAMpqdTu8XcnpfyZ8
20230730-160729-9907 02928 ! releaseForWrite (lockserver.cc:353): [3242643894174680035] Releasing unheld write lock: pwsCiopDylmXGhWZHY09zwKATKq8z2oxUOhCxhyegIOyzYfqAMpqdTu8XcnpfyZ8
20230730-160729-9907 02928 ! releaseForWrite (lockserver.cc:353): [3242643894174680035] Releasing unheld write lock: c1UENDasUIKdt4CxdTFn3oOV1ak6d6z4YWO0TvlK6Z22D9GYDd4MoZ0EDuqtrfbP
20230730-160729-9981 02928 ! releaseForWrite (lockserver.cc:353): [-8283455371504841579] Releasing unheld write lock: 6oLGPdyFqFF5XYM9NnY0khaR2ygECv4sSSrqnWpcnXCkEvri5krsX4fQzW5rkDQ3
20230730-160729-9981 02928 ! releaseForWrite (lockserver.cc:353): [-8283455371504841579] Releasing unheld write lock: pwsCiopDylmXGhWZHY09zwKATKq8z2oxUOhCxhyegIOyzYfqAMpqdTu8XcnpfyZ8
20230730-160729-9983 02928 ! releaseForWrite (lockserver.cc:353): [431794635507010035] Releasing unheld write lock: pwsCiopDylmXGhWZHY09zwKATKq8z2oxUOhCxhyegIOyzYfqAMpqdTu8XcnpfyZ8
20230730-160729-9983 02928 ! releaseForWrite (lockserver.cc:353): [431794635507010035] Releasing unheld write lock: pxWkj2gAHfl2a0VhzgrIfIcmYqUl9YI7YbihMCQVtCHT6R0TNOehxrcrLU76xBxz
20230730-160730-0115 02928 ! releaseForWrite (lockserver.cc:353): [-2128313312505041572] Releasing unheld write lock: RLcOcZz3zPB80pzT0ad4cudsRPPgcsmq4Pg1vBNkvDyhQMq2wPnhJCQbLB36xhLb
20230730-160730-0115 02928 ! releaseForWrite (lockserver.cc:353): [-2128313312505041572] Releasing unheld write lock: pwsCiopDylmXGhWZHY09zwKATKq8z2oxUOhCxhyegIOyzYfqAMpqdTu8XcnpfyZ8
20230730-160730-0116 02928 ! releaseForRead  (lockserver.cc:293): [-2128313312505041572] Releasing unheld read lock: LgwDLDB1nXcvmfU109X2PXK1M9AChTGtHewa90RzKaypIBYtOWA6MPS5tWkkmfqs
20230730-160730-0159 02928 ! releaseForWrite (lockserver.cc:353): [9118173381756010033] Releasing unheld write lock: 4uJpV3NoiYhwXzF0sRQnnpsTZqRAoomgBwOL03imk9escKTpba0jcOF3zWYW92bL
20230730-160730-0159 02928 ! releaseForWrite (lockserver.cc:353): [9118173381756010033] Releasing unheld write lock: o7Utd38Hf4GObBMcHVnuxryZNCInDqJADbNit6LDMA5zwuKSYSTmSIAhhi7Vjdkm
20230730-160730-0159 02928 ! releaseForRead  (lockserver.cc:293): [9118173381756010033] Releasing unheld read lock: CqrpZTUDFL3MZHseHU7yECkQ3GlJrHvQFFUe9xRsYMfGCTbWU5H10JPBUOYc5mxc
20230730-160730-0159 02928 ! releaseForRead  (lockserver.cc:293): [9118173381756010033] Releasing unheld read lock: pwsCiopDylmXGhWZHY09zwKATKq8z2oxUOhCxhyegIOyzYfqAMpqdTu8XcnpfyZ8
20230730-160730-0398 02928 ! releaseForWrite (lockserver.cc:353): [4432071524828770034] Releasing unheld write lock: pwsCiopDylmXGhWZHY09zwKATKq8z2oxUOhCxhyegIOyzYfqAMpqdTu8XcnpfyZ8
20230730-160730-0399 02928 ! releaseForRead  (lockserver.cc:293): [4432071524828770034] Releasing unheld read lock: IeVWLIWH4dMSqGTTrK7hEHrTcCO5LKzxJM93t979kyA8r2ceHst10UbjwJu51GaC
20230730-160730-0426 02928 ! releaseForWrite (lockserver.cc:353): [-3749550829046271579] Releasing unheld write lock: pwsCiopDylmXGhWZHY09zwKATKq8z2oxUOhCxhyegIOyzYfqAMpqdTu8XcnpfyZ8
20230730-160730-0427 02928 ! releaseForRead  (lockserver.cc:293): [-3749550829046271579] Releasing unheld read lock: 3jgIEa3Xq66dmEFqdqOFkNHdmcNCJ2C6a9Ndve6qKU5dEapG69yC1jNOygrz509R
20230730-160730-0427 02928 ! releaseForRead  (lockserver.cc:293): [-3749550829046271579] Releasing unheld read lock: 5q0zBSfyiOekPAyU3smPf6F4xMz6hLlhEdOCZY5O5sW7KEMs47vd20R4z0yif4Hz
20230730-160730-0685 02928 ! releaseForRead  (lockserver.cc:293): [1601191879601220035] Releasing unheld read lock: pwsCiopDylmXGhWZHY09zwKATKq8z2oxUOhCxhyegIOyzYfqAMpqdTu8XcnpfyZ8
20230730-160730-0706 02928 ! releaseForRead  (lockserver.cc:293): [1132273544978140033] Releasing unheld read lock: pwsCiopDylmXGhWZHY09zwKATKq8z2oxUOhCxhyegIOyzYfqAMpqdTu8XcnpfyZ8
20230730-160730-0706 02928 ! releaseForRead  (lockserver.cc:293): [1132273544978140033] Releasing unheld read lock: HP0R8hDO9y21Oli8JEh0iKzsjjZL4RTCBGEliveFrpijMo2p91xxFcp6tslTysN2
20230730-160730-1048 02928 ! releaseForRead  (lockserver.cc:293): [3630457384497800028] Releasing unheld read lock: bdd4gpQNGsDc7WPhOlQJRkpqkWVwxEHAdGpNsCtK62dNWUItUJuBBIKNwtmtfUsG
20230730-160730-1048 02928 ! releaseForRead  (lockserver.cc:293): [3630457384497800028] Releasing unheld read lock: pwsCiopDylmXGhWZHY09zwKATKq8z2oxUOhCxhyegIOyzYfqAMpqdTu8XcnpfyZ8
20230730-160730-1049 02928 ! releaseForRead  (lockserver.cc:293): [3630457384497800028] Releasing unheld read lock: 9hGJKPCVmW206iv8gMgbnzDOw6Q4xDZf4S1bEeK40bPmnCpsbMcd4N0WKE7ASwhZ
20230730-160730-1049 02928 ! releaseForRead  (lockserver.cc:293): [3630457384497800028] Releasing unheld read lock: tpnshMuHd6DbTT6pQ0aUbOAzm8xIxXnD5y4d1CrkEHBYaCjrfaQh6FURjB4qptj1
20230730-160730-1426 02928 ! releaseForWrite (lockserver.cc:353): [-2332120244772961583] Releasing unheld write lock: pwsCiopDylmXGhWZHY09zwKATKq8z2oxUOhCxhyegIOyzYfqAMpqdTu8XcnpfyZ8
20230730-160730-1426 02928 ! releaseForRead  (lockserver.cc:293): [-2332120244772961583] Releasing unheld read lock: B4D6Vzc5XD3EIFWc5nRMhpjnBRFn49jdKkByCCX7VNge98PtzQcXdQS3xj7LafeK
20230730-160730-1426 02928 ! releaseForRead  (lockserver.cc:293): [-2332120244772961583] Releasing unheld read lock: 9hGJKPCVmW206iv8gMgbnzDOw6Q4xDZf4S1bEeK40bPmnCpsbMcd4N0WKE7ASwhZ
20230730-160730-1627 02928 ! releaseForRead  (lockserver.cc:293): [1428320452756470068] Releasing unheld read lock: pwsCiopDylmXGhWZHY09zwKATKq8z2oxUOhCxhyegIOyzYfqAMpqdTu8XcnpfyZ8
20230730-160730-9665 02928 ! releaseForRead  (lockserver.cc:293): [3222207614701490032] Releasing unheld read lock: pwsCiopDylmXGhWZHY09zwKATKq8z2oxUOhCxhyegIOyzYfqAMpqdTu8XcnpfyZ8
20230730-160730-9953 02928 ! releaseForWrite (lockserver.cc:353): [3242643894174680036] Releasing unheld write lock: pwsCiopDylmXGhWZHY09zwKATKq8z2oxUOhCxhyegIOyzYfqAMpqdTu8XcnpfyZ8
20230730-160730-9953 02928 ! releaseForRead  (lockserver.cc:293): [3242643894174680036] Releasing unheld read lock: sADUrUSB1lOlG3FpGXO1vFNV38OEPT9675sQc5jDdzL45utzqF0DGpobeyG9dQc7
20230730-160730-9954 02928 ! releaseForRead  (lockserver.cc:293): [3242643894174680036] Releasing unheld read lock: CNTdEeAx0zCiAeAgeUAqaSQJCdpZ8n2iNF1BCAvPZG2PUssdYIXEH1k4mfiSVvBp
20230730-160731-0514 02928 ! releaseForWrite (lockserver.cc:353): [7337916307767410030] Releasing unheld write lock: pwsCiopDylmXGhWZHY09zwKATKq8z2oxUOhCxhyegIOyzYfqAMpqdTu8XcnpfyZ8
20230730-160731-0757 02928 ! releaseForWrite (lockserver.cc:353): [1132273544978140034] Releasing unheld write lock: C0EY9bcT1pxQa68RghGkxSyYugjROPInyn6GPwd4EHpLCw2p9gt6lN3mYbmXphOm
20230730-160731-0758 02928 ! releaseForRead  (lockserver.cc:293): [1132273544978140034] Releasing unheld read lock: pwsCiopDylmXGhWZHY09zwKATKq8z2oxUOhCxhyegIOyzYfqAMpqdTu8XcnpfyZ8
20230730-160731-0759 02928 ! releaseForRead  (lockserver.cc:293): [1132273544978140034] Releasing unheld read lock: CJdT0fiepKkqGrL6QgcIsnl7WFW36AG96BTrv8zO7FvF96A3rpDPaTfSLRxoHDjC
20230730-160731-1112 02928 ! releaseForWrite (lockserver.cc:353): [3630457384497800029] Releasing unheld write lock: IPlYw3iTXzM3bYfNnuO2pcWvkuNtpLNQ9Q5jEqUkRNjtg23lZHI6ZUSRRZ6ZoCbE
20230730-160731-1112 02928 ! releaseForRead  (lockserver.cc:293): [3630457384497800029] Releasing unheld read lock: bdd4gpQNGsDc7WPhOlQJRkpqkWVwxEHAdGpNsCtK62dNWUItUJuBBIKNwtmtfUsG
20230730-160731-1112 02928 ! releaseForRead  (lockserver.cc:293): [3630457384497800029] Releasing unheld read lock: pwsCiopDylmXGhWZHY09zwKATKq8z2oxUOhCxhyegIOyzYfqAMpqdTu8XcnpfyZ8
20230730-160731-1248 02928 ! releaseForRead  (lockserver.cc:293): [3341154749599110037] Releasing unheld read lock: Zz8KyVwLiMCUGVRt1sdxYOD0Vm3i2eP0cHVm2SflNCJzSaYTYSNIn5amWefBQGTm
20230730-160731-1248 02928 ! releaseForRead  (lockserver.cc:293): [3341154749599110037] Releasing unheld read lock: pwsCiopDylmXGhWZHY09zwKATKq8z2oxUOhCxhyegIOyzYfqAMpqdTu8XcnpfyZ8
20230730-160731-1830 02928 ! releaseForRead  (lockserver.cc:293): [-5012841758132731533] Releasing unheld read lock: pwsCiopDylmXGhWZHY09zwKATKq8z2oxUOhCxhyegIOyzYfqAMpqdTu8XcnpfyZ8
20230730-160733-3034 02928 ! releaseForWrite (lockserver.cc:353): [9118173381756010037] Releasing unheld write lock: HF2yE1FSv29awbnbdcCbzkZeHYkIHGISD3IYShUNWxTDfnU8foHucHX0W3ivgGQK
20230730-160733-3034 02928 ! releaseForWrite (lockserver.cc:353): [9118173381756010037] Releasing unheld write lock: pwAhlJcbIwKBbrcIeFL0MCSFdxI5SYSispvJHeQZWV18oRqm7W44cQCTKzwVYOhm
20230730-160733-3172 02928 ! releaseForWrite (lockserver.cc:353): [-3158007273808691591] Releasing unheld write lock: UM2yzQO6DcHTDOKD1kHt0V1kCh4aG03DqclbQ2JlAM8EyBMElamkYK9n1fqCIhNu
20230730-160733-3172 02928 ! releaseForRead  (lockserver.cc:293): [-3158007273808691591] Releasing unheld read lock: 5UIWSYVhggLxli1wcM3V0ILggLodMCqLNKwHM4SrbW8PU9vIGp3vibFViCogt7fq
20230730-160733-3173 02928 ! releaseForRead  (lockserver.cc:293): [-3158007273808691591] Releasing unheld read lock: pwsCiopDylmXGhWZHY09zwKATKq8z2oxUOhCxhyegIOyzYfqAMpqdTu8XcnpfyZ8
20230730-160733-3173 02928 ! releaseForRead  (lockserver.cc:293): [-3158007273808691591] Releasing unheld read lock: BLBLNVz159x8m63cVSumAtr42iHztq9QVUNH2wI9WYbHMFjQnX2LZ0mOZwuLV5ov
20230730-160733-3275 02928 ! releaseForWrite (lockserver.cc:353): [-4747399543136701577] Releasing unheld write lock: dhhFAnNRx0VYhsA7UBWKrAfSzGfKlYiaE0kxgqP7XQro5w5CWoyE1qko9iHBpnJB
20230730-160733-3275 02928 ! releaseForRead  (lockserver.cc:293): [-4747399543136701577] Releasing unheld read lock: pwsCiopDylmXGhWZHY09zwKATKq8z2oxUOhCxhyegIOyzYfqAMpqdTu8XcnpfyZ8
20230730-160733-3383 02928 ! releaseForRead  (lockserver.cc:293): [-8283455371504841572] Releasing unheld read lock: pwsCiopDylmXGhWZHY09zwKATKq8z2oxUOhCxhyegIOyzYfqAMpqdTu8XcnpfyZ8
20230730-160733-3383 02928 ! releaseForRead  (lockserver.cc:293): [-8283455371504841572] Releasing unheld read lock: B6agBTEAk6Qy3eLk9VG6NfkqABSrg7UQNfRZtBJOVoesatkBUvTM2cUaTh8n8mgE
20230730-160733-3533 02928 ! releaseForWrite (lockserver.cc:353): [2764595830992720043] Releasing unheld write lock: 6oLGPdyFqFF5XYM9NnY0khaR2ygECv4sSSrqnWpcnXCkEvri5krsX4fQzW5rkDQ3
20230730-160733-3533 02928 ! releaseForRead  (lockserver.cc:293): [2764595830992720043] Releasing unheld read lock: pwsCiopDylmXGhWZHY09zwKATKq8z2oxUOhCxhyegIOyzYfqAMpqdTu8XcnpfyZ8
20230730-160733-3632 02928 ! releaseForRead  (lockserver.cc:293): [8618445971672500071] Releasing unheld read lock: pwsCiopDylmXGhWZHY09zwKATKq8z2oxUOhCxhyegIOyzYfqAMpqdTu8XcnpfyZ8
20230730-160733-4427 02928 * RequestStateTransfer (replica.cc:212):   [2] Requesting state transfer: <0,93030>
20230730-160734-5586 02928 ! releaseForRead  (lockserver.cc:293): [1244883729846860029] Releasing unheld read lock: cnmab2WMjsdC5ttksVxOoFnHQDpbUIuWrYx9Wy4oAUjjY9MXuFfLF9eKa8iTeNtb
20230730-160735-6468 02928 ! releaseForWrite (lockserver.cc:353): [4344108807788520055] Releasing unheld write lock: pwsCiopDylmXGhWZHY09zwKATKq8z2oxUOhCxhyegIOyzYfqAMpqdTu8XcnpfyZ8
20230730-160735-6468 02928 ! releaseForWrite (lockserver.cc:353): [4344108807788520055] Releasing unheld write lock: BqMBESsCZstY4aLguiHJ0ph984w63I2dncJ1TbZY9dhhifAqrwa4eA8Q1lAQxw5Q
20230730-160735-6661 02928 ! releaseForWrite (lockserver.cc:353): [1601191879601220050] Releasing unheld write lock: Uw5OclNJy64b0amRBVSyyNNmIfOBJTz9XVVUF3QaPvgk6Uo7T9w8IY61o7z3Sfix
20230730-160735-6661 02928 ! releaseForWrite (lockserver.cc:353): [1601191879601220050] Releasing unheld write lock: pwsCiopDylmXGhWZHY09zwKATKq8z2oxUOhCxhyegIOyzYfqAMpqdTu8XcnpfyZ8
20230730-160735-6879 02928 ! releaseForWrite (lockserver.cc:353): [-2357029018595561531] Releasing unheld write lock: pwsCiopDylmXGhWZHY09zwKATKq8z2oxUOhCxhyegIOyzYfqAMpqdTu8XcnpfyZ8
20230730-160735-6957 02928 ! releaseForRead  (lockserver.cc:293): [-7143280525374211587] Releasing unheld read lock: pwsCiopDylmXGhWZHY09zwKATKq8z2oxUOhCxhyegIOyzYfqAMpqdTu8XcnpfyZ8
20230730-160735-7431 02928 ! releaseForWrite (lockserver.cc:353): [3341154749599110046] Releasing unheld write lock: pwsCiopDylmXGhWZHY09zwKATKq8z2oxUOhCxhyegIOyzYfqAMpqdTu8XcnpfyZ8
20230730-160735-7432 02928 ! releaseForWrite (lockserver.cc:353): [3341154749599110046] Releasing unheld write lock: FZnSYbJsOcgsQDkmCEcd6XJZQWr8q51YG0kAZuMnlkNib8HqCMAzpgTk5oiohPPZ
20230730-160735-7432 02928 ! releaseForRead  (lockserver.cc:293): [3341154749599110046] Releasing unheld read lock: pwsCiopDylmXGhWZHY09zwKATKq8z2oxUOhCxhyegIOyzYfqAMpqdTu8XcnpfyZ8
20230730-160736-1760 02928 ! releaseForWrite (lockserver.cc:353): [-4747399543136701573] Releasing unheld write lock: XwTYijasYQOmBE29rbc8cYfTLTuhXbdPmwRDXChZknZNUxQFTcqCzj4oM65aEKAi
20230730-160736-1760 02928 ! releaseForWrite (lockserver.cc:353): [-4747399543136701573] Releasing unheld write lock: pwsCiopDylmXGhWZHY09zwKATKq8z2oxUOhCxhyegIOyzYfqAMpqdTu8XcnpfyZ8
20230730-160736-1760 02928 ! releaseForRead  (lockserver.cc:293): [-4747399543136701573] Releasing unheld read lock: JDmfflNMvoz0KozWw6OnAe07h4m1KsdSYoRQyWRvVuHS8TQ3JGGeCCarEjoZUygn
20230730-160736-1763 02928 ! releaseForRead  (lockserver.cc:293): [8652656222927090044] Releasing unheld read lock: pwsCiopDylmXGhWZHY09zwKATKq8z2oxUOhCxhyegIOyzYfqAMpqdTu8XcnpfyZ8
20230730-160736-1766 02928 ! releaseForWrite (lockserver.cc:353): [-4390804499942771563] Releasing unheld write lock: 9hGJKPCVmW206iv8gMgbnzDOw6Q4xDZf4S1bEeK40bPmnCpsbMcd4N0WKE7ASwhZ
20230730-160736-1766 02928 ! releaseForWrite (lockserver.cc:353): [-4390804499942771563] Releasing unheld write lock: tBVVQsIVjv855eSzbrECjrA9NHb6uV651nSuBti9UZBpGVjWA2012VRO26t2nxdL
20230730-160736-1766 02928 ! releaseForWrite (lockserver.cc:353): [-4390804499942771563] Releasing unheld write lock: GCSPKtW0dEvR23WYQ75QwEmQl1X1VNZHsjo3PwVNuQUxJiWDl178EkcMCbVrm0pP
20230730-160736-1767 02928 ! releaseForRead  (lockserver.cc:293): [-4390804499942771563] Releasing unheld read lock: yoVuAo7yk20OT7t7bCUkQDzXgGVw6FPoREzLL689ScDvi7yAPbi0ipPfInHuzAHb
20230730-160736-1767 02928 ! releaseForRead  (lockserver.cc:293): [-4390804499942771563] Releasing unheld read lock: pwsCiopDylmXGhWZHY09zwKATKq8z2oxUOhCxhyegIOyzYfqAMpqdTu8XcnpfyZ8
20230730-160736-7071 02928 ! releaseForWrite (lockserver.cc:353): [-8409129029745821471] Releasing unheld write lock: pwsCiopDylmXGhWZHY09zwKATKq8z2oxUOhCxhyegIOyzYfqAMpqdTu8XcnpfyZ8
20230730-160737-6467 02928 * RequestStateTransfer (replica.cc:212):   [2] Requesting state transfer: <0,110553>
20230730-160739-7683 02928 ! releaseForRead  (lockserver.cc:293): [8618445971672500091] Releasing unheld read lock: pwsCiopDylmXGhWZHY09zwKATKq8z2oxUOhCxhyegIOyzYfqAMpqdTu8XcnpfyZ8
20230730-160739-7683 02928 ! releaseForRead  (lockserver.cc:293): [8618445971672500091] Releasing unheld read lock: INeyCeTRaS7sJHOEDVcpjtqA0GhgRyvk51EUgH2Ap1xTqyS9X7fA10NJjH9udj71
20230730-160740-2953 02928 ! releaseForWrite (lockserver.cc:353): [1800256785453280054] Releasing unheld write lock: pwsCiopDylmXGhWZHY09zwKATKq8z2oxUOhCxhyegIOyzYfqAMpqdTu8XcnpfyZ8
20230730-160740-2953 02928 ! releaseForRead  (lockserver.cc:293): [1800256785453280054] Releasing unheld read lock: pwsCiopDylmXGhWZHY09zwKATKq8z2oxUOhCxhyegIOyzYfqAMpqdTu8XcnpfyZ8
20230730-160740-3865 02928 ! releaseForWrite (lockserver.cc:353): [3242643894174680052] Releasing unheld write lock: pwsCiopDylmXGhWZHY09zwKATKq8z2oxUOhCxhyegIOyzYfqAMpqdTu8XcnpfyZ8
20230730-160740-3865 02928 ! releaseForRead  (lockserver.cc:293): [3242643894174680052] Releasing unheld read lock: xJpn7VWViyGkOiha6pqMr2Kw4U67ESV5YwATjcI2yZOEye8vbG9oTtDeB25DmLXR
20230730-160740-3866 02928 ! releaseForRead  (lockserver.cc:293): [3242643894174680052] Releasing unheld read lock: pwsCiopDylmXGhWZHY09zwKATKq8z2oxUOhCxhyegIOyzYfqAMpqdTu8XcnpfyZ8
20230730-160741-7168 02928 * RequestStateTransfer (replica.cc:212):   [2] Requesting state transfer: <0,131087>
20230730-160741-7169 02928 * RequestStateTransfer (replica.cc:212):   [2] Requesting state transfer: <0,131088>
20230730-160741-7170 02928 * RequestStateTransfer (replica.cc:212):   [2] Requesting state transfer: <0,131089>
20230730-160741-7170 02928 * RequestStateTransfer (replica.cc:212):   [2] Requesting state transfer: <0,131090>
20230730-160741-7172 02928 * RequestStateTransfer (replica.cc:212):   [2] Requesting state transfer: <0,131094>
20230730-160741-7173 02928 * RequestStateTransfer (replica.cc:212):   [2] Requesting state transfer: <0,131097>
20230730-160741-7174 02928 ! releaseForRead  (lockserver.cc:293): [431794635507010059] Releasing unheld read lock: pwsCiopDylmXGhWZHY09zwKATKq8z2oxUOhCxhyegIOyzYfqAMpqdTu8XcnpfyZ8
20230730-160741-7174 02928 ! releaseForRead  (lockserver.cc:293): [431794635507010059] Releasing unheld read lock: xx0rukxhnTu8tnHpAEqJvoVKMUCn4WT8SftpskeekskVUtziBurfYWN5SykUHztX
20230730-160741-7174 02928 * RequestStateTransfer (replica.cc:212):   [2] Requesting state transfer: <0,131099>
20230730-160741-7175 02928 ! releaseForWrite (lockserver.cc:353): [9223116180192290058] Releasing unheld write lock: 9hGJKPCVmW206iv8gMgbnzDOw6Q4xDZf4S1bEeK40bPmnCpsbMcd4N0WKE7ASwhZ
20230730-160741-7175 02928 ! releaseForRead  (lockserver.cc:293): [9223116180192290058] Releasing unheld read lock: pwsCiopDylmXGhWZHY09zwKATKq8z2oxUOhCxhyegIOyzYfqAMpqdTu8XcnpfyZ8
20230730-160741-7175 02928 ! releaseForRead  (lockserver.cc:293): [9223116180192290058] Releasing unheld read lock: c1UENDasUIKdt4CxdTFn3oOV1ak6d6z4YWO0TvlK6Z22D9GYDd4MoZ0EDuqtrfbP
20230730-160741-7175 02928 * RequestStateTransfer (replica.cc:212):   [2] Requesting state transfer: <0,131100>
20230730-160741-7176 02928 ! releaseForWrite (lockserver.cc:353): [-2068379051096651560] Releasing unheld write lock: P9kjKDiizV6nH328thhbNKW8m9Fe8gT5Jbd0spMNtiE9tjZIQ5KOQxFDuyrLcET4
20230730-160741-7177 02928 ! releaseForWrite (lockserver.cc:353): [-2068379051096651560] Releasing unheld write lock: pwsCiopDylmXGhWZHY09zwKATKq8z2oxUOhCxhyegIOyzYfqAMpqdTu8XcnpfyZ8
20230730-160741-7177 02928 * RequestStateTransfer (replica.cc:212):   [2] Requesting state transfer: <0,131101>
20230730-160741-7444 02928 * HandleRequestStateTransfer (replica.cc:727):   [2] Sending state transfer from <0,131072> to <0,131101>
20230730-160741-7445 02928 * SendMessageInternal (udptransport.cc:442): Sending large replication.vr.proto.StateTransferMessage message in 3 fragments
20230730-160741-7457 02928 ! releaseForWrite (lockserver.cc:353): [-4494022780663391554] Releasing unheld write lock: pwsCiopDylmXGhWZHY09zwKATKq8z2oxUOhCxhyegIOyzYfqAMpqdTu8XcnpfyZ8
20230730-160741-7457 02928 ! releaseForRead  (lockserver.cc:293): [-4494022780663391554] Releasing unheld read lock: BySVRdghHkHiRru8t8ZNZVsa9f60UJovESZeBocXuXc7Nh0xcjOTB9ZkCu4oeNq4
20230730-160741-7466 02928 ! releaseForWrite (lockserver.cc:353): [7273588589129020065] Releasing unheld write lock: AJTj45VR2J61ZXkd4TFptKhoIbm7Xpfa0MpDCuHpHOJ3ybd0Axeyh7WTBwYiYIDP
20230730-160741-7466 02928 ! releaseForWrite (lockserver.cc:353): [7273588589129020065] Releasing unheld write lock: pwsCiopDylmXGhWZHY09zwKATKq8z2oxUOhCxhyegIOyzYfqAMpqdTu8XcnpfyZ8
20230730-160741-7474 02928 * HandleRequestStateTransfer (replica.cc:727):   [2] Sending state transfer from <0,131124> to <0,131131>
20230730-160741-7476 02928 * HandleRequestStateTransfer (replica.cc:727):   [2] Sending state transfer from <0,131125> to <0,131134>
20230730-160741-7747 02928 ! releaseForRead  (lockserver.cc:293): [3222207614701490050] Releasing unheld read lock: tGdFueTFbQbPnK8XBRXPSUWasVknDiX6HiYUTyIDmxYjq47sTFaE1oRMMxSKH1xy
20230730-160741-7747 02928 ! releaseForRead  (lockserver.cc:293): [3222207614701490050] Releasing unheld read lock: pwsCiopDylmXGhWZHY09zwKATKq8z2oxUOhCxhyegIOyzYfqAMpqdTu8XcnpfyZ8
20230730-160741-7834 02928 ! releaseForWrite (lockserver.cc:353): [-8283455371504841553] Releasing unheld write lock: zoQ2trxuqOhx0IRO3nwRMRm8EkXtSiO9S00PI7JBWZpubXIKaZR6IdneGG9PBe10
20230730-160741-7834 02928 ! releaseForWrite (lockserver.cc:353): [-8283455371504841553] Releasing unheld write lock: pwsCiopDylmXGhWZHY09zwKATKq8z2oxUOhCxhyegIOyzYfqAMpqdTu8XcnpfyZ8
20230730-160741-7834 02928 ! releaseForWrite (lockserver.cc:353): [-8283455371504841553] Releasing unheld write lock: 93o22xas3MrKvTP4F2gKFjpJGqTNqxgnCjo7aXMfI3rodiHvUjUuvJA8meYitavH
20230730-160741-7834 02928 ! releaseForRead  (lockserver.cc:293): [-8283455371504841553] Releasing unheld read lock: 7bBS35OUTFTmGmo0Zd0of4xngsZFdiW9uLuUbvPnhptNfmr5A5AMyFGlIV52iqxm
20230730-160741-7846 02928 ! releaseForWrite (lockserver.cc:353): [3551068335303940133] Releasing unheld write lock: pwsCiopDylmXGhWZHY09zwKATKq8z2oxUOhCxhyegIOyzYfqAMpqdTu8XcnpfyZ8
20230730-160741-7883 02928 ! releaseForRead  (lockserver.cc:293): [8618445971672500095] Releasing unheld read lock: pwsCiopDylmXGhWZHY09zwKATKq8z2oxUOhCxhyegIOyzYfqAMpqdTu8XcnpfyZ8
20230730-160741-8019 02928 ! releaseForWrite (lockserver.cc:353): [4728019684135260161] Releasing unheld write lock: pwsCiopDylmXGhWZHY09zwKATKq8z2oxUOhCxhyegIOyzYfqAMpqdTu8XcnpfyZ8
20230730-160741-8594 02928 ! releaseForRead  (lockserver.cc:293): [-6713310473377271574] Releasing unheld read lock: pwsCiopDylmXGhWZHY09zwKATKq8z2oxUOhCxhyegIOyzYfqAMpqdTu8XcnpfyZ8
20230730-160741-8594 02928 ! releaseForRead  (lockserver.cc:293): [-6713310473377271574] Releasing unheld read lock: hJoFryYM0EN8LGlv9bDle1ZTxsFA9hQySWpryDkYtGTcdTFeuXcwBzQ8X1saBe7c
20230730-160741-8604 02928 ! releaseForRead  (lockserver.cc:293): [-4695802430109611489] Releasing unheld read lock: pwsCiopDylmXGhWZHY09zwKATKq8z2oxUOhCxhyegIOyzYfqAMpqdTu8XcnpfyZ8
20230730-160741-9912 02928 ! releaseForWrite (lockserver.cc:353): [-3453931972249341545] Releasing unheld write lock: pwsCiopDylmXGhWZHY09zwKATKq8z2oxUOhCxhyegIOyzYfqAMpqdTu8XcnpfyZ8
20230730-160741-9912 02928 ! releaseForRead  (lockserver.cc:293): [-3453931972249341545] Releasing unheld read lock: CfIBeTkliZ0mD7Wbx3MOSnkWBuInd6YAmJsbizhhx1onulxULtYAAlxYFIUqDjgE
20230730-160741-9912 02928 ! releaseForRead  (lockserver.cc:293): [-3453931972249341545] Releasing unheld read lock: pwsCiopDylmXGhWZHY09zwKATKq8z2oxUOhCxhyegIOyzYfqAMpqdTu8XcnpfyZ8
20230730-160741-9912 02928 ! releaseForRead  (lockserver.cc:293): [-3453931972249341545] Releasing unheld read lock: 4H7ifCGuMyjN9CrdnHAZ4V9Mr7EiuuFgAyuWsHWQpXOaH40YuZ8mDGIZpLzuQeIH
20230730-160742-0249 02928 ! releaseForWrite (lockserver.cc:353): [-4348867358753511471] Releasing unheld write lock: pwsCiopDylmXGhWZHY09zwKATKq8z2oxUOhCxhyegIOyzYfqAMpqdTu8XcnpfyZ8
20230730-160742-0394 02928 ! releaseForWrite (lockserver.cc:353): [3630457384497800049] Releasing unheld write lock: fT1uGgIVcx7GMZMBJVxIWYz4Avh8aZ74C2jQFK7GyRXQ9XI5wHiuHYyH6TN5P6cc
20230730-160742-0395 02928 ! releaseForRead  (lockserver.cc:293): [3630457384497800049] Releasing unheld read lock: 9hGJKPCVmW206iv8gMgbnzDOw6Q4xDZf4S1bEeK40bPmnCpsbMcd4N0WKE7ASwhZ
20230730-160742-0395 02928 ! releaseForRead  (lockserver.cc:293): [3630457384497800049] Releasing unheld read lock: pwsCiopDylmXGhWZHY09zwKATKq8z2oxUOhCxhyegIOyzYfqAMpqdTu8XcnpfyZ8
20230730-160742-0482 02928 ! releaseForRead  (lockserver.cc:293): [-4747399543136701562] Releasing unheld read lock: pwsCiopDylmXGhWZHY09zwKATKq8z2oxUOhCxhyegIOyzYfqAMpqdTu8XcnpfyZ8
20230730-160742-0720 02928 ! releaseForWrite (lockserver.cc:353): [-3158007273808691568] Releasing unheld write lock: XWXmRPA2ERTo0ko3SSw597MRr5X36XXnfgWTfaGLOZtoiM16dkGUhdueXOlQIcVm
20230730-160742-0721 02928 ! releaseForWrite (lockserver.cc:353): [-3158007273808691568] Releasing unheld write lock: pwsCiopDylmXGhWZHY09zwKATKq8z2oxUOhCxhyegIOyzYfqAMpqdTu8XcnpfyZ8
20230730-160742-0721 02928 ! releaseForWrite (lockserver.cc:353): [-3158007273808691568] Releasing unheld write lock: 4uJpV3NoiYhwXzF0sRQnnpsTZqRAoomgBwOL03imk9escKTpba0jcOF3zWYW92bL
20230730-160742-1282 02928 ! releaseForWrite (lockserver.cc:353): [-7134851065203731573] Releasing unheld write lock: pwsCiopDylmXGhWZHY09zwKATKq8z2oxUOhCxhyegIOyzYfqAMpqdTu8XcnpfyZ8
20230730-160742-1288 02928 ! releaseForWrite (lockserver.cc:353): [8056190734138330097] Releasing unheld write lock: pwsCiopDylmXGhWZHY09zwKATKq8z2oxUOhCxhyegIOyzYfqAMpqdTu8XcnpfyZ8
20230730-160742-1294 02928 ! releaseForWrite (lockserver.cc:353): [-793263567705691442] Releasing unheld write lock: pwsCiopDylmXGhWZHY09zwKATKq8z2oxUOhCxhyegIOyzYfqAMpqdTu8XcnpfyZ8
20230730-160742-7463 02928 ! releaseForWrite (lockserver.cc:353): [1688237299413860062] Releasing unheld write lock: iLRUQYiRCRik0QQ7S4cCD9ufePOReMuOG4kCHF9VeizOwSIvfrKbBuOh9yx3Jcol
20230730-160742-7464 02928 ! releaseForRead  (lockserver.cc:293): [1688237299413860062] Releasing unheld read lock: pwsCiopDylmXGhWZHY09zwKATKq8z2oxUOhCxhyegIOyzYfqAMpqdTu8XcnpfyZ8
20230730-160742-7588 02928 ! releaseForWrite (lockserver.cc:353): [431794635507010061] Releasing unheld write lock: pwsCiopDylmXGhWZHY09zwKATKq8z2oxUOhCxhyegIOyzYfqAMpqdTu8XcnpfyZ8
20230730-160742-7588 02928 ! releaseForWrite (lockserver.cc:353): [431794635507010061] Releasing unheld write lock: bgiQGdAtmybzqtDiUHcaU75LnZ5MBK8OSx406doJWIwf5hzyDcYpzdUJkdtHIXHK
20230730-160742-7588 02928 ! releaseForRead  (lockserver.cc:293): [431794635507010061] Releasing unheld read lock: UD9Hi9XTbDcEb07Yhvwmi9SGewG7rUS1upXBxjD5v9cRbBi1ZqOYhmGPoAknoC18
20230730-160742-7606 02928 ! releaseForWrite (lockserver.cc:353): [-2068379051096651557] Releasing unheld write lock: 9hGJKPCVmW206iv8gMgbnzDOw6Q4xDZf4S1bEeK40bPmnCpsbMcd4N0WKE7ASwhZ
20230730-160742-7607 02928 ! releaseForWrite (lockserver.cc:353): [-2068379051096651557] Releasing unheld write lock: iQTJjFWwP8n0BuEVk8ibvtzLAqVUSTRg8RPT5VYOHNcYlbMkTaL97VFfV2hicDlg
20230730-160742-7607 02928 ! releaseForRead  (lockserver.cc:293): [-2068379051096651557] Releasing unheld read lock: pwsCiopDylmXGhWZHY09zwKATKq8z2oxUOhCxhyegIOyzYfqAMpqdTu8XcnpfyZ8
20230730-160742-8313 02928 ! releaseForWrite (lockserver.cc:353): [1800256785453280058] Releasing unheld write lock: pwsCiopDylmXGhWZHY09zwKATKq8z2oxUOhCxhyegIOyzYfqAMpqdTu8XcnpfyZ8
20230730-160742-8314 02928 ! releaseForWrite (lockserver.cc:353): [1800256785453280058] Releasing unheld write lock: kYwNJIpakmJGT99QVjzR7GqmgaEPda53eBn9jxZFcloC9NxqlFJPaG2yBXZPvTa2
20230730-160742-8314 02928 ! releaseForRead  (lockserver.cc:293): [1800256785453280058] Releasing unheld read lock: 57hlLj8MqkOVVJGOak35NSDneafgCCUArW0YYlEvfH0u4ONyTqlmgcvjM1MDjtWu
20230730-160742-8314 02928 ! releaseForRead  (lockserver.cc:293): [1800256785453280058] Releasing unheld read lock: V1zIbj8XQBW2aPJ9LgY2CXwJ1C0QOOxGdyJNMobC3ztMniz0Le9UbUHtLimKU1YI
20230730-160743-2100 02928 ! releaseForWrite (lockserver.cc:353): [3222207614701490054] Releasing unheld write lock: 3dv4psra2jUi2ezRbRiwEbamClgqEuD95CnNcjyBVzv2K8WXxujOvZCyGi7cuS27
20230730-160743-2101 02928 ! releaseForWrite (lockserver.cc:353): [3222207614701490054] Releasing unheld write lock: A0Gz3qx8SzWi9iC9pzC9yYFbZkNk77TWMMwo2ml57gBLh78LD8rmFqk5PbcOeyMT
20230730-160743-2101 02928 ! releaseForRead  (lockserver.cc:293): [3222207614701490054] Releasing unheld read lock: fqKMxoeEySx8sf1fogMSq2TJMNp7GaOXUfdTbbBXuLiHTis7qAKDK6RoSCXho5cJ
20230730-160743-2101 02928 ! releaseForRead  (lockserver.cc:293): [3222207614701490054] Releasing unheld read lock: pwsCiopDylmXGhWZHY09zwKATKq8z2oxUOhCxhyegIOyzYfqAMpqdTu8XcnpfyZ8
20230730-160743-2276 02928 ! releaseForWrite (lockserver.cc:353): [-4747399543136701560] Releasing unheld write lock: pwsCiopDylmXGhWZHY09zwKATKq8z2oxUOhCxhyegIOyzYfqAMpqdTu8XcnpfyZ8
20230730-160743-2276 02928 ! releaseForRead  (lockserver.cc:293): [-4747399543136701560] Releasing unheld read lock: HPbluYx7VT3Hxixwa42uo4O1byyOh5aCoIqZAsLcPrcYf0d9iNVJYYSTVLap73lG
20230730-160743-2569 02928 ! releaseForWrite (lockserver.cc:353): [3470700846181270192] Releasing unheld write lock: pwsCiopDylmXGhWZHY09zwKATKq8z2oxUOhCxhyegIOyzYfqAMpqdTu8XcnpfyZ8
20230730-160743-2638 02928 ! releaseForWrite (lockserver.cc:353): [9118173381756010058] Releasing unheld write lock: pwsCiopDylmXGhWZHY09zwKATKq8z2oxUOhCxhyegIOyzYfqAMpqdTu8XcnpfyZ8
20230730-160743-6999 02928 * RequestStateTransfer (replica.cc:212):   [2] Requesting state transfer: <0,140680>
20230730-160743-7000 02928 * HandleRequestStateTransfer (replica.cc:727):   [2] Sending state transfer from <0,140680> to <0,140680>
20230730-160743-7001 02928 * RequestStateTransfer (replica.cc:212):   [2] Requesting state transfer: <0,140681>
20230730-160743-9147 02928 ! releaseForWrite (lockserver.cc:353): [7337916307767410059] Releasing unheld write lock: pwsCiopDylmXGhWZHY09zwKATKq8z2oxUOhCxhyegIOyzYfqAMpqdTu8XcnpfyZ8
20230730-160743-9147 02928 ! releaseForRead  (lockserver.cc:293): [7337916307767410059] Releasing unheld read lock: MQ4rov0siraaP1NM7HSvlB4i06GLbvhFpph8Ftlxrz0xX1J8MQuhCyyemYUQbhox
20230730-160743-9910 02928 ! releaseForWrite (lockserver.cc:353): [3242643894174680059] Releasing unheld write lock: pwsCiopDylmXGhWZHY09zwKATKq8z2oxUOhCxhyegIOyzYfqAMpqdTu8XcnpfyZ8
20230730-160743-9910 02928 ! releaseForWrite (lockserver.cc:353): [3242643894174680059] Releasing unheld write lock: 71gunZ1WfW4JTYBUaxh8U8SmFPkuJFQMl9Pbo276E712R05QsoJz2Ko67CLvLdcZ
20230730-160743-9911 02928 ! releaseForRead  (lockserver.cc:293): [3242643894174680059] Releasing unheld read lock: PSORPqPZSTZH1ZcXLyUr8KuDjpGAZo33aBFcZSvoX3IlYp7XOuJN9Aj7gdFD2Q0v
20230730-160744-1780 02928 ! releaseForWrite (lockserver.cc:353): [-2128313312505041541] Releasing unheld write lock: HCBflBjYcsMcC08WWDv3zQbgFx56aGkLDlQ1MBbcXd1olWzlm8gd7JkZjuQsuyjP
20230730-160744-1780 02928 ! releaseForWrite (lockserver.cc:353): [-2128313312505041541] Releasing unheld write lock: pwsCiopDylmXGhWZHY09zwKATKq8z2oxUOhCxhyegIOyzYfqAMpqdTu8XcnpfyZ8
20230730-160744-2179 02928 ! releaseForWrite (lockserver.cc:353): [3630457384497800052] Releasing unheld write lock: pwsCiopDylmXGhWZHY09zwKATKq8z2oxUOhCxhyegIOyzYfqAMpqdTu8XcnpfyZ8
20230730-160744-2382 02928 ! releaseForWrite (lockserver.cc:353): [-4747399543136701558] Releasing unheld write lock: pwsCiopDylmXGhWZHY09zwKATKq8z2oxUOhCxhyegIOyzYfqAMpqdTu8XcnpfyZ8
20230730-160744-2383 02928 ! releaseForRead  (lockserver.cc:293): [-4747399543136701558] Releasing unheld read lock: LaeLBrxuk9Qi9LT3WAfZfyUniwQrMZfJ8O8Umn8sIDYxi2EVjg7Gp3aizLLxmCch
20230730-160744-2383 02928 ! releaseForRead  (lockserver.cc:293): [-4747399543136701558] Releasing unheld read lock: EEjEZ7vYBMwpGPxP5I1Gdn6orbKHhyqksVnvOKOsjJUNKkgbToY6bAp9g8f3xWST
20230730-160744-2801 02928 ! releaseForWrite (lockserver.cc:353): [4900365599775910056] Releasing unheld write lock: qCi0svBRGaHUO5hxRMt8egeRk7wdqrFJ8kgmnCVIwUPhe04GTXwpNP2B28Gr5JaN
20230730-160744-2801 02928 ! releaseForWrite (lockserver.cc:353): [4900365599775910056] Releasing unheld write lock: pwsCiopDylmXGhWZHY09zwKATKq8z2oxUOhCxhyegIOyzYfqAMpqdTu8XcnpfyZ8
20230730-160744-2801 02928 ! releaseForWrite (lockserver.cc:353): [4900365599775910056] Releasing unheld write lock: i8MuYRIsBKNJZpzN3LTaehhhwNty04uKYcISIB3HMamtbUL1H6mzkKSQanzVT8Xi
20230730-160744-3043 02928 ! releaseForWrite (lockserver.cc:353): [1132273544978140072] Releasing unheld write lock: cfiXWA1KwEeBBfrV08DulUmq8zkdOCgdW7zOsW7muB0QGoJTYvAz2uIpVZZZnvcq
20230730-160744-3044 02928 ! releaseForRead  (lockserver.cc:293): [1132273544978140072] Releasing unheld read lock: pwsCiopDylmXGhWZHY09zwKATKq8z2oxUOhCxhyegIOyzYfqAMpqdTu8XcnpfyZ8
20230730-160744-3044 02928 ! releaseForRead  (lockserver.cc:293): [1132273544978140072] Releasing unheld read lock: 0U66ki3iriWBWv6IalvKWaplUygRTgYeBezSWXhKUhyNOo60xraadIlOniQJO8hr
20230730-160744-3614 02928 ! releaseForWrite (lockserver.cc:353): [-3158007273808691565] Releasing unheld write lock: 8tRCUNCMpg2AhRo2r5TmWsADvJMv9Om1IlSqTZvvogpGMs0EvVNu5b4MdF3sFdLC
20230730-160744-3615 02928 ! releaseForRead  (lockserver.cc:293): [-3158007273808691565] Releasing unheld read lock: pwsCiopDylmXGhWZHY09zwKATKq8z2oxUOhCxhyegIOyzYfqAMpqdTu8XcnpfyZ8
20230730-160744-3615 02928 ! releaseForRead  (lockserver.cc:293): [-3158007273808691565] Releasing unheld read lock: IeVWLIWH4dMSqGTTrK7hEHrTcCO5LKzxJM93t979kyA8r2ceHst10UbjwJu51GaC
20230730-160744-4010 02928 ! releaseForWrite (lockserver.cc:353): [-5887980057823551483] Releasing unheld write lock: IeVWLIWH4dMSqGTTrK7hEHrTcCO5LKzxJM93t979kyA8r2ceHst10UbjwJu51GaC
20230730-160744-4047 02928 ! releaseForRead  (lockserver.cc:293): [3551068335303940141] Releasing unheld read lock: pwsCiopDylmXGhWZHY09zwKATKq8z2oxUOhCxhyegIOyzYfqAMpqdTu8XcnpfyZ8
20230730-160744-7435 02928 ! releaseForWrite (lockserver.cc:353): [-4494022780663391549] Releasing unheld write lock: 1hCzBLcXshfow5jK4VyfLmE0XgLalAFW0wCfQo8Hmhu0Nnv7hWkGAXBbigCTpGIS
20230730-160744-7435 02928 ! releaseForRead  (lockserver.cc:293): [-4494022780663391549] Releasing unheld read lock: pwsCiopDylmXGhWZHY09zwKATKq8z2oxUOhCxhyegIOyzYfqAMpqdTu8XcnpfyZ8
20230730-160744-7435 02928 ! releaseForRead  (lockserver.cc:293): [-4494022780663391549] Releasing unheld read lock: M610sMVHZAKSXiw0vRZRuWnLrSLVi6trqj8viiWOduLoGfyCjwCgtxmosz7zOZzw
20230730-160744-8163 02928 ! releaseForWrite (lockserver.cc:353): [4767682039150690132] Releasing unheld write lock: pwsCiopDylmXGhWZHY09zwKATKq8z2oxUOhCxhyegIOyzYfqAMpqdTu8XcnpfyZ8
20230730-160744-8793 02928 ! releaseForWrite (lockserver.cc:353): [8618445971672500100] Releasing unheld write lock: pwsCiopDylmXGhWZHY09zwKATKq8z2oxUOhCxhyegIOyzYfqAMpqdTu8XcnpfyZ8
20230730-160744-8793 02928 ! releaseForWrite (lockserver.cc:353): [8618445971672500100] Releasing unheld write lock: T94drHHsLzKK2huhepC1Q3Mj5rZyjAlNSta0LPRGvJBPVxiUwuWMcBdRmz2rlQR8
20230730-160744-8793 02928 ! releaseForRead  (lockserver.cc:293): [8618445971672500100] Releasing unheld read lock: EEjEZ7vYBMwpGPxP5I1Gdn6orbKHhyqksVnvOKOsjJUNKkgbToY6bAp9g8f3xWST
20230730-160744-8793 02928 ! releaseForRead  (lockserver.cc:293): [8618445971672500100] Releasing unheld read lock: yASOir9228ii7aI0Org6KZ6mrhN6Yf2Mb1WVw0ZPGiqRosUxZxdQgGiDlnD55jq7
20230730-160744-8851 02928 ! releaseForWrite (lockserver.cc:353): [-2332120244772961554] Releasing unheld write lock: pwsCiopDylmXGhWZHY09zwKATKq8z2oxUOhCxhyegIOyzYfqAMpqdTu8XcnpfyZ8
20230730-160744-8851 02928 ! releaseForRead  (lockserver.cc:293): [-2332120244772961554] Releasing unheld read lock: pwsCiopDylmXGhWZHY09zwKATKq8z2oxUOhCxhyegIOyzYfqAMpqdTu8XcnpfyZ8
20230730-160744-8878 02928 ! releaseForWrite (lockserver.cc:353): [8652656222927090063] Releasing unheld write lock: pwsCiopDylmXGhWZHY09zwKATKq8z2oxUOhCxhyegIOyzYfqAMpqdTu8XcnpfyZ8
20230730-160744-8879 02928 ! releaseForRead  (lockserver.cc:293): [8652656222927090063] Releasing unheld read lock: rC5Q6thtmmlj6IxHF2dEwfOxcEHmJZSeYIuXYpv1O8Wv23I7uQ0fv6KN5azCSJaL
20230730-160744-8879 02928 ! releaseForRead  (lockserver.cc:293): [8652656222927090063] Releasing unheld read lock: HCBflBjYcsMcC08WWDv3zQbgFx56aGkLDlQ1MBbcXd1olWzlm8gd7JkZjuQsuyjP
20230730-160744-8879 02928 ! releaseForRead  (lockserver.cc:293): [8652656222927090063] Releasing unheld read lock: qGWNsglK0LCtmLdRnZA1uGcFLRq6MsetjCL6BTbingGEbNnAISPfO0SFITXGjtQv
20230730-160744-8965 02928 ! releaseForWrite (lockserver.cc:353): [5982480696045640055] Releasing unheld write lock: pwsCiopDylmXGhWZHY09zwKATKq8z2oxUOhCxhyegIOyzYfqAMpqdTu8XcnpfyZ8
20230730-160744-8965 02928 ! releaseForRead  (lockserver.cc:293): [5982480696045640055] Releasing unheld read lock: pwsCiopDylmXGhWZHY09zwKATKq8z2oxUOhCxhyegIOyzYfqAMpqdTu8XcnpfyZ8
20230730-160744-9008 02928 ! releaseForRead  (lockserver.cc:293): [-4177853690970001552] Releasing unheld read lock: pwsCiopDylmXGhWZHY09zwKATKq8z2oxUOhCxhyegIOyzYfqAMpqdTu8XcnpfyZ8
20230730-160744-9092 02928 ! releaseForWrite (lockserver.cc:353): [3314633494412560068] Releasing unheld write lock: pwsCiopDylmXGhWZHY09zwKATKq8z2oxUOhCxhyegIOyzYfqAMpqdTu8XcnpfyZ8
20230730-160744-9255 02928 ! releaseForWrite (lockserver.cc:353): [-1333231209533781555] Releasing unheld write lock: FmhIZs25It9wsWIi70mTUQdUN2VdD2NZk1uzIgpbTnEmrXYfbRFs37TcCj9y9Dck
20230730-160744-9255 02928 ! releaseForWrite (lockserver.cc:353): [-1333231209533781555] Releasing unheld write lock: 8tRCUNCMpg2AhRo2r5TmWsADvJMv9Om1IlSqTZvvogpGMs0EvVNu5b4MdF3sFdLC
20230730-160744-9256 02928 ! releaseForRead  (lockserver.cc:293): [-1333231209533781555] Releasing unheld read lock: 4mj34A7pS2KbFSDejtlSah15KJvrXI34n7Awvg4bR0qFozHT2gsff5n4jqGxPiNk
20230730-160744-9394 02928 ! releaseForWrite (lockserver.cc:353): [4344108807788520074] Releasing unheld write lock: pwsCiopDylmXGhWZHY09zwKATKq8z2oxUOhCxhyegIOyzYfqAMpqdTu8XcnpfyZ8
20230730-160744-9394 02928 ! releaseForWrite (lockserver.cc:353): [4344108807788520074] Releasing unheld write lock: vtm82nv7pcNTRnoE3uRJ4oyZz747zzRkR1kNMCd7uOV7m9S3VfW60b7DwO8UpcsE
20230730-160744-9394 02928 ! releaseForWrite (lockserver.cc:353): [4344108807788520074] Releasing unheld write lock: 0yECl8z5awN884a3GX6foBtwsqfux8TAYOWvPAw98iYwvAOKfhWrNNOXBf71piJx
20230730-160744-9394 02928 ! releaseForWrite (lockserver.cc:353): [4344108807788520074] Releasing unheld write lock: HF2yE1FSv29awbnbdcCbzkZeHYkIHGISD3IYShUNWxTDfnU8foHucHX0W3ivgGQK
20230730-160744-9881 02928 ! releaseForWrite (lockserver.cc:353): [5642395579163170066] Releasing unheld write lock: pwsCiopDylmXGhWZHY09zwKATKq8z2oxUOhCxhyegIOyzYfqAMpqdTu8XcnpfyZ8
20230730-160744-9881 02928 ! releaseForRead  (lockserver.cc:293): [5642395579163170066] Releasing unheld read lock: 0WQq3GgGdtuMKGcVJ7eQtGYKDGPukq1xHa3oqN3HbXgxMH4Tj1MjlYBS1Qe0hWiC
20230730-160744-9881 02928 ! releaseForRead  (lockserver.cc:293): [5642395579163170066] Releasing unheld read lock: prJzogVIiUKx9smxBHyopOgphcyruHFpiZ5Yun4BKX8jfMZUGTIVBMKouMvfpD9g
20230730-160745-0040 02928 ! releaseForWrite (lockserver.cc:353): [-3453931972249341542] Releasing unheld write lock: pwsCiopDylmXGhWZHY09zwKATKq8z2oxUOhCxhyegIOyzYfqAMpqdTu8XcnpfyZ8
20230730-160745-0400 02928 ! releaseForWrite (lockserver.cc:353): [-3873309292950741492] Releasing unheld write lock: pwsCiopDylmXGhWZHY09zwKATKq8z2oxUOhCxhyegIOyzYfqAMpqdTu8XcnpfyZ8
20230730-160745-0409 02928 ! releaseForWrite (lockserver.cc:353): [-6403612082261711549] Releasing unheld write lock: pwsCiopDylmXGhWZHY09zwKATKq8z2oxUOhCxhyegIOyzYfqAMpqdTu8XcnpfyZ8
20230730-160745-0645 02928 * RequestStateTransfer (replica.cc:212):   [2] Requesting state transfer: <0,146740>
20230730-160745-0646 02928 * RequestStateTransfer (replica.cc:212):   [2] Requesting state transfer: <0,146741>
20230730-160745-1868 02928 ! releaseForRead  (lockserver.cc:293): [-3749550829046271545] Releasing unheld read lock: pwsCiopDylmXGhWZHY09zwKATKq8z2oxUOhCxhyegIOyzYfqAMpqdTu8XcnpfyZ8
20230730-160745-1965 02928 ! releaseForWrite (lockserver.cc:353): [-8283455371504841546] Releasing unheld write lock: pwsCiopDylmXGhWZHY09zwKATKq8z2oxUOhCxhyegIOyzYfqAMpqdTu8XcnpfyZ8
20230730-160745-1965 02928 ! releaseForWrite (lockserver.cc:353): [-8283455371504841546] Releasing unheld write lock: tpnshMuHd6DbTT6pQ0aUbOAzm8xIxXnD5y4d1CrkEHBYaCjrfaQh6FURjB4qptj1
20230730-160745-1965 02928 ! releaseForWrite (lockserver.cc:353): [-8283455371504841546] Releasing unheld write lock: EVglQLhjgCYCGstQZ126KRVE1cKNDEnZ6OfOqU7EMVR344lFtHaRFVokJiiOjUBJ
20230730-160745-1966 02928 ! releaseForRead  (lockserver.cc:293): [-8283455371504841546] Releasing unheld read lock: MqkZq8C7AJEhdIG4M8XsqKw1uh61LHQswpxpvV5bRlW14Ht0UnayWdzTdWWLXSXI
20230730-160745-1966 02928 ! releaseForRead  (lockserver.cc:293): [-8283455371504841546] Releasing unheld read lock: pwsCiopDylmXGhWZHY09zwKATKq8z2oxUOhCxhyegIOyzYfqAMpqdTu8XcnpfyZ8
20230730-160745-1966 02928 ! releaseForRead  (lockserver.cc:293): [-8283455371504841546] Releasing unheld read lock: 4H7ifCGuMyjN9CrdnHAZ4V9Mr7EiuuFgAyuWsHWQpXOaH40YuZ8mDGIZpLzuQeIH
20230730-160745-2223 02928 ! releaseForRead  (lockserver.cc:293): [3630457384497800053] Releasing unheld read lock: pwsCiopDylmXGhWZHY09zwKATKq8z2oxUOhCxhyegIOyzYfqAMpqdTu8XcnpfyZ8
20230730-160745-2437 02928 ! releaseForWrite (lockserver.cc:353): [-4747399543136701557] Releasing unheld write lock: Ih5VV2dcaTbLx4OqwG8LiqIkDiliB1EAukBbbDjdbiFLoux0mss4zX6GiVbqWu3Q
20230730-160745-2438 02928 ! releaseForRead  (lockserver.cc:293): [-4747399543136701557] Releasing unheld read lock: pwsCiopDylmXGhWZHY09zwKATKq8z2oxUOhCxhyegIOyzYfqAMpqdTu8XcnpfyZ8
20230730-160745-2471 02928 ! releaseForRead  (lockserver.cc:293): [-2068379051096651553] Releasing unheld read lock: pwsCiopDylmXGhWZHY09zwKATKq8z2oxUOhCxhyegIOyzYfqAMpqdTu8XcnpfyZ8
20230730-160745-2471 02928 ! releaseForRead  (lockserver.cc:293): [-2068379051096651553] Releasing unheld read lock: cApJRsb3o3ZPfLznn4V9KL401P72x3iwq3nbUN23zSWtjzKTjD7k5ODICahwiKrL
20230730-160745-3232 02928 ! releaseForRead  (lockserver.cc:293): [-2828275816681081518] Releasing unheld read lock: pwsCiopDylmXGhWZHY09zwKATKq8z2oxUOhCxhyegIOyzYfqAMpqdTu8XcnpfyZ8
20230730-160745-3818 02928 ! releaseForWrite (lockserver.cc:353): [-3363580195887531544] Releasing unheld write lock: pwsCiopDylmXGhWZHY09zwKATKq8z2oxUOhCxhyegIOyzYfqAMpqdTu8XcnpfyZ8
20230730-160745-3818 02928 ! releaseForWrite (lockserver.cc:353): [-3363580195887531544] Releasing unheld write lock: vhdVA7327wvS8941wN9krmZrFp3PJeDJ7nKR16pB4bPp1aFBgZuFtp1gtRdhGcMH
20230730-160745-3818 02928 ! releaseForRead  (lockserver.cc:293): [-3363580195887531544] Releasing unheld read lock: NQMTKRaHdSu7PSuK3k4M460t61rMjMcEbbczDDXt53Pxq7w41tqu4jai9k8FNzrm
20230730-160745-3936 02928 ! releaseForWrite (lockserver.cc:353): [9118173381756010061] Releasing unheld write lock: pwsCiopDylmXGhWZHY09zwKATKq8z2oxUOhCxhyegIOyzYfqAMpqdTu8XcnpfyZ8
20230730-160745-4022 02928 ! releaseForWrite (lockserver.cc:353): [3341154749599110061] Releasing unheld write lock: kMrJcDLu4X3kpm8VuOeDD5U6UaF3vPj1pSGl54JCq6WMnwTN8syztIb23GedcytR
20230730-160745-4023 02928 ! releaseForWrite (lockserver.cc:353): [3341154749599110061] Releasing unheld write lock: xnVLsIVdFlPV3bhDLH4Ht3UvndR2WuGXPLAcKMztjMaU11xZAC5GvPFpMbVBCDDi
20230730-160745-4023 02928 ! releaseForWrite (lockserver.cc:353): [3341154749599110061] Releasing unheld write lock: pwsCiopDylmXGhWZHY09zwKATKq8z2oxUOhCxhyegIOyzYfqAMpqdTu8XcnpfyZ8
20230730-160745-4023 02928 ! releaseForRead  (lockserver.cc:293): [3341154749599110061] Releasing unheld read lock: AZ6HurURHXfSKg62gpZwzwx0UAnN2zEdAV2MkakTFLFDdUqVd3oLgK9uRFHK2mQl
20230730-160745-4111 02928 ! releaseForRead  (lockserver.cc:293): [4432071524828770066] Releasing unheld read lock: pwsCiopDylmXGhWZHY09zwKATKq8z2oxUOhCxhyegIOyzYfqAMpqdTu8XcnpfyZ8
20230730-160745-4324 02928 ! releaseForRead  (lockserver.cc:293): [431794635507010064] Releasing unheld read lock: T94drHHsLzKK2huhepC1Q3Mj5rZyjAlNSta0LPRGvJBPVxiUwuWMcBdRmz2rlQR8
20230730-160745-4324 02928 ! releaseForRead  (lockserver.cc:293): [431794635507010064] Releasing unheld read lock: pwsCiopDylmXGhWZHY09zwKATKq8z2oxUOhCxhyegIOyzYfqAMpqdTu8XcnpfyZ8
20230730-160745-4390 02928 ! releaseForWrite (lockserver.cc:353): [5587876445417200062] Releasing unheld write lock: pwsCiopDylmXGhWZHY09zwKATKq8z2oxUOhCxhyegIOyzYfqAMpqdTu8XcnpfyZ8
20230730-160745-4390 02928 ! releaseForRead  (lockserver.cc:293): [5587876445417200062] Releasing unheld read lock: 84TrnOi1sSPP34tBrKLAaafyEESMFIO5eTifG8hFBL4kI1rqrWrDaIvVBTv2HDAW
20230730-160745-4425 02928 ! releaseForWrite (lockserver.cc:353): [4900365599775910058] Releasing unheld write lock: RUcoM0NPxznlNwFBv7F2IFmPWPZ2UDvmCVxsq3lT3dK6pbM6xdyOs4mFk8I827GV
20230730-160745-4426 02928 ! releaseForRead  (lockserver.cc:293): [4900365599775910058] Releasing unheld read lock: pwsCiopDylmXGhWZHY09zwKATKq8z2oxUOhCxhyegIOyzYfqAMpqdTu8XcnpfyZ8
20230730-160745-4571 02928 ! releaseForWrite (lockserver.cc:353): [-5447688693671001546] Releasing unheld write lock: sCwtfPAKOLhUZ6hJ0AmStDjsfFdwHWuSpBXf2zU3WkjDySvvCtGjtEOWIV3UzDzi
20230730-160745-4571 02928 ! releaseForWrite (lockserver.cc:353): [-5447688693671001546] Releasing unheld write lock: pwsCiopDylmXGhWZHY09zwKATKq8z2oxUOhCxhyegIOyzYfqAMpqdTu8XcnpfyZ8
20230730-160745-4572 02928 ! releaseForRead  (lockserver.cc:293): [-5447688693671001546] Releasing unheld read lock: vsbLxt3bXZ15HYVsmiwwK8DawpC8BEIy300qkdOinZg2GTLC8FKeR5OBfuViZySk
20230730-160745-4762 02928 ! releaseForWrite (lockserver.cc:353): [-5887980057823551482] Releasing unheld write lock: CsZ45MObTEARqBFJVwpVw2rx5juU3yt8N1QB5SLDGq0tjqprh73KKvHrojZJ3bpV
20230730-160745-4762 02928 ! releaseForRead  (lockserver.cc:293): [-5887980057823551482] Releasing unheld read lock: pwsCiopDylmXGhWZHY09zwKATKq8z2oxUOhCxhyegIOyzYfqAMpqdTu8XcnpfyZ8
20230730-160745-8332 02928 ! releaseForWrite (lockserver.cc:353): [1688237299413860066] Releasing unheld write lock: pwsCiopDylmXGhWZHY09zwKATKq8z2oxUOhCxhyegIOyzYfqAMpqdTu8XcnpfyZ8
20230730-160745-8675 02928 ! releaseForWrite (lockserver.cc:353): [-5930363796719491452] Releasing unheld write lock: 9hGJKPCVmW206iv8gMgbnzDOw6Q4xDZf4S1bEeK40bPmnCpsbMcd4N0WKE7ASwhZ
20230730-160745-8675 02928 ! releaseForRead  (lockserver.cc:293): [-5930363796719491452] Releasing unheld read lock: pwsCiopDylmXGhWZHY09zwKATKq8z2oxUOhCxhyegIOyzYfqAMpqdTu8XcnpfyZ8
20230730-160745-8761 02928 ! releaseForWrite (lockserver.cc:353): [-7276688816087031485] Releasing unheld write lock: pwsCiopDylmXGhWZHY09zwKATKq8z2oxUOhCxhyegIOyzYfqAMpqdTu8XcnpfyZ8
20230730-160745-8930 02928 ! releaseForRead  (lockserver.cc:293): [8652656222927090064] Releasing unheld read lock: pwsCiopDylmXGhWZHY09zwKATKq8z2oxUOhCxhyegIOyzYfqAMpqdTu8XcnpfyZ8
20230730-160745-8959 02928 ! releaseForRead  (lockserver.cc:293): [-2332120244772961552] Releasing unheld read lock: pwsCiopDylmXGhWZHY09zwKATKq8z2oxUOhCxhyegIOyzYfqAMpqdTu8XcnpfyZ8
20230730-160745-9025 02928 ! releaseForWrite (lockserver.cc:353): [5982480696045640056] Releasing unheld write lock: HCBflBjYcsMcC08WWDv3zQbgFx56aGkLDlQ1MBbcXd1olWzlm8gd7JkZjuQsuyjP
20230730-160745-9025 02928 ! releaseForWrite (lockserver.cc:353): [5982480696045640056] Releasing unheld write lock: pwsCiopDylmXGhWZHY09zwKATKq8z2oxUOhCxhyegIOyzYfqAMpqdTu8XcnpfyZ8
20230730-160745-9025 02928 ! releaseForRead  (lockserver.cc:293): [5982480696045640056] Releasing unheld read lock: cIvvL7bCpiVltn59lsqfllBOuHHsEbz5QOXlPjepMelQAYNx1imZV96KXELQNRPA
20230730-160745-9025 02928 ! releaseForRead  (lockserver.cc:293): [5982480696045640056] Releasing unheld read lock: ziPGs51xUQef8xKAo08V5S8Kpa7nSKOnxEx67fyqlo1ZhIl43TZgnIEdVYlQslhs
20230730-160745-9026 02928 ! releaseForRead  (lockserver.cc:293): [5982480696045640056] Releasing unheld read lock: jKLjiPPbbBpmhEtVAUuY4GBj8yZIhbUaFbmuPAreVJ9fhaXQ2TuCbmsqfWE4UaKx
20230730-160745-9150 02928 ! releaseForWrite (lockserver.cc:353): [3314633494412560069] Releasing unheld write lock: pwsCiopDylmXGhWZHY09zwKATKq8z2oxUOhCxhyegIOyzYfqAMpqdTu8XcnpfyZ8
20230730-160745-9150 02928 ! releaseForRead  (lockserver.cc:293): [3314633494412560069] Releasing unheld read lock: pwsCiopDylmXGhWZHY09zwKATKq8z2oxUOhCxhyegIOyzYfqAMpqdTu8XcnpfyZ8
20230730-160745-9150 02928 ! releaseForRead  (lockserver.cc:293): [3314633494412560069] Releasing unheld read lock: bdd4gpQNGsDc7WPhOlQJRkpqkWVwxEHAdGpNsCtK62dNWUItUJuBBIKNwtmtfUsG
20230730-160745-9300 02928 ! releaseForRead  (lockserver.cc:293): [-1333231209533781554] Releasing unheld read lock: zADR3jnbW3fCKUPt17gYXY863fj4jl4kjkveINKgqHfAA35a546e4tHAHxHcEGK6
20230730-160745-9301 02928 ! releaseForRead  (lockserver.cc:293): [-1333231209533781554] Releasing unheld read lock: pwsCiopDylmXGhWZHY09zwKATKq8z2oxUOhCxhyegIOyzYfqAMpqdTu8XcnpfyZ8
20230730-160745-9301 02928 ! releaseForRead  (lockserver.cc:293): [-1333231209533781554] Releasing unheld read lock: 4uJpV3NoiYhwXzF0sRQnnpsTZqRAoomgBwOL03imk9escKTpba0jcOF3zWYW92bL
20230730-160745-9301 02928 ! releaseForRead  (lockserver.cc:293): [-1333231209533781554] Releasing unheld read lock: zoQ2trxuqOhx0IRO3nwRMRm8EkXtSiO9S00PI7JBWZpubXIKaZR6IdneGG9PBe10
20230730-160745-9373 02928 ! releaseForRead  (lockserver.cc:293): [9223116180192290064] Releasing unheld read lock: pwsCiopDylmXGhWZHY09zwKATKq8z2oxUOhCxhyegIOyzYfqAMpqdTu8XcnpfyZ8
20230730-160745-9423 02928 ! releaseForWrite (lockserver.cc:353): [4344108807788520075] Releasing unheld write lock: pwsCiopDylmXGhWZHY09zwKATKq8z2oxUOhCxhyegIOyzYfqAMpqdTu8XcnpfyZ8
20230730-160745-9423 02928 ! releaseForRead  (lockserver.cc:293): [4344108807788520075] Releasing unheld read lock: RG66nsYHjgnMAI7xLCQtzBzS8uwKhAWCBuViRzAIL32bmln8t9eF0jOdahe9hztm
20230730-160745-9424 02928 ! releaseForRead  (lockserver.cc:293): [4344108807788520075] Releasing unheld read lock: pwsCiopDylmXGhWZHY09zwKATKq8z2oxUOhCxhyegIOyzYfqAMpqdTu8XcnpfyZ8
20230730-160745-9530 02928 ! releaseForWrite (lockserver.cc:353): [7273588589129020075] Releasing unheld write lock: ZQPiQf81MNevFEWyxhcPr6SZJpJQQGu8SG5dQ82QPQYGY3pH6ygTgs6vCpdssFMa
20230730-160745-9530 02928 ! releaseForWrite (lockserver.cc:353): [7273588589129020075] Releasing unheld write lock: 8MGFTuunC0ceinxBkZqkI8BUA2HZq7jg6R1UMA76tKuOBQUVEXCTJceKJgqv9xq0
20230730-160745-9530 02928 ! releaseForWrite (lockserver.cc:353): [7273588589129020075] Releasing unheld write lock: pwsCiopDylmXGhWZHY09zwKATKq8z2oxUOhCxhyegIOyzYfqAMpqdTu8XcnpfyZ8
20230730-160746-0552 02928 ! releaseForWrite (lockserver.cc:353): [3004746348347900130] Releasing unheld write lock: pwsCiopDylmXGhWZHY09zwKATKq8z2oxUOhCxhyegIOyzYfqAMpqdTu8XcnpfyZ8
20230730-160746-1220 02928 ! releaseForWrite (lockserver.cc:353): [8725234354226630191] Releasing unheld write lock: UE2Lp7GAPxwe2hfx4wpGEvVduCT8BMqx6v9XU1eqAIxZcVPJDQpHdkrt3fua39qp
20230730-160746-1220 02928 ! releaseForRead  (lockserver.cc:293): [8725234354226630191] Releasing unheld read lock: 3jgIEa3Xq66dmEFqdqOFkNHdmcNCJ2C6a9Ndve6qKU5dEapG69yC1jNOygrz509R
20230730-160746-1220 02928 ! releaseForRead  (lockserver.cc:293): [8725234354226630191] Releasing unheld read lock: pwsCiopDylmXGhWZHY09zwKATKq8z2oxUOhCxhyegIOyzYfqAMpqdTu8XcnpfyZ8
20230730-160746-2511 02928 ! releaseForWrite (lockserver.cc:353): [-2068379051096651552] Releasing unheld write lock: HSXopWRF3a6qqMNKRr3WpltmVyG1Wz73LLvqqt76Brk9xNbnHIx7SHvMgpSr1lTF
20230730-160746-2511 02928 ! releaseForWrite (lockserver.cc:353): [-2068379051096651552] Releasing unheld write lock: pwsCiopDylmXGhWZHY09zwKATKq8z2oxUOhCxhyegIOyzYfqAMpqdTu8XcnpfyZ8
20230730-160746-2512 02928 ! releaseForRead  (lockserver.cc:293): [-2068379051096651552] Releasing unheld read lock: 0nkm7sOAjbOsIkn8Q6gocxGYh93BfALPBhRdcy8Uiqnz27v7fxpSMFueEnt2jPyH
20230730-160746-2512 02928 ! releaseForRead  (lockserver.cc:293): [-2068379051096651552] Releasing unheld read lock: HMIDmZ9q7qCn1F8BwjE15qyqXwy4okIeDLTPo7M9W5DbQaDFoPfBNnMl6cWjNr2J
20230730-160746-4121 02928 ! releaseForWrite (lockserver.cc:353): [3341154749599110063] Releasing unheld write lock: pwsCiopDylmXGhWZHY09zwKATKq8z2oxUOhCxhyegIOyzYfqAMpqdTu8XcnpfyZ8
20230730-160746-4121 02928 ! releaseForRead  (lockserver.cc:293): [3341154749599110063] Releasing unheld read lock: 4H7ifCGuMyjN9CrdnHAZ4V9Mr7EiuuFgAyuWsHWQpXOaH40YuZ8mDGIZpLzuQeIH
20230730-160746-4121 02928 ! releaseForRead  (lockserver.cc:293): [3341154749599110063] Releasing unheld read lock: pwsCiopDylmXGhWZHY09zwKATKq8z2oxUOhCxhyegIOyzYfqAMpqdTu8XcnpfyZ8
20230730-160746-4215 02928 ! releaseForWrite (lockserver.cc:353): [4432071524828770068] Releasing unheld write lock: lXVsZ67fsQStaKUBRyIlIiD9zitaXHK5FQdaQ8RyEFou0otqAFo1IpGhUUfYGJqv
20230730-160746-4215 02928 ! releaseForWrite (lockserver.cc:353): [4432071524828770068] Releasing unheld write lock: pwsCiopDylmXGhWZHY09zwKATKq8z2oxUOhCxhyegIOyzYfqAMpqdTu8XcnpfyZ8
20230730-160746-4483 02928 ! releaseForWrite (lockserver.cc:353): [5587876445417200064] Releasing unheld write lock: pwsCiopDylmXGhWZHY09zwKATKq8z2oxUOhCxhyegIOyzYfqAMpqdTu8XcnpfyZ8
20230730-160746-4483 02928 ! releaseForWrite (lockserver.cc:353): [5587876445417200064] Releasing unheld write lock: HDxkxZ3rUyqCKDvWGSGk8SkZcGyYUPADx0FYw2PMToalzgFaTTMDreEQNNhVOuPO
20230730-160746-4628 02928 ! releaseForWrite (lockserver.cc:353): [4900365599775910061] Releasing unheld write lock: F0VWvedYEzRwloKogHlu5kQUwFr0enxIFOkYfmSDzjL8cuehievJcUzp06FgNelQ
20230730-160746-4628 02928 ! releaseForWrite (lockserver.cc:353): [4900365599775910061] Releasing unheld write lock: pwsCiopDylmXGhWZHY09zwKATKq8z2oxUOhCxhyegIOyzYfqAMpqdTu8XcnpfyZ8
20230730-160746-4628 02928 ! releaseForRead  (lockserver.cc:293): [4900365599775910061] Releasing unheld read lock: Rn73zrNzQBYqesRYPjdKZebOWIsXep3wS8DLV9lwaCDvoPnSuNJLRH9MHOOZL1vF
20230730-160746-4628 02928 ! releaseForRead  (lockserver.cc:293): [4900365599775910061] Releasing unheld read lock: 29hDMet7WQ8N7Wc6DaFBxKjiNq5I5uly9EXmbTjVjpCgPo1AcmtMKQC92Y6oS4rh
20230730-160746-8415 02928 ! releaseForWrite (lockserver.cc:353): [1688237299413860067] Releasing unheld write lock: R9LxEm55sdcALvdsuxPMfMXsdZD9n2cof00jqdKGCbOzFdgIfh4gfVlW9n7ze61o
20230730-160746-8415 02928 ! releaseForWrite (lockserver.cc:353): [1688237299413860067] Releasing unheld write lock: pwsCiopDylmXGhWZHY09zwKATKq8z2oxUOhCxhyegIOyzYfqAMpqdTu8XcnpfyZ8
20230730-160746-8773 02928 ! releaseForWrite (lockserver.cc:353): [431794635507010068] Releasing unheld write lock: FJyzyUZBswgnw2XNhhhYnlEdZ8NjUFKCcauDOFh7z03jixsEBN7ZKdePzZIR9vr8
20230730-160746-8773 02928 ! releaseForWrite (lockserver.cc:353): [431794635507010068] Releasing unheld write lock: pwsCiopDylmXGhWZHY09zwKATKq8z2oxUOhCxhyegIOyzYfqAMpqdTu8XcnpfyZ8
20230730-160746-9077 02928 ! releaseForRead  (lockserver.cc:293): [8652656222927090066] Releasing unheld read lock: pwsCiopDylmXGhWZHY09zwKATKq8z2oxUOhCxhyegIOyzYfqAMpqdTu8XcnpfyZ8
20230730-160746-9161 02928 ! releaseForRead  (lockserver.cc:293): [-4177853690970001549] Releasing unheld read lock: pwsCiopDylmXGhWZHY09zwKATKq8z2oxUOhCxhyegIOyzYfqAMpqdTu8XcnpfyZ8
20230730-160746-9161 02928 ! releaseForRead  (lockserver.cc:293): [-4177853690970001549] Releasing unheld read lock: pwAhlJcbIwKBbrcIeFL0MCSFdxI5SYSispvJHeQZWV18oRqm7W44cQCTKzwVYOhm
20230730-160746-9235 02928 ! releaseForWrite (lockserver.cc:353): [3314633494412560070] Releasing unheld write lock: 53ypU5OnVUM9R6rxTgtchgA3tItySqnS9MxtpKEYvWxJHiRVLfhGHsJRyjbjGPRV
20230730-160746-9236 02928 ! releaseForRead  (lockserver.cc:293): [3314633494412560070] Releasing unheld read lock: pwsCiopDylmXGhWZHY09zwKATKq8z2oxUOhCxhyegIOyzYfqAMpqdTu8XcnpfyZ8
20230730-160747-0100 02928 ! releaseForRead  (lockserver.cc:293): [-4390804499942771549] Releasing unheld read lock: pwsCiopDylmXGhWZHY09zwKATKq8z2oxUOhCxhyegIOyzYfqAMpqdTu8XcnpfyZ8
20230730-160747-0104 02928 ! releaseForWrite (lockserver.cc:353): [-8283455371504841544] Releasing unheld write lock: tJN8ca9WIhQB6lXJc673a6d4Wiau7PtPhJ7edA4KuIDliSCko5Bws9ermbZ4M4t1
20230730-160747-0113 02928 ! releaseForWrite (lockserver.cc:353): [8618445971672500104] Releasing unheld write lock: pwsCiopDylmXGhWZHY09zwKATKq8z2oxUOhCxhyegIOyzYfqAMpqdTu8XcnpfyZ8
20230730-160747-0113 02928 ! releaseForWrite (lockserver.cc:353): [8618445971672500104] Releasing unheld write lock: MDfxivUz3gq7IWKBDyuzYSJaDbfuSrFTcr78e0LZzehczHVZ3mJSrpu94pNEulov
20230730-160747-0113 02928 ! releaseForWrite (lockserver.cc:353): [8618445971672500104] Releasing unheld write lock: t2PX02Sbv342L5zDP8RnYnjFZyt6u3P2julCuuRldadmwKt2lIY3n425Vqni5ZCI
20230730-160747-0143 02928 ! releaseForWrite (lockserver.cc:353): [-6627533687461241493] Releasing unheld write lock: pwsCiopDylmXGhWZHY09zwKATKq8z2oxUOhCxhyegIOyzYfqAMpqdTu8XcnpfyZ8
20230730-160747-0353 02928 ! releaseForWrite (lockserver.cc:353): [1261488397742480200] Releasing unheld write lock: pwsCiopDylmXGhWZHY09zwKATKq8z2oxUOhCxhyegIOyzYfqAMpqdTu8XcnpfyZ8
20230730-160747-0363 02928 ! releaseForRead  (lockserver.cc:293): [-4257239180524951560] Releasing unheld read lock: CJdT0fiepKkqGrL6QgcIsnl7WFW36AG96BTrv8zO7FvF96A3rpDPaTfSLRxoHDjC
20230730-160747-0414 02928 ! releaseForRead  (lockserver.cc:293): [8514147718960270183] Releasing unheld read lock: D1YigzZrD4Zt3pFuN2LPHoMtqWMtKH5wUi4r3YG1koRqWIO6eizkmhutDn4bmQnq
20230730-160747-0415 02928 ! releaseForRead  (lockserver.cc:293): [8514147718960270183] Releasing unheld read lock: xnVLsIVdFlPV3bhDLH4Ht3UvndR2WuGXPLAcKMztjMaU11xZAC5GvPFpMbVBCDDi
20230730-160747-1502 02928 ! releaseForWrite (lockserver.cc:353): [7273588589129020076] Releasing unheld write lock: pwsCiopDylmXGhWZHY09zwKATKq8z2oxUOhCxhyegIOyzYfqAMpqdTu8XcnpfyZ8
20230730-160747-4521 02928 ! releaseForWrite (lockserver.cc:353): [-3665616270863751531] Releasing unheld write lock: pxWkj2gAHfl2a0VhzgrIfIcmYqUl9YI7YbihMCQVtCHT6R0TNOehxrcrLU76xBxz
20230730-160747-4521 02928 ! releaseForRead  (lockserver.cc:293): [-3665616270863751531] Releasing unheld read lock: pwsCiopDylmXGhWZHY09zwKATKq8z2oxUOhCxhyegIOyzYfqAMpqdTu8XcnpfyZ8
20230730-160747-4659 02928 ! releaseForRead  (lockserver.cc:293): [8664164138041690147] Releasing unheld read lock: pwsCiopDylmXGhWZHY09zwKATKq8z2oxUOhCxhyegIOyzYfqAMpqdTu8XcnpfyZ8
20230730-160747-4703 02928 ! releaseForRead  (lockserver.cc:293): [-5447688693671001543] Releasing unheld read lock: qFD2NwFd838VahC7kFJNWBVBe3uWTWse6uIpe1Js5PLfmlqh5LfyZUnP7KMEAd14
20230730-160747-4703 02928 ! releaseForRead  (lockserver.cc:293): [-5447688693671001543] Releasing unheld read lock: pwsCiopDylmXGhWZHY09zwKATKq8z2oxUOhCxhyegIOyzYfqAMpqdTu8XcnpfyZ8
20230730-160747-4704 02928 ! releaseForRead  (lockserver.cc:293): [-5447688693671001543] Releasing unheld read lock: 9CkX8FSgVNodEvIX7mRPxvaSuRjyuLjHdZ4rLnMNxgvf6Jf7fwmKs1VdXHlzCel1
20230730-160747-5921 02928 ! releaseForRead  (lockserver.cc:293): [-3749550829046271542] Releasing unheld read lock: pwsCiopDylmXGhWZHY09zwKATKq8z2oxUOhCxhyegIOyzYfqAMpqdTu8XcnpfyZ8
20230730-160747-9207 02928 ! releaseForRead  (lockserver.cc:293): [-4177853690970001548] Releasing unheld read lock: pwsCiopDylmXGhWZHY09zwKATKq8z2oxUOhCxhyegIOyzYfqAMpqdTu8XcnpfyZ8
20230730-160747-9209 02928 ! releaseForWrite (lockserver.cc:353): [-2332120244772961548] Releasing unheld write lock: 5ZH3RejvmcCmBPSl1nvaurQi7nLQe7VNMNnyz1zwqlLYMnLTIg2FVrDdMe9sO72N
20230730-160747-9209 02928 ! releaseForRead  (lockserver.cc:293): [-2332120244772961548] Releasing unheld read lock: 82Cb0UcK9XCwfOj5gDsjC6AdQqjylnjklKnaauCEB4OZOZH6hJRbva3poLI3Qi7s
20230730-160747-9209 02928 ! releaseForRead  (lockserver.cc:293): [-2332120244772961548] Releasing unheld read lock: pwsCiopDylmXGhWZHY09zwKATKq8z2oxUOhCxhyegIOyzYfqAMpqdTu8XcnpfyZ8
20230730-160748-0148 02928 ! releaseForWrite (lockserver.cc:353): [1800256785453280061] Releasing unheld write lock: bdd4gpQNGsDc7WPhOlQJRkpqkWVwxEHAdGpNsCtK62dNWUItUJuBBIKNwtmtfUsG
20230730-160748-0148 02928 ! releaseForRead  (lockserver.cc:293): [1800256785453280061] Releasing unheld read lock: pwsCiopDylmXGhWZHY09zwKATKq8z2oxUOhCxhyegIOyzYfqAMpqdTu8XcnpfyZ8
20230730-160748-0642 02928 ! releaseForRead  (lockserver.cc:293): [9118173381756010066] Releasing unheld read lock: WOAKHTOyajessqe2hBE0EESWzTsSSirdhSwlMvaVASKJfPHiGzcmUY9yQNGpQlip
20230730-160748-0643 02928 ! releaseForRead  (lockserver.cc:293): [9118173381756010066] Releasing unheld read lock: IeVWLIWH4dMSqGTTrK7hEHrTcCO5LKzxJM93t979kyA8r2ceHst10UbjwJu51GaC
20230730-160748-0643 02928 ! releaseForRead  (lockserver.cc:293): [9118173381756010066] Releasing unheld read lock: pxWkj2gAHfl2a0VhzgrIfIcmYqUl9YI7YbihMCQVtCHT6R0TNOehxrcrLU76xBxz
20230730-160748-0643 02928 ! releaseForRead  (lockserver.cc:293): [9118173381756010066] Releasing unheld read lock: pwsCiopDylmXGhWZHY09zwKATKq8z2oxUOhCxhyegIOyzYfqAMpqdTu8XcnpfyZ8
20230730-160748-0782 02928 ! releaseForWrite (lockserver.cc:353): [3341154749599110066] Releasing unheld write lock: IeVWLIWH4dMSqGTTrK7hEHrTcCO5LKzxJM93t979kyA8r2ceHst10UbjwJu51GaC
20230730-160748-0782 02928 ! releaseForRead  (lockserver.cc:293): [3341154749599110066] Releasing unheld read lock: pwsCiopDylmXGhWZHY09zwKATKq8z2oxUOhCxhyegIOyzYfqAMpqdTu8XcnpfyZ8
20230730-160748-1207 02928 ! releaseForRead  (lockserver.cc:293): [-4348867358753511457] Releasing unheld read lock: IeVWLIWH4dMSqGTTrK7hEHrTcCO5LKzxJM93t979kyA8r2ceHst10UbjwJu51GaC
20230730-160748-1264 02928 ! releaseForWrite (lockserver.cc:353): [1620687784068670152] Releasing unheld write lock: IeVWLIWH4dMSqGTTrK7hEHrTcCO5LKzxJM93t979kyA8r2ceHst10UbjwJu51GaC
20230730-160748-2154 02928 ! releaseForWrite (lockserver.cc:353): [-1154846598957371419] Releasing unheld write lock: M0PjMq8g2DRCqBhTbiZaLW7BCRx4yOeaZdyfyX8283c1JDHsrseJKGAg1UH6zZun
20230730-160748-2155 02928 ! releaseForWrite (lockserver.cc:353): [-1154846598957371419] Releasing unheld write lock: pwsCiopDylmXGhWZHY09zwKATKq8z2oxUOhCxhyegIOyzYfqAMpqdTu8XcnpfyZ8
20230730-160748-2155 02928 ! releaseForRead  (lockserver.cc:293): [-1154846598957371419] Releasing unheld read lock: IeVWLIWH4dMSqGTTrK7hEHrTcCO5LKzxJM93t979kyA8r2ceHst10UbjwJu51GaC
20230730-160749-6367 02928 ! releaseForWrite (lockserver.cc:353): [-2068379051096651543] Releasing unheld write lock: sADUrUSB1lOlG3FpGXO1vFNV38OEPT9675sQc5jDdzL45utzqF0DGpobeyG9dQc7
20230730-160749-6368 02928 ! releaseForWrite (lockserver.cc:353): [-2068379051096651543] Releasing unheld write lock: 97TbduKkc7CZ1FDgLZyoOy1TE0POSlfyt8krkZ9T14Wm8XLmpgXxOi95ErZwiXXj
20230730-160749-6368 02928 ! releaseForWrite (lockserver.cc:353): [-2068379051096651543] Releasing unheld write lock: UeJ0bUjyTvVhtQ7tipukGwQZX4EwR0x1MRTxyZYBj3TpsHAyK7hL0o9uIaINlSsP
20230730-160749-6368 02928 ! releaseForWrite (lockserver.cc:353): [-2068379051096651543] Releasing unheld write lock: Ja29mfPyU1yiMoxoKuYzI6EMAOGBETLdi6mmjBWfds0woU3D4vGm19Y7nQac0scO
20230730-160749-6368 02928 ! releaseForWrite (lockserver.cc:353): [-2068379051096651543] Releasing unheld write lock: pwsCiopDylmXGhWZHY09zwKATKq8z2oxUOhCxhyegIOyzYfqAMpqdTu8XcnpfyZ8
20230730-160749-6383 02928 ! releaseForWrite (lockserver.cc:353): [-1333231209533781547] Releasing unheld write lock: pwsCiopDylmXGhWZHY09zwKATKq8z2oxUOhCxhyegIOyzYfqAMpqdTu8XcnpfyZ8
20230730-160750-0219 02928 ! releaseForWrite (lockserver.cc:353): [1800256785453280066] Releasing unheld write lock: HPbluYx7VT3Hxixwa42uo4O1byyOh5aCoIqZAsLcPrcYf0d9iNVJYYSTVLap73lG
20230730-160750-0219 02928 ! releaseForWrite (lockserver.cc:353): [1800256785453280066] Releasing unheld write lock: pwsCiopDylmXGhWZHY09zwKATKq8z2oxUOhCxhyegIOyzYfqAMpqdTu8XcnpfyZ8
20230730-160750-0219 02928 ! releaseForRead  (lockserver.cc:293): [1800256785453280066] Releasing unheld read lock: pwsCiopDylmXGhWZHY09zwKATKq8z2oxUOhCxhyegIOyzYfqAMpqdTu8XcnpfyZ8
20230730-160750-0219 02928 ! releaseForRead  (lockserver.cc:293): [1800256785453280066] Releasing unheld read lock: CJdT0fiepKkqGrL6QgcIsnl7WFW36AG96BTrv8zO7FvF96A3rpDPaTfSLRxoHDjC
20230730-160750-0230 02928 ! releaseForWrite (lockserver.cc:353): [9223116180192290072] Releasing unheld write lock: nbFOLe92aAAGzDa1y2QfxHY3SseWLyVa7oseCprCO3OhEfqYTWjGXPRMp3tglRc9
20230730-160750-0231 02928 ! releaseForWrite (lockserver.cc:353): [9223116180192290072] Releasing unheld write lock: yaB6iieycwYSRxfVIKkrNl8VrANT4kl4yoO2bhmiwffJMXGd4o7IoW0rpNARtxKR
20230730-160750-0231 02928 ! releaseForWrite (lockserver.cc:353): [9223116180192290072] Releasing unheld write lock: c1UENDasUIKdt4CxdTFn3oOV1ak6d6z4YWO0TvlK6Z22D9GYDd4MoZ0EDuqtrfbP
20230730-160750-0231 02928 ! releaseForWrite (lockserver.cc:353): [9223116180192290072] Releasing unheld write lock: pWGUV13UKNZec4TD1Suu5ArdE5Vg5aoywbmBmGyMJhMy1dfzKGn8603fZCPxd7Nn
20230730-160750-0231 02928 ! releaseForWrite (lockserver.cc:353): [9223116180192290072] Releasing unheld write lock: pwsCiopDylmXGhWZHY09zwKATKq8z2oxUOhCxhyegIOyzYfqAMpqdTu8XcnpfyZ8
20230730-160750-0231 02928 ! releaseForRead  (lockserver.cc:293): [9223116180192290072] Releasing unheld read lock: k9Bx3xvMJAXOJX1EYve4fFUh7ZEje5zOqvAIclZZHdJbQHZyHr5HkR5NwrSQHMCL
20230730-160750-0231 02928 ! releaseForRead  (lockserver.cc:293): [9223116180192290072] Releasing unheld read lock: 41QwkZzSEcGiHwwZefIdeRVIT0rDxcGFL7KbsyQUNt9Z9NOLy0ZqUs3bGPG6gbgE
20230730-160750-0231 02928 ! releaseForRead  (lockserver.cc:293): [9223116180192290072] Releasing unheld read lock: 0WQq3GgGdtuMKGcVJ7eQtGYKDGPukq1xHa3oqN3HbXgxMH4Tj1MjlYBS1Qe0hWiC
20230730-160750-1343 02928 ! releaseForRead  (lockserver.cc:293): [8652656222927090073] Releasing unheld read lock: pwsCiopDylmXGhWZHY09zwKATKq8z2oxUOhCxhyegIOyzYfqAMpqdTu8XcnpfyZ8
20230730-160750-1388 02928 ! releaseForWrite (lockserver.cc:353): [2764595830992720076] Releasing unheld write lock: pwsCiopDylmXGhWZHY09zwKATKq8z2oxUOhCxhyegIOyzYfqAMpqdTu8XcnpfyZ8
20230730-160750-1388 02928 ! releaseForRead  (lockserver.cc:293): [8618445971672500110] Releasing unheld read lock: TyX7CVMK9Tw2bKCG0o5cEncKw34JgLdHNdkDrKIeAlAaG9vkFPmJTmsem1ImQykd
20230730-160750-1389 02928 ! releaseForRead  (lockserver.cc:293): [8618445971672500110] Releasing unheld read lock: pwsCiopDylmXGhWZHY09zwKATKq8z2oxUOhCxhyegIOyzYfqAMpqdTu8XcnpfyZ8
20230730-160750-1397 02928 ! releaseForWrite (lockserver.cc:353): [-4494022780663391543] Releasing unheld write lock: pwsCiopDylmXGhWZHY09zwKATKq8z2oxUOhCxhyegIOyzYfqAMpqdTu8XcnpfyZ8
20230730-160750-1397 02928 ! releaseForWrite (lockserver.cc:353): [-4494022780663391543] Releasing unheld write lock: AxH291VdcjWigA7BikK4VGyWCrdj4vkxsbF0I88pK8Q15xb6atGdkEB6UmfNWjFD
20230730-160750-1397 02928 ! releaseForWrite (lockserver.cc:353): [-4494022780663391543] Releasing unheld write lock: IPlYw3iTXzM3bYfNnuO2pcWvkuNtpLNQ9Q5jEqUkRNjtg23lZHI6ZUSRRZ6ZoCbE
20230730-160750-1398 02928 ! releaseForWrite (lockserver.cc:353): [-3158007273808691554] Releasing unheld write lock: UerrZk54UYjVZSYdFKfbw8Q5nkHLspDwt0RwmvUh20ocuLz0NKee2c4HvKSyouI3
20230730-160750-1399 02928 ! releaseForRead  (lockserver.cc:293): [-3158007273808691554] Releasing unheld read lock: akRJoovKKIAresZyewErjWPLrdBx8M2yv4OirkVEtH5LTOXk7YvgyrWNjfs765WI
20230730-160750-1399 02928 ! releaseForRead  (lockserver.cc:293): [-3158007273808691554] Releasing unheld read lock: pwsCiopDylmXGhWZHY09zwKATKq8z2oxUOhCxhyegIOyzYfqAMpqdTu8XcnpfyZ8
20230730-160750-1399 02928 ! releaseForRead  (lockserver.cc:293): [-3158007273808691554] Releasing unheld read lock: cfiXWA1KwEeBBfrV08DulUmq8zkdOCgdW7zOsW7muB0QGoJTYvAz2uIpVZZZnvcq
20230730-160750-1399 02928 ! releaseForRead  (lockserver.cc:293): [-3158007273808691554] Releasing unheld read lock: a3m9MApyn3AygqwpFagCUazacQomyTzNrAwWwWpQOgCF6W3WZqmL1Tbdy98QPGpu
20230730-160750-1399 02928 ! releaseForRead  (lockserver.cc:293): [-3158007273808691554] Releasing unheld read lock: t2PX02Sbv342L5zDP8RnYnjFZyt6u3P2julCuuRldadmwKt2lIY3n425Vqni5ZCI
20230730-160750-9842 02928 ! releaseForRead  (lockserver.cc:293): [297512677653690217] Releasing unheld read lock: pwsCiopDylmXGhWZHY09zwKATKq8z2oxUOhCxhyegIOyzYfqAMpqdTu8XcnpfyZ8
20230730-160750-9943 02928 ! releaseForRead  (lockserver.cc:293): [14988622280410149] Releasing unheld read lock: pwsCiopDylmXGhWZHY09zwKATKq8z2oxUOhCxhyegIOyzYfqAMpqdTu8XcnpfyZ8
20230730-160751-8979 02928 * RequestStateTransfer (replica.cc:212):   [2] Requesting state transfer: <0,183282>
20230730-160751-8980 02928 * RequestStateTransfer (replica.cc:212):   [2] Requesting state transfer: <0,183283>
20230730-160751-8981 02928 * RequestStateTransfer (replica.cc:212):   [2] Requesting state transfer: <0,183284>
20230730-160752-9914 02928 ! releaseForWrite (lockserver.cc:353): [8652656222927090077] Releasing unheld write lock: JtH3cRkS50tdOTHxuR4gucpy1l8t839fVtP0D5nxIXpR1Tuao80pEoo8en4mUmLe
20230730-160752-9914 02928 ! releaseForWrite (lockserver.cc:353): [8652656222927090077] Releasing unheld write lock: pwsCiopDylmXGhWZHY09zwKATKq8z2oxUOhCxhyegIOyzYfqAMpqdTu8XcnpfyZ8
20230730-160752-9920 02928 ! releaseForWrite (lockserver.cc:353): [431794635507010079] Releasing unheld write lock: pwsCiopDylmXGhWZHY09zwKATKq8z2oxUOhCxhyegIOyzYfqAMpqdTu8XcnpfyZ8
20230730-160753-0132 02928 ! releaseForWrite (lockserver.cc:353): [-3363580195887531527] Releasing unheld write lock: pwsCiopDylmXGhWZHY09zwKATKq8z2oxUOhCxhyegIOyzYfqAMpqdTu8XcnpfyZ8
20230730-160753-0132 02928 ! releaseForRead  (lockserver.cc:293): [-3363580195887531527] Releasing unheld read lock: ydzGOalQIzUeA7T3ZV05oXos8RIwTWWa9z0at5ha7qEnz7DtG41TBeHRqhWmbZPf
20230730-160753-0132 02928 ! releaseForRead  (lockserver.cc:293): [-3363580195887531527] Releasing unheld read lock: 9hGJKPCVmW206iv8gMgbnzDOw6Q4xDZf4S1bEeK40bPmnCpsbMcd4N0WKE7ASwhZ
20230730-160753-0198 02928 ! releaseForWrite (lockserver.cc:353): [3242643894174680077] Releasing unheld write lock: pwsCiopDylmXGhWZHY09zwKATKq8z2oxUOhCxhyegIOyzYfqAMpqdTu8XcnpfyZ8
20230730-160753-0198 02928 ! releaseForRead  (lockserver.cc:293): [3242643894174680077] Releasing unheld read lock: pwsCiopDylmXGhWZHY09zwKATKq8z2oxUOhCxhyegIOyzYfqAMpqdTu8XcnpfyZ8
20230730-160753-0198 02928 ! releaseForRead  (lockserver.cc:293): [3242643894174680077] Releasing unheld read lock: pvbJQFt4qasn9v95OuOjLVKpmNJpx5XIYZMwSnXNElXAiy53RHf6h98h1a6BV0UV
20230730-160753-0296 02928 ! releaseForWrite (lockserver.cc:353): [7273588589129020088] Releasing unheld write lock: pwsCiopDylmXGhWZHY09zwKATKq8z2oxUOhCxhyegIOyzYfqAMpqdTu8XcnpfyZ8
20230730-160753-0357 02928 ! releaseForWrite (lockserver.cc:353): [3314633494412560083] Releasing unheld write lock: 6NcfdQ1nhsHegQE5qHLQ7ON3G3rJ3CzHPJSpkX8yycvA8moGwZGS1y1wn6JZs4dW
20230730-160753-0357 02928 ! releaseForRead  (lockserver.cc:293): [3314633494412560083] Releasing unheld read lock: pwsCiopDylmXGhWZHY09zwKATKq8z2oxUOhCxhyegIOyzYfqAMpqdTu8XcnpfyZ8
20230730-160753-0361 02928 ! releaseForWrite (lockserver.cc:353): [7760118379292100236] Releasing unheld write lock: pwsCiopDylmXGhWZHY09zwKATKq8z2oxUOhCxhyegIOyzYfqAMpqdTu8XcnpfyZ8
20230730-160753-0410 02928 ! releaseForWrite (lockserver.cc:353): [-3450321708416721445] Releasing unheld write lock: pwsCiopDylmXGhWZHY09zwKATKq8z2oxUOhCxhyegIOyzYfqAMpqdTu8XcnpfyZ8
20230730-160753-0445 02928 ! releaseForWrite (lockserver.cc:353): [3341154749599110074] Releasing unheld write lock: alVwB76c4iGb0m8yaJVVyfjkZHXIr2wfVjSnR6YcgQai3gMZBzod0zyYho1uMjJn
20230730-160753-0446 02928 ! releaseForRead  (lockserver.cc:293): [3341154749599110074] Releasing unheld read lock: pwsCiopDylmXGhWZHY09zwKATKq8z2oxUOhCxhyegIOyzYfqAMpqdTu8XcnpfyZ8
20230730-160753-0446 02928 ! releaseForRead  (lockserver.cc:293): [3341154749599110074] Releasing unheld read lock: Zz8KyVwLiMCUGVRt1sdxYOD0Vm3i2eP0cHVm2SflNCJzSaYTYSNIn5amWefBQGTm
20230730-160753-0738 02928 * RequestStateTransfer (replica.cc:212):   [2] Requesting state transfer: <0,189625>
20230730-160753-0753 02928 ! releaseForWrite (lockserver.cc:353): [-2398525733333501469] Releasing unheld write lock: c1UENDasUIKdt4CxdTFn3oOV1ak6d6z4YWO0TvlK6Z22D9GYDd4MoZ0EDuqtrfbP
20230730-160753-0753 02928 ! releaseForRead  (lockserver.cc:293): [-2398525733333501469] Releasing unheld read lock: pwsCiopDylmXGhWZHY09zwKATKq8z2oxUOhCxhyegIOyzYfqAMpqdTu8XcnpfyZ8
20230730-160753-1220 02928 ! releaseForRead  (lockserver.cc:293): [-4731513514206791463] Releasing unheld read lock: pwsCiopDylmXGhWZHY09zwKATKq8z2oxUOhCxhyegIOyzYfqAMpqdTu8XcnpfyZ8
20230730-160753-1325 02928 ! releaseForWrite (lockserver.cc:353): [7337916307767410083] Releasing unheld write lock: pwsCiopDylmXGhWZHY09zwKATKq8z2oxUOhCxhyegIOyzYfqAMpqdTu8XcnpfyZ8
20230730-160753-1325 02928 ! releaseForRead  (lockserver.cc:293): [7337916307767410083] Releasing unheld read lock: HP0R8hDO9y21Oli8JEh0iKzsjjZL4RTCBGEliveFrpijMo2p91xxFcp6tslTysN2
20230730-160753-1325 02928 ! releaseForRead  (lockserver.cc:293): [7337916307767410083] Releasing unheld read lock: ZQPiQf81MNevFEWyxhcPr6SZJpJQQGu8SG5dQ82QPQYGY3pH6ygTgs6vCpdssFMa
20230730-160753-1464 02928 ! releaseForWrite (lockserver.cc:353): [-4747399543136701541] Releasing unheld write lock: pwsCiopDylmXGhWZHY09zwKATKq8z2oxUOhCxhyegIOyzYfqAMpqdTu8XcnpfyZ8
20230730-160753-1464 02928 ! releaseForWrite (lockserver.cc:353): [-4747399543136701541] Releasing unheld write lock: sxWq1RoLFRLy1P97pb7xo8XmWNHtyXy35yqL9kqVfBPZHOSwMuvygg8jMeGfJNNW
20230730-160753-1464 02928 ! releaseForRead  (lockserver.cc:293): [-4747399543136701541] Releasing unheld read lock: mdvJIBEi5xJonLnQpSsBTfiiDqiQhl1YND4bfeUQSA4acEzsYI8ZM1Lsc5NGg6XV
20230730-160753-7752 02928 * HandleRequestStateTransfer (replica.cc:727):   [2] Sending state transfer from <0,193536> to <0,193536>
20230730-160753-8189 02928 ! releaseForWrite (lockserver.cc:353): [-3453931972249341525] Releasing unheld write lock: mrjLEsoCOY6QTi1D9CZn5qwvm6jJiHjCgF9mhpAse68VUa6dYdAzc4x9JXE9fwLs
20230730-160753-8190 02928 ! releaseForRead  (lockserver.cc:293): [-3453931972249341525] Releasing unheld read lock: vGbPHuZ59NWEXTAnq3ssNa5nl5dD3cu5qM9NqAG8bMGpkJIfb4dbqfSc58QxrLzQ
20230730-160753-8190 02928 ! releaseForRead  (lockserver.cc:293): [-3453931972249341525] Releasing unheld read lock: Doc0Psn4I9M0ii2wKwekofAiGwVg2q0LmxvTOeYCmfB4VCJ4oUTjvTTtTPZUHKQ0
20230730-160753-8190 02928 ! releaseForRead  (lockserver.cc:293): [-3453931972249341525] Releasing unheld read lock: pwsCiopDylmXGhWZHY09zwKATKq8z2oxUOhCxhyegIOyzYfqAMpqdTu8XcnpfyZ8
20230730-160753-8266 02928 ! releaseForWrite (lockserver.cc:353): [4344108807788520093] Releasing unheld write lock: F5isdzhkreYNx21S9mJJyifrVPNIDsR25P0W3HW6UqrNDnYC0B93OGkHbjlw3AUk
20230730-160753-8267 02928 ! releaseForWrite (lockserver.cc:353): [4344108807788520093] Releasing unheld write lock: cIofmrDuUNTesx6KJMXwOC6UAo9mRv27qoel2TK3X6hTZDb26x2xKCHPBfPQDOYA
20230730-160753-8267 02928 ! releaseForRead  (lockserver.cc:293): [4344108807788520093] Releasing unheld read lock: pwsCiopDylmXGhWZHY09zwKATKq8z2oxUOhCxhyegIOyzYfqAMpqdTu8XcnpfyZ8
20230730-160753-8284 02928 ! releaseForWrite (lockserver.cc:353): [5982480696045640071] Releasing unheld write lock: pwsCiopDylmXGhWZHY09zwKATKq8z2oxUOhCxhyegIOyzYfqAMpqdTu8XcnpfyZ8
20230730-160753-8333 02928 ! releaseForWrite (lockserver.cc:353): [3222207614701490076] Releasing unheld write lock: pwsCiopDylmXGhWZHY09zwKATKq8z2oxUOhCxhyegIOyzYfqAMpqdTu8XcnpfyZ8
20230730-160753-8334 02928 ! releaseForRead  (lockserver.cc:293): [3222207614701490076] Releasing unheld read lock: ranCQFQ0b5OBRGH5aYKDT4EkbnZnuM10LHVbjJtZjFKTSl1ok4BDiCunmWfGm5QD
20230730-160753-8334 02928 ! releaseForRead  (lockserver.cc:293): [3222207614701490076] Releasing unheld read lock: YLYT648E7M13OmWNWBvknOKyBV3tR1tTyrY87YlVrQ7iTCyqJYkxWQwhv90xxB3R
20230730-160753-8334 02928 ! releaseForRead  (lockserver.cc:293): [3222207614701490076] Releasing unheld read lock: j0UXU5lTfWHT24Aaurz23yPDFUsP2lQMZJ0aYmIgSUesmzAYXWTnJH5PPAwhCy9V
20230730-160753-9657 02928 ! releaseForRead  (lockserver.cc:293): [2689912326247530205] Releasing unheld read lock: pwsCiopDylmXGhWZHY09zwKATKq8z2oxUOhCxhyegIOyzYfqAMpqdTu8XcnpfyZ8
20230730-160753-9664 02928 * RequestStateTransfer (replica.cc:212):   [2] Requesting state transfer: <0,194319>
20230730-160753-9665 02928 * HandleRequestStateTransfer (replica.cc:727):   [2] Sending state transfer from <0,194319> to <0,194319>
20230730-160753-9671 02928 * RequestStateTransfer (replica.cc:212):   [2] Requesting state transfer: <0,194325>
20230730-160753-9672 02928 * HandleRequestStateTransfer (replica.cc:727):   [2] Sending state transfer from <0,194325> to <0,194325>
20230730-160753-9674 02928 * RequestStateTransfer (replica.cc:212):   [2] Requesting state transfer: <0,194327>
20230730-160754-9207 02928 * RequestStateTransfer (replica.cc:212):   [2] Requesting state transfer: <0,198490>
20230730-160754-9209 02928 * RequestStateTransfer (replica.cc:212):   [2] Requesting state transfer: <0,198491>
20230730-160754-9210 02928 * RequestStateTransfer (replica.cc:212):   [2] Requesting state transfer: <0,198493>
20230730-160755-0067 02928 * RequestStateTransfer (replica.cc:212):   [2] Requesting state transfer: <0,199354>
20230730-160755-0068 02928 * RequestStateTransfer (replica.cc:212):   [2] Requesting state transfer: <0,199355>
20230730-160755-0069 02928 * HandleRequestStateTransfer (replica.cc:727):   [2] Sending state transfer from <0,199354> to <0,199355>
20230730-160755-0070 02928 * HandleRequestStateTransfer (replica.cc:727):   [2] Sending state transfer from <0,199355> to <0,199355>
20230730-160755-0086 02928 * RequestStateTransfer (replica.cc:212):   [2] Requesting state transfer: <0,199377>
20230730-160755-0088 02928 * HandleRequestStateTransfer (replica.cc:727):   [2] Sending state transfer from <0,199377> to <0,199377>
20230730-160755-0095 02928 * HandleRequestStateTransfer (replica.cc:727):   [2] Sending state transfer from <0,199385> to <0,199386>
20230730-160755-0097 02928 * HandleRequestStateTransfer (replica.cc:727):   [2] Sending state transfer from <0,199386> to <0,199389>
20230730-160755-1927 02928 * HandleRequestStateTransfer (replica.cc:727):   [2] Sending state transfer from <0,200475> to <0,200503>
20230730-160755-1928 02928 * SendMessageInternal (udptransport.cc:442): Sending large replication.vr.proto.StateTransferMessage message in 2 fragments
