20230730-160716-1130 10259 ! releaseForWrite (lockserver.cc:353): [149937536557090065] Releasing unheld write lock: VBMSgGuv7VfjgjYnGmJVC2oMXJvFmiijYLOisIqMSU8C9g20zLPDHCR8KXG61Uwj
20230730-160716-5978 10259 ! releaseForRead  (lockserver.cc:293): [-4679257831345921604] Releasing unheld read lock: i2J9F2ONtigNV3ltmWIClRCsH0x234F5vmNr2HYI8hl2j7X9UQeV5nYYW5qQ6LjQ
20230730-160716-5983 10259 ! releaseForWrite (lockserver.cc:353): [-2446220207399201612] Releasing unheld write lock: i2J9F2ONtigNV3ltmWIClRCsH0x234F5vmNr2HYI8hl2j7X9UQeV5nYYW5qQ6LjQ
20230730-160716-5994 10259 ! releaseForWrite (lockserver.cc:353): [2213913669860200009] Releasing unheld write lock: i2J9F2ONtigNV3ltmWIClRCsH0x234F5vmNr2HYI8hl2j7X9UQeV5nYYW5qQ6LjQ
20230730-160716-6046 10259 ! releaseForRead  (lockserver.cc:293): [-7748576497382521610] Releasing unheld read lock: i2J9F2ONtigNV3ltmWIClRCsH0x234F5vmNr2HYI8hl2j7X9UQeV5nYYW5qQ6LjQ
20230730-160716-6381 10259 ! releaseForWrite (lockserver.cc:353): [3173129893006110036] Releasing unheld write lock: FMSLbGkb8ZKqXxQYeQjTLXwJ7MiSLjcs2n4w8vNRbKX1PA3OkyDx7VLYZGHIbHhe
20230730-160716-6868 10259 ! releaseForWrite (lockserver.cc:353): [5406911380383040006] Releasing unheld write lock: FMSLbGkb8ZKqXxQYeQjTLXwJ7MiSLjcs2n4w8vNRbKX1PA3OkyDx7VLYZGHIbHhe
20230730-160716-7166 10259 ! releaseForWrite (lockserver.cc:353): [4931479806495690001] Releasing unheld write lock: FMSLbGkb8ZKqXxQYeQjTLXwJ7MiSLjcs2n4w8vNRbKX1PA3OkyDx7VLYZGHIbHhe
20230730-160719-0392 10259 ! releaseForRead  (lockserver.cc:293): [-7602315279237141608] Releasing unheld read lock: i2J9F2ONtigNV3ltmWIClRCsH0x234F5vmNr2HYI8hl2j7X9UQeV5nYYW5qQ6LjQ
20230730-160719-0397 10259 ! releaseForWrite (lockserver.cc:353): [-847699203421891608] Releasing unheld write lock: i2J9F2ONtigNV3ltmWIClRCsH0x234F5vmNr2HYI8hl2j7X9UQeV5nYYW5qQ6LjQ
20230730-160719-0431 10259 ! releaseForRead  (lockserver.cc:293): [-927374190692801606] Releasing unheld read lock: i2J9F2ONtigNV3ltmWIClRCsH0x234F5vmNr2HYI8hl2j7X9UQeV5nYYW5qQ6LjQ
20230730-160719-0569 10259 ! releaseForWrite (lockserver.cc:353): [-26501456565101608] Releasing unheld write lock: i2J9F2ONtigNV3ltmWIClRCsH0x234F5vmNr2HYI8hl2j7X9UQeV5nYYW5qQ6LjQ
20230730-160719-0644 10259 ! releaseForRead  (lockserver.cc:293): [-7782599812609301610] Releasing unheld read lock: i2J9F2ONtigNV3ltmWIClRCsH0x234F5vmNr2HYI8hl2j7X9UQeV5nYYW5qQ6LjQ
20230730-160719-0682 10259 ! releaseForWrite (lockserver.cc:353): [-5015115224456831609] Releasing unheld write lock: i2J9F2ONtigNV3ltmWIClRCsH0x234F5vmNr2HYI8hl2j7X9UQeV5nYYW5qQ6LjQ
20230730-160719-0696 10259 ! releaseForWrite (lockserver.cc:353): [2213913669860200013] Releasing unheld write lock: i2J9F2ONtigNV3ltmWIClRCsH0x234F5vmNr2HYI8hl2j7X9UQeV5nYYW5qQ6LjQ
20230730-160719-0981 10259 ! releaseForRead  (lockserver.cc:293): [8702968768881290061] Releasing unheld read lock: excMte1kwsI43dYL23rZSHqKuaKKWapBZCIIFipVXQPdS6tvNho1zeZpvBSXj8Sj
20230730-160719-9535 10259 ! releaseForWrite (lockserver.cc:353): [50452160351890011] Releasing unheld write lock: i2J9F2ONtigNV3ltmWIClRCsH0x234F5vmNr2HYI8hl2j7X9UQeV5nYYW5qQ6LjQ
20230730-160720-0759 10259 ! releaseForWrite (lockserver.cc:353): [2213913669860200014] Releasing unheld write lock: i2J9F2ONtigNV3ltmWIClRCsH0x234F5vmNr2HYI8hl2j7X9UQeV5nYYW5qQ6LjQ
20230730-160720-0772 10259 ! releaseForWrite (lockserver.cc:353): [3155488133660590009] Releasing unheld write lock: i2J9F2ONtigNV3ltmWIClRCsH0x234F5vmNr2HYI8hl2j7X9UQeV5nYYW5qQ6LjQ
20230730-160720-0797 10259 ! releaseForWrite (lockserver.cc:353): [-5092413906662191602] Releasing unheld write lock: i2J9F2ONtigNV3ltmWIClRCsH0x234F5vmNr2HYI8hl2j7X9UQeV5nYYW5qQ6LjQ
20230730-160720-0808 10259 ! releaseForWrite (lockserver.cc:353): [3289362754956920009] Releasing unheld write lock: excMte1kwsI43dYL23rZSHqKuaKKWapBZCIIFipVXQPdS6tvNho1zeZpvBSXj8Sj
20230730-160720-0809 10259 ! releaseForWrite (lockserver.cc:353): [-4679257831345921598] Releasing unheld write lock: excMte1kwsI43dYL23rZSHqKuaKKWapBZCIIFipVXQPdS6tvNho1zeZpvBSXj8Sj
20230730-160720-0810 10259 ! releaseForRead  (lockserver.cc:293): [-4679257831345921598] Releasing unheld read lock: excMte1kwsI43dYL23rZSHqKuaKKWapBZCIIFipVXQPdS6tvNho1zeZpvBSXj8Sj
20230730-160720-0991 10259 ! releaseForWrite (lockserver.cc:353): [6689970629986490016] Releasing unheld write lock: i2J9F2ONtigNV3ltmWIClRCsH0x234F5vmNr2HYI8hl2j7X9UQeV5nYYW5qQ6LjQ
20230730-160723-1525 10259 ! releaseForRead  (lockserver.cc:293): [5319635357278350030] Releasing unheld read lock: VBMSgGuv7VfjgjYnGmJVC2oMXJvFmiijYLOisIqMSU8C9g20zLPDHCR8KXG61Uwj
20230730-160723-1583 10259 ! releaseForRead  (lockserver.cc:293): [-7602315279237141601] Releasing unheld read lock: VBMSgGuv7VfjgjYnGmJVC2oMXJvFmiijYLOisIqMSU8C9g20zLPDHCR8KXG61Uwj
20230730-160723-1595 10259 ! releaseForWrite (lockserver.cc:353): [-8365086708024151604] Releasing unheld write lock: VBMSgGuv7VfjgjYnGmJVC2oMXJvFmiijYLOisIqMSU8C9g20zLPDHCR8KXG61Uwj
20230730-160723-1596 10259 ! releaseForRead  (lockserver.cc:293): [-8365086708024151604] Releasing unheld read lock: VBMSgGuv7VfjgjYnGmJVC2oMXJvFmiijYLOisIqMSU8C9g20zLPDHCR8KXG61Uwj
20230730-160724-1587 10259 ! releaseForWrite (lockserver.cc:353): [-5114015941452601575] Releasing unheld write lock: FMSLbGkb8ZKqXxQYeQjTLXwJ7MiSLjcs2n4w8vNRbKX1PA3OkyDx7VLYZGHIbHhe
20230730-160724-1696 10259 ! releaseForWrite (lockserver.cc:353): [-6381063306267221595] Releasing unheld write lock: FMSLbGkb8ZKqXxQYeQjTLXwJ7MiSLjcs2n4w8vNRbKX1PA3OkyDx7VLYZGHIbHhe
20230730-160724-1881 10259 ! releaseForWrite (lockserver.cc:353): [-7602315279237141599] Releasing unheld write lock: FMSLbGkb8ZKqXxQYeQjTLXwJ7MiSLjcs2n4w8vNRbKX1PA3OkyDx7VLYZGHIbHhe
20230730-160724-2052 10259 ! releaseForWrite (lockserver.cc:353): [-4679257831345921588] Releasing unheld write lock: FMSLbGkb8ZKqXxQYeQjTLXwJ7MiSLjcs2n4w8vNRbKX1PA3OkyDx7VLYZGHIbHhe
20230730-160724-2068 10259 ! releaseForWrite (lockserver.cc:353): [-5015115224456831599] Releasing unheld write lock: FMSLbGkb8ZKqXxQYeQjTLXwJ7MiSLjcs2n4w8vNRbKX1PA3OkyDx7VLYZGHIbHhe
20230730-160724-2763 10259 ! releaseForWrite (lockserver.cc:353): [8484535295248610020] Releasing unheld write lock: jgLvBhgZRfmvTGWRjnFWIplRKNBcDxqVJ23Tn8a1cyz3hg143YjYboEyI7p8UHHk
20230730-160725-1897 10259 * HandleRequestStateTransfer (replica.cc:727):   [0] Sending state transfer from <0,20037> to <0,20040>
20230730-160725-1901 10259 * HandleRequestStateTransfer (replica.cc:727):   [0] Sending state transfer from <0,20038> to <0,20041>
20230730-160725-2228 10259 ! releaseForRead  (lockserver.cc:293): [5266598512233180017] Releasing unheld read lock: VBMSgGuv7VfjgjYnGmJVC2oMXJvFmiijYLOisIqMSU8C9g20zLPDHCR8KXG61Uwj
20230730-160725-2298 10259 ! releaseForRead  (lockserver.cc:293): [-2607663121244341601] Releasing unheld read lock: i2J9F2ONtigNV3ltmWIClRCsH0x234F5vmNr2HYI8hl2j7X9UQeV5nYYW5qQ6LjQ
20230730-160725-2392 10259 ! releaseForRead  (lockserver.cc:293): [-8861125582544011588] Releasing unheld read lock: FMSLbGkb8ZKqXxQYeQjTLXwJ7MiSLjcs2n4w8vNRbKX1PA3OkyDx7VLYZGHIbHhe
20230730-160725-4250 10259 * HandleRequestStateTransfer (replica.cc:727):   [0] Sending state transfer from <0,20736> to <0,20738>
20230730-160725-6867 10259 ! releaseForWrite (lockserver.cc:353): [-5092413906662191593] Releasing unheld write lock: i2J9F2ONtigNV3ltmWIClRCsH0x234F5vmNr2HYI8hl2j7X9UQeV5nYYW5qQ6LjQ
20230730-160725-7411 10259 ! releaseForWrite (lockserver.cc:353): [6373982430719070014] Releasing unheld write lock: xmaQWtC8wZb6zKpbCb9ELSBnvkCfZxlG4tGAcAOGoWxVvWCJEznt9PjzVCg1sJ93
20230730-160725-8145 10259 ! releaseForWrite (lockserver.cc:353): [-8114152879704201596] Releasing unheld write lock: i2J9F2ONtigNV3ltmWIClRCsH0x234F5vmNr2HYI8hl2j7X9UQeV5nYYW5qQ6LjQ
20230730-160726-6956 10259 ! releaseForRead  (lockserver.cc:293): [-895190990019681595] Releasing unheld read lock: xmaQWtC8wZb6zKpbCb9ELSBnvkCfZxlG4tGAcAOGoWxVvWCJEznt9PjzVCg1sJ93
20230730-160726-7588 10259 ! releaseForWrite (lockserver.cc:353): [-4695802430109611540] Releasing unheld write lock: i2J9F2ONtigNV3ltmWIClRCsH0x234F5vmNr2HYI8hl2j7X9UQeV5nYYW5qQ6LjQ
20230730-160727-0975 10259 ! releaseForRead  (lockserver.cc:293): [9057957154433050039] Releasing unheld read lock: i2J9F2ONtigNV3ltmWIClRCsH0x234F5vmNr2HYI8hl2j7X9UQeV5nYYW5qQ6LjQ
20230730-160727-1300 10259 ! releaseForRead  (lockserver.cc:293): [50452160351890023] Releasing unheld read lock: i2J9F2ONtigNV3ltmWIClRCsH0x234F5vmNr2HYI8hl2j7X9UQeV5nYYW5qQ6LjQ
20230730-160728-5483 10259 ! releaseForRead  (lockserver.cc:293): [1244883729846860022] Releasing unheld read lock: VBMSgGuv7VfjgjYnGmJVC2oMXJvFmiijYLOisIqMSU8C9g20zLPDHCR8KXG61Uwj
20230730-160728-6320 10259 ! releaseForRead  (lockserver.cc:293): [-2607663121244341597] Releasing unheld read lock: VBMSgGuv7VfjgjYnGmJVC2oMXJvFmiijYLOisIqMSU8C9g20zLPDHCR8KXG61Uwj
20230730-160728-6434 10259 ! releaseForRead  (lockserver.cc:293): [5319635357278350041] Releasing unheld read lock: i2J9F2ONtigNV3ltmWIClRCsH0x234F5vmNr2HYI8hl2j7X9UQeV5nYYW5qQ6LjQ
20230730-160728-7074 10259 ! releaseForWrite (lockserver.cc:353): [-2398525733333501570] Releasing unheld write lock: FMSLbGkb8ZKqXxQYeQjTLXwJ7MiSLjcs2n4w8vNRbKX1PA3OkyDx7VLYZGHIbHhe
20230730-160728-7188 10259 ! releaseForRead  (lockserver.cc:293): [2991235371628860052] Releasing unheld read lock: VBMSgGuv7VfjgjYnGmJVC2oMXJvFmiijYLOisIqMSU8C9g20zLPDHCR8KXG61Uwj
20230730-160728-8559 10259 ! releaseForRead  (lockserver.cc:293): [-9037938508279511521] Releasing unheld read lock: i2J9F2ONtigNV3ltmWIClRCsH0x234F5vmNr2HYI8hl2j7X9UQeV5nYYW5qQ6LjQ
20230730-160728-8570 10259 ! releaseForWrite (lockserver.cc:353): [-5114015941452601569] Releasing unheld write lock: GAs98zvc4fEUfvFqKT1CCLJB5V6wVnLg2WxkcP8drRV1IDNLsaT2weOC6KkGdFad
20230730-160728-8589 10259 ! releaseForRead  (lockserver.cc:293): [-4041585804513721564] Releasing unheld read lock: i2J9F2ONtigNV3ltmWIClRCsH0x234F5vmNr2HYI8hl2j7X9UQeV5nYYW5qQ6LjQ
20230730-160729-1720 10259 ! releaseForWrite (lockserver.cc:353): [-2332120244772961584] Releasing unheld write lock: i2J9F2ONtigNV3ltmWIClRCsH0x234F5vmNr2HYI8hl2j7X9UQeV5nYYW5qQ6LjQ
20230730-160729-1720 10259 ! releaseForWrite (lockserver.cc:353): [-2332120244772961584] Releasing unheld write lock: VBMSgGuv7VfjgjYnGmJVC2oMXJvFmiijYLOisIqMSU8C9g20zLPDHCR8KXG61Uwj
20230730-160729-2085 10259 ! releaseForRead  (lockserver.cc:293): [-4762859985997531571] Releasing unheld read lock: i2J9F2ONtigNV3ltmWIClRCsH0x234F5vmNr2HYI8hl2j7X9UQeV5nYYW5qQ6LjQ
20230730-160729-5066 10259 ! releaseForWrite (lockserver.cc:353): [-5944086458479471512] Releasing unheld write lock: i2J9F2ONtigNV3ltmWIClRCsH0x234F5vmNr2HYI8hl2j7X9UQeV5nYYW5qQ6LjQ
20230730-160729-6416 10259 ! releaseForWrite (lockserver.cc:353): [-2607663121244341596] Releasing unheld write lock: i2J9F2ONtigNV3ltmWIClRCsH0x234F5vmNr2HYI8hl2j7X9UQeV5nYYW5qQ6LjQ
20230730-160729-6509 10259 ! releaseForWrite (lockserver.cc:353): [5319635357278350042] Releasing unheld write lock: i2J9F2ONtigNV3ltmWIClRCsH0x234F5vmNr2HYI8hl2j7X9UQeV5nYYW5qQ6LjQ
20230730-160729-6557 10259 ! releaseForRead  (lockserver.cc:293): [2213913669860200031] Releasing unheld read lock: i2J9F2ONtigNV3ltmWIClRCsH0x234F5vmNr2HYI8hl2j7X9UQeV5nYYW5qQ6LjQ
20230730-160729-6672 10259 ! releaseForWrite (lockserver.cc:353): [-6824310774877941466] Releasing unheld write lock: i2J9F2ONtigNV3ltmWIClRCsH0x234F5vmNr2HYI8hl2j7X9UQeV5nYYW5qQ6LjQ
20230730-160729-6704 10259 ! releaseForRead  (lockserver.cc:293): [3289362754956920030] Releasing unheld read lock: i2J9F2ONtigNV3ltmWIClRCsH0x234F5vmNr2HYI8hl2j7X9UQeV5nYYW5qQ6LjQ
20230730-160729-6714 10259 ! releaseForWrite (lockserver.cc:353): [-927374190692801586] Releasing unheld write lock: i2J9F2ONtigNV3ltmWIClRCsH0x234F5vmNr2HYI8hl2j7X9UQeV5nYYW5qQ6LjQ
20230730-160729-6814 10259 ! releaseForWrite (lockserver.cc:353): [-9159665730083651590] Releasing unheld write lock: i2J9F2ONtigNV3ltmWIClRCsH0x234F5vmNr2HYI8hl2j7X9UQeV5nYYW5qQ6LjQ
20230730-160729-6840 10259 ! releaseForRead  (lockserver.cc:293): [-8365086708024151592] Releasing unheld read lock: i2J9F2ONtigNV3ltmWIClRCsH0x234F5vmNr2HYI8hl2j7X9UQeV5nYYW5qQ6LjQ
20230730-160729-6843 10259 ! releaseForWrite (lockserver.cc:353): [-8861125582544011582] Releasing unheld write lock: VBMSgGuv7VfjgjYnGmJVC2oMXJvFmiijYLOisIqMSU8C9g20zLPDHCR8KXG61Uwj
20230730-160729-6863 10259 ! releaseForWrite (lockserver.cc:353): [-4679257831345921575] Releasing unheld write lock: VBMSgGuv7VfjgjYnGmJVC2oMXJvFmiijYLOisIqMSU8C9g20zLPDHCR8KXG61Uwj
20230730-160729-7014 10259 ! releaseForWrite (lockserver.cc:353): [2987325355880340036] Releasing unheld write lock: i2J9F2ONtigNV3ltmWIClRCsH0x234F5vmNr2HYI8hl2j7X9UQeV5nYYW5qQ6LjQ
20230730-160729-8010 10259 ! releaseForWrite (lockserver.cc:353): [-7602315279237141591] Releasing unheld write lock: i2J9F2ONtigNV3ltmWIClRCsH0x234F5vmNr2HYI8hl2j7X9UQeV5nYYW5qQ6LjQ
20230730-160729-8011 10259 ! releaseForRead  (lockserver.cc:293): [-7602315279237141591] Releasing unheld read lock: S2RbX5j89BSv8GRiYnZRjKqWzCoTlHpRQ1y80POmL9Y5YvvUhAxRyUu4OTSOD2ze
20230730-160729-8630 10259 ! releaseForWrite (lockserver.cc:353): [-5114015941452601568] Releasing unheld write lock: i2J9F2ONtigNV3ltmWIClRCsH0x234F5vmNr2HYI8hl2j7X9UQeV5nYYW5qQ6LjQ
20230730-160729-8740 10259 ! releaseForRead  (lockserver.cc:293): [-5092413906662191586] Releasing unheld read lock: xmaQWtC8wZb6zKpbCb9ELSBnvkCfZxlG4tGAcAOGoWxVvWCJEznt9PjzVCg1sJ93
20230730-160729-8862 10259 ! releaseForWrite (lockserver.cc:353): [-7860436304454411591] Releasing unheld write lock: i2J9F2ONtigNV3ltmWIClRCsH0x234F5vmNr2HYI8hl2j7X9UQeV5nYYW5qQ6LjQ
20230730-160729-8978 10259 ! releaseForWrite (lockserver.cc:353): [-86256678346911582] Releasing unheld write lock: i2J9F2ONtigNV3ltmWIClRCsH0x234F5vmNr2HYI8hl2j7X9UQeV5nYYW5qQ6LjQ
20230730-160729-9266 10259 ! releaseForRead  (lockserver.cc:293): [866998673105430039] Releasing unheld read lock: VBMSgGuv7VfjgjYnGmJVC2oMXJvFmiijYLOisIqMSU8C9g20zLPDHCR8KXG61Uwj
20230730-160729-9273 10259 ! releaseForWrite (lockserver.cc:353): [-7809056323141791548] Releasing unheld write lock: xmaQWtC8wZb6zKpbCb9ELSBnvkCfZxlG4tGAcAOGoWxVvWCJEznt9PjzVCg1sJ93
20230730-160729-9324 10259 ! releaseForRead  (lockserver.cc:293): [-6381063306267221585] Releasing unheld read lock: VBMSgGuv7VfjgjYnGmJVC2oMXJvFmiijYLOisIqMSU8C9g20zLPDHCR8KXG61Uwj
20230730-160729-9326 10259 ! releaseForRead  (lockserver.cc:293): [-6673318093407091584] Releasing unheld read lock: FMSLbGkb8ZKqXxQYeQjTLXwJ7MiSLjcs2n4w8vNRbKX1PA3OkyDx7VLYZGHIbHhe
20230730-160729-9326 10259 ! releaseForRead  (lockserver.cc:293): [-6673318093407091584] Releasing unheld read lock: i2J9F2ONtigNV3ltmWIClRCsH0x234F5vmNr2HYI8hl2j7X9UQeV5nYYW5qQ6LjQ
20230730-160729-9332 10259 ! releaseForRead  (lockserver.cc:293): [5045171252091870029] Releasing unheld read lock: VBMSgGuv7VfjgjYnGmJVC2oMXJvFmiijYLOisIqMSU8C9g20zLPDHCR8KXG61Uwj
20230730-160729-9344 10259 ! releaseForWrite (lockserver.cc:353): [-895190990019681590] Releasing unheld write lock: FMSLbGkb8ZKqXxQYeQjTLXwJ7MiSLjcs2n4w8vNRbKX1PA3OkyDx7VLYZGHIbHhe
20230730-160730-0826 10259 ! releaseForRead  (lockserver.cc:293): [8602007299718760047] Releasing unheld read lock: i2J9F2ONtigNV3ltmWIClRCsH0x234F5vmNr2HYI8hl2j7X9UQeV5nYYW5qQ6LjQ
20230730-160730-1492 10259 ! releaseForRead  (lockserver.cc:293): [6689970629986490031] Releasing unheld read lock: i2J9F2ONtigNV3ltmWIClRCsH0x234F5vmNr2HYI8hl2j7X9UQeV5nYYW5qQ6LjQ
20230730-160730-1585 10259 ! releaseForRead  (lockserver.cc:293): [4498903532922430074] Releasing unheld read lock: xmaQWtC8wZb6zKpbCb9ELSBnvkCfZxlG4tGAcAOGoWxVvWCJEznt9PjzVCg1sJ93
20230730-160730-1601 10259 ! releaseForRead  (lockserver.cc:293): [-4833954214158681473] Releasing unheld read lock: xmaQWtC8wZb6zKpbCb9ELSBnvkCfZxlG4tGAcAOGoWxVvWCJEznt9PjzVCg1sJ93
20230730-160730-1603 10259 ! releaseForRead  (lockserver.cc:293): [-1487350023034011589] Releasing unheld read lock: i2J9F2ONtigNV3ltmWIClRCsH0x234F5vmNr2HYI8hl2j7X9UQeV5nYYW5qQ6LjQ
20230730-160730-1614 10259 ! releaseForRead  (lockserver.cc:293): [-2774690076446081543] Releasing unheld read lock: i2J9F2ONtigNV3ltmWIClRCsH0x234F5vmNr2HYI8hl2j7X9UQeV5nYYW5qQ6LjQ
20230730-160730-1628 10259 ! releaseForWrite (lockserver.cc:353): [-8734498370990841598] Releasing unheld write lock: FMSLbGkb8ZKqXxQYeQjTLXwJ7MiSLjcs2n4w8vNRbKX1PA3OkyDx7VLYZGHIbHhe
20230730-160730-6679 10259 ! releaseForRead  (lockserver.cc:293): [5266598512233180026] Releasing unheld read lock: i2J9F2ONtigNV3ltmWIClRCsH0x234F5vmNr2HYI8hl2j7X9UQeV5nYYW5qQ6LjQ
20230730-160730-6803 10259 ! releaseForRead  (lockserver.cc:293): [-927374190692801585] Releasing unheld read lock: i2J9F2ONtigNV3ltmWIClRCsH0x234F5vmNr2HYI8hl2j7X9UQeV5nYYW5qQ6LjQ
20230730-160730-6874 10259 ! releaseForRead  (lockserver.cc:293): [-8114152879704201589] Releasing unheld read lock: i2J9F2ONtigNV3ltmWIClRCsH0x234F5vmNr2HYI8hl2j7X9UQeV5nYYW5qQ6LjQ
20230730-160730-7077 10259 ! releaseForRead  (lockserver.cc:293): [-3566598422164241590] Releasing unheld read lock: i2J9F2ONtigNV3ltmWIClRCsH0x234F5vmNr2HYI8hl2j7X9UQeV5nYYW5qQ6LjQ
20230730-160730-8618 10259 ! releaseForRead  (lockserver.cc:293): [50452160351890027] Releasing unheld read lock: VBMSgGuv7VfjgjYnGmJVC2oMXJvFmiijYLOisIqMSU8C9g20zLPDHCR8KXG61Uwj
20230730-160730-8628 10259 ! releaseForRead  (lockserver.cc:293): [4251693557011710030] Releasing unheld read lock: i2J9F2ONtigNV3ltmWIClRCsH0x234F5vmNr2HYI8hl2j7X9UQeV5nYYW5qQ6LjQ
20230730-160730-8905 10259 ! releaseForRead  (lockserver.cc:293): [-2638231980003741585] Releasing unheld read lock: i2J9F2ONtigNV3ltmWIClRCsH0x234F5vmNr2HYI8hl2j7X9UQeV5nYYW5qQ6LjQ
20230730-160730-8911 10259 ! releaseForWrite (lockserver.cc:353): [-5092413906662191585] Releasing unheld write lock: i2J9F2ONtigNV3ltmWIClRCsH0x234F5vmNr2HYI8hl2j7X9UQeV5nYYW5qQ6LjQ
20230730-160730-8911 10259 ! releaseForRead  (lockserver.cc:293): [-5092413906662191585] Releasing unheld read lock: i2J9F2ONtigNV3ltmWIClRCsH0x234F5vmNr2HYI8hl2j7X9UQeV5nYYW5qQ6LjQ
20230730-160730-9176 10259 ! releaseForRead  (lockserver.cc:293): [-1922715439622491478] Releasing unheld read lock: i2J9F2ONtigNV3ltmWIClRCsH0x234F5vmNr2HYI8hl2j7X9UQeV5nYYW5qQ6LjQ
20230730-160730-9359 10259 ! releaseForWrite (lockserver.cc:353): [5045171252091870030] Releasing unheld write lock: MAU9bByXeq54u7Q246ZmFk9Hve5gGahDrELJEKBKJU0HdNMXRV3nSxx6HVHbJIdJ
20230730-160730-9383 10259 ! releaseForWrite (lockserver.cc:353): [-3492393289789311584] Releasing unheld write lock: i2J9F2ONtigNV3ltmWIClRCsH0x234F5vmNr2HYI8hl2j7X9UQeV5nYYW5qQ6LjQ
20230730-160730-9387 10259 ! releaseForRead  (lockserver.cc:293): [-6673318093407091583] Releasing unheld read lock: i2J9F2ONtigNV3ltmWIClRCsH0x234F5vmNr2HYI8hl2j7X9UQeV5nYYW5qQ6LjQ
20230730-160730-9393 10259 ! releaseForWrite (lockserver.cc:353): [-895190990019681589] Releasing unheld write lock: VBMSgGuv7VfjgjYnGmJVC2oMXJvFmiijYLOisIqMSU8C9g20zLPDHCR8KXG61Uwj
20230730-160731-1770 10259 ! releaseForWrite (lockserver.cc:353): [-2607663121244341594] Releasing unheld write lock: excMte1kwsI43dYL23rZSHqKuaKKWapBZCIIFipVXQPdS6tvNho1zeZpvBSXj8Sj
20230730-160731-1770 10259 ! releaseForRead  (lockserver.cc:293): [-2607663121244341594] Releasing unheld read lock: excMte1kwsI43dYL23rZSHqKuaKKWapBZCIIFipVXQPdS6tvNho1zeZpvBSXj8Sj
20230730-160731-1883 10259 ! releaseForRead  (lockserver.cc:293): [-6403612082261711576] Releasing unheld read lock: excMte1kwsI43dYL23rZSHqKuaKKWapBZCIIFipVXQPdS6tvNho1zeZpvBSXj8Sj
20230730-160731-1901 10259 ! releaseForWrite (lockserver.cc:353): [-1709000333776241528] Releasing unheld write lock: FMSLbGkb8ZKqXxQYeQjTLXwJ7MiSLjcs2n4w8vNRbKX1PA3OkyDx7VLYZGHIbHhe
20230730-160731-2416 10259 ! releaseForRead  (lockserver.cc:293): [8241413272861250059] Releasing unheld read lock: FMSLbGkb8ZKqXxQYeQjTLXwJ7MiSLjcs2n4w8vNRbKX1PA3OkyDx7VLYZGHIbHhe
20230730-160731-2447 10259 ! releaseForWrite (lockserver.cc:353): [297512677653690115] Releasing unheld write lock: excMte1kwsI43dYL23rZSHqKuaKKWapBZCIIFipVXQPdS6tvNho1zeZpvBSXj8Sj
20230730-160731-3017 10259 ! releaseForRead  (lockserver.cc:293): [-2920861398016691589] Releasing unheld read lock: i2J9F2ONtigNV3ltmWIClRCsH0x234F5vmNr2HYI8hl2j7X9UQeV5nYYW5qQ6LjQ
20230730-160732-1930 10259 ! releaseForRead  (lockserver.cc:293): [-6403612082261711575] Releasing unheld read lock: excMte1kwsI43dYL23rZSHqKuaKKWapBZCIIFipVXQPdS6tvNho1zeZpvBSXj8Sj
20230730-160732-1975 10259 ! releaseForWrite (lockserver.cc:353): [6689970629986490034] Releasing unheld write lock: excMte1kwsI43dYL23rZSHqKuaKKWapBZCIIFipVXQPdS6tvNho1zeZpvBSXj8Sj
20230730-160732-2083 10259 ! releaseForRead  (lockserver.cc:293): [-3355354164546201511] Releasing unheld read lock: VBMSgGuv7VfjgjYnGmJVC2oMXJvFmiijYLOisIqMSU8C9g20zLPDHCR8KXG61Uwj
20230730-160732-5324 10259 ! releaseForWrite (lockserver.cc:353): [-6998688089349591535] Releasing unheld write lock: KBb5BM9SlHvx4TkF4ggiZHYj3vQQ7eOye47kmoyl8MID6b6s0SHpKENmsAJfMSr2
20230730-160733-4066 10259 ! releaseForRead  (lockserver.cc:293): [-8365086708024151585] Releasing unheld read lock: k9BbxFse5kjPm4JAOZZe015JhKoa7ZqDEskqXqK5QpmB8l2tmQvZrZaCgfA5aIdY
20230730-160735-0522 10259 ! releaseForWrite (lockserver.cc:353): [3595679316215390119] Releasing unheld write lock: i2J9F2ONtigNV3ltmWIClRCsH0x234F5vmNr2HYI8hl2j7X9UQeV5nYYW5qQ6LjQ
20230730-160736-1677 10259 ! releaseForRead  (lockserver.cc:293): [-3492393289789311574] Releasing unheld read lock: i2J9F2ONtigNV3ltmWIClRCsH0x234F5vmNr2HYI8hl2j7X9UQeV5nYYW5qQ6LjQ
20230730-160736-2043 10259 ! releaseForRead  (lockserver.cc:293): [-4041585804513721553] Releasing unheld read lock: i2J9F2ONtigNV3ltmWIClRCsH0x234F5vmNr2HYI8hl2j7X9UQeV5nYYW5qQ6LjQ
20230730-160736-2155 10259 ! releaseForRead  (lockserver.cc:293): [8576916556944340139] Releasing unheld read lock: i2J9F2ONtigNV3ltmWIClRCsH0x234F5vmNr2HYI8hl2j7X9UQeV5nYYW5qQ6LjQ
20230730-160736-7516 10259 ! releaseForRead  (lockserver.cc:293): [4251693557011710041] Releasing unheld read lock: i2J9F2ONtigNV3ltmWIClRCsH0x234F5vmNr2HYI8hl2j7X9UQeV5nYYW5qQ6LjQ
20230730-160736-8441 10259 ! releaseForRead  (lockserver.cc:293): [3289362754956920045] Releasing unheld read lock: i2J9F2ONtigNV3ltmWIClRCsH0x234F5vmNr2HYI8hl2j7X9UQeV5nYYW5qQ6LjQ
20230730-160736-8537 10259 ! releaseForRead  (lockserver.cc:293): [-2607663121244341580] Releasing unheld read lock: i2J9F2ONtigNV3ltmWIClRCsH0x234F5vmNr2HYI8hl2j7X9UQeV5nYYW5qQ6LjQ
20230730-160736-8538 10259 ! releaseForWrite (lockserver.cc:353): [-8114152879704201579] Releasing unheld write lock: i2J9F2ONtigNV3ltmWIClRCsH0x234F5vmNr2HYI8hl2j7X9UQeV5nYYW5qQ6LjQ
20230730-160736-8597 10259 ! releaseForWrite (lockserver.cc:353): [-6673318093407091574] Releasing unheld write lock: i2J9F2ONtigNV3ltmWIClRCsH0x234F5vmNr2HYI8hl2j7X9UQeV5nYYW5qQ6LjQ
20230730-160736-8597 10259 ! releaseForRead  (lockserver.cc:293): [-6673318093407091574] Releasing unheld read lock: i2J9F2ONtigNV3ltmWIClRCsH0x234F5vmNr2HYI8hl2j7X9UQeV5nYYW5qQ6LjQ
20230730-160736-8600 10259 ! releaseForWrite (lockserver.cc:353): [-2369141006471211563] Releasing unheld write lock: FMSLbGkb8ZKqXxQYeQjTLXwJ7MiSLjcs2n4w8vNRbKX1PA3OkyDx7VLYZGHIbHhe
20230730-160736-8825 10259 ! releaseForWrite (lockserver.cc:353): [5493460089573700099] Releasing unheld write lock: FMSLbGkb8ZKqXxQYeQjTLXwJ7MiSLjcs2n4w8vNRbKX1PA3OkyDx7VLYZGHIbHhe
20230730-160736-9592 10259 ! releaseForWrite (lockserver.cc:353): [219471678962770038] Releasing unheld write lock: i2J9F2ONtigNV3ltmWIClRCsH0x234F5vmNr2HYI8hl2j7X9UQeV5nYYW5qQ6LjQ
20230730-160737-3383 10259 ! releaseForWrite (lockserver.cc:353): [5266598512233180038] Releasing unheld write lock: VBMSgGuv7VfjgjYnGmJVC2oMXJvFmiijYLOisIqMSU8C9g20zLPDHCR8KXG61Uwj
20230730-160737-3499 10259 ! releaseForWrite (lockserver.cc:353): [50703642479900033] Releasing unheld write lock: i2J9F2ONtigNV3ltmWIClRCsH0x234F5vmNr2HYI8hl2j7X9UQeV5nYYW5qQ6LjQ
20230730-160737-3516 10259 ! releaseForRead  (lockserver.cc:293): [-5408652657869451508] Releasing unheld read lock: i2J9F2ONtigNV3ltmWIClRCsH0x234F5vmNr2HYI8hl2j7X9UQeV5nYYW5qQ6LjQ
20230730-160737-3653 10259 ! releaseForRead  (lockserver.cc:293): [6817013945185510125] Releasing unheld read lock: i2J9F2ONtigNV3ltmWIClRCsH0x234F5vmNr2HYI8hl2j7X9UQeV5nYYW5qQ6LjQ
20230730-160739-0943 10259 ! releaseForWrite (lockserver.cc:353): [4251693557011710045] Releasing unheld write lock: i2J9F2ONtigNV3ltmWIClRCsH0x234F5vmNr2HYI8hl2j7X9UQeV5nYYW5qQ6LjQ
20230730-160739-0966 10259 ! releaseForWrite (lockserver.cc:353): [-4257239180524951570] Releasing unheld write lock: i2J9F2ONtigNV3ltmWIClRCsH0x234F5vmNr2HYI8hl2j7X9UQeV5nYYW5qQ6LjQ
20230730-160739-0966 10259 ! releaseForWrite (lockserver.cc:353): [-4257239180524951570] Releasing unheld write lock: xmaQWtC8wZb6zKpbCb9ELSBnvkCfZxlG4tGAcAOGoWxVvWCJEznt9PjzVCg1sJ93
20230730-160739-1052 10259 ! releaseForRead  (lockserver.cc:293): [-3492393289789311568] Releasing unheld read lock: i2J9F2ONtigNV3ltmWIClRCsH0x234F5vmNr2HYI8hl2j7X9UQeV5nYYW5qQ6LjQ
20230730-160739-1416 10259 ! releaseForRead  (lockserver.cc:293): [-4695802430109611499] Releasing unheld read lock: i2J9F2ONtigNV3ltmWIClRCsH0x234F5vmNr2HYI8hl2j7X9UQeV5nYYW5qQ6LjQ
20230730-160739-1852 10259 ! releaseForRead  (lockserver.cc:293): [1272565865209020036] Releasing unheld read lock: VBMSgGuv7VfjgjYnGmJVC2oMXJvFmiijYLOisIqMSU8C9g20zLPDHCR8KXG61Uwj
20230730-160739-2640 10259 ! releaseForRead  (lockserver.cc:293): [-3873309292950741516] Releasing unheld read lock: VBMSgGuv7VfjgjYnGmJVC2oMXJvFmiijYLOisIqMSU8C9g20zLPDHCR8KXG61Uwj
20230730-160740-3462 10259 ! releaseForRead  (lockserver.cc:293): [2987325355880340055] Releasing unheld read lock: VBMSgGuv7VfjgjYnGmJVC2oMXJvFmiijYLOisIqMSU8C9g20zLPDHCR8KXG61Uwj
20230730-160740-4447 10259 ! releaseForRead  (lockserver.cc:293): [-2472896732960451427] Releasing unheld read lock: i2J9F2ONtigNV3ltmWIClRCsH0x234F5vmNr2HYI8hl2j7X9UQeV5nYYW5qQ6LjQ
20230730-160740-6117 10259 ! releaseForWrite (lockserver.cc:353): [-4041585804513721543] Releasing unheld write lock: i2J9F2ONtigNV3ltmWIClRCsH0x234F5vmNr2HYI8hl2j7X9UQeV5nYYW5qQ6LjQ
20230730-160740-6196 10259 ! releaseForRead  (lockserver.cc:293): [3155488133660590043] Releasing unheld read lock: i2J9F2ONtigNV3ltmWIClRCsH0x234F5vmNr2HYI8hl2j7X9UQeV5nYYW5qQ6LjQ
20230730-160740-6229 10259 ! releaseForWrite (lockserver.cc:353): [-26501456565101574] Releasing unheld write lock: i2J9F2ONtigNV3ltmWIClRCsH0x234F5vmNr2HYI8hl2j7X9UQeV5nYYW5qQ6LjQ
20230730-160740-6264 10259 ! releaseForWrite (lockserver.cc:353): [-6713310473377271577] Releasing unheld write lock: i2J9F2ONtigNV3ltmWIClRCsH0x234F5vmNr2HYI8hl2j7X9UQeV5nYYW5qQ6LjQ
20230730-160740-6293 10259 ! releaseForRead  (lockserver.cc:293): [-7860436304454411576] Releasing unheld read lock: i2J9F2ONtigNV3ltmWIClRCsH0x234F5vmNr2HYI8hl2j7X9UQeV5nYYW5qQ6LjQ
20230730-160740-6357 10259 ! releaseForWrite (lockserver.cc:353): [-4679257831345921548] Releasing unheld write lock: i2J9F2ONtigNV3ltmWIClRCsH0x234F5vmNr2HYI8hl2j7X9UQeV5nYYW5qQ6LjQ
20230730-160740-7302 10259 ! releaseForRead  (lockserver.cc:293): [8725234354226630162] Releasing unheld read lock: i2J9F2ONtigNV3ltmWIClRCsH0x234F5vmNr2HYI8hl2j7X9UQeV5nYYW5qQ6LjQ
20230730-160742-1017 10259 ! releaseForWrite (lockserver.cc:353): [-8114152879704201571] Releasing unheld write lock: i2J9F2ONtigNV3ltmWIClRCsH0x234F5vmNr2HYI8hl2j7X9UQeV5nYYW5qQ6LjQ
20230730-160742-1083 10259 ! releaseForWrite (lockserver.cc:353): [4251693557011710050] Releasing unheld write lock: excMte1kwsI43dYL23rZSHqKuaKKWapBZCIIFipVXQPdS6tvNho1zeZpvBSXj8Sj
20230730-160742-1142 10259 ! releaseForRead  (lockserver.cc:293): [-7602315279237141569] Releasing unheld read lock: i2J9F2ONtigNV3ltmWIClRCsH0x234F5vmNr2HYI8hl2j7X9UQeV5nYYW5qQ6LjQ
20230730-160742-1199 10259 ! releaseForWrite (lockserver.cc:353): [5045171252091870049] Releasing unheld write lock: FMSLbGkb8ZKqXxQYeQjTLXwJ7MiSLjcs2n4w8vNRbKX1PA3OkyDx7VLYZGHIbHhe
20230730-160742-2883 10259 ! releaseForRead  (lockserver.cc:293): [-4257239180524951563] Releasing unheld read lock: i2J9F2ONtigNV3ltmWIClRCsH0x234F5vmNr2HYI8hl2j7X9UQeV5nYYW5qQ6LjQ
20230730-160742-2904 10259 ! releaseForRead  (lockserver.cc:293): [-3566598422164241573] Releasing unheld read lock: i2J9F2ONtigNV3ltmWIClRCsH0x234F5vmNr2HYI8hl2j7X9UQeV5nYYW5qQ6LjQ
20230730-160742-2917 10259 ! releaseForRead  (lockserver.cc:293): [-7860436304454411574] Releasing unheld read lock: i2J9F2ONtigNV3ltmWIClRCsH0x234F5vmNr2HYI8hl2j7X9UQeV5nYYW5qQ6LjQ
20230730-160742-2933 10259 ! releaseForWrite (lockserver.cc:353): [-6403612082261711552] Releasing unheld write lock: VBMSgGuv7VfjgjYnGmJVC2oMXJvFmiijYLOisIqMSU8C9g20zLPDHCR8KXG61Uwj
20230730-160742-2944 10259 ! releaseForWrite (lockserver.cc:353): [-4679257831345921546] Releasing unheld write lock: VBMSgGuv7VfjgjYnGmJVC2oMXJvFmiijYLOisIqMSU8C9g20zLPDHCR8KXG61Uwj
20230730-160742-2944 10259 ! releaseForRead  (lockserver.cc:293): [-4679257831345921546] Releasing unheld read lock: i2J9F2ONtigNV3ltmWIClRCsH0x234F5vmNr2HYI8hl2j7X9UQeV5nYYW5qQ6LjQ
20230730-160743-1194 10259 ! releaseForRead  (lockserver.cc:293): [4251693557011710052] Releasing unheld read lock: Sn3XRSY6DDn806Ward9aQimq3DkHv3Zogpp5JyxIj56kTDtSZJk5XHrID2peXxDy
20230730-160743-1217 10259 ! releaseForRead  (lockserver.cc:293): [2987325355880340060] Releasing unheld read lock: excMte1kwsI43dYL23rZSHqKuaKKWapBZCIIFipVXQPdS6tvNho1zeZpvBSXj8Sj
20230730-160743-2008 10259 ! releaseForWrite (lockserver.cc:353): [-26501456565101571] Releasing unheld write lock: i2J9F2ONtigNV3ltmWIClRCsH0x234F5vmNr2HYI8hl2j7X9UQeV5nYYW5qQ6LjQ
20230730-160743-2010 10259 ! releaseForWrite (lockserver.cc:353): [-26501456565101571] Releasing unheld write lock: FMSLbGkb8ZKqXxQYeQjTLXwJ7MiSLjcs2n4w8vNRbKX1PA3OkyDx7VLYZGHIbHhe
20230730-160743-2010 10259 ! releaseForWrite (lockserver.cc:353): [-26501456565101571] Releasing unheld write lock: VBMSgGuv7VfjgjYnGmJVC2oMXJvFmiijYLOisIqMSU8C9g20zLPDHCR8KXG61Uwj
20230730-160743-2050 10259 ! releaseForRead  (lockserver.cc:293): [-2446220207399201567] Releasing unheld read lock: i2J9F2ONtigNV3ltmWIClRCsH0x234F5vmNr2HYI8hl2j7X9UQeV5nYYW5qQ6LjQ
20230730-160743-2091 10259 ! releaseForWrite (lockserver.cc:353): [-2369141006471211553] Releasing unheld write lock: i2J9F2ONtigNV3ltmWIClRCsH0x234F5vmNr2HYI8hl2j7X9UQeV5nYYW5qQ6LjQ
20230730-160743-2112 10259 ! releaseForWrite (lockserver.cc:353): [3155488133660590046] Releasing unheld write lock: i2J9F2ONtigNV3ltmWIClRCsH0x234F5vmNr2HYI8hl2j7X9UQeV5nYYW5qQ6LjQ
20230730-160743-2112 10259 ! releaseForRead  (lockserver.cc:293): [3155488133660590046] Releasing unheld read lock: i2J9F2ONtigNV3ltmWIClRCsH0x234F5vmNr2HYI8hl2j7X9UQeV5nYYW5qQ6LjQ
20230730-160743-2606 10259 ! releaseForWrite (lockserver.cc:353): [-7717482736227721485] Releasing unheld write lock: VBMSgGuv7VfjgjYnGmJVC2oMXJvFmiijYLOisIqMSU8C9g20zLPDHCR8KXG61Uwj
20230730-160743-2606 10259 ! releaseForWrite (lockserver.cc:353): [-7717482736227721485] Releasing unheld write lock: i2J9F2ONtigNV3ltmWIClRCsH0x234F5vmNr2HYI8hl2j7X9UQeV5nYYW5qQ6LjQ
20230730-160743-3115 10259 ! releaseForRead  (lockserver.cc:293): [-8365086708024151568] Releasing unheld read lock: i2J9F2ONtigNV3ltmWIClRCsH0x234F5vmNr2HYI8hl2j7X9UQeV5nYYW5qQ6LjQ
20230730-160743-3154 10259 ! releaseForWrite (lockserver.cc:353): [50452160351890050] Releasing unheld write lock: FMSLbGkb8ZKqXxQYeQjTLXwJ7MiSLjcs2n4w8vNRbKX1PA3OkyDx7VLYZGHIbHhe
20230730-160743-3154 10259 ! releaseForRead  (lockserver.cc:293): [50452160351890050] Releasing unheld read lock: FMSLbGkb8ZKqXxQYeQjTLXwJ7MiSLjcs2n4w8vNRbKX1PA3OkyDx7VLYZGHIbHhe
20230730-160743-3172 10259 ! releaseForRead  (lockserver.cc:293): [219471678962770046] Releasing unheld read lock: i2J9F2ONtigNV3ltmWIClRCsH0x234F5vmNr2HYI8hl2j7X9UQeV5nYYW5qQ6LjQ
20230730-160743-3197 10259 ! releaseForWrite (lockserver.cc:353): [3289362754956920056] Releasing unheld write lock: FMSLbGkb8ZKqXxQYeQjTLXwJ7MiSLjcs2n4w8vNRbKX1PA3OkyDx7VLYZGHIbHhe
20230730-160743-3197 10259 ! releaseForRead  (lockserver.cc:293): [3289362754956920056] Releasing unheld read lock: FMSLbGkb8ZKqXxQYeQjTLXwJ7MiSLjcs2n4w8vNRbKX1PA3OkyDx7VLYZGHIbHhe
20230730-160743-4627 10259 ! releaseForRead  (lockserver.cc:293): [2213913669860200056] Releasing unheld read lock: i2J9F2ONtigNV3ltmWIClRCsH0x234F5vmNr2HYI8hl2j7X9UQeV5nYYW5qQ6LjQ
20230730-160743-4802 10259 ! releaseForWrite (lockserver.cc:353): [5266598512233180051] Releasing unheld write lock: i2J9F2ONtigNV3ltmWIClRCsH0x234F5vmNr2HYI8hl2j7X9UQeV5nYYW5qQ6LjQ
20230730-160744-1623 10259 * HandleRequestStateTransfer (replica.cc:727):   [0] Sending state transfer from <0,65546> to <0,65546>
20230730-160744-1632 10259 * HandleRequestStateTransfer (replica.cc:727):   [0] Sending state transfer from <0,65536> to <0,65546>
20230730-160744-3465 10259 ! releaseForWrite (lockserver.cc:353): [-7860436304454411572] Releasing unheld write lock: excMte1kwsI43dYL23rZSHqKuaKKWapBZCIIFipVXQPdS6tvNho1zeZpvBSXj8Sj
20230730-160744-3669 10259 ! releaseForWrite (lockserver.cc:353): [-895190990019681566] Releasing unheld write lock: i2J9F2ONtigNV3ltmWIClRCsH0x234F5vmNr2HYI8hl2j7X9UQeV5nYYW5qQ6LjQ
20230730-160744-3669 10259 ! releaseForWrite (lockserver.cc:353): [-895190990019681566] Releasing unheld write lock: excMte1kwsI43dYL23rZSHqKuaKKWapBZCIIFipVXQPdS6tvNho1zeZpvBSXj8Sj
20230730-160744-4083 10259 ! releaseForRead  (lockserver.cc:293): [-8365086708024151566] Releasing unheld read lock: i2J9F2ONtigNV3ltmWIClRCsH0x234F5vmNr2HYI8hl2j7X9UQeV5nYYW5qQ6LjQ
20230730-160744-4336 10259 ! releaseForRead  (lockserver.cc:293): [-7602315279237141566] Releasing unheld read lock: i2J9F2ONtigNV3ltmWIClRCsH0x234F5vmNr2HYI8hl2j7X9UQeV5nYYW5qQ6LjQ
20230730-160744-4863 10259 ! releaseForWrite (lockserver.cc:353): [5266598512233180052] Releasing unheld write lock: FMSLbGkb8ZKqXxQYeQjTLXwJ7MiSLjcs2n4w8vNRbKX1PA3OkyDx7VLYZGHIbHhe
20230730-160744-5270 10259 ! releaseForWrite (lockserver.cc:353): [1233203812290330170] Releasing unheld write lock: FMSLbGkb8ZKqXxQYeQjTLXwJ7MiSLjcs2n4w8vNRbKX1PA3OkyDx7VLYZGHIbHhe
20230730-160744-5385 10259 ! releaseForRead  (lockserver.cc:293): [3155488133660590049] Releasing unheld read lock: i2J9F2ONtigNV3ltmWIClRCsH0x234F5vmNr2HYI8hl2j7X9UQeV5nYYW5qQ6LjQ
20230730-160744-5385 10259 ! releaseForRead  (lockserver.cc:293): [3155488133660590049] Releasing unheld read lock: VBMSgGuv7VfjgjYnGmJVC2oMXJvFmiijYLOisIqMSU8C9g20zLPDHCR8KXG61Uwj
20230730-160744-5438 10259 ! releaseForWrite (lockserver.cc:353): [-86256678346911555] Releasing unheld write lock: excMte1kwsI43dYL23rZSHqKuaKKWapBZCIIFipVXQPdS6tvNho1zeZpvBSXj8Sj
20230730-160744-7912 10259 ! releaseForWrite (lockserver.cc:353): [-847699203421891561] Releasing unheld write lock: VBMSgGuv7VfjgjYnGmJVC2oMXJvFmiijYLOisIqMSU8C9g20zLPDHCR8KXG61Uwj
20230730-160744-7923 10259 ! releaseForRead  (lockserver.cc:293): [-847699203421891561] Releasing unheld read lock: VBMSgGuv7VfjgjYnGmJVC2oMXJvFmiijYLOisIqMSU8C9g20zLPDHCR8KXG61Uwj
20230730-160744-8009 10259 ! releaseForWrite (lockserver.cc:353): [-9159665730083651565] Releasing unheld write lock: i2J9F2ONtigNV3ltmWIClRCsH0x234F5vmNr2HYI8hl2j7X9UQeV5nYYW5qQ6LjQ
20230730-160744-8042 10259 ! releaseForRead  (lockserver.cc:293): [1272565865209020043] Releasing unheld read lock: FMSLbGkb8ZKqXxQYeQjTLXwJ7MiSLjcs2n4w8vNRbKX1PA3OkyDx7VLYZGHIbHhe
20230730-160744-8044 10259 ! releaseForWrite (lockserver.cc:353): [-3566598422164241569] Releasing unheld write lock: FMSLbGkb8ZKqXxQYeQjTLXwJ7MiSLjcs2n4w8vNRbKX1PA3OkyDx7VLYZGHIbHhe
20230730-160744-8047 10259 ! releaseForRead  (lockserver.cc:293): [-6381063306267221560] Releasing unheld read lock: FMSLbGkb8ZKqXxQYeQjTLXwJ7MiSLjcs2n4w8vNRbKX1PA3OkyDx7VLYZGHIbHhe
20230730-160744-8048 10259 ! releaseForRead  (lockserver.cc:293): [-6381063306267221560] Releasing unheld read lock: i2J9F2ONtigNV3ltmWIClRCsH0x234F5vmNr2HYI8hl2j7X9UQeV5nYYW5qQ6LjQ
20230730-160744-8092 10259 ! releaseForRead  (lockserver.cc:293): [-8861125582544011557] Releasing unheld read lock: i2J9F2ONtigNV3ltmWIClRCsH0x234F5vmNr2HYI8hl2j7X9UQeV5nYYW5qQ6LjQ
20230730-160744-8092 10259 ! releaseForRead  (lockserver.cc:293): [-8861125582544011557] Releasing unheld read lock: VBMSgGuv7VfjgjYnGmJVC2oMXJvFmiijYLOisIqMSU8C9g20zLPDHCR8KXG61Uwj
20230730-160744-8099 10259 ! releaseForWrite (lockserver.cc:353): [50452160351890052] Releasing unheld write lock: FMSLbGkb8ZKqXxQYeQjTLXwJ7MiSLjcs2n4w8vNRbKX1PA3OkyDx7VLYZGHIbHhe
20230730-160744-8099 10259 ! releaseForRead  (lockserver.cc:293): [50452160351890052] Releasing unheld read lock: FMSLbGkb8ZKqXxQYeQjTLXwJ7MiSLjcs2n4w8vNRbKX1PA3OkyDx7VLYZGHIbHhe
20230730-160744-8174 10259 ! releaseForWrite (lockserver.cc:353): [3289362754956920058] Releasing unheld write lock: EQylnPHdgBap7xL1Vg80kMs5drcQwqMNlDp9RFbiAzTrKNj9sFPEYtADmyLzNIQZ
20230730-160744-8174 10259 ! releaseForWrite (lockserver.cc:353): [3289362754956920058] Releasing unheld write lock: i2J9F2ONtigNV3ltmWIClRCsH0x234F5vmNr2HYI8hl2j7X9UQeV5nYYW5qQ6LjQ
20230730-160744-8211 10259 ! releaseForRead  (lockserver.cc:293): [-7134851065203731569] Releasing unheld read lock: i2J9F2ONtigNV3ltmWIClRCsH0x234F5vmNr2HYI8hl2j7X9UQeV5nYYW5qQ6LjQ
20230730-160744-8294 10259 ! releaseForWrite (lockserver.cc:353): [-7782599812609301569] Releasing unheld write lock: i2J9F2ONtigNV3ltmWIClRCsH0x234F5vmNr2HYI8hl2j7X9UQeV5nYYW5qQ6LjQ
20230730-160744-8350 10259 ! releaseForWrite (lockserver.cc:353): [5045171252091870055] Releasing unheld write lock: xmaQWtC8wZb6zKpbCb9ELSBnvkCfZxlG4tGAcAOGoWxVvWCJEznt9PjzVCg1sJ93
20230730-160744-8351 10259 ! releaseForWrite (lockserver.cc:353): [5045171252091870055] Releasing unheld write lock: i2J9F2ONtigNV3ltmWIClRCsH0x234F5vmNr2HYI8hl2j7X9UQeV5nYYW5qQ6LjQ
20230730-160744-8351 10259 ! releaseForRead  (lockserver.cc:293): [5045171252091870055] Releasing unheld read lock: FMSLbGkb8ZKqXxQYeQjTLXwJ7MiSLjcs2n4w8vNRbKX1PA3OkyDx7VLYZGHIbHhe
20230730-160744-8355 10259 ! releaseForWrite (lockserver.cc:353): [-2369141006471211550] Releasing unheld write lock: i2J9F2ONtigNV3ltmWIClRCsH0x234F5vmNr2HYI8hl2j7X9UQeV5nYYW5qQ6LjQ
20230730-160744-8386 10259 ! releaseForWrite (lockserver.cc:353): [-5114015941452601541] Releasing unheld write lock: VBMSgGuv7VfjgjYnGmJVC2oMXJvFmiijYLOisIqMSU8C9g20zLPDHCR8KXG61Uwj
20230730-160744-8403 10259 ! releaseForWrite (lockserver.cc:353): [-4679257831345921543] Releasing unheld write lock: i2J9F2ONtigNV3ltmWIClRCsH0x234F5vmNr2HYI8hl2j7X9UQeV5nYYW5qQ6LjQ
20230730-160744-8403 10259 ! releaseForRead  (lockserver.cc:293): [-4679257831345921543] Releasing unheld read lock: FMSLbGkb8ZKqXxQYeQjTLXwJ7MiSLjcs2n4w8vNRbKX1PA3OkyDx7VLYZGHIbHhe
20230730-160744-8403 10259 ! releaseForRead  (lockserver.cc:293): [-4679257831345921543] Releasing unheld read lock: VBMSgGuv7VfjgjYnGmJVC2oMXJvFmiijYLOisIqMSU8C9g20zLPDHCR8KXG61Uwj
20230730-160744-8621 10259 ! releaseForWrite (lockserver.cc:353): [-927374190692801563] Releasing unheld write lock: FMSLbGkb8ZKqXxQYeQjTLXwJ7MiSLjcs2n4w8vNRbKX1PA3OkyDx7VLYZGHIbHhe
20230730-160744-8621 10259 ! releaseForWrite (lockserver.cc:353): [-927374190692801563] Releasing unheld write lock: excMte1kwsI43dYL23rZSHqKuaKKWapBZCIIFipVXQPdS6tvNho1zeZpvBSXj8Sj
20230730-160744-8622 10259 ! releaseForRead  (lockserver.cc:293): [-927374190692801563] Releasing unheld read lock: i2J9F2ONtigNV3ltmWIClRCsH0x234F5vmNr2HYI8hl2j7X9UQeV5nYYW5qQ6LjQ
20230730-160744-8961 10259 ! releaseForWrite (lockserver.cc:353): [-2638231980003741562] Releasing unheld write lock: FMSLbGkb8ZKqXxQYeQjTLXwJ7MiSLjcs2n4w8vNRbKX1PA3OkyDx7VLYZGHIbHhe
20230730-160744-8962 10259 ! releaseForRead  (lockserver.cc:293): [-2638231980003741562] Releasing unheld read lock: i2J9F2ONtigNV3ltmWIClRCsH0x234F5vmNr2HYI8hl2j7X9UQeV5nYYW5qQ6LjQ
20230730-160744-9171 10259 ! releaseForWrite (lockserver.cc:353): [-2059413280162671486] Releasing unheld write lock: VBMSgGuv7VfjgjYnGmJVC2oMXJvFmiijYLOisIqMSU8C9g20zLPDHCR8KXG61Uwj
20230730-160745-0315 10259 ! releaseForWrite (lockserver.cc:353): [3820154902825010117] Releasing unheld write lock: RFOkI9nVsMC7DpUubXcief6ZxZFdT59vpfQRmqFNJahZb0v8Yr54WNySvxHRixpK
20230730-160745-0315 10259 ! releaseForRead  (lockserver.cc:293): [3820154902825010117] Releasing unheld read lock: excMte1kwsI43dYL23rZSHqKuaKKWapBZCIIFipVXQPdS6tvNho1zeZpvBSXj8Sj
20230730-160745-0315 10259 ! releaseForRead  (lockserver.cc:293): [3820154902825010117] Releasing unheld read lock: VBMSgGuv7VfjgjYnGmJVC2oMXJvFmiijYLOisIqMSU8C9g20zLPDHCR8KXG61Uwj
20230730-160745-0440 10259 ! releaseForRead  (lockserver.cc:293): [2862116107325580228] Releasing unheld read lock: excMte1kwsI43dYL23rZSHqKuaKKWapBZCIIFipVXQPdS6tvNho1zeZpvBSXj8Sj
20230730-160745-0447 10259 ! releaseForWrite (lockserver.cc:353): [-1427092980051841517] Releasing unheld write lock: i2J9F2ONtigNV3ltmWIClRCsH0x234F5vmNr2HYI8hl2j7X9UQeV5nYYW5qQ6LjQ
20230730-160745-0455 10259 ! releaseForWrite (lockserver.cc:353): [-7929293892292021437] Releasing unheld write lock: VBMSgGuv7VfjgjYnGmJVC2oMXJvFmiijYLOisIqMSU8C9g20zLPDHCR8KXG61Uwj
20230730-160745-3516 10259 ! releaseForWrite (lockserver.cc:353): [-7860436304454411571] Releasing unheld write lock: excMte1kwsI43dYL23rZSHqKuaKKWapBZCIIFipVXQPdS6tvNho1zeZpvBSXj8Sj
20230730-160745-4190 10259 ! releaseForRead  (lockserver.cc:293): [2213913669860200058] Releasing unheld read lock: i2J9F2ONtigNV3ltmWIClRCsH0x234F5vmNr2HYI8hl2j7X9UQeV5nYYW5qQ6LjQ
20230730-160745-4266 10259 ! releaseForRead  (lockserver.cc:293): [-8114152879704201566] Releasing unheld read lock: i2J9F2ONtigNV3ltmWIClRCsH0x234F5vmNr2HYI8hl2j7X9UQeV5nYYW5qQ6LjQ
20230730-160745-4267 10259 ! releaseForRead  (lockserver.cc:293): [-8114152879704201566] Releasing unheld read lock: excMte1kwsI43dYL23rZSHqKuaKKWapBZCIIFipVXQPdS6tvNho1zeZpvBSXj8Sj
20230730-160745-4449 10259 ! releaseForWrite (lockserver.cc:353): [-3492393289789311557] Releasing unheld write lock: excMte1kwsI43dYL23rZSHqKuaKKWapBZCIIFipVXQPdS6tvNho1zeZpvBSXj8Sj
20230730-160745-5452 10259 ! releaseForWrite (lockserver.cc:353): [3155488133660590050] Releasing unheld write lock: Sn3XRSY6DDn806Ward9aQimq3DkHv3Zogpp5JyxIj56kTDtSZJk5XHrID2peXxDy
20230730-160745-5486 10259 ! releaseForRead  (lockserver.cc:293): [-86256678346911554] Releasing unheld read lock: excMte1kwsI43dYL23rZSHqKuaKKWapBZCIIFipVXQPdS6tvNho1zeZpvBSXj8Sj
20230730-160745-5494 10259 ! releaseForWrite (lockserver.cc:353): [4251693557011710056] Releasing unheld write lock: i2J9F2ONtigNV3ltmWIClRCsH0x234F5vmNr2HYI8hl2j7X9UQeV5nYYW5qQ6LjQ
20230730-160745-5559 10259 ! releaseForWrite (lockserver.cc:353): [-5092413906662191556] Releasing unheld write lock: i2J9F2ONtigNV3ltmWIClRCsH0x234F5vmNr2HYI8hl2j7X9UQeV5nYYW5qQ6LjQ
20230730-160745-8078 10259 ! releaseForRead  (lockserver.cc:293): [-9159665730083651564] Releasing unheld read lock: i2J9F2ONtigNV3ltmWIClRCsH0x234F5vmNr2HYI8hl2j7X9UQeV5nYYW5qQ6LjQ
20230730-160745-8081 10259 ! releaseForRead  (lockserver.cc:293): [-6381063306267221559] Releasing unheld read lock: FMSLbGkb8ZKqXxQYeQjTLXwJ7MiSLjcs2n4w8vNRbKX1PA3OkyDx7VLYZGHIbHhe
20230730-160745-8093 10259 ! releaseForWrite (lockserver.cc:353): [-3566598422164241568] Releasing unheld write lock: i2J9F2ONtigNV3ltmWIClRCsH0x234F5vmNr2HYI8hl2j7X9UQeV5nYYW5qQ6LjQ
20230730-160745-8137 10259 ! releaseForWrite (lockserver.cc:353): [-8861125582544011556] Releasing unheld write lock: i2J9F2ONtigNV3ltmWIClRCsH0x234F5vmNr2HYI8hl2j7X9UQeV5nYYW5qQ6LjQ
20230730-160745-8161 10259 ! releaseForWrite (lockserver.cc:353): [50452160351890053] Releasing unheld write lock: excMte1kwsI43dYL23rZSHqKuaKKWapBZCIIFipVXQPdS6tvNho1zeZpvBSXj8Sj
20230730-160745-8303 10259 ! releaseForWrite (lockserver.cc:353): [-7134851065203731568] Releasing unheld write lock: i2J9F2ONtigNV3ltmWIClRCsH0x234F5vmNr2HYI8hl2j7X9UQeV5nYYW5qQ6LjQ
20230730-160745-8303 10259 ! releaseForRead  (lockserver.cc:293): [-7134851065203731568] Releasing unheld read lock: FMSLbGkb8ZKqXxQYeQjTLXwJ7MiSLjcs2n4w8vNRbKX1PA3OkyDx7VLYZGHIbHhe
20230730-160745-8360 10259 ! releaseForWrite (lockserver.cc:353): [-2369141006471211549] Releasing unheld write lock: FMSLbGkb8ZKqXxQYeQjTLXwJ7MiSLjcs2n4w8vNRbKX1PA3OkyDx7VLYZGHIbHhe
20230730-160745-8360 10259 ! releaseForRead  (lockserver.cc:293): [-2369141006471211549] Releasing unheld read lock: EQylnPHdgBap7xL1Vg80kMs5drcQwqMNlDp9RFbiAzTrKNj9sFPEYtADmyLzNIQZ
20230730-160745-8392 10259 ! releaseForRead  (lockserver.cc:293): [5045171252091870056] Releasing unheld read lock: FMSLbGkb8ZKqXxQYeQjTLXwJ7MiSLjcs2n4w8vNRbKX1PA3OkyDx7VLYZGHIbHhe
20230730-160745-8474 10259 ! releaseForWrite (lockserver.cc:353): [-4041585804513721533] Releasing unheld write lock: FMSLbGkb8ZKqXxQYeQjTLXwJ7MiSLjcs2n4w8vNRbKX1PA3OkyDx7VLYZGHIbHhe
20230730-160745-8474 10259 ! releaseForRead  (lockserver.cc:293): [-4041585804513721533] Releasing unheld read lock: i2J9F2ONtigNV3ltmWIClRCsH0x234F5vmNr2HYI8hl2j7X9UQeV5nYYW5qQ6LjQ
20230730-160745-8501 10259 ! releaseForWrite (lockserver.cc:353): [-847699203421891559] Releasing unheld write lock: i2J9F2ONtigNV3ltmWIClRCsH0x234F5vmNr2HYI8hl2j7X9UQeV5nYYW5qQ6LjQ
20230730-160745-8501 10259 ! releaseForRead  (lockserver.cc:293): [-847699203421891559] Releasing unheld read lock: vSvxa4dE1csvE5q73aqIAxMPa6oCPEikzexSVBsKFbBSG5b3Ont5tW2aRuI3ENBv
20230730-160745-8526 10259 ! releaseForRead  (lockserver.cc:293): [-5015115224456831561] Releasing unheld read lock: excMte1kwsI43dYL23rZSHqKuaKKWapBZCIIFipVXQPdS6tvNho1zeZpvBSXj8Sj
20230730-160745-8724 10259 ! releaseForWrite (lockserver.cc:353): [-927374190692801561] Releasing unheld write lock: xmaQWtC8wZb6zKpbCb9ELSBnvkCfZxlG4tGAcAOGoWxVvWCJEznt9PjzVCg1sJ93
20230730-160745-8774 10259 ! releaseForWrite (lockserver.cc:353): [3400766752676270131] Releasing unheld write lock: excMte1kwsI43dYL23rZSHqKuaKKWapBZCIIFipVXQPdS6tvNho1zeZpvBSXj8Sj
20230730-160745-8962 10259 ! releaseForWrite (lockserver.cc:353): [-4679257831345921541] Releasing unheld write lock: EQylnPHdgBap7xL1Vg80kMs5drcQwqMNlDp9RFbiAzTrKNj9sFPEYtADmyLzNIQZ
20230730-160745-8962 10259 ! releaseForRead  (lockserver.cc:293): [-4679257831345921541] Releasing unheld read lock: i2J9F2ONtigNV3ltmWIClRCsH0x234F5vmNr2HYI8hl2j7X9UQeV5nYYW5qQ6LjQ
20230730-160745-9013 10259 ! releaseForWrite (lockserver.cc:353): [-2638231980003741561] Releasing unheld write lock: i2J9F2ONtigNV3ltmWIClRCsH0x234F5vmNr2HYI8hl2j7X9UQeV5nYYW5qQ6LjQ
20230730-160745-9014 10259 ! releaseForWrite (lockserver.cc:353): [-2638231980003741561] Releasing unheld write lock: FMSLbGkb8ZKqXxQYeQjTLXwJ7MiSLjcs2n4w8vNRbKX1PA3OkyDx7VLYZGHIbHhe
20230730-160746-0187 10259 ! releaseForWrite (lockserver.cc:353): [-6403612082261711548] Releasing unheld write lock: i2J9F2ONtigNV3ltmWIClRCsH0x234F5vmNr2HYI8hl2j7X9UQeV5nYYW5qQ6LjQ
20230730-160746-0558 10259 ! releaseForWrite (lockserver.cc:353): [-26501456565101567] Releasing unheld write lock: i2J9F2ONtigNV3ltmWIClRCsH0x234F5vmNr2HYI8hl2j7X9UQeV5nYYW5qQ6LjQ
20230730-160746-0559 10259 ! releaseForRead  (lockserver.cc:293): [-26501456565101567] Releasing unheld read lock: i2J9F2ONtigNV3ltmWIClRCsH0x234F5vmNr2HYI8hl2j7X9UQeV5nYYW5qQ6LjQ
20230730-160746-1417 10259 ! releaseForWrite (lockserver.cc:353): [8725234354226630191] Releasing unheld write lock: EQylnPHdgBap7xL1Vg80kMs5drcQwqMNlDp9RFbiAzTrKNj9sFPEYtADmyLzNIQZ
20230730-160746-4309 10259 ! releaseForWrite (lockserver.cc:353): [-8114152879704201565] Releasing unheld write lock: FMSLbGkb8ZKqXxQYeQjTLXwJ7MiSLjcs2n4w8vNRbKX1PA3OkyDx7VLYZGHIbHhe
20230730-160746-4316 10259 ! releaseForWrite (lockserver.cc:353): [2213913669860200060] Releasing unheld write lock: xmaQWtC8wZb6zKpbCb9ELSBnvkCfZxlG4tGAcAOGoWxVvWCJEznt9PjzVCg1sJ93
20230730-160746-4316 10259 ! releaseForWrite (lockserver.cc:353): [2213913669860200060] Releasing unheld write lock: FMSLbGkb8ZKqXxQYeQjTLXwJ7MiSLjcs2n4w8vNRbKX1PA3OkyDx7VLYZGHIbHhe
20230730-160746-4494 10259 ! releaseForWrite (lockserver.cc:353): [-3492393289789311556] Releasing unheld write lock: EQylnPHdgBap7xL1Vg80kMs5drcQwqMNlDp9RFbiAzTrKNj9sFPEYtADmyLzNIQZ
20230730-160746-4494 10259 ! releaseForRead  (lockserver.cc:293): [-3492393289789311556] Releasing unheld read lock: i2J9F2ONtigNV3ltmWIClRCsH0x234F5vmNr2HYI8hl2j7X9UQeV5nYYW5qQ6LjQ
20230730-160746-6916 10259 ! releaseForWrite (lockserver.cc:353): [-5092413906662191555] Releasing unheld write lock: excMte1kwsI43dYL23rZSHqKuaKKWapBZCIIFipVXQPdS6tvNho1zeZpvBSXj8Sj
20230730-160746-7763 10259 ! releaseForWrite (lockserver.cc:353): [8684488449713540046] Releasing unheld write lock: excMte1kwsI43dYL23rZSHqKuaKKWapBZCIIFipVXQPdS6tvNho1zeZpvBSXj8Sj
20230730-160746-8150 10259 ! releaseForWrite (lockserver.cc:353): [-895190990019681561] Releasing unheld write lock: VBMSgGuv7VfjgjYnGmJVC2oMXJvFmiijYLOisIqMSU8C9g20zLPDHCR8KXG61Uwj
20230730-160746-8153 10259 ! releaseForRead  (lockserver.cc:293): [2987325355880340064] Releasing unheld read lock: FMSLbGkb8ZKqXxQYeQjTLXwJ7MiSLjcs2n4w8vNRbKX1PA3OkyDx7VLYZGHIbHhe
20230730-160746-8163 10259 ! releaseForRead  (lockserver.cc:293): [6689970629986490060] Releasing unheld read lock: FMSLbGkb8ZKqXxQYeQjTLXwJ7MiSLjcs2n4w8vNRbKX1PA3OkyDx7VLYZGHIbHhe
20230730-160746-8173 10259 ! releaseForWrite (lockserver.cc:353): [-6381063306267221558] Releasing unheld write lock: VBMSgGuv7VfjgjYnGmJVC2oMXJvFmiijYLOisIqMSU8C9g20zLPDHCR8KXG61Uwj
20230730-160746-8174 10259 ! releaseForRead  (lockserver.cc:293): [-6381063306267221558] Releasing unheld read lock: FMSLbGkb8ZKqXxQYeQjTLXwJ7MiSLjcs2n4w8vNRbKX1PA3OkyDx7VLYZGHIbHhe
20230730-160746-8175 10259 ! releaseForWrite (lockserver.cc:353): [-86256678346911552] Releasing unheld write lock: VBMSgGuv7VfjgjYnGmJVC2oMXJvFmiijYLOisIqMSU8C9g20zLPDHCR8KXG61Uwj
20230730-160746-8176 10259 ! releaseForRead  (lockserver.cc:293): [3155488133660590052] Releasing unheld read lock: i2J9F2ONtigNV3ltmWIClRCsH0x234F5vmNr2HYI8hl2j7X9UQeV5nYYW5qQ6LjQ
20230730-160746-8181 10259 ! releaseForWrite (lockserver.cc:353): [4251693557011710057] Releasing unheld write lock: i2J9F2ONtigNV3ltmWIClRCsH0x234F5vmNr2HYI8hl2j7X9UQeV5nYYW5qQ6LjQ
20230730-160746-8181 10259 ! releaseForWrite (lockserver.cc:353): [4251693557011710057] Releasing unheld write lock: Uv3UFWmLtSDQKk0vWLyOc9MKkjitU2o9GuVxxalnC9NMKQoGtP0ZNXGzol7hLhs5
20230730-160746-8182 10259 ! releaseForRead  (lockserver.cc:293): [4251693557011710057] Releasing unheld read lock: i2J9F2ONtigNV3ltmWIClRCsH0x234F5vmNr2HYI8hl2j7X9UQeV5nYYW5qQ6LjQ
20230730-160746-8183 10259 ! releaseForWrite (lockserver.cc:353): [1272565865209020045] Releasing unheld write lock: excMte1kwsI43dYL23rZSHqKuaKKWapBZCIIFipVXQPdS6tvNho1zeZpvBSXj8Sj
20230730-160746-8183 10259 ! releaseForRead  (lockserver.cc:293): [1272565865209020045] Releasing unheld read lock: i2J9F2ONtigNV3ltmWIClRCsH0x234F5vmNr2HYI8hl2j7X9UQeV5nYYW5qQ6LjQ
20230730-160746-8190 10259 ! releaseForWrite (lockserver.cc:353): [-9159665730083651562] Releasing unheld write lock: VBMSgGuv7VfjgjYnGmJVC2oMXJvFmiijYLOisIqMSU8C9g20zLPDHCR8KXG61Uwj
20230730-160746-8192 10259 ! releaseForWrite (lockserver.cc:353): [-3566598422164241567] Releasing unheld write lock: excMte1kwsI43dYL23rZSHqKuaKKWapBZCIIFipVXQPdS6tvNho1zeZpvBSXj8Sj
20230730-160746-8501 10259 ! releaseForRead  (lockserver.cc:293): [-2369141006471211548] Releasing unheld read lock: EQylnPHdgBap7xL1Vg80kMs5drcQwqMNlDp9RFbiAzTrKNj9sFPEYtADmyLzNIQZ
20230730-160746-8502 10259 ! releaseForRead  (lockserver.cc:293): [-2369141006471211548] Releasing unheld read lock: i2J9F2ONtigNV3ltmWIClRCsH0x234F5vmNr2HYI8hl2j7X9UQeV5nYYW5qQ6LjQ
20230730-160746-8535 10259 ! releaseForRead  (lockserver.cc:293): [-7134851065203731567] Releasing unheld read lock: excMte1kwsI43dYL23rZSHqKuaKKWapBZCIIFipVXQPdS6tvNho1zeZpvBSXj8Sj
20230730-160746-8539 10259 ! releaseForWrite (lockserver.cc:353): [219471678962770052] Releasing unheld write lock: i2J9F2ONtigNV3ltmWIClRCsH0x234F5vmNr2HYI8hl2j7X9UQeV5nYYW5qQ6LjQ
20230730-160746-8542 10259 ! releaseForWrite (lockserver.cc:353): [-2446220207399201562] Releasing unheld write lock: EQylnPHdgBap7xL1Vg80kMs5drcQwqMNlDp9RFbiAzTrKNj9sFPEYtADmyLzNIQZ
20230730-160746-8546 10259 ! releaseForRead  (lockserver.cc:293): [-4041585804513721532] Releasing unheld read lock: VBMSgGuv7VfjgjYnGmJVC2oMXJvFmiijYLOisIqMSU8C9g20zLPDHCR8KXG61Uwj
20230730-160746-8546 10259 ! releaseForRead  (lockserver.cc:293): [-4041585804513721532] Releasing unheld read lock: FMSLbGkb8ZKqXxQYeQjTLXwJ7MiSLjcs2n4w8vNRbKX1PA3OkyDx7VLYZGHIbHhe
20230730-160746-8552 10259 ! releaseForWrite (lockserver.cc:353): [-7602315279237141563] Releasing unheld write lock: VBMSgGuv7VfjgjYnGmJVC2oMXJvFmiijYLOisIqMSU8C9g20zLPDHCR8KXG61Uwj
20230730-160746-8556 10259 ! releaseForWrite (lockserver.cc:353): [50452160351890054] Releasing unheld write lock: i2J9F2ONtigNV3ltmWIClRCsH0x234F5vmNr2HYI8hl2j7X9UQeV5nYYW5qQ6LjQ
20230730-160746-8556 10259 ! releaseForWrite (lockserver.cc:353): [50452160351890054] Releasing unheld write lock: VgFJrAxTcMhLZ4D5kYasA4MZZ9uwP9oLiAbtoD04eLPJTwxkpKOXYwqdyCfLbDuJ
20230730-160746-8556 10259 ! releaseForRead  (lockserver.cc:293): [50452160351890054] Releasing unheld read lock: FMSLbGkb8ZKqXxQYeQjTLXwJ7MiSLjcs2n4w8vNRbKX1PA3OkyDx7VLYZGHIbHhe
20230730-160746-8557 10259 ! releaseForRead  (lockserver.cc:293): [-8861125582544011554] Releasing unheld read lock: VBMSgGuv7VfjgjYnGmJVC2oMXJvFmiijYLOisIqMSU8C9g20zLPDHCR8KXG61Uwj
20230730-160746-8558 10259 ! releaseForRead  (lockserver.cc:293): [5045171252091870057] Releasing unheld read lock: VBMSgGuv7VfjgjYnGmJVC2oMXJvFmiijYLOisIqMSU8C9g20zLPDHCR8KXG61Uwj
20230730-160746-8565 10259 ! releaseForRead  (lockserver.cc:293): [-5015115224456831560] Releasing unheld read lock: i2J9F2ONtigNV3ltmWIClRCsH0x234F5vmNr2HYI8hl2j7X9UQeV5nYYW5qQ6LjQ
20230730-160746-8611 10259 ! releaseForRead  (lockserver.cc:293): [-847699203421891557] Releasing unheld read lock: i2J9F2ONtigNV3ltmWIClRCsH0x234F5vmNr2HYI8hl2j7X9UQeV5nYYW5qQ6LjQ
20230730-160746-8617 10259 ! releaseForWrite (lockserver.cc:353): [-8365086708024151562] Releasing unheld write lock: FMSLbGkb8ZKqXxQYeQjTLXwJ7MiSLjcs2n4w8vNRbKX1PA3OkyDx7VLYZGHIbHhe
20230730-160746-8618 10259 ! releaseForRead  (lockserver.cc:293): [-8365086708024151562] Releasing unheld read lock: excMte1kwsI43dYL23rZSHqKuaKKWapBZCIIFipVXQPdS6tvNho1zeZpvBSXj8Sj
20230730-160746-8872 10259 ! releaseForWrite (lockserver.cc:353): [-9037938508279511470] Releasing unheld write lock: i2J9F2ONtigNV3ltmWIClRCsH0x234F5vmNr2HYI8hl2j7X9UQeV5nYYW5qQ6LjQ
20230730-160746-9010 10259 ! releaseForRead  (lockserver.cc:293): [-4679257831345921540] Releasing unheld read lock: i2J9F2ONtigNV3ltmWIClRCsH0x234F5vmNr2HYI8hl2j7X9UQeV5nYYW5qQ6LjQ
20230730-160746-9075 10259 ! releaseForRead  (lockserver.cc:293): [-2638231980003741560] Releasing unheld read lock: excMte1kwsI43dYL23rZSHqKuaKKWapBZCIIFipVXQPdS6tvNho1zeZpvBSXj8Sj
20230730-160746-9197 10259 * HandleRequestStateTransfer (replica.cc:727):   [0] Sending state transfer from <0,70073> to <0,70075>
20230730-160746-9756 10259 ! releaseForRead  (lockserver.cc:293): [1896484280370920162] Releasing unheld read lock: i2J9F2ONtigNV3ltmWIClRCsH0x234F5vmNr2HYI8hl2j7X9UQeV5nYYW5qQ6LjQ
20230730-160747-0160 10259 ! releaseForWrite (lockserver.cc:353): [5266598512233180054] Releasing unheld write lock: i2J9F2ONtigNV3ltmWIClRCsH0x234F5vmNr2HYI8hl2j7X9UQeV5nYYW5qQ6LjQ
20230730-160747-0160 10259 ! releaseForWrite (lockserver.cc:353): [5266598512233180054] Releasing unheld write lock: EQylnPHdgBap7xL1Vg80kMs5drcQwqMNlDp9RFbiAzTrKNj9sFPEYtADmyLzNIQZ
20230730-160747-0413 10259 ! releaseForRead  (lockserver.cc:293): [5244333039033160186] Releasing unheld read lock: FMSLbGkb8ZKqXxQYeQjTLXwJ7MiSLjcs2n4w8vNRbKX1PA3OkyDx7VLYZGHIbHhe
20230730-160747-1712 10259 ! releaseForWrite (lockserver.cc:353): [-392881375948181453] Releasing unheld write lock: excMte1kwsI43dYL23rZSHqKuaKKWapBZCIIFipVXQPdS6tvNho1zeZpvBSXj8Sj
20230730-160747-1712 10259 ! releaseForRead  (lockserver.cc:293): [-392881375948181453] Releasing unheld read lock: i2J9F2ONtigNV3ltmWIClRCsH0x234F5vmNr2HYI8hl2j7X9UQeV5nYYW5qQ6LjQ
20230730-160747-2223 10259 ! releaseForRead  (lockserver.cc:293): [-7860436304454411569] Releasing unheld read lock: excMte1kwsI43dYL23rZSHqKuaKKWapBZCIIFipVXQPdS6tvNho1zeZpvBSXj8Sj
20230730-160747-8547 10259 ! releaseForWrite (lockserver.cc:353): [-9159665730083651561] Releasing unheld write lock: GAs98zvc4fEUfvFqKT1CCLJB5V6wVnLg2WxkcP8drRV1IDNLsaT2weOC6KkGdFad
20230730-160747-8549 10259 ! releaseForRead  (lockserver.cc:293): [4251693557011710058] Releasing unheld read lock: i2J9F2ONtigNV3ltmWIClRCsH0x234F5vmNr2HYI8hl2j7X9UQeV5nYYW5qQ6LjQ
20230730-160747-8579 10259 ! releaseForRead  (lockserver.cc:293): [-2369141006471211547] Releasing unheld read lock: i2J9F2ONtigNV3ltmWIClRCsH0x234F5vmNr2HYI8hl2j7X9UQeV5nYYW5qQ6LjQ
20230730-160747-8582 10259 ! releaseForRead  (lockserver.cc:293): [3155488133660590053] Releasing unheld read lock: excMte1kwsI43dYL23rZSHqKuaKKWapBZCIIFipVXQPdS6tvNho1zeZpvBSXj8Sj
20230730-160747-8590 10259 ! releaseForWrite (lockserver.cc:353): [-3566598422164241566] Releasing unheld write lock: FMSLbGkb8ZKqXxQYeQjTLXwJ7MiSLjcs2n4w8vNRbKX1PA3OkyDx7VLYZGHIbHhe
20230730-160747-8591 10259 ! releaseForRead  (lockserver.cc:293): [-3566598422164241566] Releasing unheld read lock: i2J9F2ONtigNV3ltmWIClRCsH0x234F5vmNr2HYI8hl2j7X9UQeV5nYYW5qQ6LjQ
20230730-160747-8592 10259 ! releaseForRead  (lockserver.cc:293): [-7134851065203731566] Releasing unheld read lock: i2J9F2ONtigNV3ltmWIClRCsH0x234F5vmNr2HYI8hl2j7X9UQeV5nYYW5qQ6LjQ
20230730-160747-8615 10259 ! releaseForRead  (lockserver.cc:293): [-4041585804513721531] Releasing unheld read lock: FMSLbGkb8ZKqXxQYeQjTLXwJ7MiSLjcs2n4w8vNRbKX1PA3OkyDx7VLYZGHIbHhe
20230730-160747-8627 10259 ! releaseForWrite (lockserver.cc:353): [5045171252091870058] Releasing unheld write lock: FMSLbGkb8ZKqXxQYeQjTLXwJ7MiSLjcs2n4w8vNRbKX1PA3OkyDx7VLYZGHIbHhe
20230730-160747-8627 10259 ! releaseForRead  (lockserver.cc:293): [5045171252091870058] Releasing unheld read lock: i2J9F2ONtigNV3ltmWIClRCsH0x234F5vmNr2HYI8hl2j7X9UQeV5nYYW5qQ6LjQ
20230730-160747-8643 10259 ! releaseForRead  (lockserver.cc:293): [-7602315279237141561] Releasing unheld read lock: i2J9F2ONtigNV3ltmWIClRCsH0x234F5vmNr2HYI8hl2j7X9UQeV5nYYW5qQ6LjQ
20230730-160747-8645 10259 ! releaseForWrite (lockserver.cc:353): [-847699203421891556] Releasing unheld write lock: i2J9F2ONtigNV3ltmWIClRCsH0x234F5vmNr2HYI8hl2j7X9UQeV5nYYW5qQ6LjQ
20230730-160747-8646 10259 ! releaseForWrite (lockserver.cc:353): [-847699203421891556] Releasing unheld write lock: FMSLbGkb8ZKqXxQYeQjTLXwJ7MiSLjcs2n4w8vNRbKX1PA3OkyDx7VLYZGHIbHhe
20230730-160747-9741 10259 ! releaseForRead  (lockserver.cc:293): [2213913669860200062] Releasing unheld read lock: i2J9F2ONtigNV3ltmWIClRCsH0x234F5vmNr2HYI8hl2j7X9UQeV5nYYW5qQ6LjQ
20230730-160747-9972 10259 ! releaseForRead  (lockserver.cc:293): [3124448454063420158] Releasing unheld read lock: excMte1kwsI43dYL23rZSHqKuaKKWapBZCIIFipVXQPdS6tvNho1zeZpvBSXj8Sj
20230730-160748-0199 10259 ! releaseForWrite (lockserver.cc:353): [-6403612082261711546] Releasing unheld write lock: i2J9F2ONtigNV3ltmWIClRCsH0x234F5vmNr2HYI8hl2j7X9UQeV5nYYW5qQ6LjQ
20230730-160748-0199 10259 ! releaseForRead  (lockserver.cc:293): [-6403612082261711546] Releasing unheld read lock: i2J9F2ONtigNV3ltmWIClRCsH0x234F5vmNr2HYI8hl2j7X9UQeV5nYYW5qQ6LjQ
20230730-160748-0204 10259 ! releaseForWrite (lockserver.cc:353): [5266598512233180055] Releasing unheld write lock: i2J9F2ONtigNV3ltmWIClRCsH0x234F5vmNr2HYI8hl2j7X9UQeV5nYYW5qQ6LjQ
20230730-160748-0214 10259 ! releaseForWrite (lockserver.cc:353): [-2607663121244341563] Releasing unheld write lock: i2J9F2ONtigNV3ltmWIClRCsH0x234F5vmNr2HYI8hl2j7X9UQeV5nYYW5qQ6LjQ
20230730-160748-0215 10259 ! releaseForRead  (lockserver.cc:293): [-2607663121244341563] Releasing unheld read lock: i2J9F2ONtigNV3ltmWIClRCsH0x234F5vmNr2HYI8hl2j7X9UQeV5nYYW5qQ6LjQ
20230730-160748-0540 10259 ! releaseForWrite (lockserver.cc:353): [-8114152879704201563] Releasing unheld write lock: i2J9F2ONtigNV3ltmWIClRCsH0x234F5vmNr2HYI8hl2j7X9UQeV5nYYW5qQ6LjQ
20230730-160748-0605 10259 ! releaseForRead  (lockserver.cc:293): [-895190990019681559] Releasing unheld read lock: i2J9F2ONtigNV3ltmWIClRCsH0x234F5vmNr2HYI8hl2j7X9UQeV5nYYW5qQ6LjQ
20230730-160748-0621 10259 ! releaseForRead  (lockserver.cc:293): [-3492393289789311553] Releasing unheld read lock: i2J9F2ONtigNV3ltmWIClRCsH0x234F5vmNr2HYI8hl2j7X9UQeV5nYYW5qQ6LjQ
20230730-160748-1090 10259 ! releaseForRead  (lockserver.cc:293): [7337916307767410068] Releasing unheld read lock: i2J9F2ONtigNV3ltmWIClRCsH0x234F5vmNr2HYI8hl2j7X9UQeV5nYYW5qQ6LjQ
20230730-160748-1305 10259 ! releaseForRead  (lockserver.cc:293): [-5947072594359871498] Releasing unheld read lock: i2J9F2ONtigNV3ltmWIClRCsH0x234F5vmNr2HYI8hl2j7X9UQeV5nYYW5qQ6LjQ
20230730-160748-1335 10259 ! releaseForRead  (lockserver.cc:293): [1233203812290330176] Releasing unheld read lock: EQylnPHdgBap7xL1Vg80kMs5drcQwqMNlDp9RFbiAzTrKNj9sFPEYtADmyLzNIQZ
20230730-160748-1339 10259 ! releaseForWrite (lockserver.cc:353): [5316722240815970176] Releasing unheld write lock: i2J9F2ONtigNV3ltmWIClRCsH0x234F5vmNr2HYI8hl2j7X9UQeV5nYYW5qQ6LjQ
20230730-160748-1592 10259 ! releaseForRead  (lockserver.cc:293): [1197012051866970126] Releasing unheld read lock: J79ToXqk1fGQrTbt9nIASoSEiFsfzu3Qx9UotFpLtkfDiqWmh9ZX3JKYkDaKa0B2
20230730-160748-3246 10259 ! releaseForRead  (lockserver.cc:293): [-2075627341289541481] Releasing unheld read lock: i2J9F2ONtigNV3ltmWIClRCsH0x234F5vmNr2HYI8hl2j7X9UQeV5nYYW5qQ6LjQ
20230730-160749-2635 10259 ! releaseForWrite (lockserver.cc:353): [-6554728539725641463] Releasing unheld write lock: VBMSgGuv7VfjgjYnGmJVC2oMXJvFmiijYLOisIqMSU8C9g20zLPDHCR8KXG61Uwj
20230730-160749-4343 10259 ! releaseForWrite (lockserver.cc:353): [-2369141006471211544] Releasing unheld write lock: i2J9F2ONtigNV3ltmWIClRCsH0x234F5vmNr2HYI8hl2j7X9UQeV5nYYW5qQ6LjQ
20230730-160749-4351 10259 ! releaseForRead  (lockserver.cc:293): [5045171252091870060] Releasing unheld read lock: i2J9F2ONtigNV3ltmWIClRCsH0x234F5vmNr2HYI8hl2j7X9UQeV5nYYW5qQ6LjQ
20230730-160749-4506 10259 ! releaseForWrite (lockserver.cc:353): [1272565865209020050] Releasing unheld write lock: i2J9F2ONtigNV3ltmWIClRCsH0x234F5vmNr2HYI8hl2j7X9UQeV5nYYW5qQ6LjQ
20230730-160749-4522 10259 ! releaseForWrite (lockserver.cc:353): [-7602315279237141559] Releasing unheld write lock: i2J9F2ONtigNV3ltmWIClRCsH0x234F5vmNr2HYI8hl2j7X9UQeV5nYYW5qQ6LjQ
20230730-160749-4573 10259 ! releaseForWrite (lockserver.cc:353): [-4679257831345921537] Releasing unheld write lock: k9BbxFse5kjPm4JAOZZe015JhKoa7ZqDEskqXqK5QpmB8l2tmQvZrZaCgfA5aIdY
20230730-160749-4841 10259 ! releaseForWrite (lockserver.cc:353): [4251693557011710061] Releasing unheld write lock: i2J9F2ONtigNV3ltmWIClRCsH0x234F5vmNr2HYI8hl2j7X9UQeV5nYYW5qQ6LjQ
20230730-160749-5541 10259 ! releaseForWrite (lockserver.cc:353): [5319635357278350070] Releasing unheld write lock: i2J9F2ONtigNV3ltmWIClRCsH0x234F5vmNr2HYI8hl2j7X9UQeV5nYYW5qQ6LjQ
20230730-160749-6184 10259 ! releaseForRead  (lockserver.cc:293): [-4214014179989131476] Releasing unheld read lock: i2J9F2ONtigNV3ltmWIClRCsH0x234F5vmNr2HYI8hl2j7X9UQeV5nYYW5qQ6LjQ
20230730-160749-6212 10259 ! releaseForWrite (lockserver.cc:353): [-895190990019681557] Releasing unheld write lock: FMSLbGkb8ZKqXxQYeQjTLXwJ7MiSLjcs2n4w8vNRbKX1PA3OkyDx7VLYZGHIbHhe
20230730-160749-7618 10259 ! releaseForWrite (lockserver.cc:353): [5266598512233180057] Releasing unheld write lock: FMSLbGkb8ZKqXxQYeQjTLXwJ7MiSLjcs2n4w8vNRbKX1PA3OkyDx7VLYZGHIbHhe
20230730-160749-7637 10259 ! releaseForWrite (lockserver.cc:353): [6817013945185510200] Releasing unheld write lock: FMSLbGkb8ZKqXxQYeQjTLXwJ7MiSLjcs2n4w8vNRbKX1PA3OkyDx7VLYZGHIbHhe
20230730-160749-7786 10259 ! releaseForRead  (lockserver.cc:293): [-8861125582544011549] Releasing unheld read lock: VBMSgGuv7VfjgjYnGmJVC2oMXJvFmiijYLOisIqMSU8C9g20zLPDHCR8KXG61Uwj
20230730-160749-8978 10259 ! releaseForWrite (lockserver.cc:353): [4469241324399000252] Releasing unheld write lock: VBMSgGuv7VfjgjYnGmJVC2oMXJvFmiijYLOisIqMSU8C9g20zLPDHCR8KXG61Uwj
20230730-160750-4630 10259 ! releaseForRead  (lockserver.cc:293): [-4041585804513721527] Releasing unheld read lock: FMSLbGkb8ZKqXxQYeQjTLXwJ7MiSLjcs2n4w8vNRbKX1PA3OkyDx7VLYZGHIbHhe
20230730-160751-1499 10259 ! releaseForRead  (lockserver.cc:293): [-8365086708024151555] Releasing unheld read lock: excMte1kwsI43dYL23rZSHqKuaKKWapBZCIIFipVXQPdS6tvNho1zeZpvBSXj8Sj
20230730-160752-4172 10259 ! releaseForWrite (lockserver.cc:353): [-4041585804513721525] Releasing unheld write lock: excMte1kwsI43dYL23rZSHqKuaKKWapBZCIIFipVXQPdS6tvNho1zeZpvBSXj8Sj
20230730-160752-4591 10259 ! releaseForWrite (lockserver.cc:353): [2987325355880340073] Releasing unheld write lock: excMte1kwsI43dYL23rZSHqKuaKKWapBZCIIFipVXQPdS6tvNho1zeZpvBSXj8Sj
20230730-160752-5430 10259 ! releaseForWrite (lockserver.cc:353): [50452160351890063] Releasing unheld write lock: excMte1kwsI43dYL23rZSHqKuaKKWapBZCIIFipVXQPdS6tvNho1zeZpvBSXj8Sj
20230730-160752-8140 10259 ! releaseForRead  (lockserver.cc:293): [849733160947080062] Releasing unheld read lock: i2J9F2ONtigNV3ltmWIClRCsH0x234F5vmNr2HYI8hl2j7X9UQeV5nYYW5qQ6LjQ
20230730-160752-9796 10259 ! releaseForRead  (lockserver.cc:293): [9193408260215150058] Releasing unheld read lock: VBMSgGuv7VfjgjYnGmJVC2oMXJvFmiijYLOisIqMSU8C9g20zLPDHCR8KXG61Uwj
20230730-160753-9728 10259 ! releaseForWrite (lockserver.cc:353): [-4633861809821141408] Releasing unheld write lock: i2J9F2ONtigNV3ltmWIClRCsH0x234F5vmNr2HYI8hl2j7X9UQeV5nYYW5qQ6LjQ
20230730-160753-9943 10259 ! releaseForWrite (lockserver.cc:353): [3155488133660590062] Releasing unheld write lock: i2J9F2ONtigNV3ltmWIClRCsH0x234F5vmNr2HYI8hl2j7X9UQeV5nYYW5qQ6LjQ
20230730-160753-9943 10259 ! releaseForRead  (lockserver.cc:293): [3155488133660590062] Releasing unheld read lock: i2J9F2ONtigNV3ltmWIClRCsH0x234F5vmNr2HYI8hl2j7X9UQeV5nYYW5qQ6LjQ
20230730-160753-9962 10259 ! releaseForWrite (lockserver.cc:353): [2862116107325580277] Releasing unheld write lock: i2J9F2ONtigNV3ltmWIClRCsH0x234F5vmNr2HYI8hl2j7X9UQeV5nYYW5qQ6LjQ
20230730-160753-9977 10259 ! releaseForWrite (lockserver.cc:353): [-7860436304454411556] Releasing unheld write lock: excMte1kwsI43dYL23rZSHqKuaKKWapBZCIIFipVXQPdS6tvNho1zeZpvBSXj8Sj
