20230730-160716-2219 03033 * HandleRequestStateTransfer (replica.cc:727):   [2] Sending state transfer from <0,4961> to <0,4992>
20230730-160716-2220 03033 * SendMessageInternal (udptransport.cc:442): Sending large replication.vr.proto.StateTransferMessage message in 2 fragments
20230730-160716-2221 03033 * HandleRequestStateTransfer (replica.cc:727):   [2] Sending state transfer from <0,4962> to <0,4994>
20230730-160716-2221 03033 * SendMessageInternal (udptransport.cc:442): Sending large replication.vr.proto.StateTransferMessage message in 2 fragments
20230730-160716-2223 03033 * HandleRequestStateTransfer (replica.cc:727):   [2] Sending state transfer from <0,4966> to <0,4996>
20230730-160716-2223 03033 * SendMessageInternal (udptransport.cc:442): Sending large replication.vr.proto.StateTransferMessage message in 2 fragments
20230730-160716-2224 03033 * HandleRequestStateTransfer (replica.cc:727):   [2] Sending state transfer from <0,4969> to <0,4996>
20230730-160716-2224 03033 * SendMessageInternal (udptransport.cc:442): Sending large replication.vr.proto.StateTransferMessage message in 2 fragments
20230730-160716-2225 03033 * HandleRequestStateTransfer (replica.cc:727):   [2] Sending state transfer from <0,4972> to <0,4998>
20230730-160716-2225 03033 * SendMessageInternal (udptransport.cc:442): Sending large replication.vr.proto.StateTransferMessage message in 2 fragments
20230730-160716-2226 03033 * HandleRequestStateTransfer (replica.cc:727):   [2] Sending state transfer from <0,4976> to <0,4999>
20230730-160716-2227 03033 * SendMessageInternal (udptransport.cc:442): Sending large replication.vr.proto.StateTransferMessage message in 2 fragments
20230730-160716-2228 03033 * HandleRequestStateTransfer (replica.cc:727):   [2] Sending state transfer from <0,4977> to <0,5001>
20230730-160716-2228 03033 * SendMessageInternal (udptransport.cc:442): Sending large replication.vr.proto.StateTransferMessage message in 2 fragments
20230730-160716-4019 03033 * RequestStateTransfer (replica.cc:212):   [2] Requesting state transfer: <0,6503>
20230730-160716-4020 03033 * RequestStateTransfer (replica.cc:212):   [2] Requesting state transfer: <0,6504>
20230730-160717-0149 03033 * RequestStateTransfer (replica.cc:212):   [2] Requesting state transfer: <0,11809>
20230730-160717-0150 03033 * RequestStateTransfer (replica.cc:212):   [2] Requesting state transfer: <0,11810>
20230730-160717-0151 03033 * RequestStateTransfer (replica.cc:212):   [2] Requesting state transfer: <0,11812>
20230730-160717-0153 03033 * RequestStateTransfer (replica.cc:212):   [2] Requesting state transfer: <0,11813>
20230730-160717-8935 03033 * RequestStateTransfer (replica.cc:212):   [2] Requesting state transfer: <0,18872>
20230730-160717-8936 03033 * RequestStateTransfer (replica.cc:212):   [2] Requesting state transfer: <0,18873>
20230730-160717-8937 03033 * RequestStateTransfer (replica.cc:212):   [2] Requesting state transfer: <0,18875>
20230730-160717-8938 03033 * RequestStateTransfer (replica.cc:212):   [2] Requesting state transfer: <0,18877>
20230730-160717-8939 03033 * RequestStateTransfer (replica.cc:212):   [2] Requesting state transfer: <0,18878>
20230730-160717-8940 03033 * RequestStateTransfer (replica.cc:212):   [2] Requesting state transfer: <0,18879>
20230730-160717-8940 03033 * RequestStateTransfer (replica.cc:212):   [2] Requesting state transfer: <0,18880>
20230730-160717-8941 03033 * RequestStateTransfer (replica.cc:212):   [2] Requesting state transfer: <0,18881>
20230730-160718-8657 03033 * RequestStateTransfer (replica.cc:212):   [2] Requesting state transfer: <0,27088>
20230730-160718-8659 03033 * RequestStateTransfer (replica.cc:212):   [2] Requesting state transfer: <0,27089>
20230730-160718-8660 03033 * RequestStateTransfer (replica.cc:212):   [2] Requesting state transfer: <0,27094>
20230730-160719-9811 03033 * RequestStateTransfer (replica.cc:212):   [2] Requesting state transfer: <0,36714>
20230730-160719-9812 03033 * RequestStateTransfer (replica.cc:212):   [2] Requesting state transfer: <0,36715>
20230730-160719-9814 03033 * RequestStateTransfer (replica.cc:212):   [2] Requesting state transfer: <0,36716>
20230730-160719-9815 03033 * RequestStateTransfer (replica.cc:212):   [2] Requesting state transfer: <0,36717>
20230730-160719-9817 03033 * RequestStateTransfer (replica.cc:212):   [2] Requesting state transfer: <0,36718>
20230730-160719-9818 03033 * RequestStateTransfer (replica.cc:212):   [2] Requesting state transfer: <0,36719>
20230730-160719-9820 03033 * RequestStateTransfer (replica.cc:212):   [2] Requesting state transfer: <0,36721>
20230730-160720-4930 03033 * HandleRequestStateTransfer (replica.cc:727):   [2] Sending state transfer from <0,40816> to <0,40846>
20230730-160720-4931 03033 * SendMessageInternal (udptransport.cc:442): Sending large replication.vr.proto.StateTransferMessage message in 2 fragments
20230730-160720-4932 03033 * HandleRequestStateTransfer (replica.cc:727):   [2] Sending state transfer from <0,40819> to <0,40847>
20230730-160720-4932 03033 * SendMessageInternal (udptransport.cc:442): Sending large replication.vr.proto.StateTransferMessage message in 2 fragments
20230730-160720-4933 03033 * HandleRequestStateTransfer (replica.cc:727):   [2] Sending state transfer from <0,40820> to <0,40849>
20230730-160720-4934 03033 * SendMessageInternal (udptransport.cc:442): Sending large replication.vr.proto.StateTransferMessage message in 2 fragments
20230730-160720-4934 03033 * HandleRequestStateTransfer (replica.cc:727):   [2] Sending state transfer from <0,40821> to <0,40849>
20230730-160720-4935 03033 * SendMessageInternal (udptransport.cc:442): Sending large replication.vr.proto.StateTransferMessage message in 2 fragments
20230730-160720-4936 03033 * HandleRequestStateTransfer (replica.cc:727):   [2] Sending state transfer from <0,40825> to <0,40850>
20230730-160720-4936 03033 * SendMessageInternal (udptransport.cc:442): Sending large replication.vr.proto.StateTransferMessage message in 2 fragments
20230730-160720-4937 03033 * HandleRequestStateTransfer (replica.cc:727):   [2] Sending state transfer from <0,40827> to <0,40851>
20230730-160720-4937 03033 * SendMessageInternal (udptransport.cc:442): Sending large replication.vr.proto.StateTransferMessage message in 2 fragments
20230730-160721-2097 03033 * HandleRequestStateTransfer (replica.cc:727):   [2] Sending state transfer from <0,46907> to <0,46907>
20230730-160721-2098 03033 * HandleRequestStateTransfer (replica.cc:727):   [2] Sending state transfer from <0,46909> to <0,46909>
20230730-160721-2103 03033 * HandleRequestStateTransfer (replica.cc:727):   [2] Sending state transfer from <0,46911> to <0,46911>
20230730-160721-7563 03033 * RequestStateTransfer (replica.cc:212):   [2] Requesting state transfer: <0,51303>
20230730-160721-7564 03033 * RequestStateTransfer (replica.cc:212):   [2] Requesting state transfer: <0,51304>
20230730-160721-7566 03033 * RequestStateTransfer (replica.cc:212):   [2] Requesting state transfer: <0,51306>
20230730-160721-7570 03033 * RequestStateTransfer (replica.cc:212):   [2] Requesting state transfer: <0,51308>
20230730-160721-7571 03033 * RequestStateTransfer (replica.cc:212):   [2] Requesting state transfer: <0,51309>
20230730-160721-7656 03033 * HandleRequestStateTransfer (replica.cc:727):   [2] Sending state transfer from <0,51303> to <0,51386>
20230730-160721-7656 03033 * SendMessageInternal (udptransport.cc:442): Sending large replication.vr.proto.StateTransferMessage message in 4 fragments
20230730-160721-7659 03033 * HandleRequestStateTransfer (replica.cc:727):   [2] Sending state transfer from <0,51304> to <0,51387>
20230730-160721-7660 03033 * SendMessageInternal (udptransport.cc:442): Sending large replication.vr.proto.StateTransferMessage message in 4 fragments
20230730-160721-7662 03033 * HandleRequestStateTransfer (replica.cc:727):   [2] Sending state transfer from <0,51306> to <0,51388>
20230730-160721-7663 03033 * SendMessageInternal (udptransport.cc:442): Sending large replication.vr.proto.StateTransferMessage message in 4 fragments
20230730-160721-7665 03033 * HandleRequestStateTransfer (replica.cc:727):   [2] Sending state transfer from <0,51308> to <0,51390>
20230730-160721-7665 03033 * SendMessageInternal (udptransport.cc:442): Sending large replication.vr.proto.StateTransferMessage message in 4 fragments
20230730-160721-7666 03033 * HandleRequestStateTransfer (replica.cc:727):   [2] Sending state transfer from <0,51309> to <0,51390>
20230730-160721-7667 03033 * SendMessageInternal (udptransport.cc:442): Sending large replication.vr.proto.StateTransferMessage message in 4 fragments
20230730-160721-7668 03033 * HandleRequestStateTransfer (replica.cc:727):   [2] Sending state transfer from <0,51310> to <0,51390>
20230730-160721-7669 03033 * SendMessageInternal (udptransport.cc:442): Sending large replication.vr.proto.StateTransferMessage message in 4 fragments
20230730-160721-7681 03033 * HandleRequestStateTransfer (replica.cc:727):   [2] Sending state transfer from <0,51387> to <0,51392>
20230730-160721-7692 03033 * HandleRequestStateTransfer (replica.cc:727):   [2] Sending state transfer from <0,51393> to <0,51401>
20230730-160721-7693 03033 * HandleRequestStateTransfer (replica.cc:727):   [2] Sending state transfer from <0,51395> to <0,51403>
20230730-160721-7695 03033 * HandleRequestStateTransfer (replica.cc:727):   [2] Sending state transfer from <0,51400> to <0,51404>
20230730-160722-5729 03033 * HandleRequestStateTransfer (replica.cc:727):   [2] Sending state transfer from <0,57637> to <0,57655>
20230730-160722-5730 03033 * SendMessageInternal (udptransport.cc:442): Sending large replication.vr.proto.StateTransferMessage message in 2 fragments
20230730-160722-5731 03033 * HandleRequestStateTransfer (replica.cc:727):   [2] Sending state transfer from <0,57639> to <0,57656>
20230730-160722-5731 03033 * SendMessageInternal (udptransport.cc:442): Sending large replication.vr.proto.StateTransferMessage message in 2 fragments
20230730-160722-5732 03033 * HandleRequestStateTransfer (replica.cc:727):   [2] Sending state transfer from <0,57640> to <0,57657>
20230730-160722-5961 03033 * RequestStateTransfer (replica.cc:212):   [2] Requesting state transfer: <0,57815>
20230730-160722-5962 03033 * RequestStateTransfer (replica.cc:212):   [2] Requesting state transfer: <0,57816>
20230730-160722-5964 03033 * RequestStateTransfer (replica.cc:212):   [2] Requesting state transfer: <0,57817>
20230730-160723-1403 03033 * RequestStateTransfer (replica.cc:212):   [2] Requesting state transfer: <0,62072>
20230730-160723-1404 03033 * HandleRequestStateTransfer (replica.cc:727):   [2] Sending state transfer from <0,62072> to <0,62073>
20230730-160723-1405 03033 * RequestStateTransfer (replica.cc:212):   [2] Requesting state transfer: <0,62073>
20230730-160723-1408 03033 * HandleRequestStateTransfer (replica.cc:727):   [2] Sending state transfer from <0,62073> to <0,62074>
20230730-160723-1408 03033 * RequestStateTransfer (replica.cc:212):   [2] Requesting state transfer: <0,62074>
20230730-160723-1409 03033 * HandleRequestStateTransfer (replica.cc:727):   [2] Sending state transfer from <0,62074> to <0,62074>
20230730-160723-1410 03033 * RequestStateTransfer (replica.cc:212):   [2] Requesting state transfer: <0,62075>
20230730-160723-1410 03033 * HandleRequestStateTransfer (replica.cc:727):   [2] Sending state transfer from <0,62075> to <0,62075>
20230730-160723-1411 03033 * RequestStateTransfer (replica.cc:212):   [2] Requesting state transfer: <0,62076>
20230730-160723-1412 03033 * HandleRequestStateTransfer (replica.cc:727):   [2] Sending state transfer from <0,62076> to <0,62079>
20230730-160723-3111 03033 * RequestStateTransfer (replica.cc:212):   [2] Requesting state transfer: <0,63507>
20230730-160723-3112 03033 * RequestStateTransfer (replica.cc:212):   [2] Requesting state transfer: <0,63508>
20230730-160723-3113 03033 * RequestStateTransfer (replica.cc:212):   [2] Requesting state transfer: <0,63509>
20230730-160723-3115 03033 * RequestStateTransfer (replica.cc:212):   [2] Requesting state transfer: <0,63510>
20230730-160723-3116 03033 * RequestStateTransfer (replica.cc:212):   [2] Requesting state transfer: <0,63511>
20230730-160723-3118 03033 * RequestStateTransfer (replica.cc:212):   [2] Requesting state transfer: <0,63512>
20230730-160723-3119 03033 * RequestStateTransfer (replica.cc:212):   [2] Requesting state transfer: <0,63513>
20230730-160723-3121 03033 * RequestStateTransfer (replica.cc:212):   [2] Requesting state transfer: <0,63514>
20230730-160723-3123 03033 * RequestStateTransfer (replica.cc:212):   [2] Requesting state transfer: <0,63516>
20230730-160723-3124 03033 * RequestStateTransfer (replica.cc:212):   [2] Requesting state transfer: <0,63517>
20230730-160723-3131 03033 ! OnReadable      (udptransport.cc:573): Fragments out of order for packet 27; expected start 0, got 9000
20230730-160723-3133 03033 ! OnReadable      (udptransport.cc:565): Failed to reconstruct packet 27
20230730-160723-3148 03033 ! OnReadable      (udptransport.cc:573): Fragments out of order for packet 2e; expected start 0, got 9000
20230730-160723-3150 03033 ! OnReadable      (udptransport.cc:565): Failed to reconstruct packet 2e
20230730-160723-6242 03033 * RequestStateTransfer (replica.cc:212):   [2] Requesting state transfer: <0,65600>
20230730-160723-6252 03033 * RequestStateTransfer (replica.cc:212):   [2] Requesting state transfer: <0,65649>
20230730-160723-6255 03033 * RequestStateTransfer (replica.cc:212):   [2] Requesting state transfer: <0,65661>
20230730-160724-2134 03033 * RequestStateTransfer (replica.cc:212):   [2] Requesting state transfer: <0,70279>
20230730-160724-2136 03033 * HandleRequestStateTransfer (replica.cc:727):   [2] Sending state transfer from <0,70279> to <0,70279>
20230730-160724-2137 03033 * RequestStateTransfer (replica.cc:212):   [2] Requesting state transfer: <0,70280>
20230730-160724-2138 03033 * HandleRequestStateTransfer (replica.cc:727):   [2] Sending state transfer from <0,70280> to <0,70280>
20230730-160724-2139 03033 * RequestStateTransfer (replica.cc:212):   [2] Requesting state transfer: <0,70281>
20230730-160724-2139 03033 * HandleRequestStateTransfer (replica.cc:727):   [2] Sending state transfer from <0,70281> to <0,70281>
20230730-160724-2140 03033 * RequestStateTransfer (replica.cc:212):   [2] Requesting state transfer: <0,70283>
20230730-160724-2141 03033 * HandleRequestStateTransfer (replica.cc:727):   [2] Sending state transfer from <0,70283> to <0,70283>
20230730-160724-2141 03033 * RequestStateTransfer (replica.cc:212):   [2] Requesting state transfer: <0,70285>
20230730-160724-2142 03033 * HandleRequestStateTransfer (replica.cc:727):   [2] Sending state transfer from <0,70285> to <0,70285>
20230730-160724-2144 03033 * RequestStateTransfer (replica.cc:212):   [2] Requesting state transfer: <0,70286>
20230730-160724-4013 03033 * RequestStateTransfer (replica.cc:212):   [2] Requesting state transfer: <0,71807>
20230730-160724-4014 03033 * RequestStateTransfer (replica.cc:212):   [2] Requesting state transfer: <0,71808>
20230730-160724-4015 03033 * HandleRequestStateTransfer (replica.cc:727):   [2] Sending state transfer from <0,71807> to <0,71808>
20230730-160724-4016 03033 * RequestStateTransfer (replica.cc:212):   [2] Requesting state transfer: <0,71809>
20230730-160724-4017 03033 * HandleRequestStateTransfer (replica.cc:727):   [2] Sending state transfer from <0,71808> to <0,71810>
20230730-160724-4017 03033 * RequestStateTransfer (replica.cc:212):   [2] Requesting state transfer: <0,71810>
20230730-160724-4018 03033 * HandleRequestStateTransfer (replica.cc:727):   [2] Sending state transfer from <0,71809> to <0,71811>
20230730-160724-4019 03033 * RequestStateTransfer (replica.cc:212):   [2] Requesting state transfer: <0,71811>
20230730-160724-4019 03033 * HandleRequestStateTransfer (replica.cc:727):   [2] Sending state transfer from <0,71810> to <0,71811>
20230730-160724-4020 03033 * RequestStateTransfer (replica.cc:212):   [2] Requesting state transfer: <0,71812>
20230730-160724-4021 03033 * HandleRequestStateTransfer (replica.cc:727):   [2] Sending state transfer from <0,71811> to <0,71812>
20230730-160724-4021 03033 * HandleRequestStateTransfer (replica.cc:727):   [2] Sending state transfer from <0,71812> to <0,71812>
20230730-160724-4022 03033 * RequestStateTransfer (replica.cc:212):   [2] Requesting state transfer: <0,71813>
20230730-160724-4022 03033 * HandleRequestStateTransfer (replica.cc:727):   [2] Sending state transfer from <0,71813> to <0,71813>
20230730-160724-4022 03033 * RequestStateTransfer (replica.cc:212):   [2] Requesting state transfer: <0,71814>
20230730-160724-4023 03033 * HandleRequestStateTransfer (replica.cc:727):   [2] Sending state transfer from <0,71814> to <0,71814>
20230730-160724-4024 03033 * RequestStateTransfer (replica.cc:212):   [2] Requesting state transfer: <0,71816>
20230730-160726-1932 03033 * RequestStateTransfer (replica.cc:212):   [2] Requesting state transfer: <0,86556>
20230730-160726-1934 03033 * HandleRequestStateTransfer (replica.cc:727):   [2] Sending state transfer from <0,86556> to <0,86556>
20230730-160726-1936 03033 * RequestStateTransfer (replica.cc:212):   [2] Requesting state transfer: <0,86558>
20230730-160726-1936 03033 * HandleRequestStateTransfer (replica.cc:727):   [2] Sending state transfer from <0,86558> to <0,86558>
20230730-160726-1938 03033 * RequestStateTransfer (replica.cc:212):   [2] Requesting state transfer: <0,86559>
20230730-160726-1938 03033 * HandleRequestStateTransfer (replica.cc:727):   [2] Sending state transfer from <0,86559> to <0,86560>
20230730-160726-1940 03033 * RequestStateTransfer (replica.cc:212):   [2] Requesting state transfer: <0,86561>
20230730-160726-1940 03033 * HandleRequestStateTransfer (replica.cc:727):   [2] Sending state transfer from <0,86561> to <0,86561>
20230730-160726-1942 03033 * RequestStateTransfer (replica.cc:212):   [2] Requesting state transfer: <0,86562>
20230730-160726-1942 03033 * HandleRequestStateTransfer (replica.cc:727):   [2] Sending state transfer from <0,86562> to <0,86563>
20230730-160726-1943 03033 * RequestStateTransfer (replica.cc:212):   [2] Requesting state transfer: <0,86563>
20230730-160726-1943 03033 * HandleRequestStateTransfer (replica.cc:727):   [2] Sending state transfer from <0,86563> to <0,86563>
20230730-160726-1945 03033 * RequestStateTransfer (replica.cc:212):   [2] Requesting state transfer: <0,86564>
20230730-160726-1945 03033 * HandleRequestStateTransfer (replica.cc:727):   [2] Sending state transfer from <0,86564> to <0,86564>
20230730-160726-1947 03033 * RequestStateTransfer (replica.cc:212):   [2] Requesting state transfer: <0,86566>
20230730-160726-1948 03033 * HandleRequestStateTransfer (replica.cc:727):   [2] Sending state transfer from <0,86566> to <0,86567>
20230730-160726-3493 03033 * HandleRequestStateTransfer (replica.cc:727):   [2] Sending state transfer from <0,87845> to <0,87870>
20230730-160726-3494 03033 * SendMessageInternal (udptransport.cc:442): Sending large replication.vr.proto.StateTransferMessage message in 2 fragments
20230730-160726-3495 03033 * HandleRequestStateTransfer (replica.cc:727):   [2] Sending state transfer from <0,87847> to <0,87871>
20230730-160726-3495 03033 * SendMessageInternal (udptransport.cc:442): Sending large replication.vr.proto.StateTransferMessage message in 2 fragments
20230730-160726-3496 03033 * HandleRequestStateTransfer (replica.cc:727):   [2] Sending state transfer from <0,87851> to <0,87871>
20230730-160726-3496 03033 * SendMessageInternal (udptransport.cc:442): Sending large replication.vr.proto.StateTransferMessage message in 2 fragments
20230730-160726-3497 03033 * HandleRequestStateTransfer (replica.cc:727):   [2] Sending state transfer from <0,87852> to <0,87871>
20230730-160726-3497 03033 * SendMessageInternal (udptransport.cc:442): Sending large replication.vr.proto.StateTransferMessage message in 2 fragments
20230730-160726-3527 03033 * HandleRequestStateTransfer (replica.cc:727):   [2] Sending state transfer from <0,87870> to <0,87878>
20230730-160726-3527 03033 * SendMessageInternal (udptransport.cc:442): Sending large replication.vr.proto.StateTransferMessage message in 2 fragments
20230730-160726-3528 03033 * HandleRequestStateTransfer (replica.cc:727):   [2] Sending state transfer from <0,87871> to <0,87881>
20230730-160726-3528 03033 * SendMessageInternal (udptransport.cc:442): Sending large replication.vr.proto.StateTransferMessage message in 2 fragments
20230730-160726-3529 03033 * HandleRequestStateTransfer (replica.cc:727):   [2] Sending state transfer from <0,87877> to <0,87882>
20230730-160726-3530 03033 * HandleRequestStateTransfer (replica.cc:727):   [2] Sending state transfer from <0,87879> to <0,87883>
20230730-160727-5687 03033 * HandleRequestStateTransfer (replica.cc:727):   [2] Sending state transfer from <0,97968> to <0,97969>
20230730-160727-5688 03033 * HandleRequestStateTransfer (replica.cc:727):   [2] Sending state transfer from <0,97969> to <0,97970>
20230730-160727-5691 03033 * HandleRequestStateTransfer (replica.cc:727):   [2] Sending state transfer from <0,97970> to <0,97971>
20230730-160727-5692 03033 * HandleRequestStateTransfer (replica.cc:727):   [2] Sending state transfer from <0,97971> to <0,97972>
20230730-160727-5694 03033 * HandleRequestStateTransfer (replica.cc:727):   [2] Sending state transfer from <0,97972> to <0,97973>
20230730-160727-5695 03033 * HandleRequestStateTransfer (replica.cc:727):   [2] Sending state transfer from <0,97975> to <0,97976>
20230730-160727-5696 03033 * HandleRequestStateTransfer (replica.cc:727):   [2] Sending state transfer from <0,97976> to <0,97976>
20230730-160727-5697 03033 * HandleRequestStateTransfer (replica.cc:727):   [2] Sending state transfer from <0,97978> to <0,97978>
20230730-160728-9723 03033 * RequestStateTransfer (replica.cc:212):   [2] Requesting state transfer: <0,110247>
20230730-160728-9724 03033 * HandleRequestStateTransfer (replica.cc:727):   [2] Sending state transfer from <0,110247> to <0,110247>
20230730-160728-9724 03033 * RequestStateTransfer (replica.cc:212):   [2] Requesting state transfer: <0,110248>
20230730-160728-9725 03033 * HandleRequestStateTransfer (replica.cc:727):   [2] Sending state transfer from <0,110248> to <0,110249>
20230730-160728-9726 03033 * RequestStateTransfer (replica.cc:212):   [2] Requesting state transfer: <0,110249>
20230730-160728-9727 03033 * HandleRequestStateTransfer (replica.cc:727):   [2] Sending state transfer from <0,110249> to <0,110251>
20230730-160728-9729 03033 * RequestStateTransfer (replica.cc:212):   [2] Requesting state transfer: <0,110252>
20230730-160728-9730 03033 * HandleRequestStateTransfer (replica.cc:727):   [2] Sending state transfer from <0,110252> to <0,110253>
20230730-160728-9731 03033 * RequestStateTransfer (replica.cc:212):   [2] Requesting state transfer: <0,110254>
20230730-160728-9732 03033 * RequestStateTransfer (replica.cc:212):   [2] Requesting state transfer: <0,110255>
20230730-160728-9733 03033 * HandleRequestStateTransfer (replica.cc:727):   [2] Sending state transfer from <0,110254> to <0,110255>
20230730-160728-9735 03033 * HandleRequestStateTransfer (replica.cc:727):   [2] Sending state transfer from <0,110255> to <0,110255>
20230730-160729-3342 03033 * RequestStateTransfer (replica.cc:212):   [2] Requesting state transfer: <0,113724>
20230730-160729-3343 03033 * RequestStateTransfer (replica.cc:212):   [2] Requesting state transfer: <0,113725>
20230730-160729-3344 03033 * RequestStateTransfer (replica.cc:212):   [2] Requesting state transfer: <0,113726>
20230730-160729-3345 03033 * RequestStateTransfer (replica.cc:212):   [2] Requesting state transfer: <0,113727>
20230730-160729-3347 03033 * RequestStateTransfer (replica.cc:212):   [2] Requesting state transfer: <0,113729>
20230730-160729-3348 03033 * RequestStateTransfer (replica.cc:212):   [2] Requesting state transfer: <0,113730>
20230730-160729-3350 03033 * RequestStateTransfer (replica.cc:212):   [2] Requesting state transfer: <0,113731>
20230730-160730-6917 03033 * RequestStateTransfer (replica.cc:212):   [2] Requesting state transfer: <0,124798>
20230730-160730-6925 03033 * RequestStateTransfer (replica.cc:212):   [2] Requesting state transfer: <0,124831>
20230730-160730-6927 03033 * RequestStateTransfer (replica.cc:212):   [2] Requesting state transfer: <0,124833>
20230730-160731-2561 03033 * RequestStateTransfer (replica.cc:212):   [2] Requesting state transfer: <0,128981>
20230730-160731-2562 03033 * RequestStateTransfer (replica.cc:212):   [2] Requesting state transfer: <0,128982>
20230730-160731-6463 03033 * RequestStateTransfer (replica.cc:212):   [2] Requesting state transfer: <0,131106>
20230730-160731-6468 03033 * RequestStateTransfer (replica.cc:212):   [2] Requesting state transfer: <0,131107>
20230730-160731-6470 03033 * RequestStateTransfer (replica.cc:212):   [2] Requesting state transfer: <0,131109>
20230730-160731-6472 03033 * RequestStateTransfer (replica.cc:212):   [2] Requesting state transfer: <0,131110>
20230730-160731-6714 03033 * HandleRequestStateTransfer (replica.cc:727):   [2] Sending state transfer from <0,131072> to <0,131110>
20230730-160731-6715 03033 * SendMessageInternal (udptransport.cc:442): Sending large replication.vr.proto.StateTransferMessage message in 3 fragments
20230730-160732-3205 03033 * HandleRequestStateTransfer (replica.cc:727):   [2] Sending state transfer from <0,136295> to <0,136295>
20230730-160732-3208 03033 * HandleRequestStateTransfer (replica.cc:727):   [2] Sending state transfer from <0,136296> to <0,136297>
20230730-160732-3210 03033 * HandleRequestStateTransfer (replica.cc:727):   [2] Sending state transfer from <0,136299> to <0,136299>
20230730-160732-3213 03033 * HandleRequestStateTransfer (replica.cc:727):   [2] Sending state transfer from <0,136300> to <0,136301>
20230730-160733-3376 03033 * RequestStateTransfer (replica.cc:212):   [2] Requesting state transfer: <0,144997>
20230730-160733-3377 03033 * HandleRequestStateTransfer (replica.cc:727):   [2] Sending state transfer from <0,144997> to <0,144998>
20230730-160733-3379 03033 * RequestStateTransfer (replica.cc:212):   [2] Requesting state transfer: <0,144998>
20230730-160733-3380 03033 * RequestStateTransfer (replica.cc:212):   [2] Requesting state transfer: <0,144999>
20230730-160733-3381 03033 * HandleRequestStateTransfer (replica.cc:727):   [2] Sending state transfer from <0,144998> to <0,145000>
20230730-160733-3382 03033 * RequestStateTransfer (replica.cc:212):   [2] Requesting state transfer: <0,145000>
20230730-160733-3382 03033 * HandleRequestStateTransfer (replica.cc:727):   [2] Sending state transfer from <0,144999> to <0,145000>
20230730-160733-3383 03033 * RequestStateTransfer (replica.cc:212):   [2] Requesting state transfer: <0,145001>
20230730-160733-3384 03033 * HandleRequestStateTransfer (replica.cc:727):   [2] Sending state transfer from <0,145000> to <0,145002>
20230730-160733-3385 03033 * RequestStateTransfer (replica.cc:212):   [2] Requesting state transfer: <0,145002>
20230730-160733-3386 03033 * HandleRequestStateTransfer (replica.cc:727):   [2] Sending state transfer from <0,145001> to <0,145002>
20230730-160733-3387 03033 * RequestStateTransfer (replica.cc:212):   [2] Requesting state transfer: <0,145003>
20230730-160733-3387 03033 * HandleRequestStateTransfer (replica.cc:727):   [2] Sending state transfer from <0,145002> to <0,145003>
20230730-160733-3389 03033 * RequestStateTransfer (replica.cc:212):   [2] Requesting state transfer: <0,145004>
20230730-160733-3390 03033 * RequestStateTransfer (replica.cc:212):   [2] Requesting state transfer: <0,145005>
20230730-160733-3390 03033 * HandleRequestStateTransfer (replica.cc:727):   [2] Sending state transfer from <0,145003> to <0,145005>
20230730-160733-3391 03033 * HandleRequestStateTransfer (replica.cc:727):   [2] Sending state transfer from <0,145004> to <0,145006>
20230730-160733-3392 03033 * RequestStateTransfer (replica.cc:212):   [2] Requesting state transfer: <0,145006>
20230730-160733-3392 03033 * RequestStateTransfer (replica.cc:212):   [2] Requesting state transfer: <0,145007>
20230730-160733-3392 03033 * HandleRequestStateTransfer (replica.cc:727):   [2] Sending state transfer from <0,145005> to <0,145007>
20230730-160733-3396 03033 * HandleRequestStateTransfer (replica.cc:727):   [2] Sending state transfer from <0,145006> to <0,145007>
20230730-160733-3397 03033 * HandleRequestStateTransfer (replica.cc:727):   [2] Sending state transfer from <0,145007> to <0,145008>
20230730-160733-4530 03033 * RequestStateTransfer (replica.cc:212):   [2] Requesting state transfer: <0,145950>
20230730-160733-4531 03033 * RequestStateTransfer (replica.cc:212):   [2] Requesting state transfer: <0,145951>
20230730-160733-4532 03033 * RequestStateTransfer (replica.cc:212):   [2] Requesting state transfer: <0,145952>
20230730-160733-4533 03033 * RequestStateTransfer (replica.cc:212):   [2] Requesting state transfer: <0,145953>
20230730-160733-4534 03033 * RequestStateTransfer (replica.cc:212):   [2] Requesting state transfer: <0,145954>
20230730-160733-4535 03033 * RequestStateTransfer (replica.cc:212):   [2] Requesting state transfer: <0,145955>
20230730-160733-4536 03033 * RequestStateTransfer (replica.cc:212):   [2] Requesting state transfer: <0,145956>
20230730-160733-4537 03033 * RequestStateTransfer (replica.cc:212):   [2] Requesting state transfer: <0,145959>
20230730-160733-4538 03033 * RequestStateTransfer (replica.cc:212):   [2] Requesting state transfer: <0,145960>
20230730-160733-4542 03033 * RequestStateTransfer (replica.cc:212):   [2] Requesting state transfer: <0,145962>
20230730-160733-4545 03033 * RequestStateTransfer (replica.cc:212):   [2] Requesting state transfer: <0,145964>
20230730-160733-4546 03033 * RequestStateTransfer (replica.cc:212):   [2] Requesting state transfer: <0,145965>
20230730-160733-4573 03033 ! OnReadable      (udptransport.cc:573): Fragments out of order for packet 69; expected start 0, got 9000
20230730-160733-4574 03033 ! OnReadable      (udptransport.cc:565): Failed to reconstruct packet 69
20230730-160733-6934 03033 * RequestStateTransfer (replica.cc:212):   [2] Requesting state transfer: <0,147936>
20230730-160733-6940 03033 ! OnReadable      (udptransport.cc:573): Fragments out of order for packet e; expected start 9000, got 18000
20230730-160733-8091 03033 * HandleRequestStateTransfer (replica.cc:727):   [2] Sending state transfer from <0,148832> to <0,148845>
20230730-160733-8093 03033 * HandleRequestStateTransfer (replica.cc:727):   [2] Sending state transfer from <0,148843> to <0,148846>
20230730-160733-8094 03033 * HandleRequestStateTransfer (replica.cc:727):   [2] Sending state transfer from <0,148845> to <0,148847>
20230730-160734-4394 03033 * RequestStateTransfer (replica.cc:212):   [2] Requesting state transfer: <0,153984>
20230730-160734-4395 03033 * RequestStateTransfer (replica.cc:212):   [2] Requesting state transfer: <0,153985>
20230730-160734-4395 03033 * HandleRequestStateTransfer (replica.cc:727):   [2] Sending state transfer from <0,153984> to <0,153985>
20230730-160734-4396 03033 * RequestStateTransfer (replica.cc:212):   [2] Requesting state transfer: <0,153986>
20230730-160734-4397 03033 * HandleRequestStateTransfer (replica.cc:727):   [2] Sending state transfer from <0,153985> to <0,153986>
20230730-160734-4398 03033 * RequestStateTransfer (replica.cc:212):   [2] Requesting state transfer: <0,153987>
20230730-160734-4399 03033 * HandleRequestStateTransfer (replica.cc:727):   [2] Sending state transfer from <0,153986> to <0,153987>
20230730-160734-4401 03033 * HandleRequestStateTransfer (replica.cc:727):   [2] Sending state transfer from <0,153987> to <0,153987>
20230730-160734-4402 03033 * RequestStateTransfer (replica.cc:212):   [2] Requesting state transfer: <0,153988>
20230730-160734-4403 03033 * RequestStateTransfer (replica.cc:212):   [2] Requesting state transfer: <0,153989>
20230730-160734-4403 03033 * HandleRequestStateTransfer (replica.cc:727):   [2] Sending state transfer from <0,153988> to <0,153989>
20230730-160734-4404 03033 * HandleRequestStateTransfer (replica.cc:727):   [2] Sending state transfer from <0,153989> to <0,153991>
20230730-160734-4405 03033 * RequestStateTransfer (replica.cc:212):   [2] Requesting state transfer: <0,153992>
20230730-160734-4406 03033 * HandleRequestStateTransfer (replica.cc:727):   [2] Sending state transfer from <0,153992> to <0,153992>
20230730-160735-0339 03033 * RequestStateTransfer (replica.cc:212):   [2] Requesting state transfer: <0,158122>
20230730-160735-0343 03033 * RequestStateTransfer (replica.cc:212):   [2] Requesting state transfer: <0,158123>
20230730-160735-0345 03033 * RequestStateTransfer (replica.cc:212):   [2] Requesting state transfer: <0,158124>
20230730-160735-0348 03033 * RequestStateTransfer (replica.cc:212):   [2] Requesting state transfer: <0,158125>
20230730-160735-5773 03033 * RequestStateTransfer (replica.cc:212):   [2] Requesting state transfer: <0,162815>
20230730-160735-5774 03033 * RequestStateTransfer (replica.cc:212):   [2] Requesting state transfer: <0,162816>
20230730-160735-5775 03033 * HandleRequestStateTransfer (replica.cc:727):   [2] Sending state transfer from <0,162815> to <0,162816>
20230730-160735-5776 03033 * HandleRequestStateTransfer (replica.cc:727):   [2] Sending state transfer from <0,162816> to <0,162818>
20230730-160735-5777 03033 * RequestStateTransfer (replica.cc:212):   [2] Requesting state transfer: <0,162818>
20230730-160735-5779 03033 * HandleRequestStateTransfer (replica.cc:727):   [2] Sending state transfer from <0,162818> to <0,162820>
20230730-160735-5780 03033 * RequestStateTransfer (replica.cc:212):   [2] Requesting state transfer: <0,162822>
20230730-160735-5781 03033 * RequestStateTransfer (replica.cc:212):   [2] Requesting state transfer: <0,162823>
20230730-160735-5781 03033 * HandleRequestStateTransfer (replica.cc:727):   [2] Sending state transfer from <0,162822> to <0,162824>
20230730-160735-5782 03033 * RequestStateTransfer (replica.cc:212):   [2] Requesting state transfer: <0,162824>
20230730-160735-5783 03033 * HandleRequestStateTransfer (replica.cc:727):   [2] Sending state transfer from <0,162823> to <0,162825>
20230730-160735-5783 03033 * RequestStateTransfer (replica.cc:212):   [2] Requesting state transfer: <0,162825>
20230730-160735-5784 03033 * HandleRequestStateTransfer (replica.cc:727):   [2] Sending state transfer from <0,162824> to <0,162828>
20230730-160735-5785 03033 * RequestStateTransfer (replica.cc:212):   [2] Requesting state transfer: <0,162828>
20230730-160735-5786 03033 * HandleRequestStateTransfer (replica.cc:727):   [2] Sending state transfer from <0,162825> to <0,162828>
20230730-160735-5787 03033 * HandleRequestStateTransfer (replica.cc:727):   [2] Sending state transfer from <0,162828> to <0,162828>
20230730-160735-7805 03033 * RequestStateTransfer (replica.cc:212):   [2] Requesting state transfer: <0,164434>
20230730-160735-7806 03033 * RequestStateTransfer (replica.cc:212):   [2] Requesting state transfer: <0,164435>
20230730-160735-7808 03033 * RequestStateTransfer (replica.cc:212):   [2] Requesting state transfer: <0,164437>
20230730-160735-7808 03033 * RequestStateTransfer (replica.cc:212):   [2] Requesting state transfer: <0,164438>
20230730-160735-7812 03033 ! OnReadable      (udptransport.cc:565): Failed to reconstruct packet e
20230730-160735-7817 03033 * RequestStateTransfer (replica.cc:212):   [2] Requesting state transfer: <0,164458>
20230730-160735-7820 03033 * RequestStateTransfer (replica.cc:212):   [2] Requesting state transfer: <0,164459>
20230730-160735-7821 03033 * RequestStateTransfer (replica.cc:212):   [2] Requesting state transfer: <0,164460>
20230730-160737-3629 03033 * RequestStateTransfer (replica.cc:212):   [2] Requesting state transfer: <0,176937>
20230730-160737-3630 03033 * RequestStateTransfer (replica.cc:212):   [2] Requesting state transfer: <0,176939>
20230730-160737-9273 03033 * RequestStateTransfer (replica.cc:212):   [2] Requesting state transfer: <0,181875>
20230730-160737-9276 03033 * RequestStateTransfer (replica.cc:212):   [2] Requesting state transfer: <0,181876>
20230730-160737-9277 03033 * RequestStateTransfer (replica.cc:212):   [2] Requesting state transfer: <0,181877>
20230730-160737-9280 03033 * RequestStateTransfer (replica.cc:212):   [2] Requesting state transfer: <0,181879>
20230730-160737-9282 03033 * RequestStateTransfer (replica.cc:212):   [2] Requesting state transfer: <0,181882>
20230730-160739-2535 03033 * HandleRequestStateTransfer (replica.cc:727):   [2] Sending state transfer from <0,192732> to <0,192760>
20230730-160739-2535 03033 * SendMessageInternal (udptransport.cc:442): Sending large replication.vr.proto.StateTransferMessage message in 2 fragments
20230730-160739-2536 03033 * HandleRequestStateTransfer (replica.cc:727):   [2] Sending state transfer from <0,192733> to <0,192761>
20230730-160739-2536 03033 * SendMessageInternal (udptransport.cc:442): Sending large replication.vr.proto.StateTransferMessage message in 2 fragments
20230730-160739-2537 03033 * HandleRequestStateTransfer (replica.cc:727):   [2] Sending state transfer from <0,192735> to <0,192762>
20230730-160739-2538 03033 * SendMessageInternal (udptransport.cc:442): Sending large replication.vr.proto.StateTransferMessage message in 2 fragments
20230730-160739-2539 03033 * HandleRequestStateTransfer (replica.cc:727):   [2] Sending state transfer from <0,192737> to <0,192762>
20230730-160739-2539 03033 * SendMessageInternal (udptransport.cc:442): Sending large replication.vr.proto.StateTransferMessage message in 2 fragments
20230730-160739-2540 03033 * HandleRequestStateTransfer (replica.cc:727):   [2] Sending state transfer from <0,192738> to <0,192764>
20230730-160739-2540 03033 * SendMessageInternal (udptransport.cc:442): Sending large replication.vr.proto.StateTransferMessage message in 2 fragments
20230730-160739-2541 03033 * HandleRequestStateTransfer (replica.cc:727):   [2] Sending state transfer from <0,192741> to <0,192765>
20230730-160739-2542 03033 * SendMessageInternal (udptransport.cc:442): Sending large replication.vr.proto.StateTransferMessage message in 2 fragments
20230730-160739-2547 03033 * HandleRequestStateTransfer (replica.cc:727):   [2] Sending state transfer from <0,192762> to <0,192772>
20230730-160739-2550 03033 * HandleRequestStateTransfer (replica.cc:727):   [2] Sending state transfer from <0,192764> to <0,192772>
20230730-160739-2552 03033 * HandleRequestStateTransfer (replica.cc:727):   [2] Sending state transfer from <0,192765> to <0,192773>
20230730-160739-2555 03033 * HandleRequestStateTransfer (replica.cc:727):   [2] Sending state transfer from <0,192771> to <0,192774>
20230730-160741-9108 03033 ! releaseForWrite (lockserver.cc:353): [1890478948753230184] Releasing unheld write lock: 5pqTQiGny6vXsf7OoIydo6XcCbHcPUeZK4LRImb0YgVINSrapBN9HnBapABCkENN
20230730-160741-9108 03033 ! releaseForRead  (lockserver.cc:293): [1890478948753230184] Releasing unheld read lock: Pjmyj6eUTBgq8KJTjbZh8KrLDwXfPtDIqBQEWvzHrT4wxZXAMVz17ghKCkEpGa5K
20230730-160741-9108 03033 ! releaseForRead  (lockserver.cc:293): [1890478948753230184] Releasing unheld read lock: Qw6SobvfLtJTbbKUB3oTpBhlCa8UTa7GNnlQzPrzgH9L9bslETMMMwf5TZHZa7Wz
20230730-160742-6501 03033 * RequestStateTransfer (replica.cc:212):   [2] Requesting state transfer: <0,221317>
20230730-160744-8563 03033 ! releaseForRead  (lockserver.cc:293): [-593378786729821418] Releasing unheld read lock: 4VJAfrWwp3mrPNcnkLIeEh2Hbzb30Ywi8bVR94FSW2gbR0acIS4oFVUliemPYulO
20230730-160744-8563 03033 ! releaseForRead  (lockserver.cc:293): [-593378786729821418] Releasing unheld read lock: 64lLRAMdgyjrzmfkwEt8CfCV4JQeyQ7woK80Ac3c4j7LZ6Ycw899kzzKhBIdkM09
20230730-160745-0240 03033 ! releaseForWrite (lockserver.cc:353): [-2178859030844851435] Releasing unheld write lock: ezf6PgynwTnVr7X2UEjtErkOP637PUbiqmcEsmcaep9Tl0K83uGD5FLrOOhNdHeV
20230730-160745-0240 03033 ! releaseForWrite (lockserver.cc:353): [-2178859030844851435] Releasing unheld write lock: Yb2Vwvtek0bGQltgxBanjgQMo2VfQRcIuuXAnBZXBJZqsgswoywnLGoqFuI6WAAF
20230730-160745-0240 03033 ! releaseForRead  (lockserver.cc:293): [-2178859030844851435] Releasing unheld read lock: n7lqz3A5kLBEwAn6JdaLiR5MRTi8dxzY0zlmbprQDpD8yudItJR3Z2dV1tD6sRl9
20230730-160745-0329 03033 ! releaseForWrite (lockserver.cc:353): [-3453931972249341542] Releasing unheld write lock: 9vrgOeF1pT3VY6ozPNPEbApOuqT6MFizEIoc2hEog9la4SZehmlZMZUXwbleb3jR
20230730-160745-6438 03033 ! releaseForWrite (lockserver.cc:353): [3683219199680490257] Releasing unheld write lock: Yb2Vwvtek0bGQltgxBanjgQMo2VfQRcIuuXAnBZXBJZqsgswoywnLGoqFuI6WAAF
20230730-160745-6438 03033 ! releaseForWrite (lockserver.cc:353): [3683219199680490257] Releasing unheld write lock: J4FMxhRC9osIDDT7UdsTGu79SYrg4Th6Qt6r6s8XkXMqG0JlqXlD6MHpjUHcZphd
20230730-160745-6438 03033 ! releaseForWrite (lockserver.cc:353): [3683219199680490257] Releasing unheld write lock: pw8TFRsXIu6lbvRU4ltR3iEpQEyRGJhOj6FOnEQFVgXWvMD1UPBza1cIT5KrBa7C
20230730-160745-6438 03033 ! releaseForRead  (lockserver.cc:293): [3683219199680490257] Releasing unheld read lock: PjkwmWHdBVr0r6D9TQpJpzjJPp7AGGTgjC7xbwAUg56znWkT9eGmPa9PsVQHsjmR
20230730-160745-8726 03033 ! releaseForWrite (lockserver.cc:353): [-1883635339477601455] Releasing unheld write lock: gBgl8TxBOEQWkeGwK9YcLUYqgTOi0Upiod4peE61nTWQlRgBEOSl67czf4SoHSpI
20230730-160745-8727 03033 ! releaseForRead  (lockserver.cc:293): [-1883635339477601455] Releasing unheld read lock: Iwi22tupHWueKqzsLAtrzNmUHzCsum3i5e8KfuwLHfuKksaKEeaY3z493js3RalZ
20230730-160745-8727 03033 ! releaseForRead  (lockserver.cc:293): [-1883635339477601455] Releasing unheld read lock: AkNmHV0vLHPzeQ41POz3uGH0Pene0tlOtn30pQgC4WH7D0aKn9mezDOv2IGfv8W4
20230730-160745-8861 03033 ! releaseForWrite (lockserver.cc:353): [5770946912993560192] Releasing unheld write lock: YiVPPC7unbVZX3uJNILT0bCR0GfD9la3gFsnQoyUzLsVmIYuwWKjcg4e6GWKtJMx
20230730-160745-8862 03033 ! releaseForRead  (lockserver.cc:293): [5770946912993560192] Releasing unheld read lock: JmoYPWwnxFJd9ZNyGuS9v5UhW7SCGbBdNkkDfFTr5goLDW9XxZuUnTpeGqQbKPRt
20230730-160745-8862 03033 ! releaseForRead  (lockserver.cc:293): [5770946912993560192] Releasing unheld read lock: bsfMUyA7pRYIld58CGfOCcrqE6xBTpnh3Lu4YJM3Ff27o83mJnCnOaXdPT1OpeIl
20230730-160745-8862 03033 ! releaseForRead  (lockserver.cc:293): [5770946912993560192] Releasing unheld read lock: UnMj7mnrFMB96uobeeptNYQdfYHM7c6IN0MSlHeL6lAOCuvRvFZXF7ZpOzm6NJn5
20230730-160745-9931 03033 * HandleRequestStateTransfer (replica.cc:727):   [2] Sending state transfer from <0,246649> to <0,246660>
20230730-160745-9934 03033 * HandleRequestStateTransfer (replica.cc:727):   [2] Sending state transfer from <0,246660> to <0,246660>
20230730-160746-0242 03033 ! releaseForWrite (lockserver.cc:353): [4498903532922430193] Releasing unheld write lock: a2WCSEDH9C1FEQ34bQ4f3MtovQZ6PM7Q1x8gENyms4mR9skeSSLqewzmLVIoXCbq
20230730-160746-0242 03033 ! releaseForWrite (lockserver.cc:353): [4498903532922430193] Releasing unheld write lock: YiVPPC7unbVZX3uJNILT0bCR0GfD9la3gFsnQoyUzLsVmIYuwWKjcg4e6GWKtJMx
20230730-160746-0242 03033 ! releaseForRead  (lockserver.cc:293): [4498903532922430193] Releasing unheld read lock: c8o62AAb32ALLO3fMUfn6Pk7n6d0gqfi8ynkDixCa4eaDvf5Wj4GODppNUdeSa8r
20230730-160746-0651 03033 ! releaseForRead  (lockserver.cc:293): [-2178859030844851433] Releasing unheld read lock: qZv2Hx3i3yFHgPv4087aUWWVRRj1Gb6sWVTuAs2y2VYUdNWemNNFjjHx91ba8Nx9
20230730-160746-9110 03033 ! releaseForWrite (lockserver.cc:353): [-8266493555298731430] Releasing unheld write lock: U1oiZrRoIAP2NsexSjlBN2DLpwoaUqV3uWV0YVM8LYiAYZ288b2hZezBYQNkViZ3
20230730-160746-9110 03033 ! releaseForWrite (lockserver.cc:353): [-8266493555298731430] Releasing unheld write lock: ezf6PgynwTnVr7X2UEjtErkOP637PUbiqmcEsmcaep9Tl0K83uGD5FLrOOhNdHeV
20230730-160746-9110 03033 ! releaseForRead  (lockserver.cc:293): [-8266493555298731430] Releasing unheld read lock: 4Cfy81WSqSb485QnAYtq4lduQJrcuQmZDHZbwbktXW7a2x8QEctg9t1x4HueU3gH
20230730-160746-9281 03033 * RequestStateTransfer (replica.cc:212):   [2] Requesting state transfer: <0,254688>
20230730-160747-1460 03033 ! releaseForWrite (lockserver.cc:353): [-8409129029745821396] Releasing unheld write lock: qZv2Hx3i3yFHgPv4087aUWWVRRj1Gb6sWVTuAs2y2VYUdNWemNNFjjHx91ba8Nx9
20230730-160748-1053 03033 * RequestStateTransfer (replica.cc:212):   [2] Requesting state transfer: <0,262144>
20230730-160748-1075 03033 * RequestStateTransfer (replica.cc:212):   [2] Requesting state transfer: <0,262165>
20230730-160748-1076 03033 * RequestStateTransfer (replica.cc:212):   [2] Requesting state transfer: <0,262166>
20230730-160748-1077 03033 * RequestStateTransfer (replica.cc:212):   [2] Requesting state transfer: <0,262168>
20230730-160748-1078 03033 * RequestStateTransfer (replica.cc:212):   [2] Requesting state transfer: <0,262171>
20230730-160748-1080 03033 * RequestStateTransfer (replica.cc:212):   [2] Requesting state transfer: <0,262181>
20230730-160748-1081 03033 * RequestStateTransfer (replica.cc:212):   [2] Requesting state transfer: <0,262182>
20230730-160748-1082 03033 * RequestStateTransfer (replica.cc:212):   [2] Requesting state transfer: <0,262188>
20230730-160748-1083 03033 * RequestStateTransfer (replica.cc:212):   [2] Requesting state transfer: <0,262191>
20230730-160748-1085 03033 * RequestStateTransfer (replica.cc:212):   [2] Requesting state transfer: <0,262192>
20230730-160748-1086 03033 * RequestStateTransfer (replica.cc:212):   [2] Requesting state transfer: <0,262193>
20230730-160748-1086 03033 * RequestStateTransfer (replica.cc:212):   [2] Requesting state transfer: <0,262194>
20230730-160748-1087 03033 * RequestStateTransfer (replica.cc:212):   [2] Requesting state transfer: <0,262195>
20230730-160748-1088 03033 * HandleRequestStateTransfer (replica.cc:727):   [2] Sending state transfer from <0,262144> to <0,262195>
20230730-160748-1307 03033 * SendMessageInternal (udptransport.cc:442): Sending large replication.vr.proto.StateTransferMessage message in 2 fragments
20230730-160748-1308 03033 * HandleRequestStateTransfer (replica.cc:727):   [2] Sending state transfer from <0,262192> to <0,262195>
20230730-160748-1308 03033 * HandleRequestStateTransfer (replica.cc:727):   [2] Sending state transfer from <0,262193> to <0,262195>
20230730-160748-1309 03033 * HandleRequestStateTransfer (replica.cc:727):   [2] Sending state transfer from <0,262194> to <0,262195>
20230730-160748-1309 03033 * HandleRequestStateTransfer (replica.cc:727):   [2] Sending state transfer from <0,262195> to <0,262195>
20230730-160748-9467 03033 * RequestStateTransfer (replica.cc:212):   [2] Requesting state transfer: <0,268965>
20230730-160749-0611 03033 * HandleRequestStateTransfer (replica.cc:727):   [2] Sending state transfer from <0,268965> to <0,268965>
20230730-160749-2390 03033 * RequestStateTransfer (replica.cc:212):   [2] Requesting state transfer: <0,270322>
20230730-160749-2392 03033 * RequestStateTransfer (replica.cc:212):   [2] Requesting state transfer: <0,270323>
20230730-160749-2395 03033 * RequestStateTransfer (replica.cc:212):   [2] Requesting state transfer: <0,270325>
20230730-160749-2398 03033 * RequestStateTransfer (replica.cc:212):   [2] Requesting state transfer: <0,270326>
20230730-160749-2875 03033 * RequestStateTransfer (replica.cc:212):   [2] Requesting state transfer: <0,270621>
20230730-160749-2897 03033 * RequestStateTransfer (replica.cc:212):   [2] Requesting state transfer: <0,270708>
20230730-160749-4491 03033 * RequestStateTransfer (replica.cc:212):   [2] Requesting state transfer: <0,271984>
20230730-160749-4492 03033 * RequestStateTransfer (replica.cc:212):   [2] Requesting state transfer: <0,271985>
20230730-160749-4493 03033 * RequestStateTransfer (replica.cc:212):   [2] Requesting state transfer: <0,271986>
20230730-160749-4494 03033 * RequestStateTransfer (replica.cc:212):   [2] Requesting state transfer: <0,271991>
20230730-160749-4495 03033 * RequestStateTransfer (replica.cc:212):   [2] Requesting state transfer: <0,271994>
20230730-160749-4496 03033 * RequestStateTransfer (replica.cc:212):   [2] Requesting state transfer: <0,271995>
20230730-160749-4505 03033 * RequestStateTransfer (replica.cc:212):   [2] Requesting state transfer: <0,272018>
20230730-160749-4508 03033 * RequestStateTransfer (replica.cc:212):   [2] Requesting state transfer: <0,272019>
20230730-160749-4510 03033 * RequestStateTransfer (replica.cc:212):   [2] Requesting state transfer: <0,272021>
20230730-160749-4512 03033 ! OnReadable      (udptransport.cc:573): Fragments out of order for packet 18; expected start 0, got 9000
20230730-160749-4512 03033 * RequestStateTransfer (replica.cc:212):   [2] Requesting state transfer: <0,272022>
20230730-160749-4513 03033 ! OnReadable      (udptransport.cc:565): Failed to reconstruct packet 18
20230730-160749-4515 03033 * RequestStateTransfer (replica.cc:212):   [2] Requesting state transfer: <0,272023>
20230730-160749-4516 03033 * RequestStateTransfer (replica.cc:212):   [2] Requesting state transfer: <0,272024>
20230730-160749-4676 03033 ! releaseForWrite (lockserver.cc:353): [1890478948753230232] Releasing unheld write lock: PjkwmWHdBVr0r6D9TQpJpzjJPp7AGGTgjC7xbwAUg56znWkT9eGmPa9PsVQHsjmR
20230730-160749-4676 03033 ! releaseForWrite (lockserver.cc:353): [1890478948753230232] Releasing unheld write lock: K9be3dehy1giAHbSvVPn1MWRBjhro2NahLgA6J1tW7CEJ9dLr0lQ4r4q1CSUZB4l
20230730-160749-4676 03033 ! releaseForWrite (lockserver.cc:353): [1890478948753230232] Releasing unheld write lock: RE0Kzf3BNTEPltbld138LuQFTLejnReYptDAs2fTd1hrrA7s9bJgCS4oFOpaeryD
20230730-160749-4676 03033 ! releaseForWrite (lockserver.cc:353): [1890478948753230232] Releasing unheld write lock: vSL7B5DEpozMfXA6Pf40L9GG5g8smPUOupxaf5Tpix2lUrKqzcjgB7jjQPkpoXlG
20230730-160749-4676 03033 ! releaseForWrite (lockserver.cc:353): [1890478948753230232] Releasing unheld write lock: dmsQgreXOrGZ3Wb1mBtFkXTfCzRuGFBw9rgYGgMz2CRyW1O4LDdD6HlJifJ2jbFj
20230730-160751-7503 03033 * RequestStateTransfer (replica.cc:212):   [2] Requesting state transfer: <0,290485>
20230730-160751-7504 03033 * HandleRequestStateTransfer (replica.cc:727):   [2] Sending state transfer from <0,290485> to <0,290485>
20230730-160751-7905 03033 ! releaseForWrite (lockserver.cc:353): [4469241324399000270] Releasing unheld write lock: VmbaczMqKnu7UENRPwgEX1LxQgRt7CII74MIZw0zXWiz7c94lfTSdpByg9yutRur
20230730-160751-7906 03033 ! releaseForRead  (lockserver.cc:293): [4469241324399000270] Releasing unheld read lock: g8rEWAg0cuFbB2lHzxpPVLm1gNLgItA6dLq734ZyUQDO0e0mUP3X1K3gJnSKwaVV
20230730-160752-6253 03033 * RequestStateTransfer (replica.cc:212):   [2] Requesting state transfer: <0,297637>
20230730-160752-6254 03033 * RequestStateTransfer (replica.cc:212):   [2] Requesting state transfer: <0,297638>
20230730-160752-6255 03033 * RequestStateTransfer (replica.cc:212):   [2] Requesting state transfer: <0,297639>
20230730-160752-6256 03033 * RequestStateTransfer (replica.cc:212):   [2] Requesting state transfer: <0,297640>
20230730-160752-6260 03033 ! OnReadable      (udptransport.cc:573): Fragments out of order for packet 1a; expected start 0, got 9000
20230730-160752-6261 03033 ! OnReadable      (udptransport.cc:565): Failed to reconstruct packet 1a
20230730-160752-6264 03033 * RequestStateTransfer (replica.cc:212):   [2] Requesting state transfer: <0,297660>
20230730-160752-6267 03033 * RequestStateTransfer (replica.cc:212):   [2] Requesting state transfer: <0,297661>
20230730-160752-6269 03033 * RequestStateTransfer (replica.cc:212):   [2] Requesting state transfer: <0,297663>
20230730-160752-6271 03033 * RequestStateTransfer (replica.cc:212):   [2] Requesting state transfer: <0,297664>
20230730-160752-8721 03033 * RequestStateTransfer (replica.cc:212):   [2] Requesting state transfer: <0,299566>
20230730-160752-8725 03033 * RequestStateTransfer (replica.cc:212):   [2] Requesting state transfer: <0,299579>
20230730-160752-8727 03033 * RequestStateTransfer (replica.cc:212):   [2] Requesting state transfer: <0,299584>
20230730-160753-2410 03033 * RequestStateTransfer (replica.cc:212):   [2] Requesting state transfer: <0,302120>
20230730-160754-1927 03033 * RequestStateTransfer (replica.cc:212):   [2] Requesting state transfer: <0,308378>
20230730-160754-1929 03033 * HandleRequestStateTransfer (replica.cc:727):   [2] Sending state transfer from <0,308378> to <0,308378>
20230730-160754-1931 03033 * RequestStateTransfer (replica.cc:212):   [2] Requesting state transfer: <0,308381>
20230730-160754-1932 03033 * HandleRequestStateTransfer (replica.cc:727):   [2] Sending state transfer from <0,308381> to <0,308382>
20230730-160754-1933 03033 * RequestStateTransfer (replica.cc:212):   [2] Requesting state transfer: <0,308383>
20230730-160754-1934 03033 * HandleRequestStateTransfer (replica.cc:727):   [2] Sending state transfer from <0,308383> to <0,308383>
