20230730-160716-4499 03031 * HandleRequestStateTransfer (replica.cc:727):   [2] Sending state transfer from <0,4797> to <0,4798>
20230730-160716-4500 03031 * HandleRequestStateTransfer (replica.cc:727):   [2] Sending state transfer from <0,4799> to <0,4800>
20230730-160717-3810 03031 * HandleRequestStateTransfer (replica.cc:727):   [2] Sending state transfer from <0,11171> to <0,11199>
20230730-160717-3811 03031 * SendMessageInternal (udptransport.cc:442): Sending large replication.vr.proto.StateTransferMessage message in 2 fragments
20230730-160719-7286 03031 * HandleRequestStateTransfer (replica.cc:727):   [2] Sending state transfer from <0,27291> to <0,27306>
20230730-160720-6686 03031 * HandleRequestStateTransfer (replica.cc:727):   [2] Sending state transfer from <0,32807> to <0,32835>
20230730-160720-6687 03031 * SendMessageInternal (udptransport.cc:442): Sending large replication.vr.proto.StateTransferMessage message in 2 fragments
20230730-160720-6694 03031 * HandleRequestStateTransfer (replica.cc:727):   [2] Sending state transfer from <0,32835> to <0,32836>
20230730-160721-9479 03031 * HandleRequestStateTransfer (replica.cc:727):   [2] Sending state transfer from <0,42257> to <0,42328>
20230730-160721-9481 03031 * SendMessageInternal (udptransport.cc:442): Sending large replication.vr.proto.StateTransferMessage message in 4 fragments
20230730-160721-9499 03031 * HandleRequestStateTransfer (replica.cc:727):   [2] Sending state transfer from <0,42331> to <0,42344>
20230730-160721-9500 03031 * HandleRequestStateTransfer (replica.cc:727):   [2] Sending state transfer from <0,42332> to <0,42345>
20230730-160721-9501 03031 * HandleRequestStateTransfer (replica.cc:727):   [2] Sending state transfer from <0,42334> to <0,42345>
20230730-160721-9502 03031 * HandleRequestStateTransfer (replica.cc:727):   [2] Sending state transfer from <0,42335> to <0,42346>
20230730-160721-9503 03031 * HandleRequestStateTransfer (replica.cc:727):   [2] Sending state transfer from <0,42340> to <0,42346>
20230730-160721-9800 03031 * RequestStateTransfer (replica.cc:212):   [2] Requesting state transfer: <0,42563>
20230730-160722-4107 03031 * RequestStateTransfer (replica.cc:212):   [2] Requesting state transfer: <0,46404>
20230730-160722-4108 03031 * RequestStateTransfer (replica.cc:212):   [2] Requesting state transfer: <0,46405>
20230730-160723-9573 03031 * RequestStateTransfer (replica.cc:212):   [2] Requesting state transfer: <0,56584>
20230730-160723-9574 03031 * RequestStateTransfer (replica.cc:212):   [2] Requesting state transfer: <0,56585>
20230730-160723-9577 03031 * RequestStateTransfer (replica.cc:212):   [2] Requesting state transfer: <0,56586>
20230730-160723-9579 03031 * RequestStateTransfer (replica.cc:212):   [2] Requesting state transfer: <0,56588>
20230730-160723-9580 03031 * RequestStateTransfer (replica.cc:212):   [2] Requesting state transfer: <0,56590>
20230730-160723-9582 03031 * HandleRequestStateTransfer (replica.cc:727):   [2] Sending state transfer from <0,56584> to <0,56590>
20230730-160723-9585 03031 * HandleRequestStateTransfer (replica.cc:727):   [2] Sending state transfer from <0,56585> to <0,56590>
20230730-160723-9586 03031 * HandleRequestStateTransfer (replica.cc:727):   [2] Sending state transfer from <0,56586> to <0,56591>
20230730-160723-9587 03031 * HandleRequestStateTransfer (replica.cc:727):   [2] Sending state transfer from <0,56588> to <0,56591>
20230730-160723-9589 03031 * HandleRequestStateTransfer (replica.cc:727):   [2] Sending state transfer from <0,56590> to <0,56591>
20230730-160723-9590 03031 * HandleRequestStateTransfer (replica.cc:727):   [2] Sending state transfer from <0,56591> to <0,56591>
20230730-160724-8086 03031 * RequestStateTransfer (replica.cc:212):   [2] Requesting state transfer: <0,63133>
20230730-160724-8087 03031 * RequestStateTransfer (replica.cc:212):   [2] Requesting state transfer: <0,63134>
20230730-160724-8088 03031 * RequestStateTransfer (replica.cc:212):   [2] Requesting state transfer: <0,63135>
20230730-160724-9020 03031 * RequestStateTransfer (replica.cc:212):   [2] Requesting state transfer: <0,63785>
20230730-160724-9021 03031 * HandleRequestStateTransfer (replica.cc:727):   [2] Sending state transfer from <0,63785> to <0,63787>
20230730-160724-9022 03031 * RequestStateTransfer (replica.cc:212):   [2] Requesting state transfer: <0,63787>
20230730-160724-9022 03031 * HandleRequestStateTransfer (replica.cc:727):   [2] Sending state transfer from <0,63787> to <0,63788>
20230730-160724-9023 03031 * RequestStateTransfer (replica.cc:212):   [2] Requesting state transfer: <0,63789>
20230730-160724-9024 03031 * RequestStateTransfer (replica.cc:212):   [2] Requesting state transfer: <0,63790>
20230730-160724-9025 03031 * HandleRequestStateTransfer (replica.cc:727):   [2] Sending state transfer from <0,63789> to <0,63790>
20230730-160724-9026 03031 * HandleRequestStateTransfer (replica.cc:727):   [2] Sending state transfer from <0,63790> to <0,63790>
20230730-160724-9027 03031 * RequestStateTransfer (replica.cc:212):   [2] Requesting state transfer: <0,63791>
20230730-160725-2428 03031 * RequestStateTransfer (replica.cc:212):   [2] Requesting state transfer: <0,65553>
20230730-160725-2429 03031 * RequestStateTransfer (replica.cc:212):   [2] Requesting state transfer: <0,65556>
20230730-160725-2430 03031 * RequestStateTransfer (replica.cc:212):   [2] Requesting state transfer: <0,65559>
20230730-160725-2431 03031 * RequestStateTransfer (replica.cc:212):   [2] Requesting state transfer: <0,65562>
20230730-160725-2432 03031 * RequestStateTransfer (replica.cc:212):   [2] Requesting state transfer: <0,65564>
20230730-160725-2433 03031 * RequestStateTransfer (replica.cc:212):   [2] Requesting state transfer: <0,65565>
20230730-160725-2454 03031 * HandleRequestStateTransfer (replica.cc:727):   [2] Sending state transfer from <0,65536> to <0,65583>
20230730-160725-2455 03031 * SendMessageInternal (udptransport.cc:442): Sending large replication.vr.proto.StateTransferMessage message in 2 fragments
20230730-160725-9627 03031 * RequestStateTransfer (replica.cc:212):   [2] Requesting state transfer: <0,71789>
20230730-160725-9628 03031 * HandleRequestStateTransfer (replica.cc:727):   [2] Sending state transfer from <0,71789> to <0,71789>
20230730-160725-9632 03031 * RequestStateTransfer (replica.cc:212):   [2] Requesting state transfer: <0,71791>
20230730-160725-9633 03031 * HandleRequestStateTransfer (replica.cc:727):   [2] Sending state transfer from <0,71791> to <0,71791>
20230730-160725-9636 03031 * RequestStateTransfer (replica.cc:212):   [2] Requesting state transfer: <0,71797>
20230730-160725-9637 03031 * HandleRequestStateTransfer (replica.cc:727):   [2] Sending state transfer from <0,71797> to <0,71798>
20230730-160725-9637 03031 * RequestStateTransfer (replica.cc:212):   [2] Requesting state transfer: <0,71798>
20230730-160725-9639 03031 * HandleRequestStateTransfer (replica.cc:727):   [2] Sending state transfer from <0,71798> to <0,71798>
20230730-160725-9995 03031 * RequestStateTransfer (replica.cc:212):   [2] Requesting state transfer: <0,72106>
20230730-160725-9998 03031 * RequestStateTransfer (replica.cc:212):   [2] Requesting state transfer: <0,72107>
20230730-160726-0001 03031 * RequestStateTransfer (replica.cc:212):   [2] Requesting state transfer: <0,72108>
20230730-160728-3105 03031 * RequestStateTransfer (replica.cc:212):   [2] Requesting state transfer: <0,89554>
20230730-160729-3906 03031 * RequestStateTransfer (replica.cc:212):   [2] Requesting state transfer: <0,95904>
20230730-160729-3908 03031 * RequestStateTransfer (replica.cc:212):   [2] Requesting state transfer: <0,95905>
20230730-160729-7464 03031 ! releaseForWrite (lockserver.cc:353): [-303362743274061436] Releasing unheld write lock: RaTEhH47HQjCPLOydNBgHJ2Kq77IX9gNJBd3OcXzlJyEkzKPXhLjVbiMqbzgleZ5
20230730-160729-7464 03031 ! releaseForRead  (lockserver.cc:293): [-303362743274061436] Releasing unheld read lock: j40HnHLosYXVpirPDAbmyKXyPLeWivSwpoZjB0gCSHvSQkBGxITdMzv9XEDjbwli
20230730-160729-7478 03031 ! releaseForWrite (lockserver.cc:353): [5770946912993560100] Releasing unheld write lock: RaTEhH47HQjCPLOydNBgHJ2Kq77IX9gNJBd3OcXzlJyEkzKPXhLjVbiMqbzgleZ5
20230730-160729-7479 03031 ! releaseForRead  (lockserver.cc:293): [5770946912993560100] Releasing unheld read lock: upEXoiOpQW9mhgsc1KZ1CpndTC42fiGNsMMfHI1oX5DrrdThqDCEbBdOlOL5LHph
20230730-160729-7479 03031 ! releaseForRead  (lockserver.cc:293): [5770946912993560100] Releasing unheld read lock: o1RDyyaeisdaqSyfWm2LNdVij3otjgsQFsdDmmeRw51qRmyWTndPwNG7iKSewwii
20230730-160729-7583 03031 ! releaseForWrite (lockserver.cc:353): [-1922715439622491482] Releasing unheld write lock: YoCqRthfI1FtR91zVO8d2JcBIVK0LZ3RW4ISHNQ082SMybuIYsWdMYp7myue5Oik
20230730-160729-7583 03031 ! releaseForWrite (lockserver.cc:353): [-1922715439622491482] Releasing unheld write lock: gmuhnYfTQ0xN8JqQoo3QR9K0hI22DDmJkxuzJ4SUERdNOI19qojfPYohM1q3HmMP
20230730-160729-7584 03031 ! releaseForRead  (lockserver.cc:293): [-1922715439622491482] Releasing unheld read lock: QJfIyaz1tVhLAKDWm6iAHdghtQJuOuNEYyh2Cc9ZgldN32IBMzN5UR9YCTuQ7gI6
20230730-160729-7700 03031 ! releaseForWrite (lockserver.cc:353): [-8638477895172791537] Releasing unheld write lock: V4y4u8YlZr07cjfvEtNcIF5SehuQqYzkrCVdGWGdLhkdfDaQ9AVOn8tPJN9Nem43
20230730-160729-7701 03031 ! releaseForRead  (lockserver.cc:293): [-8638477895172791537] Releasing unheld read lock: RaTEhH47HQjCPLOydNBgHJ2Kq77IX9gNJBd3OcXzlJyEkzKPXhLjVbiMqbzgleZ5
20230730-160729-7701 03031 ! releaseForRead  (lockserver.cc:293): [-8638477895172791537] Releasing unheld read lock: 8KKlckFrfRKpbaDhc2S4R8EZL15qsrdBsmYDniKaTx1nWbOoJlOePncVEs4FVRkM
20230730-160729-7701 03031 ! releaseForRead  (lockserver.cc:293): [-8638477895172791537] Releasing unheld read lock: 52tGSVqhjD3hWGPGfegPYP2Bws9LqFrLPbiV1SESbocfU1EYbJjKeb8Msereuh8m
20230730-160729-7701 03031 ! releaseForRead  (lockserver.cc:293): [-8638477895172791537] Releasing unheld read lock: QWyOq03sMcHwNf9v5LcCTo1MBhyZwpfJh2FJJrKLKQ2AhwsTYvjQJvlBNJDsSkJR
20230730-160729-8077 03031 ! releaseForWrite (lockserver.cc:353): [6979646740888030113] Releasing unheld write lock: 3fjashxw2Vdx2wnuPcLR04zpPGBGBAiy9j8hcTbrXRAXfhcl6Kjo2oJ25Twhj01Z
20230730-160729-8077 03031 ! releaseForRead  (lockserver.cc:293): [6979646740888030113] Releasing unheld read lock: HSYY0I5JS3chfX9ylOh9zuYOu8ExN8fuQWO3G2W2aBNVYMi1Pi9HO3mUoqZtwqbW
20230730-160729-8077 03031 ! releaseForRead  (lockserver.cc:293): [6979646740888030113] Releasing unheld read lock: RaTEhH47HQjCPLOydNBgHJ2Kq77IX9gNJBd3OcXzlJyEkzKPXhLjVbiMqbzgleZ5
20230730-160729-8077 03031 ! releaseForRead  (lockserver.cc:293): [6979646740888030113] Releasing unheld read lock: H5oM66MvD4WRWCxk7gTeagLXr8XxmuxzheChd5kivYEtmorHf92pGLTh1mIE37EK
20230730-160729-8230 03031 ! releaseForWrite (lockserver.cc:353): [1890478948753230097] Releasing unheld write lock: gmuhnYfTQ0xN8JqQoo3QR9K0hI22DDmJkxuzJ4SUERdNOI19qojfPYohM1q3HmMP
20230730-160730-1393 03031 * HandleRequestStateTransfer (replica.cc:727):   [2] Sending state transfer from <0,100968> to <0,101024>
20230730-160730-1394 03031 * SendMessageInternal (udptransport.cc:442): Sending large replication.vr.proto.StateTransferMessage message in 3 fragments
20230730-160730-1615 03031 ! releaseForRead  (lockserver.cc:293): [-6063399218608471592] Releasing unheld read lock: nyl0eBvy3D8ibJK8Ao3kw4w1w7jwoh5A7eBjdMDDW8Of8tpuvE8QEidyDQRzkpeG
20230730-160730-3381 03031 * RequestStateTransfer (replica.cc:212):   [2] Requesting state transfer: <0,102584>
20230730-160730-3382 03031 * HandleRequestStateTransfer (replica.cc:727):   [2] Sending state transfer from <0,102584> to <0,102584>
20230730-160730-3385 03031 * RequestStateTransfer (replica.cc:212):   [2] Requesting state transfer: <0,102585>
20230730-160730-3385 03031 * HandleRequestStateTransfer (replica.cc:727):   [2] Sending state transfer from <0,102585> to <0,102585>
20230730-160730-3387 03031 * RequestStateTransfer (replica.cc:212):   [2] Requesting state transfer: <0,102587>
20230730-160730-3388 03031 * HandleRequestStateTransfer (replica.cc:727):   [2] Sending state transfer from <0,102587> to <0,102587>
20230730-160731-5016 03031 * HandleRequestStateTransfer (replica.cc:727):   [2] Sending state transfer from <0,111047> to <0,111047>
20230730-160731-5021 03031 * HandleRequestStateTransfer (replica.cc:727):   [2] Sending state transfer from <0,111051> to <0,111052>
20230730-160731-5022 03031 * HandleRequestStateTransfer (replica.cc:727):   [2] Sending state transfer from <0,111052> to <0,111054>
20230730-160731-5024 03031 * HandleRequestStateTransfer (replica.cc:727):   [2] Sending state transfer from <0,111054> to <0,111056>
20230730-160732-2087 03031 * HandleRequestStateTransfer (replica.cc:727):   [2] Sending state transfer from <0,115495> to <0,115522>
20230730-160732-2088 03031 * SendMessageInternal (udptransport.cc:442): Sending large replication.vr.proto.StateTransferMessage message in 2 fragments
20230730-160732-2096 03031 * HandleRequestStateTransfer (replica.cc:727):   [2] Sending state transfer from <0,115525> to <0,115526>
20230730-160732-2096 03031 * HandleRequestStateTransfer (replica.cc:727):   [2] Sending state transfer from <0,115526> to <0,115526>
20230730-160734-2751 03031 * RequestStateTransfer (replica.cc:212):   [2] Requesting state transfer: <0,128256>
20230730-160734-9997 03031 * RequestStateTransfer (replica.cc:212):   [2] Requesting state transfer: <0,131088>
20230730-160734-9998 03031 * RequestStateTransfer (replica.cc:212):   [2] Requesting state transfer: <0,131093>
20230730-160735-0000 03031 * RequestStateTransfer (replica.cc:212):   [2] Requesting state transfer: <0,131097>
20230730-160735-0001 03031 * RequestStateTransfer (replica.cc:212):   [2] Requesting state transfer: <0,131102>
20230730-160735-0002 03031 * RequestStateTransfer (replica.cc:212):   [2] Requesting state transfer: <0,131105>
20230730-160735-0003 03031 * RequestStateTransfer (replica.cc:212):   [2] Requesting state transfer: <0,131106>
20230730-160735-0004 03031 * RequestStateTransfer (replica.cc:212):   [2] Requesting state transfer: <0,131108>
20230730-160735-0004 03031 * RequestStateTransfer (replica.cc:212):   [2] Requesting state transfer: <0,131109>
20230730-160735-0006 03031 * RequestStateTransfer (replica.cc:212):   [2] Requesting state transfer: <0,131113>
20230730-160735-0007 03031 * RequestStateTransfer (replica.cc:212):   [2] Requesting state transfer: <0,131114>
20230730-160735-0253 03031 * HandleRequestStateTransfer (replica.cc:727):   [2] Sending state transfer from <0,131072> to <0,131114>
20230730-160735-0254 03031 * SendMessageInternal (udptransport.cc:442): Sending large replication.vr.proto.StateTransferMessage message in 3 fragments
20230730-160735-0354 03031 * HandleRequestStateTransfer (replica.cc:727):   [2] Sending state transfer from <0,131215> to <0,131248>
20230730-160735-0356 03031 * SendMessageInternal (udptransport.cc:442): Sending large replication.vr.proto.StateTransferMessage message in 2 fragments
20230730-160735-0362 03031 * HandleRequestStateTransfer (replica.cc:727):   [2] Sending state transfer from <0,131252> to <0,131258>
20230730-160735-2632 03031 * HandleRequestStateTransfer (replica.cc:727):   [2] Sending state transfer from <0,132961> to <0,133006>
20230730-160735-2633 03031 * SendMessageInternal (udptransport.cc:442): Sending large replication.vr.proto.StateTransferMessage message in 2 fragments
20230730-160735-2644 03031 * HandleRequestStateTransfer (replica.cc:727):   [2] Sending state transfer from <0,133006> to <0,133015>
20230730-160735-2647 03031 * HandleRequestStateTransfer (replica.cc:727):   [2] Sending state transfer from <0,133015> to <0,133019>
20230730-160735-2648 03031 * HandleRequestStateTransfer (replica.cc:727):   [2] Sending state transfer from <0,133019> to <0,133019>
20230730-160736-2856 03031 ! releaseForWrite (lockserver.cc:353): [-8587128280783381494] Releasing unheld write lock: w1790feQnorMVOWBtJnxH9lbDY3BEs9S50nYxyT9iBe3Y5G5ozbblzaNgVOruDWD
20230730-160737-3195 03031 * RequestStateTransfer (replica.cc:212):   [2] Requesting state transfer: <0,147817>
20230730-160737-3196 03031 * RequestStateTransfer (replica.cc:212):   [2] Requesting state transfer: <0,147818>
20230730-160738-9313 03031 * RequestStateTransfer (replica.cc:212):   [2] Requesting state transfer: <0,156634>
20230730-160739-2779 03031 * RequestStateTransfer (replica.cc:212):   [2] Requesting state transfer: <0,159287>
20230730-160739-2781 03031 * RequestStateTransfer (replica.cc:212):   [2] Requesting state transfer: <0,159296>
20230730-160739-3232 03031 * RequestStateTransfer (replica.cc:212):   [2] Requesting state transfer: <0,159699>
20230730-160739-3233 03031 * HandleRequestStateTransfer (replica.cc:727):   [2] Sending state transfer from <0,159699> to <0,159699>
20230730-160739-3236 03031 * RequestStateTransfer (replica.cc:212):   [2] Requesting state transfer: <0,159700>
20230730-160739-3236 03031 * HandleRequestStateTransfer (replica.cc:727):   [2] Sending state transfer from <0,159700> to <0,159700>
20230730-160739-3238 03031 * RequestStateTransfer (replica.cc:212):   [2] Requesting state transfer: <0,159703>
20230730-160739-3238 03031 * HandleRequestStateTransfer (replica.cc:727):   [2] Sending state transfer from <0,159703> to <0,159703>
20230730-160739-3240 03031 * RequestStateTransfer (replica.cc:212):   [2] Requesting state transfer: <0,159705>
20230730-160739-3241 03031 * HandleRequestStateTransfer (replica.cc:727):   [2] Sending state transfer from <0,159705> to <0,159706>
20230730-160739-3242 03031 * RequestStateTransfer (replica.cc:212):   [2] Requesting state transfer: <0,159707>
20230730-160739-3243 03031 * HandleRequestStateTransfer (replica.cc:727):   [2] Sending state transfer from <0,159707> to <0,159707>
20230730-160739-3243 03031 * RequestStateTransfer (replica.cc:212):   [2] Requesting state transfer: <0,159708>
20230730-160739-3245 03031 * HandleRequestStateTransfer (replica.cc:727):   [2] Sending state transfer from <0,159708> to <0,159708>
20230730-160740-0052 03031 * RequestStateTransfer (replica.cc:212):   [2] Requesting state transfer: <0,165148>
20230730-160740-0060 03031 * RequestStateTransfer (replica.cc:212):   [2] Requesting state transfer: <0,165178>
20230730-160740-0061 03031 * RequestStateTransfer (replica.cc:212):   [2] Requesting state transfer: <0,165181>
20230730-160740-0062 03031 * RequestStateTransfer (replica.cc:212):   [2] Requesting state transfer: <0,165182>
20230730-160740-0063 03031 * RequestStateTransfer (replica.cc:212):   [2] Requesting state transfer: <0,165183>
20230730-160741-4576 03031 * RequestStateTransfer (replica.cc:212):   [2] Requesting state transfer: <0,176635>
20230730-160741-4578 03031 * RequestStateTransfer (replica.cc:212):   [2] Requesting state transfer: <0,176636>
20230730-160741-9094 03031 ! releaseForWrite (lockserver.cc:353): [-7123789889436101456] Releasing unheld write lock: P0x8Q0BEHirsFpRjPsH2RNV8prhl0gXGzL8p6zpFYrR8PRzxqsSMFcPPSIIi6v1J
20230730-160741-9095 03031 ! releaseForRead  (lockserver.cc:293): [-7123789889436101456] Releasing unheld read lock: o4GOKP88KvJffyAiZatlOEg8wNfDSwbEQ356hLGHPrcsachVyiKeCVauKaVbmqOX
20230730-160741-9095 03031 ! releaseForRead  (lockserver.cc:293): [-7123789889436101456] Releasing unheld read lock: LFnjH4GL4Rz3rZwbQMmzM6PfexurhDVIg1oN3DJYsUsUb0UQmQfslKgpcb2tyhPl
20230730-160742-9142 03031 * RequestStateTransfer (replica.cc:212):   [2] Requesting state transfer: <0,186558>
20230730-160742-9143 03031 * HandleRequestStateTransfer (replica.cc:727):   [2] Sending state transfer from <0,186558> to <0,186558>
20230730-160743-2685 03031 ! releaseForWrite (lockserver.cc:353): [7645195587892780176] Releasing unheld write lock: AjS32mToG7nLZUa57lGvx7HjpEXyMCiQvqyUUNWlvXrFQQ3ba5lH7eMtBp1qhrzz
20230730-160743-2686 03031 ! releaseForWrite (lockserver.cc:353): [7645195587892780176] Releasing unheld write lock: g8JdKeZsthLKy3MWCQLb2G9a6RM8cF65DLNDxg568jXBrc0szPqaOHYyZyZZiOer
20230730-160743-2686 03031 ! releaseForRead  (lockserver.cc:293): [7645195587892780176] Releasing unheld read lock: mpl92aZ79AprN8TRiaUXlOMFcUWCcSjMCF7hk1WzttLJzaC7wOfaUa6hP2bWDRUy
20230730-160743-2790 03031 ! releaseForRead  (lockserver.cc:293): [-593378786729821427] Releasing unheld read lock: mpl92aZ79AprN8TRiaUXlOMFcUWCcSjMCF7hk1WzttLJzaC7wOfaUa6hP2bWDRUy
20230730-160743-2802 03031 ! releaseForWrite (lockserver.cc:353): [-7123789889436101449] Releasing unheld write lock: 45WAXQJRrPfNrWxQHGcm9pyfePdwfooZV77BVmeeur2LsuR03q9FcpMyTqxV2uhk
20230730-160743-2906 03031 ! releaseForWrite (lockserver.cc:353): [297512677653690185] Releasing unheld write lock: SawmPfzrU95GmX91WOD1DcT5PMzIsGMpSn1y1XR3YUiTSQfKegks1qzYPMK2HkB8
20230730-160743-2906 03031 ! releaseForRead  (lockserver.cc:293): [297512677653690185] Releasing unheld read lock: QYJIgVx9UJN2HgPmFhBFjqJGryAYEJuQk6NWe99DRBukf2X8NpGNFGGsPYBxmThI
20230730-160743-2906 03031 ! releaseForRead  (lockserver.cc:293): [297512677653690185] Releasing unheld read lock: 45WAXQJRrPfNrWxQHGcm9pyfePdwfooZV77BVmeeur2LsuR03q9FcpMyTqxV2uhk
20230730-160743-3118 03031 * RequestStateTransfer (replica.cc:212):   [2] Requesting state transfer: <0,189114>
20230730-160743-3119 03031 * HandleRequestStateTransfer (replica.cc:727):   [2] Sending state transfer from <0,189114> to <0,189114>
20230730-160744-3788 03031 ! releaseForWrite (lockserver.cc:353): [-7123789889436101443] Releasing unheld write lock: oCBvkaUZ04EWFpxaTCGKTt8JxduMJpkmOx6fXwMbqek4IUDYaIPDpTGeqgEJNzqR
20230730-160744-9293 03031 ! releaseForWrite (lockserver.cc:353): [-1709000333776241449] Releasing unheld write lock: A4dGffbFP8HsibHYL9GoznEhnjJzxz6DsFBDj3PgllzBl8k6fG5MKSTRYDGn08M3
20230730-160744-9293 03031 ! releaseForWrite (lockserver.cc:353): [-1709000333776241449] Releasing unheld write lock: jkzzPqcaYHhIaJyWcK8mKHi9UoUoqKwtDTjAst9JhioVAlPKBlKPWlbDrrctYL9h
20230730-160744-9293 03031 ! releaseForRead  (lockserver.cc:293): [-1709000333776241449] Releasing unheld read lock: fwVaj1VZ7nc6D9h108fVcOHKHuuhhYPKUi0sXvyIbOqZNmG2ls6bgZgZQykgE5wU
20230730-160744-9294 03031 ! releaseForRead  (lockserver.cc:293): [-1709000333776241449] Releasing unheld read lock: 6iEiWjs6Zs9iHEJuRqAbMYKRmC4aprYicyA227BycUQ6HU2gd8l104JEJar9XvoG
20230730-160745-0329 03031 ! releaseForWrite (lockserver.cc:353): [-3453931972249341542] Releasing unheld write lock: 5k86JPwpPwTixI2xGZroTRDx9yJltVxFw0ZO1N47ZYX2hbcwxbEio2ITfVO5QuQR
20230730-160745-0329 03031 ! releaseForWrite (lockserver.cc:353): [-3453931972249341542] Releasing unheld write lock: P0x8Q0BEHirsFpRjPsH2RNV8prhl0gXGzL8p6zpFYrR8PRzxqsSMFcPPSIIi6v1J
20230730-160745-3332 03031 * RequestStateTransfer (replica.cc:212):   [2] Requesting state transfer: <0,203400>
20230730-160745-3338 03031 * RequestStateTransfer (replica.cc:212):   [2] Requesting state transfer: <0,203434>
20230730-160745-3339 03031 * RequestStateTransfer (replica.cc:212):   [2] Requesting state transfer: <0,203435>
20230730-160745-3340 03031 * RequestStateTransfer (replica.cc:212):   [2] Requesting state transfer: <0,203436>
20230730-160745-3340 03031 * RequestStateTransfer (replica.cc:212):   [2] Requesting state transfer: <0,203437>
20230730-160745-4816 03031 * HandleRequestStateTransfer (replica.cc:727):   [2] Sending state transfer from <0,204743> to <0,204744>
20230730-160745-4817 03031 * HandleRequestStateTransfer (replica.cc:727):   [2] Sending state transfer from <0,204744> to <0,204744>
20230730-160745-4819 03031 * HandleRequestStateTransfer (replica.cc:727):   [2] Sending state transfer from <0,204746> to <0,204747>
20230730-160745-4820 03031 * HandleRequestStateTransfer (replica.cc:727):   [2] Sending state transfer from <0,204747> to <0,204748>
20230730-160745-4821 03031 * HandleRequestStateTransfer (replica.cc:727):   [2] Sending state transfer from <0,204748> to <0,204750>
20230730-160745-4823 03031 * HandleRequestStateTransfer (replica.cc:727):   [2] Sending state transfer from <0,204750> to <0,204751>
20230730-160745-8779 03031 ! releaseForWrite (lockserver.cc:353): [3400766752676270131] Releasing unheld write lock: zltYamTmxHst3qTV1W3XWtcfOfKiUrSa1eCFjDDnMcngWNdL8L7UuBR03QhXgXra
20230730-160746-1633 03031 ! releaseForRead  (lockserver.cc:293): [-793263567705691414] Releasing unheld read lock: 7yaQziGvhwSTtzqrplaq7ySG4ucITAl6e1YFTawOLNuuAScYZSyVA7AfEdbfKXpB
20230730-160746-1633 03031 ! releaseForRead  (lockserver.cc:293): [-793263567705691414] Releasing unheld read lock: oCBvkaUZ04EWFpxaTCGKTt8JxduMJpkmOx6fXwMbqek4IUDYaIPDpTGeqgEJNzqR
20230730-160746-1634 03031 ! releaseForRead  (lockserver.cc:293): [-793263567705691414] Releasing unheld read lock: HSYY0I5JS3chfX9ylOh9zuYOu8ExN8fuQWO3G2W2aBNVYMi1Pi9HO3mUoqZtwqbW
20230730-160746-8830 03031 ! releaseForRead  (lockserver.cc:293): [-303362743274061348] Releasing unheld read lock: oCBvkaUZ04EWFpxaTCGKTt8JxduMJpkmOx6fXwMbqek4IUDYaIPDpTGeqgEJNzqR
20230730-160746-8846 03031 ! releaseForWrite (lockserver.cc:353): [-7123789889436101436] Releasing unheld write lock: oCBvkaUZ04EWFpxaTCGKTt8JxduMJpkmOx6fXwMbqek4IUDYaIPDpTGeqgEJNzqR
20230730-160746-8846 03031 ! releaseForRead  (lockserver.cc:293): [-7123789889436101436] Releasing unheld read lock: gmuhnYfTQ0xN8JqQoo3QR9K0hI22DDmJkxuzJ4SUERdNOI19qojfPYohM1q3HmMP
20230730-160746-8888 03031 ! releaseForRead  (lockserver.cc:293): [-1883635339477601451] Releasing unheld read lock: frvH4mmfwxw5zD8KJbriQ8FGSXDOBYZRpKSvM0qkKacup6NphixobNiVfIihl8cc
20230730-160746-8889 03031 ! releaseForRead  (lockserver.cc:293): [-1883635339477601451] Releasing unheld read lock: oCBvkaUZ04EWFpxaTCGKTt8JxduMJpkmOx6fXwMbqek4IUDYaIPDpTGeqgEJNzqR
20230730-160746-8930 03031 ! releaseForWrite (lockserver.cc:353): [1233203812290330174] Releasing unheld write lock: oCBvkaUZ04EWFpxaTCGKTt8JxduMJpkmOx6fXwMbqek4IUDYaIPDpTGeqgEJNzqR
20230730-160746-8930 03031 ! releaseForWrite (lockserver.cc:353): [1233203812290330174] Releasing unheld write lock: K3DEmAUXHwkkevigGM1CUBvILxSz8s01sjiqKGMjJHwaE7QHfrH3f7dJdvrAUtRT
20230730-160746-9487 03031 ! releaseForWrite (lockserver.cc:353): [7645195587892780196] Releasing unheld write lock: A4dGffbFP8HsibHYL9GoznEhnjJzxz6DsFBDj3PgllzBl8k6fG5MKSTRYDGn08M3
20230730-160746-9487 03031 ! releaseForRead  (lockserver.cc:293): [7645195587892780196] Releasing unheld read lock: Mhhby0dQtYKUAoTtN1RgPyRS6ytzbZoHUcSVb2iiurGFpFEnjnGRO0cymixC3uOP
20230730-160747-0200 03031 * RequestStateTransfer (replica.cc:212):   [2] Requesting state transfer: <0,216229>
20230730-160747-0201 03031 * HandleRequestStateTransfer (replica.cc:727):   [2] Sending state transfer from <0,216229> to <0,216230>
20230730-160747-0201 03031 * RequestStateTransfer (replica.cc:212):   [2] Requesting state transfer: <0,216230>
20230730-160747-0202 03031 * HandleRequestStateTransfer (replica.cc:727):   [2] Sending state transfer from <0,216230> to <0,216231>
20230730-160747-0203 03031 * RequestStateTransfer (replica.cc:212):   [2] Requesting state transfer: <0,216231>
20230730-160747-0204 03031 * HandleRequestStateTransfer (replica.cc:727):   [2] Sending state transfer from <0,216231> to <0,216232>
20230730-160747-0204 03031 * RequestStateTransfer (replica.cc:212):   [2] Requesting state transfer: <0,216232>
20230730-160747-0206 03031 * HandleRequestStateTransfer (replica.cc:727):   [2] Sending state transfer from <0,216232> to <0,216232>
20230730-160747-1523 03031 ! releaseForWrite (lockserver.cc:353): [5493460089573700149] Releasing unheld write lock: e01arsKd9p2S6H2lxhB9fFMBLgiw1ZkzxS8D1KAUibrAsDtZHptjd4tpc5RBhS8y
20230730-160747-1524 03031 ! releaseForRead  (lockserver.cc:293): [5493460089573700149] Releasing unheld read lock: oCBvkaUZ04EWFpxaTCGKTt8JxduMJpkmOx6fXwMbqek4IUDYaIPDpTGeqgEJNzqR
20230730-160747-1673 03031 ! releaseForWrite (lockserver.cc:353): [-793263567705691413] Releasing unheld write lock: Mda8EIzUXoJsCuzlENYVs2LiAeHwy1GTuGt1C9QfltWaXMI01zbGAiefiGUywAZD
20230730-160747-1674 03031 ! releaseForWrite (lockserver.cc:353): [-793263567705691413] Releasing unheld write lock: AsBEistKaFd8ew5w0AfEg1TWeURWQNuWnhPjpPJkeNcXrWN7NlKoxRjoonfdygT3
20230730-160747-1674 03031 ! releaseForRead  (lockserver.cc:293): [-793263567705691413] Releasing unheld read lock: OJtKAIQb2aBCcZ2ozNQw91CmRHXUlGnG2H2749kHp5nfD7mqMUlJpMyoLEJ1FWBA
20230730-160748-1048 03031 ! releaseForRead  (lockserver.cc:293): [4469241324399000231] Releasing unheld read lock: gmuhnYfTQ0xN8JqQoo3QR9K0hI22DDmJkxuzJ4SUERdNOI19qojfPYohM1q3HmMP
20230730-160748-1049 03031 ! releaseForRead  (lockserver.cc:293): [4469241324399000231] Releasing unheld read lock: o7qfycqVSUPpw9aoHYDNvKaXEyB4NvMNPs1QpEAf28y7Nb15thsPWhgYKkWJKi3m
20230730-160748-1050 03031 ! releaseForWrite (lockserver.cc:353): [-5944086458479471388] Releasing unheld write lock: nP0QUsfIeudeGO7bme2o012MsP94h7kGsZZ8tEMiZVj3XQXeA5Hc2dZtkBnI43mn
20230730-160748-1050 03031 ! releaseForWrite (lockserver.cc:353): [-5944086458479471388] Releasing unheld write lock: gmuhnYfTQ0xN8JqQoo3QR9K0hI22DDmJkxuzJ4SUERdNOI19qojfPYohM1q3HmMP
20230730-160748-1050 03031 ! releaseForRead  (lockserver.cc:293): [-5944086458479471388] Releasing unheld read lock: wwajs55uu8u6GktYCqPKMrKV2BMKHOr4meIqkXcvXo3Ff1zkYoDXmlYMOZkgtVqe
20230730-160748-1052 03031 ! releaseForWrite (lockserver.cc:353): [-8266493555298731429] Releasing unheld write lock: gmuhnYfTQ0xN8JqQoo3QR9K0hI22DDmJkxuzJ4SUERdNOI19qojfPYohM1q3HmMP
20230730-160748-1052 03031 ! releaseForWrite (lockserver.cc:353): [-8266493555298731429] Releasing unheld write lock: PHA4Kqy8nX1xDecx1Zeywo5R94OzUYZxxjS7jEfstEvJlUL2QH3JDhsv43mdabg6
20230730-160748-1052 03031 ! releaseForWrite (lockserver.cc:353): [-8266493555298731429] Releasing unheld write lock: D6TWdxL8jfM6LZ1NutoPJYCaBqMisjQgNDu20wUyadry3Zk8qLuzlFqYQGK10ZvL
20230730-160748-9140 03031 * RequestStateTransfer (replica.cc:212):   [2] Requesting state transfer: <0,227346>
20230730-160749-0978 03031 * RequestStateTransfer (replica.cc:212):   [2] Requesting state transfer: <0,227347>
20230730-160749-3320 03031 * RequestStateTransfer (replica.cc:212):   [2] Requesting state transfer: <0,229062>
20230730-160749-3325 03031 * RequestStateTransfer (replica.cc:212):   [2] Requesting state transfer: <0,229082>
20230730-160749-4529 03031 ! releaseForRead  (lockserver.cc:293): [8514147718960270199] Releasing unheld read lock: oCBvkaUZ04EWFpxaTCGKTt8JxduMJpkmOx6fXwMbqek4IUDYaIPDpTGeqgEJNzqR
20230730-160749-6717 03031 * HandleRequestStateTransfer (replica.cc:727):   [2] Sending state transfer from <0,231566> to <0,231567>
20230730-160749-6717 03031 * HandleRequestStateTransfer (replica.cc:727):   [2] Sending state transfer from <0,231567> to <0,231567>
20230730-160749-8568 03031 ! releaseForWrite (lockserver.cc:353): [297512677653690214] Releasing unheld write lock: ZEl4tYJFWYjv9Jw3hT2TF1GWc9NrDzQM3AVoa1igfHOhMK2rJFiLwANY7rbTybuw
20230730-160749-8568 03031 ! releaseForWrite (lockserver.cc:353): [297512677653690214] Releasing unheld write lock: hY3SMnsdUd7gXVUGDtMLYe2hvr6zizq9xGtFi8Cwnk2V82DsLtaZllkdhhLDbm3X
20230730-160749-8569 03031 ! releaseForRead  (lockserver.cc:293): [297512677653690214] Releasing unheld read lock: 3fjashxw2Vdx2wnuPcLR04zpPGBGBAiy9j8hcTbrXRAXfhcl6Kjo2oJ25Twhj01Z
20230730-160749-8569 03031 ! releaseForRead  (lockserver.cc:293): [297512677653690214] Releasing unheld read lock: 5iWe8GnBlMF4ECu0DAhJtskqYyMVVwTNxcxzacn9TPryY86bgnjlNRc4nNzBcD2x
20230730-160749-8569 03031 ! releaseForRead  (lockserver.cc:293): [297512677653690214] Releasing unheld read lock: nZ7xDJwGSt1t0DI094D6oPeZRsSi0X0R8iosMGkmsp3i856Trudu1r4NP2l3k3Up
20230730-160749-9133 03031 * RequestStateTransfer (replica.cc:212):   [2] Requesting state transfer: <0,233158>
20230730-160750-8837 03031 * RequestStateTransfer (replica.cc:212):   [2] Requesting state transfer: <0,239380>
20230730-160750-8838 03031 * RequestStateTransfer (replica.cc:212):   [2] Requesting state transfer: <0,239381>
20230730-160750-8839 03031 * RequestStateTransfer (replica.cc:212):   [2] Requesting state transfer: <0,239382>
20230730-160750-8850 03031 * HandleRequestStateTransfer (replica.cc:727):   [2] Sending state transfer from <0,239380> to <0,239390>
20230730-160750-8852 03031 * HandleRequestStateTransfer (replica.cc:727):   [2] Sending state transfer from <0,239381> to <0,239392>
20230730-160750-8853 03031 * HandleRequestStateTransfer (replica.cc:727):   [2] Sending state transfer from <0,239382> to <0,239392>
20230730-160750-8854 03031 * HandleRequestStateTransfer (replica.cc:727):   [2] Sending state transfer from <0,239384> to <0,239392>
20230730-160750-8857 03031 * HandleRequestStateTransfer (replica.cc:727):   [2] Sending state transfer from <0,239392> to <0,239394>
20230730-160751-1266 03031 * RequestStateTransfer (replica.cc:212):   [2] Requesting state transfer: <0,241186>
20230730-160751-1968 03031 * RequestStateTransfer (replica.cc:212):   [2] Requesting state transfer: <0,241649>
20230730-160754-1974 03031 * RequestStateTransfer (replica.cc:212):   [2] Requesting state transfer: <0,261382>
20230730-160754-6147 03031 * RequestStateTransfer (replica.cc:212):   [2] Requesting state transfer: <0,262158>
20230730-160754-6148 03031 * RequestStateTransfer (replica.cc:212):   [2] Requesting state transfer: <0,262159>
20230730-160754-6148 03031 * RequestStateTransfer (replica.cc:212):   [2] Requesting state transfer: <0,262160>
20230730-160754-6697 03031 * HandleRequestStateTransfer (replica.cc:727):   [2] Sending state transfer from <0,262144> to <0,262160>
20230730-160754-6698 03031 * SendMessageInternal (udptransport.cc:442): Sending large replication.vr.proto.StateTransferMessage message in 2 fragments
20230730-160754-6766 03031 * HandleRequestStateTransfer (replica.cc:727):   [2] Sending state transfer from <0,262180> to <0,262212>
20230730-160754-6768 03031 * SendMessageInternal (udptransport.cc:442): Sending large replication.vr.proto.StateTransferMessage message in 2 fragments
