20230730-160716-6147 02888 ! releaseForWrite (lockserver.cc:353): [-5242285271784241615] Releasing unheld write lock: 65oGJQghNVJmx9EkEOqIS57Q20cR5JjNg3sRo5lrFaxiuCi2QIJIn7nqJ1qhB6Yk
20230730-160716-6372 02888 ! releaseForWrite (lockserver.cc:353): [-4746647845421091598] Releasing unheld write lock: 65oGJQghNVJmx9EkEOqIS57Q20cR5JjNg3sRo5lrFaxiuCi2QIJIn7nqJ1qhB6Yk
20230730-160716-6854 02888 ! releaseForRead  (lockserver.cc:293): [-1883635339477601604] Releasing unheld read lock: 65oGJQghNVJmx9EkEOqIS57Q20cR5JjNg3sRo5lrFaxiuCi2QIJIn7nqJ1qhB6Yk
20230730-160716-7917 02888 ! releaseForRead  (lockserver.cc:293): [-6063399218608471615] Releasing unheld read lock: 65oGJQghNVJmx9EkEOqIS57Q20cR5JjNg3sRo5lrFaxiuCi2QIJIn7nqJ1qhB6Yk
20230730-160716-8103 02888 ! releaseForWrite (lockserver.cc:353): [5051762475874400001] Releasing unheld write lock: 65oGJQghNVJmx9EkEOqIS57Q20cR5JjNg3sRo5lrFaxiuCi2QIJIn7nqJ1qhB6Yk
20230730-160716-8103 02888 ! releaseForRead  (lockserver.cc:293): [5051762475874400001] Releasing unheld read lock: 65oGJQghNVJmx9EkEOqIS57Q20cR5JjNg3sRo5lrFaxiuCi2QIJIn7nqJ1qhB6Yk
20230730-160717-8790 02888 ! releaseForRead  (lockserver.cc:293): [-8064486073354771613] Releasing unheld read lock: 65oGJQghNVJmx9EkEOqIS57Q20cR5JjNg3sRo5lrFaxiuCi2QIJIn7nqJ1qhB6Yk
20230730-160718-8793 02888 ! releaseForRead  (lockserver.cc:293): [6373982430719070003] Releasing unheld read lock: 65oGJQghNVJmx9EkEOqIS57Q20cR5JjNg3sRo5lrFaxiuCi2QIJIn7nqJ1qhB6Yk
20230730-160718-9894 02888 ! releaseForRead  (lockserver.cc:293): [7194513742879910082] Releasing unheld read lock: 65oGJQghNVJmx9EkEOqIS57Q20cR5JjNg3sRo5lrFaxiuCi2QIJIn7nqJ1qhB6Yk
20230730-160719-0652 02888 ! releaseForWrite (lockserver.cc:353): [-8041942175518291612] Releasing unheld write lock: 65oGJQghNVJmx9EkEOqIS57Q20cR5JjNg3sRo5lrFaxiuCi2QIJIn7nqJ1qhB6Yk
20230730-160719-0652 02888 ! releaseForRead  (lockserver.cc:293): [-8041942175518291612] Releasing unheld read lock: 65oGJQghNVJmx9EkEOqIS57Q20cR5JjNg3sRo5lrFaxiuCi2QIJIn7nqJ1qhB6Yk
20230730-160719-1622 02888 ! releaseForWrite (lockserver.cc:353): [-1353074600069721594] Releasing unheld write lock: 65oGJQghNVJmx9EkEOqIS57Q20cR5JjNg3sRo5lrFaxiuCi2QIJIn7nqJ1qhB6Yk
20230730-160719-1622 02888 ! releaseForRead  (lockserver.cc:293): [-1353074600069721594] Releasing unheld read lock: 65oGJQghNVJmx9EkEOqIS57Q20cR5JjNg3sRo5lrFaxiuCi2QIJIn7nqJ1qhB6Yk
20230730-160719-1628 02888 ! releaseForWrite (lockserver.cc:353): [-1487350023034011605] Releasing unheld write lock: 65oGJQghNVJmx9EkEOqIS57Q20cR5JjNg3sRo5lrFaxiuCi2QIJIn7nqJ1qhB6Yk
20230730-160719-1646 02888 ! releaseForWrite (lockserver.cc:353): [4931479806495690016] Releasing unheld write lock: 65oGJQghNVJmx9EkEOqIS57Q20cR5JjNg3sRo5lrFaxiuCi2QIJIn7nqJ1qhB6Yk
20230730-160719-1692 02888 ! releaseForWrite (lockserver.cc:353): [8684488449713540008] Releasing unheld write lock: 65oGJQghNVJmx9EkEOqIS57Q20cR5JjNg3sRo5lrFaxiuCi2QIJIn7nqJ1qhB6Yk
20230730-160719-1692 02888 ! releaseForRead  (lockserver.cc:293): [8684488449713540008] Releasing unheld read lock: 65oGJQghNVJmx9EkEOqIS57Q20cR5JjNg3sRo5lrFaxiuCi2QIJIn7nqJ1qhB6Yk
20230730-160719-1796 02888 ! releaseForWrite (lockserver.cc:353): [-4203968466583521583] Releasing unheld write lock: 65oGJQghNVJmx9EkEOqIS57Q20cR5JjNg3sRo5lrFaxiuCi2QIJIn7nqJ1qhB6Yk
20230730-160719-9167 02888 ! releaseForWrite (lockserver.cc:353): [2826745287411850006] Releasing unheld write lock: 65oGJQghNVJmx9EkEOqIS57Q20cR5JjNg3sRo5lrFaxiuCi2QIJIn7nqJ1qhB6Yk
20230730-160720-9506 02888 ! releaseForWrite (lockserver.cc:353): [3979450848847970007] Releasing unheld write lock: 65oGJQghNVJmx9EkEOqIS57Q20cR5JjNg3sRo5lrFaxiuCi2QIJIn7nqJ1qhB6Yk
20230730-160720-9506 02888 ! releaseForRead  (lockserver.cc:293): [3979450848847970007] Releasing unheld read lock: 65oGJQghNVJmx9EkEOqIS57Q20cR5JjNg3sRo5lrFaxiuCi2QIJIn7nqJ1qhB6Yk
20230730-160720-9516 02888 ! releaseForWrite (lockserver.cc:353): [-8279668093004431608] Releasing unheld write lock: 65oGJQghNVJmx9EkEOqIS57Q20cR5JjNg3sRo5lrFaxiuCi2QIJIn7nqJ1qhB6Yk
20230730-160720-9516 02888 ! releaseForRead  (lockserver.cc:293): [-8279668093004431608] Releasing unheld read lock: 65oGJQghNVJmx9EkEOqIS57Q20cR5JjNg3sRo5lrFaxiuCi2QIJIn7nqJ1qhB6Yk
20230730-160720-9564 02888 ! releaseForRead  (lockserver.cc:293): [1887369467421760010] Releasing unheld read lock: 65oGJQghNVJmx9EkEOqIS57Q20cR5JjNg3sRo5lrFaxiuCi2QIJIn7nqJ1qhB6Yk
20230730-160720-9690 02888 ! releaseForWrite (lockserver.cc:353): [7255450014187790007] Releasing unheld write lock: vm8o949OraqEvg2JztGtQci0qLagy4Somb3tegB3sq7ya6lmZfHPd8V0QJvQ62cY
20230730-160721-0226 02888 ! releaseForWrite (lockserver.cc:353): [-7478214036231201607] Releasing unheld write lock: 65oGJQghNVJmx9EkEOqIS57Q20cR5JjNg3sRo5lrFaxiuCi2QIJIn7nqJ1qhB6Yk
20230730-160721-0227 02888 ! releaseForRead  (lockserver.cc:293): [-7478214036231201607] Releasing unheld read lock: 65oGJQghNVJmx9EkEOqIS57Q20cR5JjNg3sRo5lrFaxiuCi2QIJIn7nqJ1qhB6Yk
20230730-160721-0233 02888 ! releaseForWrite (lockserver.cc:353): [1244883729846860009] Releasing unheld write lock: 65oGJQghNVJmx9EkEOqIS57Q20cR5JjNg3sRo5lrFaxiuCi2QIJIn7nqJ1qhB6Yk
20230730-160721-0262 02888 ! releaseForWrite (lockserver.cc:353): [5051762475874400011] Releasing unheld write lock: 65oGJQghNVJmx9EkEOqIS57Q20cR5JjNg3sRo5lrFaxiuCi2QIJIn7nqJ1qhB6Yk
20230730-160721-0296 02888 ! releaseForWrite (lockserver.cc:353): [-4827026276673031500] Releasing unheld write lock: 65oGJQghNVJmx9EkEOqIS57Q20cR5JjNg3sRo5lrFaxiuCi2QIJIn7nqJ1qhB6Yk
20230730-160721-0296 02888 ! releaseForRead  (lockserver.cc:293): [-4827026276673031500] Releasing unheld read lock: 65oGJQghNVJmx9EkEOqIS57Q20cR5JjNg3sRo5lrFaxiuCi2QIJIn7nqJ1qhB6Yk
20230730-160721-2541 02888 ! releaseForRead  (lockserver.cc:293): [3406389570097930085] Releasing unheld read lock: 65oGJQghNVJmx9EkEOqIS57Q20cR5JjNg3sRo5lrFaxiuCi2QIJIn7nqJ1qhB6Yk
20230730-160722-0034 02888 ! releaseForRead  (lockserver.cc:293): [-4747399543136701605] Releasing unheld read lock: 65oGJQghNVJmx9EkEOqIS57Q20cR5JjNg3sRo5lrFaxiuCi2QIJIn7nqJ1qhB6Yk
20230730-160722-0377 02888 ! releaseForRead  (lockserver.cc:293): [8684488449713540012] Releasing unheld read lock: 65oGJQghNVJmx9EkEOqIS57Q20cR5JjNg3sRo5lrFaxiuCi2QIJIn7nqJ1qhB6Yk
20230730-160722-0379 02888 ! releaseForWrite (lockserver.cc:353): [-4869773756312041607] Releasing unheld write lock: 65oGJQghNVJmx9EkEOqIS57Q20cR5JjNg3sRo5lrFaxiuCi2QIJIn7nqJ1qhB6Yk
20230730-160722-0379 02888 ! releaseForRead  (lockserver.cc:293): [-4869773756312041607] Releasing unheld read lock: 65oGJQghNVJmx9EkEOqIS57Q20cR5JjNg3sRo5lrFaxiuCi2QIJIn7nqJ1qhB6Yk
20230730-160722-1190 02888 ! releaseForWrite (lockserver.cc:353): [-5242285271784241604] Releasing unheld write lock: 65oGJQghNVJmx9EkEOqIS57Q20cR5JjNg3sRo5lrFaxiuCi2QIJIn7nqJ1qhB6Yk
20230730-160722-1394 02888 ! releaseForWrite (lockserver.cc:353): [3124448454063420030] Releasing unheld write lock: 65oGJQghNVJmx9EkEOqIS57Q20cR5JjNg3sRo5lrFaxiuCi2QIJIn7nqJ1qhB6Yk
20230730-160722-1399 02888 ! releaseForWrite (lockserver.cc:353): [-8266493555298731596] Releasing unheld write lock: 65oGJQghNVJmx9EkEOqIS57Q20cR5JjNg3sRo5lrFaxiuCi2QIJIn7nqJ1qhB6Yk
20230730-160722-1565 02888 ! releaseForWrite (lockserver.cc:353): [-5947072594359871597] Releasing unheld write lock: 65oGJQghNVJmx9EkEOqIS57Q20cR5JjNg3sRo5lrFaxiuCi2QIJIn7nqJ1qhB6Yk
20230730-160722-6908 02888 ! releaseForRead  (lockserver.cc:293): [4867092057835250012] Releasing unheld read lock: 65oGJQghNVJmx9EkEOqIS57Q20cR5JjNg3sRo5lrFaxiuCi2QIJIn7nqJ1qhB6Yk
20230730-160723-5164 02888 ! releaseForWrite (lockserver.cc:353): [3401479746584010013] Releasing unheld write lock: 65oGJQghNVJmx9EkEOqIS57Q20cR5JjNg3sRo5lrFaxiuCi2QIJIn7nqJ1qhB6Yk
20230730-160723-5564 02888 ! releaseForRead  (lockserver.cc:293): [-6112169038485001603] Releasing unheld read lock: 65oGJQghNVJmx9EkEOqIS57Q20cR5JjNg3sRo5lrFaxiuCi2QIJIn7nqJ1qhB6Yk
20230730-160723-8605 02888 ! releaseForWrite (lockserver.cc:353): [-6063399218608471602] Releasing unheld write lock: 65oGJQghNVJmx9EkEOqIS57Q20cR5JjNg3sRo5lrFaxiuCi2QIJIn7nqJ1qhB6Yk
20230730-160723-8758 02888 ! releaseForWrite (lockserver.cc:353): [8684488449713540014] Releasing unheld write lock: 65oGJQghNVJmx9EkEOqIS57Q20cR5JjNg3sRo5lrFaxiuCi2QIJIn7nqJ1qhB6Yk
20230730-160723-8759 02888 ! releaseForRead  (lockserver.cc:293): [8684488449713540014] Releasing unheld read lock: 65oGJQghNVJmx9EkEOqIS57Q20cR5JjNg3sRo5lrFaxiuCi2QIJIn7nqJ1qhB6Yk
20230730-160723-8765 02888 ! releaseForRead  (lockserver.cc:293): [5051762475874400014] Releasing unheld read lock: 65oGJQghNVJmx9EkEOqIS57Q20cR5JjNg3sRo5lrFaxiuCi2QIJIn7nqJ1qhB6Yk
20230730-160723-8768 02888 ! releaseForWrite (lockserver.cc:353): [-4869773756312041605] Releasing unheld write lock: 65oGJQghNVJmx9EkEOqIS57Q20cR5JjNg3sRo5lrFaxiuCi2QIJIn7nqJ1qhB6Yk
20230730-160723-8769 02888 ! releaseForRead  (lockserver.cc:293): [-4145916281122501602] Releasing unheld read lock: 65oGJQghNVJmx9EkEOqIS57Q20cR5JjNg3sRo5lrFaxiuCi2QIJIn7nqJ1qhB6Yk
20230730-160723-8770 02888 ! releaseForWrite (lockserver.cc:353): [7417061205183250016] Releasing unheld write lock: 65oGJQghNVJmx9EkEOqIS57Q20cR5JjNg3sRo5lrFaxiuCi2QIJIn7nqJ1qhB6Yk
20230730-160723-8770 02888 ! releaseForRead  (lockserver.cc:293): [7417061205183250016] Releasing unheld read lock: 65oGJQghNVJmx9EkEOqIS57Q20cR5JjNg3sRo5lrFaxiuCi2QIJIn7nqJ1qhB6Yk
20230730-160723-8838 02888 ! releaseForRead  (lockserver.cc:293): [3256218392490720011] Releasing unheld read lock: 65oGJQghNVJmx9EkEOqIS57Q20cR5JjNg3sRo5lrFaxiuCi2QIJIn7nqJ1qhB6Yk
20230730-160723-8840 02888 ! releaseForRead  (lockserver.cc:293): [-7276688816087031585] Releasing unheld read lock: 65oGJQghNVJmx9EkEOqIS57Q20cR5JjNg3sRo5lrFaxiuCi2QIJIn7nqJ1qhB6Yk
20230730-160724-3304 02888 * HandleRequestStateTransfer (replica.cc:727):   [0] Sending state transfer from <0,28689> to <0,28690>
20230730-160724-3306 02888 * HandleRequestStateTransfer (replica.cc:727):   [0] Sending state transfer from <0,28690> to <0,28692>
20230730-160724-3708 02888 ! releaseForRead  (lockserver.cc:293): [4016264199309330019] Releasing unheld read lock: 65oGJQghNVJmx9EkEOqIS57Q20cR5JjNg3sRo5lrFaxiuCi2QIJIn7nqJ1qhB6Yk
20230730-160724-3720 02888 ! releaseForWrite (lockserver.cc:353): [-1487350023034011599] Releasing unheld write lock: 65oGJQghNVJmx9EkEOqIS57Q20cR5JjNg3sRo5lrFaxiuCi2QIJIn7nqJ1qhB6Yk
20230730-160724-3787 02888 ! releaseForWrite (lockserver.cc:353): [-8041942175518291604] Releasing unheld write lock: 65oGJQghNVJmx9EkEOqIS57Q20cR5JjNg3sRo5lrFaxiuCi2QIJIn7nqJ1qhB6Yk
20230730-160724-3798 02888 ! releaseForWrite (lockserver.cc:353): [-6713310473377271604] Releasing unheld write lock: 65oGJQghNVJmx9EkEOqIS57Q20cR5JjNg3sRo5lrFaxiuCi2QIJIn7nqJ1qhB6Yk
20230730-160724-3809 02888 ! releaseForWrite (lockserver.cc:353): [2826745287411850013] Releasing unheld write lock: 65oGJQghNVJmx9EkEOqIS57Q20cR5JjNg3sRo5lrFaxiuCi2QIJIn7nqJ1qhB6Yk
20230730-160724-3955 02888 ! releaseForRead  (lockserver.cc:293): [3551068335303940037] Releasing unheld read lock: 65oGJQghNVJmx9EkEOqIS57Q20cR5JjNg3sRo5lrFaxiuCi2QIJIn7nqJ1qhB6Yk
20230730-160724-4434 02888 ! releaseForRead  (lockserver.cc:293): [-6998688089349591578] Releasing unheld read lock: 65oGJQghNVJmx9EkEOqIS57Q20cR5JjNg3sRo5lrFaxiuCi2QIJIn7nqJ1qhB6Yk
20230730-160724-4864 02888 ! releaseForWrite (lockserver.cc:353): [-5947072594359871589] Releasing unheld write lock: 65oGJQghNVJmx9EkEOqIS57Q20cR5JjNg3sRo5lrFaxiuCi2QIJIn7nqJ1qhB6Yk
20230730-160724-6052 02888 ! releaseForRead  (lockserver.cc:293): [4691371837854790014] Releasing unheld read lock: 65oGJQghNVJmx9EkEOqIS57Q20cR5JjNg3sRo5lrFaxiuCi2QIJIn7nqJ1qhB6Yk
20230730-160724-6490 02888 ! releaseForRead  (lockserver.cc:293): [-4773681216296921587] Releasing unheld read lock: 65oGJQghNVJmx9EkEOqIS57Q20cR5JjNg3sRo5lrFaxiuCi2QIJIn7nqJ1qhB6Yk
20230730-160724-7489 02888 ! releaseForWrite (lockserver.cc:353): [5642395579163170027] Releasing unheld write lock: 65oGJQghNVJmx9EkEOqIS57Q20cR5JjNg3sRo5lrFaxiuCi2QIJIn7nqJ1qhB6Yk
20230730-160724-7993 02888 ! releaseForWrite (lockserver.cc:353): [-946513676084411576] Releasing unheld write lock: 65oGJQghNVJmx9EkEOqIS57Q20cR5JjNg3sRo5lrFaxiuCi2QIJIn7nqJ1qhB6Yk
20230730-160724-8194 02888 ! releaseForWrite (lockserver.cc:353): [1233203812290330053] Releasing unheld write lock: 65oGJQghNVJmx9EkEOqIS57Q20cR5JjNg3sRo5lrFaxiuCi2QIJIn7nqJ1qhB6Yk
20230730-160724-8560 02888 ! releaseForWrite (lockserver.cc:353): [8664164138041690050] Releasing unheld write lock: 65oGJQghNVJmx9EkEOqIS57Q20cR5JjNg3sRo5lrFaxiuCi2QIJIn7nqJ1qhB6Yk
20230730-160724-8814 02888 ! releaseForRead  (lockserver.cc:293): [5051762475874400015] Releasing unheld read lock: 65oGJQghNVJmx9EkEOqIS57Q20cR5JjNg3sRo5lrFaxiuCi2QIJIn7nqJ1qhB6Yk
20230730-160724-8828 02888 ! releaseForRead  (lockserver.cc:293): [-5242285271784241601] Releasing unheld read lock: 65oGJQghNVJmx9EkEOqIS57Q20cR5JjNg3sRo5lrFaxiuCi2QIJIn7nqJ1qhB6Yk
20230730-160724-8864 02888 ! releaseForRead  (lockserver.cc:293): [-1353074600069721587] Releasing unheld read lock: 65oGJQghNVJmx9EkEOqIS57Q20cR5JjNg3sRo5lrFaxiuCi2QIJIn7nqJ1qhB6Yk
20230730-160724-9364 02888 ! releaseForRead  (lockserver.cc:293): [8684488449713540016] Releasing unheld read lock: 65oGJQghNVJmx9EkEOqIS57Q20cR5JjNg3sRo5lrFaxiuCi2QIJIn7nqJ1qhB6Yk
20230730-160725-3750 02888 ! releaseForRead  (lockserver.cc:293): [4016264199309330020] Releasing unheld read lock: 65oGJQghNVJmx9EkEOqIS57Q20cR5JjNg3sRo5lrFaxiuCi2QIJIn7nqJ1qhB6Yk
20230730-160725-3815 02888 ! releaseForRead  (lockserver.cc:293): [4867092057835250015] Releasing unheld read lock: 65oGJQghNVJmx9EkEOqIS57Q20cR5JjNg3sRo5lrFaxiuCi2QIJIn7nqJ1qhB6Yk
20230730-160725-4578 02888 ! releaseForRead  (lockserver.cc:293): [-7478214036231201601] Releasing unheld read lock: 65oGJQghNVJmx9EkEOqIS57Q20cR5JjNg3sRo5lrFaxiuCi2QIJIn7nqJ1qhB6Yk
20230730-160725-4910 02888 ! releaseForRead  (lockserver.cc:293): [8938253098044960013] Releasing unheld read lock: 65oGJQghNVJmx9EkEOqIS57Q20cR5JjNg3sRo5lrFaxiuCi2QIJIn7nqJ1qhB6Yk
20230730-160725-4981 02888 ! releaseForRead  (lockserver.cc:293): [7255450014187790012] Releasing unheld read lock: 65oGJQghNVJmx9EkEOqIS57Q20cR5JjNg3sRo5lrFaxiuCi2QIJIn7nqJ1qhB6Yk
20230730-160725-5128 02888 ! releaseForRead  (lockserver.cc:293): [-1259587508241821600] Releasing unheld read lock: 65oGJQghNVJmx9EkEOqIS57Q20cR5JjNg3sRo5lrFaxiuCi2QIJIn7nqJ1qhB6Yk
20230730-160725-5237 02888 ! releaseForWrite (lockserver.cc:353): [-6644923278141331603] Releasing unheld write lock: 65oGJQghNVJmx9EkEOqIS57Q20cR5JjNg3sRo5lrFaxiuCi2QIJIn7nqJ1qhB6Yk
20230730-160725-5264 02888 ! releaseForRead  (lockserver.cc:293): [8618445971672500047] Releasing unheld read lock: 65oGJQghNVJmx9EkEOqIS57Q20cR5JjNg3sRo5lrFaxiuCi2QIJIn7nqJ1qhB6Yk
20230730-160725-5303 02888 ! releaseForWrite (lockserver.cc:353): [7417061205183250018] Releasing unheld write lock: 65oGJQghNVJmx9EkEOqIS57Q20cR5JjNg3sRo5lrFaxiuCi2QIJIn7nqJ1qhB6Yk
20230730-160725-7475 02888 ! releaseForRead  (lockserver.cc:293): [-3625376858522741556] Releasing unheld read lock: 65oGJQghNVJmx9EkEOqIS57Q20cR5JjNg3sRo5lrFaxiuCi2QIJIn7nqJ1qhB6Yk
20230730-160725-9423 02888 ! releaseForWrite (lockserver.cc:353): [8684488449713540017] Releasing unheld write lock: 65oGJQghNVJmx9EkEOqIS57Q20cR5JjNg3sRo5lrFaxiuCi2QIJIn7nqJ1qhB6Yk
20230730-160725-9507 02888 ! releaseForRead  (lockserver.cc:293): [166984614959870016] Releasing unheld read lock: 65oGJQghNVJmx9EkEOqIS57Q20cR5JjNg3sRo5lrFaxiuCi2QIJIn7nqJ1qhB6Yk
20230730-160725-9602 02888 ! releaseForRead  (lockserver.cc:293): [2826745287411850016] Releasing unheld read lock: 65oGJQghNVJmx9EkEOqIS57Q20cR5JjNg3sRo5lrFaxiuCi2QIJIn7nqJ1qhB6Yk
20230730-160726-0408 02888 ! releaseForWrite (lockserver.cc:353): [-8027185467977361574] Releasing unheld write lock: 65oGJQghNVJmx9EkEOqIS57Q20cR5JjNg3sRo5lrFaxiuCi2QIJIn7nqJ1qhB6Yk
20230730-160726-0474 02888 ! releaseForRead  (lockserver.cc:293): [1887369467421760018] Releasing unheld read lock: 65oGJQghNVJmx9EkEOqIS57Q20cR5JjNg3sRo5lrFaxiuCi2QIJIn7nqJ1qhB6Yk
20230730-160727-5733 02888 ! releaseForRead  (lockserver.cc:293): [-2907774469083671592] Releasing unheld read lock: 65oGJQghNVJmx9EkEOqIS57Q20cR5JjNg3sRo5lrFaxiuCi2QIJIn7nqJ1qhB6Yk
20230730-160727-5787 02888 ! releaseForRead  (lockserver.cc:293): [-4827026276673031490] Releasing unheld read lock: 65oGJQghNVJmx9EkEOqIS57Q20cR5JjNg3sRo5lrFaxiuCi2QIJIn7nqJ1qhB6Yk
20230730-160728-6860 02888 ! releaseForRead  (lockserver.cc:293): [-4145916281122501595] Releasing unheld read lock: 65oGJQghNVJmx9EkEOqIS57Q20cR5JjNg3sRo5lrFaxiuCi2QIJIn7nqJ1qhB6Yk
20230730-160728-6922 02888 ! releaseForRead  (lockserver.cc:293): [-5242285271784241594] Releasing unheld read lock: 65oGJQghNVJmx9EkEOqIS57Q20cR5JjNg3sRo5lrFaxiuCi2QIJIn7nqJ1qhB6Yk
20230730-160728-6988 02888 ! releaseForWrite (lockserver.cc:353): [-8041942175518291598] Releasing unheld write lock: 65oGJQghNVJmx9EkEOqIS57Q20cR5JjNg3sRo5lrFaxiuCi2QIJIn7nqJ1qhB6Yk
20230730-160728-7011 02888 ! releaseForRead  (lockserver.cc:293): [-1629218770099311594] Releasing unheld read lock: 65oGJQghNVJmx9EkEOqIS57Q20cR5JjNg3sRo5lrFaxiuCi2QIJIn7nqJ1qhB6Yk
20230730-160728-7033 02888 ! releaseForWrite (lockserver.cc:353): [8938253098044960017] Releasing unheld write lock: 65oGJQghNVJmx9EkEOqIS57Q20cR5JjNg3sRo5lrFaxiuCi2QIJIn7nqJ1qhB6Yk
20230730-160728-7078 02888 ! releaseForWrite (lockserver.cc:353): [-2303042459568511592] Releasing unheld write lock: 65oGJQghNVJmx9EkEOqIS57Q20cR5JjNg3sRo5lrFaxiuCi2QIJIn7nqJ1qhB6Yk
20230730-160728-7201 02888 ! releaseForWrite (lockserver.cc:353): [-8064486073354771592] Releasing unheld write lock: 65oGJQghNVJmx9EkEOqIS57Q20cR5JjNg3sRo5lrFaxiuCi2QIJIn7nqJ1qhB6Yk
20230730-160728-7407 02888 ! releaseForRead  (lockserver.cc:293): [689709120469240086] Releasing unheld read lock: 65oGJQghNVJmx9EkEOqIS57Q20cR5JjNg3sRo5lrFaxiuCi2QIJIn7nqJ1qhB6Yk
20230730-160728-7739 02888 ! releaseForWrite (lockserver.cc:353): [-1359599270827211595] Releasing unheld write lock: 65oGJQghNVJmx9EkEOqIS57Q20cR5JjNg3sRo5lrFaxiuCi2QIJIn7nqJ1qhB6Yk
20230730-160728-7988 02888 ! releaseForWrite (lockserver.cc:353): [592811171175300026] Releasing unheld write lock: 65oGJQghNVJmx9EkEOqIS57Q20cR5JjNg3sRo5lrFaxiuCi2QIJIn7nqJ1qhB6Yk
20230730-160728-8255 02888 ! releaseForRead  (lockserver.cc:293): [4016264199309330025] Releasing unheld read lock: 65oGJQghNVJmx9EkEOqIS57Q20cR5JjNg3sRo5lrFaxiuCi2QIJIn7nqJ1qhB6Yk
20230730-160728-8302 02888 ! releaseForRead  (lockserver.cc:293): [7273588589129020039] Releasing unheld read lock: 65oGJQghNVJmx9EkEOqIS57Q20cR5JjNg3sRo5lrFaxiuCi2QIJIn7nqJ1qhB6Yk
20230730-160728-9402 02888 ! releaseForRead  (lockserver.cc:293): [-6063399218608471593] Releasing unheld read lock: 65oGJQghNVJmx9EkEOqIS57Q20cR5JjNg3sRo5lrFaxiuCi2QIJIn7nqJ1qhB6Yk
20230730-160728-9442 02888 ! releaseForWrite (lockserver.cc:353): [-4303807939926921497] Releasing unheld write lock: 65oGJQghNVJmx9EkEOqIS57Q20cR5JjNg3sRo5lrFaxiuCi2QIJIn7nqJ1qhB6Yk
20230730-160728-9541 02888 ! releaseForWrite (lockserver.cc:353): [3979450848847970023] Releasing unheld write lock: 65oGJQghNVJmx9EkEOqIS57Q20cR5JjNg3sRo5lrFaxiuCi2QIJIn7nqJ1qhB6Yk
20230730-160728-9541 02888 ! releaseForRead  (lockserver.cc:293): [3979450848847970023] Releasing unheld read lock: 65oGJQghNVJmx9EkEOqIS57Q20cR5JjNg3sRo5lrFaxiuCi2QIJIn7nqJ1qhB6Yk
20230730-160729-0033 02888 ! releaseForWrite (lockserver.cc:353): [-1259587508241821595] Releasing unheld write lock: 65oGJQghNVJmx9EkEOqIS57Q20cR5JjNg3sRo5lrFaxiuCi2QIJIn7nqJ1qhB6Yk
20230730-160729-0118 02888 ! releaseForRead  (lockserver.cc:293): [-7031485897644131595] Releasing unheld read lock: 65oGJQghNVJmx9EkEOqIS57Q20cR5JjNg3sRo5lrFaxiuCi2QIJIn7nqJ1qhB6Yk
20230730-160729-0176 02888 ! releaseForWrite (lockserver.cc:353): [166984614959870020] Releasing unheld write lock: 65oGJQghNVJmx9EkEOqIS57Q20cR5JjNg3sRo5lrFaxiuCi2QIJIn7nqJ1qhB6Yk
20230730-160729-0718 02888 ! releaseForRead  (lockserver.cc:293): [-789065263763681549] Releasing unheld read lock: 65oGJQghNVJmx9EkEOqIS57Q20cR5JjNg3sRo5lrFaxiuCi2QIJIn7nqJ1qhB6Yk
20230730-160729-1005 02888 ! releaseForWrite (lockserver.cc:353): [-6644923278141331598] Releasing unheld write lock: 65oGJQghNVJmx9EkEOqIS57Q20cR5JjNg3sRo5lrFaxiuCi2QIJIn7nqJ1qhB6Yk
20230730-160729-1064 02888 ! releaseForWrite (lockserver.cc:353): [7255450014187790020] Releasing unheld write lock: 65oGJQghNVJmx9EkEOqIS57Q20cR5JjNg3sRo5lrFaxiuCi2QIJIn7nqJ1qhB6Yk
20230730-160729-1409 02888 ! releaseForWrite (lockserver.cc:353): [-1357949345494201508] Releasing unheld write lock: 65oGJQghNVJmx9EkEOqIS57Q20cR5JjNg3sRo5lrFaxiuCi2QIJIn7nqJ1qhB6Yk
20230730-160729-1765 02888 ! releaseForWrite (lockserver.cc:353): [-2907774469083671590] Releasing unheld write lock: 65oGJQghNVJmx9EkEOqIS57Q20cR5JjNg3sRo5lrFaxiuCi2QIJIn7nqJ1qhB6Yk
20230730-160729-1900 02888 ! releaseForRead  (lockserver.cc:293): [1956913143270130025] Releasing unheld read lock: 65oGJQghNVJmx9EkEOqIS57Q20cR5JjNg3sRo5lrFaxiuCi2QIJIn7nqJ1qhB6Yk
20230730-160729-1920 02888 ! releaseForWrite (lockserver.cc:353): [-1353074600069721579] Releasing unheld write lock: 65oGJQghNVJmx9EkEOqIS57Q20cR5JjNg3sRo5lrFaxiuCi2QIJIn7nqJ1qhB6Yk
20230730-160729-1946 02888 ! releaseForWrite (lockserver.cc:353): [-7444005178902941579] Releasing unheld write lock: 65oGJQghNVJmx9EkEOqIS57Q20cR5JjNg3sRo5lrFaxiuCi2QIJIn7nqJ1qhB6Yk
20230730-160729-1946 02888 ! releaseForRead  (lockserver.cc:293): [-7444005178902941579] Releasing unheld read lock: 65oGJQghNVJmx9EkEOqIS57Q20cR5JjNg3sRo5lrFaxiuCi2QIJIn7nqJ1qhB6Yk
20230730-160729-1975 02888 ! releaseForWrite (lockserver.cc:353): [1887369467421760024] Releasing unheld write lock: 65oGJQghNVJmx9EkEOqIS57Q20cR5JjNg3sRo5lrFaxiuCi2QIJIn7nqJ1qhB6Yk
20230730-160729-1975 02888 ! releaseForRead  (lockserver.cc:293): [1887369467421760024] Releasing unheld read lock: 65oGJQghNVJmx9EkEOqIS57Q20cR5JjNg3sRo5lrFaxiuCi2QIJIn7nqJ1qhB6Yk
20230730-160729-2160 02888 ! releaseForRead  (lockserver.cc:293): [6373982430719070022] Releasing unheld read lock: 65oGJQghNVJmx9EkEOqIS57Q20cR5JjNg3sRo5lrFaxiuCi2QIJIn7nqJ1qhB6Yk
20230730-160729-5268 02888 ! releaseForRead  (lockserver.cc:293): [1244883729846860023] Releasing unheld read lock: 65oGJQghNVJmx9EkEOqIS57Q20cR5JjNg3sRo5lrFaxiuCi2QIJIn7nqJ1qhB6Yk
20230730-160729-6634 02888 ! releaseForRead  (lockserver.cc:293): [-2059413280162671558] Releasing unheld read lock: 65oGJQghNVJmx9EkEOqIS57Q20cR5JjNg3sRo5lrFaxiuCi2QIJIn7nqJ1qhB6Yk
20230730-160729-6901 02888 ! releaseForRead  (lockserver.cc:293): [-4145916281122501594] Releasing unheld read lock: 65oGJQghNVJmx9EkEOqIS57Q20cR5JjNg3sRo5lrFaxiuCi2QIJIn7nqJ1qhB6Yk
20230730-160729-7048 02888 ! releaseForRead  (lockserver.cc:293): [-8041942175518291597] Releasing unheld read lock: 65oGJQghNVJmx9EkEOqIS57Q20cR5JjNg3sRo5lrFaxiuCi2QIJIn7nqJ1qhB6Yk
20230730-160729-7072 02888 ! releaseForRead  (lockserver.cc:293): [8938253098044960018] Releasing unheld read lock: 65oGJQghNVJmx9EkEOqIS57Q20cR5JjNg3sRo5lrFaxiuCi2QIJIn7nqJ1qhB6Yk
20230730-160729-7108 02888 ! releaseForWrite (lockserver.cc:353): [-2303042459568511591] Releasing unheld write lock: 65oGJQghNVJmx9EkEOqIS57Q20cR5JjNg3sRo5lrFaxiuCi2QIJIn7nqJ1qhB6Yk
20230730-160729-7108 02888 ! releaseForRead  (lockserver.cc:293): [-2303042459568511591] Releasing unheld read lock: 65oGJQghNVJmx9EkEOqIS57Q20cR5JjNg3sRo5lrFaxiuCi2QIJIn7nqJ1qhB6Yk
20230730-160729-7240 02888 ! releaseForRead  (lockserver.cc:293): [-8064486073354771591] Releasing unheld read lock: 65oGJQghNVJmx9EkEOqIS57Q20cR5JjNg3sRo5lrFaxiuCi2QIJIn7nqJ1qhB6Yk
20230730-160729-7539 02888 ! releaseForRead  (lockserver.cc:293): [-636307695349231593] Releasing unheld read lock: 65oGJQghNVJmx9EkEOqIS57Q20cR5JjNg3sRo5lrFaxiuCi2QIJIn7nqJ1qhB6Yk
20230730-160729-7784 02888 ! releaseForRead  (lockserver.cc:293): [3401479746584010022] Releasing unheld read lock: 65oGJQghNVJmx9EkEOqIS57Q20cR5JjNg3sRo5lrFaxiuCi2QIJIn7nqJ1qhB6Yk
20230730-160729-8028 02888 ! releaseForWrite (lockserver.cc:353): [592811171175300027] Releasing unheld write lock: 65oGJQghNVJmx9EkEOqIS57Q20cR5JjNg3sRo5lrFaxiuCi2QIJIn7nqJ1qhB6Yk
20230730-160729-8247 02888 ! releaseForWrite (lockserver.cc:353): [224469101263480018] Releasing unheld write lock: 65oGJQghNVJmx9EkEOqIS57Q20cR5JjNg3sRo5lrFaxiuCi2QIJIn7nqJ1qhB6Yk
20230730-160729-9286 02888 ! releaseForWrite (lockserver.cc:353): [866998673105430039] Releasing unheld write lock: 65oGJQghNVJmx9EkEOqIS57Q20cR5JjNg3sRo5lrFaxiuCi2QIJIn7nqJ1qhB6Yk
20230730-160729-9286 02888 ! releaseForRead  (lockserver.cc:293): [866998673105430039] Releasing unheld read lock: nn7GC30ozmU4cN4dBhllAdggdWXGDT3e3K5arqDiLYDFxDpkAbwbSsjzPxMTB88T
20230730-160730-0293 02888 ! releaseForRead  (lockserver.cc:293): [-7031485897644131592] Releasing unheld read lock: 65oGJQghNVJmx9EkEOqIS57Q20cR5JjNg3sRo5lrFaxiuCi2QIJIn7nqJ1qhB6Yk
20230730-160730-1093 02888 ! releaseForWrite (lockserver.cc:353): [-6644923278141331596] Releasing unheld write lock: 65oGJQghNVJmx9EkEOqIS57Q20cR5JjNg3sRo5lrFaxiuCi2QIJIn7nqJ1qhB6Yk
20230730-160730-1106 02888 ! releaseForWrite (lockserver.cc:353): [7255450014187790021] Releasing unheld write lock: 65oGJQghNVJmx9EkEOqIS57Q20cR5JjNg3sRo5lrFaxiuCi2QIJIn7nqJ1qhB6Yk
20230730-160730-1198 02888 ! releaseForRead  (lockserver.cc:293): [-1629218770099311592] Releasing unheld read lock: 65oGJQghNVJmx9EkEOqIS57Q20cR5JjNg3sRo5lrFaxiuCi2QIJIn7nqJ1qhB6Yk
20230730-160730-1616 02888 ! releaseForRead  (lockserver.cc:293): [-5887980057823551545] Releasing unheld read lock: 65oGJQghNVJmx9EkEOqIS57Q20cR5JjNg3sRo5lrFaxiuCi2QIJIn7nqJ1qhB6Yk
20230730-160730-1616 02888 ! releaseForWrite (lockserver.cc:353): [1390631926199580054] Releasing unheld write lock: 65oGJQghNVJmx9EkEOqIS57Q20cR5JjNg3sRo5lrFaxiuCi2QIJIn7nqJ1qhB6Yk
20230730-160730-1619 02888 ! releaseForWrite (lockserver.cc:353): [-4833954214158681473] Releasing unheld write lock: 65oGJQghNVJmx9EkEOqIS57Q20cR5JjNg3sRo5lrFaxiuCi2QIJIn7nqJ1qhB6Yk
20230730-160730-1788 02888 ! releaseForRead  (lockserver.cc:293): [8684488449713540023] Releasing unheld read lock: 65oGJQghNVJmx9EkEOqIS57Q20cR5JjNg3sRo5lrFaxiuCi2QIJIn7nqJ1qhB6Yk
20230730-160730-1809 02888 ! releaseForRead  (lockserver.cc:293): [-2907774469083671589] Releasing unheld read lock: 65oGJQghNVJmx9EkEOqIS57Q20cR5JjNg3sRo5lrFaxiuCi2QIJIn7nqJ1qhB6Yk
20230730-160730-2032 02888 ! releaseForRead  (lockserver.cc:293): [-4827026276673031485] Releasing unheld read lock: 65oGJQghNVJmx9EkEOqIS57Q20cR5JjNg3sRo5lrFaxiuCi2QIJIn7nqJ1qhB6Yk
20230730-160730-2199 02888 ! releaseForRead  (lockserver.cc:293): [6373982430719070023] Releasing unheld read lock: 65oGJQghNVJmx9EkEOqIS57Q20cR5JjNg3sRo5lrFaxiuCi2QIJIn7nqJ1qhB6Yk
20230730-160730-3050 02888 ! releaseForRead  (lockserver.cc:293): [-4249315144679341527] Releasing unheld read lock: 65oGJQghNVJmx9EkEOqIS57Q20cR5JjNg3sRo5lrFaxiuCi2QIJIn7nqJ1qhB6Yk
20230730-160730-5323 02888 ! releaseForRead  (lockserver.cc:293): [1244883729846860024] Releasing unheld read lock: 65oGJQghNVJmx9EkEOqIS57Q20cR5JjNg3sRo5lrFaxiuCi2QIJIn7nqJ1qhB6Yk
20230730-160730-7095 02888 ! releaseForRead  (lockserver.cc:293): [-8041942175518291596] Releasing unheld read lock: 65oGJQghNVJmx9EkEOqIS57Q20cR5JjNg3sRo5lrFaxiuCi2QIJIn7nqJ1qhB6Yk
20230730-160730-7350 02888 ! releaseForRead  (lockserver.cc:293): [-7444005178902941576] Releasing unheld read lock: 65oGJQghNVJmx9EkEOqIS57Q20cR5JjNg3sRo5lrFaxiuCi2QIJIn7nqJ1qhB6Yk
20230730-160730-8680 02888 ! releaseForRead  (lockserver.cc:293): [-4145916281122501591] Releasing unheld read lock: 65oGJQghNVJmx9EkEOqIS57Q20cR5JjNg3sRo5lrFaxiuCi2QIJIn7nqJ1qhB6Yk
20230730-160730-9193 02888 ! releaseForRead  (lockserver.cc:293): [5493460089573700073] Releasing unheld read lock: 65oGJQghNVJmx9EkEOqIS57Q20cR5JjNg3sRo5lrFaxiuCi2QIJIn7nqJ1qhB6Yk
20230730-160731-1995 02888 ! releaseForRead  (lockserver.cc:293): [-6713310473377271594] Releasing unheld read lock: 65oGJQghNVJmx9EkEOqIS57Q20cR5JjNg3sRo5lrFaxiuCi2QIJIn7nqJ1qhB6Yk
20230730-160731-2052 02888 ! releaseForRead  (lockserver.cc:293): [8938253098044960021] Releasing unheld read lock: 65oGJQghNVJmx9EkEOqIS57Q20cR5JjNg3sRo5lrFaxiuCi2QIJIn7nqJ1qhB6Yk
20230730-160731-2059 02888 ! releaseForWrite (lockserver.cc:353): [-1359599270827211590] Releasing unheld write lock: 65oGJQghNVJmx9EkEOqIS57Q20cR5JjNg3sRo5lrFaxiuCi2QIJIn7nqJ1qhB6Yk
20230730-160731-2163 02888 ! releaseForRead  (lockserver.cc:293): [4768399385356150141] Releasing unheld read lock: 65oGJQghNVJmx9EkEOqIS57Q20cR5JjNg3sRo5lrFaxiuCi2QIJIn7nqJ1qhB6Yk
20230730-160731-2332 02888 ! releaseForWrite (lockserver.cc:353): [5587876445417200033] Releasing unheld write lock: 65oGJQghNVJmx9EkEOqIS57Q20cR5JjNg3sRo5lrFaxiuCi2QIJIn7nqJ1qhB6Yk
20230730-160731-2955 02888 ! releaseForWrite (lockserver.cc:353): [3979450848847970027] Releasing unheld write lock: 65oGJQghNVJmx9EkEOqIS57Q20cR5JjNg3sRo5lrFaxiuCi2QIJIn7nqJ1qhB6Yk
20230730-160731-3000 02888 ! releaseForWrite (lockserver.cc:353): [-593378786729821506] Releasing unheld write lock: 65oGJQghNVJmx9EkEOqIS57Q20cR5JjNg3sRo5lrFaxiuCi2QIJIn7nqJ1qhB6Yk
20230730-160732-2118 02888 ! releaseForRead  (lockserver.cc:293): [6373982430719070025] Releasing unheld read lock: 65oGJQghNVJmx9EkEOqIS57Q20cR5JjNg3sRo5lrFaxiuCi2QIJIn7nqJ1qhB6Yk
20230730-160732-2143 02888 ! releaseForRead  (lockserver.cc:293): [-4827026276673031483] Releasing unheld read lock: 65oGJQghNVJmx9EkEOqIS57Q20cR5JjNg3sRo5lrFaxiuCi2QIJIn7nqJ1qhB6Yk
20230730-160732-2154 02888 ! releaseForWrite (lockserver.cc:353): [-7478214036231201592] Releasing unheld write lock: 65oGJQghNVJmx9EkEOqIS57Q20cR5JjNg3sRo5lrFaxiuCi2QIJIn7nqJ1qhB6Yk
20230730-160732-2154 02888 ! releaseForRead  (lockserver.cc:293): [-7478214036231201592] Releasing unheld read lock: 65oGJQghNVJmx9EkEOqIS57Q20cR5JjNg3sRo5lrFaxiuCi2QIJIn7nqJ1qhB6Yk
20230730-160732-2161 02888 ! releaseForWrite (lockserver.cc:353): [-8279668093004431588] Releasing unheld write lock: 65oGJQghNVJmx9EkEOqIS57Q20cR5JjNg3sRo5lrFaxiuCi2QIJIn7nqJ1qhB6Yk
20230730-160732-2183 02888 ! releaseForWrite (lockserver.cc:353): [-1359599270827211588] Releasing unheld write lock: 65oGJQghNVJmx9EkEOqIS57Q20cR5JjNg3sRo5lrFaxiuCi2QIJIn7nqJ1qhB6Yk
20230730-160732-2184 02888 ! releaseForRead  (lockserver.cc:293): [-1359599270827211588] Releasing unheld read lock: 65oGJQghNVJmx9EkEOqIS57Q20cR5JjNg3sRo5lrFaxiuCi2QIJIn7nqJ1qhB6Yk
20230730-160732-2318 02888 ! releaseForRead  (lockserver.cc:293): [-636307695349231588] Releasing unheld read lock: 65oGJQghNVJmx9EkEOqIS57Q20cR5JjNg3sRo5lrFaxiuCi2QIJIn7nqJ1qhB6Yk
20230730-160732-2605 02888 ! releaseForRead  (lockserver.cc:293): [-9159665730083651585] Releasing unheld read lock: 65oGJQghNVJmx9EkEOqIS57Q20cR5JjNg3sRo5lrFaxiuCi2QIJIn7nqJ1qhB6Yk
20230730-160732-2897 02888 ! releaseForRead  (lockserver.cc:293): [250807984103240128] Releasing unheld read lock: 65oGJQghNVJmx9EkEOqIS57Q20cR5JjNg3sRo5lrFaxiuCi2QIJIn7nqJ1qhB6Yk
20230730-160732-4114 02888 ! releaseForWrite (lockserver.cc:353): [-8041942175518291593] Releasing unheld write lock: 65oGJQghNVJmx9EkEOqIS57Q20cR5JjNg3sRo5lrFaxiuCi2QIJIn7nqJ1qhB6Yk
20230730-160732-4744 02888 ! releaseForWrite (lockserver.cc:353): [5051762475874400026] Releasing unheld write lock: 65oGJQghNVJmx9EkEOqIS57Q20cR5JjNg3sRo5lrFaxiuCi2QIJIn7nqJ1qhB6Yk
20230730-160732-4813 02888 ! releaseForWrite (lockserver.cc:353): [-2303042459568511585] Releasing unheld write lock: 65oGJQghNVJmx9EkEOqIS57Q20cR5JjNg3sRo5lrFaxiuCi2QIJIn7nqJ1qhB6Yk
20230730-160732-4813 02888 ! releaseForRead  (lockserver.cc:293): [-2303042459568511585] Releasing unheld read lock: 65oGJQghNVJmx9EkEOqIS57Q20cR5JjNg3sRo5lrFaxiuCi2QIJIn7nqJ1qhB6Yk
20230730-160732-4816 02888 ! releaseForWrite (lockserver.cc:353): [592811171175300030] Releasing unheld write lock: 65oGJQghNVJmx9EkEOqIS57Q20cR5JjNg3sRo5lrFaxiuCi2QIJIn7nqJ1qhB6Yk
20230730-160732-4817 02888 ! releaseForWrite (lockserver.cc:353): [1244883729846860027] Releasing unheld write lock: VsOWJ7GSvVJMPM7rI9sHkFsPlSeklqGAniJuVIhI7yrksvHZBsOAMxJzOY2z1Br9
20230730-160732-4817 02888 ! releaseForWrite (lockserver.cc:353): [1244883729846860027] Releasing unheld write lock: 65oGJQghNVJmx9EkEOqIS57Q20cR5JjNg3sRo5lrFaxiuCi2QIJIn7nqJ1qhB6Yk
20230730-160732-4824 02888 ! releaseForRead  (lockserver.cc:293): [-5242285271784241589] Releasing unheld read lock: 65oGJQghNVJmx9EkEOqIS57Q20cR5JjNg3sRo5lrFaxiuCi2QIJIn7nqJ1qhB6Yk
20230730-160732-4825 02888 ! releaseForWrite (lockserver.cc:353): [-4869773756312041594] Releasing unheld write lock: 65oGJQghNVJmx9EkEOqIS57Q20cR5JjNg3sRo5lrFaxiuCi2QIJIn7nqJ1qhB6Yk
20230730-160732-4827 02888 ! releaseForWrite (lockserver.cc:353): [-7031485897644131589] Releasing unheld write lock: 65oGJQghNVJmx9EkEOqIS57Q20cR5JjNg3sRo5lrFaxiuCi2QIJIn7nqJ1qhB6Yk
20230730-160732-4834 02888 ! releaseForWrite (lockserver.cc:353): [-1259587508241821591] Releasing unheld write lock: 8zIzX3NKLQtIA7ws7fmak58nbBo5ioHEjt4bYcLyFxAhyMOaL334FQHy9LWS7TXM
20230730-160732-4836 02888 ! releaseForWrite (lockserver.cc:353): [8684488449713540026] Releasing unheld write lock: 65oGJQghNVJmx9EkEOqIS57Q20cR5JjNg3sRo5lrFaxiuCi2QIJIn7nqJ1qhB6Yk
20230730-160732-4841 02888 ! releaseForWrite (lockserver.cc:353): [3401479746584010026] Releasing unheld write lock: 65oGJQghNVJmx9EkEOqIS57Q20cR5JjNg3sRo5lrFaxiuCi2QIJIn7nqJ1qhB6Yk
20230730-160732-4846 02888 ! releaseForRead  (lockserver.cc:293): [-4145916281122501589] Releasing unheld read lock: 65oGJQghNVJmx9EkEOqIS57Q20cR5JjNg3sRo5lrFaxiuCi2QIJIn7nqJ1qhB6Yk
20230730-160732-4847 02888 ! releaseForWrite (lockserver.cc:353): [4016264199309330030] Releasing unheld write lock: 65oGJQghNVJmx9EkEOqIS57Q20cR5JjNg3sRo5lrFaxiuCi2QIJIn7nqJ1qhB6Yk
20230730-160732-4848 02888 ! releaseForWrite (lockserver.cc:353): [4867092057835250025] Releasing unheld write lock: 65oGJQghNVJmx9EkEOqIS57Q20cR5JjNg3sRo5lrFaxiuCi2QIJIn7nqJ1qhB6Yk
20230730-160732-5580 02888 * HandleRequestStateTransfer (replica.cc:727):   [0] Sending state transfer from <0,61082> to <0,61084>
20230730-160732-9687 02888 * HandleRequestStateTransfer (replica.cc:727):   [0] Sending state transfer from <0,62442> to <0,62445>
20230730-160732-9692 02888 * HandleRequestStateTransfer (replica.cc:727):   [0] Sending state transfer from <0,62444> to <0,62448>
20230730-160733-0084 02888 * HandleRequestStateTransfer (replica.cc:727):   [0] Sending state transfer from <0,62644> to <0,62645>
20230730-160733-0085 02888 * HandleRequestStateTransfer (replica.cc:727):   [0] Sending state transfer from <0,62644> to <0,62645>
20230730-160733-0086 02888 * HandleRequestStateTransfer (replica.cc:727):   [0] Sending state transfer from <0,62645> to <0,62646>
20230730-160733-0088 02888 * HandleRequestStateTransfer (replica.cc:727):   [0] Sending state transfer from <0,62645> to <0,62646>
20230730-160733-3452 02888 ! releaseForRead  (lockserver.cc:293): [5671080709775800051] Releasing unheld read lock: 65oGJQghNVJmx9EkEOqIS57Q20cR5JjNg3sRo5lrFaxiuCi2QIJIn7nqJ1qhB6Yk
20230730-160733-9514 02888 * HandleRequestStateTransfer (replica.cc:727):   [0] Sending state transfer from <0,65536> to <0,65566>
20230730-160733-9520 02888 * SendMessageInternal (udptransport.cc:442): Sending large replication.vr.proto.StateTransferMessage message in 2 fragments
20230730-160733-9522 02888 * HandleRequestStateTransfer (replica.cc:727):   [0] Sending state transfer from <0,65553> to <0,65566>
20230730-160733-9523 02888 * HandleRequestStateTransfer (replica.cc:727):   [0] Sending state transfer from <0,65560> to <0,65566>
20230730-160733-9524 02888 * HandleRequestStateTransfer (replica.cc:727):   [0] Sending state transfer from <0,65561> to <0,65566>
20230730-160733-9524 02888 * HandleRequestStateTransfer (replica.cc:727):   [0] Sending state transfer from <0,65565> to <0,65566>
20230730-160733-9525 02888 * HandleRequestStateTransfer (replica.cc:727):   [0] Sending state transfer from <0,65560> to <0,65566>
20230730-160733-9526 02888 * HandleRequestStateTransfer (replica.cc:727):   [0] Sending state transfer from <0,65566> to <0,65566>
20230730-160733-9526 02888 * HandleRequestStateTransfer (replica.cc:727):   [0] Sending state transfer from <0,65561> to <0,65566>
20230730-160733-9528 02888 * HandleRequestStateTransfer (replica.cc:727):   [0] Sending state transfer from <0,65565> to <0,65566>
20230730-160733-9529 02888 * HandleRequestStateTransfer (replica.cc:727):   [0] Sending state transfer from <0,65566> to <0,65566>
20230730-160734-4053 02888 ! releaseForRead  (lockserver.cc:293): [7964377278287390043] Releasing unheld read lock: 65oGJQghNVJmx9EkEOqIS57Q20cR5JjNg3sRo5lrFaxiuCi2QIJIn7nqJ1qhB6Yk
20230730-160734-4518 02888 ! releaseForRead  (lockserver.cc:293): [4767682039150690093] Releasing unheld read lock: 65oGJQghNVJmx9EkEOqIS57Q20cR5JjNg3sRo5lrFaxiuCi2QIJIn7nqJ1qhB6Yk
20230730-160734-8508 02888 * HandleRequestStateTransfer (replica.cc:727):   [0] Sending state transfer from <0,69479> to <0,69479>
20230730-160734-8509 02888 * HandleRequestStateTransfer (replica.cc:727):   [0] Sending state transfer from <0,69479> to <0,69479>
20230730-160735-1770 02888 ! releaseForWrite (lockserver.cc:353): [1956913143270130036] Releasing unheld write lock: 65oGJQghNVJmx9EkEOqIS57Q20cR5JjNg3sRo5lrFaxiuCi2QIJIn7nqJ1qhB6Yk
20230730-160736-1874 02888 ! releaseForRead  (lockserver.cc:293): [5051762475874400032] Releasing unheld read lock: 65oGJQghNVJmx9EkEOqIS57Q20cR5JjNg3sRo5lrFaxiuCi2QIJIn7nqJ1qhB6Yk
20230730-160736-2021 02888 ! releaseForWrite (lockserver.cc:353): [7417061205183250035] Releasing unheld write lock: 65oGJQghNVJmx9EkEOqIS57Q20cR5JjNg3sRo5lrFaxiuCi2QIJIn7nqJ1qhB6Yk
20230730-160736-2036 02888 ! releaseForRead  (lockserver.cc:293): [3401479746584010031] Releasing unheld read lock: 65oGJQghNVJmx9EkEOqIS57Q20cR5JjNg3sRo5lrFaxiuCi2QIJIn7nqJ1qhB6Yk
20230730-160736-2037 02888 ! releaseForWrite (lockserver.cc:353): [-6063399218608471582] Releasing unheld write lock: 65oGJQghNVJmx9EkEOqIS57Q20cR5JjNg3sRo5lrFaxiuCi2QIJIn7nqJ1qhB6Yk
20230730-160736-2048 02888 ! releaseForRead  (lockserver.cc:293): [-2907774469083671578] Releasing unheld read lock: 65oGJQghNVJmx9EkEOqIS57Q20cR5JjNg3sRo5lrFaxiuCi2QIJIn7nqJ1qhB6Yk
20230730-160736-2109 02888 ! releaseForWrite (lockserver.cc:353): [-8064486073354771583] Releasing unheld write lock: 65oGJQghNVJmx9EkEOqIS57Q20cR5JjNg3sRo5lrFaxiuCi2QIJIn7nqJ1qhB6Yk
20230730-160736-2170 02888 ! releaseForWrite (lockserver.cc:353): [-9178832414438831511] Releasing unheld write lock: 65oGJQghNVJmx9EkEOqIS57Q20cR5JjNg3sRo5lrFaxiuCi2QIJIn7nqJ1qhB6Yk
20230730-160736-2221 02888 ! releaseForWrite (lockserver.cc:353): [-1487350023034011581] Releasing unheld write lock: 65oGJQghNVJmx9EkEOqIS57Q20cR5JjNg3sRo5lrFaxiuCi2QIJIn7nqJ1qhB6Yk
20230730-160736-2221 02888 ! releaseForRead  (lockserver.cc:293): [-1487350023034011581] Releasing unheld read lock: 65oGJQghNVJmx9EkEOqIS57Q20cR5JjNg3sRo5lrFaxiuCi2QIJIn7nqJ1qhB6Yk
20230730-160736-2752 02888 ! releaseForWrite (lockserver.cc:353): [5169365877005980064] Releasing unheld write lock: 65oGJQghNVJmx9EkEOqIS57Q20cR5JjNg3sRo5lrFaxiuCi2QIJIn7nqJ1qhB6Yk
20230730-160736-2841 02888 ! releaseForRead  (lockserver.cc:293): [8684488449713540031] Releasing unheld read lock: 65oGJQghNVJmx9EkEOqIS57Q20cR5JjNg3sRo5lrFaxiuCi2QIJIn7nqJ1qhB6Yk
20230730-160736-2876 02888 ! releaseForWrite (lockserver.cc:353): [-1215933947923761549] Releasing unheld write lock: 65oGJQghNVJmx9EkEOqIS57Q20cR5JjNg3sRo5lrFaxiuCi2QIJIn7nqJ1qhB6Yk
20230730-160736-2886 02888 ! releaseForWrite (lockserver.cc:353): [431794635507010047] Releasing unheld write lock: 65oGJQghNVJmx9EkEOqIS57Q20cR5JjNg3sRo5lrFaxiuCi2QIJIn7nqJ1qhB6Yk
20230730-160738-1508 02888 ! releaseForWrite (lockserver.cc:353): [-4214014179989131527] Releasing unheld write lock: 65oGJQghNVJmx9EkEOqIS57Q20cR5JjNg3sRo5lrFaxiuCi2QIJIn7nqJ1qhB6Yk
20230730-160738-4285 02888 ! releaseForRead  (lockserver.cc:293): [-6063399218608471577] Releasing unheld read lock: 65oGJQghNVJmx9EkEOqIS57Q20cR5JjNg3sRo5lrFaxiuCi2QIJIn7nqJ1qhB6Yk
20230730-160738-4322 02888 ! releaseForRead  (lockserver.cc:293): [4691371837854790038] Releasing unheld read lock: 65oGJQghNVJmx9EkEOqIS57Q20cR5JjNg3sRo5lrFaxiuCi2QIJIn7nqJ1qhB6Yk
20230730-160738-4373 02888 ! releaseForRead  (lockserver.cc:293): [-4145916281122501579] Releasing unheld read lock: 65oGJQghNVJmx9EkEOqIS57Q20cR5JjNg3sRo5lrFaxiuCi2QIJIn7nqJ1qhB6Yk
20230730-160738-4439 02888 ! releaseForWrite (lockserver.cc:353): [4867092057835250033] Releasing unheld write lock: 65oGJQghNVJmx9EkEOqIS57Q20cR5JjNg3sRo5lrFaxiuCi2QIJIn7nqJ1qhB6Yk
20230730-160738-4440 02888 ! releaseForRead  (lockserver.cc:293): [4867092057835250033] Releasing unheld read lock: 65oGJQghNVJmx9EkEOqIS57Q20cR5JjNg3sRo5lrFaxiuCi2QIJIn7nqJ1qhB6Yk
20230730-160738-4487 02888 ! releaseForWrite (lockserver.cc:353): [-7031485897644131578] Releasing unheld write lock: 65oGJQghNVJmx9EkEOqIS57Q20cR5JjNg3sRo5lrFaxiuCi2QIJIn7nqJ1qhB6Yk
20230730-160738-5777 02888 ! releaseForWrite (lockserver.cc:353): [4016264199309330043] Releasing unheld write lock: 65oGJQghNVJmx9EkEOqIS57Q20cR5JjNg3sRo5lrFaxiuCi2QIJIn7nqJ1qhB6Yk
20230730-160738-5777 02888 ! releaseForRead  (lockserver.cc:293): [4016264199309330043] Releasing unheld read lock: 65oGJQghNVJmx9EkEOqIS57Q20cR5JjNg3sRo5lrFaxiuCi2QIJIn7nqJ1qhB6Yk
20230730-160738-6498 02888 ! releaseForWrite (lockserver.cc:353): [3683219199680490200] Releasing unheld write lock: 65oGJQghNVJmx9EkEOqIS57Q20cR5JjNg3sRo5lrFaxiuCi2QIJIn7nqJ1qhB6Yk
20230730-160738-9220 02888 ! releaseForRead  (lockserver.cc:293): [-2303042459568511572] Releasing unheld read lock: 65oGJQghNVJmx9EkEOqIS57Q20cR5JjNg3sRo5lrFaxiuCi2QIJIn7nqJ1qhB6Yk
20230730-160738-9483 02888 ! releaseForRead  (lockserver.cc:293): [7417061205183250041] Releasing unheld read lock: 65oGJQghNVJmx9EkEOqIS57Q20cR5JjNg3sRo5lrFaxiuCi2QIJIn7nqJ1qhB6Yk
20230730-160738-9895 02888 ! releaseForRead  (lockserver.cc:293): [-7602315279237141574] Releasing unheld read lock: 65oGJQghNVJmx9EkEOqIS57Q20cR5JjNg3sRo5lrFaxiuCi2QIJIn7nqJ1qhB6Yk
20230730-160739-0445 02888 ! releaseForRead  (lockserver.cc:293): [7785929724605490111] Releasing unheld read lock: 65oGJQghNVJmx9EkEOqIS57Q20cR5JjNg3sRo5lrFaxiuCi2QIJIn7nqJ1qhB6Yk
20230730-160739-5444 02888 ! releaseForWrite (lockserver.cc:353): [-2607663121244341577] Releasing unheld write lock: 65oGJQghNVJmx9EkEOqIS57Q20cR5JjNg3sRo5lrFaxiuCi2QIJIn7nqJ1qhB6Yk
20230730-160739-5444 02888 ! releaseForRead  (lockserver.cc:293): [-2607663121244341577] Releasing unheld read lock: 65oGJQghNVJmx9EkEOqIS57Q20cR5JjNg3sRo5lrFaxiuCi2QIJIn7nqJ1qhB6Yk
20230730-160739-6497 02888 ! releaseForWrite (lockserver.cc:353): [7255450014187790040] Releasing unheld write lock: 65oGJQghNVJmx9EkEOqIS57Q20cR5JjNg3sRo5lrFaxiuCi2QIJIn7nqJ1qhB6Yk
20230730-160739-7071 02888 ! releaseForWrite (lockserver.cc:353): [2826745287411850038] Releasing unheld write lock: 65oGJQghNVJmx9EkEOqIS57Q20cR5JjNg3sRo5lrFaxiuCi2QIJIn7nqJ1qhB6Yk
20230730-160739-7275 02888 ! releaseForWrite (lockserver.cc:353): [4867092057835250035] Releasing unheld write lock: 65oGJQghNVJmx9EkEOqIS57Q20cR5JjNg3sRo5lrFaxiuCi2QIJIn7nqJ1qhB6Yk
20230730-160739-7404 02888 ! releaseForRead  (lockserver.cc:293): [149937536557090149] Releasing unheld read lock: 65oGJQghNVJmx9EkEOqIS57Q20cR5JjNg3sRo5lrFaxiuCi2QIJIn7nqJ1qhB6Yk
20230730-160739-7764 02888 ! releaseForRead  (lockserver.cc:293): [-8377634216441771522] Releasing unheld read lock: 65oGJQghNVJmx9EkEOqIS57Q20cR5JjNg3sRo5lrFaxiuCi2QIJIn7nqJ1qhB6Yk
20230730-160740-1835 02888 * HandleRequestStateTransfer (replica.cc:727):   [0] Sending state transfer from <0,94799> to <0,94801>
20230730-160740-1836 02888 * HandleRequestStateTransfer (replica.cc:727):   [0] Sending state transfer from <0,94800> to <0,94801>
20230730-160740-3110 02888 ! releaseForWrite (lockserver.cc:353): [6373982430719070041] Releasing unheld write lock: 65oGJQghNVJmx9EkEOqIS57Q20cR5JjNg3sRo5lrFaxiuCi2QIJIn7nqJ1qhB6Yk
20230730-160740-3368 02888 ! releaseForRead  (lockserver.cc:293): [7760118379292100163] Releasing unheld read lock: 65oGJQghNVJmx9EkEOqIS57Q20cR5JjNg3sRo5lrFaxiuCi2QIJIn7nqJ1qhB6Yk
20230730-160740-3390 02888 ! releaseForWrite (lockserver.cc:353): [1272391936938800131] Releasing unheld write lock: 65oGJQghNVJmx9EkEOqIS57Q20cR5JjNg3sRo5lrFaxiuCi2QIJIn7nqJ1qhB6Yk
20230730-160742-1219 02888 ! releaseForRead  (lockserver.cc:293): [-4827026276673031465] Releasing unheld read lock: 65oGJQghNVJmx9EkEOqIS57Q20cR5JjNg3sRo5lrFaxiuCi2QIJIn7nqJ1qhB6Yk
20230730-160742-1588 02888 ! releaseForWrite (lockserver.cc:353): [3004746348347900118] Releasing unheld write lock: 65oGJQghNVJmx9EkEOqIS57Q20cR5JjNg3sRo5lrFaxiuCi2QIJIn7nqJ1qhB6Yk
20230730-160742-1795 02888 ! releaseForWrite (lockserver.cc:353): [-927374190692801568] Releasing unheld write lock: 65oGJQghNVJmx9EkEOqIS57Q20cR5JjNg3sRo5lrFaxiuCi2QIJIn7nqJ1qhB6Yk
20230730-160742-2455 02888 ! releaseForWrite (lockserver.cc:353): [-8064486073354771569] Releasing unheld write lock: 65oGJQghNVJmx9EkEOqIS57Q20cR5JjNg3sRo5lrFaxiuCi2QIJIn7nqJ1qhB6Yk
20230730-160742-2456 02888 ! releaseForRead  (lockserver.cc:293): [-8064486073354771569] Releasing unheld read lock: 65oGJQghNVJmx9EkEOqIS57Q20cR5JjNg3sRo5lrFaxiuCi2QIJIn7nqJ1qhB6Yk
20230730-160742-3474 02888 ! releaseForRead  (lockserver.cc:293): [-8886411195020831515] Releasing unheld read lock: 65oGJQghNVJmx9EkEOqIS57Q20cR5JjNg3sRo5lrFaxiuCi2QIJIn7nqJ1qhB6Yk
20230730-160742-4628 02888 ! releaseForWrite (lockserver.cc:353): [7255450014187790044] Releasing unheld write lock: 65oGJQghNVJmx9EkEOqIS57Q20cR5JjNg3sRo5lrFaxiuCi2QIJIn7nqJ1qhB6Yk
20230730-160742-4643 02888 ! releaseForRead  (lockserver.cc:293): [3401479746584010042] Releasing unheld read lock: 65oGJQghNVJmx9EkEOqIS57Q20cR5JjNg3sRo5lrFaxiuCi2QIJIn7nqJ1qhB6Yk
20230730-160742-4647 02888 ! releaseForWrite (lockserver.cc:353): [-2907774469083671570] Releasing unheld write lock: 65oGJQghNVJmx9EkEOqIS57Q20cR5JjNg3sRo5lrFaxiuCi2QIJIn7nqJ1qhB6Yk
20230730-160742-4663 02888 ! releaseForWrite (lockserver.cc:353): [-2303042459568511566] Releasing unheld write lock: 65oGJQghNVJmx9EkEOqIS57Q20cR5JjNg3sRo5lrFaxiuCi2QIJIn7nqJ1qhB6Yk
20230730-160742-4663 02888 ! releaseForRead  (lockserver.cc:293): [-2303042459568511566] Releasing unheld read lock: 65oGJQghNVJmx9EkEOqIS57Q20cR5JjNg3sRo5lrFaxiuCi2QIJIn7nqJ1qhB6Yk
20230730-160742-4688 02888 ! releaseForWrite (lockserver.cc:353): [-4145916281122501569] Releasing unheld write lock: 65oGJQghNVJmx9EkEOqIS57Q20cR5JjNg3sRo5lrFaxiuCi2QIJIn7nqJ1qhB6Yk
20230730-160742-4767 02888 ! releaseForWrite (lockserver.cc:353): [-7478214036231201574] Releasing unheld write lock: 65oGJQghNVJmx9EkEOqIS57Q20cR5JjNg3sRo5lrFaxiuCi2QIJIn7nqJ1qhB6Yk
20230730-160742-5542 02888 ! releaseForRead  (lockserver.cc:293): [-1259587508241821576] Releasing unheld read lock: 65oGJQghNVJmx9EkEOqIS57Q20cR5JjNg3sRo5lrFaxiuCi2QIJIn7nqJ1qhB6Yk
20230730-160742-5585 02888 ! releaseForRead  (lockserver.cc:293): [6373982430719070045] Releasing unheld read lock: 65oGJQghNVJmx9EkEOqIS57Q20cR5JjNg3sRo5lrFaxiuCi2QIJIn7nqJ1qhB6Yk
20230730-160742-5595 02888 ! releaseForWrite (lockserver.cc:353): [2826745287411850044] Releasing unheld write lock: 65oGJQghNVJmx9EkEOqIS57Q20cR5JjNg3sRo5lrFaxiuCi2QIJIn7nqJ1qhB6Yk
20230730-160742-5665 02888 ! releaseForWrite (lockserver.cc:353): [-1970042709306121568] Releasing unheld write lock: 65oGJQghNVJmx9EkEOqIS57Q20cR5JjNg3sRo5lrFaxiuCi2QIJIn7nqJ1qhB6Yk
20230730-160742-5666 02888 ! releaseForRead  (lockserver.cc:293): [-1970042709306121568] Releasing unheld read lock: 65oGJQghNVJmx9EkEOqIS57Q20cR5JjNg3sRo5lrFaxiuCi2QIJIn7nqJ1qhB6Yk
20230730-160742-7191 02888 ! releaseForWrite (lockserver.cc:353): [-4869773756312041579] Releasing unheld write lock: 65oGJQghNVJmx9EkEOqIS57Q20cR5JjNg3sRo5lrFaxiuCi2QIJIn7nqJ1qhB6Yk
20230730-160742-7484 02888 ! releaseForRead  (lockserver.cc:293): [5648853716358350128] Releasing unheld read lock: 65oGJQghNVJmx9EkEOqIS57Q20cR5JjNg3sRo5lrFaxiuCi2QIJIn7nqJ1qhB6Yk
20230730-160742-8020 02888 ! releaseForRead  (lockserver.cc:293): [50703642479900043] Releasing unheld read lock: 65oGJQghNVJmx9EkEOqIS57Q20cR5JjNg3sRo5lrFaxiuCi2QIJIn7nqJ1qhB6Yk
20230730-160742-9285 02888 ! releaseForRead  (lockserver.cc:293): [-303362743274061364] Releasing unheld read lock: 65oGJQghNVJmx9EkEOqIS57Q20cR5JjNg3sRo5lrFaxiuCi2QIJIn7nqJ1qhB6Yk
20230730-160742-9763 02888 ! releaseForRead  (lockserver.cc:293): [-8266493555298731449] Releasing unheld read lock: 65oGJQghNVJmx9EkEOqIS57Q20cR5JjNg3sRo5lrFaxiuCi2QIJIn7nqJ1qhB6Yk
20230730-160743-1481 02888 ! releaseForRead  (lockserver.cc:293): [-3051933511697101431] Releasing unheld read lock: vm8o949OraqEvg2JztGtQci0qLagy4Somb3tegB3sq7ya6lmZfHPd8V0QJvQ62cY
20230730-160743-1490 02888 ! releaseForRead  (lockserver.cc:293): [8576916556944340173] Releasing unheld read lock: 65oGJQghNVJmx9EkEOqIS57Q20cR5JjNg3sRo5lrFaxiuCi2QIJIn7nqJ1qhB6Yk
20230730-160743-2047 02888 ! releaseForRead  (lockserver.cc:293): [-2128313312505041542] Releasing unheld read lock: 65oGJQghNVJmx9EkEOqIS57Q20cR5JjNg3sRo5lrFaxiuCi2QIJIn7nqJ1qhB6Yk
20230730-160743-2074 02888 ! releaseForWrite (lockserver.cc:353): [5951989817553980159] Releasing unheld write lock: 65oGJQghNVJmx9EkEOqIS57Q20cR5JjNg3sRo5lrFaxiuCi2QIJIn7nqJ1qhB6Yk
20230730-160743-4490 02888 ! releaseForRead  (lockserver.cc:293): [-5930363796719491460] Releasing unheld read lock: 65oGJQghNVJmx9EkEOqIS57Q20cR5JjNg3sRo5lrFaxiuCi2QIJIn7nqJ1qhB6Yk
20230730-160743-4705 02888 ! releaseForWrite (lockserver.cc:353): [7255450014187790045] Releasing unheld write lock: 65oGJQghNVJmx9EkEOqIS57Q20cR5JjNg3sRo5lrFaxiuCi2QIJIn7nqJ1qhB6Yk
20230730-160743-4709 02888 ! releaseForWrite (lockserver.cc:353): [-2303042459568511565] Releasing unheld write lock: 65oGJQghNVJmx9EkEOqIS57Q20cR5JjNg3sRo5lrFaxiuCi2QIJIn7nqJ1qhB6Yk
20230730-160743-4718 02888 ! releaseForWrite (lockserver.cc:353): [-2907774469083671569] Releasing unheld write lock: 65oGJQghNVJmx9EkEOqIS57Q20cR5JjNg3sRo5lrFaxiuCi2QIJIn7nqJ1qhB6Yk
20230730-160743-4719 02888 ! releaseForRead  (lockserver.cc:293): [-2907774469083671569] Releasing unheld read lock: 65oGJQghNVJmx9EkEOqIS57Q20cR5JjNg3sRo5lrFaxiuCi2QIJIn7nqJ1qhB6Yk
20230730-160743-4721 02888 ! releaseForWrite (lockserver.cc:353): [-4145916281122501568] Releasing unheld write lock: 65oGJQghNVJmx9EkEOqIS57Q20cR5JjNg3sRo5lrFaxiuCi2QIJIn7nqJ1qhB6Yk
20230730-160743-4722 02888 ! releaseForRead  (lockserver.cc:293): [-4145916281122501568] Releasing unheld read lock: 65oGJQghNVJmx9EkEOqIS57Q20cR5JjNg3sRo5lrFaxiuCi2QIJIn7nqJ1qhB6Yk
20230730-160743-4772 02888 ! releaseForWrite (lockserver.cc:353): [-7031485897644131571] Releasing unheld write lock: 65oGJQghNVJmx9EkEOqIS57Q20cR5JjNg3sRo5lrFaxiuCi2QIJIn7nqJ1qhB6Yk
20230730-160743-4772 02888 ! releaseForRead  (lockserver.cc:293): [-7031485897644131571] Releasing unheld read lock: 65oGJQghNVJmx9EkEOqIS57Q20cR5JjNg3sRo5lrFaxiuCi2QIJIn7nqJ1qhB6Yk
20230730-160743-4797 02888 ! releaseForRead  (lockserver.cc:293): [-1357949345494201408] Releasing unheld read lock: 65oGJQghNVJmx9EkEOqIS57Q20cR5JjNg3sRo5lrFaxiuCi2QIJIn7nqJ1qhB6Yk
20230730-160743-4806 02888 ! releaseForWrite (lockserver.cc:353): [1956913143270130048] Releasing unheld write lock: 65oGJQghNVJmx9EkEOqIS57Q20cR5JjNg3sRo5lrFaxiuCi2QIJIn7nqJ1qhB6Yk
20230730-160743-4811 02888 ! releaseForWrite (lockserver.cc:353): [-7478214036231201573] Releasing unheld write lock: 65oGJQghNVJmx9EkEOqIS57Q20cR5JjNg3sRo5lrFaxiuCi2QIJIn7nqJ1qhB6Yk
20230730-160743-4835 02888 ! releaseForWrite (lockserver.cc:353): [7417061205183250051] Releasing unheld write lock: 65oGJQghNVJmx9EkEOqIS57Q20cR5JjNg3sRo5lrFaxiuCi2QIJIn7nqJ1qhB6Yk
20230730-160743-4847 02888 ! releaseForWrite (lockserver.cc:353): [3401479746584010045] Releasing unheld write lock: 65oGJQghNVJmx9EkEOqIS57Q20cR5JjNg3sRo5lrFaxiuCi2QIJIn7nqJ1qhB6Yk
20230730-160743-5592 02888 ! releaseForWrite (lockserver.cc:353): [-1259587508241821575] Releasing unheld write lock: 65oGJQghNVJmx9EkEOqIS57Q20cR5JjNg3sRo5lrFaxiuCi2QIJIn7nqJ1qhB6Yk
20230730-160743-5636 02888 ! releaseForRead  (lockserver.cc:293): [2826745287411850045] Releasing unheld read lock: 65oGJQghNVJmx9EkEOqIS57Q20cR5JjNg3sRo5lrFaxiuCi2QIJIn7nqJ1qhB6Yk
20230730-160743-5652 02888 ! releaseForWrite (lockserver.cc:353): [6373982430719070046] Releasing unheld write lock: 65oGJQghNVJmx9EkEOqIS57Q20cR5JjNg3sRo5lrFaxiuCi2QIJIn7nqJ1qhB6Yk
20230730-160744-4398 02888 ! releaseForRead  (lockserver.cc:293): [-2472896732960451406] Releasing unheld read lock: 65oGJQghNVJmx9EkEOqIS57Q20cR5JjNg3sRo5lrFaxiuCi2QIJIn7nqJ1qhB6Yk
20230730-160744-4780 02888 ! releaseForRead  (lockserver.cc:293): [-4145916281122501567] Releasing unheld read lock: 65oGJQghNVJmx9EkEOqIS57Q20cR5JjNg3sRo5lrFaxiuCi2QIJIn7nqJ1qhB6Yk
20230730-160744-4785 02888 ! releaseForRead  (lockserver.cc:293): [-2907774469083671568] Releasing unheld read lock: 65oGJQghNVJmx9EkEOqIS57Q20cR5JjNg3sRo5lrFaxiuCi2QIJIn7nqJ1qhB6Yk
20230730-160744-4810 02888 ! releaseForRead  (lockserver.cc:293): [-7031485897644131570] Releasing unheld read lock: 65oGJQghNVJmx9EkEOqIS57Q20cR5JjNg3sRo5lrFaxiuCi2QIJIn7nqJ1qhB6Yk
20230730-160744-4859 02888 ! releaseForRead  (lockserver.cc:293): [1956913143270130049] Releasing unheld read lock: 65oGJQghNVJmx9EkEOqIS57Q20cR5JjNg3sRo5lrFaxiuCi2QIJIn7nqJ1qhB6Yk
20230730-160744-4870 02888 ! releaseForWrite (lockserver.cc:353): [-7478214036231201572] Releasing unheld write lock: 65oGJQghNVJmx9EkEOqIS57Q20cR5JjNg3sRo5lrFaxiuCi2QIJIn7nqJ1qhB6Yk
20230730-160744-4889 02888 ! releaseForRead  (lockserver.cc:293): [3401479746584010046] Releasing unheld read lock: 65oGJQghNVJmx9EkEOqIS57Q20cR5JjNg3sRo5lrFaxiuCi2QIJIn7nqJ1qhB6Yk
20230730-160744-4904 02888 ! releaseForWrite (lockserver.cc:353): [8938253098044960043] Releasing unheld write lock: 65oGJQghNVJmx9EkEOqIS57Q20cR5JjNg3sRo5lrFaxiuCi2QIJIn7nqJ1qhB6Yk
20230730-160744-4948 02888 ! releaseForWrite (lockserver.cc:353): [3979450848847970047] Releasing unheld write lock: 65oGJQghNVJmx9EkEOqIS57Q20cR5JjNg3sRo5lrFaxiuCi2QIJIn7nqJ1qhB6Yk
20230730-160744-5035 02888 ! releaseForRead  (lockserver.cc:293): [7417061205183250054] Releasing unheld read lock: 65oGJQghNVJmx9EkEOqIS57Q20cR5JjNg3sRo5lrFaxiuCi2QIJIn7nqJ1qhB6Yk
20230730-160744-5064 02888 ! releaseForRead  (lockserver.cc:293): [7255450014187790048] Releasing unheld read lock: 65oGJQghNVJmx9EkEOqIS57Q20cR5JjNg3sRo5lrFaxiuCi2QIJIn7nqJ1qhB6Yk
20230730-160744-5102 02888 ! releaseForWrite (lockserver.cc:353): [-4869773756312041577] Releasing unheld write lock: 65oGJQghNVJmx9EkEOqIS57Q20cR5JjNg3sRo5lrFaxiuCi2QIJIn7nqJ1qhB6Yk
20230730-160744-5264 02888 ! releaseForWrite (lockserver.cc:353): [-2303042459568511563] Releasing unheld write lock: 65oGJQghNVJmx9EkEOqIS57Q20cR5JjNg3sRo5lrFaxiuCi2QIJIn7nqJ1qhB6Yk
20230730-160744-5289 02888 ! releaseForRead  (lockserver.cc:293): [1620687784068670139] Releasing unheld read lock: 65oGJQghNVJmx9EkEOqIS57Q20cR5JjNg3sRo5lrFaxiuCi2QIJIn7nqJ1qhB6Yk
20230730-160744-6234 02888 ! releaseForWrite (lockserver.cc:353): [2987325355880340062] Releasing unheld write lock: 65oGJQghNVJmx9EkEOqIS57Q20cR5JjNg3sRo5lrFaxiuCi2QIJIn7nqJ1qhB6Yk
20230730-160744-6238 02888 ! releaseForWrite (lockserver.cc:353): [-7202246359762721451] Releasing unheld write lock: 65oGJQghNVJmx9EkEOqIS57Q20cR5JjNg3sRo5lrFaxiuCi2QIJIn7nqJ1qhB6Yk
20230730-160744-7729 02888 ! releaseForWrite (lockserver.cc:353): [50703642479900045] Releasing unheld write lock: 65oGJQghNVJmx9EkEOqIS57Q20cR5JjNg3sRo5lrFaxiuCi2QIJIn7nqJ1qhB6Yk
20230730-160744-7729 02888 ! releaseForRead  (lockserver.cc:293): [50703642479900045] Releasing unheld read lock: 65oGJQghNVJmx9EkEOqIS57Q20cR5JjNg3sRo5lrFaxiuCi2QIJIn7nqJ1qhB6Yk
20230730-160744-7742 02888 ! releaseForRead  (lockserver.cc:293): [-7444005178902941548] Releasing unheld read lock: 65oGJQghNVJmx9EkEOqIS57Q20cR5JjNg3sRo5lrFaxiuCi2QIJIn7nqJ1qhB6Yk
20230730-160744-7788 02888 ! releaseForRead  (lockserver.cc:293): [8684488449713540044] Releasing unheld read lock: 65oGJQghNVJmx9EkEOqIS57Q20cR5JjNg3sRo5lrFaxiuCi2QIJIn7nqJ1qhB6Yk
20230730-160744-7824 02888 ! releaseForRead  (lockserver.cc:293): [-8279668093004431563] Releasing unheld read lock: 65oGJQghNVJmx9EkEOqIS57Q20cR5JjNg3sRo5lrFaxiuCi2QIJIn7nqJ1qhB6Yk
20230730-160744-7853 02888 ! releaseForRead  (lockserver.cc:293): [-4827026276673031460] Releasing unheld read lock: 65oGJQghNVJmx9EkEOqIS57Q20cR5JjNg3sRo5lrFaxiuCi2QIJIn7nqJ1qhB6Yk
20230730-160744-7987 02888 ! releaseForWrite (lockserver.cc:353): [-1487350023034011566] Releasing unheld write lock: 65oGJQghNVJmx9EkEOqIS57Q20cR5JjNg3sRo5lrFaxiuCi2QIJIn7nqJ1qhB6Yk
20230730-160744-7987 02888 ! releaseForRead  (lockserver.cc:293): [-1487350023034011566] Releasing unheld read lock: 65oGJQghNVJmx9EkEOqIS57Q20cR5JjNg3sRo5lrFaxiuCi2QIJIn7nqJ1qhB6Yk
20230730-160744-8127 02888 ! releaseForWrite (lockserver.cc:353): [4867092057835250043] Releasing unheld write lock: 65oGJQghNVJmx9EkEOqIS57Q20cR5JjNg3sRo5lrFaxiuCi2QIJIn7nqJ1qhB6Yk
20230730-160744-8178 02888 ! releaseForWrite (lockserver.cc:353): [-5242285271784241567] Releasing unheld write lock: 65oGJQghNVJmx9EkEOqIS57Q20cR5JjNg3sRo5lrFaxiuCi2QIJIn7nqJ1qhB6Yk
20230730-160744-8200 02888 ! releaseForWrite (lockserver.cc:353): [-6713310473377271568] Releasing unheld write lock: 65oGJQghNVJmx9EkEOqIS57Q20cR5JjNg3sRo5lrFaxiuCi2QIJIn7nqJ1qhB6Yk
20230730-160744-8203 02888 ! releaseForWrite (lockserver.cc:353): [5051762475874400045] Releasing unheld write lock: 65oGJQghNVJmx9EkEOqIS57Q20cR5JjNg3sRo5lrFaxiuCi2QIJIn7nqJ1qhB6Yk
20230730-160744-8317 02888 ! releaseForRead  (lockserver.cc:293): [-8064486073354771565] Releasing unheld read lock: 65oGJQghNVJmx9EkEOqIS57Q20cR5JjNg3sRo5lrFaxiuCi2QIJIn7nqJ1qhB6Yk
20230730-160744-8848 02888 ! releaseForRead  (lockserver.cc:293): [-1359599270827211563] Releasing unheld read lock: 65oGJQghNVJmx9EkEOqIS57Q20cR5JjNg3sRo5lrFaxiuCi2QIJIn7nqJ1qhB6Yk
20230730-160745-3066 02888 ! releaseForWrite (lockserver.cc:353): [-9176523317963941517] Releasing unheld write lock: 65oGJQghNVJmx9EkEOqIS57Q20cR5JjNg3sRo5lrFaxiuCi2QIJIn7nqJ1qhB6Yk
20230730-160745-4660 02888 ! releaseForRead  (lockserver.cc:293): [-3665616270863751534] Releasing unheld read lock: 65oGJQghNVJmx9EkEOqIS57Q20cR5JjNg3sRo5lrFaxiuCi2QIJIn7nqJ1qhB6Yk
20230730-160745-4816 02888 ! releaseForWrite (lockserver.cc:353): [-4145916281122501566] Releasing unheld write lock: 65oGJQghNVJmx9EkEOqIS57Q20cR5JjNg3sRo5lrFaxiuCi2QIJIn7nqJ1qhB6Yk
20230730-160745-4884 02888 ! releaseForWrite (lockserver.cc:353): [-7031485897644131569] Releasing unheld write lock: 65oGJQghNVJmx9EkEOqIS57Q20cR5JjNg3sRo5lrFaxiuCi2QIJIn7nqJ1qhB6Yk
20230730-160745-4938 02888 ! releaseForWrite (lockserver.cc:353): [3401479746584010047] Releasing unheld write lock: 65oGJQghNVJmx9EkEOqIS57Q20cR5JjNg3sRo5lrFaxiuCi2QIJIn7nqJ1qhB6Yk
20230730-160745-4963 02888 ! releaseForWrite (lockserver.cc:353): [8938253098044960044] Releasing unheld write lock: 65oGJQghNVJmx9EkEOqIS57Q20cR5JjNg3sRo5lrFaxiuCi2QIJIn7nqJ1qhB6Yk
20230730-160745-4963 02888 ! releaseForRead  (lockserver.cc:293): [8938253098044960044] Releasing unheld read lock: 65oGJQghNVJmx9EkEOqIS57Q20cR5JjNg3sRo5lrFaxiuCi2QIJIn7nqJ1qhB6Yk
20230730-160745-5142 02888 ! releaseForRead  (lockserver.cc:293): [-4869773756312041576] Releasing unheld read lock: 65oGJQghNVJmx9EkEOqIS57Q20cR5JjNg3sRo5lrFaxiuCi2QIJIn7nqJ1qhB6Yk
20230730-160745-5213 02888 ! releaseForRead  (lockserver.cc:293): [-1259587508241821573] Releasing unheld read lock: 65oGJQghNVJmx9EkEOqIS57Q20cR5JjNg3sRo5lrFaxiuCi2QIJIn7nqJ1qhB6Yk
20230730-160745-5222 02888 ! releaseForRead  (lockserver.cc:293): [4691371837854790050] Releasing unheld read lock: 65oGJQghNVJmx9EkEOqIS57Q20cR5JjNg3sRo5lrFaxiuCi2QIJIn7nqJ1qhB6Yk
20230730-160745-5281 02888 ! releaseForRead  (lockserver.cc:293): [-6063399218608471569] Releasing unheld read lock: 65oGJQghNVJmx9EkEOqIS57Q20cR5JjNg3sRo5lrFaxiuCi2QIJIn7nqJ1qhB6Yk
20230730-160745-5339 02888 ! releaseForWrite (lockserver.cc:353): [-1353074600069721546] Releasing unheld write lock: 65oGJQghNVJmx9EkEOqIS57Q20cR5JjNg3sRo5lrFaxiuCi2QIJIn7nqJ1qhB6Yk
20230730-160745-7873 02888 ! releaseForRead  (lockserver.cc:293): [-8279668093004431562] Releasing unheld read lock: 65oGJQghNVJmx9EkEOqIS57Q20cR5JjNg3sRo5lrFaxiuCi2QIJIn7nqJ1qhB6Yk
20230730-160745-7896 02888 ! releaseForWrite (lockserver.cc:353): [4016264199309330053] Releasing unheld write lock: 65oGJQghNVJmx9EkEOqIS57Q20cR5JjNg3sRo5lrFaxiuCi2QIJIn7nqJ1qhB6Yk
20230730-160745-7903 02888 ! releaseForWrite (lockserver.cc:353): [-4827026276673031459] Releasing unheld write lock: 65oGJQghNVJmx9EkEOqIS57Q20cR5JjNg3sRo5lrFaxiuCi2QIJIn7nqJ1qhB6Yk
20230730-160745-7929 02888 ! releaseForRead  (lockserver.cc:293): [-7444005178902941545] Releasing unheld read lock: 65oGJQghNVJmx9EkEOqIS57Q20cR5JjNg3sRo5lrFaxiuCi2QIJIn7nqJ1qhB6Yk
20230730-160745-7951 02888 ! releaseForWrite (lockserver.cc:353): [2826745287411850048] Releasing unheld write lock: 65oGJQghNVJmx9EkEOqIS57Q20cR5JjNg3sRo5lrFaxiuCi2QIJIn7nqJ1qhB6Yk
20230730-160745-7951 02888 ! releaseForRead  (lockserver.cc:293): [2826745287411850048] Releasing unheld read lock: 65oGJQghNVJmx9EkEOqIS57Q20cR5JjNg3sRo5lrFaxiuCi2QIJIn7nqJ1qhB6Yk
20230730-160745-7983 02888 ! releaseForRead  (lockserver.cc:293): [-2907774469083671566] Releasing unheld read lock: 65oGJQghNVJmx9EkEOqIS57Q20cR5JjNg3sRo5lrFaxiuCi2QIJIn7nqJ1qhB6Yk
20230730-160745-8028 02888 ! releaseForWrite (lockserver.cc:353): [-1487350023034011565] Releasing unheld write lock: 65oGJQghNVJmx9EkEOqIS57Q20cR5JjNg3sRo5lrFaxiuCi2QIJIn7nqJ1qhB6Yk
20230730-160745-8035 02888 ! releaseForWrite (lockserver.cc:353): [-7478214036231201570] Releasing unheld write lock: 65oGJQghNVJmx9EkEOqIS57Q20cR5JjNg3sRo5lrFaxiuCi2QIJIn7nqJ1qhB6Yk
20230730-160745-8048 02888 ! releaseForWrite (lockserver.cc:353): [-6644923278141331570] Releasing unheld write lock: 65oGJQghNVJmx9EkEOqIS57Q20cR5JjNg3sRo5lrFaxiuCi2QIJIn7nqJ1qhB6Yk
20230730-160745-8069 02888 ! releaseForRead  (lockserver.cc:293): [1887369467421760048] Releasing unheld read lock: 65oGJQghNVJmx9EkEOqIS57Q20cR5JjNg3sRo5lrFaxiuCi2QIJIn7nqJ1qhB6Yk
20230730-160745-8144 02888 ! releaseForWrite (lockserver.cc:353): [-636307695349231563] Releasing unheld write lock: 65oGJQghNVJmx9EkEOqIS57Q20cR5JjNg3sRo5lrFaxiuCi2QIJIn7nqJ1qhB6Yk
20230730-160745-8236 02888 ! releaseForWrite (lockserver.cc:353): [-5242285271784241566] Releasing unheld write lock: 65oGJQghNVJmx9EkEOqIS57Q20cR5JjNg3sRo5lrFaxiuCi2QIJIn7nqJ1qhB6Yk
20230730-160745-8237 02888 ! releaseForRead  (lockserver.cc:293): [-5242285271784241566] Releasing unheld read lock: 65oGJQghNVJmx9EkEOqIS57Q20cR5JjNg3sRo5lrFaxiuCi2QIJIn7nqJ1qhB6Yk
20230730-160745-8250 02888 ! releaseForWrite (lockserver.cc:353): [5051762475874400046] Releasing unheld write lock: 65oGJQghNVJmx9EkEOqIS57Q20cR5JjNg3sRo5lrFaxiuCi2QIJIn7nqJ1qhB6Yk
20230730-160745-8337 02888 ! releaseForRead  (lockserver.cc:293): [1244883729846860053] Releasing unheld read lock: 65oGJQghNVJmx9EkEOqIS57Q20cR5JjNg3sRo5lrFaxiuCi2QIJIn7nqJ1qhB6Yk
20230730-160745-8344 02888 ! releaseForWrite (lockserver.cc:353): [-8041942175518291575] Releasing unheld write lock: 65oGJQghNVJmx9EkEOqIS57Q20cR5JjNg3sRo5lrFaxiuCi2QIJIn7nqJ1qhB6Yk
20230730-160745-8389 02888 ! releaseForWrite (lockserver.cc:353): [-1970042709306121561] Releasing unheld write lock: 65oGJQghNVJmx9EkEOqIS57Q20cR5JjNg3sRo5lrFaxiuCi2QIJIn7nqJ1qhB6Yk
20230730-160745-8446 02888 ! releaseForRead  (lockserver.cc:293): [7417061205183250056] Releasing unheld read lock: 65oGJQghNVJmx9EkEOqIS57Q20cR5JjNg3sRo5lrFaxiuCi2QIJIn7nqJ1qhB6Yk
20230730-160745-8480 02888 ! releaseForWrite (lockserver.cc:353): [3979450848847970049] Releasing unheld write lock: 65oGJQghNVJmx9EkEOqIS57Q20cR5JjNg3sRo5lrFaxiuCi2QIJIn7nqJ1qhB6Yk
20230730-160745-8480 02888 ! releaseForRead  (lockserver.cc:293): [3979450848847970049] Releasing unheld read lock: 65oGJQghNVJmx9EkEOqIS57Q20cR5JjNg3sRo5lrFaxiuCi2QIJIn7nqJ1qhB6Yk
20230730-160746-1666 02888 ! releaseForRead  (lockserver.cc:293): [-8377634216441771503] Releasing unheld read lock: 65oGJQghNVJmx9EkEOqIS57Q20cR5JjNg3sRo5lrFaxiuCi2QIJIn7nqJ1qhB6Yk
20230730-160746-3486 02888 ! releaseForRead  (lockserver.cc:293): [1620687784068670144] Releasing unheld read lock: 65oGJQghNVJmx9EkEOqIS57Q20cR5JjNg3sRo5lrFaxiuCi2QIJIn7nqJ1qhB6Yk
20230730-160746-3621 02888 ! releaseForRead  (lockserver.cc:293): [-6998688089349591482] Releasing unheld read lock: 65oGJQghNVJmx9EkEOqIS57Q20cR5JjNg3sRo5lrFaxiuCi2QIJIn7nqJ1qhB6Yk
20230730-160746-4845 02888 ! releaseForWrite (lockserver.cc:353): [-4145916281122501565] Releasing unheld write lock: 65oGJQghNVJmx9EkEOqIS57Q20cR5JjNg3sRo5lrFaxiuCi2QIJIn7nqJ1qhB6Yk
20230730-160746-4935 02888 ! releaseForRead  (lockserver.cc:293): [-7031485897644131568] Releasing unheld read lock: 65oGJQghNVJmx9EkEOqIS57Q20cR5JjNg3sRo5lrFaxiuCi2QIJIn7nqJ1qhB6Yk
20230730-160746-4970 02888 ! releaseForWrite (lockserver.cc:353): [3401479746584010048] Releasing unheld write lock: 5kxUsZABJyZIjrsqYMtjEXNORlkZhVTdAr5Bt87YeYJV3lMZeHPIc5BKGHKwgkA9
20230730-160746-4970 02888 ! releaseForWrite (lockserver.cc:353): [3401479746584010048] Releasing unheld write lock: 65oGJQghNVJmx9EkEOqIS57Q20cR5JjNg3sRo5lrFaxiuCi2QIJIn7nqJ1qhB6Yk
20230730-160746-4978 02888 * HandleRequestStateTransfer (replica.cc:727):   [0] Sending state transfer from <0,118552> to <0,118552>
20230730-160746-4978 02888 * HandleRequestStateTransfer (replica.cc:727):   [0] Sending state transfer from <0,118552> to <0,118552>
20230730-160746-5025 02888 ! releaseForWrite (lockserver.cc:353): [8938253098044960045] Releasing unheld write lock: 65oGJQghNVJmx9EkEOqIS57Q20cR5JjNg3sRo5lrFaxiuCi2QIJIn7nqJ1qhB6Yk
20230730-160746-5025 02888 ! releaseForRead  (lockserver.cc:293): [8938253098044960045] Releasing unheld read lock: 65oGJQghNVJmx9EkEOqIS57Q20cR5JjNg3sRo5lrFaxiuCi2QIJIn7nqJ1qhB6Yk
20230730-160746-5194 02888 ! releaseForWrite (lockserver.cc:353): [-4869773756312041575] Releasing unheld write lock: 65oGJQghNVJmx9EkEOqIS57Q20cR5JjNg3sRo5lrFaxiuCi2QIJIn7nqJ1qhB6Yk
20230730-160746-5194 02888 ! releaseForRead  (lockserver.cc:293): [-4869773756312041575] Releasing unheld read lock: 65oGJQghNVJmx9EkEOqIS57Q20cR5JjNg3sRo5lrFaxiuCi2QIJIn7nqJ1qhB6Yk
20230730-160746-5329 02888 ! releaseForRead  (lockserver.cc:293): [-1259587508241821571] Releasing unheld read lock: 65oGJQghNVJmx9EkEOqIS57Q20cR5JjNg3sRo5lrFaxiuCi2QIJIn7nqJ1qhB6Yk
20230730-160746-5511 02888 ! releaseForWrite (lockserver.cc:353): [-1353074600069721543] Releasing unheld write lock: 65oGJQghNVJmx9EkEOqIS57Q20cR5JjNg3sRo5lrFaxiuCi2QIJIn7nqJ1qhB6Yk
20230730-160746-7882 02888 ! releaseForWrite (lockserver.cc:353): [50703642479900048] Releasing unheld write lock: 65oGJQghNVJmx9EkEOqIS57Q20cR5JjNg3sRo5lrFaxiuCi2QIJIn7nqJ1qhB6Yk
20230730-160746-7892 02888 ! releaseForRead  (lockserver.cc:293): [-8279668093004431561] Releasing unheld read lock: 65oGJQghNVJmx9EkEOqIS57Q20cR5JjNg3sRo5lrFaxiuCi2QIJIn7nqJ1qhB6Yk
20230730-160746-8028 02888 ! releaseForRead  (lockserver.cc:293): [-2907774469083671565] Releasing unheld read lock: 65oGJQghNVJmx9EkEOqIS57Q20cR5JjNg3sRo5lrFaxiuCi2QIJIn7nqJ1qhB6Yk
20230730-160746-8067 02888 ! releaseForRead  (lockserver.cc:293): [-1487350023034011564] Releasing unheld read lock: 65oGJQghNVJmx9EkEOqIS57Q20cR5JjNg3sRo5lrFaxiuCi2QIJIn7nqJ1qhB6Yk
20230730-160746-8088 02888 ! releaseForWrite (lockserver.cc:353): [-7478214036231201569] Releasing unheld write lock: 65oGJQghNVJmx9EkEOqIS57Q20cR5JjNg3sRo5lrFaxiuCi2QIJIn7nqJ1qhB6Yk
20230730-160746-8125 02888 ! releaseForRead  (lockserver.cc:293): [1887369467421760049] Releasing unheld read lock: 65oGJQghNVJmx9EkEOqIS57Q20cR5JjNg3sRo5lrFaxiuCi2QIJIn7nqJ1qhB6Yk
20230730-160746-8175 02888 ! releaseForWrite (lockserver.cc:353): [2826745287411850052] Releasing unheld write lock: 65oGJQghNVJmx9EkEOqIS57Q20cR5JjNg3sRo5lrFaxiuCi2QIJIn7nqJ1qhB6Yk
20230730-160746-8278 02888 ! releaseForWrite (lockserver.cc:353): [-5242285271784241565] Releasing unheld write lock: 65oGJQghNVJmx9EkEOqIS57Q20cR5JjNg3sRo5lrFaxiuCi2QIJIn7nqJ1qhB6Yk
20230730-160746-8383 02888 ! releaseForWrite (lockserver.cc:353): [-8041942175518291574] Releasing unheld write lock: 65oGJQghNVJmx9EkEOqIS57Q20cR5JjNg3sRo5lrFaxiuCi2QIJIn7nqJ1qhB6Yk
20230730-160746-8415 02888 ! releaseForWrite (lockserver.cc:353): [1244883729846860055] Releasing unheld write lock: 65oGJQghNVJmx9EkEOqIS57Q20cR5JjNg3sRo5lrFaxiuCi2QIJIn7nqJ1qhB6Yk
20230730-160746-8442 02888 ! releaseForWrite (lockserver.cc:353): [-1359599270827211560] Releasing unheld write lock: 65oGJQghNVJmx9EkEOqIS57Q20cR5JjNg3sRo5lrFaxiuCi2QIJIn7nqJ1qhB6Yk
20230730-160746-8505 02888 ! releaseForWrite (lockserver.cc:353): [5051762475874400048] Releasing unheld write lock: 65oGJQghNVJmx9EkEOqIS57Q20cR5JjNg3sRo5lrFaxiuCi2QIJIn7nqJ1qhB6Yk
20230730-160746-8510 02888 ! releaseForRead  (lockserver.cc:293): [-2303042459568511561] Releasing unheld read lock: 65oGJQghNVJmx9EkEOqIS57Q20cR5JjNg3sRo5lrFaxiuCi2QIJIn7nqJ1qhB6Yk
20230730-160746-8533 02888 ! releaseForRead  (lockserver.cc:293): [3979450848847970050] Releasing unheld read lock: 65oGJQghNVJmx9EkEOqIS57Q20cR5JjNg3sRo5lrFaxiuCi2QIJIn7nqJ1qhB6Yk
20230730-160746-8565 02888 ! releaseForWrite (lockserver.cc:353): [7417061205183250058] Releasing unheld write lock: 65oGJQghNVJmx9EkEOqIS57Q20cR5JjNg3sRo5lrFaxiuCi2QIJIn7nqJ1qhB6Yk
20230730-160746-8611 02888 ! releaseForRead  (lockserver.cc:293): [4691371837854790053] Releasing unheld read lock: 65oGJQghNVJmx9EkEOqIS57Q20cR5JjNg3sRo5lrFaxiuCi2QIJIn7nqJ1qhB6Yk
20230730-160746-8702 02888 ! releaseForWrite (lockserver.cc:353): [-8064486073354771559] Releasing unheld write lock: 65oGJQghNVJmx9EkEOqIS57Q20cR5JjNg3sRo5lrFaxiuCi2QIJIn7nqJ1qhB6Yk
20230730-160747-0159 02888 ! releaseForWrite (lockserver.cc:353): [-2357029018595561489] Releasing unheld write lock: 65oGJQghNVJmx9EkEOqIS57Q20cR5JjNg3sRo5lrFaxiuCi2QIJIn7nqJ1qhB6Yk
20230730-160747-0172 02888 ! releaseForWrite (lockserver.cc:353): [879350722524650152] Releasing unheld write lock: 65oGJQghNVJmx9EkEOqIS57Q20cR5JjNg3sRo5lrFaxiuCi2QIJIn7nqJ1qhB6Yk
20230730-160747-0433 02888 ! releaseForWrite (lockserver.cc:353): [5266598512233180054] Releasing unheld write lock: 65oGJQghNVJmx9EkEOqIS57Q20cR5JjNg3sRo5lrFaxiuCi2QIJIn7nqJ1qhB6Yk
20230730-160747-1744 02888 ! releaseForWrite (lockserver.cc:353): [1136504265377010106] Releasing unheld write lock: DWISBjftSzlPDyORTLSjyVWU2oXWMOABVHJQkXsvcbAwVFV13yQIQqxEJfuKm7aj
20230730-160747-1750 02888 ! releaseForRead  (lockserver.cc:293): [7964377278287390070] Releasing unheld read lock: 5kxUsZABJyZIjrsqYMtjEXNORlkZhVTdAr5Bt87YeYJV3lMZeHPIc5BKGHKwgkA9
20230730-160747-1788 02888 ! releaseForRead  (lockserver.cc:293): [1708002488085540173] Releasing unheld read lock: 65oGJQghNVJmx9EkEOqIS57Q20cR5JjNg3sRo5lrFaxiuCi2QIJIn7nqJ1qhB6Yk
20230730-160747-3493 02888 ! releaseForRead  (lockserver.cc:293): [-945918556619181472] Releasing unheld read lock: 65oGJQghNVJmx9EkEOqIS57Q20cR5JjNg3sRo5lrFaxiuCi2QIJIn7nqJ1qhB6Yk
20230730-160747-5047 02888 ! releaseForRead  (lockserver.cc:293): [-1629218770099311564] Releasing unheld read lock: 65oGJQghNVJmx9EkEOqIS57Q20cR5JjNg3sRo5lrFaxiuCi2QIJIn7nqJ1qhB6Yk
20230730-160747-5068 02888 ! releaseForRead  (lockserver.cc:293): [-6713310473377271563] Releasing unheld read lock: 65oGJQghNVJmx9EkEOqIS57Q20cR5JjNg3sRo5lrFaxiuCi2QIJIn7nqJ1qhB6Yk
20230730-160747-5236 02888 ! releaseForRead  (lockserver.cc:293): [-4869773756312041574] Releasing unheld read lock: 65oGJQghNVJmx9EkEOqIS57Q20cR5JjNg3sRo5lrFaxiuCi2QIJIn7nqJ1qhB6Yk
20230730-160747-5625 02888 ! releaseForRead  (lockserver.cc:293): [-1353074600069721541] Releasing unheld read lock: 65oGJQghNVJmx9EkEOqIS57Q20cR5JjNg3sRo5lrFaxiuCi2QIJIn7nqJ1qhB6Yk
20230730-160747-7930 02888 ! releaseForRead  (lockserver.cc:293): [50703642479900049] Releasing unheld read lock: 65oGJQghNVJmx9EkEOqIS57Q20cR5JjNg3sRo5lrFaxiuCi2QIJIn7nqJ1qhB6Yk
20230730-160747-7957 02888 ! releaseForRead  (lockserver.cc:293): [-8279668093004431560] Releasing unheld read lock: 65oGJQghNVJmx9EkEOqIS57Q20cR5JjNg3sRo5lrFaxiuCi2QIJIn7nqJ1qhB6Yk
20230730-160747-8124 02888 ! releaseForRead  (lockserver.cc:293): [-7478214036231201568] Releasing unheld read lock: 65oGJQghNVJmx9EkEOqIS57Q20cR5JjNg3sRo5lrFaxiuCi2QIJIn7nqJ1qhB6Yk
20230730-160747-8477 02888 ! releaseForRead  (lockserver.cc:293): [-6644923278141331566] Releasing unheld read lock: 65oGJQghNVJmx9EkEOqIS57Q20cR5JjNg3sRo5lrFaxiuCi2QIJIn7nqJ1qhB6Yk
20230730-160747-8511 02888 ! releaseForRead  (lockserver.cc:293): [-1259587508241821569] Releasing unheld read lock: 65oGJQghNVJmx9EkEOqIS57Q20cR5JjNg3sRo5lrFaxiuCi2QIJIn7nqJ1qhB6Yk
20230730-160748-1926 02888 ! releaseForRead  (lockserver.cc:293): [3401479746584010050] Releasing unheld read lock: 65oGJQghNVJmx9EkEOqIS57Q20cR5JjNg3sRo5lrFaxiuCi2QIJIn7nqJ1qhB6Yk
20230730-160748-2377 02888 ! releaseForWrite (lockserver.cc:353): [7645195587892780202] Releasing unheld write lock: 65oGJQghNVJmx9EkEOqIS57Q20cR5JjNg3sRo5lrFaxiuCi2QIJIn7nqJ1qhB6Yk
20230730-160748-4837 02888 * HandleRequestStateTransfer (replica.cc:727):   [0] Sending state transfer from <0,127417> to <0,127487>
20230730-160748-4840 02888 * SendMessageInternal (udptransport.cc:442): Sending large replication.vr.proto.StateTransferMessage message in 3 fragments
20230730-160748-4841 02888 * HandleRequestStateTransfer (replica.cc:727):   [0] Sending state transfer from <0,127418> to <0,127487>
20230730-160748-4842 02888 * SendMessageInternal (udptransport.cc:442): Sending large replication.vr.proto.StateTransferMessage message in 3 fragments
20230730-160748-9114 02888 ! releaseForRead  (lockserver.cc:293): [-3623550118577901476] Releasing unheld read lock: 65oGJQghNVJmx9EkEOqIS57Q20cR5JjNg3sRo5lrFaxiuCi2QIJIn7nqJ1qhB6Yk
20230730-160748-9377 02888 ! releaseForWrite (lockserver.cc:353): [7194513742879910214] Releasing unheld write lock: 65oGJQghNVJmx9EkEOqIS57Q20cR5JjNg3sRo5lrFaxiuCi2QIJIn7nqJ1qhB6Yk
20230730-160749-1623 02888 ! releaseForRead  (lockserver.cc:293): [7828945341516540134] Releasing unheld read lock: 65oGJQghNVJmx9EkEOqIS57Q20cR5JjNg3sRo5lrFaxiuCi2QIJIn7nqJ1qhB6Yk
20230730-160749-1628 02888 ! releaseForRead  (lockserver.cc:293): [-9015429904238161434] Releasing unheld read lock: 65oGJQghNVJmx9EkEOqIS57Q20cR5JjNg3sRo5lrFaxiuCi2QIJIn7nqJ1qhB6Yk
20230730-160749-1854 02888 ! releaseForRead  (lockserver.cc:293): [-1259587508241821567] Releasing unheld read lock: 65oGJQghNVJmx9EkEOqIS57Q20cR5JjNg3sRo5lrFaxiuCi2QIJIn7nqJ1qhB6Yk
20230730-160749-2077 02888 ! releaseForWrite (lockserver.cc:353): [1261488397742480203] Releasing unheld write lock: 65oGJQghNVJmx9EkEOqIS57Q20cR5JjNg3sRo5lrFaxiuCi2QIJIn7nqJ1qhB6Yk
20230730-160749-2403 02888 ! releaseForRead  (lockserver.cc:293): [-5944086458479471379] Releasing unheld read lock: 65oGJQghNVJmx9EkEOqIS57Q20cR5JjNg3sRo5lrFaxiuCi2QIJIn7nqJ1qhB6Yk
20230730-160749-2420 02888 ! releaseForWrite (lockserver.cc:353): [7760118379292100208] Releasing unheld write lock: 65oGJQghNVJmx9EkEOqIS57Q20cR5JjNg3sRo5lrFaxiuCi2QIJIn7nqJ1qhB6Yk
20230730-160749-2522 02888 ! releaseForRead  (lockserver.cc:293): [3979450848847970053] Releasing unheld read lock: 65oGJQghNVJmx9EkEOqIS57Q20cR5JjNg3sRo5lrFaxiuCi2QIJIn7nqJ1qhB6Yk
20230730-160749-3106 02888 ! releaseForRead  (lockserver.cc:293): [4263653392569110181] Releasing unheld read lock: 65oGJQghNVJmx9EkEOqIS57Q20cR5JjNg3sRo5lrFaxiuCi2QIJIn7nqJ1qhB6Yk
20230730-160749-3242 02888 ! releaseForWrite (lockserver.cc:353): [785232892156420129] Releasing unheld write lock: 65oGJQghNVJmx9EkEOqIS57Q20cR5JjNg3sRo5lrFaxiuCi2QIJIn7nqJ1qhB6Yk
20230730-160749-3377 02888 ! releaseForWrite (lockserver.cc:353): [-1353074600069721539] Releasing unheld write lock: 65oGJQghNVJmx9EkEOqIS57Q20cR5JjNg3sRo5lrFaxiuCi2QIJIn7nqJ1qhB6Yk
20230730-160749-3536 02888 ! releaseForWrite (lockserver.cc:353): [-7444005178902941540] Releasing unheld write lock: 65oGJQghNVJmx9EkEOqIS57Q20cR5JjNg3sRo5lrFaxiuCi2QIJIn7nqJ1qhB6Yk
20230730-160749-3536 02888 ! releaseForRead  (lockserver.cc:293): [-7444005178902941540] Releasing unheld read lock: 65oGJQghNVJmx9EkEOqIS57Q20cR5JjNg3sRo5lrFaxiuCi2QIJIn7nqJ1qhB6Yk
20230730-160749-3552 02888 ! releaseForRead  (lockserver.cc:293): [-1487350023034011560] Releasing unheld read lock: 65oGJQghNVJmx9EkEOqIS57Q20cR5JjNg3sRo5lrFaxiuCi2QIJIn7nqJ1qhB6Yk
20230730-160749-5321 02888 ! releaseForWrite (lockserver.cc:353): [-5242285271784241562] Releasing unheld write lock: 65oGJQghNVJmx9EkEOqIS57Q20cR5JjNg3sRo5lrFaxiuCi2QIJIn7nqJ1qhB6Yk
20230730-160749-5364 02888 * HandleRequestStateTransfer (replica.cc:727):   [0] Sending state transfer from <0,131086> to <0,131087>
20230730-160749-5617 02888 ! releaseForWrite (lockserver.cc:353): [-636307695349231556] Releasing unheld write lock: 65oGJQghNVJmx9EkEOqIS57Q20cR5JjNg3sRo5lrFaxiuCi2QIJIn7nqJ1qhB6Yk
20230730-160749-5617 02888 ! releaseForRead  (lockserver.cc:293): [-636307695349231556] Releasing unheld read lock: 65oGJQghNVJmx9EkEOqIS57Q20cR5JjNg3sRo5lrFaxiuCi2QIJIn7nqJ1qhB6Yk
20230730-160749-5618 02888 ! releaseForWrite (lockserver.cc:353): [50703642479900052] Releasing unheld write lock: 65oGJQghNVJmx9EkEOqIS57Q20cR5JjNg3sRo5lrFaxiuCi2QIJIn7nqJ1qhB6Yk
20230730-160749-5618 02888 ! releaseForWrite (lockserver.cc:353): [-26501456565101563] Releasing unheld write lock: 65oGJQghNVJmx9EkEOqIS57Q20cR5JjNg3sRo5lrFaxiuCi2QIJIn7nqJ1qhB6Yk
20230730-160749-5624 02888 * HandleRequestStateTransfer (replica.cc:727):   [0] Sending state transfer from <0,131072> to <0,131098>
20230730-160749-5694 02888 ! releaseForRead  (lockserver.cc:293): [-7123789889436101413] Releasing unheld read lock: 65oGJQghNVJmx9EkEOqIS57Q20cR5JjNg3sRo5lrFaxiuCi2QIJIn7nqJ1qhB6Yk
20230730-160749-6172 02888 ! releaseForWrite (lockserver.cc:353): [-3180685422364941498] Releasing unheld write lock: 65oGJQghNVJmx9EkEOqIS57Q20cR5JjNg3sRo5lrFaxiuCi2QIJIn7nqJ1qhB6Yk
20230730-160749-6200 02888 ! releaseForWrite (lockserver.cc:353): [-6494613781370241468] Releasing unheld write lock: 65oGJQghNVJmx9EkEOqIS57Q20cR5JjNg3sRo5lrFaxiuCi2QIJIn7nqJ1qhB6Yk
20230730-160749-6202 02888 ! releaseForWrite (lockserver.cc:353): [-1357949345494201384] Releasing unheld write lock: 65oGJQghNVJmx9EkEOqIS57Q20cR5JjNg3sRo5lrFaxiuCi2QIJIn7nqJ1qhB6Yk
20230730-160749-6205 02888 ! releaseForRead  (lockserver.cc:293): [7653064813318670043] Releasing unheld read lock: 65oGJQghNVJmx9EkEOqIS57Q20cR5JjNg3sRo5lrFaxiuCi2QIJIn7nqJ1qhB6Yk
20230730-160749-7038 02888 ! releaseForRead  (lockserver.cc:293): [-1359599270827211557] Releasing unheld read lock: 65oGJQghNVJmx9EkEOqIS57Q20cR5JjNg3sRo5lrFaxiuCi2QIJIn7nqJ1qhB6Yk
20230730-160749-7307 02888 ! releaseForWrite (lockserver.cc:353): [-8674781487554461567] Releasing unheld write lock: m3FiXTIMqtZrVJoJz4l5qv6cETtaqDdlLE4JSsHuxPxzZ2sr9whCgFCvnjJynf1O
20230730-160749-7670 02888 ! releaseForWrite (lockserver.cc:353): [8821369102548150055] Releasing unheld write lock: 65oGJQghNVJmx9EkEOqIS57Q20cR5JjNg3sRo5lrFaxiuCi2QIJIn7nqJ1qhB6Yk
20230730-160749-8423 02888 ! releaseForWrite (lockserver.cc:353): [-8041942175518291569] Releasing unheld write lock: 65oGJQghNVJmx9EkEOqIS57Q20cR5JjNg3sRo5lrFaxiuCi2QIJIn7nqJ1qhB6Yk
20230730-160749-8489 02888 ! releaseForRead  (lockserver.cc:293): [4016264199309330058] Releasing unheld read lock: 65oGJQghNVJmx9EkEOqIS57Q20cR5JjNg3sRo5lrFaxiuCi2QIJIn7nqJ1qhB6Yk
20230730-160749-8506 02888 ! releaseForRead  (lockserver.cc:293): [-6713310473377271559] Releasing unheld read lock: 65oGJQghNVJmx9EkEOqIS57Q20cR5JjNg3sRo5lrFaxiuCi2QIJIn7nqJ1qhB6Yk
20230730-160749-8510 02888 ! releaseForWrite (lockserver.cc:353): [1956913143270130059] Releasing unheld write lock: 65oGJQghNVJmx9EkEOqIS57Q20cR5JjNg3sRo5lrFaxiuCi2QIJIn7nqJ1qhB6Yk
20230730-160749-8542 02888 ! releaseForRead  (lockserver.cc:293): [-4145916281122501560] Releasing unheld read lock: 65oGJQghNVJmx9EkEOqIS57Q20cR5JjNg3sRo5lrFaxiuCi2QIJIn7nqJ1qhB6Yk
20230730-160749-8679 02888 ! releaseForWrite (lockserver.cc:353): [-4833954214158681409] Releasing unheld write lock: 65oGJQghNVJmx9EkEOqIS57Q20cR5JjNg3sRo5lrFaxiuCi2QIJIn7nqJ1qhB6Yk
20230730-160749-9020 02888 ! releaseForRead  (lockserver.cc:293): [4691371837854790060] Releasing unheld read lock: jEPJC9SAujJtZLf5IyevnTHZDHvHdNwE3KeUHqZVIaQ0QIqgmM1MTSvkPJkYmmxb
20230730-160749-9024 02888 ! releaseForWrite (lockserver.cc:353): [-1629218770099311560] Releasing unheld write lock: 65oGJQghNVJmx9EkEOqIS57Q20cR5JjNg3sRo5lrFaxiuCi2QIJIn7nqJ1qhB6Yk
20230730-160749-9034 02888 ! releaseForWrite (lockserver.cc:353): [7255450014187790054] Releasing unheld write lock: 65oGJQghNVJmx9EkEOqIS57Q20cR5JjNg3sRo5lrFaxiuCi2QIJIn7nqJ1qhB6Yk
20230730-160749-9035 02888 ! releaseForWrite (lockserver.cc:353): [8938253098044960051] Releasing unheld write lock: 65oGJQghNVJmx9EkEOqIS57Q20cR5JjNg3sRo5lrFaxiuCi2QIJIn7nqJ1qhB6Yk
20230730-160749-9043 02888 ! releaseForWrite (lockserver.cc:353): [-6063399218608471558] Releasing unheld write lock: 65oGJQghNVJmx9EkEOqIS57Q20cR5JjNg3sRo5lrFaxiuCi2QIJIn7nqJ1qhB6Yk
20230730-160749-9620 02888 ! releaseForWrite (lockserver.cc:353): [8684488449713540051] Releasing unheld write lock: 65oGJQghNVJmx9EkEOqIS57Q20cR5JjNg3sRo5lrFaxiuCi2QIJIn7nqJ1qhB6Yk
20230730-160750-0616 02888 ! releaseForRead  (lockserver.cc:293): [2826745287411850056] Releasing unheld read lock: 65oGJQghNVJmx9EkEOqIS57Q20cR5JjNg3sRo5lrFaxiuCi2QIJIn7nqJ1qhB6Yk
20230730-160750-2517 02888 ! releaseForRead  (lockserver.cc:293): [-4869773756312041571] Releasing unheld read lock: 65oGJQghNVJmx9EkEOqIS57Q20cR5JjNg3sRo5lrFaxiuCi2QIJIn7nqJ1qhB6Yk
20230730-160750-7862 02888 ! releaseForRead  (lockserver.cc:293): [-1922715439622491358] Releasing unheld read lock: 65oGJQghNVJmx9EkEOqIS57Q20cR5JjNg3sRo5lrFaxiuCi2QIJIn7nqJ1qhB6Yk
20230730-160750-9033 02888 ! releaseForRead  (lockserver.cc:293): [1340256621992350149] Releasing unheld read lock: 65oGJQghNVJmx9EkEOqIS57Q20cR5JjNg3sRo5lrFaxiuCi2QIJIn7nqJ1qhB6Yk
20230730-160750-9114 02888 ! releaseForRead  (lockserver.cc:293): [-3625376858522741475] Releasing unheld read lock: 65oGJQghNVJmx9EkEOqIS57Q20cR5JjNg3sRo5lrFaxiuCi2QIJIn7nqJ1qhB6Yk
20230730-160750-9614 02888 ! releaseForRead  (lockserver.cc:293): [7760118379292100216] Releasing unheld read lock: 65oGJQghNVJmx9EkEOqIS57Q20cR5JjNg3sRo5lrFaxiuCi2QIJIn7nqJ1qhB6Yk
20230730-160751-0427 02888 ! releaseForWrite (lockserver.cc:353): [-9178832414438831478] Releasing unheld write lock: 65oGJQghNVJmx9EkEOqIS57Q20cR5JjNg3sRo5lrFaxiuCi2QIJIn7nqJ1qhB6Yk
20230730-160751-0713 02888 ! releaseForWrite (lockserver.cc:353): [6373982430719070054] Releasing unheld write lock: 65oGJQghNVJmx9EkEOqIS57Q20cR5JjNg3sRo5lrFaxiuCi2QIJIn7nqJ1qhB6Yk
20230730-160751-0718 02888 ! releaseForRead  (lockserver.cc:293): [3979450848847970057] Releasing unheld read lock: 65oGJQghNVJmx9EkEOqIS57Q20cR5JjNg3sRo5lrFaxiuCi2QIJIn7nqJ1qhB6Yk
20230730-160751-0862 02888 ! releaseForRead  (lockserver.cc:293): [7255450014187790056] Releasing unheld read lock: 65oGJQghNVJmx9EkEOqIS57Q20cR5JjNg3sRo5lrFaxiuCi2QIJIn7nqJ1qhB6Yk
20230730-160751-1220 02888 ! releaseForRead  (lockserver.cc:293): [6817013945185510208] Releasing unheld read lock: 65oGJQghNVJmx9EkEOqIS57Q20cR5JjNg3sRo5lrFaxiuCi2QIJIn7nqJ1qhB6Yk
20230730-160751-1630 02888 ! releaseForWrite (lockserver.cc:353): [-5947072594359871486] Releasing unheld write lock: 65oGJQghNVJmx9EkEOqIS57Q20cR5JjNg3sRo5lrFaxiuCi2QIJIn7nqJ1qhB6Yk
20230730-160751-1639 02888 ! releaseForRead  (lockserver.cc:293): [4728019684135260191] Releasing unheld read lock: 65oGJQghNVJmx9EkEOqIS57Q20cR5JjNg3sRo5lrFaxiuCi2QIJIn7nqJ1qhB6Yk
20230730-160751-2879 02888 ! releaseForWrite (lockserver.cc:353): [5051762475874400054] Releasing unheld write lock: 65oGJQghNVJmx9EkEOqIS57Q20cR5JjNg3sRo5lrFaxiuCi2QIJIn7nqJ1qhB6Yk
20230730-160751-2880 02888 ! releaseForRead  (lockserver.cc:293): [5051762475874400054] Releasing unheld read lock: 65oGJQghNVJmx9EkEOqIS57Q20cR5JjNg3sRo5lrFaxiuCi2QIJIn7nqJ1qhB6Yk
20230730-160751-2893 02888 ! releaseForWrite (lockserver.cc:353): [-6713310473377271556] Releasing unheld write lock: 65oGJQghNVJmx9EkEOqIS57Q20cR5JjNg3sRo5lrFaxiuCi2QIJIn7nqJ1qhB6Yk
20230730-160751-2893 02888 ! releaseForRead  (lockserver.cc:293): [-6713310473377271556] Releasing unheld read lock: 65oGJQghNVJmx9EkEOqIS57Q20cR5JjNg3sRo5lrFaxiuCi2QIJIn7nqJ1qhB6Yk
20230730-160751-2924 02888 ! releaseForWrite (lockserver.cc:353): [166984614959870052] Releasing unheld write lock: 65oGJQghNVJmx9EkEOqIS57Q20cR5JjNg3sRo5lrFaxiuCi2QIJIn7nqJ1qhB6Yk
20230730-160751-3624 02888 ! releaseForWrite (lockserver.cc:353): [-1629218770099311556] Releasing unheld write lock: 65oGJQghNVJmx9EkEOqIS57Q20cR5JjNg3sRo5lrFaxiuCi2QIJIn7nqJ1qhB6Yk
20230730-160751-3699 02888 ! releaseForRead  (lockserver.cc:293): [8938253098044960053] Releasing unheld read lock: 65oGJQghNVJmx9EkEOqIS57Q20cR5JjNg3sRo5lrFaxiuCi2QIJIn7nqJ1qhB6Yk
20230730-160751-3779 02888 ! releaseForRead  (lockserver.cc:293): [-7478214036231201563] Releasing unheld read lock: 65oGJQghNVJmx9EkEOqIS57Q20cR5JjNg3sRo5lrFaxiuCi2QIJIn7nqJ1qhB6Yk
20230730-160751-3945 02888 ! releaseForWrite (lockserver.cc:353): [4867092057835250056] Releasing unheld write lock: 65oGJQghNVJmx9EkEOqIS57Q20cR5JjNg3sRo5lrFaxiuCi2QIJIn7nqJ1qhB6Yk
20230730-160751-4035 02888 ! releaseForRead  (lockserver.cc:293): [-4827026276673031450] Releasing unheld read lock: 65oGJQghNVJmx9EkEOqIS57Q20cR5JjNg3sRo5lrFaxiuCi2QIJIn7nqJ1qhB6Yk
20230730-160751-4079 02888 ! releaseForRead  (lockserver.cc:293): [-1259587508241821564] Releasing unheld read lock: 65oGJQghNVJmx9EkEOqIS57Q20cR5JjNg3sRo5lrFaxiuCi2QIJIn7nqJ1qhB6Yk
20230730-160751-4140 02888 ! releaseForWrite (lockserver.cc:353): [-2907774469083671556] Releasing unheld write lock: 65oGJQghNVJmx9EkEOqIS57Q20cR5JjNg3sRo5lrFaxiuCi2QIJIn7nqJ1qhB6Yk
20230730-160751-4185 02888 ! releaseForRead  (lockserver.cc:293): [8684488449713540054] Releasing unheld read lock: 65oGJQghNVJmx9EkEOqIS57Q20cR5JjNg3sRo5lrFaxiuCi2QIJIn7nqJ1qhB6Yk
20230730-160751-4798 02888 ! releaseForWrite (lockserver.cc:353): [-86256678346911543] Releasing unheld write lock: 65oGJQghNVJmx9EkEOqIS57Q20cR5JjNg3sRo5lrFaxiuCi2QIJIn7nqJ1qhB6Yk
20230730-160751-5982 02888 ! releaseForWrite (lockserver.cc:353): [-6063399218608471556] Releasing unheld write lock: 65oGJQghNVJmx9EkEOqIS57Q20cR5JjNg3sRo5lrFaxiuCi2QIJIn7nqJ1qhB6Yk
20230730-160752-2618 02888 ! releaseForWrite (lockserver.cc:353): [3004746348347900153] Releasing unheld write lock: 65oGJQghNVJmx9EkEOqIS57Q20cR5JjNg3sRo5lrFaxiuCi2QIJIn7nqJ1qhB6Yk
20230730-160752-2664 02888 ! releaseForRead  (lockserver.cc:293): [-1487350023034011557] Releasing unheld read lock: 65oGJQghNVJmx9EkEOqIS57Q20cR5JjNg3sRo5lrFaxiuCi2QIJIn7nqJ1qhB6Yk
20230730-160752-2701 02888 ! releaseForWrite (lockserver.cc:353): [-3580964667874711468] Releasing unheld write lock: 65oGJQghNVJmx9EkEOqIS57Q20cR5JjNg3sRo5lrFaxiuCi2QIJIn7nqJ1qhB6Yk
20230730-160752-2898 02888 ! releaseForWrite (lockserver.cc:353): [-4145916281122501556] Releasing unheld write lock: 65oGJQghNVJmx9EkEOqIS57Q20cR5JjNg3sRo5lrFaxiuCi2QIJIn7nqJ1qhB6Yk
20230730-160752-2907 02888 ! releaseForWrite (lockserver.cc:353): [5051762475874400055] Releasing unheld write lock: 65oGJQghNVJmx9EkEOqIS57Q20cR5JjNg3sRo5lrFaxiuCi2QIJIn7nqJ1qhB6Yk
20230730-160752-2982 02888 ! releaseForWrite (lockserver.cc:353): [166984614959870053] Releasing unheld write lock: 65oGJQghNVJmx9EkEOqIS57Q20cR5JjNg3sRo5lrFaxiuCi2QIJIn7nqJ1qhB6Yk
20230730-160752-2994 02888 ! releaseForWrite (lockserver.cc:353): [-8041942175518291565] Releasing unheld write lock: 65oGJQghNVJmx9EkEOqIS57Q20cR5JjNg3sRo5lrFaxiuCi2QIJIn7nqJ1qhB6Yk
20230730-160752-3341 02888 ! releaseForRead  (lockserver.cc:293): [6371071096095000151] Releasing unheld read lock: 65oGJQghNVJmx9EkEOqIS57Q20cR5JjNg3sRo5lrFaxiuCi2QIJIn7nqJ1qhB6Yk
20230730-160752-3741 02888 ! releaseForWrite (lockserver.cc:353): [8938253098044960054] Releasing unheld write lock: 65oGJQghNVJmx9EkEOqIS57Q20cR5JjNg3sRo5lrFaxiuCi2QIJIn7nqJ1qhB6Yk
20230730-160752-3995 02888 ! releaseForWrite (lockserver.cc:353): [4867092057835250057] Releasing unheld write lock: 65oGJQghNVJmx9EkEOqIS57Q20cR5JjNg3sRo5lrFaxiuCi2QIJIn7nqJ1qhB6Yk
20230730-160752-3995 02888 ! releaseForRead  (lockserver.cc:293): [4867092057835250057] Releasing unheld read lock: 65oGJQghNVJmx9EkEOqIS57Q20cR5JjNg3sRo5lrFaxiuCi2QIJIn7nqJ1qhB6Yk
20230730-160752-4199 02888 ! releaseForWrite (lockserver.cc:353): [-2907774469083671555] Releasing unheld write lock: 65oGJQghNVJmx9EkEOqIS57Q20cR5JjNg3sRo5lrFaxiuCi2QIJIn7nqJ1qhB6Yk
20230730-160752-4395 02888 ! releaseForWrite (lockserver.cc:353): [-8886411195020831465] Releasing unheld write lock: 65oGJQghNVJmx9EkEOqIS57Q20cR5JjNg3sRo5lrFaxiuCi2QIJIn7nqJ1qhB6Yk
20230730-160752-5987 02888 ! releaseForWrite (lockserver.cc:353): [-6063399218608471555] Releasing unheld write lock: 65oGJQghNVJmx9EkEOqIS57Q20cR5JjNg3sRo5lrFaxiuCi2QIJIn7nqJ1qhB6Yk
20230730-160752-6082 02888 ! releaseForWrite (lockserver.cc:353): [-7031485897644131559] Releasing unheld write lock: 65oGJQghNVJmx9EkEOqIS57Q20cR5JjNg3sRo5lrFaxiuCi2QIJIn7nqJ1qhB6Yk
20230730-160752-6438 02888 ! releaseForWrite (lockserver.cc:353): [149937536557090201] Releasing unheld write lock: 65oGJQghNVJmx9EkEOqIS57Q20cR5JjNg3sRo5lrFaxiuCi2QIJIn7nqJ1qhB6Yk
20230730-160752-9346 02888 ! releaseForWrite (lockserver.cc:353): [-7478214036231201560] Releasing unheld write lock: 65oGJQghNVJmx9EkEOqIS57Q20cR5JjNg3sRo5lrFaxiuCi2QIJIn7nqJ1qhB6Yk
20230730-160752-9363 02888 ! releaseForRead  (lockserver.cc:293): [-5951130835103561501] Releasing unheld read lock: 65oGJQghNVJmx9EkEOqIS57Q20cR5JjNg3sRo5lrFaxiuCi2QIJIn7nqJ1qhB6Yk
20230730-160753-0152 02888 ! releaseForRead  (lockserver.cc:293): [-1259587508241821562] Releasing unheld read lock: 65oGJQghNVJmx9EkEOqIS57Q20cR5JjNg3sRo5lrFaxiuCi2QIJIn7nqJ1qhB6Yk
20230730-160753-0154 02888 ! releaseForWrite (lockserver.cc:353): [-2303042459568511553] Releasing unheld write lock: 65oGJQghNVJmx9EkEOqIS57Q20cR5JjNg3sRo5lrFaxiuCi2QIJIn7nqJ1qhB6Yk
20230730-160753-0233 02888 ! releaseForWrite (lockserver.cc:353): [-4869773756312041567] Releasing unheld write lock: 65oGJQghNVJmx9EkEOqIS57Q20cR5JjNg3sRo5lrFaxiuCi2QIJIn7nqJ1qhB6Yk
20230730-160753-0799 02888 ! releaseForWrite (lockserver.cc:353): [8684488449713540056] Releasing unheld write lock: 65oGJQghNVJmx9EkEOqIS57Q20cR5JjNg3sRo5lrFaxiuCi2QIJIn7nqJ1qhB6Yk
20230730-160753-0968 02888 ! releaseForRead  (lockserver.cc:293): [1620687784068670170] Releasing unheld read lock: 65oGJQghNVJmx9EkEOqIS57Q20cR5JjNg3sRo5lrFaxiuCi2QIJIn7nqJ1qhB6Yk
20230730-160753-1241 02888 ! releaseForRead  (lockserver.cc:293): [-4731513514206791463] Releasing unheld read lock: 65oGJQghNVJmx9EkEOqIS57Q20cR5JjNg3sRo5lrFaxiuCi2QIJIn7nqJ1qhB6Yk
20230730-160753-1957 02888 ! releaseForRead  (lockserver.cc:293): [7645195587892780227] Releasing unheld read lock: 65oGJQghNVJmx9EkEOqIS57Q20cR5JjNg3sRo5lrFaxiuCi2QIJIn7nqJ1qhB6Yk
20230730-160753-1958 02888 ! releaseForRead  (lockserver.cc:293): [4967095340999190155] Releasing unheld read lock: 65oGJQghNVJmx9EkEOqIS57Q20cR5JjNg3sRo5lrFaxiuCi2QIJIn7nqJ1qhB6Yk
20230730-160753-8446 02888 ! releaseForRead  (lockserver.cc:293): [-1359599270827211551] Releasing unheld read lock: 65oGJQghNVJmx9EkEOqIS57Q20cR5JjNg3sRo5lrFaxiuCi2QIJIn7nqJ1qhB6Yk
20230730-160753-8596 02888 ! releaseForWrite (lockserver.cc:353): [-8064486073354771548] Releasing unheld write lock: 65oGJQghNVJmx9EkEOqIS57Q20cR5JjNg3sRo5lrFaxiuCi2QIJIn7nqJ1qhB6Yk
20230730-160753-8597 02888 ! releaseForRead  (lockserver.cc:293): [-8064486073354771548] Releasing unheld read lock: 65oGJQghNVJmx9EkEOqIS57Q20cR5JjNg3sRo5lrFaxiuCi2QIJIn7nqJ1qhB6Yk
20230730-160753-9388 02888 ! releaseForRead  (lockserver.cc:293): [-7478214036231201559] Releasing unheld read lock: 65oGJQghNVJmx9EkEOqIS57Q20cR5JjNg3sRo5lrFaxiuCi2QIJIn7nqJ1qhB6Yk
20230730-160753-9499 02888 ! releaseForWrite (lockserver.cc:353): [-6644923278141331558] Releasing unheld write lock: 65oGJQghNVJmx9EkEOqIS57Q20cR5JjNg3sRo5lrFaxiuCi2QIJIn7nqJ1qhB6Yk
20230730-160753-9631 02888 ! releaseForRead  (lockserver.cc:293): [-2178859030844851377] Releasing unheld read lock: 65oGJQghNVJmx9EkEOqIS57Q20cR5JjNg3sRo5lrFaxiuCi2QIJIn7nqJ1qhB6Yk
20230730-160753-9941 02888 ! releaseForRead  (lockserver.cc:293): [-593378786729821384] Releasing unheld read lock: 65oGJQghNVJmx9EkEOqIS57Q20cR5JjNg3sRo5lrFaxiuCi2QIJIn7nqJ1qhB6Yk
20230730-160753-9944 02888 ! releaseForRead  (lockserver.cc:293): [-4603678158781591435] Releasing unheld read lock: 65oGJQghNVJmx9EkEOqIS57Q20cR5JjNg3sRo5lrFaxiuCi2QIJIn7nqJ1qhB6Yk
20230730-160753-9962 02888 ! releaseForWrite (lockserver.cc:353): [3630457384497800064] Releasing unheld write lock: 65oGJQghNVJmx9EkEOqIS57Q20cR5JjNg3sRo5lrFaxiuCi2QIJIn7nqJ1qhB6Yk
20230730-160753-9983 02888 ! releaseForRead  (lockserver.cc:293): [2862116107325580277] Releasing unheld read lock: 65oGJQghNVJmx9EkEOqIS57Q20cR5JjNg3sRo5lrFaxiuCi2QIJIn7nqJ1qhB6Yk
20230730-160754-1271 02888 ! releaseForRead  (lockserver.cc:293): [-8279668093004431551] Releasing unheld read lock: 65oGJQghNVJmx9EkEOqIS57Q20cR5JjNg3sRo5lrFaxiuCi2QIJIn7nqJ1qhB6Yk
20230730-160754-3506 02888 ! releaseForWrite (lockserver.cc:353): [1233203812290330221] Releasing unheld write lock: 65oGJQghNVJmx9EkEOqIS57Q20cR5JjNg3sRo5lrFaxiuCi2QIJIn7nqJ1qhB6Yk
