20230730-160718-1745 02943 * HandleRequestStateTransfer (replica.cc:727):   [0] Sending state transfer from <0,17998> to <0,18003>
20230730-160718-1747 02943 * HandleRequestStateTransfer (replica.cc:727):   [0] Sending state transfer from <0,17999> to <0,18004>
20230730-160718-1747 02943 * HandleRequestStateTransfer (replica.cc:727):   [0] Sending state transfer from <0,18000> to <0,18004>
20230730-160718-1749 02943 * HandleRequestStateTransfer (replica.cc:727):   [0] Sending state transfer from <0,18003> to <0,18004>
20230730-160718-9442 02943 * HandleRequestStateTransfer (replica.cc:727):   [0] Sending state transfer from <0,23973> to <0,23982>
20230730-160720-3204 02943 * HandleRequestStateTransfer (replica.cc:727):   [0] Sending state transfer from <0,34466> to <0,34478>
20230730-160723-1403 02943 * HandleRequestStateTransfer (replica.cc:727):   [0] Sending state transfer from <0,52700> to <0,52707>
20230730-160723-1405 02943 * HandleRequestStateTransfer (replica.cc:727):   [0] Sending state transfer from <0,52700> to <0,52707>
20230730-160723-1408 02943 * HandleRequestStateTransfer (replica.cc:727):   [0] Sending state transfer from <0,52704> to <0,52708>
20230730-160723-1409 02943 * HandleRequestStateTransfer (replica.cc:727):   [0] Sending state transfer from <0,52704> to <0,52708>
20230730-160723-1413 02943 * HandleRequestStateTransfer (replica.cc:727):   [0] Sending state transfer from <0,52706> to <0,52708>
20230730-160723-1414 02943 * HandleRequestStateTransfer (replica.cc:727):   [0] Sending state transfer from <0,52706> to <0,52708>
20230730-160723-1415 02943 * HandleRequestStateTransfer (replica.cc:727):   [0] Sending state transfer from <0,52707> to <0,52708>
20230730-160723-1415 02943 * HandleRequestStateTransfer (replica.cc:727):   [0] Sending state transfer from <0,52707> to <0,52708>
20230730-160724-9963 02943 * HandleRequestStateTransfer (replica.cc:727):   [0] Sending state transfer from <0,65556> to <0,65571>
20230730-160724-9966 02943 * HandleRequestStateTransfer (replica.cc:727):   [0] Sending state transfer from <0,65558> to <0,65571>
20230730-160724-9968 02943 * HandleRequestStateTransfer (replica.cc:727):   [0] Sending state transfer from <0,65562> to <0,65571>
20230730-160724-9970 02943 * HandleRequestStateTransfer (replica.cc:727):   [0] Sending state transfer from <0,65563> to <0,65571>
20230730-160724-9971 02943 * HandleRequestStateTransfer (replica.cc:727):   [0] Sending state transfer from <0,65565> to <0,65571>
20230730-160724-9972 02943 * HandleRequestStateTransfer (replica.cc:727):   [0] Sending state transfer from <0,65566> to <0,65571>
20230730-160724-9972 02943 * HandleRequestStateTransfer (replica.cc:727):   [0] Sending state transfer from <0,65567> to <0,65571>
20230730-160724-9974 02943 * HandleRequestStateTransfer (replica.cc:727):   [0] Sending state transfer from <0,65570> to <0,65571>
20230730-160724-9975 02943 * HandleRequestStateTransfer (replica.cc:727):   [0] Sending state transfer from <0,65571> to <0,65571>
20230730-160724-9990 02943 * HandleRequestStateTransfer (replica.cc:727):   [0] Sending state transfer from <0,65570> to <0,65586>
20230730-160724-9991 02943 * HandleRequestStateTransfer (replica.cc:727):   [0] Sending state transfer from <0,65571> to <0,65586>
20230730-160725-5139 02943 * HandleRequestStateTransfer (replica.cc:727):   [0] Sending state transfer from <0,68517> to <0,68539>
20230730-160725-5140 02943 * SendMessageInternal (udptransport.cc:442): Sending large replication.vr.proto.StateTransferMessage message in 2 fragments
20230730-160725-5144 02943 * HandleRequestStateTransfer (replica.cc:727):   [0] Sending state transfer from <0,68534> to <0,68543>
20230730-160728-5302 02943 * HandleRequestStateTransfer (replica.cc:727):   [0] Sending state transfer from <0,91113> to <0,91133>
20230730-160728-5307 02943 * SendMessageInternal (udptransport.cc:442): Sending large replication.vr.proto.StateTransferMessage message in 2 fragments
20230730-160728-5307 02943 * HandleRequestStateTransfer (replica.cc:727):   [0] Sending state transfer from <0,91114> to <0,91133>
20230730-160728-5308 02943 * SendMessageInternal (udptransport.cc:442): Sending large replication.vr.proto.StateTransferMessage message in 2 fragments
20230730-160728-5312 02943 * HandleRequestStateTransfer (replica.cc:727):   [0] Sending state transfer from <0,91116> to <0,91136>
20230730-160728-5312 02943 * SendMessageInternal (udptransport.cc:442): Sending large replication.vr.proto.StateTransferMessage message in 2 fragments
20230730-160728-5314 02943 * HandleRequestStateTransfer (replica.cc:727):   [0] Sending state transfer from <0,91118> to <0,91137>
20230730-160728-5314 02943 * SendMessageInternal (udptransport.cc:442): Sending large replication.vr.proto.StateTransferMessage message in 2 fragments
20230730-160728-5529 02943 * HandleRequestStateTransfer (replica.cc:727):   [0] Sending state transfer from <0,91372> to <0,91385>
20230730-160728-5533 02943 * HandleRequestStateTransfer (replica.cc:727):   [0] Sending state transfer from <0,91373> to <0,91390>
20230730-160729-9538 02943 ! releaseForRead  (lockserver.cc:293): [300051740112890079] Releasing unheld read lock: pDIg84vI39pgbpHkWG7DCQiwddV2CDbwXfcSwajS9oiconf8Unx23SeSEWJoaqTy
20230730-160731-2842 02943 ! releaseForWrite (lockserver.cc:353): [4060111593358690052] Releasing unheld write lock: 1ZJ6GUmu5gsVmtR9RPCEWsXICmBMghCQHDMIiRB6tMZHVdDCrN6WZVD3RNuVPCfI
20230730-160732-9636 02943 * HandleRequestStateTransfer (replica.cc:727):   [0] Sending state transfer from <0,122117> to <0,122119>
20230730-160732-9637 02943 * HandleRequestStateTransfer (replica.cc:727):   [0] Sending state transfer from <0,122117> to <0,122119>
20230730-160732-9639 02943 * HandleRequestStateTransfer (replica.cc:727):   [0] Sending state transfer from <0,122118> to <0,122120>
20230730-160732-9640 02943 * HandleRequestStateTransfer (replica.cc:727):   [0] Sending state transfer from <0,122118> to <0,122120>
20230730-160732-9641 02943 * HandleRequestStateTransfer (replica.cc:727):   [0] Sending state transfer from <0,122119> to <0,122120>
20230730-160732-9641 02943 * HandleRequestStateTransfer (replica.cc:727):   [0] Sending state transfer from <0,122119> to <0,122120>
20230730-160733-2903 02943 * HandleRequestStateTransfer (replica.cc:727):   [0] Sending state transfer from <0,124076> to <0,124097>
20230730-160733-2904 02943 * SendMessageInternal (udptransport.cc:442): Sending large replication.vr.proto.StateTransferMessage message in 2 fragments
20230730-160733-2908 02943 * HandleRequestStateTransfer (replica.cc:727):   [0] Sending state transfer from <0,124095> to <0,124099>
20230730-160733-2911 02943 * HandleRequestStateTransfer (replica.cc:727):   [0] Sending state transfer from <0,124096> to <0,124100>
20230730-160734-0892 02943 * HandleRequestStateTransfer (replica.cc:727):   [0] Sending state transfer from <0,129042> to <0,129069>
20230730-160734-0893 02943 * SendMessageInternal (udptransport.cc:442): Sending large replication.vr.proto.StateTransferMessage message in 2 fragments
20230730-160734-0900 02943 * HandleRequestStateTransfer (replica.cc:727):   [0] Sending state transfer from <0,129066> to <0,129071>
20230730-160734-0901 02943 * HandleRequestStateTransfer (replica.cc:727):   [0] Sending state transfer from <0,129067> to <0,129071>
20230730-160734-0901 02943 * HandleRequestStateTransfer (replica.cc:727):   [0] Sending state transfer from <0,129068> to <0,129071>
20230730-160734-0901 02943 * HandleRequestStateTransfer (replica.cc:727):   [0] Sending state transfer from <0,129069> to <0,129071>
20230730-160734-5031 02943 * HandleRequestStateTransfer (replica.cc:727):   [0] Sending state transfer from <0,131091> to <0,131109>
20230730-160734-5145 02943 * SendMessageInternal (udptransport.cc:442): Sending large replication.vr.proto.StateTransferMessage message in 2 fragments
20230730-160734-5147 02943 * HandleRequestStateTransfer (replica.cc:727):   [0] Sending state transfer from <0,131096> to <0,131109>
20230730-160734-5152 02943 * SendMessageInternal (udptransport.cc:442): Sending large replication.vr.proto.StateTransferMessage message in 2 fragments
20230730-160734-5153 02943 * HandleRequestStateTransfer (replica.cc:727):   [0] Sending state transfer from <0,131098> to <0,131109>
20230730-160734-5154 02943 * SendMessageInternal (udptransport.cc:442): Sending large replication.vr.proto.StateTransferMessage message in 2 fragments
20230730-160734-5154 02943 * HandleRequestStateTransfer (replica.cc:727):   [0] Sending state transfer from <0,131101> to <0,131109>
20230730-160734-5156 02943 * HandleRequestStateTransfer (replica.cc:727):   [0] Sending state transfer from <0,131106> to <0,131109>
20230730-160734-5157 02943 * HandleRequestStateTransfer (replica.cc:727):   [0] Sending state transfer from <0,131107> to <0,131109>
20230730-160734-5157 02943 * HandleRequestStateTransfer (replica.cc:727):   [0] Sending state transfer from <0,131109> to <0,131109>
20230730-160734-5161 02943 * HandleRequestStateTransfer (replica.cc:727):   [0] Sending state transfer from <0,131072> to <0,131109>
20230730-160734-5162 02943 * SendMessageInternal (udptransport.cc:442): Sending large replication.vr.proto.StateTransferMessage message in 2 fragments
20230730-160735-5013 02943 * HandleRequestStateTransfer (replica.cc:727):   [0] Sending state transfer from <0,138483> to <0,138505>
20230730-160735-5014 02943 * SendMessageInternal (udptransport.cc:442): Sending large replication.vr.proto.StateTransferMessage message in 2 fragments
20230730-160735-5015 02943 * HandleRequestStateTransfer (replica.cc:727):   [0] Sending state transfer from <0,138484> to <0,138505>
20230730-160735-5015 02943 * SendMessageInternal (udptransport.cc:442): Sending large replication.vr.proto.StateTransferMessage message in 2 fragments
20230730-160735-5017 02943 * HandleRequestStateTransfer (replica.cc:727):   [0] Sending state transfer from <0,138485> to <0,138505>
20230730-160735-5017 02943 * SendMessageInternal (udptransport.cc:442): Sending large replication.vr.proto.StateTransferMessage message in 2 fragments
20230730-160735-5018 02943 * HandleRequestStateTransfer (replica.cc:727):   [0] Sending state transfer from <0,138486> to <0,138505>
20230730-160735-5018 02943 * SendMessageInternal (udptransport.cc:442): Sending large replication.vr.proto.StateTransferMessage message in 2 fragments
20230730-160735-5018 02943 * HandleRequestStateTransfer (replica.cc:727):   [0] Sending state transfer from <0,138487> to <0,138505>
20230730-160739-7862 02943 * HandleRequestStateTransfer (replica.cc:727):   [0] Sending state transfer from <0,168231> to <0,168259>
20230730-160739-7872 02943 * SendMessageInternal (udptransport.cc:442): Sending large replication.vr.proto.StateTransferMessage message in 2 fragments
20230730-160739-7877 02943 * HandleRequestStateTransfer (replica.cc:727):   [0] Sending state transfer from <0,168250> to <0,168263>
20230730-160739-7879 02943 * HandleRequestStateTransfer (replica.cc:727):   [0] Sending state transfer from <0,168253> to <0,168263>
20230730-160739-7881 02943 * HandleRequestStateTransfer (replica.cc:727):   [0] Sending state transfer from <0,168254> to <0,168263>
20230730-160739-7882 02943 * HandleRequestStateTransfer (replica.cc:727):   [0] Sending state transfer from <0,168255> to <0,168264>
20230730-160739-7885 02943 * HandleRequestStateTransfer (replica.cc:727):   [0] Sending state transfer from <0,168256> to <0,168266>
20230730-160739-7887 02943 * HandleRequestStateTransfer (replica.cc:727):   [0] Sending state transfer from <0,168257> to <0,168267>
20230730-160739-7889 02943 * HandleRequestStateTransfer (replica.cc:727):   [0] Sending state transfer from <0,168258> to <0,168267>
20230730-160740-1101 02943 * HandleRequestStateTransfer (replica.cc:727):   [0] Sending state transfer from <0,170462> to <0,170466>
20230730-160740-1103 02943 * HandleRequestStateTransfer (replica.cc:727):   [0] Sending state transfer from <0,170463> to <0,170467>
20230730-160741-6146 02943 * HandleRequestStateTransfer (replica.cc:727):   [0] Sending state transfer from <0,179597> to <0,179606>
20230730-160741-6148 02943 * HandleRequestStateTransfer (replica.cc:727):   [0] Sending state transfer from <0,179598> to <0,179608>
20230730-160741-6150 02943 * HandleRequestStateTransfer (replica.cc:727):   [0] Sending state transfer from <0,179599> to <0,179610>
20230730-160741-6152 02943 * HandleRequestStateTransfer (replica.cc:727):   [0] Sending state transfer from <0,179600> to <0,179610>
20230730-160741-6156 02943 * HandleRequestStateTransfer (replica.cc:727):   [0] Sending state transfer from <0,179602> to <0,179612>
20230730-160741-6158 02943 * HandleRequestStateTransfer (replica.cc:727):   [0] Sending state transfer from <0,179603> to <0,179614>
20230730-160741-6159 02943 * HandleRequestStateTransfer (replica.cc:727):   [0] Sending state transfer from <0,179604> to <0,179616>
20230730-160741-6385 02943 * HandleRequestStateTransfer (replica.cc:727):   [0] Sending state transfer from <0,179791> to <0,179803>
20230730-160741-6387 02943 * HandleRequestStateTransfer (replica.cc:727):   [0] Sending state transfer from <0,179793> to <0,179804>
20230730-160741-6389 02943 * HandleRequestStateTransfer (replica.cc:727):   [0] Sending state transfer from <0,179794> to <0,179805>
20230730-160741-6390 02943 * HandleRequestStateTransfer (replica.cc:727):   [0] Sending state transfer from <0,179795> to <0,179806>
20230730-160742-3328 02943 ! releaseForRead  (lockserver.cc:293): [1896484280370920152] Releasing unheld read lock: 7srRSU74ibmo7lEKAeC5PpfMG84eq6ATogMdmgAvoSwG5e8JMtCep0HsNzKMNXcH
20230730-160743-2211 02943 * HandleRequestStateTransfer (replica.cc:727):   [0] Sending state transfer from <0,191464> to <0,191470>
20230730-160743-8401 02943 * HandleRequestStateTransfer (replica.cc:727):   [0] Sending state transfer from <0,195964> to <0,195982>
20230730-160743-8403 02943 * HandleRequestStateTransfer (replica.cc:727):   [0] Sending state transfer from <0,195965> to <0,195983>
20230730-160744-4407 02943 * ResendPrepare   (replica.cc:306):   [0] Resending prepare
20230730-160744-4447 02943 * HandleRequestStateTransfer (replica.cc:727):   [0] Sending state transfer from <0,200676> to <0,200726>
20230730-160744-4452 02943 * SendMessageInternal (udptransport.cc:442): Sending large replication.vr.proto.StateTransferMessage message in 3 fragments
20230730-160745-4490 02943 ! releaseForWrite (lockserver.cc:353): [7511616248399870129] Releasing unheld write lock: OZPcfFbQ3zPIn4tTaDjvO5bNdBlLg4VpJ3kJCA27nB1SsSWJUOiyO5B0SHcI9qAt
20230730-160745-5718 02943 ! releaseForWrite (lockserver.cc:353): [3595679316215390172] Releasing unheld write lock: OZPcfFbQ3zPIn4tTaDjvO5bNdBlLg4VpJ3kJCA27nB1SsSWJUOiyO5B0SHcI9qAt
20230730-160745-8611 02943 ! releaseForWrite (lockserver.cc:353): [-4494022780663391548] Releasing unheld write lock: 7srRSU74ibmo7lEKAeC5PpfMG84eq6ATogMdmgAvoSwG5e8JMtCep0HsNzKMNXcH
20230730-160746-4535 02943 ! releaseForRead  (lockserver.cc:293): [7511616248399870130] Releasing unheld read lock: 2az2SCDo1tpci6PNULBroxObb6WP9gQXL2ZMyP7O1ZkyITytDTxZY2wJzpqaZaA0
20230730-160746-5444 02943 * HandleRequestStateTransfer (replica.cc:727):   [0] Sending state transfer from <0,214115> to <0,214122>
20230730-160746-5449 02943 * HandleRequestStateTransfer (replica.cc:727):   [0] Sending state transfer from <0,214116> to <0,214126>
20230730-160746-5450 02943 * HandleRequestStateTransfer (replica.cc:727):   [0] Sending state transfer from <0,214118> to <0,214126>
20230730-160747-0246 02943 ! releaseForWrite (lockserver.cc:353): [-3873309292950741490] Releasing unheld write lock: XDsPhHtQgXvCON3KuGXT333fsR5QEUdt2dORdYi7rMG9nC0xDdqIPeO8ThLlc1gq
20230730-160747-0362 02943 ! releaseForRead  (lockserver.cc:293): [2689912326247530164] Releasing unheld read lock: 2az2SCDo1tpci6PNULBroxObb6WP9gQXL2ZMyP7O1ZkyITytDTxZY2wJzpqaZaA0
20230730-160747-1731 02943 ! releaseForRead  (lockserver.cc:293): [4026228968235160133] Releasing unheld read lock: 7srRSU74ibmo7lEKAeC5PpfMG84eq6ATogMdmgAvoSwG5e8JMtCep0HsNzKMNXcH
20230730-160747-1738 02943 ! releaseForWrite (lockserver.cc:353): [-5114015941452601540] Releasing unheld write lock: 2az2SCDo1tpci6PNULBroxObb6WP9gQXL2ZMyP7O1ZkyITytDTxZY2wJzpqaZaA0
20230730-160747-8827 02943 ! releaseForRead  (lockserver.cc:293): [4728019684135260182] Releasing unheld read lock: 7srRSU74ibmo7lEKAeC5PpfMG84eq6ATogMdmgAvoSwG5e8JMtCep0HsNzKMNXcH
20230730-160749-3155 02943 * HandleRequest   (replica.cc:436):   [0] Received duplicate request; resending reply
20230730-160750-0350 02943 ! releaseForRead  (lockserver.cc:293): [-3873309292950741477] Releasing unheld read lock: dOMU2MuiHFZaIXmbfJkp10VTNPj74aKHKFeRQOZoPNZSo7hOMxBPfwPE4tk9a04F
20230730-160750-0353 02943 ! releaseForWrite (lockserver.cc:353): [1896484280370920176] Releasing unheld write lock: pv0kPD8NKdKoRWsZF4TpBTbTGL5wnRQUb2wmesAhcqOonEJgWdt9H10kacw3yNWE
20230730-160750-0666 02943 ! releaseForRead  (lockserver.cc:293): [-8587128280783381432] Releasing unheld read lock: 7srRSU74ibmo7lEKAeC5PpfMG84eq6ATogMdmgAvoSwG5e8JMtCep0HsNzKMNXcH
20230730-160750-1306 02943 * HandleRequestStateTransfer (replica.cc:727):   [0] Sending state transfer from <0,238028> to <0,238032>
20230730-160750-1307 02943 * HandleRequestStateTransfer (replica.cc:727):   [0] Sending state transfer from <0,238029> to <0,238032>
20230730-160750-1308 02943 * HandleRequestStateTransfer (replica.cc:727):   [0] Sending state transfer from <0,238030> to <0,238033>
20230730-160750-7224 02943 * HandleRequestStateTransfer (replica.cc:727):   [0] Sending state transfer from <0,242647> to <0,242657>
20230730-160750-7225 02943 * SendMessageInternal (udptransport.cc:442): Sending large replication.vr.proto.StateTransferMessage message in 2 fragments
20230730-160750-7228 02943 * HandleRequestStateTransfer (replica.cc:727):   [0] Sending state transfer from <0,242648> to <0,242658>
20230730-160750-7228 02943 * SendMessageInternal (udptransport.cc:442): Sending large replication.vr.proto.StateTransferMessage message in 2 fragments
20230730-160750-7229 02943 * HandleRequestStateTransfer (replica.cc:727):   [0] Sending state transfer from <0,242651> to <0,242658>
20230730-160750-7232 02943 * HandleRequestStateTransfer (replica.cc:727):   [0] Sending state transfer from <0,242652> to <0,242658>
20230730-160750-7232 02943 * SendMessageInternal (udptransport.cc:442): Sending large replication.vr.proto.StateTransferMessage message in 2 fragments
20230730-160750-7234 02943 * HandleRequestStateTransfer (replica.cc:727):   [0] Sending state transfer from <0,242654> to <0,242660>
20230730-160750-7238 02943 * HandleRequestStateTransfer (replica.cc:727):   [0] Sending state transfer from <0,242656> to <0,242663>
20230730-160750-7241 02943 * HandleRequestStateTransfer (replica.cc:727):   [0] Sending state transfer from <0,242657> to <0,242664>
20230730-160750-7853 02943 * HandleRequestStateTransfer (replica.cc:727):   [0] Sending state transfer from <0,243119> to <0,243163>
20230730-160750-7854 02943 * SendMessageInternal (udptransport.cc:442): Sending large replication.vr.proto.StateTransferMessage message in 3 fragments
20230730-160750-7864 02943 * HandleRequestStateTransfer (replica.cc:727):   [0] Sending state transfer from <0,243153> to <0,243170>
20230730-160750-7865 02943 * SendMessageInternal (udptransport.cc:442): Sending large replication.vr.proto.StateTransferMessage message in 2 fragments
20230730-160750-7866 02943 * HandleRequestStateTransfer (replica.cc:727):   [0] Sending state transfer from <0,243156> to <0,243170>
20230730-160750-7866 02943 * SendMessageInternal (udptransport.cc:442): Sending large replication.vr.proto.StateTransferMessage message in 2 fragments
20230730-160750-7868 02943 * HandleRequestStateTransfer (replica.cc:727):   [0] Sending state transfer from <0,243157> to <0,243170>
20230730-160750-7868 02943 * SendMessageInternal (udptransport.cc:442): Sending large replication.vr.proto.StateTransferMessage message in 2 fragments
20230730-160750-7953 02943 * HandleRequestStateTransfer (replica.cc:727):   [0] Sending state transfer from <0,243223> to <0,243240>
20230730-160750-7954 02943 * SendMessageInternal (udptransport.cc:442): Sending large replication.vr.proto.StateTransferMessage message in 2 fragments
20230730-160753-9678 02943 * HandleRequestStateTransfer (replica.cc:727):   [0] Sending state transfer from <0,262144> to <0,262184>
20230730-160754-0010 02943 * SendMessageInternal (udptransport.cc:442): Sending large replication.vr.proto.StateTransferMessage message in 3 fragments
20230730-160754-0012 02943 * HandleRequestStateTransfer (replica.cc:727):   [0] Sending state transfer from <0,262167> to <0,262184>
20230730-160754-0037 02943 * SendMessageInternal (udptransport.cc:442): Sending large replication.vr.proto.StateTransferMessage message in 2 fragments
20230730-160754-0041 02943 * HandleRequestStateTransfer (replica.cc:727):   [0] Sending state transfer from <0,262174> to <0,262184>
20230730-160754-0068 02943 * SendMessageInternal (udptransport.cc:442): Sending large replication.vr.proto.StateTransferMessage message in 2 fragments
20230730-160754-0069 02943 * HandleRequestStateTransfer (replica.cc:727):   [0] Sending state transfer from <0,262179> to <0,262184>
20230730-160754-0077 02943 * SendMessageInternal (udptransport.cc:442): Sending large replication.vr.proto.StateTransferMessage message in 2 fragments
20230730-160754-0078 02943 * HandleRequestStateTransfer (replica.cc:727):   [0] Sending state transfer from <0,262184> to <0,262184>
20230730-160754-0078 02943 * SendMessageInternal (udptransport.cc:442): Sending large replication.vr.proto.StateTransferMessage message in 2 fragments
