20230730-160717-6594 02930 * HandleRequestStateTransfer (replica.cc:727):   [2] Sending state transfer from <0,14184> to <0,14184>
20230730-160718-3810 02930 * RequestStateTransfer (replica.cc:212):   [2] Requesting state transfer: <0,19982>
20230730-160718-3811 02930 * RequestStateTransfer (replica.cc:212):   [2] Requesting state transfer: <0,19983>
20230730-160718-3812 02930 * RequestStateTransfer (replica.cc:212):   [2] Requesting state transfer: <0,19984>
20230730-160718-8171 02930 ! releaseForWrite (lockserver.cc:353): [7273588589129020006] Releasing unheld write lock: uBcQAsseIAkEP1KufRVVgc7lG4zq3a0y551ZP3VO5bCW8utYxKBUQCChSYfCXoG8
20230730-160718-8171 02930 ! releaseForWrite (lockserver.cc:353): [7273588589129020006] Releasing unheld write lock: HUWEypM45Q4aaWTh4pLuz8S6zB6eXPyxkXvSb2lys462jqoSc7Ads747Z74MBCBT
20230730-160719-1384 02930 ! releaseForWrite (lockserver.cc:353): [3630457384497800006] Releasing unheld write lock: n3cmB51J8AP87Fwa8xz5G9yOVISyb4MGKIlxv6fmsSgWggT0QsfBr3tYtO1b9hDm
20230730-160719-1384 02930 ! releaseForRead  (lockserver.cc:293): [3630457384497800006] Releasing unheld read lock: IPHV4DK3iOiTQNaWYTefvvo1SSefRtjOaQDH1PozriVZWn0VVopc8PIi2Lq4Lf8P
20230730-160719-1384 02930 ! releaseForRead  (lockserver.cc:293): [3630457384497800006] Releasing unheld read lock: n3cmB51J8AP87Fwa8xz5G9yOVISyb4MGKIlxv6fmsSgWggT0QsfBr3tYtO1b9hDm
20230730-160720-0447 02930 * RequestStateTransfer (replica.cc:212):   [2] Requesting state transfer: <0,32825>
20230730-160720-0448 02930 * RequestStateTransfer (replica.cc:212):   [2] Requesting state transfer: <0,32828>
20230730-160720-0449 02930 * RequestStateTransfer (replica.cc:212):   [2] Requesting state transfer: <0,32829>
20230730-160720-0450 02930 * RequestStateTransfer (replica.cc:212):   [2] Requesting state transfer: <0,32831>
20230730-160720-0451 02930 * RequestStateTransfer (replica.cc:212):   [2] Requesting state transfer: <0,32833>
20230730-160720-0451 02930 * RequestStateTransfer (replica.cc:212):   [2] Requesting state transfer: <0,32835>
20230730-160720-0452 02930 * RequestStateTransfer (replica.cc:212):   [2] Requesting state transfer: <0,32837>
20230730-160720-0453 02930 * RequestStateTransfer (replica.cc:212):   [2] Requesting state transfer: <0,32838>
20230730-160720-0457 02930 * RequestStateTransfer (replica.cc:212):   [2] Requesting state transfer: <0,32847>
20230730-160720-0459 02930 * RequestStateTransfer (replica.cc:212):   [2] Requesting state transfer: <0,32849>
20230730-160720-0462 02930 * RequestStateTransfer (replica.cc:212):   [2] Requesting state transfer: <0,32850>
20230730-160720-1002 02930 * RequestStateTransfer (replica.cc:212):   [2] Requesting state transfer: <0,33355>
20230730-160720-2911 02930 * RequestStateTransfer (replica.cc:212):   [2] Requesting state transfer: <0,34902>
20230730-160720-2912 02930 * RequestStateTransfer (replica.cc:212):   [2] Requesting state transfer: <0,34903>
20230730-160720-2913 02930 * RequestStateTransfer (replica.cc:212):   [2] Requesting state transfer: <0,34904>
20230730-160720-2917 02930 * RequestStateTransfer (replica.cc:212):   [2] Requesting state transfer: <0,34905>
20230730-160720-2920 02930 * RequestStateTransfer (replica.cc:212):   [2] Requesting state transfer: <0,34906>
20230730-160720-2922 02930 * RequestStateTransfer (replica.cc:212):   [2] Requesting state transfer: <0,34908>
20230730-160720-2923 02930 * RequestStateTransfer (replica.cc:212):   [2] Requesting state transfer: <0,34910>
20230730-160720-2925 02930 * RequestStateTransfer (replica.cc:212):   [2] Requesting state transfer: <0,34911>
20230730-160720-2947 02930 * HandleRequestStateTransfer (replica.cc:727):   [2] Sending state transfer from <0,34902> to <0,34932>
20230730-160720-2947 02930 * SendMessageInternal (udptransport.cc:442): Sending large replication.vr.proto.StateTransferMessage message in 2 fragments
20230730-160720-2949 02930 * HandleRequestStateTransfer (replica.cc:727):   [2] Sending state transfer from <0,34903> to <0,34932>
20230730-160720-2949 02930 * SendMessageInternal (udptransport.cc:442): Sending large replication.vr.proto.StateTransferMessage message in 2 fragments
20230730-160720-2951 02930 * HandleRequestStateTransfer (replica.cc:727):   [2] Sending state transfer from <0,34904> to <0,34932>
20230730-160720-2951 02930 * SendMessageInternal (udptransport.cc:442): Sending large replication.vr.proto.StateTransferMessage message in 2 fragments
20230730-160720-2952 02930 * HandleRequestStateTransfer (replica.cc:727):   [2] Sending state transfer from <0,34905> to <0,34933>
20230730-160720-2953 02930 * SendMessageInternal (udptransport.cc:442): Sending large replication.vr.proto.StateTransferMessage message in 2 fragments
20230730-160720-2954 02930 * HandleRequestStateTransfer (replica.cc:727):   [2] Sending state transfer from <0,34906> to <0,34934>
20230730-160720-2954 02930 * SendMessageInternal (udptransport.cc:442): Sending large replication.vr.proto.StateTransferMessage message in 2 fragments
20230730-160720-2955 02930 * HandleRequestStateTransfer (replica.cc:727):   [2] Sending state transfer from <0,34908> to <0,34935>
20230730-160720-2956 02930 * SendMessageInternal (udptransport.cc:442): Sending large replication.vr.proto.StateTransferMessage message in 2 fragments
20230730-160720-2956 02930 * HandleRequestStateTransfer (replica.cc:727):   [2] Sending state transfer from <0,34910> to <0,34935>
20230730-160720-2957 02930 * SendMessageInternal (udptransport.cc:442): Sending large replication.vr.proto.StateTransferMessage message in 2 fragments
20230730-160720-2958 02930 * HandleRequestStateTransfer (replica.cc:727):   [2] Sending state transfer from <0,34911> to <0,34936>
20230730-160720-2958 02930 * SendMessageInternal (udptransport.cc:442): Sending large replication.vr.proto.StateTransferMessage message in 2 fragments
20230730-160720-2959 02930 * HandleRequestStateTransfer (replica.cc:727):   [2] Sending state transfer from <0,34912> to <0,34936>
20230730-160720-2959 02930 * SendMessageInternal (udptransport.cc:442): Sending large replication.vr.proto.StateTransferMessage message in 2 fragments
20230730-160720-2960 02930 * HandleRequestStateTransfer (replica.cc:727):   [2] Sending state transfer from <0,34932> to <0,34939>
20230730-160721-4688 02930 * RequestStateTransfer (replica.cc:212):   [2] Requesting state transfer: <0,43361>
20230730-160721-4690 02930 * RequestStateTransfer (replica.cc:212):   [2] Requesting state transfer: <0,43370>
20230730-160721-4691 02930 * RequestStateTransfer (replica.cc:212):   [2] Requesting state transfer: <0,43371>
20230730-160721-4699 02930 * RequestStateTransfer (replica.cc:212):   [2] Requesting state transfer: <0,43406>
20230730-160721-4703 02930 ! OnReadable      (udptransport.cc:573): Fragments out of order for packet b; expected start 0, got 9000
20230730-160722-2602 02930 * HandleRequestStateTransfer (replica.cc:727):   [2] Sending state transfer from <0,49919> to <0,49940>
20230730-160722-2603 02930 * SendMessageInternal (udptransport.cc:442): Sending large replication.vr.proto.StateTransferMessage message in 2 fragments
20230730-160722-2608 02930 * HandleRequestStateTransfer (replica.cc:727):   [2] Sending state transfer from <0,49943> to <0,49945>
20230730-160722-2609 02930 * HandleRequestStateTransfer (replica.cc:727):   [2] Sending state transfer from <0,49944> to <0,49945>
20230730-160722-2610 02930 * HandleRequestStateTransfer (replica.cc:727):   [2] Sending state transfer from <0,49945> to <0,49945>
20230730-160722-2611 02930 * HandleRequestStateTransfer (replica.cc:727):   [2] Sending state transfer from <0,49948> to <0,49950>
20230730-160722-2613 02930 * HandleRequestStateTransfer (replica.cc:727):   [2] Sending state transfer from <0,49950> to <0,49952>
20230730-160722-2614 02930 * HandleRequestStateTransfer (replica.cc:727):   [2] Sending state transfer from <0,49952> to <0,49953>
20230730-160722-2615 02930 * HandleRequestStateTransfer (replica.cc:727):   [2] Sending state transfer from <0,49953> to <0,49954>
20230730-160722-2617 02930 * HandleRequestStateTransfer (replica.cc:727):   [2] Sending state transfer from <0,49954> to <0,49954>
20230730-160724-2907 02930 * RequestStateTransfer (replica.cc:212):   [2] Requesting state transfer: <0,65536>
20230730-160724-2910 02930 ! OnReadable      (udptransport.cc:565): Failed to reconstruct packet b
20230730-160724-3391 02930 * RequestStateTransfer (replica.cc:212):   [2] Requesting state transfer: <0,66002>
20230730-160724-3398 02930 * RequestStateTransfer (replica.cc:212):   [2] Requesting state transfer: <0,66003>
20230730-160724-3399 02930 * RequestStateTransfer (replica.cc:212):   [2] Requesting state transfer: <0,66004>
20230730-160724-3400 02930 * RequestStateTransfer (replica.cc:212):   [2] Requesting state transfer: <0,66005>
20230730-160724-3401 02930 * RequestStateTransfer (replica.cc:212):   [2] Requesting state transfer: <0,66006>
20230730-160724-3404 02930 * RequestStateTransfer (replica.cc:212):   [2] Requesting state transfer: <0,66008>
20230730-160724-3405 02930 * RequestStateTransfer (replica.cc:212):   [2] Requesting state transfer: <0,66010>
20230730-160724-3407 02930 * RequestStateTransfer (replica.cc:212):   [2] Requesting state transfer: <0,66012>
20230730-160724-3409 02930 * RequestStateTransfer (replica.cc:212):   [2] Requesting state transfer: <0,66014>
20230730-160724-3410 02930 * RequestStateTransfer (replica.cc:212):   [2] Requesting state transfer: <0,66015>
20230730-160724-3412 02930 ! OnReadable      (udptransport.cc:573): Fragments out of order for packet 31; expected start 0, got 9000
20230730-160724-3417 02930 ! OnReadable      (udptransport.cc:565): Failed to reconstruct packet 31
20230730-160724-3421 02930 ! OnReadable      (udptransport.cc:573): Fragments out of order for packet 35; expected start 0, got 9000
20230730-160724-3426 02930 ! OnReadable      (udptransport.cc:565): Failed to reconstruct packet 35
20230730-160724-9514 02930 * RequestStateTransfer (replica.cc:212):   [2] Requesting state transfer: <0,71213>
20230730-160724-9516 02930 * RequestStateTransfer (replica.cc:212):   [2] Requesting state transfer: <0,71215>
20230730-160725-0646 02930 * RequestStateTransfer (replica.cc:212):   [2] Requesting state transfer: <0,71827>
20230730-160725-0647 02930 * HandleRequestStateTransfer (replica.cc:727):   [2] Sending state transfer from <0,71827> to <0,71828>
20230730-160725-0649 02930 * RequestStateTransfer (replica.cc:212):   [2] Requesting state transfer: <0,71831>
20230730-160725-0653 02930 * HandleRequestStateTransfer (replica.cc:727):   [2] Sending state transfer from <0,71831> to <0,71831>
20230730-160725-1325 02930 * RequestStateTransfer (replica.cc:212):   [2] Requesting state transfer: <0,72362>
20230730-160725-1326 02930 * RequestStateTransfer (replica.cc:212):   [2] Requesting state transfer: <0,72364>
20230730-160725-1329 02930 * RequestStateTransfer (replica.cc:212):   [2] Requesting state transfer: <0,72368>
20230730-160725-8566 02930 * HandleRequestStateTransfer (replica.cc:727):   [2] Sending state transfer from <0,77588> to <0,77593>
20230730-160725-8567 02930 * SendMessageInternal (udptransport.cc:442): Sending large replication.vr.proto.StateTransferMessage message in 2 fragments
20230730-160725-8571 02930 * HandleRequestStateTransfer (replica.cc:727):   [2] Sending state transfer from <0,77593> to <0,77595>
20230730-160725-8572 02930 * SendMessageInternal (udptransport.cc:442): Sending large replication.vr.proto.StateTransferMessage message in 2 fragments
20230730-160725-8573 02930 * HandleRequestStateTransfer (replica.cc:727):   [2] Sending state transfer from <0,77594> to <0,77595>
20230730-160725-8573 02930 * SendMessageInternal (udptransport.cc:442): Sending large replication.vr.proto.StateTransferMessage message in 2 fragments
20230730-160725-9083 02930 ! releaseForWrite (lockserver.cc:353): [1132273544978140026] Releasing unheld write lock: Vvoa1ewyAfJccCcsTYVhwf2d0CvXhOpLqwDZdfZsjGgzOpUZvkTHUaqTNJOypPJQ
20230730-160725-9084 02930 ! releaseForRead  (lockserver.cc:293): [1132273544978140026] Releasing unheld read lock: n3cmB51J8AP87Fwa8xz5G9yOVISyb4MGKIlxv6fmsSgWggT0QsfBr3tYtO1b9hDm
20230730-160725-9084 02930 ! releaseForRead  (lockserver.cc:293): [1132273544978140026] Releasing unheld read lock: zNcHKCmsf0NlPPGITEOcV4m1ks7AQjod2X0ED3XJpdFo4ZTRhNwsholOAXjtI4wv
20230730-160725-9084 02930 ! releaseForRead  (lockserver.cc:293): [1132273544978140026] Releasing unheld read lock: uqppttatBMDZ4hdw5fvaCg4BimKxZatmxsioewz9Wac1ymUh1qmmqYTXd3BcE2iQ
20230730-160727-1236 02930 ! releaseForWrite (lockserver.cc:353): [-3453931972249341585] Releasing unheld write lock: I1smVhd52Gvshm5U45bfIQli4ZYkKCQWaj3iilAKWD8sW0sKpewPxNcAkv3o9uz6
20230730-160727-1236 02930 ! releaseForWrite (lockserver.cc:353): [-3453931972249341585] Releasing unheld write lock: n3cmB51J8AP87Fwa8xz5G9yOVISyb4MGKIlxv6fmsSgWggT0QsfBr3tYtO1b9hDm
20230730-160727-1605 02930 ! releaseForWrite (lockserver.cc:353): [3341154749599110025] Releasing unheld write lock: n3cmB51J8AP87Fwa8xz5G9yOVISyb4MGKIlxv6fmsSgWggT0QsfBr3tYtO1b9hDm
20230730-160727-4659 02930 * RequestStateTransfer (replica.cc:212):   [2] Requesting state transfer: <0,89467>
20230730-160727-4668 02930 * RequestStateTransfer (replica.cc:212):   [2] Requesting state transfer: <0,89508>
20230730-160727-4670 02930 * RequestStateTransfer (replica.cc:212):   [2] Requesting state transfer: <0,89514>
20230730-160727-4671 02930 * RequestStateTransfer (replica.cc:212):   [2] Requesting state transfer: <0,89515>
20230730-160727-4672 02930 * RequestStateTransfer (replica.cc:212):   [2] Requesting state transfer: <0,89516>
20230730-160727-4698 02930 ! OnReadable      (udptransport.cc:573): Fragments out of order for packet 43; expected start 0, got 9000
20230730-160727-4700 02930 ! OnReadable      (udptransport.cc:565): Failed to reconstruct packet 43
20230730-160728-4529 02930 * HandleRequestStateTransfer (replica.cc:727):   [2] Sending state transfer from <0,97499> to <0,97499>
20230730-160728-4532 02930 * HandleRequestStateTransfer (replica.cc:727):   [2] Sending state transfer from <0,97500> to <0,97500>
20230730-160728-4535 02930 * HandleRequestStateTransfer (replica.cc:727):   [2] Sending state transfer from <0,97502> to <0,97502>
20230730-160728-4537 02930 * HandleRequestStateTransfer (replica.cc:727):   [2] Sending state transfer from <0,97503> to <0,97503>
20230730-160729-2882 02930 * RequestStateTransfer (replica.cc:212):   [2] Requesting state transfer: <0,103475>
20230730-160730-0076 02930 ! releaseForWrite (lockserver.cc:353): [-3453931972249341579] Releasing unheld write lock: n3cmB51J8AP87Fwa8xz5G9yOVISyb4MGKIlxv6fmsSgWggT0QsfBr3tYtO1b9hDm
20230730-160730-0149 02930 ! releaseForWrite (lockserver.cc:353): [9118173381756010033] Releasing unheld write lock: n3cmB51J8AP87Fwa8xz5G9yOVISyb4MGKIlxv6fmsSgWggT0QsfBr3tYtO1b9hDm
20230730-160730-0150 02930 ! releaseForRead  (lockserver.cc:293): [9118173381756010033] Releasing unheld read lock: 5DQaxTg6NMFVZFYKAErL95zeL3Vb7HjumQuox08ePdJB6BFmHKXO2JsY2qW4v2MP
20230730-160730-1642 02930 ! releaseForRead  (lockserver.cc:293): [-118784263559281498] Releasing unheld read lock: n3cmB51J8AP87Fwa8xz5G9yOVISyb4MGKIlxv6fmsSgWggT0QsfBr3tYtO1b9hDm
20230730-160730-4199 02930 * RequestStateTransfer (replica.cc:212):   [2] Requesting state transfer: <0,111973>
20230730-160730-4200 02930 * RequestStateTransfer (replica.cc:212):   [2] Requesting state transfer: <0,111974>
20230730-160730-4201 02930 * RequestStateTransfer (replica.cc:212):   [2] Requesting state transfer: <0,111976>
20230730-160730-4202 02930 * RequestStateTransfer (replica.cc:212):   [2] Requesting state transfer: <0,111977>
20230730-160730-4203 02930 * RequestStateTransfer (replica.cc:212):   [2] Requesting state transfer: <0,111980>
20230730-160730-4206 02930 * RequestStateTransfer (replica.cc:212):   [2] Requesting state transfer: <0,111982>
20230730-160730-4208 02930 * RequestStateTransfer (replica.cc:212):   [2] Requesting state transfer: <0,111983>
20230730-160731-5584 02930 * RequestStateTransfer (replica.cc:212):   [2] Requesting state transfer: <0,120535>
20230730-160732-5776 02930 * RequestStateTransfer (replica.cc:212):   [2] Requesting state transfer: <0,127708>
20230730-160732-5777 02930 * RequestStateTransfer (replica.cc:212):   [2] Requesting state transfer: <0,127709>
20230730-160732-5778 02930 * HandleRequestStateTransfer (replica.cc:727):   [2] Sending state transfer from <0,127708> to <0,127709>
20230730-160732-5779 02930 * RequestStateTransfer (replica.cc:212):   [2] Requesting state transfer: <0,127710>
20230730-160732-5780 02930 * HandleRequestStateTransfer (replica.cc:727):   [2] Sending state transfer from <0,127709> to <0,127712>
20230730-160732-5781 02930 * RequestStateTransfer (replica.cc:212):   [2] Requesting state transfer: <0,127712>
20230730-160732-5782 02930 * RequestStateTransfer (replica.cc:212):   [2] Requesting state transfer: <0,127713>
20230730-160732-5783 02930 * HandleRequestStateTransfer (replica.cc:727):   [2] Sending state transfer from <0,127710> to <0,127714>
20230730-160732-5784 02930 * RequestStateTransfer (replica.cc:212):   [2] Requesting state transfer: <0,127715>
20230730-160732-5785 02930 * RequestStateTransfer (replica.cc:212):   [2] Requesting state transfer: <0,127716>
20230730-160732-5786 02930 * HandleRequestStateTransfer (replica.cc:727):   [2] Sending state transfer from <0,127712> to <0,127717>
20230730-160732-5787 02930 * RequestStateTransfer (replica.cc:212):   [2] Requesting state transfer: <0,127717>
20230730-160732-5788 02930 * RequestStateTransfer (replica.cc:212):   [2] Requesting state transfer: <0,127718>
20230730-160732-5788 02930 * HandleRequestStateTransfer (replica.cc:727):   [2] Sending state transfer from <0,127713> to <0,127718>
20230730-160732-5790 02930 * RequestStateTransfer (replica.cc:212):   [2] Requesting state transfer: <0,127719>
20230730-160732-5791 02930 * HandleRequestStateTransfer (replica.cc:727):   [2] Sending state transfer from <0,127715> to <0,127721>
20230730-160732-5792 02930 * RequestStateTransfer (replica.cc:212):   [2] Requesting state transfer: <0,127721>
20230730-160732-5792 02930 * HandleRequestStateTransfer (replica.cc:727):   [2] Sending state transfer from <0,127716> to <0,127721>
20230730-160732-5793 02930 * HandleRequestStateTransfer (replica.cc:727):   [2] Sending state transfer from <0,127717> to <0,127721>
20230730-160732-5795 02930 * HandleRequestStateTransfer (replica.cc:727):   [2] Sending state transfer from <0,127718> to <0,127722>
20230730-160732-5798 02930 * HandleRequestStateTransfer (replica.cc:727):   [2] Sending state transfer from <0,127719> to <0,127722>
20230730-160732-5799 02930 * HandleRequestStateTransfer (replica.cc:727):   [2] Sending state transfer from <0,127721> to <0,127722>
20230730-160732-5810 02930 ! OnReadable      (udptransport.cc:573): Fragments out of order for packet 61; expected start 0, got 9000
20230730-160732-5811 02930 ! OnReadable      (udptransport.cc:565): Failed to reconstruct packet 61
20230730-160733-1900 02930 * RequestStateTransfer (replica.cc:212):   [2] Requesting state transfer: <0,131093>
20230730-160733-1902 02930 * RequestStateTransfer (replica.cc:212):   [2] Requesting state transfer: <0,131105>
20230730-160733-1904 02930 * HandleRequestStateTransfer (replica.cc:727):   [2] Sending state transfer from <0,131093> to <0,131107>
20230730-160733-1996 02930 * HandleRequestStateTransfer (replica.cc:727):   [2] Sending state transfer from <0,131105> to <0,131109>
20230730-160733-1996 02930 * RequestStateTransfer (replica.cc:212):   [2] Requesting state transfer: <0,131109>
20230730-160733-1998 02930 * RequestStateTransfer (replica.cc:212):   [2] Requesting state transfer: <0,131116>
20230730-160733-2000 02930 * RequestStateTransfer (replica.cc:212):   [2] Requesting state transfer: <0,131122>
20230730-160733-2001 02930 * HandleRequestStateTransfer (replica.cc:727):   [2] Sending state transfer from <0,131109> to <0,131122>
20230730-160733-2002 02930 * HandleRequestStateTransfer (replica.cc:727):   [2] Sending state transfer from <0,131116> to <0,131122>
20230730-160733-2003 02930 * HandleRequestStateTransfer (replica.cc:727):   [2] Sending state transfer from <0,131122> to <0,131122>
20230730-160734-4118 02930 * RequestStateTransfer (replica.cc:212):   [2] Requesting state transfer: <0,140761>
20230730-160734-4121 02930 * RequestStateTransfer (replica.cc:212):   [2] Requesting state transfer: <0,140764>
20230730-160734-4123 02930 * RequestStateTransfer (replica.cc:212):   [2] Requesting state transfer: <0,140765>
20230730-160734-4125 02930 * RequestStateTransfer (replica.cc:212):   [2] Requesting state transfer: <0,140769>
20230730-160735-7154 02930 * RequestStateTransfer (replica.cc:212):   [2] Requesting state transfer: <0,150674>
20230730-160735-7156 02930 * RequestStateTransfer (replica.cc:212):   [2] Requesting state transfer: <0,150675>
20230730-160735-7159 02930 * RequestStateTransfer (replica.cc:212):   [2] Requesting state transfer: <0,150676>
20230730-160735-7160 02930 * RequestStateTransfer (replica.cc:212):   [2] Requesting state transfer: <0,150677>
20230730-160735-7163 02930 * RequestStateTransfer (replica.cc:212):   [2] Requesting state transfer: <0,150678>
20230730-160735-7165 02930 * HandleRequestStateTransfer (replica.cc:727):   [2] Sending state transfer from <0,150674> to <0,150679>
20230730-160735-7166 02930 * RequestStateTransfer (replica.cc:212):   [2] Requesting state transfer: <0,150680>
20230730-160735-7167 02930 * RequestStateTransfer (replica.cc:212):   [2] Requesting state transfer: <0,150681>
20230730-160735-7168 02930 * HandleRequestStateTransfer (replica.cc:727):   [2] Sending state transfer from <0,150675> to <0,150681>
20230730-160735-7169 02930 * HandleRequestStateTransfer (replica.cc:727):   [2] Sending state transfer from <0,150676> to <0,150683>
20230730-160735-7170 02930 * HandleRequestStateTransfer (replica.cc:727):   [2] Sending state transfer from <0,150677> to <0,150683>
20230730-160735-7171 02930 * HandleRequestStateTransfer (replica.cc:727):   [2] Sending state transfer from <0,150678> to <0,150683>
20230730-160735-7172 02930 * HandleRequestStateTransfer (replica.cc:727):   [2] Sending state transfer from <0,150680> to <0,150683>
20230730-160735-7173 02930 * HandleRequestStateTransfer (replica.cc:727):   [2] Sending state transfer from <0,150681> to <0,150683>
20230730-160735-7184 02930 * HandleRequestStateTransfer (replica.cc:727):   [2] Sending state transfer from <0,150684> to <0,150684>
20230730-160736-2765 02930 * HandleRequestStateTransfer (replica.cc:727):   [2] Sending state transfer from <0,155542> to <0,155543>
20230730-160736-2766 02930 * HandleRequestStateTransfer (replica.cc:727):   [2] Sending state transfer from <0,155543> to <0,155543>
20230730-160736-2768 02930 * HandleRequestStateTransfer (replica.cc:727):   [2] Sending state transfer from <0,155545> to <0,155548>
20230730-160736-2770 02930 * HandleRequestStateTransfer (replica.cc:727):   [2] Sending state transfer from <0,155548> to <0,155549>
20230730-160737-5663 02930 * RequestStateTransfer (replica.cc:212):   [2] Requesting state transfer: <0,166718>
20230730-160737-5664 02930 * RequestStateTransfer (replica.cc:212):   [2] Requesting state transfer: <0,166719>
20230730-160737-5666 02930 * RequestStateTransfer (replica.cc:212):   [2] Requesting state transfer: <0,166720>
20230730-160737-5667 02930 * RequestStateTransfer (replica.cc:212):   [2] Requesting state transfer: <0,166721>
20230730-160737-5668 02930 * RequestStateTransfer (replica.cc:212):   [2] Requesting state transfer: <0,166722>
20230730-160737-5669 02930 * RequestStateTransfer (replica.cc:212):   [2] Requesting state transfer: <0,166723>
20230730-160737-5672 02930 * RequestStateTransfer (replica.cc:212):   [2] Requesting state transfer: <0,166725>
20230730-160737-5673 02930 * RequestStateTransfer (replica.cc:212):   [2] Requesting state transfer: <0,166726>
20230730-160737-5700 02930 ! OnReadable      (udptransport.cc:573): Fragments out of order for packet 85; expected start 0, got 9000
20230730-160737-5703 02930 ! OnReadable      (udptransport.cc:565): Failed to reconstruct packet 85
20230730-160737-9517 02930 * RequestStateTransfer (replica.cc:212):   [2] Requesting state transfer: <0,169952>
20230730-160737-9519 02930 * RequestStateTransfer (replica.cc:212):   [2] Requesting state transfer: <0,169964>
20230730-160737-9520 02930 * RequestStateTransfer (replica.cc:212):   [2] Requesting state transfer: <0,169966>
20230730-160738-1606 02930 * RequestStateTransfer (replica.cc:212):   [2] Requesting state transfer: <0,171664>
20230730-160738-1607 02930 * RequestStateTransfer (replica.cc:212):   [2] Requesting state transfer: <0,171667>
20230730-160738-1608 02930 * RequestStateTransfer (replica.cc:212):   [2] Requesting state transfer: <0,171669>
20230730-160738-1609 02930 * RequestStateTransfer (replica.cc:212):   [2] Requesting state transfer: <0,171670>
20230730-160738-1610 02930 * RequestStateTransfer (replica.cc:212):   [2] Requesting state transfer: <0,171671>
20230730-160738-5031 02930 * RequestStateTransfer (replica.cc:212):   [2] Requesting state transfer: <0,174597>
20230730-160738-5033 02930 * RequestStateTransfer (replica.cc:212):   [2] Requesting state transfer: <0,174598>
20230730-160738-5034 02930 * RequestStateTransfer (replica.cc:212):   [2] Requesting state transfer: <0,174599>
20230730-160738-5051 02930 ! OnReadable      (udptransport.cc:573): Fragments out of order for packet 94; expected start 0, got 9000
20230730-160738-5054 02930 ! OnReadable      (udptransport.cc:565): Failed to reconstruct packet 94
20230730-160740-0139 02930 * RequestStateTransfer (replica.cc:212):   [2] Requesting state transfer: <0,187010>
20230730-160740-0140 02930 * RequestStateTransfer (replica.cc:212):   [2] Requesting state transfer: <0,187011>
20230730-160740-6811 02930 * RequestStateTransfer (replica.cc:212):   [2] Requesting state transfer: <0,191658>
20230730-160740-6826 02930 * RequestStateTransfer (replica.cc:212):   [2] Requesting state transfer: <0,191714>
20230730-160740-6827 02930 * RequestStateTransfer (replica.cc:212):   [2] Requesting state transfer: <0,191717>
20230730-160740-6828 02930 * RequestStateTransfer (replica.cc:212):   [2] Requesting state transfer: <0,191718>
20230730-160740-6829 02930 * RequestStateTransfer (replica.cc:212):   [2] Requesting state transfer: <0,191720>
20230730-160740-6830 02930 * RequestStateTransfer (replica.cc:212):   [2] Requesting state transfer: <0,191721>
20230730-160740-6831 02930 * RequestStateTransfer (replica.cc:212):   [2] Requesting state transfer: <0,191722>
20230730-160740-6867 02930 ! OnReadable      (udptransport.cc:573): Fragments out of order for packet 9b; expected start 0, got 9000
20230730-160740-6868 02930 ! OnReadable      (udptransport.cc:565): Failed to reconstruct packet 9b
20230730-160740-7627 02930 * HandleRequestStateTransfer (replica.cc:727):   [2] Sending state transfer from <0,192316> to <0,192317>
20230730-160740-7627 02930 * HandleRequestStateTransfer (replica.cc:727):   [2] Sending state transfer from <0,192317> to <0,192317>
20230730-160740-7629 02930 * HandleRequestStateTransfer (replica.cc:727):   [2] Sending state transfer from <0,192318> to <0,192318>
20230730-160740-7630 02930 * HandleRequestStateTransfer (replica.cc:727):   [2] Sending state transfer from <0,192319> to <0,192319>
20230730-160740-8379 02930 * HandleRequestStateTransfer (replica.cc:727):   [2] Sending state transfer from <0,192932> to <0,192932>
20230730-160740-8381 02930 * HandleRequestStateTransfer (replica.cc:727):   [2] Sending state transfer from <0,192933> to <0,192933>
20230730-160740-8385 02930 * HandleRequestStateTransfer (replica.cc:727):   [2] Sending state transfer from <0,192935> to <0,192935>
20230730-160740-8390 02930 * HandleRequestStateTransfer (replica.cc:727):   [2] Sending state transfer from <0,192937> to <0,192937>
20230730-160740-8393 02930 * HandleRequestStateTransfer (replica.cc:727):   [2] Sending state transfer from <0,192938> to <0,192940>
20230730-160741-2242 02930 * RequestStateTransfer (replica.cc:212):   [2] Requesting state transfer: <0,195927>
20230730-160741-2247 02930 ! OnReadable      (udptransport.cc:573): Fragments out of order for packet 1b; expected start 9000, got 18000
20230730-160741-2683 02930 * RequestStateTransfer (replica.cc:212):   [2] Requesting state transfer: <0,196288>
20230730-160741-2684 02930 * RequestStateTransfer (replica.cc:212):   [2] Requesting state transfer: <0,196291>
20230730-160741-2685 02930 * RequestStateTransfer (replica.cc:212):   [2] Requesting state transfer: <0,196293>
20230730-160741-2686 02930 * RequestStateTransfer (replica.cc:212):   [2] Requesting state transfer: <0,196294>
20230730-160741-2687 02930 * RequestStateTransfer (replica.cc:212):   [2] Requesting state transfer: <0,196295>
20230730-160741-2688 02930 * RequestStateTransfer (replica.cc:212):   [2] Requesting state transfer: <0,196298>
20230730-160741-2689 02930 * RequestStateTransfer (replica.cc:212):   [2] Requesting state transfer: <0,196299>
20230730-160741-2690 02930 * RequestStateTransfer (replica.cc:212):   [2] Requesting state transfer: <0,196302>
20230730-160741-2691 02930 * RequestStateTransfer (replica.cc:212):   [2] Requesting state transfer: <0,196303>
20230730-160741-2692 02930 * RequestStateTransfer (replica.cc:212):   [2] Requesting state transfer: <0,196304>
20230730-160741-2695 02930 ! OnReadable      (udptransport.cc:565): Failed to reconstruct packet 1b
20230730-160741-2698 02930 * RequestStateTransfer (replica.cc:212):   [2] Requesting state transfer: <0,196316>
20230730-160741-2712 02930 ! OnReadable      (udptransport.cc:573): Fragments out of order for packet 26; expected start 0, got 9000
20230730-160741-2756 02930 ! OnReadable      (udptransport.cc:573): Fragments out of order for packet b3; expected start 0, got 9000
20230730-160741-7084 02930 ! releaseForWrite (lockserver.cc:353): [1688237299413860061] Releasing unheld write lock: n3cmB51J8AP87Fwa8xz5G9yOVISyb4MGKIlxv6fmsSgWggT0QsfBr3tYtO1b9hDm
20230730-160741-7119 02930 * RequestStateTransfer (replica.cc:212):   [2] Requesting state transfer: <0,199385>
20230730-160741-7123 02930 * RequestStateTransfer (replica.cc:212):   [2] Requesting state transfer: <0,199395>
20230730-160741-7124 02930 * RequestStateTransfer (replica.cc:212):   [2] Requesting state transfer: <0,199396>
20230730-160741-7126 02930 * RequestStateTransfer (replica.cc:212):   [2] Requesting state transfer: <0,199398>
20230730-160741-7965 02930 * RequestStateTransfer (replica.cc:212):   [2] Requesting state transfer: <0,200011>
20230730-160741-7966 02930 * RequestStateTransfer (replica.cc:212):   [2] Requesting state transfer: <0,200013>
20230730-160741-7967 02930 * RequestStateTransfer (replica.cc:212):   [2] Requesting state transfer: <0,200014>
20230730-160741-7968 02930 * RequestStateTransfer (replica.cc:212):   [2] Requesting state transfer: <0,200015>
20230730-160741-7973 02930 ! OnReadable      (udptransport.cc:565): Failed to reconstruct packet 26
20230730-160741-7989 02930 ! OnReadable      (udptransport.cc:565): Failed to reconstruct packet b3
20230730-160742-4445 02930 * RequestStateTransfer (replica.cc:212):   [2] Requesting state transfer: <0,204779>
20230730-160743-1404 02930 * RequestStateTransfer (replica.cc:212):   [2] Requesting state transfer: <0,210113>
20230730-160743-1404 02930 * RequestStateTransfer (replica.cc:212):   [2] Requesting state transfer: <0,210114>
20230730-160743-1405 02930 * RequestStateTransfer (replica.cc:212):   [2] Requesting state transfer: <0,210115>
20230730-160743-1406 02930 * RequestStateTransfer (replica.cc:212):   [2] Requesting state transfer: <0,210116>
20230730-160743-1407 02930 * RequestStateTransfer (replica.cc:212):   [2] Requesting state transfer: <0,210117>
20230730-160743-1408 02930 * RequestStateTransfer (replica.cc:212):   [2] Requesting state transfer: <0,210118>
20230730-160743-1409 02930 * RequestStateTransfer (replica.cc:212):   [2] Requesting state transfer: <0,210119>
20230730-160743-1410 02930 * RequestStateTransfer (replica.cc:212):   [2] Requesting state transfer: <0,210121>
20230730-160743-1417 02930 * RequestStateTransfer (replica.cc:212):   [2] Requesting state transfer: <0,210140>
20230730-160743-1419 02930 * RequestStateTransfer (replica.cc:212):   [2] Requesting state transfer: <0,210142>
20230730-160743-1422 02930 * RequestStateTransfer (replica.cc:212):   [2] Requesting state transfer: <0,210144>
20230730-160743-1423 02930 * RequestStateTransfer (replica.cc:212):   [2] Requesting state transfer: <0,210145>
20230730-160743-1425 02930 * RequestStateTransfer (replica.cc:212):   [2] Requesting state transfer: <0,210146>
20230730-160743-1449 02930 ! releaseForWrite (lockserver.cc:353): [-3665616270863751540] Releasing unheld write lock: n3cmB51J8AP87Fwa8xz5G9yOVISyb4MGKIlxv6fmsSgWggT0QsfBr3tYtO1b9hDm
20230730-160743-1449 02930 ! releaseForWrite (lockserver.cc:353): [-3665616270863751540] Releasing unheld write lock: jJxXubC2Bl4Sl5OXCgHKZxlRR10s4LwsV23D1y1pz4lzMBnuwH4FDvAcga70fsW4
20230730-160743-1449 02930 ! releaseForWrite (lockserver.cc:353): [-3665616270863751540] Releasing unheld write lock: HxcyIsUDJb54Djmf0zup8P6HsSRouKdtn1cFMkVFq7Kt1ICdaiMwVB6c0uQKEm6g
20230730-160743-1449 02930 ! releaseForRead  (lockserver.cc:293): [-3665616270863751540] Releasing unheld read lock: DAOxInH66tOKMQgl32ksstiV2dNzHAMAdbfWEF9Us4MGQnAPcIxG7ovZnahOEpKn
20230730-160743-1465 02930 ! releaseForRead  (lockserver.cc:293): [7964377278287390062] Releasing unheld read lock: udDOsmhikcpzP7OsE3iw7Vc5f9JOthCrigzuDt7BAIFXNyz1pIpCPXwVUe83kFzY
20230730-160743-1465 02930 ! releaseForRead  (lockserver.cc:293): [7964377278287390062] Releasing unheld read lock: n3cmB51J8AP87Fwa8xz5G9yOVISyb4MGKIlxv6fmsSgWggT0QsfBr3tYtO1b9hDm
20230730-160743-6118 02930 * HandleRequestStateTransfer (replica.cc:727):   [2] Sending state transfer from <0,213707> to <0,213766>
20230730-160743-6119 02930 * SendMessageInternal (udptransport.cc:442): Sending large replication.vr.proto.StateTransferMessage message in 3 fragments
20230730-160743-6127 02930 * HandleRequestStateTransfer (replica.cc:727):   [2] Sending state transfer from <0,213766> to <0,213773>
20230730-160743-6129 02930 * HandleRequestStateTransfer (replica.cc:727):   [2] Sending state transfer from <0,213769> to <0,213774>
20230730-160743-6130 02930 * HandleRequestStateTransfer (replica.cc:727):   [2] Sending state transfer from <0,213772> to <0,213775>
20230730-160743-6131 02930 * HandleRequestStateTransfer (replica.cc:727):   [2] Sending state transfer from <0,213774> to <0,213775>
20230730-160743-6134 02930 * HandleRequestStateTransfer (replica.cc:727):   [2] Sending state transfer from <0,213775> to <0,213776>
20230730-160743-6135 02930 * HandleRequestStateTransfer (replica.cc:727):   [2] Sending state transfer from <0,213776> to <0,213776>
20230730-160743-6519 02930 * RequestStateTransfer (replica.cc:212):   [2] Requesting state transfer: <0,214020>
20230730-160743-6521 02930 * RequestStateTransfer (replica.cc:212):   [2] Requesting state transfer: <0,214027>
20230730-160743-6522 02930 * RequestStateTransfer (replica.cc:212):   [2] Requesting state transfer: <0,214028>
20230730-160743-6523 02930 * RequestStateTransfer (replica.cc:212):   [2] Requesting state transfer: <0,214030>
20230730-160743-6524 02930 * RequestStateTransfer (replica.cc:212):   [2] Requesting state transfer: <0,214031>
20230730-160743-6530 02930 * RequestStateTransfer (replica.cc:212):   [2] Requesting state transfer: <0,214045>
20230730-160743-6532 02930 * RequestStateTransfer (replica.cc:212):   [2] Requesting state transfer: <0,214046>
20230730-160743-6533 02930 * RequestStateTransfer (replica.cc:212):   [2] Requesting state transfer: <0,214047>
20230730-160743-6535 02930 ! OnReadable      (udptransport.cc:573): Fragments out of order for packet 37; expected start 0, got 9000
20230730-160743-6536 02930 * RequestStateTransfer (replica.cc:212):   [2] Requesting state transfer: <0,214051>
20230730-160743-8848 02930 ! releaseForWrite (lockserver.cc:353): [8652656222927090062] Releasing unheld write lock: n3cmB51J8AP87Fwa8xz5G9yOVISyb4MGKIlxv6fmsSgWggT0QsfBr3tYtO1b9hDm
20230730-160743-8848 02930 ! releaseForRead  (lockserver.cc:293): [8652656222927090062] Releasing unheld read lock: N4D4SS9SqVvXGG1nLJLaYK3iNQh9jNHDaEIERxFEdaopomaApgz7yVE0A2P03Tk5
20230730-160744-2804 02930 ! releaseForWrite (lockserver.cc:353): [1688237299413860064] Releasing unheld write lock: QnakaVVGit0n5RRY6vOSHHvVw9KYpRxKv6Oni658NdM48Rq8JlXGTIjEGpR1kEto
20230730-160744-2804 02930 ! releaseForWrite (lockserver.cc:353): [1688237299413860064] Releasing unheld write lock: rrduFTfFb3JajcNm63nzW1pqXwyFGYKYI5SqApETLFzBmVAgH3wsHRU31CNJM5Dg
20230730-160744-2804 02930 ! releaseForWrite (lockserver.cc:353): [1688237299413860064] Releasing unheld write lock: JG7C7hku7c6D5NpwDNV83UzW7O9KwZWsu7tlR1iEh2jO6aCdrqEpXsYEMkzgtHAu
20230730-160744-2804 02930 ! releaseForWrite (lockserver.cc:353): [1688237299413860064] Releasing unheld write lock: 4scu5tDVSYyrzFFywAruNLgmQflkrR5ATgE2olDpDdJx7VXVgXKuoKGduqbX5fOk
20230730-160744-2805 02930 ! releaseForRead  (lockserver.cc:293): [1688237299413860064] Releasing unheld read lock: n3cmB51J8AP87Fwa8xz5G9yOVISyb4MGKIlxv6fmsSgWggT0QsfBr3tYtO1b9hDm
20230730-160744-2829 02930 ! releaseForWrite (lockserver.cc:353): [2764595830992720066] Releasing unheld write lock: 2sqHNNHGo9WoZRvjSqL9v40KTxt84bOgWtis7sveHo6a85E7JnYESWGvpD6a3Cie
20230730-160744-2829 02930 ! releaseForRead  (lockserver.cc:293): [2764595830992720066] Releasing unheld read lock: 8H6Zyu1h18A7PmX59dOwJp1zinpbGltKDaZaOS4WAX9iTaFg8fpPUAkYmrivJuNf
20230730-160744-3041 02930 ! releaseForWrite (lockserver.cc:353): [1132273544978140072] Releasing unheld write lock: n3cmB51J8AP87Fwa8xz5G9yOVISyb4MGKIlxv6fmsSgWggT0QsfBr3tYtO1b9hDm
20230730-160744-3716 02930 ! releaseForWrite (lockserver.cc:353): [-5447688693671001550] Releasing unheld write lock: n3cmB51J8AP87Fwa8xz5G9yOVISyb4MGKIlxv6fmsSgWggT0QsfBr3tYtO1b9hDm
20230730-160745-0452 02930 ! releaseForWrite (lockserver.cc:353): [-8348191458036001511] Releasing unheld write lock: 4KgThFjsYPodsIUrgvCgAqiYz3GPxk6v0uIbqkfh6QHn6jVo974H5UYa0Z5whgLk
20230730-160745-2020 02930 ! releaseForWrite (lockserver.cc:353): [1601191879601220069] Releasing unheld write lock: 2sqHNNHGo9WoZRvjSqL9v40KTxt84bOgWtis7sveHo6a85E7JnYESWGvpD6a3Cie
20230730-160745-2020 02930 ! releaseForRead  (lockserver.cc:293): [1601191879601220069] Releasing unheld read lock: 7zb1vYE8jbKHGKPqIWC8M9yODhSNZxysQZ37jrWeKFnn6w1qolX4FGNUKsA7puK8
20230730-160745-2020 02930 ! releaseForRead  (lockserver.cc:293): [1601191879601220069] Releasing unheld read lock: n3cmB51J8AP87Fwa8xz5G9yOVISyb4MGKIlxv6fmsSgWggT0QsfBr3tYtO1b9hDm
20230730-160745-2020 02930 ! releaseForRead  (lockserver.cc:293): [1601191879601220069] Releasing unheld read lock: beqI70slFSv7Y2zZHXASrULcUQPTdhX8rOYwAR3ZA4JW131mGYwsezyTWQI4oCCC
20230730-160745-2021 02930 ! releaseForRead  (lockserver.cc:293): [1601191879601220069] Releasing unheld read lock: Du0kHcqAVUaDhPXIN00NoLBkJBgGv0vXrTL1PAHZTYx4KDrILCr6PwDJzdm2sECw
20230730-160745-8113 02930 * HandleRequestStateTransfer (replica.cc:727):   [2] Sending state transfer from <0,230756> to <0,230756>
20230730-160745-8114 02930 * HandleRequestStateTransfer (replica.cc:727):   [2] Sending state transfer from <0,230757> to <0,230757>
20230730-160745-8117 02930 * HandleRequestStateTransfer (replica.cc:727):   [2] Sending state transfer from <0,230759> to <0,230759>
20230730-160745-8800 02930 ! releaseForRead  (lockserver.cc:293): [-473339761346521491] Releasing unheld read lock: enIIzNeSoLUKNy5QB4nluZqbZdL6Jy3azhXHyTvr02ZXpTCLcpc5Fq3o0UP1pGkb
20230730-160745-8800 02930 ! releaseForRead  (lockserver.cc:293): [-473339761346521491] Releasing unheld read lock: n3cmB51J8AP87Fwa8xz5G9yOVISyb4MGKIlxv6fmsSgWggT0QsfBr3tYtO1b9hDm
20230730-160745-9321 02930 ! releaseForWrite (lockserver.cc:353): [-1333231209533781554] Releasing unheld write lock: Q9kmyGEKtSJXp7PqCWzbGRP8rrc2vioYT6NCEoTeEL11QE4BSgUDk3paBy0qQ5fa
20230730-160745-9321 02930 ! releaseForWrite (lockserver.cc:353): [-1333231209533781554] Releasing unheld write lock: n3cmB51J8AP87Fwa8xz5G9yOVISyb4MGKIlxv6fmsSgWggT0QsfBr3tYtO1b9hDm
20230730-160745-9321 02930 ! releaseForRead  (lockserver.cc:293): [-1333231209533781554] Releasing unheld read lock: 3BUBXEVfXOpRrKBntS2OuSqhKZmZhMsEGY3pkLyvw06UXBvOFcA2TAVHB1BbIAqd
20230730-160745-9440 02930 ! releaseForWrite (lockserver.cc:353): [4344108807788520075] Releasing unheld write lock: n3cmB51J8AP87Fwa8xz5G9yOVISyb4MGKIlxv6fmsSgWggT0QsfBr3tYtO1b9hDm
20230730-160745-9440 02930 ! releaseForWrite (lockserver.cc:353): [4344108807788520075] Releasing unheld write lock: i976v1UvdkgrxylA5OMZViMjFlj2eHyhDWVPQFlphpG536smTqTJusome4TDCShc
20230730-160745-9474 02930 ! releaseForWrite (lockserver.cc:353): [1132273544978140074] Releasing unheld write lock: YmZA5EVqFgF8tbazD2dTPeR2WCyf3sEWHOatd6gA69vHAmUQvX8fON3HCIzlboVd
20230730-160745-9474 02930 ! releaseForWrite (lockserver.cc:353): [1132273544978140074] Releasing unheld write lock: n3cmB51J8AP87Fwa8xz5G9yOVISyb4MGKIlxv6fmsSgWggT0QsfBr3tYtO1b9hDm
20230730-160746-0004 02930 ! releaseForWrite (lockserver.cc:353): [-8265785854571091547] Releasing unheld write lock: n3cmB51J8AP87Fwa8xz5G9yOVISyb4MGKIlxv6fmsSgWggT0QsfBr3tYtO1b9hDm
20230730-160746-1140 02930 * RequestStateTransfer (replica.cc:212):   [2] Requesting state transfer: <0,232940>
20230730-160746-1142 02930 * RequestStateTransfer (replica.cc:212):   [2] Requesting state transfer: <0,232941>
20230730-160746-1142 02930 * RequestStateTransfer (replica.cc:212):   [2] Requesting state transfer: <0,232942>
20230730-160746-1144 02930 * RequestStateTransfer (replica.cc:212):   [2] Requesting state transfer: <0,232943>
20230730-160746-1146 02930 * RequestStateTransfer (replica.cc:212):   [2] Requesting state transfer: <0,232945>
20230730-160746-1149 02930 * RequestStateTransfer (replica.cc:212):   [2] Requesting state transfer: <0,232947>
20230730-160746-1150 02930 * RequestStateTransfer (replica.cc:212):   [2] Requesting state transfer: <0,232948>
20230730-160746-1153 02930 * RequestStateTransfer (replica.cc:212):   [2] Requesting state transfer: <0,232949>
20230730-160746-2608 02930 ! releaseForWrite (lockserver.cc:353): [-2128313312505041536] Releasing unheld write lock: n3cmB51J8AP87Fwa8xz5G9yOVISyb4MGKIlxv6fmsSgWggT0QsfBr3tYtO1b9hDm
20230730-160746-3172 02930 ! releaseForRead  (lockserver.cc:293): [5642395579163170069] Releasing unheld read lock: n3cmB51J8AP87Fwa8xz5G9yOVISyb4MGKIlxv6fmsSgWggT0QsfBr3tYtO1b9hDm
20230730-160746-3172 02930 ! releaseForRead  (lockserver.cc:293): [5642395579163170069] Releasing unheld read lock: lkSLsf6d2WLp49YF5tICjVFDk9sya4fDhA8ZdlG3ezFBYqdsaajXq6xeZmYqW81P
20230730-160746-3173 02930 ! releaseForRead  (lockserver.cc:293): [5642395579163170069] Releasing unheld read lock: ZjeixX4bKveIgaHdiGlQ8oH0DLv4gtEnBxbW803tVGJABVG9Bmgb85ty2ei6GwZ1
20230730-160746-3880 02930 ! releaseForRead  (lockserver.cc:293): [-3363580195887531543] Releasing unheld read lock: lmoZwtnSvwyVY4ShtV3fnE1muBsv1RZUfo1NumCbwGAh3wLlcBzgql8ev7k5XD6s
20230730-160746-4651 02930 * RequestStateTransfer (replica.cc:212):   [2] Requesting state transfer: <0,235707>
20230730-160746-4652 02930 * HandleRequestStateTransfer (replica.cc:727):   [2] Sending state transfer from <0,235707> to <0,235707>
20230730-160746-4653 02930 * RequestStateTransfer (replica.cc:212):   [2] Requesting state transfer: <0,235708>
20230730-160746-4654 02930 * HandleRequestStateTransfer (replica.cc:727):   [2] Sending state transfer from <0,235708> to <0,235709>
20230730-160746-4655 02930 * RequestStateTransfer (replica.cc:212):   [2] Requesting state transfer: <0,235709>
20230730-160746-4656 02930 * HandleRequestStateTransfer (replica.cc:727):   [2] Sending state transfer from <0,235709> to <0,235711>
20230730-160746-4656 02930 * RequestStateTransfer (replica.cc:212):   [2] Requesting state transfer: <0,235711>
20230730-160746-4658 02930 * HandleRequestStateTransfer (replica.cc:727):   [2] Sending state transfer from <0,235711> to <0,235714>
20230730-160746-4660 02930 * RequestStateTransfer (replica.cc:212):   [2] Requesting state transfer: <0,235716>
20230730-160746-4661 02930 * HandleRequestStateTransfer (replica.cc:727):   [2] Sending state transfer from <0,235716> to <0,235717>
20230730-160746-4683 02930 ! releaseForWrite (lockserver.cc:353): [-5447688693671001544] Releasing unheld write lock: IPKxSOu8GTSe6z3zFW6FL7S5FTu946XNK5FljRL6JWzBeDS9N8b58TokMVrIYSf0
20230730-160746-4683 02930 ! releaseForRead  (lockserver.cc:293): [-5447688693671001544] Releasing unheld read lock: n3cmB51J8AP87Fwa8xz5G9yOVISyb4MGKIlxv6fmsSgWggT0QsfBr3tYtO1b9hDm
20230730-160746-8464 02930 ! releaseForWrite (lockserver.cc:353): [1688237299413860067] Releasing unheld write lock: n3cmB51J8AP87Fwa8xz5G9yOVISyb4MGKIlxv6fmsSgWggT0QsfBr3tYtO1b9hDm
20230730-160746-8464 02930 ! releaseForRead  (lockserver.cc:293): [1688237299413860067] Releasing unheld read lock: ebd0QOusN2uiPOeQKUaWyoNgVSAdgia0Sc87kROJMLs3Dzj8KRm0DBOASS2RZXJv
20230730-160746-9354 02930 ! releaseForWrite (lockserver.cc:353): [-1333231209533781553] Releasing unheld write lock: n3cmB51J8AP87Fwa8xz5G9yOVISyb4MGKIlxv6fmsSgWggT0QsfBr3tYtO1b9hDm
20230730-160746-9355 02930 ! releaseForRead  (lockserver.cc:293): [-1333231209533781553] Releasing unheld read lock: Vvoa1ewyAfJccCcsTYVhwf2d0CvXhOpLqwDZdfZsjGgzOpUZvkTHUaqTNJOypPJQ
20230730-160747-0403 02930 ! releaseForWrite (lockserver.cc:353): [-4257239180524951560] Releasing unheld write lock: jYJLvfvV6sVLN0C2VpDApSIB7VR2eyFkFxw1lRGI9mAicQWzyrAHqISONLWvgsvh
20230730-160747-0444 02930 ! releaseForRead  (lockserver.cc:293): [-2774690076446081462] Releasing unheld read lock: n3cmB51J8AP87Fwa8xz5G9yOVISyb4MGKIlxv6fmsSgWggT0QsfBr3tYtO1b9hDm
20230730-160749-2518 02930 ! releaseForWrite (lockserver.cc:353): [-2128313312505041530] Releasing unheld write lock: wE9ti7xKL8qc2Hhrp9BGuG62OYoUY0cCPTSZ3Ts7RPoUW4vDwYyseAA1Hf2n1n1j
20230730-160749-2518 02930 ! releaseForWrite (lockserver.cc:353): [-2128313312505041530] Releasing unheld write lock: udDOsmhikcpzP7OsE3iw7Vc5f9JOthCrigzuDt7BAIFXNyz1pIpCPXwVUe83kFzY
20230730-160749-2518 02930 ! releaseForRead  (lockserver.cc:293): [-2128313312505041530] Releasing unheld read lock: 3TDSChtPWJkbCQDjcwHDfb1O1VkEZzf9pWApOHIKkENTllbBsrlqkjDl91p5jhew
20230730-160749-2541 02930 ! releaseForWrite (lockserver.cc:353): [-5447688693671001540] Releasing unheld write lock: udDOsmhikcpzP7OsE3iw7Vc5f9JOthCrigzuDt7BAIFXNyz1pIpCPXwVUe83kFzY
20230730-160749-4964 02930 * RequestStateTransfer (replica.cc:212):   [2] Requesting state transfer: <0,259254>
20230730-160749-4985 02930 ! OnReadable      (udptransport.cc:565): Failed to reconstruct packet 37
20230730-160749-7994 02930 * HandleRequestStateTransfer (replica.cc:727):   [2] Sending state transfer from <0,261816> to <0,261817>
20230730-160749-7996 02930 * HandleRequestStateTransfer (replica.cc:727):   [2] Sending state transfer from <0,261818> to <0,261820>
20230730-160749-7997 02930 * RequestStateTransfer (replica.cc:212):   [2] Requesting state transfer: <0,261821>
20230730-160749-7999 02930 * RequestStateTransfer (replica.cc:212):   [2] Requesting state transfer: <0,261822>
20230730-160749-8000 02930 * HandleRequestStateTransfer (replica.cc:727):   [2] Sending state transfer from <0,261820> to <0,261823>
20230730-160749-8001 02930 * HandleRequestStateTransfer (replica.cc:727):   [2] Sending state transfer from <0,261821> to <0,261823>
20230730-160749-8001 02930 * RequestStateTransfer (replica.cc:212):   [2] Requesting state transfer: <0,261824>
20230730-160749-8002 02930 * RequestStateTransfer (replica.cc:212):   [2] Requesting state transfer: <0,261827>
20230730-160749-8003 02930 * HandleRequestStateTransfer (replica.cc:727):   [2] Sending state transfer from <0,261822> to <0,261827>
20230730-160749-8005 02930 * RequestStateTransfer (replica.cc:212):   [2] Requesting state transfer: <0,261828>
20230730-160749-8005 02930 * HandleRequestStateTransfer (replica.cc:727):   [2] Sending state transfer from <0,261824> to <0,261828>
20230730-160749-8007 02930 * RequestStateTransfer (replica.cc:212):   [2] Requesting state transfer: <0,261829>
20230730-160749-8008 02930 * RequestStateTransfer (replica.cc:212):   [2] Requesting state transfer: <0,261831>
20230730-160749-8010 02930 * HandleRequestStateTransfer (replica.cc:727):   [2] Sending state transfer from <0,261827> to <0,261832>
20230730-160750-1386 02930 * RequestStateTransfer (replica.cc:212):   [2] Requesting state transfer: <0,262185>
20230730-160750-1400 02930 * RequestStateTransfer (replica.cc:212):   [2] Requesting state transfer: <0,262205>
20230730-160750-1401 02930 * RequestStateTransfer (replica.cc:212):   [2] Requesting state transfer: <0,262206>
20230730-160750-1407 02930 * HandleRequestStateTransfer (replica.cc:727):   [2] Sending state transfer from <0,262144> to <0,262206>
20230730-160750-1610 02930 * SendMessageInternal (udptransport.cc:442): Sending large replication.vr.proto.StateTransferMessage message in 2 fragments
20230730-160750-1830 02930 * HandleRequestStateTransfer (replica.cc:727):   [2] Sending state transfer from <0,262206> to <0,262305>
20230730-160750-1832 02930 * SendMessageInternal (udptransport.cc:442): Sending large replication.vr.proto.StateTransferMessage message in 6 fragments
20230730-160750-1882 02930 * HandleRequestStateTransfer (replica.cc:727):   [2] Sending state transfer from <0,262315> to <0,262337>
20230730-160750-1883 02930 * SendMessageInternal (udptransport.cc:442): Sending large replication.vr.proto.StateTransferMessage message in 2 fragments
20230730-160750-1884 02930 * HandleRequestStateTransfer (replica.cc:727):   [2] Sending state transfer from <0,262320> to <0,262339>
20230730-160750-1884 02930 * SendMessageInternal (udptransport.cc:442): Sending large replication.vr.proto.StateTransferMessage message in 2 fragments
20230730-160750-1885 02930 * HandleRequestStateTransfer (replica.cc:727):   [2] Sending state transfer from <0,262321> to <0,262339>
20230730-160750-1885 02930 * SendMessageInternal (udptransport.cc:442): Sending large replication.vr.proto.StateTransferMessage message in 2 fragments
20230730-160750-1886 02930 * HandleRequestStateTransfer (replica.cc:727):   [2] Sending state transfer from <0,262326> to <0,262341>
20230730-160750-1891 02930 * HandleRequestStateTransfer (replica.cc:727):   [2] Sending state transfer from <0,262337> to <0,262343>
20230730-160750-1892 02930 * SendMessageInternal (udptransport.cc:442): Sending large replication.vr.proto.StateTransferMessage message in 2 fragments
20230730-160750-1893 02930 * HandleRequestStateTransfer (replica.cc:727):   [2] Sending state transfer from <0,262339> to <0,262343>
20230730-160750-1893 02930 * SendMessageInternal (udptransport.cc:442): Sending large replication.vr.proto.StateTransferMessage message in 2 fragments
20230730-160751-5085 02930 * RequestStateTransfer (replica.cc:212):   [2] Requesting state transfer: <0,272711>
20230730-160751-5091 02930 * RequestStateTransfer (replica.cc:212):   [2] Requesting state transfer: <0,272712>
20230730-160751-5096 02930 * RequestStateTransfer (replica.cc:212):   [2] Requesting state transfer: <0,272713>
20230730-160751-5097 02930 * RequestStateTransfer (replica.cc:212):   [2] Requesting state transfer: <0,272714>
20230730-160751-5109 02930 ! OnReadable      (udptransport.cc:573): Fragments out of order for packet e1; expected start 0, got 9000
20230730-160751-5117 02930 ! OnReadable      (udptransport.cc:565): Failed to reconstruct packet e1
20230730-160752-8601 02930 * HandleRequestStateTransfer (replica.cc:727):   [2] Sending state transfer from <0,282257> to <0,282258>
20230730-160752-8604 02930 * HandleRequestStateTransfer (replica.cc:727):   [2] Sending state transfer from <0,282258> to <0,282258>
20230730-160752-8606 02930 * HandleRequestStateTransfer (replica.cc:727):   [2] Sending state transfer from <0,282259> to <0,282259>
20230730-160752-8609 02930 * HandleRequestStateTransfer (replica.cc:727):   [2] Sending state transfer from <0,282260> to <0,282262>
20230730-160752-8611 02930 * HandleRequestStateTransfer (replica.cc:727):   [2] Sending state transfer from <0,282262> to <0,282264>
20230730-160752-8616 02930 * HandleRequestStateTransfer (replica.cc:727):   [2] Sending state transfer from <0,282264> to <0,282267>
20230730-160752-8617 02930 * HandleRequestStateTransfer (replica.cc:727):   [2] Sending state transfer from <0,282265> to <0,282267>
20230730-160753-0322 02930 * RequestStateTransfer (replica.cc:212):   [2] Requesting state transfer: <0,283521>
20230730-160753-0323 02930 * RequestStateTransfer (replica.cc:212):   [2] Requesting state transfer: <0,283522>
20230730-160753-0324 02930 * RequestStateTransfer (replica.cc:212):   [2] Requesting state transfer: <0,283523>
20230730-160753-0325 02930 * RequestStateTransfer (replica.cc:212):   [2] Requesting state transfer: <0,283524>
20230730-160753-0326 02930 * RequestStateTransfer (replica.cc:212):   [2] Requesting state transfer: <0,283525>
20230730-160753-0327 02930 * RequestStateTransfer (replica.cc:212):   [2] Requesting state transfer: <0,283527>
20230730-160753-0336 02930 * RequestStateTransfer (replica.cc:212):   [2] Requesting state transfer: <0,283544>
20230730-160753-0337 02930 ! OnReadable      (udptransport.cc:573): Fragments out of order for packet 3a; expected start 0, got 9000
20230730-160753-0338 02930 * RequestStateTransfer (replica.cc:212):   [2] Requesting state transfer: <0,283547>
20230730-160753-0338 02930 ! OnReadable      (udptransport.cc:565): Failed to reconstruct packet 3a
20230730-160753-0340 02930 * RequestStateTransfer (replica.cc:212):   [2] Requesting state transfer: <0,283548>
20230730-160753-0342 02930 * RequestStateTransfer (replica.cc:212):   [2] Requesting state transfer: <0,283549>
20230730-160753-0344 02930 * RequestStateTransfer (replica.cc:212):   [2] Requesting state transfer: <0,283551>
20230730-160753-0345 02930 * RequestStateTransfer (replica.cc:212):   [2] Requesting state transfer: <0,283553>
20230730-160753-0348 02930 * RequestStateTransfer (replica.cc:212):   [2] Requesting state transfer: <0,283554>
20230730-160753-7157 02930 * RequestStateTransfer (replica.cc:212):   [2] Requesting state transfer: <0,289122>
20230730-160753-7158 02930 * RequestStateTransfer (replica.cc:212):   [2] Requesting state transfer: <0,289123>
20230730-160753-7159 02930 * RequestStateTransfer (replica.cc:212):   [2] Requesting state transfer: <0,289125>
20230730-160753-7162 02930 * RequestStateTransfer (replica.cc:212):   [2] Requesting state transfer: <0,289127>
20230730-160753-7165 02930 * RequestStateTransfer (replica.cc:212):   [2] Requesting state transfer: <0,289129>
20230730-160753-7166 02930 * RequestStateTransfer (replica.cc:212):   [2] Requesting state transfer: <0,289130>
20230730-160753-7167 02930 * RequestStateTransfer (replica.cc:212):   [2] Requesting state transfer: <0,289132>
20230730-160753-7169 02930 * RequestStateTransfer (replica.cc:212):   [2] Requesting state transfer: <0,289134>
20230730-160753-7188 02930 ! OnReadable      (udptransport.cc:573): Fragments out of order for packet f9; expected start 0, got 9000
20230730-160753-7191 02930 ! OnReadable      (udptransport.cc:565): Failed to reconstruct packet f9
20230730-160753-7370 02930 * HandleRequestStateTransfer (replica.cc:727):   [2] Sending state transfer from <0,289355> to <0,289357>
20230730-160753-7373 02930 * HandleRequestStateTransfer (replica.cc:727):   [2] Sending state transfer from <0,289357> to <0,289360>
20230730-160753-7374 02930 * HandleRequestStateTransfer (replica.cc:727):   [2] Sending state transfer from <0,289359> to <0,289361>
20230730-160753-7376 02930 * HandleRequestStateTransfer (replica.cc:727):   [2] Sending state transfer from <0,289360> to <0,289362>
20230730-160753-7378 02930 * HandleRequestStateTransfer (replica.cc:727):   [2] Sending state transfer from <0,289361> to <0,289365>
20230730-160753-7381 02930 * HandleRequestStateTransfer (replica.cc:727):   [2] Sending state transfer from <0,289364> to <0,289369>
20230730-160753-7383 02930 * HandleRequestStateTransfer (replica.cc:727):   [2] Sending state transfer from <0,289365> to <0,289372>
20230730-160753-7383 02930 * HandleRequestStateTransfer (replica.cc:727):   [2] Sending state transfer from <0,289368> to <0,289372>
20230730-160753-7385 02930 * HandleRequestStateTransfer (replica.cc:727):   [2] Sending state transfer from <0,289372> to <0,289374>
20230730-160753-7788 02930 * RequestStateTransfer (replica.cc:212):   [2] Requesting state transfer: <0,289802>
20230730-160753-7790 02930 * RequestStateTransfer (replica.cc:212):   [2] Requesting state transfer: <0,289803>
20230730-160753-7792 02930 * RequestStateTransfer (replica.cc:212):   [2] Requesting state transfer: <0,289804>
20230730-160753-7794 02930 * RequestStateTransfer (replica.cc:212):   [2] Requesting state transfer: <0,289805>
20230730-160753-7798 02930 * RequestStateTransfer (replica.cc:212):   [2] Requesting state transfer: <0,289807>
20230730-160753-7798 02930 * RequestStateTransfer (replica.cc:212):   [2] Requesting state transfer: <0,289808>
20230730-160753-7799 02930 * RequestStateTransfer (replica.cc:212):   [2] Requesting state transfer: <0,289809>
20230730-160753-7800 02930 * RequestStateTransfer (replica.cc:212):   [2] Requesting state transfer: <0,289810>
20230730-160753-7803 02930 * RequestStateTransfer (replica.cc:212):   [2] Requesting state transfer: <0,289812>
20230730-160753-8474 02930 * HandleRequestStateTransfer (replica.cc:727):   [2] Sending state transfer from <0,290335> to <0,290364>
20230730-160753-8476 02930 * SendMessageInternal (udptransport.cc:442): Sending large replication.vr.proto.StateTransferMessage message in 2 fragments
20230730-160753-8477 02930 * HandleRequestStateTransfer (replica.cc:727):   [2] Sending state transfer from <0,290342> to <0,290364>
20230730-160753-8477 02930 * SendMessageInternal (udptransport.cc:442): Sending large replication.vr.proto.StateTransferMessage message in 2 fragments
20230730-160753-8479 02930 * HandleRequestStateTransfer (replica.cc:727):   [2] Sending state transfer from <0,290343> to <0,290365>
20230730-160753-8479 02930 * SendMessageInternal (udptransport.cc:442): Sending large replication.vr.proto.StateTransferMessage message in 2 fragments
20230730-160753-8485 02930 * HandleRequestStateTransfer (replica.cc:727):   [2] Sending state transfer from <0,290364> to <0,290367>
20230730-160753-8488 02930 * HandleRequestStateTransfer (replica.cc:727):   [2] Sending state transfer from <0,290365> to <0,290373>
20230730-160753-8488 02930 * HandleRequestStateTransfer (replica.cc:727):   [2] Sending state transfer from <0,290366> to <0,290373>
20230730-160753-8489 02930 * HandleRequestStateTransfer (replica.cc:727):   [2] Sending state transfer from <0,290367> to <0,290373>
20230730-160754-2191 02930 * RequestStateTransfer (replica.cc:212):   [2] Requesting state transfer: <0,292439>
20230730-160754-2198 02930 * RequestStateTransfer (replica.cc:212):   [2] Requesting state transfer: <0,292457>
20230730-160754-2200 02930 * RequestStateTransfer (replica.cc:212):   [2] Requesting state transfer: <0,292460>
20230730-160754-2200 02930 * RequestStateTransfer (replica.cc:212):   [2] Requesting state transfer: <0,292461>
20230730-160754-2202 02930 * RequestStateTransfer (replica.cc:212):   [2] Requesting state transfer: <0,292464>
20230730-160754-2535 02930 * HandleRequestStateTransfer (replica.cc:727):   [2] Sending state transfer from <0,292662> to <0,292701>
20230730-160754-2537 02930 * SendMessageInternal (udptransport.cc:442): Sending large replication.vr.proto.StateTransferMessage message in 2 fragments
20230730-160754-2548 02930 * HandleRequestStateTransfer (replica.cc:727):   [2] Sending state transfer from <0,292701> to <0,292703>
20230730-160754-2548 02930 * HandleRequestStateTransfer (replica.cc:727):   [2] Sending state transfer from <0,292702> to <0,292703>
20230730-160754-2549 02930 * HandleRequestStateTransfer (replica.cc:727):   [2] Sending state transfer from <0,292703> to <0,292703>
20230730-160754-3400 02930 * RequestStateTransfer (replica.cc:212):   [2] Requesting state transfer: <0,293225>
20230730-160754-3406 02930 * RequestStateTransfer (replica.cc:212):   [2] Requesting state transfer: <0,293238>
20230730-160754-3409 02930 * RequestStateTransfer (replica.cc:212):   [2] Requesting state transfer: <0,293239>
20230730-160754-3410 02930 * RequestStateTransfer (replica.cc:212):   [2] Requesting state transfer: <0,293240>
20230730-160754-4762 02930 * RequestStateTransfer (replica.cc:212):   [2] Requesting state transfer: <0,294195>
20230730-160754-4779 02930 * RequestStateTransfer (replica.cc:212):   [2] Requesting state transfer: <0,294231>
20230730-160754-5679 02930 * HandleRequestStateTransfer (replica.cc:727):   [2] Sending state transfer from <0,294867> to <0,294897>
20230730-160754-5681 02930 * SendMessageInternal (udptransport.cc:442): Sending large replication.vr.proto.StateTransferMessage message in 2 fragments
20230730-160755-0219 02930 * RequestStateTransfer (replica.cc:212):   [2] Requesting state transfer: <0,297769>
20230730-160755-0221 02930 * HandleRequestStateTransfer (replica.cc:727):   [2] Sending state transfer from <0,297769> to <0,297769>
20230730-160755-0223 02930 * RequestStateTransfer (replica.cc:212):   [2] Requesting state transfer: <0,297771>
20230730-160755-0224 02930 * HandleRequestStateTransfer (replica.cc:727):   [2] Sending state transfer from <0,297771> to <0,297771>
20230730-160755-0707 02930 * HandleRequestStateTransfer (replica.cc:727):   [2] Sending state transfer from <0,298073> to <0,298075>
20230730-160755-0709 02930 * HandleRequestStateTransfer (replica.cc:727):   [2] Sending state transfer from <0,298074> to <0,298077>
20230730-160755-0711 02930 * HandleRequestStateTransfer (replica.cc:727):   [2] Sending state transfer from <0,298075> to <0,298077>
20230730-160755-0757 02930 * RequestStateTransfer (replica.cc:212):   [2] Requesting state transfer: <0,298127>
20230730-160755-0758 02930 * RequestStateTransfer (replica.cc:212):   [2] Requesting state transfer: <0,298128>
20230730-160755-0760 02930 * RequestStateTransfer (replica.cc:212):   [2] Requesting state transfer: <0,298129>
